2026-04-16 14:40:17,174 : INFO : root : Loading config.
2026-04-16 14:40:17,221 : INFO : ConfigProcessor : Config spec file cache created: /var/folders/nw/6blj94p12ldcym3fj104vzlm0000gn/T/config_spec.mpf_cache
2026-04-16 14:40:17,221 : INFO : YamlMultifileConfigLoader : Machine config file #1: config.yaml
2026-04-16 14:40:17,221 : INFO : ConfigProcessor : Loading config from cache: /var/folders/nw/6blj94p12ldcym3fj104vzlm0000gn/T/b334f8a4e2121184f8a617378a4d1625.mpf_cache
2026-04-16 14:40:17,232 : INFO : ConfigProcessor : Loading config from cache: /var/folders/nw/6blj94p12ldcym3fj104vzlm0000gn/T/63da12c4cec82227b4c3859bbf3c7cd4.mpf_cache
2026-04-16 14:40:17,233 : INFO : ConfigProcessor : Loading config from cache: /var/folders/nw/6blj94p12ldcym3fj104vzlm0000gn/T/b8625db2ee8ad38c42d4f1c72235edc8.mpf_cache
2026-04-16 14:40:17,233 : INFO : ConfigProcessor : Loading config from cache: /var/folders/nw/6blj94p12ldcym3fj104vzlm0000gn/T/63da12c4cec82227b4c3859bbf3c7cd4.mpf_cache
2026-04-16 14:40:17,233 : INFO : ConfigProcessor : Loading config from cache: /var/folders/nw/6blj94p12ldcym3fj104vzlm0000gn/T/104947b35f87d581877cdaf02599b463.mpf_cache
2026-04-16 14:40:17,233 : INFO : ConfigProcessor : Loading config from cache: /var/folders/nw/6blj94p12ldcym3fj104vzlm0000gn/T/bc830d47d6fbb336561cc63e74edf2c9.mpf_cache
2026-04-16 14:40:17,233 : INFO : ConfigProcessor : Loading config from cache: /var/folders/nw/6blj94p12ldcym3fj104vzlm0000gn/T/4273c698423283a7843ff5c77ef69dc9.mpf_cache
2026-04-16 14:40:17,233 : INFO : ConfigProcessor : Loading config from cache: /var/folders/nw/6blj94p12ldcym3fj104vzlm0000gn/T/7424f2cce7b15e0b37e570d3514590c8.mpf_cache
2026-04-16 14:40:17,233 : INFO : Machine : Mission Pinball Framework Core Engine v0.80.0.dev13
2026-04-16 14:40:17,233 : INFO : Machine : Command line arguments: {'no_load_cache': False, 'create_config_cache': True, 'bcp': True, 'configfile': ['config.yaml'], 'force_assets_load': False, 'platform_integration_test': False, 'jsonlogging': False, 'logfile': 'logs/2026-04-16-14-40-17-mpf-Wills-MacBook-Pro-M5.local.log', 'pause': False, 'production': False, 'text_ui': False, 'loglevel': 15, 'consoleloglevel': 20, 'force_platform': 'virtual', 'syslog_address': None, 'full_logfile_path': '/Users/willrante/Documents/GitHub/pinball/logs/2026-04-16-14-40-17-mpf-Wills-MacBook-Pro-M5.local.log'}
2026-04-16 14:40:17,233 : INFO : Machine : MPF path: /Users/willrante/mpf-env/lib/python3.14/site-packages/mpf
2026-04-16 14:40:17,233 : INFO : Machine : Machine path: /Users/willrante/Documents/GitHub/pinball
2026-04-16 14:40:17,233 : INFO : Machine : Platform: darwin
2026-04-16 14:40:17,233 : INFO : Machine : Python executable location: /Users/willrante/mpf-env/bin/python3.14
2026-04-16 14:40:17,233 : INFO : Machine : Python version: 3.14.3 (64-bit)
2026-04-16 14:40:17,233 : INFO : Machine : Initializing MPF...
2026-04-16 14:40:17,247 : INFO : EventManager : Event: ======'machine_var_credits_string'====== Args={'value': 'FREE PLAY', 'prev_value': None, 'change': True}
2026-04-16 14:40:17,249 : INFO : EventManager : Event: ======'machine_var_master_volume'====== Args={'value': 0.5, 'prev_value': None, 'change': True}
2026-04-16 14:40:17,249 : INFO : EventManager : Event: ======'machine_var_mpf_version'====== Args={'value': 'Mission Pinball Framework v0.80.0.dev13', 'prev_value': None, 'change': True}
2026-04-16 14:40:17,249 : INFO : EventManager : Event: ======'machine_var_mpf_extended_version'====== Args={'value': 'Mission Pinball Framework v0.80.0.dev13, Config version:6, Show version: 6, BCP version:1.1', 'prev_value': None, 'change': True}
2026-04-16 14:40:17,249 : INFO : EventManager : Event: ======'machine_var_python_version'====== Args={'value': '3.14.3', 'prev_value': None, 'change': True}
2026-04-16 14:40:17,255 : INFO : EventManager : Event: ======'machine_var_platform'====== Args={'value': 'macOS-26.4.1-arm64-arm-64bit-Mach-O', 'prev_value': None, 'change': True}
2026-04-16 14:40:17,255 : INFO : EventManager : Event: ======'machine_var_platform_system'====== Args={'value': 'Darwin', 'prev_value': None, 'change': True}
2026-04-16 14:40:17,255 : INFO : EventManager : Event: ======'machine_var_platform_release'====== Args={'value': '25.4.0', 'prev_value': None, 'change': True}
2026-04-16 14:40:17,255 : INFO : EventManager : Event: ======'machine_var_platform_version'====== Args={'value': 'Darwin Kernel Version 25.4.0: Thu Mar 19 19:33:50 PDT 2026; root:xnu-12377.101.15~1/RELEASE_ARM64_T6050', 'prev_value': None, 'change': True}
2026-04-16 14:40:17,255 : INFO : EventManager : Event: ======'machine_var_platform_machine'====== Args={'value': 'arm64', 'prev_value': None, 'change': True}
2026-04-16 14:40:17,255 : INFO : EventManager : Event: ======'machine_var_log_file_path'====== Args={'value': '/Users/willrante/Documents/GitHub/pinball/logs/2026-04-16-14-40-17-mpf-Wills-MacBook-Pro-M5.local.log', 'prev_value': None, 'change': True}
2026-04-16 14:40:17,255 : INFO : EventManager : Event: ======'init_phase_1'====== Args={}
2026-04-16 14:40:17,260 : INFO : EventManager : Event: ======'init_phase_2'====== Args={}
2026-04-16 14:40:17,260 : INFO : SwitchController : Found active switch: (1007, <Platform.Virtual>) <switch.s_trough_1>
2026-04-16 14:40:17,260 : INFO : SwitchController : Found active switch: (1008, <Platform.Virtual>) <switch.s_trough_2>
2026-04-16 14:40:17,260 : INFO : SwitchController : Found active switch: (1009, <Platform.Virtual>) <switch.s_trough_3>
2026-04-16 14:40:17,260 : INFO : EventManager : Event: ======'bcp_connection_attempt'====== Args={'name': 'local_display', 'host': 'localhost', 'port': 5050}
2026-04-16 14:40:17,261 : INFO : BCPClientSocket : Connecting BCP to 'local_display' at localhost:5050...
2026-04-16 14:40:17,263 : INFO : BCPClientSocket : Connected BCP to 'local_display' localhost:5050
2026-04-16 14:40:17,263 : INFO : EventManager : Event: ======'bcp_clients_connected'====== Args={}
2026-04-16 14:40:17,263 : INFO : ball_device.bd_plunger : BCH: Initial count: 0
2026-04-16 14:40:17,264 : INFO : ball_device.bd_plunger : State: idle
2026-04-16 14:40:17,264 : INFO : ball_device.bd_trough : BCH: Initial count: 3
2026-04-16 14:40:17,264 : INFO : ball_device.bd_trough : State: idle
2026-04-16 14:40:17,266 : INFO : EventManager : Event: ======'init_phase_3'====== Args={}
2026-04-16 14:40:17,266 : INFO : EventManager : Event: ======'init_phase_4'====== Args={}
2026-04-16 14:40:17,266 : INFO : BallController : Initial balls found: 3
2026-04-16 14:40:17,267 : INFO : EventManager : Event: ======'machine_var_audits_events_game_ended'====== Args={'value': 0, 'prev_value': None, 'change': True}
2026-04-16 14:40:17,267 : INFO : EventManager : Event: ======'machine_var_audits_events_game_started'====== Args={'value': 21, 'prev_value': None, 'change': True}
2026-04-16 14:40:17,267 : INFO : EventManager : Event: ======'machine_var_audits_missing_switches_s_bumper_left'====== Args={'value': 10, 'prev_value': None, 'change': True}
2026-04-16 14:40:17,267 : INFO : EventManager : Event: ======'machine_var_audits_missing_switches_s_bumper_right'====== Args={'value': 10, 'prev_value': None, 'change': True}
2026-04-16 14:40:17,267 : INFO : EventManager : Event: ======'machine_var_audits_missing_switches_s_plunger_lane'====== Args={'value': 21, 'prev_value': None, 'change': True}
2026-04-16 14:40:17,267 : INFO : EventManager : Event: ======'machine_var_audits_missing_switches_s_start'====== Args={'value': 17, 'prev_value': None, 'change': True}
2026-04-16 14:40:17,267 : INFO : EventManager : Event: ======'machine_var_audits_missing_switches_s_trough_1'====== Args={'value': 21, 'prev_value': None, 'change': True}
2026-04-16 14:40:17,267 : INFO : EventManager : Event: ======'machine_var_audits_missing_switches_s_trough_2'====== Args={'value': 21, 'prev_value': None, 'change': True}
2026-04-16 14:40:17,267 : INFO : EventManager : Event: ======'machine_var_audits_missing_switches_s_trough_3'====== Args={'value': 21, 'prev_value': None, 'change': True}
2026-04-16 14:40:17,267 : INFO : EventManager : Event: ======'machine_var_audits_player_score'====== Args={'value': {'average': 0, 'top': [], 'total': 0}, 'prev_value': None, 'change': True}
2026-04-16 14:40:17,267 : INFO : EventManager : Event: ======'machine_var_audits_shots_bumper_left'====== Args={'value': 145, 'prev_value': None, 'change': True}
2026-04-16 14:40:17,267 : INFO : EventManager : Event: ======'machine_var_audits_shots_bumper_right'====== Args={'value': 144, 'prev_value': None, 'change': True}
2026-04-16 14:40:17,267 : INFO : EventManager : Event: ======'machine_var_audits_shots_hurryup'====== Args={'value': 3, 'prev_value': None, 'change': True}
2026-04-16 14:40:17,267 : INFO : EventManager : Event: ======'machine_var_audits_shots_left_lane'====== Args={'value': 29, 'prev_value': None, 'change': True}
2026-04-16 14:40:17,267 : INFO : EventManager : Event: ======'machine_var_audits_switches_s_action_button'====== Args={'value': 153, 'prev_value': None, 'change': True}
2026-04-16 14:40:17,267 : INFO : EventManager : Event: ======'machine_var_audits_switches_s_bumper_left'====== Args={'value': 145, 'prev_value': None, 'change': True}
2026-04-16 14:40:17,267 : INFO : EventManager : Event: ======'machine_var_audits_switches_s_bumper_right'====== Args={'value': 144, 'prev_value': None, 'change': True}
2026-04-16 14:40:17,267 : INFO : EventManager : Event: ======'machine_var_audits_switches_s_flipper_left'====== Args={'value': 197, 'prev_value': None, 'change': True}
2026-04-16 14:40:17,267 : INFO : EventManager : Event: ======'machine_var_audits_switches_s_flipper_right'====== Args={'value': 187, 'prev_value': None, 'change': True}
2026-04-16 14:40:17,267 : INFO : EventManager : Event: ======'machine_var_audits_switches_s_left_lane'====== Args={'value': 29, 'prev_value': None, 'change': True}
2026-04-16 14:40:17,267 : INFO : EventManager : Event: ======'machine_var_audits_switches_s_plunger_lane'====== Args={'value': 0, 'prev_value': None, 'change': True}
2026-04-16 14:40:17,267 : INFO : EventManager : Event: ======'machine_var_audits_switches_s_start'====== Args={'value': 3, 'prev_value': None, 'change': True}
2026-04-16 14:40:17,267 : INFO : EventManager : Event: ======'machine_var_audits_switches_s_trough_1'====== Args={'value': 0, 'prev_value': None, 'change': True}
2026-04-16 14:40:17,267 : INFO : EventManager : Event: ======'machine_var_audits_switches_s_trough_2'====== Args={'value': 0, 'prev_value': None, 'change': True}
2026-04-16 14:40:17,267 : INFO : EventManager : Event: ======'machine_var_audits_switches_s_trough_3'====== Args={'value': 0, 'prev_value': None, 'change': True}
2026-04-16 14:40:17,267 : INFO : EventManager : Event: ======'init_phase_5'====== Args={}
2026-04-16 14:40:17,268 : INFO : EventManager : Event: ======'init_done'====== Args={}
2026-04-16 14:40:17,268 : INFO : EventManager : Event: ======'machine_reset_phase_1'====== Args={}
2026-04-16 14:40:17,275 : INFO : EventManager : Event: ======'machine_reset_phase_2'====== Args={}
2026-04-16 14:40:17,275 : INFO : EventManager : Event: ======'machine_reset_phase_3'====== Args={}
2026-04-16 14:40:17,275 : INFO : EventManager : Event: ======'reset_complete'====== Args={}
2026-04-16 14:40:17,275 : INFO : EventManager : Event: ======'mode_attract_will_start'====== Args={}
2026-04-16 14:40:17,275 : INFO : Timer.attract_carousel_timer : Starting Timer.
2026-04-16 14:40:17,275 : INFO : EventManager : Event: ======'timer_attract_carousel_timer_started'====== Args={'ticks': 0, 'ticks_remaining': 1}
2026-04-16 14:40:17,275 : INFO : EventManager : Event: ======'timer_attract_carousel_timer_tick'====== Args={'ticks': 0, 'ticks_remaining': 1}
2026-04-16 14:40:17,276 : INFO : EventManager : Event: ======'mode_attract_starting'====== Args={}
2026-04-16 14:40:17,276 : INFO : Mode.attract : Started. Priority: 10
2026-04-16 14:40:17,276 : INFO : EventManager : Event: ======'modes_active_modes_changed'====== Args={}
2026-04-16 14:40:17,276 : INFO : EventManager : Event: ======'mode_attract_started'====== Args={}
2026-04-16 14:40:17,276 : INFO : EventManager : Event: ======'collecting_balls_complete'====== Args={}
2026-04-16 14:40:17,276 : INFO : EventManager : Event: ======'carousel_item_highlighted'====== Args={'carousel': 'attract', 'direction': None, 'item': 'title'}
2026-04-16 14:40:17,276 : INFO : EventManager : Event: ======'timer_attract_carousel_timer_tick'====== Args={'ticks': 0, 'ticks_remaining': 1}
2026-04-16 14:40:17,276 : INFO : Machine : Starting the main run loop with active modes: [<Mode.attract>]
2026-04-16 14:40:17,302 : INFO : EventManager : Event: ======'slide_attract_created'====== Args={'_from_bcp': True}
2026-04-16 14:40:17,302 : INFO : EventManager : Event: ======'slide__removed'====== Args={'_from_bcp': True}
2026-04-16 14:40:17,302 : INFO : EventManager : Event: ======'slide_attract_active'====== Args={'original_context': 'attract', 'original_calling_context': 'mode_attract_started', 'priority': 10.0, 'cmd': 'slides_play', '_from_bcp': True}
2026-04-16 14:40:19,408 : INFO : SwitchController : <<<<<<< 's_start' active >>>>>>>
2026-04-16 14:40:19,525 : INFO : SwitchController : <<<<<<< 's_start' inactive >>>>>>>
2026-04-16 14:40:19,525 : INFO : EventManager : Event: ======'request_to_start_game'====== Args={}
2026-04-16 14:40:19,526 : INFO : EventManager : Event: ======'game_start'====== Args={'buttons': [], 'hold_time': 0.1160323750000316}
2026-04-16 14:40:19,526 : INFO : EventManager : Event: ======'mode_game_will_start'====== Args={'buttons': [], 'hold_time': 0.1160323750000316}
2026-04-16 14:40:19,526 : INFO : EventManager : Event: ======'mode_game_starting'====== Args={'buttons': [], 'hold_time': 0.1160323750000316}
2026-04-16 14:40:19,527 : INFO : EventManager : Event: ======'mode_attract_will_stop'====== Args={}
2026-04-16 14:40:19,527 : INFO : EventManager : Event: ======'mode_attract_stopping'====== Args={}
2026-04-16 14:40:19,527 : INFO : Mode.attract : Stopped.
2026-04-16 14:40:19,527 : INFO : EventManager : Event: ======'modes_active_modes_changed'====== Args={}
2026-04-16 14:40:19,527 : INFO : EventManager : Event: ======'mode_attract_stopped'====== Args={}
2026-04-16 14:40:19,527 : INFO : EventManager : Event: ======'clear'====== Args={'key': 'attract'}
2026-04-16 14:40:19,527 : INFO : Timer.attract_carousel_timer : Stopping Timer
2026-04-16 14:40:19,528 : INFO : EventManager : Event: ======'timer_attract_carousel_timer_stopped'====== Args={'ticks': 0, 'ticks_remaining': 1}
2026-04-16 14:40:19,528 : INFO : Mode.game : Started. Priority: 20
2026-04-16 14:40:19,528 : INFO : EventManager : Event: ======'modes_active_modes_changed'====== Args={}
2026-04-16 14:40:19,528 : INFO : EventManager : Event: ======'mode_game_started'====== Args={'buttons': [], 'hold_time': 0.1160323750000316}
2026-04-16 14:40:19,528 : INFO : EventManager : Event: ======'game_will_start'====== Args={}
2026-04-16 14:40:19,529 : INFO : EventManager : Event: ======'game_starting'====== Args={'game': <Mode.game>}
2026-04-16 14:40:19,529 : INFO : EventManager : Unordered handler for class <Auditor> on event game_ended with priority 1. Handlers: [RegisteredHandler(callback=<bound method Auditor.disable of <Auditor>>, priority=1, kwargs={}, key=UUID('0476f99f-45c5-4dae-895b-3104aec34a08'), condition=None, blocking_facility=None), RegisteredHandler(callback=<bound method Auditor._save_audits of <Auditor>>, priority=1, kwargs={}, key=UUID('59c06122-c1f9-4e05-8b3b-ad175c22f8f2'), condition=None, blocking_facility=None)]. The order of those handlers is not defined and they will be executed in random order. This might lead to race conditions and potential bugs.
2026-04-16 14:40:19,530 : INFO : EventManager : Event: ======'player_add_request'====== Args={}
2026-04-16 14:40:19,530 : INFO : EventManager : Event: ======'player_will_add'====== Args={'number': 1}
2026-04-16 14:40:19,530 : INFO : EventManager : Event: ======'player_adding'====== Args={'player': <Player 1>, 'number': 1}
2026-04-16 14:40:19,530 : INFO : EventManager : Event: ======'player_added'====== Args={'player': <Player 1>, 'num': 1}
2026-04-16 14:40:19,530 : INFO : Mode.game : Player added successfully. Total players: 1
2026-04-16 14:40:19,530 : INFO : EventManager : Event: ======'player_index'====== Args={'value': 0, 'prev_value': 0, 'change': 0, 'player_num': 1}
2026-04-16 14:40:19,530 : INFO : EventManager : Event: ======'player_number'====== Args={'value': 1, 'prev_value': 1, 'change': 0, 'player_num': 1}
2026-04-16 14:40:19,531 : INFO : EventManager : Event: ======'player_score'====== Args={'value': 0, 'prev_value': 0, 'change': 0, 'player_num': 1}
2026-04-16 14:40:19,531 : INFO : EventManager : Event: ======'game_started'====== Args={}
2026-04-16 14:40:19,531 : INFO : EventManager : Event: ======'player_turn_will_start'====== Args={'player': <Player 1>, 'number': 1}
2026-04-16 14:40:19,531 : INFO : EventManager : Event: ======'player_turn_starting'====== Args={'player': <Player 1>, 'number': 1}
2026-04-16 14:40:19,532 : INFO : EventManager : Event: ======'player_ball'====== Args={'value': 1, 'prev_value': 0, 'change': 1, 'player_num': 1}
2026-04-16 14:40:19,532 : INFO : EventManager : Event: ======'player_turn_started'====== Args={'player': <Player 1>, 'number': 1}
2026-04-16 14:40:19,536 : INFO : EventManager : Event: ======'ball_will_start'====== Args={'player': 1, 'ball': 1, 'balls_remaining': 2, 'is_extra_ball': False}
2026-04-16 14:40:19,536 : INFO : EventManager : Event: ======'ball_starting'====== Args={'player': 1, 'ball': 1, 'balls_remaining': 2, 'is_extra_ball': False}
2026-04-16 14:40:19,536 : INFO : EventManager : Event: ======'mode_base_will_start'====== Args={'queue': <QueuedEvent>, 'player': 1, 'ball': 1, 'balls_remaining': 2, 'is_extra_ball': False}
2026-04-16 14:40:19,537 : INFO : EventManager : Event: ======'player_shot_left_lane_enabled'====== Args={'value': True, 'prev_value': 0, 'change': 1, 'player_num': 1}
2026-04-16 14:40:19,538 : INFO : EventManager : Event: ======'mode_base_starting'====== Args={'queue': <QueuedEvent>, 'player': 1, 'ball': 1, 'balls_remaining': 2, 'is_extra_ball': False}
2026-04-16 14:40:19,538 : INFO : Mode.base : Started. Priority: 100
2026-04-16 14:40:19,538 : INFO : EventManager : Event: ======'modes_active_modes_changed'====== Args={}
2026-04-16 14:40:19,538 : INFO : EventManager : Event: ======'mode_base_started'====== Args={'queue': <QueuedEvent>, 'player': 1, 'ball': 1, 'balls_remaining': 2, 'is_extra_ball': False}
2026-04-16 14:40:19,538 : INFO : EventManager : Event: ======'start_mode_bumpers'====== Args={'priority': 0}
2026-04-16 14:40:19,538 : INFO : EventManager : Event: ======'mode_bumpers_will_start'====== Args={'priority': 0}
2026-04-16 14:40:19,538 : INFO : EventManager : Event: ======'player_shot_bumper_left_enabled'====== Args={'value': True, 'prev_value': 0, 'change': 1, 'player_num': 1}
2026-04-16 14:40:19,539 : INFO : EventManager : Event: ======'player_shot_bumper_right_enabled'====== Args={'value': True, 'prev_value': 0, 'change': 1, 'player_num': 1}
2026-04-16 14:40:19,539 : INFO : EventManager : Event: ======'bumpers_complete'====== Args={'state': 'unlit'}
2026-04-16 14:40:19,539 : INFO : EventManager : Event: ======'bumpers_unlit_complete'====== Args={}
2026-04-16 14:40:19,540 : INFO : EventManager : Event: ======'mode_bumpers_starting'====== Args={'priority': 0}
2026-04-16 14:40:19,540 : INFO : Mode.bumpers : Started. Priority: 200
2026-04-16 14:40:19,540 : INFO : EventManager : Event: ======'modes_active_modes_changed'====== Args={}
2026-04-16 14:40:19,540 : INFO : EventManager : Event: ======'mode_bumpers_started'====== Args={'priority': 0}
2026-04-16 14:40:19,540 : INFO : EventManager : Event: ======'balls_in_play'====== Args={'balls': 1}
2026-04-16 14:40:19,540 : INFO : EventManager : Event: ======'ball_started'====== Args={'player': 1, 'ball': 1, 'balls_remaining': 2, 'is_extra_ball': False}
2026-04-16 14:40:19,540 : INFO : EventManager : Event: ======'single_player_ball_started'====== Args={}
2026-04-16 14:40:19,541 : INFO : EventManager : Event: ======'ball_start_target'====== Args={'target': 'playfield'}
2026-04-16 14:40:19,541 : INFO : ball_device.bd_trough : Setting up player-controlled eject. Balls: 1, Target: <playfield.playfield>, player_controlled_eject_event: None
2026-04-16 14:40:19,541 : INFO : ball_device.bd_trough : Adding 1 ball(s) to the eject_queue with target <playfield.playfield>.
2026-04-16 14:40:19,541 : INFO : EventManager : Event: ======'balldevice_balls_available'====== Args={}
2026-04-16 14:40:19,542 : INFO : ball_device.bd_trough : State: waiting_for_target_ready
2026-04-16 14:40:19,542 : INFO : EventManager : Event: ======'balldevice_bd_trough_ball_eject_attempt'====== Args={'balls': 1, 'target': <ball_device.bd_plunger>, 'source': <ball_device.bd_trough>, 'mechanical_eject': False, 'num_attempts': 0}
2026-04-16 14:40:19,542 : INFO : ball_device.bd_plunger : State: waiting_for_ball
2026-04-16 14:40:19,542 : INFO : ball_device.bd_trough : State: ejecting
2026-04-16 14:40:19,542 : INFO : ball_device.bd_trough : Ejecting ball to <ball_device.bd_plunger>
2026-04-16 14:40:19,542 : INFO : EventManager : Event: ======'balldevice_bd_trough_ejecting_ball'====== Args={'balls': 1, 'target': <ball_device.bd_plunger>, 'source': <ball_device.bd_trough>, 'mechanical_eject': False, 'num_attempts': 0}
2026-04-16 14:40:19,543 : INFO : ball_device.bd_trough : Wait for ball to leave device
2026-04-16 14:40:19,543 : INFO : coil.c_trough_eject : Pulsing Driver for 10ms (1.0 pulse_power)
2026-04-16 14:40:19,568 : INFO : EventManager : Event: ======'slide_base_slide_created'====== Args={'_from_bcp': True}
2026-04-16 14:40:19,569 : INFO : EventManager : Event: ======'slide_attract_inactive'====== Args={'is_removing': True, '_from_bcp': True}
2026-04-16 14:40:19,569 : INFO : EventManager : Event: ======'slide_base_slide_active'====== Args={'original_context': 'base', 'original_calling_context': 'mode_base_started', 'priority': 100.0, 'queue': '<QueuedEvent>', 'player': 1.0, 'ball': 1.0, 'balls_remaining': 2.0, 'is_extra_ball': False, 'cmd': 'slides_play', '_from_bcp': True}
2026-04-16 14:40:19,570 : INFO : EventManager : Event: ======'slide_attract_removed'====== Args={'_from_bcp': True}
2026-04-16 14:40:20,324 : INFO : SwitchController : <<<<<<< 's_left_lane' active >>>>>>>
2026-04-16 14:40:20,324 : INFO : EventManager : Event: ======'playfield_active'====== Args={'source': 'hurryup'}
2026-04-16 14:40:20,324 : INFO : EventManager : Event: ======'unexpected_ball_on_playfield'====== Args={}
2026-04-16 14:40:20,325 : INFO : EventManager : Event: ======'playfield_active'====== Args={'source': 'left_lane'}
2026-04-16 14:40:20,325 : INFO : EventManager : Event: ======'unexpected_ball_on_playfield'====== Args={}
2026-04-16 14:40:20,325 : INFO : EventManager : Event: ======'s_left_lane_active'====== Args={}
2026-04-16 14:40:20,325 : INFO : EventManager : Event: ======'machine_var_audits_switches_s_left_lane'====== Args={'value': 30, 'prev_value': 29, 'change': 1}
2026-04-16 14:40:20,325 : INFO : EventManager : Event: ======'player_shot_left_lane'====== Args={'value': 1, 'prev_value': 0, 'change': 1, 'player_num': 1}
2026-04-16 14:40:20,326 : INFO : EventManager : Event: ======'machine_var_audits_shots_left_lane'====== Args={'value': 30, 'prev_value': 29, 'change': 1}
2026-04-16 14:40:20,326 : INFO : EventManager : Event: ======'left_lane_hit'====== Args={'profile': 'default', 'state': 'unlit', 'advancing': True}
2026-04-16 14:40:20,326 : INFO : EventManager : Event: ======'left_lane_default_hit'====== Args={'profile': 'default', 'state': 'unlit', 'advancing': True}
2026-04-16 14:40:20,326 : INFO : EventManager : Event: ======'left_lane_default_unlit_hit'====== Args={'profile': 'default', 'state': 'unlit', 'advancing': True}
2026-04-16 14:40:20,326 : INFO : EventManager : Event: ======'left_lane_unlit_hit'====== Args={'profile': 'default', 'state': 'unlit', 'advancing': True}
2026-04-16 14:40:20,326 : INFO : EventManager : Event: ======'start_mode_rhythm'====== Args={'priority': 0}
2026-04-16 14:40:20,326 : INFO : EventManager : Event: ======'mode_rhythm_will_start'====== Args={'priority': 0}
2026-04-16 14:40:20,327 : INFO : EventManager : Event: ======'mode_rhythm_starting'====== Args={'priority': 0}
2026-04-16 14:40:20,327 : INFO : Mode.rhythm : Started. Priority: 1200
2026-04-16 14:40:20,327 : INFO : EventManager : Event: ======'modes_active_modes_changed'====== Args={}
2026-04-16 14:40:20,327 : INFO : EventManager : Event: ======'mode_rhythm_started'====== Args={'priority': 0}
2026-04-16 14:40:20,327 : INFO : EventManager : Event: ======'player_rhythm_mode_score'====== Args={'value': 0, 'prev_value': 0, 'change': 0, 'player_num': 1}
2026-04-16 14:40:20,328 : INFO : EventManager : Event: ======'player_rhythm_combo'====== Args={'value': 0, 'prev_value': 0, 'change': 0, 'player_num': 1}
2026-04-16 14:40:20,328 : INFO : EventManager : Event: ======'player_rhythm_best_combo'====== Args={'value': 0, 'prev_value': 0, 'change': 0, 'player_num': 1}
2026-04-16 14:40:20,328 : INFO : EventManager : Event: ======'player_rhythm_hits'====== Args={'value': 0, 'prev_value': 0, 'change': 0, 'player_num': 1}
2026-04-16 14:40:20,328 : INFO : EventManager : Event: ======'player_rhythm_misses'====== Args={'value': 0, 'prev_value': 0, 'change': 0, 'player_num': 1}
2026-04-16 14:40:20,328 : INFO : EventManager : Event: ======'player_rhythm_notes_total'====== Args={'value': 38, 'prev_value': 0, 'change': 38, 'player_num': 1}
2026-04-16 14:40:20,328 : INFO : EventManager : Event: ======'player_rhythm_accuracy'====== Args={'value': 0, 'prev_value': 0, 'change': 0, 'player_num': 1}
2026-04-16 14:40:20,329 : INFO : EventManager : Event: ======'player_rhythm_multiplier'====== Args={'value': 1, 'prev_value': 0, 'change': 1, 'player_num': 1}
2026-04-16 14:40:20,380 : INFO : EventManager : Event: ======'rhythm_chart_started'====== Args={'total_notes': 38, 'travel_ms': 1600, 'perfect_window_ms': 90, 'good_window_ms': 170, 'lead_in_ms': 1800, 'chart_started_delay_ms': 50, 'song_key': 'Deep Purple - Smoke On the Water (Official Music Video)', 'song_bus': 'music', 'audio_offset_ms': 0}
2026-04-16 14:40:20,400 : INFO : EventManager : Event: ======'slide_rhythm_created'====== Args={'_from_bcp': True}
2026-04-16 14:40:20,400 : INFO : EventManager : Event: ======'slide_base_slide_inactive'====== Args={'is_removing': False, '_from_bcp': True}
2026-04-16 14:40:20,400 : INFO : EventManager : Event: ======'slide_rhythm_active'====== Args={'original_context': 'rhythm', 'original_calling_context': 'mode_rhythm_started', 'priority': 1200.0, 'cmd': 'slides_play', '_from_bcp': True}
2026-04-16 14:40:20,474 : INFO : SwitchController : <<<<<<< 's_left_lane' inactive >>>>>>>
2026-04-16 14:40:21,130 : INFO : EventManager : Event: ======'rhythm_note_spawned'====== Args={'note_id': 0, 'lane': 'left', 'travel_ms': 1600, 'hit_time_ms': 2400}
2026-04-16 14:40:21,530 : INFO : EventManager : Event: ======'rhythm_note_spawned'====== Args={'note_id': 1, 'lane': 'center', 'travel_ms': 1600, 'hit_time_ms': 2800}
2026-04-16 14:40:21,930 : INFO : EventManager : Event: ======'rhythm_note_spawned'====== Args={'note_id': 2, 'lane': 'right', 'travel_ms': 1600, 'hit_time_ms': 3200}
2026-04-16 14:40:22,330 : INFO : EventManager : Event: ======'rhythm_note_spawned'====== Args={'note_id': 3, 'lane': 'left', 'travel_ms': 1600, 'hit_time_ms': 3600}
2026-04-16 14:40:22,525 : INFO : SwitchController : <<<<<<< 's_flipper_left' active >>>>>>>
2026-04-16 14:40:22,526 : INFO : EventManager : Event: ======'rhythm_lane_pressed'====== Args={'lane': 'left'}
2026-04-16 14:40:22,526 : INFO : EventManager : Event: ======'machine_var_audits_switches_s_flipper_left'====== Args={'value': 198, 'prev_value': 197, 'change': 1}
2026-04-16 14:40:22,675 : INFO : SwitchController : <<<<<<< 's_flipper_left' inactive >>>>>>>
2026-04-16 14:40:22,730 : INFO : EventManager : Event: ======'rhythm_note_spawned'====== Args={'note_id': 4, 'lane': 'center', 'travel_ms': 1600, 'hit_time_ms': 4000}
2026-04-16 14:40:22,731 : INFO : EventManager : Event: ======'rhythm_note_spawned'====== Args={'note_id': 5, 'lane': 'right', 'travel_ms': 1600, 'hit_time_ms': 4000}
2026-04-16 14:40:22,901 : INFO : EventManager : Event: ======'player_rhythm_misses'====== Args={'value': 1, 'prev_value': 0, 'change': 1, 'player_num': 1}
2026-04-16 14:40:22,902 : INFO : EventManager : Event: ======'rhythm_note_missed'====== Args={'note_id': 0, 'lane': 'left', 'total_misses': 1}
2026-04-16 14:40:22,975 : INFO : SwitchController : <<<<<<< 's_action_button' active >>>>>>>
2026-04-16 14:40:22,976 : INFO : EventManager : Event: ======'rhythm_lane_pressed'====== Args={'lane': 'center'}
2026-04-16 14:40:22,976 : INFO : EventManager : Event: ======'player_rhythm_combo'====== Args={'value': 1, 'prev_value': 0, 'change': 1, 'player_num': 1}
2026-04-16 14:40:22,976 : INFO : EventManager : Event: ======'player_rhythm_best_combo'====== Args={'value': 1, 'prev_value': 0, 'change': 1, 'player_num': 1}
2026-04-16 14:40:22,976 : INFO : EventManager : Event: ======'player_rhythm_hits'====== Args={'value': 1, 'prev_value': 0, 'change': 1, 'player_num': 1}
2026-04-16 14:40:22,977 : INFO : EventManager : Event: ======'player_rhythm_mode_score'====== Args={'value': 10000, 'prev_value': 0, 'change': 10000, 'player_num': 1}
2026-04-16 14:40:22,977 : INFO : EventManager : Event: ======'player_score'====== Args={'value': 10000, 'prev_value': 0, 'change': 10000, 'player_num': 1}
2026-04-16 14:40:22,977 : INFO : EventManager : Event: ======'rhythm_note_hit'====== Args={'note_id': 1, 'lane': 'center', 'judgment': 'good', 'combo': 1, 'multiplier': 1, 'award': 10000, 'delta_ms': 152, 'total_score': 10000}
2026-04-16 14:40:22,977 : INFO : EventManager : Event: ======'machine_var_audits_switches_s_action_button'====== Args={'value': 154, 'prev_value': 153, 'change': 1}
2026-04-16 14:40:23,158 : INFO : SwitchController : <<<<<<< 's_action_button' inactive >>>>>>>
2026-04-16 14:40:23,230 : INFO : EventManager : Event: ======'rhythm_note_spawned'====== Args={'note_id': 6, 'lane': 'left', 'travel_ms': 1600, 'hit_time_ms': 4500}
2026-04-16 14:40:23,475 : INFO : SwitchController : <<<<<<< 's_flipper_right' active >>>>>>>
2026-04-16 14:40:23,475 : INFO : EventManager : Event: ======'rhythm_lane_pressed'====== Args={'lane': 'right'}
2026-04-16 14:40:23,476 : INFO : EventManager : Event: ======'player_rhythm_combo'====== Args={'value': 2, 'prev_value': 1, 'change': 1, 'player_num': 1}
2026-04-16 14:40:23,476 : INFO : EventManager : Event: ======'player_rhythm_best_combo'====== Args={'value': 2, 'prev_value': 1, 'change': 1, 'player_num': 1}
2026-04-16 14:40:23,476 : INFO : EventManager : Event: ======'player_rhythm_hits'====== Args={'value': 2, 'prev_value': 1, 'change': 1, 'player_num': 1}
2026-04-16 14:40:23,476 : INFO : EventManager : Event: ======'player_rhythm_mode_score'====== Args={'value': 30000, 'prev_value': 10000, 'change': 20000, 'player_num': 1}
2026-04-16 14:40:23,476 : INFO : EventManager : Event: ======'player_score'====== Args={'value': 30000, 'prev_value': 10000, 'change': 20000, 'player_num': 1}
2026-04-16 14:40:23,477 : INFO : EventManager : Event: ======'rhythm_note_hit'====== Args={'note_id': 2, 'lane': 'right', 'judgment': 'perfect', 'combo': 2, 'multiplier': 1, 'award': 20000, 'delta_ms': 52, 'total_score': 30000}
2026-04-16 14:40:23,477 : INFO : EventManager : Event: ======'machine_var_audits_switches_s_flipper_right'====== Args={'value': 188, 'prev_value': 187, 'change': 1}
2026-04-16 14:40:23,608 : INFO : SwitchController : <<<<<<< 's_flipper_right' inactive >>>>>>>
2026-04-16 14:40:23,630 : INFO : EventManager : Event: ======'rhythm_note_spawned'====== Args={'note_id': 7, 'lane': 'center', 'travel_ms': 1600, 'hit_time_ms': 4900}
2026-04-16 14:40:23,892 : INFO : SwitchController : <<<<<<< 's_flipper_left' active >>>>>>>
2026-04-16 14:40:23,892 : INFO : EventManager : Event: ======'rhythm_lane_pressed'====== Args={'lane': 'left'}
2026-04-16 14:40:23,892 : INFO : EventManager : Event: ======'player_rhythm_combo'====== Args={'value': 3, 'prev_value': 2, 'change': 1, 'player_num': 1}
2026-04-16 14:40:23,893 : INFO : EventManager : Event: ======'player_rhythm_best_combo'====== Args={'value': 3, 'prev_value': 2, 'change': 1, 'player_num': 1}
2026-04-16 14:40:23,893 : INFO : EventManager : Event: ======'player_rhythm_hits'====== Args={'value': 3, 'prev_value': 2, 'change': 1, 'player_num': 1}
2026-04-16 14:40:23,893 : INFO : EventManager : Event: ======'player_rhythm_mode_score'====== Args={'value': 50000, 'prev_value': 30000, 'change': 20000, 'player_num': 1}
2026-04-16 14:40:23,893 : INFO : EventManager : Event: ======'player_score'====== Args={'value': 50000, 'prev_value': 30000, 'change': 20000, 'player_num': 1}
2026-04-16 14:40:23,893 : INFO : EventManager : Event: ======'rhythm_note_hit'====== Args={'note_id': 3, 'lane': 'left', 'judgment': 'perfect', 'combo': 3, 'multiplier': 1, 'award': 20000, 'delta_ms': 35, 'total_score': 50000}
2026-04-16 14:40:23,893 : INFO : EventManager : Event: ======'machine_var_audits_switches_s_flipper_left'====== Args={'value': 199, 'prev_value': 198, 'change': 1}
2026-04-16 14:40:24,030 : INFO : EventManager : Event: ======'rhythm_note_spawned'====== Args={'note_id': 8, 'lane': 'right', 'travel_ms': 1600, 'hit_time_ms': 5300}
2026-04-16 14:40:24,041 : INFO : SwitchController : <<<<<<< 's_flipper_left' inactive >>>>>>>
2026-04-16 14:40:24,225 : INFO : SwitchController : <<<<<<< 's_action_button' active >>>>>>>
2026-04-16 14:40:24,225 : INFO : EventManager : Event: ======'rhythm_lane_pressed'====== Args={'lane': 'center'}
2026-04-16 14:40:24,225 : INFO : EventManager : Event: ======'player_rhythm_combo'====== Args={'value': 4, 'prev_value': 3, 'change': 1, 'player_num': 1}
2026-04-16 14:40:24,225 : INFO : EventManager : Event: ======'player_rhythm_best_combo'====== Args={'value': 4, 'prev_value': 3, 'change': 1, 'player_num': 1}
2026-04-16 14:40:24,225 : INFO : EventManager : Event: ======'player_rhythm_hits'====== Args={'value': 4, 'prev_value': 3, 'change': 1, 'player_num': 1}
2026-04-16 14:40:24,225 : INFO : EventManager : Event: ======'player_rhythm_mode_score'====== Args={'value': 60000, 'prev_value': 50000, 'change': 10000, 'player_num': 1}
2026-04-16 14:40:24,226 : INFO : EventManager : Event: ======'player_score'====== Args={'value': 60000, 'prev_value': 50000, 'change': 10000, 'player_num': 1}
2026-04-16 14:40:24,226 : INFO : EventManager : Event: ======'rhythm_note_hit'====== Args={'note_id': 4, 'lane': 'center', 'judgment': 'good', 'combo': 4, 'multiplier': 1, 'award': 10000, 'delta_ms': 103, 'total_score': 60000}
2026-04-16 14:40:24,226 : INFO : EventManager : Event: ======'machine_var_audits_switches_s_action_button'====== Args={'value': 155, 'prev_value': 154, 'change': 1}
2026-04-16 14:40:24,308 : INFO : SwitchController : <<<<<<< 's_flipper_right' active >>>>>>>
2026-04-16 14:40:24,309 : INFO : EventManager : Event: ======'rhythm_lane_pressed'====== Args={'lane': 'right'}
2026-04-16 14:40:24,309 : INFO : EventManager : Event: ======'player_rhythm_combo'====== Args={'value': 5, 'prev_value': 4, 'change': 1, 'player_num': 1}
2026-04-16 14:40:24,309 : INFO : EventManager : Event: ======'player_rhythm_best_combo'====== Args={'value': 5, 'prev_value': 4, 'change': 1, 'player_num': 1}
2026-04-16 14:40:24,309 : INFO : EventManager : Event: ======'player_rhythm_hits'====== Args={'value': 5, 'prev_value': 4, 'change': 1, 'player_num': 1}
2026-04-16 14:40:24,309 : INFO : EventManager : Event: ======'player_rhythm_mode_score'====== Args={'value': 80000, 'prev_value': 60000, 'change': 20000, 'player_num': 1}
2026-04-16 14:40:24,309 : INFO : EventManager : Event: ======'player_score'====== Args={'value': 80000, 'prev_value': 60000, 'change': 20000, 'player_num': 1}
2026-04-16 14:40:24,310 : INFO : EventManager : Event: ======'rhythm_note_hit'====== Args={'note_id': 5, 'lane': 'right', 'judgment': 'perfect', 'combo': 5, 'multiplier': 1, 'award': 20000, 'delta_ms': 19, 'total_score': 80000}
2026-04-16 14:40:24,310 : INFO : EventManager : Event: ======'machine_var_audits_switches_s_flipper_right'====== Args={'value': 189, 'prev_value': 188, 'change': 1}
2026-04-16 14:40:24,430 : INFO : EventManager : Event: ======'rhythm_note_spawned'====== Args={'note_id': 9, 'lane': 'left', 'travel_ms': 1600, 'hit_time_ms': 5700}
2026-04-16 14:40:24,492 : INFO : SwitchController : <<<<<<< 's_flipper_right' inactive >>>>>>>
2026-04-16 14:40:24,509 : INFO : SwitchController : <<<<<<< 's_action_button' inactive >>>>>>>
2026-04-16 14:40:24,758 : INFO : SwitchController : <<<<<<< 's_flipper_left' active >>>>>>>
2026-04-16 14:40:24,758 : INFO : EventManager : Event: ======'rhythm_lane_pressed'====== Args={'lane': 'left'}
2026-04-16 14:40:24,758 : INFO : EventManager : Event: ======'player_rhythm_combo'====== Args={'value': 6, 'prev_value': 5, 'change': 1, 'player_num': 1}
2026-04-16 14:40:24,758 : INFO : EventManager : Event: ======'player_rhythm_best_combo'====== Args={'value': 6, 'prev_value': 5, 'change': 1, 'player_num': 1}
2026-04-16 14:40:24,758 : INFO : EventManager : Event: ======'player_rhythm_hits'====== Args={'value': 6, 'prev_value': 5, 'change': 1, 'player_num': 1}
2026-04-16 14:40:24,758 : INFO : EventManager : Event: ======'player_rhythm_mode_score'====== Args={'value': 100000, 'prev_value': 80000, 'change': 20000, 'player_num': 1}
2026-04-16 14:40:24,759 : INFO : EventManager : Event: ======'player_score'====== Args={'value': 100000, 'prev_value': 80000, 'change': 20000, 'player_num': 1}
2026-04-16 14:40:24,759 : INFO : EventManager : Event: ======'rhythm_note_hit'====== Args={'note_id': 6, 'lane': 'left', 'judgment': 'perfect', 'combo': 6, 'multiplier': 1, 'award': 20000, 'delta_ms': 69, 'total_score': 100000}
2026-04-16 14:40:24,759 : INFO : EventManager : Event: ======'machine_var_audits_switches_s_flipper_left'====== Args={'value': 200, 'prev_value': 199, 'change': 1}
2026-04-16 14:40:24,830 : INFO : EventManager : Event: ======'rhythm_note_spawned'====== Args={'note_id': 10, 'lane': 'center', 'travel_ms': 1600, 'hit_time_ms': 6100}
2026-04-16 14:40:24,925 : INFO : SwitchController : <<<<<<< 's_flipper_left' inactive >>>>>>>
2026-04-16 14:40:25,041 : INFO : SwitchController : <<<<<<< 's_action_button' active >>>>>>>
2026-04-16 14:40:25,042 : INFO : EventManager : Event: ======'rhythm_lane_pressed'====== Args={'lane': 'center'}
2026-04-16 14:40:25,042 : INFO : EventManager : Event: ======'machine_var_audits_switches_s_action_button'====== Args={'value': 156, 'prev_value': 155, 'change': 1}
2026-04-16 14:40:25,225 : INFO : SwitchController : <<<<<<< 's_action_button' inactive >>>>>>>
2026-04-16 14:40:25,230 : INFO : EventManager : Event: ======'rhythm_note_spawned'====== Args={'note_id': 11, 'lane': 'right', 'travel_ms': 1600, 'hit_time_ms': 6500}
2026-04-16 14:40:25,401 : INFO : EventManager : Event: ======'player_rhythm_combo'====== Args={'value': 0, 'prev_value': 6, 'change': -6, 'player_num': 1}
2026-04-16 14:40:25,402 : INFO : EventManager : Event: ======'player_rhythm_misses'====== Args={'value': 2, 'prev_value': 1, 'change': 1, 'player_num': 1}
2026-04-16 14:40:25,402 : INFO : EventManager : Event: ======'rhythm_note_missed'====== Args={'note_id': 7, 'lane': 'center', 'total_misses': 2}
2026-04-16 14:40:25,508 : INFO : SwitchController : <<<<<<< 's_flipper_right' active >>>>>>>
2026-04-16 14:40:25,509 : INFO : EventManager : Event: ======'rhythm_lane_pressed'====== Args={'lane': 'right'}
2026-04-16 14:40:25,509 : INFO : EventManager : Event: ======'player_rhythm_combo'====== Args={'value': 1, 'prev_value': 0, 'change': 1, 'player_num': 1}
2026-04-16 14:40:25,509 : INFO : EventManager : Event: ======'player_rhythm_hits'====== Args={'value': 7, 'prev_value': 6, 'change': 1, 'player_num': 1}
2026-04-16 14:40:25,509 : INFO : EventManager : Event: ======'player_rhythm_mode_score'====== Args={'value': 110000, 'prev_value': 100000, 'change': 10000, 'player_num': 1}
2026-04-16 14:40:25,510 : INFO : EventManager : Event: ======'player_score'====== Args={'value': 110000, 'prev_value': 100000, 'change': 10000, 'player_num': 1}
2026-04-16 14:40:25,510 : INFO : EventManager : Event: ======'rhythm_note_hit'====== Args={'note_id': 8, 'lane': 'right', 'judgment': 'good', 'combo': 1, 'multiplier': 1, 'award': 10000, 'delta_ms': 118, 'total_score': 110000}
2026-04-16 14:40:25,510 : INFO : EventManager : Event: ======'machine_var_audits_switches_s_flipper_right'====== Args={'value': 190, 'prev_value': 189, 'change': 1}
2026-04-16 14:40:25,630 : INFO : EventManager : Event: ======'rhythm_note_spawned'====== Args={'note_id': 12, 'lane': 'center', 'travel_ms': 1600, 'hit_time_ms': 6900}
2026-04-16 14:40:25,675 : INFO : SwitchController : <<<<<<< 's_flipper_right' inactive >>>>>>>
2026-04-16 14:40:25,775 : INFO : SwitchController : <<<<<<< 's_flipper_left' active >>>>>>>
2026-04-16 14:40:25,775 : INFO : EventManager : Event: ======'rhythm_lane_pressed'====== Args={'lane': 'left'}
2026-04-16 14:40:25,775 : INFO : EventManager : Event: ======'machine_var_audits_switches_s_flipper_left'====== Args={'value': 201, 'prev_value': 200, 'change': 1}
2026-04-16 14:40:25,926 : INFO : SwitchController : <<<<<<< 's_flipper_left' inactive >>>>>>>
2026-04-16 14:40:26,030 : INFO : EventManager : Event: ======'rhythm_note_spawned'====== Args={'note_id': 13, 'lane': 'right', 'travel_ms': 1600, 'hit_time_ms': 7300}
2026-04-16 14:40:26,201 : INFO : EventManager : Event: ======'player_rhythm_combo'====== Args={'value': 0, 'prev_value': 1, 'change': -1, 'player_num': 1}
2026-04-16 14:40:26,202 : INFO : EventManager : Event: ======'player_rhythm_misses'====== Args={'value': 3, 'prev_value': 2, 'change': 1, 'player_num': 1}
2026-04-16 14:40:26,202 : INFO : EventManager : Event: ======'rhythm_note_missed'====== Args={'note_id': 9, 'lane': 'left', 'total_misses': 3}
2026-04-16 14:40:26,408 : INFO : SwitchController : <<<<<<< 's_action_button' active >>>>>>>
2026-04-16 14:40:26,408 : INFO : EventManager : Event: ======'rhythm_lane_pressed'====== Args={'lane': 'center'}
2026-04-16 14:40:26,408 : INFO : EventManager : Event: ======'player_rhythm_combo'====== Args={'value': 1, 'prev_value': 0, 'change': 1, 'player_num': 1}
2026-04-16 14:40:26,409 : INFO : EventManager : Event: ======'player_rhythm_hits'====== Args={'value': 8, 'prev_value': 7, 'change': 1, 'player_num': 1}
2026-04-16 14:40:26,409 : INFO : EventManager : Event: ======'player_rhythm_mode_score'====== Args={'value': 130000, 'prev_value': 110000, 'change': 20000, 'player_num': 1}
2026-04-16 14:40:26,409 : INFO : EventManager : Event: ======'player_score'====== Args={'value': 130000, 'prev_value': 110000, 'change': 20000, 'player_num': 1}
2026-04-16 14:40:26,409 : INFO : EventManager : Event: ======'rhythm_note_hit'====== Args={'note_id': 10, 'lane': 'center', 'judgment': 'perfect', 'combo': 1, 'multiplier': 1, 'award': 20000, 'delta_ms': 19, 'total_score': 130000}
2026-04-16 14:40:26,409 : INFO : EventManager : Event: ======'machine_var_audits_switches_s_action_button'====== Args={'value': 157, 'prev_value': 156, 'change': 1}
2026-04-16 14:40:26,430 : INFO : EventManager : Event: ======'rhythm_note_spawned'====== Args={'note_id': 14, 'lane': 'left', 'travel_ms': 1600, 'hit_time_ms': 7700}
2026-04-16 14:40:26,430 : INFO : EventManager : Event: ======'rhythm_note_spawned'====== Args={'note_id': 15, 'lane': 'center', 'travel_ms': 1600, 'hit_time_ms': 7700}
2026-04-16 14:40:26,558 : INFO : SwitchController : <<<<<<< 's_action_button' inactive >>>>>>>
2026-04-16 14:40:26,675 : INFO : SwitchController : <<<<<<< 's_flipper_right' active >>>>>>>
2026-04-16 14:40:26,675 : INFO : EventManager : Event: ======'rhythm_lane_pressed'====== Args={'lane': 'right'}
2026-04-16 14:40:26,676 : INFO : EventManager : Event: ======'player_rhythm_combo'====== Args={'value': 2, 'prev_value': 1, 'change': 1, 'player_num': 1}
2026-04-16 14:40:26,676 : INFO : EventManager : Event: ======'player_rhythm_hits'====== Args={'value': 9, 'prev_value': 8, 'change': 1, 'player_num': 1}
2026-04-16 14:40:26,676 : INFO : EventManager : Event: ======'player_rhythm_mode_score'====== Args={'value': 140000, 'prev_value': 130000, 'change': 10000, 'player_num': 1}
2026-04-16 14:40:26,676 : INFO : EventManager : Event: ======'player_score'====== Args={'value': 140000, 'prev_value': 130000, 'change': 10000, 'player_num': 1}
2026-04-16 14:40:26,676 : INFO : EventManager : Event: ======'rhythm_note_hit'====== Args={'note_id': 11, 'lane': 'right', 'judgment': 'good', 'combo': 2, 'multiplier': 1, 'award': 10000, 'delta_ms': 152, 'total_score': 140000}
2026-04-16 14:40:26,677 : INFO : EventManager : Event: ======'machine_var_audits_switches_s_flipper_right'====== Args={'value': 191, 'prev_value': 190, 'change': 1}
2026-04-16 14:40:26,842 : INFO : SwitchController : <<<<<<< 's_flipper_right' inactive >>>>>>>
2026-04-16 14:40:27,030 : INFO : EventManager : Event: ======'rhythm_note_spawned'====== Args={'note_id': 16, 'lane': 'left', 'travel_ms': 1600, 'hit_time_ms': 8300}
2026-04-16 14:40:27,176 : INFO : SwitchController : <<<<<<< 's_action_button' active >>>>>>>
2026-04-16 14:40:27,176 : INFO : EventManager : Event: ======'rhythm_lane_pressed'====== Args={'lane': 'center'}
2026-04-16 14:40:27,176 : INFO : EventManager : Event: ======'player_rhythm_combo'====== Args={'value': 3, 'prev_value': 2, 'change': 1, 'player_num': 1}
2026-04-16 14:40:27,176 : INFO : EventManager : Event: ======'player_rhythm_hits'====== Args={'value': 10, 'prev_value': 9, 'change': 1, 'player_num': 1}
2026-04-16 14:40:27,177 : INFO : EventManager : Event: ======'player_rhythm_mode_score'====== Args={'value': 160000, 'prev_value': 140000, 'change': 20000, 'player_num': 1}
2026-04-16 14:40:27,177 : INFO : EventManager : Event: ======'player_score'====== Args={'value': 160000, 'prev_value': 140000, 'change': 20000, 'player_num': 1}
2026-04-16 14:40:27,177 : INFO : EventManager : Event: ======'rhythm_note_hit'====== Args={'note_id': 12, 'lane': 'center', 'judgment': 'perfect', 'combo': 3, 'multiplier': 1, 'award': 20000, 'delta_ms': 51, 'total_score': 160000}
2026-04-16 14:40:27,177 : INFO : EventManager : Event: ======'machine_var_audits_switches_s_action_button'====== Args={'value': 158, 'prev_value': 157, 'change': 1}
2026-04-16 14:40:27,309 : INFO : SwitchController : <<<<<<< 's_action_button' inactive >>>>>>>
2026-04-16 14:40:27,430 : INFO : EventManager : Event: ======'rhythm_note_spawned'====== Args={'note_id': 17, 'lane': 'center', 'travel_ms': 1600, 'hit_time_ms': 8700}
2026-04-16 14:40:27,558 : INFO : SwitchController : <<<<<<< 's_flipper_right' active >>>>>>>
2026-04-16 14:40:27,559 : INFO : EventManager : Event: ======'rhythm_lane_pressed'====== Args={'lane': 'right'}
2026-04-16 14:40:27,559 : INFO : EventManager : Event: ======'player_rhythm_combo'====== Args={'value': 4, 'prev_value': 3, 'change': 1, 'player_num': 1}
2026-04-16 14:40:27,559 : INFO : EventManager : Event: ======'player_rhythm_hits'====== Args={'value': 11, 'prev_value': 10, 'change': 1, 'player_num': 1}
2026-04-16 14:40:27,559 : INFO : EventManager : Event: ======'player_rhythm_mode_score'====== Args={'value': 180000, 'prev_value': 160000, 'change': 20000, 'player_num': 1}
2026-04-16 14:40:27,562 : INFO : EventManager : Event: ======'player_score'====== Args={'value': 180000, 'prev_value': 160000, 'change': 20000, 'player_num': 1}
2026-04-16 14:40:27,563 : INFO : EventManager : Event: ======'rhythm_note_hit'====== Args={'note_id': 13, 'lane': 'right', 'judgment': 'perfect', 'combo': 4, 'multiplier': 1, 'award': 20000, 'delta_ms': 69, 'total_score': 180000}
2026-04-16 14:40:27,563 : INFO : EventManager : Event: ======'machine_var_audits_switches_s_flipper_right'====== Args={'value': 192, 'prev_value': 191, 'change': 1}
2026-04-16 14:40:27,726 : INFO : SwitchController : <<<<<<< 's_flipper_right' inactive >>>>>>>
2026-04-16 14:40:27,830 : INFO : EventManager : Event: ======'rhythm_note_spawned'====== Args={'note_id': 18, 'lane': 'right', 'travel_ms': 1600, 'hit_time_ms': 9100}
2026-04-16 14:40:27,992 : INFO : SwitchController : <<<<<<< 's_flipper_left' active >>>>>>>
2026-04-16 14:40:27,992 : INFO : EventManager : Event: ======'rhythm_lane_pressed'====== Args={'lane': 'left'}
2026-04-16 14:40:27,992 : INFO : EventManager : Event: ======'player_rhythm_combo'====== Args={'value': 5, 'prev_value': 4, 'change': 1, 'player_num': 1}
2026-04-16 14:40:27,993 : INFO : EventManager : Event: ======'player_rhythm_hits'====== Args={'value': 12, 'prev_value': 11, 'change': 1, 'player_num': 1}
2026-04-16 14:40:27,993 : INFO : EventManager : Event: ======'player_rhythm_mode_score'====== Args={'value': 200000, 'prev_value': 180000, 'change': 20000, 'player_num': 1}
2026-04-16 14:40:27,993 : INFO : EventManager : Event: ======'player_score'====== Args={'value': 200000, 'prev_value': 180000, 'change': 20000, 'player_num': 1}
2026-04-16 14:40:27,993 : INFO : EventManager : Event: ======'rhythm_note_hit'====== Args={'note_id': 14, 'lane': 'left', 'judgment': 'perfect', 'combo': 5, 'multiplier': 1, 'award': 20000, 'delta_ms': 35, 'total_score': 200000}
2026-04-16 14:40:27,993 : INFO : EventManager : Event: ======'machine_var_audits_switches_s_flipper_left'====== Args={'value': 202, 'prev_value': 201, 'change': 1}
2026-04-16 14:40:28,008 : INFO : SwitchController : <<<<<<< 's_action_button' active >>>>>>>
2026-04-16 14:40:28,008 : INFO : EventManager : Event: ======'rhythm_lane_pressed'====== Args={'lane': 'center'}
2026-04-16 14:40:28,008 : INFO : EventManager : Event: ======'player_rhythm_combo'====== Args={'value': 6, 'prev_value': 5, 'change': 1, 'player_num': 1}
2026-04-16 14:40:28,009 : INFO : EventManager : Event: ======'player_rhythm_hits'====== Args={'value': 13, 'prev_value': 12, 'change': 1, 'player_num': 1}
2026-04-16 14:40:28,009 : INFO : EventManager : Event: ======'player_rhythm_mode_score'====== Args={'value': 220000, 'prev_value': 200000, 'change': 20000, 'player_num': 1}
2026-04-16 14:40:28,009 : INFO : EventManager : Event: ======'player_score'====== Args={'value': 220000, 'prev_value': 200000, 'change': 20000, 'player_num': 1}
2026-04-16 14:40:28,009 : INFO : EventManager : Event: ======'rhythm_note_hit'====== Args={'note_id': 15, 'lane': 'center', 'judgment': 'perfect', 'combo': 6, 'multiplier': 1, 'award': 20000, 'delta_ms': 19, 'total_score': 220000}
2026-04-16 14:40:28,009 : INFO : EventManager : Event: ======'machine_var_audits_switches_s_action_button'====== Args={'value': 159, 'prev_value': 158, 'change': 1}
2026-04-16 14:40:28,175 : INFO : SwitchController : <<<<<<< 's_flipper_left' inactive >>>>>>>
2026-04-16 14:40:28,191 : INFO : SwitchController : <<<<<<< 's_action_button' inactive >>>>>>>
2026-04-16 14:40:28,230 : INFO : EventManager : Event: ======'rhythm_note_spawned'====== Args={'note_id': 19, 'lane': 'center', 'travel_ms': 1600, 'hit_time_ms': 9500}
2026-04-16 14:40:28,630 : INFO : EventManager : Event: ======'rhythm_note_spawned'====== Args={'note_id': 20, 'lane': 'right', 'travel_ms': 1600, 'hit_time_ms': 9900}
2026-04-16 14:40:28,643 : INFO : SwitchController : <<<<<<< 's_flipper_left' active >>>>>>>
2026-04-16 14:40:28,643 : INFO : EventManager : Event: ======'rhythm_lane_pressed'====== Args={'lane': 'left'}
2026-04-16 14:40:28,643 : INFO : EventManager : Event: ======'player_rhythm_combo'====== Args={'value': 7, 'prev_value': 6, 'change': 1, 'player_num': 1}
2026-04-16 14:40:28,644 : INFO : EventManager : Event: ======'player_rhythm_best_combo'====== Args={'value': 7, 'prev_value': 6, 'change': 1, 'player_num': 1}
2026-04-16 14:40:28,644 : INFO : EventManager : Event: ======'player_rhythm_hits'====== Args={'value': 14, 'prev_value': 13, 'change': 1, 'player_num': 1}
2026-04-16 14:40:28,644 : INFO : EventManager : Event: ======'player_rhythm_mode_score'====== Args={'value': 240000, 'prev_value': 220000, 'change': 20000, 'player_num': 1}
2026-04-16 14:40:28,644 : INFO : EventManager : Event: ======'player_score'====== Args={'value': 240000, 'prev_value': 220000, 'change': 20000, 'player_num': 1}
2026-04-16 14:40:28,644 : INFO : EventManager : Event: ======'rhythm_note_hit'====== Args={'note_id': 16, 'lane': 'left', 'judgment': 'perfect', 'combo': 7, 'multiplier': 1, 'award': 20000, 'delta_ms': 16, 'total_score': 240000}
2026-04-16 14:40:28,645 : INFO : EventManager : Event: ======'machine_var_audits_switches_s_flipper_left'====== Args={'value': 203, 'prev_value': 202, 'change': 1}
2026-04-16 14:40:28,742 : INFO : SwitchController : <<<<<<< 's_flipper_left' inactive >>>>>>>
2026-04-16 14:40:29,009 : INFO : SwitchController : <<<<<<< 's_action_button' active >>>>>>>
2026-04-16 14:40:29,009 : INFO : EventManager : Event: ======'rhythm_lane_pressed'====== Args={'lane': 'center'}
2026-04-16 14:40:29,009 : INFO : EventManager : Event: ======'player_rhythm_combo'====== Args={'value': 8, 'prev_value': 7, 'change': 1, 'player_num': 1}
2026-04-16 14:40:29,009 : INFO : EventManager : Event: ======'player_rhythm_best_combo'====== Args={'value': 8, 'prev_value': 7, 'change': 1, 'player_num': 1}
2026-04-16 14:40:29,010 : INFO : EventManager : Event: ======'player_rhythm_hits'====== Args={'value': 15, 'prev_value': 14, 'change': 1, 'player_num': 1}
2026-04-16 14:40:29,010 : INFO : EventManager : Event: ======'player_rhythm_mode_score'====== Args={'value': 260000, 'prev_value': 240000, 'change': 20000, 'player_num': 1}
2026-04-16 14:40:29,010 : INFO : EventManager : Event: ======'player_score'====== Args={'value': 260000, 'prev_value': 240000, 'change': 20000, 'player_num': 1}
2026-04-16 14:40:29,010 : INFO : EventManager : Event: ======'rhythm_note_hit'====== Args={'note_id': 17, 'lane': 'center', 'judgment': 'perfect', 'combo': 8, 'multiplier': 1, 'award': 20000, 'delta_ms': 18, 'total_score': 260000}
2026-04-16 14:40:29,010 : INFO : EventManager : Event: ======'machine_var_audits_switches_s_action_button'====== Args={'value': 160, 'prev_value': 159, 'change': 1}
2026-04-16 14:40:29,029 : INFO : EventManager : Event: ======'rhythm_note_spawned'====== Args={'note_id': 21, 'lane': 'left', 'travel_ms': 1600, 'hit_time_ms': 10300}
2026-04-16 14:40:29,142 : INFO : SwitchController : <<<<<<< 's_action_button' inactive >>>>>>>
2026-04-16 14:40:29,391 : INFO : SwitchController : <<<<<<< 's_flipper_right' active >>>>>>>
2026-04-16 14:40:29,392 : INFO : EventManager : Event: ======'rhythm_lane_pressed'====== Args={'lane': 'right'}
2026-04-16 14:40:29,392 : INFO : EventManager : Event: ======'player_rhythm_combo'====== Args={'value': 9, 'prev_value': 8, 'change': 1, 'player_num': 1}
2026-04-16 14:40:29,392 : INFO : EventManager : Event: ======'player_rhythm_best_combo'====== Args={'value': 9, 'prev_value': 8, 'change': 1, 'player_num': 1}
2026-04-16 14:40:29,392 : INFO : EventManager : Event: ======'player_rhythm_hits'====== Args={'value': 16, 'prev_value': 15, 'change': 1, 'player_num': 1}
2026-04-16 14:40:29,392 : INFO : EventManager : Event: ======'player_rhythm_multiplier'====== Args={'value': 2, 'prev_value': 1, 'change': 1, 'player_num': 1}
2026-04-16 14:40:29,393 : INFO : EventManager : Event: ======'player_rhythm_mode_score'====== Args={'value': 300000, 'prev_value': 260000, 'change': 40000, 'player_num': 1}
2026-04-16 14:40:29,393 : INFO : EventManager : Event: ======'player_score'====== Args={'value': 300000, 'prev_value': 260000, 'change': 40000, 'player_num': 1}
2026-04-16 14:40:29,393 : INFO : EventManager : Event: ======'rhythm_note_hit'====== Args={'note_id': 18, 'lane': 'right', 'judgment': 'perfect', 'combo': 9, 'multiplier': 2, 'award': 40000, 'delta_ms': 36, 'total_score': 300000}
2026-04-16 14:40:29,393 : INFO : EventManager : Event: ======'machine_var_audits_switches_s_flipper_right'====== Args={'value': 193, 'prev_value': 192, 'change': 1}
2026-04-16 14:40:29,430 : INFO : EventManager : Event: ======'rhythm_note_spawned'====== Args={'note_id': 22, 'lane': 'center', 'travel_ms': 1600, 'hit_time_ms': 10700}
2026-04-16 14:40:29,430 : INFO : EventManager : Event: ======'rhythm_note_spawned'====== Args={'note_id': 23, 'lane': 'right', 'travel_ms': 1600, 'hit_time_ms': 10700}
2026-04-16 14:40:29,544 : INFO : EventManager : Event: ======'balldevice_bd_trough_ball_eject_failed'====== Args={'target': <ball_device.bd_plunger>, 'balls': 1, 'retry': True, 'num_attempts': 1}
2026-04-16 14:40:29,545 : INFO : ball_device.bd_trough : State: waiting_for_target_ready
2026-04-16 14:40:29,545 : INFO : EventManager : Event: ======'balldevice_bd_trough_ball_eject_attempt'====== Args={'balls': 1, 'target': <ball_device.bd_plunger>, 'source': <ball_device.bd_trough>, 'mechanical_eject': False, 'num_attempts': 1}
2026-04-16 14:40:29,546 : INFO : ball_device.bd_trough : State: ejecting
2026-04-16 14:40:29,546 : INFO : ball_device.bd_trough : Ejecting ball to <ball_device.bd_plunger>
2026-04-16 14:40:29,546 : INFO : EventManager : Event: ======'balldevice_bd_trough_ejecting_ball'====== Args={'balls': 1, 'target': <ball_device.bd_plunger>, 'source': <ball_device.bd_trough>, 'mechanical_eject': False, 'num_attempts': 1}
2026-04-16 14:40:29,546 : INFO : ball_device.bd_trough : Wait for ball to leave device
2026-04-16 14:40:29,547 : INFO : coil.c_trough_eject : Pulsing Driver for 10ms (1.0 pulse_power)
2026-04-16 14:40:29,558 : INFO : SwitchController : <<<<<<< 's_flipper_right' inactive >>>>>>>
2026-04-16 14:40:29,875 : INFO : SwitchController : <<<<<<< 's_action_button' active >>>>>>>
2026-04-16 14:40:29,875 : INFO : EventManager : Event: ======'rhythm_lane_pressed'====== Args={'lane': 'center'}
2026-04-16 14:40:29,875 : INFO : EventManager : Event: ======'player_rhythm_combo'====== Args={'value': 10, 'prev_value': 9, 'change': 1, 'player_num': 1}
2026-04-16 14:40:29,876 : INFO : EventManager : Event: ======'player_rhythm_best_combo'====== Args={'value': 10, 'prev_value': 9, 'change': 1, 'player_num': 1}
2026-04-16 14:40:29,876 : INFO : EventManager : Event: ======'player_rhythm_hits'====== Args={'value': 17, 'prev_value': 16, 'change': 1, 'player_num': 1}
2026-04-16 14:40:29,876 : INFO : EventManager : Event: ======'player_rhythm_mode_score'====== Args={'value': 340000, 'prev_value': 300000, 'change': 40000, 'player_num': 1}
2026-04-16 14:40:29,876 : INFO : EventManager : Event: ======'player_score'====== Args={'value': 340000, 'prev_value': 300000, 'change': 40000, 'player_num': 1}
2026-04-16 14:40:29,877 : INFO : EventManager : Event: ======'rhythm_note_hit'====== Args={'note_id': 19, 'lane': 'center', 'judgment': 'perfect', 'combo': 10, 'multiplier': 2, 'award': 40000, 'delta_ms': 48, 'total_score': 340000}
2026-04-16 14:40:29,877 : INFO : EventManager : Event: ======'machine_var_audits_switches_s_action_button'====== Args={'value': 161, 'prev_value': 160, 'change': 1}
2026-04-16 14:40:29,975 : INFO : SwitchController : <<<<<<< 's_action_button' inactive >>>>>>>
2026-04-16 14:40:30,030 : INFO : EventManager : Event: ======'rhythm_note_spawned'====== Args={'note_id': 24, 'lane': 'left', 'travel_ms': 1600, 'hit_time_ms': 11300}
2026-04-16 14:40:30,275 : INFO : SwitchController : <<<<<<< 's_flipper_right' active >>>>>>>
2026-04-16 14:40:30,275 : INFO : EventManager : Event: ======'rhythm_lane_pressed'====== Args={'lane': 'right'}
2026-04-16 14:40:30,276 : INFO : EventManager : Event: ======'player_rhythm_combo'====== Args={'value': 11, 'prev_value': 10, 'change': 1, 'player_num': 1}
2026-04-16 14:40:30,276 : INFO : EventManager : Event: ======'player_rhythm_best_combo'====== Args={'value': 11, 'prev_value': 10, 'change': 1, 'player_num': 1}
2026-04-16 14:40:30,276 : INFO : EventManager : Event: ======'player_rhythm_hits'====== Args={'value': 18, 'prev_value': 17, 'change': 1, 'player_num': 1}
2026-04-16 14:40:30,276 : INFO : EventManager : Event: ======'player_rhythm_mode_score'====== Args={'value': 380000, 'prev_value': 340000, 'change': 40000, 'player_num': 1}
2026-04-16 14:40:30,277 : INFO : EventManager : Event: ======'player_score'====== Args={'value': 380000, 'prev_value': 340000, 'change': 40000, 'player_num': 1}
2026-04-16 14:40:30,277 : INFO : EventManager : Event: ======'rhythm_note_hit'====== Args={'note_id': 20, 'lane': 'right', 'judgment': 'perfect', 'combo': 11, 'multiplier': 2, 'award': 40000, 'delta_ms': 48, 'total_score': 380000}
2026-04-16 14:40:30,277 : INFO : EventManager : Event: ======'machine_var_audits_switches_s_flipper_right'====== Args={'value': 194, 'prev_value': 193, 'change': 1}
2026-04-16 14:40:30,392 : INFO : SwitchController : <<<<<<< 's_flipper_right' inactive >>>>>>>
2026-04-16 14:40:30,430 : INFO : EventManager : Event: ======'rhythm_note_spawned'====== Args={'note_id': 25, 'lane': 'center', 'travel_ms': 1600, 'hit_time_ms': 11700}
2026-04-16 14:40:30,575 : INFO : SwitchController : <<<<<<< 's_flipper_left' active >>>>>>>
2026-04-16 14:40:30,575 : INFO : EventManager : Event: ======'rhythm_lane_pressed'====== Args={'lane': 'left'}
2026-04-16 14:40:30,575 : INFO : EventManager : Event: ======'player_rhythm_combo'====== Args={'value': 12, 'prev_value': 11, 'change': 1, 'player_num': 1}
2026-04-16 14:40:30,576 : INFO : EventManager : Event: ======'player_rhythm_best_combo'====== Args={'value': 12, 'prev_value': 11, 'change': 1, 'player_num': 1}
2026-04-16 14:40:30,576 : INFO : EventManager : Event: ======'player_rhythm_hits'====== Args={'value': 19, 'prev_value': 18, 'change': 1, 'player_num': 1}
2026-04-16 14:40:30,576 : INFO : EventManager : Event: ======'player_rhythm_mode_score'====== Args={'value': 420000, 'prev_value': 380000, 'change': 40000, 'player_num': 1}
2026-04-16 14:40:30,576 : INFO : EventManager : Event: ======'player_score'====== Args={'value': 420000, 'prev_value': 380000, 'change': 40000, 'player_num': 1}
2026-04-16 14:40:30,577 : INFO : EventManager : Event: ======'rhythm_note_hit'====== Args={'note_id': 21, 'lane': 'left', 'judgment': 'perfect', 'combo': 12, 'multiplier': 2, 'award': 40000, 'delta_ms': 52, 'total_score': 420000}
2026-04-16 14:40:30,577 : INFO : EventManager : Event: ======'machine_var_audits_switches_s_flipper_left'====== Args={'value': 204, 'prev_value': 203, 'change': 1}
2026-04-16 14:40:30,675 : INFO : SwitchController : <<<<<<< 's_flipper_left' inactive >>>>>>>
2026-04-16 14:40:30,830 : INFO : EventManager : Event: ======'rhythm_note_spawned'====== Args={'note_id': 26, 'lane': 'left', 'travel_ms': 1600, 'hit_time_ms': 12100}
2026-04-16 14:40:31,058 : INFO : SwitchController : <<<<<<< 's_action_button' active >>>>>>>
2026-04-16 14:40:31,059 : INFO : EventManager : Event: ======'rhythm_lane_pressed'====== Args={'lane': 'center'}
2026-04-16 14:40:31,059 : INFO : EventManager : Event: ======'player_rhythm_combo'====== Args={'value': 13, 'prev_value': 12, 'change': 1, 'player_num': 1}
2026-04-16 14:40:31,059 : INFO : EventManager : Event: ======'player_rhythm_best_combo'====== Args={'value': 13, 'prev_value': 12, 'change': 1, 'player_num': 1}
2026-04-16 14:40:31,059 : INFO : EventManager : Event: ======'player_rhythm_hits'====== Args={'value': 20, 'prev_value': 19, 'change': 1, 'player_num': 1}
2026-04-16 14:40:31,059 : INFO : EventManager : Event: ======'player_rhythm_mode_score'====== Args={'value': 460000, 'prev_value': 420000, 'change': 40000, 'player_num': 1}
2026-04-16 14:40:31,060 : INFO : EventManager : Event: ======'player_score'====== Args={'value': 460000, 'prev_value': 420000, 'change': 40000, 'player_num': 1}
2026-04-16 14:40:31,060 : INFO : EventManager : Event: ======'rhythm_note_hit'====== Args={'note_id': 22, 'lane': 'center', 'judgment': 'perfect', 'combo': 13, 'multiplier': 2, 'award': 40000, 'delta_ms': 31, 'total_score': 460000}
2026-04-16 14:40:31,060 : INFO : EventManager : Event: ======'machine_var_audits_switches_s_action_button'====== Args={'value': 162, 'prev_value': 161, 'change': 1}
2026-04-16 14:40:31,092 : INFO : SwitchController : <<<<<<< 's_flipper_right' active >>>>>>>
2026-04-16 14:40:31,092 : INFO : EventManager : Event: ======'rhythm_lane_pressed'====== Args={'lane': 'right'}
2026-04-16 14:40:31,092 : INFO : EventManager : Event: ======'player_rhythm_combo'====== Args={'value': 14, 'prev_value': 13, 'change': 1, 'player_num': 1}
2026-04-16 14:40:31,093 : INFO : EventManager : Event: ======'player_rhythm_best_combo'====== Args={'value': 14, 'prev_value': 13, 'change': 1, 'player_num': 1}
2026-04-16 14:40:31,093 : INFO : EventManager : Event: ======'player_rhythm_hits'====== Args={'value': 21, 'prev_value': 20, 'change': 1, 'player_num': 1}
2026-04-16 14:40:31,093 : INFO : EventManager : Event: ======'player_rhythm_mode_score'====== Args={'value': 500000, 'prev_value': 460000, 'change': 40000, 'player_num': 1}
2026-04-16 14:40:31,093 : INFO : EventManager : Event: ======'player_score'====== Args={'value': 500000, 'prev_value': 460000, 'change': 40000, 'player_num': 1}
2026-04-16 14:40:31,094 : INFO : EventManager : Event: ======'rhythm_note_hit'====== Args={'note_id': 23, 'lane': 'right', 'judgment': 'perfect', 'combo': 14, 'multiplier': 2, 'award': 40000, 'delta_ms': 65, 'total_score': 500000}
2026-04-16 14:40:31,094 : INFO : EventManager : Event: ======'machine_var_audits_switches_s_flipper_right'====== Args={'value': 195, 'prev_value': 194, 'change': 1}
2026-04-16 14:40:31,230 : INFO : EventManager : Event: ======'rhythm_note_spawned'====== Args={'note_id': 27, 'lane': 'right', 'travel_ms': 1600, 'hit_time_ms': 12500}
2026-04-16 14:40:31,242 : INFO : SwitchController : <<<<<<< 's_flipper_right' inactive >>>>>>>
2026-04-16 14:40:31,258 : INFO : SwitchController : <<<<<<< 's_action_button' inactive >>>>>>>
2026-04-16 14:40:31,625 : INFO : SwitchController : <<<<<<< 's_flipper_left' active >>>>>>>
2026-04-16 14:40:31,626 : INFO : EventManager : Event: ======'rhythm_lane_pressed'====== Args={'lane': 'left'}
2026-04-16 14:40:31,626 : INFO : EventManager : Event: ======'player_rhythm_combo'====== Args={'value': 15, 'prev_value': 14, 'change': 1, 'player_num': 1}
2026-04-16 14:40:31,626 : INFO : EventManager : Event: ======'player_rhythm_best_combo'====== Args={'value': 15, 'prev_value': 14, 'change': 1, 'player_num': 1}
2026-04-16 14:40:31,626 : INFO : EventManager : Event: ======'player_rhythm_hits'====== Args={'value': 22, 'prev_value': 21, 'change': 1, 'player_num': 1}
2026-04-16 14:40:31,627 : INFO : EventManager : Event: ======'player_rhythm_mode_score'====== Args={'value': 540000, 'prev_value': 500000, 'change': 40000, 'player_num': 1}
2026-04-16 14:40:31,627 : INFO : EventManager : Event: ======'player_score'====== Args={'value': 540000, 'prev_value': 500000, 'change': 40000, 'player_num': 1}
2026-04-16 14:40:31,627 : INFO : EventManager : Event: ======'rhythm_note_hit'====== Args={'note_id': 24, 'lane': 'left', 'judgment': 'perfect', 'combo': 15, 'multiplier': 2, 'award': 40000, 'delta_ms': 2, 'total_score': 540000}
2026-04-16 14:40:31,627 : INFO : EventManager : Event: ======'machine_var_audits_switches_s_flipper_left'====== Args={'value': 205, 'prev_value': 204, 'change': 1}
2026-04-16 14:40:31,629 : INFO : EventManager : Event: ======'rhythm_note_spawned'====== Args={'note_id': 28, 'lane': 'center', 'travel_ms': 1600, 'hit_time_ms': 12900}
2026-04-16 14:40:31,775 : INFO : SwitchController : <<<<<<< 's_flipper_left' inactive >>>>>>>
2026-04-16 14:40:32,030 : INFO : EventManager : Event: ======'rhythm_note_spawned'====== Args={'note_id': 29, 'lane': 'right', 'travel_ms': 1600, 'hit_time_ms': 13300}
2026-04-16 14:40:32,142 : INFO : SwitchController : <<<<<<< 's_action_button' active >>>>>>>
2026-04-16 14:40:32,142 : INFO : EventManager : Event: ======'rhythm_lane_pressed'====== Args={'lane': 'center'}
2026-04-16 14:40:32,142 : INFO : EventManager : Event: ======'player_rhythm_combo'====== Args={'value': 16, 'prev_value': 15, 'change': 1, 'player_num': 1}
2026-04-16 14:40:32,142 : INFO : EventManager : Event: ======'player_rhythm_best_combo'====== Args={'value': 16, 'prev_value': 15, 'change': 1, 'player_num': 1}
2026-04-16 14:40:32,142 : INFO : EventManager : Event: ======'player_rhythm_hits'====== Args={'value': 23, 'prev_value': 22, 'change': 1, 'player_num': 1}
2026-04-16 14:40:32,143 : INFO : EventManager : Event: ======'player_rhythm_mode_score'====== Args={'value': 560000, 'prev_value': 540000, 'change': 20000, 'player_num': 1}
2026-04-16 14:40:32,143 : INFO : EventManager : Event: ======'player_score'====== Args={'value': 560000, 'prev_value': 540000, 'change': 20000, 'player_num': 1}
2026-04-16 14:40:32,143 : INFO : EventManager : Event: ======'rhythm_note_hit'====== Args={'note_id': 25, 'lane': 'center', 'judgment': 'good', 'combo': 16, 'multiplier': 2, 'award': 20000, 'delta_ms': 115, 'total_score': 560000}
2026-04-16 14:40:32,143 : INFO : EventManager : Event: ======'machine_var_audits_switches_s_action_button'====== Args={'value': 163, 'prev_value': 162, 'change': 1}
2026-04-16 14:40:32,225 : INFO : SwitchController : <<<<<<< 's_action_button' inactive >>>>>>>
2026-04-16 14:40:32,409 : INFO : SwitchController : <<<<<<< 's_flipper_left' active >>>>>>>
2026-04-16 14:40:32,409 : INFO : EventManager : Event: ======'rhythm_lane_pressed'====== Args={'lane': 'left'}
2026-04-16 14:40:32,409 : INFO : EventManager : Event: ======'player_rhythm_combo'====== Args={'value': 17, 'prev_value': 16, 'change': 1, 'player_num': 1}
2026-04-16 14:40:32,409 : INFO : EventManager : Event: ======'player_rhythm_best_combo'====== Args={'value': 17, 'prev_value': 16, 'change': 1, 'player_num': 1}
2026-04-16 14:40:32,410 : INFO : EventManager : Event: ======'player_rhythm_hits'====== Args={'value': 24, 'prev_value': 23, 'change': 1, 'player_num': 1}
2026-04-16 14:40:32,410 : INFO : EventManager : Event: ======'player_rhythm_multiplier'====== Args={'value': 3, 'prev_value': 2, 'change': 1, 'player_num': 1}
2026-04-16 14:40:32,410 : INFO : EventManager : Event: ======'player_rhythm_mode_score'====== Args={'value': 620000, 'prev_value': 560000, 'change': 60000, 'player_num': 1}
2026-04-16 14:40:32,410 : INFO : EventManager : Event: ======'player_score'====== Args={'value': 620000, 'prev_value': 560000, 'change': 60000, 'player_num': 1}
2026-04-16 14:40:32,411 : INFO : EventManager : Event: ======'rhythm_note_hit'====== Args={'note_id': 26, 'lane': 'left', 'judgment': 'perfect', 'combo': 17, 'multiplier': 3, 'award': 60000, 'delta_ms': 18, 'total_score': 620000}
2026-04-16 14:40:32,411 : INFO : EventManager : Event: ======'machine_var_audits_switches_s_flipper_left'====== Args={'value': 206, 'prev_value': 205, 'change': 1}
2026-04-16 14:40:32,430 : INFO : EventManager : Event: ======'rhythm_note_spawned'====== Args={'note_id': 30, 'lane': 'left', 'travel_ms': 1600, 'hit_time_ms': 13700}
2026-04-16 14:40:32,431 : INFO : EventManager : Event: ======'rhythm_note_spawned'====== Args={'note_id': 31, 'lane': 'center', 'travel_ms': 1600, 'hit_time_ms': 13700}
2026-04-16 14:40:32,525 : INFO : SwitchController : <<<<<<< 's_flipper_left' inactive >>>>>>>
2026-04-16 14:40:32,792 : INFO : SwitchController : <<<<<<< 's_flipper_right' active >>>>>>>
2026-04-16 14:40:32,792 : INFO : EventManager : Event: ======'rhythm_lane_pressed'====== Args={'lane': 'right'}
2026-04-16 14:40:32,792 : INFO : EventManager : Event: ======'player_rhythm_combo'====== Args={'value': 18, 'prev_value': 17, 'change': 1, 'player_num': 1}
2026-04-16 14:40:32,793 : INFO : EventManager : Event: ======'player_rhythm_best_combo'====== Args={'value': 18, 'prev_value': 17, 'change': 1, 'player_num': 1}
2026-04-16 14:40:32,793 : INFO : EventManager : Event: ======'player_rhythm_hits'====== Args={'value': 25, 'prev_value': 24, 'change': 1, 'player_num': 1}
2026-04-16 14:40:32,793 : INFO : EventManager : Event: ======'player_rhythm_mode_score'====== Args={'value': 680000, 'prev_value': 620000, 'change': 60000, 'player_num': 1}
2026-04-16 14:40:32,793 : INFO : EventManager : Event: ======'player_score'====== Args={'value': 680000, 'prev_value': 620000, 'change': 60000, 'player_num': 1}
2026-04-16 14:40:32,793 : INFO : EventManager : Event: ======'rhythm_note_hit'====== Args={'note_id': 27, 'lane': 'right', 'judgment': 'perfect', 'combo': 18, 'multiplier': 3, 'award': 60000, 'delta_ms': 35, 'total_score': 680000}
2026-04-16 14:40:32,794 : INFO : EventManager : Event: ======'machine_var_audits_switches_s_flipper_right'====== Args={'value': 196, 'prev_value': 195, 'change': 1}
2026-04-16 14:40:32,925 : INFO : SwitchController : <<<<<<< 's_flipper_right' inactive >>>>>>>
2026-04-16 14:40:33,030 : INFO : EventManager : Event: ======'rhythm_note_spawned'====== Args={'note_id': 32, 'lane': 'center', 'travel_ms': 1600, 'hit_time_ms': 14300}
2026-04-16 14:40:33,292 : INFO : SwitchController : <<<<<<< 's_action_button' active >>>>>>>
2026-04-16 14:40:33,292 : INFO : EventManager : Event: ======'rhythm_lane_pressed'====== Args={'lane': 'center'}
2026-04-16 14:40:33,292 : INFO : EventManager : Event: ======'player_rhythm_combo'====== Args={'value': 19, 'prev_value': 18, 'change': 1, 'player_num': 1}
2026-04-16 14:40:33,292 : INFO : EventManager : Event: ======'player_rhythm_best_combo'====== Args={'value': 19, 'prev_value': 18, 'change': 1, 'player_num': 1}
2026-04-16 14:40:33,293 : INFO : EventManager : Event: ======'player_rhythm_hits'====== Args={'value': 26, 'prev_value': 25, 'change': 1, 'player_num': 1}
2026-04-16 14:40:33,293 : INFO : EventManager : Event: ======'player_rhythm_mode_score'====== Args={'value': 740000, 'prev_value': 680000, 'change': 60000, 'player_num': 1}
2026-04-16 14:40:33,293 : INFO : EventManager : Event: ======'player_score'====== Args={'value': 740000, 'prev_value': 680000, 'change': 60000, 'player_num': 1}
2026-04-16 14:40:33,293 : INFO : EventManager : Event: ======'rhythm_note_hit'====== Args={'note_id': 28, 'lane': 'center', 'judgment': 'perfect', 'combo': 19, 'multiplier': 3, 'award': 60000, 'delta_ms': 65, 'total_score': 740000}
2026-04-16 14:40:33,293 : INFO : EventManager : Event: ======'machine_var_audits_switches_s_action_button'====== Args={'value': 164, 'prev_value': 163, 'change': 1}
2026-04-16 14:40:33,425 : INFO : SwitchController : <<<<<<< 's_action_button' inactive >>>>>>>
2026-04-16 14:40:33,430 : INFO : EventManager : Event: ======'rhythm_note_spawned'====== Args={'note_id': 33, 'lane': 'right', 'travel_ms': 1600, 'hit_time_ms': 14700}
2026-04-16 14:40:33,559 : INFO : SwitchController : <<<<<<< 's_flipper_right' active >>>>>>>
2026-04-16 14:40:33,559 : INFO : EventManager : Event: ======'rhythm_lane_pressed'====== Args={'lane': 'right'}
2026-04-16 14:40:33,559 : INFO : EventManager : Event: ======'player_rhythm_combo'====== Args={'value': 20, 'prev_value': 19, 'change': 1, 'player_num': 1}
2026-04-16 14:40:33,559 : INFO : EventManager : Event: ======'player_rhythm_best_combo'====== Args={'value': 20, 'prev_value': 19, 'change': 1, 'player_num': 1}
2026-04-16 14:40:33,560 : INFO : EventManager : Event: ======'player_rhythm_hits'====== Args={'value': 27, 'prev_value': 26, 'change': 1, 'player_num': 1}
2026-04-16 14:40:33,560 : INFO : EventManager : Event: ======'player_rhythm_mode_score'====== Args={'value': 800000, 'prev_value': 740000, 'change': 60000, 'player_num': 1}
2026-04-16 14:40:33,560 : INFO : EventManager : Event: ======'player_score'====== Args={'value': 800000, 'prev_value': 740000, 'change': 60000, 'player_num': 1}
2026-04-16 14:40:33,560 : INFO : EventManager : Event: ======'rhythm_note_hit'====== Args={'note_id': 29, 'lane': 'right', 'judgment': 'perfect', 'combo': 20, 'multiplier': 3, 'award': 60000, 'delta_ms': 68, 'total_score': 800000}
2026-04-16 14:40:33,560 : INFO : EventManager : Event: ======'machine_var_audits_switches_s_flipper_right'====== Args={'value': 197, 'prev_value': 196, 'change': 1}
2026-04-16 14:40:33,708 : INFO : SwitchController : <<<<<<< 's_flipper_right' inactive >>>>>>>
2026-04-16 14:40:33,830 : INFO : EventManager : Event: ======'rhythm_note_spawned'====== Args={'note_id': 34, 'lane': 'left', 'travel_ms': 1600, 'hit_time_ms': 15100}
2026-04-16 14:40:34,058 : INFO : SwitchController : <<<<<<< 's_flipper_left' active >>>>>>>
2026-04-16 14:40:34,059 : INFO : EventManager : Event: ======'rhythm_lane_pressed'====== Args={'lane': 'left'}
2026-04-16 14:40:34,059 : INFO : EventManager : Event: ======'player_rhythm_combo'====== Args={'value': 21, 'prev_value': 20, 'change': 1, 'player_num': 1}
2026-04-16 14:40:34,059 : INFO : EventManager : Event: ======'player_rhythm_best_combo'====== Args={'value': 21, 'prev_value': 20, 'change': 1, 'player_num': 1}
2026-04-16 14:40:34,059 : INFO : EventManager : Event: ======'player_rhythm_hits'====== Args={'value': 28, 'prev_value': 27, 'change': 1, 'player_num': 1}
2026-04-16 14:40:34,060 : INFO : EventManager : Event: ======'player_rhythm_mode_score'====== Args={'value': 860000, 'prev_value': 800000, 'change': 60000, 'player_num': 1}
2026-04-16 14:40:34,060 : INFO : EventManager : Event: ======'player_score'====== Args={'value': 860000, 'prev_value': 800000, 'change': 60000, 'player_num': 1}
2026-04-16 14:40:34,060 : INFO : EventManager : Event: ======'rhythm_note_hit'====== Args={'note_id': 30, 'lane': 'left', 'judgment': 'perfect', 'combo': 21, 'multiplier': 3, 'award': 60000, 'delta_ms': 31, 'total_score': 860000}
2026-04-16 14:40:34,060 : INFO : EventManager : Event: ======'machine_var_audits_switches_s_flipper_left'====== Args={'value': 207, 'prev_value': 206, 'change': 1}
2026-04-16 14:40:34,060 : INFO : SwitchController : <<<<<<< 's_action_button' active >>>>>>>
2026-04-16 14:40:34,060 : INFO : EventManager : Event: ======'rhythm_lane_pressed'====== Args={'lane': 'center'}
2026-04-16 14:40:34,060 : INFO : EventManager : Event: ======'player_rhythm_combo'====== Args={'value': 22, 'prev_value': 21, 'change': 1, 'player_num': 1}
2026-04-16 14:40:34,061 : INFO : EventManager : Event: ======'player_rhythm_best_combo'====== Args={'value': 22, 'prev_value': 21, 'change': 1, 'player_num': 1}
2026-04-16 14:40:34,061 : INFO : EventManager : Event: ======'player_rhythm_hits'====== Args={'value': 29, 'prev_value': 28, 'change': 1, 'player_num': 1}
2026-04-16 14:40:34,061 : INFO : EventManager : Event: ======'player_rhythm_mode_score'====== Args={'value': 920000, 'prev_value': 860000, 'change': 60000, 'player_num': 1}
2026-04-16 14:40:34,061 : INFO : EventManager : Event: ======'player_score'====== Args={'value': 920000, 'prev_value': 860000, 'change': 60000, 'player_num': 1}
2026-04-16 14:40:34,062 : INFO : EventManager : Event: ======'rhythm_note_hit'====== Args={'note_id': 31, 'lane': 'center', 'judgment': 'perfect', 'combo': 22, 'multiplier': 3, 'award': 60000, 'delta_ms': 33, 'total_score': 920000}
2026-04-16 14:40:34,062 : INFO : EventManager : Event: ======'machine_var_audits_switches_s_action_button'====== Args={'value': 165, 'prev_value': 164, 'change': 1}
2026-04-16 14:40:34,209 : INFO : SwitchController : <<<<<<< 's_flipper_left' inactive >>>>>>>
2026-04-16 14:40:34,225 : INFO : SwitchController : <<<<<<< 's_action_button' inactive >>>>>>>
2026-04-16 14:40:34,230 : INFO : EventManager : Event: ======'rhythm_note_spawned'====== Args={'note_id': 35, 'lane': 'center', 'travel_ms': 1600, 'hit_time_ms': 15500}
2026-04-16 14:40:34,711 : INFO : SwitchController : <<<<<<< 's_action_button' active >>>>>>>
2026-04-16 14:40:34,711 : INFO : EventManager : Event: ======'rhythm_lane_pressed'====== Args={'lane': 'center'}
2026-04-16 14:40:34,712 : INFO : EventManager : Event: ======'player_rhythm_combo'====== Args={'value': 23, 'prev_value': 22, 'change': 1, 'player_num': 1}
2026-04-16 14:40:34,712 : INFO : EventManager : Event: ======'player_rhythm_best_combo'====== Args={'value': 23, 'prev_value': 22, 'change': 1, 'player_num': 1}
2026-04-16 14:40:34,712 : INFO : EventManager : Event: ======'player_rhythm_hits'====== Args={'value': 30, 'prev_value': 29, 'change': 1, 'player_num': 1}
2026-04-16 14:40:34,712 : INFO : EventManager : Event: ======'player_rhythm_mode_score'====== Args={'value': 980000, 'prev_value': 920000, 'change': 60000, 'player_num': 1}
2026-04-16 14:40:34,712 : INFO : EventManager : Event: ======'player_score'====== Args={'value': 980000, 'prev_value': 920000, 'change': 60000, 'player_num': 1}
2026-04-16 14:40:34,712 : INFO : EventManager : Event: ======'rhythm_note_hit'====== Args={'note_id': 32, 'lane': 'center', 'judgment': 'perfect', 'combo': 23, 'multiplier': 3, 'award': 60000, 'delta_ms': 84, 'total_score': 980000}
2026-04-16 14:40:34,713 : INFO : EventManager : Event: ======'machine_var_audits_switches_s_action_button'====== Args={'value': 166, 'prev_value': 165, 'change': 1}
2026-04-16 14:40:34,825 : INFO : SwitchController : <<<<<<< 's_action_button' inactive >>>>>>>
2026-04-16 14:40:34,830 : INFO : EventManager : Event: ======'rhythm_note_spawned'====== Args={'note_id': 36, 'lane': 'left', 'travel_ms': 1600, 'hit_time_ms': 16100}
2026-04-16 14:40:34,830 : INFO : EventManager : Event: ======'rhythm_note_spawned'====== Args={'note_id': 37, 'lane': 'right', 'travel_ms': 1600, 'hit_time_ms': 16100}
2026-04-16 14:40:35,042 : INFO : SwitchController : <<<<<<< 's_flipper_right' active >>>>>>>
2026-04-16 14:40:35,042 : INFO : EventManager : Event: ======'rhythm_lane_pressed'====== Args={'lane': 'right'}
2026-04-16 14:40:35,042 : INFO : EventManager : Event: ======'player_rhythm_combo'====== Args={'value': 24, 'prev_value': 23, 'change': 1, 'player_num': 1}
2026-04-16 14:40:35,042 : INFO : EventManager : Event: ======'player_rhythm_best_combo'====== Args={'value': 24, 'prev_value': 23, 'change': 1, 'player_num': 1}
2026-04-16 14:40:35,043 : INFO : EventManager : Event: ======'player_rhythm_hits'====== Args={'value': 31, 'prev_value': 30, 'change': 1, 'player_num': 1}
2026-04-16 14:40:35,043 : INFO : EventManager : Event: ======'player_rhythm_mode_score'====== Args={'value': 1040000, 'prev_value': 980000, 'change': 60000, 'player_num': 1}
2026-04-16 14:40:35,043 : INFO : EventManager : Event: ======'player_score'====== Args={'value': 1040000, 'prev_value': 980000, 'change': 60000, 'player_num': 1}
2026-04-16 14:40:35,043 : INFO : EventManager : Event: ======'rhythm_note_hit'====== Args={'note_id': 33, 'lane': 'right', 'judgment': 'perfect', 'combo': 24, 'multiplier': 3, 'award': 60000, 'delta_ms': 15, 'total_score': 1040000}
2026-04-16 14:40:35,043 : INFO : EventManager : Event: ======'machine_var_audits_switches_s_flipper_right'====== Args={'value': 198, 'prev_value': 197, 'change': 1}
2026-04-16 14:40:35,226 : INFO : SwitchController : <<<<<<< 's_flipper_right' inactive >>>>>>>
2026-04-16 14:40:35,425 : INFO : SwitchController : <<<<<<< 's_flipper_left' active >>>>>>>
2026-04-16 14:40:35,426 : INFO : EventManager : Event: ======'rhythm_lane_pressed'====== Args={'lane': 'left'}
2026-04-16 14:40:35,426 : INFO : EventManager : Event: ======'player_rhythm_combo'====== Args={'value': 25, 'prev_value': 24, 'change': 1, 'player_num': 1}
2026-04-16 14:40:35,426 : INFO : EventManager : Event: ======'player_rhythm_best_combo'====== Args={'value': 25, 'prev_value': 24, 'change': 1, 'player_num': 1}
2026-04-16 14:40:35,426 : INFO : EventManager : Event: ======'player_rhythm_hits'====== Args={'value': 32, 'prev_value': 31, 'change': 1, 'player_num': 1}
2026-04-16 14:40:35,427 : INFO : EventManager : Event: ======'player_rhythm_multiplier'====== Args={'value': 4, 'prev_value': 3, 'change': 1, 'player_num': 1}
2026-04-16 14:40:35,427 : INFO : EventManager : Event: ======'player_rhythm_mode_score'====== Args={'value': 1120000, 'prev_value': 1040000, 'change': 80000, 'player_num': 1}
2026-04-16 14:40:35,427 : INFO : EventManager : Event: ======'player_score'====== Args={'value': 1120000, 'prev_value': 1040000, 'change': 80000, 'player_num': 1}
2026-04-16 14:40:35,427 : INFO : EventManager : Event: ======'rhythm_note_hit'====== Args={'note_id': 34, 'lane': 'left', 'judgment': 'perfect', 'combo': 25, 'multiplier': 4, 'award': 80000, 'delta_ms': 2, 'total_score': 1120000}
2026-04-16 14:40:35,427 : INFO : EventManager : Event: ======'machine_var_audits_switches_s_flipper_left'====== Args={'value': 208, 'prev_value': 207, 'change': 1}
2026-04-16 14:40:35,542 : INFO : SwitchController : <<<<<<< 's_flipper_left' inactive >>>>>>>
2026-04-16 14:40:35,892 : INFO : SwitchController : <<<<<<< 's_action_button' active >>>>>>>
2026-04-16 14:40:35,892 : INFO : EventManager : Event: ======'rhythm_lane_pressed'====== Args={'lane': 'center'}
2026-04-16 14:40:35,892 : INFO : EventManager : Event: ======'player_rhythm_combo'====== Args={'value': 26, 'prev_value': 25, 'change': 1, 'player_num': 1}
2026-04-16 14:40:35,892 : INFO : EventManager : Event: ======'player_rhythm_best_combo'====== Args={'value': 26, 'prev_value': 25, 'change': 1, 'player_num': 1}
2026-04-16 14:40:35,893 : INFO : EventManager : Event: ======'player_rhythm_hits'====== Args={'value': 33, 'prev_value': 32, 'change': 1, 'player_num': 1}
2026-04-16 14:40:35,893 : INFO : EventManager : Event: ======'player_rhythm_mode_score'====== Args={'value': 1200000, 'prev_value': 1120000, 'change': 80000, 'player_num': 1}
2026-04-16 14:40:35,893 : INFO : EventManager : Event: ======'player_score'====== Args={'value': 1200000, 'prev_value': 1120000, 'change': 80000, 'player_num': 1}
2026-04-16 14:40:35,893 : INFO : EventManager : Event: ======'rhythm_note_hit'====== Args={'note_id': 35, 'lane': 'center', 'judgment': 'perfect', 'combo': 26, 'multiplier': 4, 'award': 80000, 'delta_ms': 65, 'total_score': 1200000}
2026-04-16 14:40:35,893 : INFO : EventManager : Event: ======'machine_var_audits_switches_s_action_button'====== Args={'value': 167, 'prev_value': 166, 'change': 1}
2026-04-16 14:40:36,025 : INFO : SwitchController : <<<<<<< 's_action_button' inactive >>>>>>>
2026-04-16 14:40:36,492 : INFO : SwitchController : <<<<<<< 's_flipper_right' active >>>>>>>
2026-04-16 14:40:36,492 : INFO : EventManager : Event: ======'rhythm_lane_pressed'====== Args={'lane': 'right'}
2026-04-16 14:40:36,492 : INFO : EventManager : Event: ======'player_rhythm_combo'====== Args={'value': 27, 'prev_value': 26, 'change': 1, 'player_num': 1}
2026-04-16 14:40:36,493 : INFO : EventManager : Event: ======'player_rhythm_best_combo'====== Args={'value': 27, 'prev_value': 26, 'change': 1, 'player_num': 1}
2026-04-16 14:40:36,493 : INFO : EventManager : Event: ======'player_rhythm_hits'====== Args={'value': 34, 'prev_value': 33, 'change': 1, 'player_num': 1}
2026-04-16 14:40:36,493 : INFO : EventManager : Event: ======'player_rhythm_mode_score'====== Args={'value': 1280000, 'prev_value': 1200000, 'change': 80000, 'player_num': 1}
2026-04-16 14:40:36,494 : INFO : EventManager : Event: ======'player_score'====== Args={'value': 1280000, 'prev_value': 1200000, 'change': 80000, 'player_num': 1}
2026-04-16 14:40:36,494 : INFO : EventManager : Event: ======'rhythm_note_hit'====== Args={'note_id': 37, 'lane': 'right', 'judgment': 'perfect', 'combo': 27, 'multiplier': 4, 'award': 80000, 'delta_ms': 65, 'total_score': 1280000}
2026-04-16 14:40:36,494 : INFO : EventManager : Event: ======'machine_var_audits_switches_s_flipper_right'====== Args={'value': 199, 'prev_value': 198, 'change': 1}
2026-04-16 14:40:36,495 : INFO : SwitchController : <<<<<<< 's_flipper_left' active >>>>>>>
2026-04-16 14:40:36,495 : INFO : EventManager : Event: ======'flipper_cancel'====== Args={'triggering_group': 1, 'triggering_switch': 's_flipper_left'}
2026-04-16 14:40:36,495 : INFO : EventManager : Event: ======'rhythm_lane_pressed'====== Args={'lane': 'left'}
2026-04-16 14:40:36,495 : INFO : EventManager : Event: ======'player_rhythm_combo'====== Args={'value': 28, 'prev_value': 27, 'change': 1, 'player_num': 1}
2026-04-16 14:40:36,495 : INFO : EventManager : Event: ======'player_rhythm_best_combo'====== Args={'value': 28, 'prev_value': 27, 'change': 1, 'player_num': 1}
2026-04-16 14:40:36,495 : INFO : EventManager : Event: ======'player_rhythm_hits'====== Args={'value': 35, 'prev_value': 34, 'change': 1, 'player_num': 1}
2026-04-16 14:40:36,496 : INFO : EventManager : Event: ======'player_rhythm_mode_score'====== Args={'value': 1360000, 'prev_value': 1280000, 'change': 80000, 'player_num': 1}
2026-04-16 14:40:36,496 : INFO : EventManager : Event: ======'player_score'====== Args={'value': 1360000, 'prev_value': 1280000, 'change': 80000, 'player_num': 1}
2026-04-16 14:40:36,496 : INFO : EventManager : Event: ======'rhythm_note_hit'====== Args={'note_id': 36, 'lane': 'left', 'judgment': 'perfect', 'combo': 28, 'multiplier': 4, 'award': 80000, 'delta_ms': 68, 'total_score': 1360000}
2026-04-16 14:40:36,496 : INFO : EventManager : Event: ======'machine_var_audits_switches_s_flipper_left'====== Args={'value': 209, 'prev_value': 208, 'change': 1}
2026-04-16 14:40:36,676 : INFO : SwitchController : <<<<<<< 's_flipper_right' inactive >>>>>>>
2026-04-16 14:40:36,676 : INFO : EventManager : Event: ======'both_flippers_one'====== Args={'triggering_group': 2, 'triggering_switch': 's_flipper_right'}
2026-04-16 14:40:36,691 : INFO : SwitchController : <<<<<<< 's_flipper_left' inactive >>>>>>>
2026-04-16 14:40:36,692 : INFO : EventManager : Event: ======'both_flippers_inactive'====== Args={'triggering_group': 1, 'triggering_switch': 's_flipper_left'}
2026-04-16 14:40:36,850 : INFO : EventManager : Event: ======'player_rhythm_accuracy'====== Args={'value': 92, 'prev_value': 0, 'change': 92, 'player_num': 1}
2026-04-16 14:40:36,851 : INFO : EventManager : Event: ======'player_rhythm_multiplier'====== Args={'value': 1, 'prev_value': 4, 'change': -3, 'player_num': 1}
2026-04-16 14:40:36,851 : INFO : EventManager : Event: ======'rhythm_mode_finished'====== Args={'total_notes': 38, 'hits': 35, 'misses': 3, 'best_combo': 28, 'accuracy': 92, 'total_score': 1360000}
2026-04-16 14:40:38,452 : INFO : EventManager : Event: ======'mode_rhythm_will_stop'====== Args={}
2026-04-16 14:40:38,453 : INFO : EventManager : Event: ======'mode_rhythm_stopping'====== Args={}
2026-04-16 14:40:38,453 : INFO : Mode.rhythm : Stopped.
2026-04-16 14:40:38,454 : INFO : EventManager : Event: ======'modes_active_modes_changed'====== Args={}
2026-04-16 14:40:38,454 : INFO : EventManager : Event: ======'mode_rhythm_stopped'====== Args={}
2026-04-16 14:40:38,454 : INFO : EventManager : Event: ======'clear'====== Args={'key': 'rhythm'}
2026-04-16 14:40:38,476 : INFO : EventManager : Event: ======'slide_rhythm_inactive'====== Args={'is_removing': True, '_from_bcp': True}
2026-04-16 14:40:38,476 : INFO : EventManager : Event: ======'slide_base_slide_active'====== Args={'_from_bcp': True}
2026-04-16 14:40:38,477 : INFO : EventManager : Event: ======'slide_rhythm_removed'====== Args={'_from_bcp': True}
2026-04-16 14:40:39,548 : INFO : EventManager : Event: ======'balldevice_bd_trough_ball_eject_failed'====== Args={'target': <ball_device.bd_plunger>, 'balls': 1, 'retry': True, 'num_attempts': 2}
2026-04-16 14:40:39,548 : INFO : ball_device.bd_trough : State: waiting_for_target_ready
2026-04-16 14:40:39,548 : INFO : EventManager : Event: ======'balldevice_bd_trough_ball_eject_attempt'====== Args={'balls': 1, 'target': <ball_device.bd_plunger>, 'source': <ball_device.bd_trough>, 'mechanical_eject': False, 'num_attempts': 2}
2026-04-16 14:40:39,549 : INFO : ball_device.bd_trough : State: ejecting
2026-04-16 14:40:39,549 : INFO : ball_device.bd_trough : Ejecting ball to <ball_device.bd_plunger>
2026-04-16 14:40:39,549 : INFO : EventManager : Event: ======'balldevice_bd_trough_ejecting_ball'====== Args={'balls': 1, 'target': <ball_device.bd_plunger>, 'source': <ball_device.bd_trough>, 'mechanical_eject': False, 'num_attempts': 2}
2026-04-16 14:40:39,549 : INFO : ball_device.bd_trough : Wait for ball to leave device
2026-04-16 14:40:39,549 : INFO : coil.c_trough_eject : Pulsing Driver for 10ms (1.0 pulse_power)
2026-04-16 14:40:49,550 : INFO : EventManager : Event: ======'balldevice_bd_trough_ball_eject_failed'====== Args={'target': <ball_device.bd_plunger>, 'balls': 1, 'retry': True, 'num_attempts': 3}
2026-04-16 14:40:49,551 : INFO : ball_device.bd_trough : State: waiting_for_target_ready
2026-04-16 14:40:49,551 : INFO : EventManager : Event: ======'balldevice_bd_trough_ball_eject_attempt'====== Args={'balls': 1, 'target': <ball_device.bd_plunger>, 'source': <ball_device.bd_trough>, 'mechanical_eject': False, 'num_attempts': 3}
2026-04-16 14:40:49,552 : INFO : ball_device.bd_trough : State: ejecting
2026-04-16 14:40:49,552 : INFO : ball_device.bd_trough : Ejecting ball to <ball_device.bd_plunger>
2026-04-16 14:40:49,552 : INFO : EventManager : Event: ======'balldevice_bd_trough_ejecting_ball'====== Args={'balls': 1, 'target': <ball_device.bd_plunger>, 'source': <ball_device.bd_trough>, 'mechanical_eject': False, 'num_attempts': 3}
2026-04-16 14:40:49,552 : INFO : ball_device.bd_trough : Wait for ball to leave device
2026-04-16 14:40:49,552 : INFO : coil.c_trough_eject : Pulsing Driver for 10ms (1.0 pulse_power)
2026-04-16 14:40:54,696 : INFO : Machine : Shutting down...
2026-04-16 14:40:54,696 : INFO : EventManager : Event: ======'shutdown'====== Args={}
2026-04-16 14:40:54,697 : INFO : EventManager : Event: ======'mode_game_will_stop'====== Args={}
2026-04-16 14:40:54,697 : INFO : EventManager : Event: ======'mode_game_stopping'====== Args={}
2026-04-16 14:40:54,698 : INFO : EventManager : Event: ======'mode_bumpers_will_stop'====== Args={}
2026-04-16 14:40:54,698 : INFO : EventManager : Event: ======'mode_bumpers_stopping'====== Args={}
2026-04-16 14:40:54,698 : INFO : EventManager : Event: ======'mode_base_will_stop'====== Args={}
2026-04-16 14:40:54,698 : INFO : EventManager : Event: ======'mode_base_stopping'====== Args={}
2026-04-16 14:40:54,698 : INFO : EventManager : Event: ======'stop_mode_bumpers'====== Args={'priority': 0}
2026-04-16 14:40:54,698 : INFO : Mode.base : Stopped.
2026-04-16 14:40:54,698 : INFO : EventManager : Event: ======'modes_active_modes_changed'====== Args={}
2026-04-16 14:40:54,698 : INFO : EventManager : Event: ======'mode_base_stopped'====== Args={}
2026-04-16 14:40:54,698 : INFO : EventManager : Event: ======'clear'====== Args={'key': 'base'}
2026-04-16 14:40:54,699 : INFO : Mode.bumpers : Stopped.
2026-04-16 14:40:54,699 : INFO : EventManager : Event: ======'modes_active_modes_changed'====== Args={}
2026-04-16 14:40:54,699 : INFO : EventManager : Event: ======'mode_bumpers_stopped'====== Args={}
2026-04-16 14:40:54,699 : INFO : EventManager : Event: ======'clear'====== Args={'key': 'bumpers'}
2026-04-16 14:40:54,699 : INFO : Mode.game : Stopped.
2026-04-16 14:40:54,699 : INFO : EventManager : Event: ======'modes_active_modes_changed'====== Args={}
2026-04-16 14:40:54,699 : INFO : EventManager : Event: ======'mode_game_stopped'====== Args={}
2026-04-16 14:40:54,699 : INFO : EventManager : Event: ======'clear'====== Args={'key': 'game'}
2026-04-16 14:40:54,701 : INFO : root : MPF run loop ended.
