2026-04-20 18:14:14,303 : INFO : root : Loading config.
2026-04-20 18:14:14,350 : INFO : ConfigProcessor : Config spec file cache created: /var/folders/nw/6blj94p12ldcym3fj104vzlm0000gn/T/config_spec.mpf_cache
2026-04-20 18:14:14,350 : INFO : YamlMultifileConfigLoader : Machine config file #1: config.yaml
2026-04-20 18:14:14,350 : WARNING : ConfigProcessor : Config file in cache changed: /Users/willrante/Documents/GitHub/pinball/config/config.yaml
2026-04-20 18:14:14,350 : INFO : ConfigProcessor : Loading config from file /Users/willrante/mpf-env/lib/python3.14/site-packages/mpf/mpfconfig.yaml.
2026-04-20 18:14:14,361 : INFO : ConfigProcessor : Loading config: /Users/willrante/mpf-env/lib/python3.14/site-packages/mpf/mpfconfig.yaml
2026-04-20 18:14:14,361 : INFO : ConfigProcessor : Loading config from file /Users/willrante/Documents/GitHub/pinball/config/config.yaml.
2026-04-20 18:14:14,362 : INFO : ConfigProcessor : Loading config: /Users/willrante/Documents/GitHub/pinball/config/config.yaml
2026-04-20 18:14:14,362 : INFO : ConfigProcessor : Loading config: /Users/willrante/Documents/GitHub/pinball/config/config_ball_devices.yaml
2026-04-20 18:14:14,363 : INFO : ConfigProcessor : Loading config: /Users/willrante/Documents/GitHub/pinball/config/config_coils.yaml
2026-04-20 18:14:14,363 : INFO : ConfigProcessor : Loading config: /Users/willrante/Documents/GitHub/pinball/config/config_switches.yaml
2026-04-20 18:14:14,364 : INFO : ConfigProcessor : Config file cache created: /var/folders/nw/6blj94p12ldcym3fj104vzlm0000gn/T/b334f8a4e2121184f8a617378a4d1625.mpf_cache
2026-04-20 18:14:14,388 : INFO : ConfigProcessor : Loading config from cache: /var/folders/nw/6blj94p12ldcym3fj104vzlm0000gn/T/63da12c4cec82227b4c3859bbf3c7cd4.mpf_cache
2026-04-20 18:14:14,388 : INFO : ConfigProcessor : Loading config from cache: /var/folders/nw/6blj94p12ldcym3fj104vzlm0000gn/T/b8625db2ee8ad38c42d4f1c72235edc8.mpf_cache
2026-04-20 18:14:14,389 : INFO : ConfigProcessor : Loading config from cache: /var/folders/nw/6blj94p12ldcym3fj104vzlm0000gn/T/63da12c4cec82227b4c3859bbf3c7cd4.mpf_cache
2026-04-20 18:14:14,389 : INFO : ConfigProcessor : Loading config from cache: /var/folders/nw/6blj94p12ldcym3fj104vzlm0000gn/T/cfdfcb64dba57a34ef9374db95e57645.mpf_cache
2026-04-20 18:14:14,389 : INFO : ConfigProcessor : Loading config from cache: /var/folders/nw/6blj94p12ldcym3fj104vzlm0000gn/T/104947b35f87d581877cdaf02599b463.mpf_cache
2026-04-20 18:14:14,389 : INFO : ConfigProcessor : Loading config from cache: /var/folders/nw/6blj94p12ldcym3fj104vzlm0000gn/T/bc830d47d6fbb336561cc63e74edf2c9.mpf_cache
2026-04-20 18:14:14,389 : INFO : ConfigProcessor : Loading config from cache: /var/folders/nw/6blj94p12ldcym3fj104vzlm0000gn/T/4273c698423283a7843ff5c77ef69dc9.mpf_cache
2026-04-20 18:14:14,389 : INFO : ConfigProcessor : Loading config from cache: /var/folders/nw/6blj94p12ldcym3fj104vzlm0000gn/T/7424f2cce7b15e0b37e570d3514590c8.mpf_cache
2026-04-20 18:14:14,390 : INFO : Machine : Mission Pinball Framework Core Engine v0.80.0.dev13
2026-04-20 18:14:14,390 : INFO : Machine : Command line arguments: {'no_load_cache': False, 'create_config_cache': True, 'bcp': False, 'configfile': ['config.yaml'], 'force_assets_load': False, 'platform_integration_test': False, 'jsonlogging': False, 'logfile': 'logs/2026-04-20-18-14-14-mpf-Wills-MacBook-Pro-M5.local.log', 'pause': False, 'production': False, 'text_ui': False, 'loglevel': 15, 'consoleloglevel': 20, 'force_platform': None, 'syslog_address': None, 'full_logfile_path': '/Users/willrante/Documents/GitHub/pinball/logs/2026-04-20-18-14-14-mpf-Wills-MacBook-Pro-M5.local.log'}
2026-04-20 18:14:14,390 : INFO : Machine : MPF path: /Users/willrante/mpf-env/lib/python3.14/site-packages/mpf
2026-04-20 18:14:14,390 : INFO : Machine : Machine path: /Users/willrante/Documents/GitHub/pinball
2026-04-20 18:14:14,390 : INFO : Machine : Platform: darwin
2026-04-20 18:14:14,390 : INFO : Machine : Python executable location: /Users/willrante/mpf-env/bin/python3.14
2026-04-20 18:14:14,390 : INFO : Machine : Python version: 3.14.3 (64-bit)
2026-04-20 18:14:14,390 : INFO : Machine : Initializing MPF...
2026-04-20 18:14:14,417 : INFO : EventManager : Event: ======'machine_var_credits_string'====== Args={'value': 'FREE PLAY', 'prev_value': None, 'change': True}
2026-04-20 18:14:14,422 : INFO : EventManager : Event: ======'machine_var_master_volume'====== Args={'value': 0.5, 'prev_value': None, 'change': True}
2026-04-20 18:14:14,422 : INFO : EventManager : Event: ======'machine_var_mpf_version'====== Args={'value': 'Mission Pinball Framework v0.80.0.dev13', 'prev_value': None, 'change': True}
2026-04-20 18:14:14,422 : INFO : EventManager : Event: ======'machine_var_mpf_extended_version'====== Args={'value': 'Mission Pinball Framework v0.80.0.dev13, Config version:6, Show version: 6, BCP version:1.1', 'prev_value': None, 'change': True}
2026-04-20 18:14:14,424 : INFO : EventManager : Event: ======'machine_var_python_version'====== Args={'value': '3.14.3', 'prev_value': None, 'change': True}
2026-04-20 18:14:14,433 : INFO : EventManager : Event: ======'machine_var_platform'====== Args={'value': 'macOS-26.4.1-arm64-arm-64bit-Mach-O', 'prev_value': None, 'change': True}
2026-04-20 18:14:14,433 : INFO : EventManager : Event: ======'machine_var_platform_system'====== Args={'value': 'Darwin', 'prev_value': None, 'change': True}
2026-04-20 18:14:14,433 : INFO : EventManager : Event: ======'machine_var_platform_release'====== Args={'value': '25.4.0', 'prev_value': None, 'change': True}
2026-04-20 18:14:14,433 : INFO : EventManager : Event: ======'machine_var_platform_version'====== Args={'value': 'Darwin Kernel Version 25.4.0: Thu Mar 19 19:33:50 PDT 2026; root:xnu-12377.101.15~1/RELEASE_ARM64_T6050', 'prev_value': None, 'change': True}
2026-04-20 18:14:14,433 : INFO : EventManager : Event: ======'machine_var_platform_machine'====== Args={'value': 'arm64', 'prev_value': None, 'change': True}
2026-04-20 18:14:14,433 : INFO : EventManager : Event: ======'machine_var_log_file_path'====== Args={'value': '/Users/willrante/Documents/GitHub/pinball/logs/2026-04-20-18-14-14-mpf-Wills-MacBook-Pro-M5.local.log', 'prev_value': None, 'change': True}
2026-04-20 18:14:14,433 : INFO : EventManager : Event: ======'init_phase_1'====== Args={}
2026-04-20 18:14:14,439 : ERROR : asyncio : Exception in callback EventManager._async_handler_done()() at /Users/willrante/mpf-env/lib/python3.14/site-packages/mpf/core/events.py:124
handle: <Handle EventManager._async_handler_done()() at /Users/willrante/mpf-env/lib/python3.14/site-packages/mpf/core/events.py:124>
Traceback (most recent call last):
  File "/Library/Frameworks/Python.framework/Versions/3.14/lib/python3.14/asyncio/events.py", line 94, in _run
    self._context.run(self._callback, *self._args)
    ~~~~~~~~~~~~~~~~~^^^^^^^^^^^^^^^^^^^^^^^^^^^^^
  File "/Users/willrante/mpf-env/lib/python3.14/site-packages/mpf/core/events.py", line 127, in _async_handler_done
    future.result()
    ~~~~~~~~~~~~~^^
  File "/Users/willrante/mpf-env/lib/python3.14/site-packages/mpf/core/device_manager.py", line 88, in _load_device_modules
    self.load_devices_config(validate=True)
    ~~~~~~~~~~~~~~~~~~~~~~~~^^^^^^^^^^^^^^^
  File "/Users/willrante/mpf-env/lib/python3.14/site-packages/mpf/core/device_manager.py", line 146, in load_devices_config
    config[device_name] = collection[device_name].validate_and_parse_config(config[device_name], False)
                          ~~~~~~~~~~~~~~~~~~~~~~~~~~~~~~~~~~~~~~~~~~~~~~~~~^^^^^^^^^^^^^^^^^^^^^^^^^^^^
  File "/Users/willrante/mpf-env/lib/python3.14/site-packages/mpf/core/device.py", line 108, in validate_and_parse_config
    self.machine.config_validator.validate_config(
    ~~~~~~~~~~~~~~~~~~~~~~~~~~~~~~~~~~~~~~~~~~~~~^
        self.config_section, config, self.name, "device", prefix=debug_prefix)
        ^^^^^^^^^^^^^^^^^^^^^^^^^^^^^^^^^^^^^^^^^^^^^^^^^^^^^^^^^^^^^^^^^^^^^^
  File "/Users/willrante/mpf-env/lib/python3.14/site-packages/mpf/core/config_validator.py", line 164, in validate_config
    return self._validate_config(config_spec, source, base_spec=base_spec, add_missing_keys=add_missing_keys,
           ~~~~~~~~~~~~~~~~~~~~~^^^^^^^^^^^^^^^^^^^^^^^^^^^^^^^^^^^^^^^^^^^^^^^^^^^^^^^^^^^^^^^^^^^^^^^^^^^^^
                                 validation_failure_info=validation_failure_info)
                                 ^^^^^^^^^^^^^^^^^^^^^^^^^^^^^^^^^^^^^^^^^^^^^^^^
  File "/Users/willrante/mpf-env/lib/python3.14/site-packages/mpf/core/config_validator.py", line 204, in _validate_config
    processed_config[k] = self.validate_config_item(
                          ~~~~~~~~~~~~~~~~~~~~~~~~~^
        this_spec[k], item=source[k],
        ^^^^^^^^^^^^^^^^^^^^^^^^^^^^^
        validation_failure_info=ValidationPath(validation_failure_info, k))
        ^^^^^^^^^^^^^^^^^^^^^^^^^^^^^^^^^^^^^^^^^^^^^^^^^^^^^^^^^^^^^^^^^^^
  File "/Users/willrante/mpf-env/lib/python3.14/site-packages/mpf/core/config_validator.py", line 243, in validate_config_item
    return self.validate_item(item, validation, validation_failure_info)
           ~~~~~~~~~~~~~~~~~~^^^^^^^^^^^^^^^^^^^^^^^^^^^^^^^^^^^^^^^^^^^
  File "/Users/willrante/mpf-env/lib/python3.14/site-packages/mpf/core/config_validator.py", line 699, in validate_item
    return self.validator_list[validator](item, validation_failure_info=validation_failure_info, param=param)
           ~~~~~~~~~~~~~~~~~~~~~~~~~~~~~~^^^^^^^^^^^^^^^^^^^^^^^^^^^^^^^^^^^^^^^^^^^^^^^^^^^^^^^^^^^^^^^^^^^^
  File "/Users/willrante/mpf-env/lib/python3.14/site-packages/mpf/core/config_validator.py", line 413, in _validate_type_machine
    raise self.validation_error(item, validation_failure_info,
                                'Device "{}" not found in "{}:" section in your config.'.format(item, param),
                                6)
mpf.exceptions.config_file_error.ConfigFileError: Config File Error in ConfigValidator: Config validation error: Entry flippers:left_flipper:main_coil = "c_flipper_left_main" is not valid. Device "c_flipper_left_main" not found in "coils:" section in your config. Error Code: CFE-ConfigValidator-6 (https://missionpinball.org/latest/logs)
2026-04-20 18:14:14,440 : INFO : Machine : Starting the main run loop with active modes: []
2026-04-20 18:14:14,440 : WARNING : Machine : Attract mode is not active, game will not be playable. Please check your attract mode configuration.
2026-04-20 18:14:14,440 : INFO : Machine : Shutting down...
2026-04-20 18:14:14,440 : INFO : EventManager : Event: ======'shutdown'====== Args={}
2026-04-20 18:14:15,443 : ERROR : Machine : Runtime Exception
Traceback (most recent call last):
  File "/Users/willrante/mpf-env/lib/python3.14/site-packages/mpf/core/machine.py", line 810, in _run_loop
    raise self._exception['exception']
  File "/Library/Frameworks/Python.framework/Versions/3.14/lib/python3.14/asyncio/events.py", line 94, in _run
    self._context.run(self._callback, *self._args)
    ~~~~~~~~~~~~~~~~~^^^^^^^^^^^^^^^^^^^^^^^^^^^^^
  File "/Users/willrante/mpf-env/lib/python3.14/site-packages/mpf/core/events.py", line 127, in _async_handler_done
    future.result()
    ~~~~~~~~~~~~~^^
  File "/Users/willrante/mpf-env/lib/python3.14/site-packages/mpf/core/device_manager.py", line 88, in _load_device_modules
    self.load_devices_config(validate=True)
    ~~~~~~~~~~~~~~~~~~~~~~~~^^^^^^^^^^^^^^^
  File "/Users/willrante/mpf-env/lib/python3.14/site-packages/mpf/core/device_manager.py", line 146, in load_devices_config
    config[device_name] = collection[device_name].validate_and_parse_config(config[device_name], False)
                          ~~~~~~~~~~~~~~~~~~~~~~~~~~~~~~~~~~~~~~~~~~~~~~~~~^^^^^^^^^^^^^^^^^^^^^^^^^^^^
  File "/Users/willrante/mpf-env/lib/python3.14/site-packages/mpf/core/device.py", line 108, in validate_and_parse_config
    self.machine.config_validator.validate_config(
    ~~~~~~~~~~~~~~~~~~~~~~~~~~~~~~~~~~~~~~~~~~~~~^
        self.config_section, config, self.name, "device", prefix=debug_prefix)
        ^^^^^^^^^^^^^^^^^^^^^^^^^^^^^^^^^^^^^^^^^^^^^^^^^^^^^^^^^^^^^^^^^^^^^^
  File "/Users/willrante/mpf-env/lib/python3.14/site-packages/mpf/core/config_validator.py", line 164, in validate_config
    return self._validate_config(config_spec, source, base_spec=base_spec, add_missing_keys=add_missing_keys,
           ~~~~~~~~~~~~~~~~~~~~~^^^^^^^^^^^^^^^^^^^^^^^^^^^^^^^^^^^^^^^^^^^^^^^^^^^^^^^^^^^^^^^^^^^^^^^^^^^^^
                                 validation_failure_info=validation_failure_info)
                                 ^^^^^^^^^^^^^^^^^^^^^^^^^^^^^^^^^^^^^^^^^^^^^^^^
  File "/Users/willrante/mpf-env/lib/python3.14/site-packages/mpf/core/config_validator.py", line 204, in _validate_config
    processed_config[k] = self.validate_config_item(
                          ~~~~~~~~~~~~~~~~~~~~~~~~~^
        this_spec[k], item=source[k],
        ^^^^^^^^^^^^^^^^^^^^^^^^^^^^^
        validation_failure_info=ValidationPath(validation_failure_info, k))
        ^^^^^^^^^^^^^^^^^^^^^^^^^^^^^^^^^^^^^^^^^^^^^^^^^^^^^^^^^^^^^^^^^^^
  File "/Users/willrante/mpf-env/lib/python3.14/site-packages/mpf/core/config_validator.py", line 243, in validate_config_item
    return self.validate_item(item, validation, validation_failure_info)
           ~~~~~~~~~~~~~~~~~~^^^^^^^^^^^^^^^^^^^^^^^^^^^^^^^^^^^^^^^^^^^
  File "/Users/willrante/mpf-env/lib/python3.14/site-packages/mpf/core/config_validator.py", line 699, in validate_item
    return self.validator_list[validator](item, validation_failure_info=validation_failure_info, param=param)
           ~~~~~~~~~~~~~~~~~~~~~~~~~~~~~~^^^^^^^^^^^^^^^^^^^^^^^^^^^^^^^^^^^^^^^^^^^^^^^^^^^^^^^^^^^^^^^^^^^^
  File "/Users/willrante/mpf-env/lib/python3.14/site-packages/mpf/core/config_validator.py", line 413, in _validate_type_machine
    raise self.validation_error(item, validation_failure_info,
                                'Device "{}" not found in "{}:" section in your config.'.format(item, param),
                                6)
mpf.exceptions.config_file_error.ConfigFileError: Config File Error in ConfigValidator: Config validation error: Entry flippers:left_flipper:main_coil = "c_flipper_left_main" is not valid. Device "c_flipper_left_main" not found in "coils:" section in your config. Error Code: CFE-ConfigValidator-6 (https://missionpinball.org/latest/logs)
2026-04-20 18:14:15,450 : INFO : root : MPF run loop ended.
