2026-04-20 21:04:23,925 : INFO : root : Loading config.
2026-04-20 21:04:23,972 : INFO : ConfigProcessor : Config spec file cache created: /var/folders/nw/6blj94p12ldcym3fj104vzlm0000gn/T/config_spec.mpf_cache
2026-04-20 21:04:23,972 : INFO : YamlMultifileConfigLoader : Machine config file #1: config.yaml
2026-04-20 21:04:23,972 : INFO : ConfigProcessor : Loading config from cache: /var/folders/nw/6blj94p12ldcym3fj104vzlm0000gn/T/b334f8a4e2121184f8a617378a4d1625.mpf_cache
2026-04-20 21:04:23,997 : INFO : ConfigProcessor : Loading config from cache: /var/folders/nw/6blj94p12ldcym3fj104vzlm0000gn/T/63da12c4cec82227b4c3859bbf3c7cd4.mpf_cache
2026-04-20 21:04:23,998 : INFO : ConfigProcessor : Loading config from cache: /var/folders/nw/6blj94p12ldcym3fj104vzlm0000gn/T/b8625db2ee8ad38c42d4f1c72235edc8.mpf_cache
2026-04-20 21:04:23,998 : INFO : ConfigProcessor : Loading config from cache: /var/folders/nw/6blj94p12ldcym3fj104vzlm0000gn/T/63da12c4cec82227b4c3859bbf3c7cd4.mpf_cache
2026-04-20 21:04:23,998 : INFO : ConfigProcessor : Loading config from cache: /var/folders/nw/6blj94p12ldcym3fj104vzlm0000gn/T/cfdfcb64dba57a34ef9374db95e57645.mpf_cache
2026-04-20 21:04:23,998 : INFO : ConfigProcessor : Loading config from cache: /var/folders/nw/6blj94p12ldcym3fj104vzlm0000gn/T/104947b35f87d581877cdaf02599b463.mpf_cache
2026-04-20 21:04:23,998 : INFO : ConfigProcessor : Loading config from cache: /var/folders/nw/6blj94p12ldcym3fj104vzlm0000gn/T/bc830d47d6fbb336561cc63e74edf2c9.mpf_cache
2026-04-20 21:04:23,998 : INFO : ConfigProcessor : Loading config from cache: /var/folders/nw/6blj94p12ldcym3fj104vzlm0000gn/T/4273c698423283a7843ff5c77ef69dc9.mpf_cache
2026-04-20 21:04:23,999 : INFO : ConfigProcessor : Loading config from cache: /var/folders/nw/6blj94p12ldcym3fj104vzlm0000gn/T/7424f2cce7b15e0b37e570d3514590c8.mpf_cache
2026-04-20 21:04:23,999 : INFO : Machine : Mission Pinball Framework Core Engine v0.80.0.dev13
2026-04-20 21:04:23,999 : INFO : Machine : Command line arguments: {'no_load_cache': False, 'create_config_cache': True, 'bcp': True, 'configfile': ['config.yaml'], 'force_assets_load': False, 'platform_integration_test': False, 'jsonlogging': False, 'logfile': 'logs/2026-04-20-21-04-23-mpf-Wills-MacBook-Pro-M5.local.log', 'pause': False, 'production': False, 'text_ui': False, 'loglevel': 15, 'consoleloglevel': 20, 'force_platform': 'virtual', 'syslog_address': None, 'full_logfile_path': '/Users/willrante/Documents/GitHub/pinball/logs/2026-04-20-21-04-23-mpf-Wills-MacBook-Pro-M5.local.log'}
2026-04-20 21:04:23,999 : INFO : Machine : MPF path: /Users/willrante/mpf-env/lib/python3.14/site-packages/mpf
2026-04-20 21:04:23,999 : INFO : Machine : Machine path: /Users/willrante/Documents/GitHub/pinball
2026-04-20 21:04:23,999 : INFO : Machine : Platform: darwin
2026-04-20 21:04:23,999 : INFO : Machine : Python executable location: /Users/willrante/mpf-env/bin/python3.14
2026-04-20 21:04:23,999 : INFO : Machine : Python version: 3.14.3 (64-bit)
2026-04-20 21:04:23,999 : INFO : Machine : Initializing MPF...
2026-04-20 21:04:24,026 : INFO : EventManager : Event: ======'machine_var_credits_string'====== Args={'value': 'FREE PLAY', 'prev_value': None, 'change': True}
2026-04-20 21:04:24,031 : INFO : EventManager : Event: ======'machine_var_master_volume'====== Args={'value': 0.5, 'prev_value': None, 'change': True}
2026-04-20 21:04:24,031 : INFO : EventManager : Event: ======'machine_var_mpf_version'====== Args={'value': 'Mission Pinball Framework v0.80.0.dev13', 'prev_value': None, 'change': True}
2026-04-20 21:04:24,031 : INFO : EventManager : Event: ======'machine_var_mpf_extended_version'====== Args={'value': 'Mission Pinball Framework v0.80.0.dev13, Config version:6, Show version: 6, BCP version:1.1', 'prev_value': None, 'change': True}
2026-04-20 21:04:24,031 : INFO : EventManager : Event: ======'machine_var_python_version'====== Args={'value': '3.14.3', 'prev_value': None, 'change': True}
2026-04-20 21:04:24,038 : INFO : EventManager : Event: ======'machine_var_platform'====== Args={'value': 'macOS-26.4.1-arm64-arm-64bit-Mach-O', 'prev_value': None, 'change': True}
2026-04-20 21:04:24,038 : INFO : EventManager : Event: ======'machine_var_platform_system'====== Args={'value': 'Darwin', 'prev_value': None, 'change': True}
2026-04-20 21:04:24,038 : INFO : EventManager : Event: ======'machine_var_platform_release'====== Args={'value': '25.4.0', 'prev_value': None, 'change': True}
2026-04-20 21:04:24,038 : INFO : EventManager : Event: ======'machine_var_platform_version'====== Args={'value': 'Darwin Kernel Version 25.4.0: Thu Mar 19 19:33:50 PDT 2026; root:xnu-12377.101.15~1/RELEASE_ARM64_T6050', 'prev_value': None, 'change': True}
2026-04-20 21:04:24,038 : INFO : EventManager : Event: ======'machine_var_platform_machine'====== Args={'value': 'arm64', 'prev_value': None, 'change': True}
2026-04-20 21:04:24,038 : INFO : EventManager : Event: ======'machine_var_log_file_path'====== Args={'value': '/Users/willrante/Documents/GitHub/pinball/logs/2026-04-20-21-04-23-mpf-Wills-MacBook-Pro-M5.local.log', 'prev_value': None, 'change': True}
2026-04-20 21:04:24,038 : INFO : EventManager : Event: ======'init_phase_1'====== Args={}
2026-04-20 21:04:24,046 : INFO : EventManager : Event: ======'init_phase_2'====== Args={}
2026-04-20 21:04:24,046 : INFO : SwitchController : Found active switch: (1007, <Platform.Virtual>) <switch.s_trough_1>
2026-04-20 21:04:24,046 : INFO : SwitchController : Found active switch: (1008, <Platform.Virtual>) <switch.s_trough_2>
2026-04-20 21:04:24,046 : INFO : SwitchController : Found active switch: (1009, <Platform.Virtual>) <switch.s_trough_3>
2026-04-20 21:04:24,047 : INFO : EventManager : Event: ======'bcp_connection_attempt'====== Args={'name': 'local_display', 'host': 'localhost', 'port': 5050}
2026-04-20 21:04:24,047 : INFO : BCPClientSocket : Connecting BCP to 'local_display' at localhost:5050...
2026-04-20 21:04:29,878 : INFO : BCPClientSocket : Connected BCP to 'local_display' localhost:5050
2026-04-20 21:04:29,878 : INFO : EventManager : Event: ======'bcp_clients_connected'====== Args={}
2026-04-20 21:04:29,879 : INFO : ball_device.bd_plunger : BCH: Initial count: 0
2026-04-20 21:04:29,879 : INFO : ball_device.bd_plunger : State: idle
2026-04-20 21:04:29,880 : INFO : ball_device.bd_trough : BCH: Initial count: 3
2026-04-20 21:04:29,880 : INFO : ball_device.bd_trough : State: idle
2026-04-20 21:04:29,894 : INFO : EventManager : Event: ======'init_phase_3'====== Args={}
2026-04-20 21:04:29,895 : INFO : EventManager : Event: ======'init_phase_4'====== Args={}
2026-04-20 21:04:29,896 : INFO : BallController : Initial balls found: 3
2026-04-20 21:04:29,896 : INFO : EventManager : Event: ======'machine_var_audits_events_game_ended'====== Args={'value': 0, 'prev_value': None, 'change': True}
2026-04-20 21:04:29,896 : INFO : EventManager : Event: ======'machine_var_audits_events_game_started'====== Args={'value': 66, 'prev_value': None, 'change': True}
2026-04-20 21:04:29,896 : INFO : EventManager : Event: ======'machine_var_audits_missing_switches_s_bumper_left'====== Args={'value': 2, 'prev_value': None, 'change': True}
2026-04-20 21:04:29,896 : INFO : EventManager : Event: ======'machine_var_audits_missing_switches_s_bumper_right'====== Args={'value': 2, 'prev_value': None, 'change': True}
2026-04-20 21:04:29,896 : INFO : EventManager : Event: ======'machine_var_audits_missing_switches_s_left_lane'====== Args={'value': 2, 'prev_value': None, 'change': True}
2026-04-20 21:04:29,896 : INFO : EventManager : Event: ======'machine_var_audits_missing_switches_s_plunger_lane'====== Args={'value': 66, 'prev_value': None, 'change': True}
2026-04-20 21:04:29,896 : INFO : EventManager : Event: ======'machine_var_audits_missing_switches_s_start'====== Args={'value': 10, 'prev_value': None, 'change': True}
2026-04-20 21:04:29,897 : INFO : EventManager : Event: ======'machine_var_audits_missing_switches_s_trough_1'====== Args={'value': 66, 'prev_value': None, 'change': True}
2026-04-20 21:04:29,897 : INFO : EventManager : Event: ======'machine_var_audits_missing_switches_s_trough_2'====== Args={'value': 66, 'prev_value': None, 'change': True}
2026-04-20 21:04:29,897 : INFO : EventManager : Event: ======'machine_var_audits_missing_switches_s_trough_3'====== Args={'value': 66, 'prev_value': None, 'change': True}
2026-04-20 21:04:29,897 : INFO : EventManager : Event: ======'machine_var_audits_player_score'====== Args={'value': {'average': 0, 'top': [], 'total': 0}, 'prev_value': None, 'change': True}
2026-04-20 21:04:29,897 : INFO : EventManager : Event: ======'machine_var_audits_shots_bumper_left'====== Args={'value': 334, 'prev_value': None, 'change': True}
2026-04-20 21:04:29,897 : INFO : EventManager : Event: ======'machine_var_audits_shots_bumper_right'====== Args={'value': 282, 'prev_value': None, 'change': True}
2026-04-20 21:04:29,897 : INFO : EventManager : Event: ======'machine_var_audits_shots_hurryup'====== Args={'value': 3, 'prev_value': None, 'change': True}
2026-04-20 21:04:29,897 : INFO : EventManager : Event: ======'machine_var_audits_shots_left_lane'====== Args={'value': 54, 'prev_value': None, 'change': True}
2026-04-20 21:04:29,897 : INFO : EventManager : Event: ======'machine_var_audits_switches_s_action_button'====== Args={'value': 553, 'prev_value': None, 'change': True}
2026-04-20 21:04:29,897 : INFO : EventManager : Event: ======'machine_var_audits_switches_s_bumper_left'====== Args={'value': 334, 'prev_value': None, 'change': True}
2026-04-20 21:04:29,897 : INFO : EventManager : Event: ======'machine_var_audits_switches_s_bumper_right'====== Args={'value': 282, 'prev_value': None, 'change': True}
2026-04-20 21:04:29,897 : INFO : EventManager : Event: ======'machine_var_audits_switches_s_flipper_left'====== Args={'value': 949, 'prev_value': None, 'change': True}
2026-04-20 21:04:29,897 : INFO : EventManager : Event: ======'machine_var_audits_switches_s_flipper_right'====== Args={'value': 1276, 'prev_value': None, 'change': True}
2026-04-20 21:04:29,897 : INFO : EventManager : Event: ======'machine_var_audits_switches_s_left_lane'====== Args={'value': 54, 'prev_value': None, 'change': True}
2026-04-20 21:04:29,897 : INFO : EventManager : Event: ======'machine_var_audits_switches_s_plunger_lane'====== Args={'value': 0, 'prev_value': None, 'change': True}
2026-04-20 21:04:29,897 : INFO : EventManager : Event: ======'machine_var_audits_switches_s_start'====== Args={'value': 14, 'prev_value': None, 'change': True}
2026-04-20 21:04:29,897 : INFO : EventManager : Event: ======'machine_var_audits_switches_s_trough_1'====== Args={'value': 0, 'prev_value': None, 'change': True}
2026-04-20 21:04:29,897 : INFO : EventManager : Event: ======'machine_var_audits_switches_s_trough_2'====== Args={'value': 0, 'prev_value': None, 'change': True}
2026-04-20 21:04:29,897 : INFO : EventManager : Event: ======'machine_var_audits_switches_s_trough_3'====== Args={'value': 0, 'prev_value': None, 'change': True}
2026-04-20 21:04:29,897 : INFO : EventManager : Event: ======'init_phase_5'====== Args={}
2026-04-20 21:04:29,898 : INFO : EventManager : Event: ======'init_done'====== Args={}
2026-04-20 21:04:29,898 : INFO : EventManager : Event: ======'machine_reset_phase_1'====== Args={}
2026-04-20 21:04:29,936 : INFO : EventManager : Event: ======'machine_reset_phase_2'====== Args={}
2026-04-20 21:04:29,937 : INFO : EventManager : Event: ======'machine_reset_phase_3'====== Args={}
2026-04-20 21:04:29,937 : INFO : EventManager : Event: ======'reset_complete'====== Args={}
2026-04-20 21:04:29,937 : INFO : EventManager : Event: ======'mode_attract_will_start'====== Args={}
2026-04-20 21:04:29,938 : INFO : Timer.attract_carousel_timer : Starting Timer.
2026-04-20 21:04:29,938 : INFO : EventManager : Event: ======'timer_attract_carousel_timer_started'====== Args={'ticks': 0, 'ticks_remaining': 1}
2026-04-20 21:04:29,938 : INFO : EventManager : Event: ======'timer_attract_carousel_timer_tick'====== Args={'ticks': 0, 'ticks_remaining': 1}
2026-04-20 21:04:29,939 : INFO : EventManager : Event: ======'mode_attract_starting'====== Args={}
2026-04-20 21:04:29,939 : INFO : Mode.attract : Started. Priority: 10
2026-04-20 21:04:29,939 : INFO : EventManager : Event: ======'modes_active_modes_changed'====== Args={}
2026-04-20 21:04:29,939 : INFO : EventManager : Event: ======'mode_attract_started'====== Args={}
2026-04-20 21:04:29,939 : INFO : EventManager : Event: ======'collecting_balls_complete'====== Args={}
2026-04-20 21:04:29,940 : INFO : EventManager : Event: ======'carousel_item_highlighted'====== Args={'carousel': 'attract', 'direction': None, 'item': 'title'}
2026-04-20 21:04:29,940 : INFO : EventManager : Event: ======'timer_attract_carousel_timer_tick'====== Args={'ticks': 0, 'ticks_remaining': 1}
2026-04-20 21:04:29,940 : INFO : Machine : Starting the main run loop with active modes: [<Mode.attract>]
2026-04-20 21:04:30,053 : INFO : EventManager : Event: ======'slide_attract_created'====== Args={'_from_bcp': True}
2026-04-20 21:04:30,053 : INFO : EventManager : Event: ======'slide__removed'====== Args={'_from_bcp': True}
2026-04-20 21:04:30,053 : INFO : EventManager : Event: ======'slide_attract_active'====== Args={'original_context': 'attract', 'original_calling_context': 'mode_attract_started', 'priority': 10.0, 'cmd': 'slides_play', '_from_bcp': True}
2026-04-20 21:04:32,233 : INFO : SwitchController : <<<<<<< 's_start' active >>>>>>>
2026-04-20 21:04:32,350 : INFO : SwitchController : <<<<<<< 's_start' inactive >>>>>>>
2026-04-20 21:04:32,350 : INFO : EventManager : Event: ======'request_to_start_game'====== Args={}
2026-04-20 21:04:32,351 : INFO : EventManager : Event: ======'game_start'====== Args={'buttons': [], 'hold_time': 0.11686525004915893}
2026-04-20 21:04:32,351 : INFO : EventManager : Event: ======'mode_game_will_start'====== Args={'buttons': [], 'hold_time': 0.11686525004915893}
2026-04-20 21:04:32,352 : INFO : EventManager : Event: ======'mode_game_starting'====== Args={'buttons': [], 'hold_time': 0.11686525004915893}
2026-04-20 21:04:32,352 : INFO : EventManager : Event: ======'mode_attract_will_stop'====== Args={}
2026-04-20 21:04:32,352 : INFO : EventManager : Event: ======'mode_attract_stopping'====== Args={}
2026-04-20 21:04:32,352 : INFO : Mode.attract : Stopped.
2026-04-20 21:04:32,352 : INFO : EventManager : Event: ======'modes_active_modes_changed'====== Args={}
2026-04-20 21:04:32,353 : INFO : EventManager : Event: ======'mode_attract_stopped'====== Args={}
2026-04-20 21:04:32,353 : INFO : EventManager : Event: ======'clear'====== Args={'key': 'attract'}
2026-04-20 21:04:32,353 : INFO : Timer.attract_carousel_timer : Stopping Timer
2026-04-20 21:04:32,353 : INFO : EventManager : Event: ======'timer_attract_carousel_timer_stopped'====== Args={'ticks': 0, 'ticks_remaining': 1}
2026-04-20 21:04:32,353 : INFO : Mode.game : Started. Priority: 20
2026-04-20 21:04:32,353 : INFO : EventManager : Event: ======'modes_active_modes_changed'====== Args={}
2026-04-20 21:04:32,353 : INFO : EventManager : Event: ======'mode_game_started'====== Args={'buttons': [], 'hold_time': 0.11686525004915893}
2026-04-20 21:04:32,354 : INFO : EventManager : Event: ======'game_will_start'====== Args={}
2026-04-20 21:04:32,354 : INFO : EventManager : Event: ======'game_starting'====== Args={'game': <Mode.game>}
2026-04-20 21:04:32,355 : INFO : EventManager : Unordered handler for class <Auditor> on event game_ended with priority 1. Handlers: [RegisteredHandler(callback=<bound method Auditor.disable of <Auditor>>, priority=1, kwargs={}, key=UUID('e8378a28-87fd-46bb-b29f-e19d10a6a467'), condition=None, blocking_facility=None), RegisteredHandler(callback=<bound method Auditor._save_audits of <Auditor>>, priority=1, kwargs={}, key=UUID('d5bc6d92-c5b2-4233-ad72-2712d85df62e'), condition=None, blocking_facility=None)]. The order of those handlers is not defined and they will be executed in random order. This might lead to race conditions and potential bugs.
2026-04-20 21:04:32,355 : INFO : EventManager : Event: ======'player_add_request'====== Args={}
2026-04-20 21:04:32,356 : INFO : EventManager : Event: ======'player_will_add'====== Args={'number': 1}
2026-04-20 21:04:32,356 : INFO : EventManager : Event: ======'player_adding'====== Args={'player': <Player 1>, 'number': 1}
2026-04-20 21:04:32,356 : INFO : EventManager : Event: ======'player_added'====== Args={'player': <Player 1>, 'num': 1}
2026-04-20 21:04:32,356 : INFO : Mode.game : Player added successfully. Total players: 1
2026-04-20 21:04:32,356 : INFO : EventManager : Event: ======'player_index'====== Args={'value': 0, 'prev_value': 0, 'change': 0, 'player_num': 1}
2026-04-20 21:04:32,356 : INFO : EventManager : Event: ======'player_number'====== Args={'value': 1, 'prev_value': 1, 'change': 0, 'player_num': 1}
2026-04-20 21:04:32,357 : INFO : EventManager : Event: ======'player_score'====== Args={'value': 0, 'prev_value': 0, 'change': 0, 'player_num': 1}
2026-04-20 21:04:32,357 : INFO : EventManager : Event: ======'game_started'====== Args={}
2026-04-20 21:04:32,357 : INFO : EventManager : Event: ======'player_turn_will_start'====== Args={'player': <Player 1>, 'number': 1}
2026-04-20 21:04:32,357 : INFO : EventManager : Event: ======'player_turn_starting'====== Args={'player': <Player 1>, 'number': 1}
2026-04-20 21:04:32,361 : INFO : EventManager : Event: ======'player_ball'====== Args={'value': 1, 'prev_value': 0, 'change': 1, 'player_num': 1}
2026-04-20 21:04:32,362 : INFO : EventManager : Event: ======'player_turn_started'====== Args={'player': <Player 1>, 'number': 1}
2026-04-20 21:04:32,362 : INFO : EventManager : Event: ======'ball_will_start'====== Args={'player': 1, 'ball': 1, 'balls_remaining': 2, 'is_extra_ball': False}
2026-04-20 21:04:32,362 : INFO : EventManager : Event: ======'ball_starting'====== Args={'player': 1, 'ball': 1, 'balls_remaining': 2, 'is_extra_ball': False}
2026-04-20 21:04:32,362 : INFO : EventManager : Event: ======'mode_song_select_will_start'====== Args={'queue': <QueuedEvent>, 'player': 1, 'ball': 1, 'balls_remaining': 2, 'is_extra_ball': False}
2026-04-20 21:04:32,363 : INFO : EventManager : Event: ======'mode_song_select_starting'====== Args={'queue': <QueuedEvent>, 'player': 1, 'ball': 1, 'balls_remaining': 2, 'is_extra_ball': False}
2026-04-20 21:04:32,363 : INFO : Mode.song_select : Started. Priority: 1500
2026-04-20 21:04:32,363 : INFO : EventManager : Event: ======'modes_active_modes_changed'====== Args={}
2026-04-20 21:04:32,363 : INFO : EventManager : Event: ======'mode_song_select_started'====== Args={'queue': <QueuedEvent>, 'player': 1, 'ball': 1, 'balls_remaining': 2, 'is_extra_ball': False}
2026-04-20 21:04:32,386 : INFO : EventManager : Event: ======'song_select_show_slide'====== Args={}
2026-04-20 21:04:32,386 : INFO : EventManager : Event: ======'song_select_updated'====== Args={'genre': 'Pick a song!', 'song_title': 'Mudhoney - Overblown', 'sound_key': 'Mudhoney - Overblown', 'audio_path': 'res://sounds/music/Genres/Grunge/Mudhoney - Overblown.mp3', 'song_bus': 'music', 'song_start_at': 0.0, 'has_audio': True, 'stage': 'genre', 'genres': ['?', 'Alternative', 'Brit Invasion', 'Disco', 'Doo Wop', 'Folk', 'Folk Rock', 'Funk', 'Glitter:Glam', 'Grunge', 'Hard Rock', 'Heavy Metal', 'Hip Hop', 'New Wave', 'Pop Rock', 'Prog Rock', 'Psychedelic', 'Punk (70s)', 'Punk (80s)', 'R+B', 'Rap', 'Rock-a-Billy', 'Soul', 'Southern Rock'], 'genre_index': 1, 'genre_count': 25, 'selected_genre_index': -1, 'song_index': 2, 'song_count': 5, 'songs_text': '', 'random_selected': True}
2026-04-20 21:04:32,387 : INFO : EventManager : Event: ======'balls_in_play'====== Args={'balls': 1}
2026-04-20 21:04:32,387 : INFO : EventManager : Event: ======'ball_started'====== Args={'player': 1, 'ball': 1, 'balls_remaining': 2, 'is_extra_ball': False}
2026-04-20 21:04:32,387 : INFO : EventManager : Event: ======'single_player_ball_started'====== Args={}
2026-04-20 21:04:32,387 : INFO : EventManager : Event: ======'ball_start_target'====== Args={'target': 'playfield'}
2026-04-20 21:04:32,387 : INFO : EventManager : Event: ======'song_select_show_slide'====== Args={}
2026-04-20 21:04:32,387 : INFO : EventManager : Event: ======'song_select_updated'====== Args={'genre': 'Pick a song!', 'song_title': 'Mudhoney - Overblown', 'sound_key': 'Mudhoney - Overblown', 'audio_path': 'res://sounds/music/Genres/Grunge/Mudhoney - Overblown.mp3', 'song_bus': 'music', 'song_start_at': 0.0, 'has_audio': True, 'stage': 'genre', 'genres': ['?', 'Alternative', 'Brit Invasion', 'Disco', 'Doo Wop', 'Folk', 'Folk Rock', 'Funk', 'Glitter:Glam', 'Grunge', 'Hard Rock', 'Heavy Metal', 'Hip Hop', 'New Wave', 'Pop Rock', 'Prog Rock', 'Psychedelic', 'Punk (70s)', 'Punk (80s)', 'R+B', 'Rap', 'Rock-a-Billy', 'Soul', 'Southern Rock'], 'genre_index': 1, 'genre_count': 25, 'selected_genre_index': -1, 'song_index': 2, 'song_count': 5, 'songs_text': '', 'random_selected': True}
2026-04-20 21:04:32,388 : INFO : ball_device.bd_trough : Setting up player-controlled eject. Balls: 1, Target: <playfield.playfield>, player_controlled_eject_event: None
2026-04-20 21:04:32,388 : INFO : ball_device.bd_trough : Adding 1 ball(s) to the eject_queue with target <playfield.playfield>.
2026-04-20 21:04:32,388 : INFO : EventManager : Event: ======'balldevice_balls_available'====== Args={}
2026-04-20 21:04:32,388 : INFO : ball_device.bd_trough : State: waiting_for_target_ready
2026-04-20 21:04:32,388 : INFO : EventManager : Event: ======'balldevice_bd_trough_ball_eject_attempt'====== Args={'balls': 1, 'target': <ball_device.bd_plunger>, 'source': <ball_device.bd_trough>, 'mechanical_eject': False, 'num_attempts': 0}
2026-04-20 21:04:32,388 : INFO : ball_device.bd_plunger : State: waiting_for_ball
2026-04-20 21:04:32,388 : INFO : ball_device.bd_trough : State: ejecting
2026-04-20 21:04:32,389 : INFO : ball_device.bd_trough : Ejecting ball to <ball_device.bd_plunger>
2026-04-20 21:04:32,389 : INFO : EventManager : Event: ======'balldevice_bd_trough_ejecting_ball'====== Args={'balls': 1, 'target': <ball_device.bd_plunger>, 'source': <ball_device.bd_trough>, 'mechanical_eject': False, 'num_attempts': 0}
2026-04-20 21:04:32,389 : INFO : ball_device.bd_trough : Wait for ball to leave device
2026-04-20 21:04:32,389 : INFO : coil.c_trough_eject : Pulsing Driver for 10ms (1.0 pulse_power)
2026-04-20 21:04:32,401 : INFO : EventManager : Event: ======'slide_song_select_created'====== Args={'_from_bcp': True}
2026-04-20 21:04:32,402 : INFO : EventManager : Event: ======'slide_attract_inactive'====== Args={'is_removing': True, '_from_bcp': True}
2026-04-20 21:04:32,402 : INFO : EventManager : Event: ======'slide_song_select_active'====== Args={'original_context': 'song_select', 'priority': 1500, '_from_bcp': True}
2026-04-20 21:04:32,402 : INFO : EventManager : Event: ======'slide_attract_removed'====== Args={'_from_bcp': True}
2026-04-20 21:04:32,402 : INFO : EventManager : Event: ======'song_select_show_slide'====== Args={}
2026-04-20 21:04:32,403 : INFO : EventManager : Event: ======'song_select_updated'====== Args={'genre': 'Pick a song!', 'song_title': 'Mudhoney - Overblown', 'sound_key': 'Mudhoney - Overblown', 'audio_path': 'res://sounds/music/Genres/Grunge/Mudhoney - Overblown.mp3', 'song_bus': 'music', 'song_start_at': 0.0, 'has_audio': True, 'stage': 'genre', 'genres': ['?', 'Alternative', 'Brit Invasion', 'Disco', 'Doo Wop', 'Folk', 'Folk Rock', 'Funk', 'Glitter:Glam', 'Grunge', 'Hard Rock', 'Heavy Metal', 'Hip Hop', 'New Wave', 'Pop Rock', 'Prog Rock', 'Psychedelic', 'Punk (70s)', 'Punk (80s)', 'R+B', 'Rap', 'Rock-a-Billy', 'Soul', 'Southern Rock'], 'genre_index': 1, 'genre_count': 25, 'selected_genre_index': -1, 'song_index': 2, 'song_count': 5, 'songs_text': '', 'random_selected': True}
2026-04-20 21:04:32,427 : INFO : EventManager : Event: ======'song_select_show_slide'====== Args={}
2026-04-20 21:04:32,428 : INFO : EventManager : Event: ======'song_select_updated'====== Args={'genre': 'Pick a song!', 'song_title': 'Mudhoney - Overblown', 'sound_key': 'Mudhoney - Overblown', 'audio_path': 'res://sounds/music/Genres/Grunge/Mudhoney - Overblown.mp3', 'song_bus': 'music', 'song_start_at': 0.0, 'has_audio': True, 'stage': 'genre', 'genres': ['?', 'Alternative', 'Brit Invasion', 'Disco', 'Doo Wop', 'Folk', 'Folk Rock', 'Funk', 'Glitter:Glam', 'Grunge', 'Hard Rock', 'Heavy Metal', 'Hip Hop', 'New Wave', 'Pop Rock', 'Prog Rock', 'Psychedelic', 'Punk (70s)', 'Punk (80s)', 'R+B', 'Rap', 'Rock-a-Billy', 'Soul', 'Southern Rock'], 'genre_index': 1, 'genre_count': 25, 'selected_genre_index': -1, 'song_index': 2, 'song_count': 5, 'songs_text': '', 'random_selected': True}
2026-04-20 21:04:32,467 : INFO : EventManager : Event: ======'song_select_show_slide'====== Args={}
2026-04-20 21:04:32,468 : INFO : EventManager : Event: ======'song_select_updated'====== Args={'genre': 'Pick a song!', 'song_title': 'Mudhoney - Overblown', 'sound_key': 'Mudhoney - Overblown', 'audio_path': 'res://sounds/music/Genres/Grunge/Mudhoney - Overblown.mp3', 'song_bus': 'music', 'song_start_at': 0.0, 'has_audio': True, 'stage': 'genre', 'genres': ['?', 'Alternative', 'Brit Invasion', 'Disco', 'Doo Wop', 'Folk', 'Folk Rock', 'Funk', 'Glitter:Glam', 'Grunge', 'Hard Rock', 'Heavy Metal', 'Hip Hop', 'New Wave', 'Pop Rock', 'Prog Rock', 'Psychedelic', 'Punk (70s)', 'Punk (80s)', 'R+B', 'Rap', 'Rock-a-Billy', 'Soul', 'Southern Rock'], 'genre_index': 1, 'genre_count': 25, 'selected_genre_index': -1, 'song_index': 2, 'song_count': 5, 'songs_text': '', 'random_selected': True}
2026-04-20 21:04:42,389 : INFO : EventManager : Event: ======'balldevice_bd_trough_ball_eject_failed'====== Args={'target': <ball_device.bd_plunger>, 'balls': 1, 'retry': True, 'num_attempts': 1}
2026-04-20 21:04:42,390 : INFO : ball_device.bd_trough : State: waiting_for_target_ready
2026-04-20 21:04:42,390 : INFO : EventManager : Event: ======'balldevice_bd_trough_ball_eject_attempt'====== Args={'balls': 1, 'target': <ball_device.bd_plunger>, 'source': <ball_device.bd_trough>, 'mechanical_eject': False, 'num_attempts': 1}
2026-04-20 21:04:42,391 : INFO : ball_device.bd_trough : State: ejecting
2026-04-20 21:04:42,391 : INFO : ball_device.bd_trough : Ejecting ball to <ball_device.bd_plunger>
2026-04-20 21:04:42,391 : INFO : EventManager : Event: ======'balldevice_bd_trough_ejecting_ball'====== Args={'balls': 1, 'target': <ball_device.bd_plunger>, 'source': <ball_device.bd_trough>, 'mechanical_eject': False, 'num_attempts': 1}
2026-04-20 21:04:42,391 : INFO : ball_device.bd_trough : Wait for ball to leave device
2026-04-20 21:04:42,391 : INFO : coil.c_trough_eject : Pulsing Driver for 10ms (1.0 pulse_power)
2026-04-20 21:04:52,393 : INFO : EventManager : Event: ======'balldevice_bd_trough_ball_eject_failed'====== Args={'target': <ball_device.bd_plunger>, 'balls': 1, 'retry': True, 'num_attempts': 2}
2026-04-20 21:04:52,394 : INFO : ball_device.bd_trough : State: waiting_for_target_ready
2026-04-20 21:04:52,394 : INFO : EventManager : Event: ======'balldevice_bd_trough_ball_eject_attempt'====== Args={'balls': 1, 'target': <ball_device.bd_plunger>, 'source': <ball_device.bd_trough>, 'mechanical_eject': False, 'num_attempts': 2}
2026-04-20 21:04:52,394 : INFO : ball_device.bd_trough : State: ejecting
2026-04-20 21:04:52,394 : INFO : ball_device.bd_trough : Ejecting ball to <ball_device.bd_plunger>
2026-04-20 21:04:52,394 : INFO : EventManager : Event: ======'balldevice_bd_trough_ejecting_ball'====== Args={'balls': 1, 'target': <ball_device.bd_plunger>, 'source': <ball_device.bd_trough>, 'mechanical_eject': False, 'num_attempts': 2}
2026-04-20 21:04:52,395 : INFO : ball_device.bd_trough : Wait for ball to leave device
2026-04-20 21:04:52,395 : INFO : coil.c_trough_eject : Pulsing Driver for 10ms (1.0 pulse_power)
2026-04-20 21:04:58,500 : INFO : SwitchController : <<<<<<< 's_flipper_right' active >>>>>>>
2026-04-20 21:04:58,501 : INFO : EventManager : Event: ======'song_select_updated'====== Args={'genre': '?', 'song_title': 'CAN - Vitamin C', 'sound_key': 'CAN - Vitamin C', 'audio_path': 'res://sounds/music/Genres/?/CAN - Vitamin C.mp3', 'song_bus': 'music', 'song_start_at': 0.0, 'has_audio': True, 'stage': 'genre', 'genres': ['?', 'Alternative', 'Brit Invasion', 'Disco', 'Doo Wop', 'Folk', 'Folk Rock', 'Funk', 'Glitter:Glam', 'Grunge', 'Hard Rock', 'Heavy Metal', 'Hip Hop', 'New Wave', 'Pop Rock', 'Prog Rock', 'Psychedelic', 'Punk (70s)', 'Punk (80s)', 'R+B', 'Rap', 'Rock-a-Billy', 'Soul', 'Southern Rock'], 'genre_index': 2, 'genre_count': 25, 'selected_genre_index': 0, 'song_index': 1, 'song_count': 4, 'songs_text': 'CAN - Vitamin C\nCaptain Beefheart - Too Much Time\nFrank Zappa - Willie the Pimp\nZappa, Captain Beefheart - Her Eyes Are A Blue Million Miles', 'random_selected': False}
2026-04-20 21:04:58,501 : INFO : EventManager : Event: ======'machine_var_audits_switches_s_flipper_right'====== Args={'value': 1277, 'prev_value': 1276, 'change': 1}
2026-04-20 21:04:58,600 : INFO : SwitchController : <<<<<<< 's_flipper_right' inactive >>>>>>>
2026-04-20 21:04:59,517 : INFO : SwitchController : <<<<<<< 's_flipper_right' active >>>>>>>
2026-04-20 21:04:59,518 : INFO : EventManager : Event: ======'song_select_updated'====== Args={'genre': 'Alternative', 'song_title': 'The White Stripes - Fell In Love With a Girl', 'sound_key': 'The White Stripes - Fell In Love With a Girl', 'audio_path': 'res://sounds/music/Genres/Alternative/The White Stripes - Fell In Love With a Girl.mp3', 'song_bus': 'music', 'song_start_at': 0.0, 'has_audio': True, 'stage': 'genre', 'genres': ['?', 'Alternative', 'Brit Invasion', 'Disco', 'Doo Wop', 'Folk', 'Folk Rock', 'Funk', 'Glitter:Glam', 'Grunge', 'Hard Rock', 'Heavy Metal', 'Hip Hop', 'New Wave', 'Pop Rock', 'Prog Rock', 'Psychedelic', 'Punk (70s)', 'Punk (80s)', 'R+B', 'Rap', 'Rock-a-Billy', 'Soul', 'Southern Rock'], 'genre_index': 3, 'genre_count': 25, 'selected_genre_index': 1, 'song_index': 7, 'song_count': 7, 'songs_text': 'Green Day - Basket Case\nRadiohead - Creep\nRed Hot Chili Peppers - Give It Away\nThe Black Keys - Set You Free\nThe Strokes - Last Nite\nThe Walkmen - The Rat\nThe White Stripes - Fell In Love With a Girl', 'random_selected': False}
2026-04-20 21:04:59,518 : INFO : EventManager : Event: ======'machine_var_audits_switches_s_flipper_right'====== Args={'value': 1278, 'prev_value': 1277, 'change': 1}
2026-04-20 21:04:59,684 : INFO : SwitchController : <<<<<<< 's_flipper_right' inactive >>>>>>>
2026-04-20 21:05:00,334 : INFO : SwitchController : <<<<<<< 's_flipper_left' active >>>>>>>
2026-04-20 21:05:00,334 : INFO : EventManager : Event: ======'song_select_updated'====== Args={'genre': '?', 'song_title': 'CAN - Vitamin C', 'sound_key': 'CAN - Vitamin C', 'audio_path': 'res://sounds/music/Genres/?/CAN - Vitamin C.mp3', 'song_bus': 'music', 'song_start_at': 0.0, 'has_audio': True, 'stage': 'genre', 'genres': ['?', 'Alternative', 'Brit Invasion', 'Disco', 'Doo Wop', 'Folk', 'Folk Rock', 'Funk', 'Glitter:Glam', 'Grunge', 'Hard Rock', 'Heavy Metal', 'Hip Hop', 'New Wave', 'Pop Rock', 'Prog Rock', 'Psychedelic', 'Punk (70s)', 'Punk (80s)', 'R+B', 'Rap', 'Rock-a-Billy', 'Soul', 'Southern Rock'], 'genre_index': 2, 'genre_count': 25, 'selected_genre_index': 0, 'song_index': 1, 'song_count': 4, 'songs_text': 'CAN - Vitamin C\nCaptain Beefheart - Too Much Time\nFrank Zappa - Willie the Pimp\nZappa, Captain Beefheart - Her Eyes Are A Blue Million Miles', 'random_selected': False}
2026-04-20 21:05:00,335 : INFO : EventManager : Event: ======'machine_var_audits_switches_s_flipper_left'====== Args={'value': 950, 'prev_value': 949, 'change': 1}
2026-04-20 21:05:00,450 : INFO : SwitchController : <<<<<<< 's_flipper_left' inactive >>>>>>>
2026-04-20 21:05:02,396 : INFO : EventManager : Event: ======'balldevice_bd_trough_ball_eject_failed'====== Args={'target': <ball_device.bd_plunger>, 'balls': 1, 'retry': True, 'num_attempts': 3}
2026-04-20 21:05:02,397 : INFO : ball_device.bd_trough : State: waiting_for_target_ready
2026-04-20 21:05:02,397 : INFO : EventManager : Event: ======'balldevice_bd_trough_ball_eject_attempt'====== Args={'balls': 1, 'target': <ball_device.bd_plunger>, 'source': <ball_device.bd_trough>, 'mechanical_eject': False, 'num_attempts': 3}
2026-04-20 21:05:02,398 : INFO : ball_device.bd_trough : State: ejecting
2026-04-20 21:05:02,398 : INFO : ball_device.bd_trough : Ejecting ball to <ball_device.bd_plunger>
2026-04-20 21:05:02,398 : INFO : EventManager : Event: ======'balldevice_bd_trough_ejecting_ball'====== Args={'balls': 1, 'target': <ball_device.bd_plunger>, 'source': <ball_device.bd_trough>, 'mechanical_eject': False, 'num_attempts': 3}
2026-04-20 21:05:02,399 : INFO : ball_device.bd_trough : Wait for ball to leave device
2026-04-20 21:05:02,399 : INFO : coil.c_trough_eject : Pulsing Driver for 10ms (1.0 pulse_power)
2026-04-20 21:05:02,484 : INFO : SwitchController : <<<<<<< 's_action_button' active >>>>>>>
2026-04-20 21:05:02,484 : INFO : EventManager : Event: ======'song_select_updated'====== Args={'genre': '?', 'song_title': 'CAN - Vitamin C', 'sound_key': 'CAN - Vitamin C', 'audio_path': 'res://sounds/music/Genres/?/CAN - Vitamin C.mp3', 'song_bus': 'music', 'song_start_at': 0.0, 'has_audio': True, 'stage': 'song', 'genres': ['?', 'Alternative', 'Brit Invasion', 'Disco', 'Doo Wop', 'Folk', 'Folk Rock', 'Funk', 'Glitter:Glam', 'Grunge', 'Hard Rock', 'Heavy Metal', 'Hip Hop', 'New Wave', 'Pop Rock', 'Prog Rock', 'Psychedelic', 'Punk (70s)', 'Punk (80s)', 'R+B', 'Rap', 'Rock-a-Billy', 'Soul', 'Southern Rock'], 'genre_index': 1, 'genre_count': 24, 'selected_genre_index': 0, 'song_index': 1, 'song_count': 4, 'songs_text': 'CAN - Vitamin C\nCaptain Beefheart - Too Much Time\nFrank Zappa - Willie the Pimp\nZappa, Captain Beefheart - Her Eyes Are A Blue Million Miles', 'random_selected': False}
2026-04-20 21:05:02,484 : INFO : EventManager : Event: ======'machine_var_audits_switches_s_action_button'====== Args={'value': 554, 'prev_value': 553, 'change': 1}
2026-04-20 21:05:02,584 : INFO : SwitchController : <<<<<<< 's_action_button' inactive >>>>>>>
2026-04-20 21:05:03,750 : INFO : SwitchController : <<<<<<< 's_flipper_right' active >>>>>>>
2026-04-20 21:05:03,751 : INFO : EventManager : Event: ======'song_select_updated'====== Args={'genre': '?', 'song_title': 'Captain Beefheart - Too Much Time', 'sound_key': 'Captain Beefheart - Too Much Time', 'audio_path': 'res://sounds/music/Genres/?/Captain Beefheart - Too Much Time.mp3', 'song_bus': 'music', 'song_start_at': 0.0, 'has_audio': True, 'stage': 'song', 'genres': ['?', 'Alternative', 'Brit Invasion', 'Disco', 'Doo Wop', 'Folk', 'Folk Rock', 'Funk', 'Glitter:Glam', 'Grunge', 'Hard Rock', 'Heavy Metal', 'Hip Hop', 'New Wave', 'Pop Rock', 'Prog Rock', 'Psychedelic', 'Punk (70s)', 'Punk (80s)', 'R+B', 'Rap', 'Rock-a-Billy', 'Soul', 'Southern Rock'], 'genre_index': 1, 'genre_count': 24, 'selected_genre_index': 0, 'song_index': 2, 'song_count': 4, 'songs_text': 'CAN - Vitamin C\nCaptain Beefheart - Too Much Time\nFrank Zappa - Willie the Pimp\nZappa, Captain Beefheart - Her Eyes Are A Blue Million Miles', 'random_selected': False}
2026-04-20 21:05:03,751 : INFO : EventManager : Event: ======'machine_var_audits_switches_s_flipper_right'====== Args={'value': 1279, 'prev_value': 1278, 'change': 1}
2026-04-20 21:05:03,884 : INFO : SwitchController : <<<<<<< 's_flipper_right' inactive >>>>>>>
2026-04-20 21:05:04,667 : INFO : SwitchController : <<<<<<< 's_flipper_right' active >>>>>>>
2026-04-20 21:05:04,668 : INFO : EventManager : Event: ======'song_select_updated'====== Args={'genre': '?', 'song_title': 'Frank Zappa - Willie the Pimp', 'sound_key': 'Frank Zappa - Willie the Pimp', 'audio_path': 'res://sounds/music/Genres/?/Frank Zappa - Willie the Pimp.mp3', 'song_bus': 'music', 'song_start_at': 0.0, 'has_audio': True, 'stage': 'song', 'genres': ['?', 'Alternative', 'Brit Invasion', 'Disco', 'Doo Wop', 'Folk', 'Folk Rock', 'Funk', 'Glitter:Glam', 'Grunge', 'Hard Rock', 'Heavy Metal', 'Hip Hop', 'New Wave', 'Pop Rock', 'Prog Rock', 'Psychedelic', 'Punk (70s)', 'Punk (80s)', 'R+B', 'Rap', 'Rock-a-Billy', 'Soul', 'Southern Rock'], 'genre_index': 1, 'genre_count': 24, 'selected_genre_index': 0, 'song_index': 3, 'song_count': 4, 'songs_text': 'CAN - Vitamin C\nCaptain Beefheart - Too Much Time\nFrank Zappa - Willie the Pimp\nZappa, Captain Beefheart - Her Eyes Are A Blue Million Miles', 'random_selected': False}
2026-04-20 21:05:04,668 : INFO : EventManager : Event: ======'machine_var_audits_switches_s_flipper_right'====== Args={'value': 1280, 'prev_value': 1279, 'change': 1}
2026-04-20 21:05:04,817 : INFO : SwitchController : <<<<<<< 's_flipper_right' inactive >>>>>>>
2026-04-20 21:05:05,184 : INFO : SwitchController : <<<<<<< 's_flipper_right' active >>>>>>>
2026-04-20 21:05:05,184 : INFO : EventManager : Event: ======'song_select_updated'====== Args={'genre': '?', 'song_title': 'Zappa, Captain Beefheart - Her Eyes Are A Blue Million Miles', 'sound_key': 'Zappa, Captain Beefheart - Her Eyes Are A Blue Million Miles', 'audio_path': 'res://sounds/music/Genres/?/Zappa, Captain Beefheart - Her Eyes Are A Blue Million Miles.mp3', 'song_bus': 'music', 'song_start_at': 0.0, 'has_audio': True, 'stage': 'song', 'genres': ['?', 'Alternative', 'Brit Invasion', 'Disco', 'Doo Wop', 'Folk', 'Folk Rock', 'Funk', 'Glitter:Glam', 'Grunge', 'Hard Rock', 'Heavy Metal', 'Hip Hop', 'New Wave', 'Pop Rock', 'Prog Rock', 'Psychedelic', 'Punk (70s)', 'Punk (80s)', 'R+B', 'Rap', 'Rock-a-Billy', 'Soul', 'Southern Rock'], 'genre_index': 1, 'genre_count': 24, 'selected_genre_index': 0, 'song_index': 4, 'song_count': 4, 'songs_text': 'CAN - Vitamin C\nCaptain Beefheart - Too Much Time\nFrank Zappa - Willie the Pimp\nZappa, Captain Beefheart - Her Eyes Are A Blue Million Miles', 'random_selected': False}
2026-04-20 21:05:05,184 : INFO : EventManager : Event: ======'machine_var_audits_switches_s_flipper_right'====== Args={'value': 1281, 'prev_value': 1280, 'change': 1}
2026-04-20 21:05:05,334 : INFO : SwitchController : <<<<<<< 's_flipper_right' inactive >>>>>>>
2026-04-20 21:05:06,017 : INFO : SwitchController : <<<<<<< 's_flipper_left' active >>>>>>>
2026-04-20 21:05:06,018 : INFO : EventManager : Event: ======'song_select_updated'====== Args={'genre': '?', 'song_title': 'Frank Zappa - Willie the Pimp', 'sound_key': 'Frank Zappa - Willie the Pimp', 'audio_path': 'res://sounds/music/Genres/?/Frank Zappa - Willie the Pimp.mp3', 'song_bus': 'music', 'song_start_at': 0.0, 'has_audio': True, 'stage': 'song', 'genres': ['?', 'Alternative', 'Brit Invasion', 'Disco', 'Doo Wop', 'Folk', 'Folk Rock', 'Funk', 'Glitter:Glam', 'Grunge', 'Hard Rock', 'Heavy Metal', 'Hip Hop', 'New Wave', 'Pop Rock', 'Prog Rock', 'Psychedelic', 'Punk (70s)', 'Punk (80s)', 'R+B', 'Rap', 'Rock-a-Billy', 'Soul', 'Southern Rock'], 'genre_index': 1, 'genre_count': 24, 'selected_genre_index': 0, 'song_index': 3, 'song_count': 4, 'songs_text': 'CAN - Vitamin C\nCaptain Beefheart - Too Much Time\nFrank Zappa - Willie the Pimp\nZappa, Captain Beefheart - Her Eyes Are A Blue Million Miles', 'random_selected': False}
2026-04-20 21:05:06,018 : INFO : EventManager : Event: ======'machine_var_audits_switches_s_flipper_left'====== Args={'value': 951, 'prev_value': 950, 'change': 1}
2026-04-20 21:05:06,184 : INFO : SwitchController : <<<<<<< 's_flipper_left' inactive >>>>>>>
2026-04-20 21:05:06,700 : INFO : SwitchController : <<<<<<< 's_flipper_left' active >>>>>>>
2026-04-20 21:05:06,701 : INFO : EventManager : Event: ======'song_select_updated'====== Args={'genre': '?', 'song_title': 'Captain Beefheart - Too Much Time', 'sound_key': 'Captain Beefheart - Too Much Time', 'audio_path': 'res://sounds/music/Genres/?/Captain Beefheart - Too Much Time.mp3', 'song_bus': 'music', 'song_start_at': 0.0, 'has_audio': True, 'stage': 'song', 'genres': ['?', 'Alternative', 'Brit Invasion', 'Disco', 'Doo Wop', 'Folk', 'Folk Rock', 'Funk', 'Glitter:Glam', 'Grunge', 'Hard Rock', 'Heavy Metal', 'Hip Hop', 'New Wave', 'Pop Rock', 'Prog Rock', 'Psychedelic', 'Punk (70s)', 'Punk (80s)', 'R+B', 'Rap', 'Rock-a-Billy', 'Soul', 'Southern Rock'], 'genre_index': 1, 'genre_count': 24, 'selected_genre_index': 0, 'song_index': 2, 'song_count': 4, 'songs_text': 'CAN - Vitamin C\nCaptain Beefheart - Too Much Time\nFrank Zappa - Willie the Pimp\nZappa, Captain Beefheart - Her Eyes Are A Blue Million Miles', 'random_selected': False}
2026-04-20 21:05:06,701 : INFO : EventManager : Event: ======'machine_var_audits_switches_s_flipper_left'====== Args={'value': 952, 'prev_value': 951, 'change': 1}
2026-04-20 21:05:06,834 : INFO : SwitchController : <<<<<<< 's_flipper_left' inactive >>>>>>>
2026-04-20 21:05:07,367 : INFO : SwitchController : <<<<<<< 's_flipper_left' active >>>>>>>
2026-04-20 21:05:07,367 : INFO : EventManager : Event: ======'song_select_updated'====== Args={'genre': '?', 'song_title': 'CAN - Vitamin C', 'sound_key': 'CAN - Vitamin C', 'audio_path': 'res://sounds/music/Genres/?/CAN - Vitamin C.mp3', 'song_bus': 'music', 'song_start_at': 0.0, 'has_audio': True, 'stage': 'song', 'genres': ['?', 'Alternative', 'Brit Invasion', 'Disco', 'Doo Wop', 'Folk', 'Folk Rock', 'Funk', 'Glitter:Glam', 'Grunge', 'Hard Rock', 'Heavy Metal', 'Hip Hop', 'New Wave', 'Pop Rock', 'Prog Rock', 'Psychedelic', 'Punk (70s)', 'Punk (80s)', 'R+B', 'Rap', 'Rock-a-Billy', 'Soul', 'Southern Rock'], 'genre_index': 1, 'genre_count': 24, 'selected_genre_index': 0, 'song_index': 1, 'song_count': 4, 'songs_text': 'CAN - Vitamin C\nCaptain Beefheart - Too Much Time\nFrank Zappa - Willie the Pimp\nZappa, Captain Beefheart - Her Eyes Are A Blue Million Miles', 'random_selected': False}
2026-04-20 21:05:07,368 : INFO : EventManager : Event: ======'machine_var_audits_switches_s_flipper_left'====== Args={'value': 953, 'prev_value': 952, 'change': 1}
2026-04-20 21:05:07,501 : INFO : SwitchController : <<<<<<< 's_flipper_left' inactive >>>>>>>
2026-04-20 21:05:08,034 : INFO : SwitchController : <<<<<<< 's_flipper_right' active >>>>>>>
2026-04-20 21:05:08,034 : INFO : EventManager : Event: ======'song_select_updated'====== Args={'genre': '?', 'song_title': 'Captain Beefheart - Too Much Time', 'sound_key': 'Captain Beefheart - Too Much Time', 'audio_path': 'res://sounds/music/Genres/?/Captain Beefheart - Too Much Time.mp3', 'song_bus': 'music', 'song_start_at': 0.0, 'has_audio': True, 'stage': 'song', 'genres': ['?', 'Alternative', 'Brit Invasion', 'Disco', 'Doo Wop', 'Folk', 'Folk Rock', 'Funk', 'Glitter:Glam', 'Grunge', 'Hard Rock', 'Heavy Metal', 'Hip Hop', 'New Wave', 'Pop Rock', 'Prog Rock', 'Psychedelic', 'Punk (70s)', 'Punk (80s)', 'R+B', 'Rap', 'Rock-a-Billy', 'Soul', 'Southern Rock'], 'genre_index': 1, 'genre_count': 24, 'selected_genre_index': 0, 'song_index': 2, 'song_count': 4, 'songs_text': 'CAN - Vitamin C\nCaptain Beefheart - Too Much Time\nFrank Zappa - Willie the Pimp\nZappa, Captain Beefheart - Her Eyes Are A Blue Million Miles', 'random_selected': False}
2026-04-20 21:05:08,034 : INFO : EventManager : Event: ======'machine_var_audits_switches_s_flipper_right'====== Args={'value': 1282, 'prev_value': 1281, 'change': 1}
2026-04-20 21:05:08,167 : INFO : SwitchController : <<<<<<< 's_flipper_right' inactive >>>>>>>
2026-04-20 21:05:08,317 : INFO : SwitchController : <<<<<<< 's_flipper_right' active >>>>>>>
2026-04-20 21:05:08,317 : INFO : EventManager : Event: ======'song_select_updated'====== Args={'genre': '?', 'song_title': 'Frank Zappa - Willie the Pimp', 'sound_key': 'Frank Zappa - Willie the Pimp', 'audio_path': 'res://sounds/music/Genres/?/Frank Zappa - Willie the Pimp.mp3', 'song_bus': 'music', 'song_start_at': 0.0, 'has_audio': True, 'stage': 'song', 'genres': ['?', 'Alternative', 'Brit Invasion', 'Disco', 'Doo Wop', 'Folk', 'Folk Rock', 'Funk', 'Glitter:Glam', 'Grunge', 'Hard Rock', 'Heavy Metal', 'Hip Hop', 'New Wave', 'Pop Rock', 'Prog Rock', 'Psychedelic', 'Punk (70s)', 'Punk (80s)', 'R+B', 'Rap', 'Rock-a-Billy', 'Soul', 'Southern Rock'], 'genre_index': 1, 'genre_count': 24, 'selected_genre_index': 0, 'song_index': 3, 'song_count': 4, 'songs_text': 'CAN - Vitamin C\nCaptain Beefheart - Too Much Time\nFrank Zappa - Willie the Pimp\nZappa, Captain Beefheart - Her Eyes Are A Blue Million Miles', 'random_selected': False}
2026-04-20 21:05:08,318 : INFO : EventManager : Event: ======'machine_var_audits_switches_s_flipper_right'====== Args={'value': 1283, 'prev_value': 1282, 'change': 1}
2026-04-20 21:05:08,434 : INFO : SwitchController : <<<<<<< 's_flipper_right' inactive >>>>>>>
2026-04-20 21:05:08,800 : INFO : SwitchController : <<<<<<< 's_flipper_right' active >>>>>>>
2026-04-20 21:05:08,800 : INFO : EventManager : Event: ======'song_select_updated'====== Args={'genre': '?', 'song_title': 'Zappa, Captain Beefheart - Her Eyes Are A Blue Million Miles', 'sound_key': 'Zappa, Captain Beefheart - Her Eyes Are A Blue Million Miles', 'audio_path': 'res://sounds/music/Genres/?/Zappa, Captain Beefheart - Her Eyes Are A Blue Million Miles.mp3', 'song_bus': 'music', 'song_start_at': 0.0, 'has_audio': True, 'stage': 'song', 'genres': ['?', 'Alternative', 'Brit Invasion', 'Disco', 'Doo Wop', 'Folk', 'Folk Rock', 'Funk', 'Glitter:Glam', 'Grunge', 'Hard Rock', 'Heavy Metal', 'Hip Hop', 'New Wave', 'Pop Rock', 'Prog Rock', 'Psychedelic', 'Punk (70s)', 'Punk (80s)', 'R+B', 'Rap', 'Rock-a-Billy', 'Soul', 'Southern Rock'], 'genre_index': 1, 'genre_count': 24, 'selected_genre_index': 0, 'song_index': 4, 'song_count': 4, 'songs_text': 'CAN - Vitamin C\nCaptain Beefheart - Too Much Time\nFrank Zappa - Willie the Pimp\nZappa, Captain Beefheart - Her Eyes Are A Blue Million Miles', 'random_selected': False}
2026-04-20 21:05:08,801 : INFO : EventManager : Event: ======'machine_var_audits_switches_s_flipper_right'====== Args={'value': 1284, 'prev_value': 1283, 'change': 1}
2026-04-20 21:05:08,984 : INFO : SwitchController : <<<<<<< 's_flipper_right' inactive >>>>>>>
2026-04-20 21:05:09,367 : INFO : SwitchController : <<<<<<< 's_flipper_left' active >>>>>>>
2026-04-20 21:05:09,367 : INFO : EventManager : Event: ======'song_select_updated'====== Args={'genre': '?', 'song_title': 'Frank Zappa - Willie the Pimp', 'sound_key': 'Frank Zappa - Willie the Pimp', 'audio_path': 'res://sounds/music/Genres/?/Frank Zappa - Willie the Pimp.mp3', 'song_bus': 'music', 'song_start_at': 0.0, 'has_audio': True, 'stage': 'song', 'genres': ['?', 'Alternative', 'Brit Invasion', 'Disco', 'Doo Wop', 'Folk', 'Folk Rock', 'Funk', 'Glitter:Glam', 'Grunge', 'Hard Rock', 'Heavy Metal', 'Hip Hop', 'New Wave', 'Pop Rock', 'Prog Rock', 'Psychedelic', 'Punk (70s)', 'Punk (80s)', 'R+B', 'Rap', 'Rock-a-Billy', 'Soul', 'Southern Rock'], 'genre_index': 1, 'genre_count': 24, 'selected_genre_index': 0, 'song_index': 3, 'song_count': 4, 'songs_text': 'CAN - Vitamin C\nCaptain Beefheart - Too Much Time\nFrank Zappa - Willie the Pimp\nZappa, Captain Beefheart - Her Eyes Are A Blue Million Miles', 'random_selected': False}
2026-04-20 21:05:09,368 : INFO : EventManager : Event: ======'machine_var_audits_switches_s_flipper_left'====== Args={'value': 954, 'prev_value': 953, 'change': 1}
2026-04-20 21:05:09,517 : INFO : SwitchController : <<<<<<< 's_flipper_left' inactive >>>>>>>
2026-04-20 21:05:09,767 : INFO : SwitchController : <<<<<<< 's_flipper_left' active >>>>>>>
2026-04-20 21:05:09,767 : INFO : EventManager : Event: ======'song_select_updated'====== Args={'genre': '?', 'song_title': 'Captain Beefheart - Too Much Time', 'sound_key': 'Captain Beefheart - Too Much Time', 'audio_path': 'res://sounds/music/Genres/?/Captain Beefheart - Too Much Time.mp3', 'song_bus': 'music', 'song_start_at': 0.0, 'has_audio': True, 'stage': 'song', 'genres': ['?', 'Alternative', 'Brit Invasion', 'Disco', 'Doo Wop', 'Folk', 'Folk Rock', 'Funk', 'Glitter:Glam', 'Grunge', 'Hard Rock', 'Heavy Metal', 'Hip Hop', 'New Wave', 'Pop Rock', 'Prog Rock', 'Psychedelic', 'Punk (70s)', 'Punk (80s)', 'R+B', 'Rap', 'Rock-a-Billy', 'Soul', 'Southern Rock'], 'genre_index': 1, 'genre_count': 24, 'selected_genre_index': 0, 'song_index': 2, 'song_count': 4, 'songs_text': 'CAN - Vitamin C\nCaptain Beefheart - Too Much Time\nFrank Zappa - Willie the Pimp\nZappa, Captain Beefheart - Her Eyes Are A Blue Million Miles', 'random_selected': False}
2026-04-20 21:05:09,768 : INFO : EventManager : Event: ======'machine_var_audits_switches_s_flipper_left'====== Args={'value': 955, 'prev_value': 954, 'change': 1}
2026-04-20 21:05:09,867 : INFO : SwitchController : <<<<<<< 's_flipper_left' inactive >>>>>>>
2026-04-20 21:05:10,184 : INFO : SwitchController : <<<<<<< 's_flipper_right' active >>>>>>>
2026-04-20 21:05:10,184 : INFO : EventManager : Event: ======'song_select_updated'====== Args={'genre': '?', 'song_title': 'Frank Zappa - Willie the Pimp', 'sound_key': 'Frank Zappa - Willie the Pimp', 'audio_path': 'res://sounds/music/Genres/?/Frank Zappa - Willie the Pimp.mp3', 'song_bus': 'music', 'song_start_at': 0.0, 'has_audio': True, 'stage': 'song', 'genres': ['?', 'Alternative', 'Brit Invasion', 'Disco', 'Doo Wop', 'Folk', 'Folk Rock', 'Funk', 'Glitter:Glam', 'Grunge', 'Hard Rock', 'Heavy Metal', 'Hip Hop', 'New Wave', 'Pop Rock', 'Prog Rock', 'Psychedelic', 'Punk (70s)', 'Punk (80s)', 'R+B', 'Rap', 'Rock-a-Billy', 'Soul', 'Southern Rock'], 'genre_index': 1, 'genre_count': 24, 'selected_genre_index': 0, 'song_index': 3, 'song_count': 4, 'songs_text': 'CAN - Vitamin C\nCaptain Beefheart - Too Much Time\nFrank Zappa - Willie the Pimp\nZappa, Captain Beefheart - Her Eyes Are A Blue Million Miles', 'random_selected': False}
2026-04-20 21:05:10,184 : INFO : EventManager : Event: ======'machine_var_audits_switches_s_flipper_right'====== Args={'value': 1285, 'prev_value': 1284, 'change': 1}
2026-04-20 21:05:10,317 : INFO : SwitchController : <<<<<<< 's_flipper_right' inactive >>>>>>>
2026-04-20 21:05:10,467 : INFO : SwitchController : <<<<<<< 's_flipper_right' active >>>>>>>
2026-04-20 21:05:10,467 : INFO : EventManager : Event: ======'song_select_updated'====== Args={'genre': '?', 'song_title': 'Zappa, Captain Beefheart - Her Eyes Are A Blue Million Miles', 'sound_key': 'Zappa, Captain Beefheart - Her Eyes Are A Blue Million Miles', 'audio_path': 'res://sounds/music/Genres/?/Zappa, Captain Beefheart - Her Eyes Are A Blue Million Miles.mp3', 'song_bus': 'music', 'song_start_at': 0.0, 'has_audio': True, 'stage': 'song', 'genres': ['?', 'Alternative', 'Brit Invasion', 'Disco', 'Doo Wop', 'Folk', 'Folk Rock', 'Funk', 'Glitter:Glam', 'Grunge', 'Hard Rock', 'Heavy Metal', 'Hip Hop', 'New Wave', 'Pop Rock', 'Prog Rock', 'Psychedelic', 'Punk (70s)', 'Punk (80s)', 'R+B', 'Rap', 'Rock-a-Billy', 'Soul', 'Southern Rock'], 'genre_index': 1, 'genre_count': 24, 'selected_genre_index': 0, 'song_index': 4, 'song_count': 4, 'songs_text': 'CAN - Vitamin C\nCaptain Beefheart - Too Much Time\nFrank Zappa - Willie the Pimp\nZappa, Captain Beefheart - Her Eyes Are A Blue Million Miles', 'random_selected': False}
2026-04-20 21:05:10,468 : INFO : EventManager : Event: ======'machine_var_audits_switches_s_flipper_right'====== Args={'value': 1286, 'prev_value': 1285, 'change': 1}
2026-04-20 21:05:10,584 : INFO : SwitchController : <<<<<<< 's_flipper_right' inactive >>>>>>>
2026-04-20 21:05:10,784 : INFO : SwitchController : <<<<<<< 's_flipper_right' active >>>>>>>
2026-04-20 21:05:10,784 : INFO : EventManager : Event: ======'song_select_updated'====== Args={'genre': '?', 'song_title': 'CAN - Vitamin C', 'sound_key': 'CAN - Vitamin C', 'audio_path': 'res://sounds/music/Genres/?/CAN - Vitamin C.mp3', 'song_bus': 'music', 'song_start_at': 0.0, 'has_audio': True, 'stage': 'song', 'genres': ['?', 'Alternative', 'Brit Invasion', 'Disco', 'Doo Wop', 'Folk', 'Folk Rock', 'Funk', 'Glitter:Glam', 'Grunge', 'Hard Rock', 'Heavy Metal', 'Hip Hop', 'New Wave', 'Pop Rock', 'Prog Rock', 'Psychedelic', 'Punk (70s)', 'Punk (80s)', 'R+B', 'Rap', 'Rock-a-Billy', 'Soul', 'Southern Rock'], 'genre_index': 1, 'genre_count': 24, 'selected_genre_index': 0, 'song_index': 1, 'song_count': 4, 'songs_text': 'CAN - Vitamin C\nCaptain Beefheart - Too Much Time\nFrank Zappa - Willie the Pimp\nZappa, Captain Beefheart - Her Eyes Are A Blue Million Miles', 'random_selected': False}
2026-04-20 21:05:10,784 : INFO : EventManager : Event: ======'machine_var_audits_switches_s_flipper_right'====== Args={'value': 1287, 'prev_value': 1286, 'change': 1}
2026-04-20 21:05:10,917 : INFO : SwitchController : <<<<<<< 's_flipper_right' inactive >>>>>>>
2026-04-20 21:05:11,483 : INFO : SwitchController : <<<<<<< 's_flipper_right' active >>>>>>>
2026-04-20 21:05:11,484 : INFO : EventManager : Event: ======'song_select_updated'====== Args={'genre': '?', 'song_title': 'Captain Beefheart - Too Much Time', 'sound_key': 'Captain Beefheart - Too Much Time', 'audio_path': 'res://sounds/music/Genres/?/Captain Beefheart - Too Much Time.mp3', 'song_bus': 'music', 'song_start_at': 0.0, 'has_audio': True, 'stage': 'song', 'genres': ['?', 'Alternative', 'Brit Invasion', 'Disco', 'Doo Wop', 'Folk', 'Folk Rock', 'Funk', 'Glitter:Glam', 'Grunge', 'Hard Rock', 'Heavy Metal', 'Hip Hop', 'New Wave', 'Pop Rock', 'Prog Rock', 'Psychedelic', 'Punk (70s)', 'Punk (80s)', 'R+B', 'Rap', 'Rock-a-Billy', 'Soul', 'Southern Rock'], 'genre_index': 1, 'genre_count': 24, 'selected_genre_index': 0, 'song_index': 2, 'song_count': 4, 'songs_text': 'CAN - Vitamin C\nCaptain Beefheart - Too Much Time\nFrank Zappa - Willie the Pimp\nZappa, Captain Beefheart - Her Eyes Are A Blue Million Miles', 'random_selected': False}
2026-04-20 21:05:11,484 : INFO : EventManager : Event: ======'machine_var_audits_switches_s_flipper_right'====== Args={'value': 1288, 'prev_value': 1287, 'change': 1}
2026-04-20 21:05:11,584 : INFO : SwitchController : <<<<<<< 's_flipper_right' inactive >>>>>>>
2026-04-20 21:05:11,800 : INFO : SwitchController : <<<<<<< 's_flipper_right' active >>>>>>>
2026-04-20 21:05:11,800 : INFO : EventManager : Event: ======'song_select_updated'====== Args={'genre': '?', 'song_title': 'Frank Zappa - Willie the Pimp', 'sound_key': 'Frank Zappa - Willie the Pimp', 'audio_path': 'res://sounds/music/Genres/?/Frank Zappa - Willie the Pimp.mp3', 'song_bus': 'music', 'song_start_at': 0.0, 'has_audio': True, 'stage': 'song', 'genres': ['?', 'Alternative', 'Brit Invasion', 'Disco', 'Doo Wop', 'Folk', 'Folk Rock', 'Funk', 'Glitter:Glam', 'Grunge', 'Hard Rock', 'Heavy Metal', 'Hip Hop', 'New Wave', 'Pop Rock', 'Prog Rock', 'Psychedelic', 'Punk (70s)', 'Punk (80s)', 'R+B', 'Rap', 'Rock-a-Billy', 'Soul', 'Southern Rock'], 'genre_index': 1, 'genre_count': 24, 'selected_genre_index': 0, 'song_index': 3, 'song_count': 4, 'songs_text': 'CAN - Vitamin C\nCaptain Beefheart - Too Much Time\nFrank Zappa - Willie the Pimp\nZappa, Captain Beefheart - Her Eyes Are A Blue Million Miles', 'random_selected': False}
2026-04-20 21:05:11,800 : INFO : EventManager : Event: ======'machine_var_audits_switches_s_flipper_right'====== Args={'value': 1289, 'prev_value': 1288, 'change': 1}
2026-04-20 21:05:11,883 : INFO : SwitchController : <<<<<<< 's_flipper_right' inactive >>>>>>>
2026-04-20 21:05:11,984 : INFO : SwitchController : <<<<<<< 's_flipper_right' active >>>>>>>
2026-04-20 21:05:11,985 : INFO : EventManager : Event: ======'song_select_updated'====== Args={'genre': '?', 'song_title': 'Zappa, Captain Beefheart - Her Eyes Are A Blue Million Miles', 'sound_key': 'Zappa, Captain Beefheart - Her Eyes Are A Blue Million Miles', 'audio_path': 'res://sounds/music/Genres/?/Zappa, Captain Beefheart - Her Eyes Are A Blue Million Miles.mp3', 'song_bus': 'music', 'song_start_at': 0.0, 'has_audio': True, 'stage': 'song', 'genres': ['?', 'Alternative', 'Brit Invasion', 'Disco', 'Doo Wop', 'Folk', 'Folk Rock', 'Funk', 'Glitter:Glam', 'Grunge', 'Hard Rock', 'Heavy Metal', 'Hip Hop', 'New Wave', 'Pop Rock', 'Prog Rock', 'Psychedelic', 'Punk (70s)', 'Punk (80s)', 'R+B', 'Rap', 'Rock-a-Billy', 'Soul', 'Southern Rock'], 'genre_index': 1, 'genre_count': 24, 'selected_genre_index': 0, 'song_index': 4, 'song_count': 4, 'songs_text': 'CAN - Vitamin C\nCaptain Beefheart - Too Much Time\nFrank Zappa - Willie the Pimp\nZappa, Captain Beefheart - Her Eyes Are A Blue Million Miles', 'random_selected': False}
2026-04-20 21:05:11,985 : INFO : EventManager : Event: ======'machine_var_audits_switches_s_flipper_right'====== Args={'value': 1290, 'prev_value': 1289, 'change': 1}
2026-04-20 21:05:12,117 : INFO : SwitchController : <<<<<<< 's_flipper_right' inactive >>>>>>>
2026-04-20 21:05:12,399 : INFO : EventManager : Event: ======'balldevice_bd_trough_ball_eject_failed'====== Args={'target': <ball_device.bd_plunger>, 'balls': 1, 'retry': True, 'num_attempts': 4}
2026-04-20 21:05:12,401 : INFO : ball_device.bd_trough : State: waiting_for_target_ready
2026-04-20 21:05:12,401 : INFO : EventManager : Event: ======'balldevice_bd_trough_ball_eject_attempt'====== Args={'balls': 1, 'target': <ball_device.bd_plunger>, 'source': <ball_device.bd_trough>, 'mechanical_eject': False, 'num_attempts': 4}
2026-04-20 21:05:12,401 : INFO : ball_device.bd_trough : State: ejecting
2026-04-20 21:05:12,401 : INFO : ball_device.bd_trough : Ejecting ball to <ball_device.bd_plunger>
2026-04-20 21:05:12,401 : INFO : EventManager : Event: ======'balldevice_bd_trough_ejecting_ball'====== Args={'balls': 1, 'target': <ball_device.bd_plunger>, 'source': <ball_device.bd_trough>, 'mechanical_eject': False, 'num_attempts': 4}
2026-04-20 21:05:12,402 : INFO : ball_device.bd_trough : Wait for ball to leave device
2026-04-20 21:05:12,402 : INFO : coil.c_trough_eject : Pulsing Driver for 10ms (1.0 pulse_power)
2026-04-20 21:05:12,451 : INFO : SwitchController : <<<<<<< 's_flipper_right' active >>>>>>>
2026-04-20 21:05:12,451 : INFO : EventManager : Event: ======'song_select_updated'====== Args={'genre': '?', 'song_title': 'CAN - Vitamin C', 'sound_key': 'CAN - Vitamin C', 'audio_path': 'res://sounds/music/Genres/?/CAN - Vitamin C.mp3', 'song_bus': 'music', 'song_start_at': 0.0, 'has_audio': True, 'stage': 'song', 'genres': ['?', 'Alternative', 'Brit Invasion', 'Disco', 'Doo Wop', 'Folk', 'Folk Rock', 'Funk', 'Glitter:Glam', 'Grunge', 'Hard Rock', 'Heavy Metal', 'Hip Hop', 'New Wave', 'Pop Rock', 'Prog Rock', 'Psychedelic', 'Punk (70s)', 'Punk (80s)', 'R+B', 'Rap', 'Rock-a-Billy', 'Soul', 'Southern Rock'], 'genre_index': 1, 'genre_count': 24, 'selected_genre_index': 0, 'song_index': 1, 'song_count': 4, 'songs_text': 'CAN - Vitamin C\nCaptain Beefheart - Too Much Time\nFrank Zappa - Willie the Pimp\nZappa, Captain Beefheart - Her Eyes Are A Blue Million Miles', 'random_selected': False}
2026-04-20 21:05:12,452 : INFO : EventManager : Event: ======'machine_var_audits_switches_s_flipper_right'====== Args={'value': 1291, 'prev_value': 1290, 'change': 1}
2026-04-20 21:05:12,600 : INFO : SwitchController : <<<<<<< 's_flipper_right' inactive >>>>>>>
2026-04-20 21:05:13,250 : INFO : SwitchController : <<<<<<< 's_flipper_left' active >>>>>>>
2026-04-20 21:05:13,251 : INFO : EventManager : Event: ======'song_select_updated'====== Args={'genre': '?', 'song_title': 'Zappa, Captain Beefheart - Her Eyes Are A Blue Million Miles', 'sound_key': 'Zappa, Captain Beefheart - Her Eyes Are A Blue Million Miles', 'audio_path': 'res://sounds/music/Genres/?/Zappa, Captain Beefheart - Her Eyes Are A Blue Million Miles.mp3', 'song_bus': 'music', 'song_start_at': 0.0, 'has_audio': True, 'stage': 'song', 'genres': ['?', 'Alternative', 'Brit Invasion', 'Disco', 'Doo Wop', 'Folk', 'Folk Rock', 'Funk', 'Glitter:Glam', 'Grunge', 'Hard Rock', 'Heavy Metal', 'Hip Hop', 'New Wave', 'Pop Rock', 'Prog Rock', 'Psychedelic', 'Punk (70s)', 'Punk (80s)', 'R+B', 'Rap', 'Rock-a-Billy', 'Soul', 'Southern Rock'], 'genre_index': 1, 'genre_count': 24, 'selected_genre_index': 0, 'song_index': 4, 'song_count': 4, 'songs_text': 'CAN - Vitamin C\nCaptain Beefheart - Too Much Time\nFrank Zappa - Willie the Pimp\nZappa, Captain Beefheart - Her Eyes Are A Blue Million Miles', 'random_selected': False}
2026-04-20 21:05:13,251 : INFO : EventManager : Event: ======'machine_var_audits_switches_s_flipper_left'====== Args={'value': 956, 'prev_value': 955, 'change': 1}
2026-04-20 21:05:13,384 : INFO : SwitchController : <<<<<<< 's_flipper_left' inactive >>>>>>>
2026-04-20 21:05:13,850 : INFO : SwitchController : <<<<<<< 's_flipper_left' active >>>>>>>
2026-04-20 21:05:13,851 : INFO : EventManager : Event: ======'song_select_updated'====== Args={'genre': '?', 'song_title': 'Frank Zappa - Willie the Pimp', 'sound_key': 'Frank Zappa - Willie the Pimp', 'audio_path': 'res://sounds/music/Genres/?/Frank Zappa - Willie the Pimp.mp3', 'song_bus': 'music', 'song_start_at': 0.0, 'has_audio': True, 'stage': 'song', 'genres': ['?', 'Alternative', 'Brit Invasion', 'Disco', 'Doo Wop', 'Folk', 'Folk Rock', 'Funk', 'Glitter:Glam', 'Grunge', 'Hard Rock', 'Heavy Metal', 'Hip Hop', 'New Wave', 'Pop Rock', 'Prog Rock', 'Psychedelic', 'Punk (70s)', 'Punk (80s)', 'R+B', 'Rap', 'Rock-a-Billy', 'Soul', 'Southern Rock'], 'genre_index': 1, 'genre_count': 24, 'selected_genre_index': 0, 'song_index': 3, 'song_count': 4, 'songs_text': 'CAN - Vitamin C\nCaptain Beefheart - Too Much Time\nFrank Zappa - Willie the Pimp\nZappa, Captain Beefheart - Her Eyes Are A Blue Million Miles', 'random_selected': False}
2026-04-20 21:05:13,851 : INFO : EventManager : Event: ======'machine_var_audits_switches_s_flipper_left'====== Args={'value': 957, 'prev_value': 956, 'change': 1}
2026-04-20 21:05:13,950 : INFO : SwitchController : <<<<<<< 's_flipper_left' inactive >>>>>>>
2026-04-20 21:05:14,517 : INFO : SwitchController : <<<<<<< 's_flipper_left' active >>>>>>>
2026-04-20 21:05:14,517 : INFO : EventManager : Event: ======'song_select_updated'====== Args={'genre': '?', 'song_title': 'Captain Beefheart - Too Much Time', 'sound_key': 'Captain Beefheart - Too Much Time', 'audio_path': 'res://sounds/music/Genres/?/Captain Beefheart - Too Much Time.mp3', 'song_bus': 'music', 'song_start_at': 0.0, 'has_audio': True, 'stage': 'song', 'genres': ['?', 'Alternative', 'Brit Invasion', 'Disco', 'Doo Wop', 'Folk', 'Folk Rock', 'Funk', 'Glitter:Glam', 'Grunge', 'Hard Rock', 'Heavy Metal', 'Hip Hop', 'New Wave', 'Pop Rock', 'Prog Rock', 'Psychedelic', 'Punk (70s)', 'Punk (80s)', 'R+B', 'Rap', 'Rock-a-Billy', 'Soul', 'Southern Rock'], 'genre_index': 1, 'genre_count': 24, 'selected_genre_index': 0, 'song_index': 2, 'song_count': 4, 'songs_text': 'CAN - Vitamin C\nCaptain Beefheart - Too Much Time\nFrank Zappa - Willie the Pimp\nZappa, Captain Beefheart - Her Eyes Are A Blue Million Miles', 'random_selected': False}
2026-04-20 21:05:14,517 : INFO : EventManager : Event: ======'machine_var_audits_switches_s_flipper_left'====== Args={'value': 958, 'prev_value': 957, 'change': 1}
2026-04-20 21:05:14,684 : INFO : SwitchController : <<<<<<< 's_flipper_left' inactive >>>>>>>
2026-04-20 21:05:15,117 : INFO : SwitchController : <<<<<<< 's_flipper_left' active >>>>>>>
2026-04-20 21:05:15,117 : INFO : EventManager : Event: ======'song_select_updated'====== Args={'genre': '?', 'song_title': 'CAN - Vitamin C', 'sound_key': 'CAN - Vitamin C', 'audio_path': 'res://sounds/music/Genres/?/CAN - Vitamin C.mp3', 'song_bus': 'music', 'song_start_at': 0.0, 'has_audio': True, 'stage': 'song', 'genres': ['?', 'Alternative', 'Brit Invasion', 'Disco', 'Doo Wop', 'Folk', 'Folk Rock', 'Funk', 'Glitter:Glam', 'Grunge', 'Hard Rock', 'Heavy Metal', 'Hip Hop', 'New Wave', 'Pop Rock', 'Prog Rock', 'Psychedelic', 'Punk (70s)', 'Punk (80s)', 'R+B', 'Rap', 'Rock-a-Billy', 'Soul', 'Southern Rock'], 'genre_index': 1, 'genre_count': 24, 'selected_genre_index': 0, 'song_index': 1, 'song_count': 4, 'songs_text': 'CAN - Vitamin C\nCaptain Beefheart - Too Much Time\nFrank Zappa - Willie the Pimp\nZappa, Captain Beefheart - Her Eyes Are A Blue Million Miles', 'random_selected': False}
2026-04-20 21:05:15,118 : INFO : EventManager : Event: ======'machine_var_audits_switches_s_flipper_left'====== Args={'value': 959, 'prev_value': 958, 'change': 1}
2026-04-20 21:05:15,250 : INFO : SwitchController : <<<<<<< 's_flipper_left' inactive >>>>>>>
2026-04-20 21:05:15,717 : INFO : SwitchController : <<<<<<< 's_flipper_right' active >>>>>>>
2026-04-20 21:05:15,717 : INFO : EventManager : Event: ======'song_select_updated'====== Args={'genre': '?', 'song_title': 'Captain Beefheart - Too Much Time', 'sound_key': 'Captain Beefheart - Too Much Time', 'audio_path': 'res://sounds/music/Genres/?/Captain Beefheart - Too Much Time.mp3', 'song_bus': 'music', 'song_start_at': 0.0, 'has_audio': True, 'stage': 'song', 'genres': ['?', 'Alternative', 'Brit Invasion', 'Disco', 'Doo Wop', 'Folk', 'Folk Rock', 'Funk', 'Glitter:Glam', 'Grunge', 'Hard Rock', 'Heavy Metal', 'Hip Hop', 'New Wave', 'Pop Rock', 'Prog Rock', 'Psychedelic', 'Punk (70s)', 'Punk (80s)', 'R+B', 'Rap', 'Rock-a-Billy', 'Soul', 'Southern Rock'], 'genre_index': 1, 'genre_count': 24, 'selected_genre_index': 0, 'song_index': 2, 'song_count': 4, 'songs_text': 'CAN - Vitamin C\nCaptain Beefheart - Too Much Time\nFrank Zappa - Willie the Pimp\nZappa, Captain Beefheart - Her Eyes Are A Blue Million Miles', 'random_selected': False}
2026-04-20 21:05:15,718 : INFO : EventManager : Event: ======'machine_var_audits_switches_s_flipper_right'====== Args={'value': 1292, 'prev_value': 1291, 'change': 1}
2026-04-20 21:05:15,917 : INFO : SwitchController : <<<<<<< 's_flipper_right' inactive >>>>>>>
2026-04-20 21:05:16,233 : INFO : SwitchController : <<<<<<< 's_flipper_right' active >>>>>>>
2026-04-20 21:05:16,234 : INFO : EventManager : Event: ======'song_select_updated'====== Args={'genre': '?', 'song_title': 'Frank Zappa - Willie the Pimp', 'sound_key': 'Frank Zappa - Willie the Pimp', 'audio_path': 'res://sounds/music/Genres/?/Frank Zappa - Willie the Pimp.mp3', 'song_bus': 'music', 'song_start_at': 0.0, 'has_audio': True, 'stage': 'song', 'genres': ['?', 'Alternative', 'Brit Invasion', 'Disco', 'Doo Wop', 'Folk', 'Folk Rock', 'Funk', 'Glitter:Glam', 'Grunge', 'Hard Rock', 'Heavy Metal', 'Hip Hop', 'New Wave', 'Pop Rock', 'Prog Rock', 'Psychedelic', 'Punk (70s)', 'Punk (80s)', 'R+B', 'Rap', 'Rock-a-Billy', 'Soul', 'Southern Rock'], 'genre_index': 1, 'genre_count': 24, 'selected_genre_index': 0, 'song_index': 3, 'song_count': 4, 'songs_text': 'CAN - Vitamin C\nCaptain Beefheart - Too Much Time\nFrank Zappa - Willie the Pimp\nZappa, Captain Beefheart - Her Eyes Are A Blue Million Miles', 'random_selected': False}
2026-04-20 21:05:16,234 : INFO : EventManager : Event: ======'machine_var_audits_switches_s_flipper_right'====== Args={'value': 1293, 'prev_value': 1292, 'change': 1}
2026-04-20 21:05:16,401 : INFO : SwitchController : <<<<<<< 's_flipper_right' inactive >>>>>>>
2026-04-20 21:05:16,717 : INFO : SwitchController : <<<<<<< 's_flipper_left' active >>>>>>>
2026-04-20 21:05:16,718 : INFO : EventManager : Event: ======'song_select_updated'====== Args={'genre': '?', 'song_title': 'Captain Beefheart - Too Much Time', 'sound_key': 'Captain Beefheart - Too Much Time', 'audio_path': 'res://sounds/music/Genres/?/Captain Beefheart - Too Much Time.mp3', 'song_bus': 'music', 'song_start_at': 0.0, 'has_audio': True, 'stage': 'song', 'genres': ['?', 'Alternative', 'Brit Invasion', 'Disco', 'Doo Wop', 'Folk', 'Folk Rock', 'Funk', 'Glitter:Glam', 'Grunge', 'Hard Rock', 'Heavy Metal', 'Hip Hop', 'New Wave', 'Pop Rock', 'Prog Rock', 'Psychedelic', 'Punk (70s)', 'Punk (80s)', 'R+B', 'Rap', 'Rock-a-Billy', 'Soul', 'Southern Rock'], 'genre_index': 1, 'genre_count': 24, 'selected_genre_index': 0, 'song_index': 2, 'song_count': 4, 'songs_text': 'CAN - Vitamin C\nCaptain Beefheart - Too Much Time\nFrank Zappa - Willie the Pimp\nZappa, Captain Beefheart - Her Eyes Are A Blue Million Miles', 'random_selected': False}
2026-04-20 21:05:16,718 : INFO : EventManager : Event: ======'machine_var_audits_switches_s_flipper_left'====== Args={'value': 960, 'prev_value': 959, 'change': 1}
2026-04-20 21:05:16,853 : INFO : SwitchController : <<<<<<< 's_flipper_left' inactive >>>>>>>
2026-04-20 21:05:16,950 : INFO : SwitchController : <<<<<<< 's_flipper_left' active >>>>>>>
2026-04-20 21:05:16,951 : INFO : EventManager : Event: ======'song_select_updated'====== Args={'genre': '?', 'song_title': 'CAN - Vitamin C', 'sound_key': 'CAN - Vitamin C', 'audio_path': 'res://sounds/music/Genres/?/CAN - Vitamin C.mp3', 'song_bus': 'music', 'song_start_at': 0.0, 'has_audio': True, 'stage': 'song', 'genres': ['?', 'Alternative', 'Brit Invasion', 'Disco', 'Doo Wop', 'Folk', 'Folk Rock', 'Funk', 'Glitter:Glam', 'Grunge', 'Hard Rock', 'Heavy Metal', 'Hip Hop', 'New Wave', 'Pop Rock', 'Prog Rock', 'Psychedelic', 'Punk (70s)', 'Punk (80s)', 'R+B', 'Rap', 'Rock-a-Billy', 'Soul', 'Southern Rock'], 'genre_index': 1, 'genre_count': 24, 'selected_genre_index': 0, 'song_index': 1, 'song_count': 4, 'songs_text': 'CAN - Vitamin C\nCaptain Beefheart - Too Much Time\nFrank Zappa - Willie the Pimp\nZappa, Captain Beefheart - Her Eyes Are A Blue Million Miles', 'random_selected': False}
2026-04-20 21:05:16,951 : INFO : EventManager : Event: ======'machine_var_audits_switches_s_flipper_left'====== Args={'value': 961, 'prev_value': 960, 'change': 1}
2026-04-20 21:05:17,067 : INFO : SwitchController : <<<<<<< 's_flipper_left' inactive >>>>>>>
2026-04-20 21:05:17,550 : INFO : SwitchController : <<<<<<< 's_flipper_right' active >>>>>>>
2026-04-20 21:05:17,550 : INFO : EventManager : Event: ======'song_select_updated'====== Args={'genre': '?', 'song_title': 'Captain Beefheart - Too Much Time', 'sound_key': 'Captain Beefheart - Too Much Time', 'audio_path': 'res://sounds/music/Genres/?/Captain Beefheart - Too Much Time.mp3', 'song_bus': 'music', 'song_start_at': 0.0, 'has_audio': True, 'stage': 'song', 'genres': ['?', 'Alternative', 'Brit Invasion', 'Disco', 'Doo Wop', 'Folk', 'Folk Rock', 'Funk', 'Glitter:Glam', 'Grunge', 'Hard Rock', 'Heavy Metal', 'Hip Hop', 'New Wave', 'Pop Rock', 'Prog Rock', 'Psychedelic', 'Punk (70s)', 'Punk (80s)', 'R+B', 'Rap', 'Rock-a-Billy', 'Soul', 'Southern Rock'], 'genre_index': 1, 'genre_count': 24, 'selected_genre_index': 0, 'song_index': 2, 'song_count': 4, 'songs_text': 'CAN - Vitamin C\nCaptain Beefheart - Too Much Time\nFrank Zappa - Willie the Pimp\nZappa, Captain Beefheart - Her Eyes Are A Blue Million Miles', 'random_selected': False}
2026-04-20 21:05:17,551 : INFO : EventManager : Event: ======'machine_var_audits_switches_s_flipper_right'====== Args={'value': 1294, 'prev_value': 1293, 'change': 1}
2026-04-20 21:05:17,684 : INFO : SwitchController : <<<<<<< 's_flipper_right' inactive >>>>>>>
2026-04-20 21:05:17,817 : INFO : SwitchController : <<<<<<< 's_flipper_right' active >>>>>>>
2026-04-20 21:05:17,817 : INFO : EventManager : Event: ======'song_select_updated'====== Args={'genre': '?', 'song_title': 'Frank Zappa - Willie the Pimp', 'sound_key': 'Frank Zappa - Willie the Pimp', 'audio_path': 'res://sounds/music/Genres/?/Frank Zappa - Willie the Pimp.mp3', 'song_bus': 'music', 'song_start_at': 0.0, 'has_audio': True, 'stage': 'song', 'genres': ['?', 'Alternative', 'Brit Invasion', 'Disco', 'Doo Wop', 'Folk', 'Folk Rock', 'Funk', 'Glitter:Glam', 'Grunge', 'Hard Rock', 'Heavy Metal', 'Hip Hop', 'New Wave', 'Pop Rock', 'Prog Rock', 'Psychedelic', 'Punk (70s)', 'Punk (80s)', 'R+B', 'Rap', 'Rock-a-Billy', 'Soul', 'Southern Rock'], 'genre_index': 1, 'genre_count': 24, 'selected_genre_index': 0, 'song_index': 3, 'song_count': 4, 'songs_text': 'CAN - Vitamin C\nCaptain Beefheart - Too Much Time\nFrank Zappa - Willie the Pimp\nZappa, Captain Beefheart - Her Eyes Are A Blue Million Miles', 'random_selected': False}
2026-04-20 21:05:17,817 : INFO : EventManager : Event: ======'machine_var_audits_switches_s_flipper_right'====== Args={'value': 1295, 'prev_value': 1294, 'change': 1}
2026-04-20 21:05:17,916 : INFO : SwitchController : <<<<<<< 's_flipper_right' inactive >>>>>>>
2026-04-20 21:05:18,134 : INFO : SwitchController : <<<<<<< 's_flipper_right' active >>>>>>>
2026-04-20 21:05:18,134 : INFO : EventManager : Event: ======'song_select_updated'====== Args={'genre': '?', 'song_title': 'Zappa, Captain Beefheart - Her Eyes Are A Blue Million Miles', 'sound_key': 'Zappa, Captain Beefheart - Her Eyes Are A Blue Million Miles', 'audio_path': 'res://sounds/music/Genres/?/Zappa, Captain Beefheart - Her Eyes Are A Blue Million Miles.mp3', 'song_bus': 'music', 'song_start_at': 0.0, 'has_audio': True, 'stage': 'song', 'genres': ['?', 'Alternative', 'Brit Invasion', 'Disco', 'Doo Wop', 'Folk', 'Folk Rock', 'Funk', 'Glitter:Glam', 'Grunge', 'Hard Rock', 'Heavy Metal', 'Hip Hop', 'New Wave', 'Pop Rock', 'Prog Rock', 'Psychedelic', 'Punk (70s)', 'Punk (80s)', 'R+B', 'Rap', 'Rock-a-Billy', 'Soul', 'Southern Rock'], 'genre_index': 1, 'genre_count': 24, 'selected_genre_index': 0, 'song_index': 4, 'song_count': 4, 'songs_text': 'CAN - Vitamin C\nCaptain Beefheart - Too Much Time\nFrank Zappa - Willie the Pimp\nZappa, Captain Beefheart - Her Eyes Are A Blue Million Miles', 'random_selected': False}
2026-04-20 21:05:18,134 : INFO : EventManager : Event: ======'machine_var_audits_switches_s_flipper_right'====== Args={'value': 1296, 'prev_value': 1295, 'change': 1}
2026-04-20 21:05:18,250 : INFO : SwitchController : <<<<<<< 's_flipper_right' inactive >>>>>>>
2026-04-20 21:05:22,403 : INFO : EventManager : Event: ======'balldevice_bd_trough_ball_eject_failed'====== Args={'target': <ball_device.bd_plunger>, 'balls': 1, 'retry': True, 'num_attempts': 5}
2026-04-20 21:05:22,404 : INFO : ball_device.bd_trough : State: waiting_for_target_ready
2026-04-20 21:05:22,404 : INFO : EventManager : Event: ======'balldevice_bd_trough_ball_eject_attempt'====== Args={'balls': 1, 'target': <ball_device.bd_plunger>, 'source': <ball_device.bd_trough>, 'mechanical_eject': False, 'num_attempts': 5}
2026-04-20 21:05:22,405 : INFO : ball_device.bd_trough : State: ejecting
2026-04-20 21:05:22,405 : INFO : ball_device.bd_trough : Ejecting ball to <ball_device.bd_plunger>
2026-04-20 21:05:22,405 : INFO : EventManager : Event: ======'balldevice_bd_trough_ejecting_ball'====== Args={'balls': 1, 'target': <ball_device.bd_plunger>, 'source': <ball_device.bd_trough>, 'mechanical_eject': False, 'num_attempts': 5}
2026-04-20 21:05:22,405 : INFO : ball_device.bd_trough : Wait for ball to leave device
2026-04-20 21:05:22,405 : INFO : coil.c_trough_eject : Pulsing Driver for 10ms (1.0 pulse_power)
2026-04-20 21:05:23,250 : INFO : SwitchController : <<<<<<< 's_flipper_left' active >>>>>>>
2026-04-20 21:05:23,250 : INFO : EventManager : Event: ======'song_select_updated'====== Args={'genre': '?', 'song_title': 'Frank Zappa - Willie the Pimp', 'sound_key': 'Frank Zappa - Willie the Pimp', 'audio_path': 'res://sounds/music/Genres/?/Frank Zappa - Willie the Pimp.mp3', 'song_bus': 'music', 'song_start_at': 0.0, 'has_audio': True, 'stage': 'song', 'genres': ['?', 'Alternative', 'Brit Invasion', 'Disco', 'Doo Wop', 'Folk', 'Folk Rock', 'Funk', 'Glitter:Glam', 'Grunge', 'Hard Rock', 'Heavy Metal', 'Hip Hop', 'New Wave', 'Pop Rock', 'Prog Rock', 'Psychedelic', 'Punk (70s)', 'Punk (80s)', 'R+B', 'Rap', 'Rock-a-Billy', 'Soul', 'Southern Rock'], 'genre_index': 1, 'genre_count': 24, 'selected_genre_index': 0, 'song_index': 3, 'song_count': 4, 'songs_text': 'CAN - Vitamin C\nCaptain Beefheart - Too Much Time\nFrank Zappa - Willie the Pimp\nZappa, Captain Beefheart - Her Eyes Are A Blue Million Miles', 'random_selected': False}
2026-04-20 21:05:23,250 : INFO : EventManager : Event: ======'machine_var_audits_switches_s_flipper_left'====== Args={'value': 962, 'prev_value': 961, 'change': 1}
2026-04-20 21:05:23,384 : INFO : SwitchController : <<<<<<< 's_flipper_left' inactive >>>>>>>
2026-04-20 21:05:23,733 : INFO : SwitchController : <<<<<<< 's_flipper_left' active >>>>>>>
2026-04-20 21:05:23,734 : INFO : EventManager : Event: ======'song_select_updated'====== Args={'genre': '?', 'song_title': 'Captain Beefheart - Too Much Time', 'sound_key': 'Captain Beefheart - Too Much Time', 'audio_path': 'res://sounds/music/Genres/?/Captain Beefheart - Too Much Time.mp3', 'song_bus': 'music', 'song_start_at': 0.0, 'has_audio': True, 'stage': 'song', 'genres': ['?', 'Alternative', 'Brit Invasion', 'Disco', 'Doo Wop', 'Folk', 'Folk Rock', 'Funk', 'Glitter:Glam', 'Grunge', 'Hard Rock', 'Heavy Metal', 'Hip Hop', 'New Wave', 'Pop Rock', 'Prog Rock', 'Psychedelic', 'Punk (70s)', 'Punk (80s)', 'R+B', 'Rap', 'Rock-a-Billy', 'Soul', 'Southern Rock'], 'genre_index': 1, 'genre_count': 24, 'selected_genre_index': 0, 'song_index': 2, 'song_count': 4, 'songs_text': 'CAN - Vitamin C\nCaptain Beefheart - Too Much Time\nFrank Zappa - Willie the Pimp\nZappa, Captain Beefheart - Her Eyes Are A Blue Million Miles', 'random_selected': False}
2026-04-20 21:05:23,734 : INFO : EventManager : Event: ======'machine_var_audits_switches_s_flipper_left'====== Args={'value': 963, 'prev_value': 962, 'change': 1}
2026-04-20 21:05:23,834 : INFO : SwitchController : <<<<<<< 's_flipper_left' inactive >>>>>>>
2026-04-20 21:05:24,018 : INFO : SwitchController : <<<<<<< 's_flipper_left' active >>>>>>>
2026-04-20 21:05:24,018 : INFO : EventManager : Event: ======'song_select_updated'====== Args={'genre': '?', 'song_title': 'CAN - Vitamin C', 'sound_key': 'CAN - Vitamin C', 'audio_path': 'res://sounds/music/Genres/?/CAN - Vitamin C.mp3', 'song_bus': 'music', 'song_start_at': 0.0, 'has_audio': True, 'stage': 'song', 'genres': ['?', 'Alternative', 'Brit Invasion', 'Disco', 'Doo Wop', 'Folk', 'Folk Rock', 'Funk', 'Glitter:Glam', 'Grunge', 'Hard Rock', 'Heavy Metal', 'Hip Hop', 'New Wave', 'Pop Rock', 'Prog Rock', 'Psychedelic', 'Punk (70s)', 'Punk (80s)', 'R+B', 'Rap', 'Rock-a-Billy', 'Soul', 'Southern Rock'], 'genre_index': 1, 'genre_count': 24, 'selected_genre_index': 0, 'song_index': 1, 'song_count': 4, 'songs_text': 'CAN - Vitamin C\nCaptain Beefheart - Too Much Time\nFrank Zappa - Willie the Pimp\nZappa, Captain Beefheart - Her Eyes Are A Blue Million Miles', 'random_selected': False}
2026-04-20 21:05:24,019 : INFO : EventManager : Event: ======'machine_var_audits_switches_s_flipper_left'====== Args={'value': 964, 'prev_value': 963, 'change': 1}
2026-04-20 21:05:24,167 : INFO : SwitchController : <<<<<<< 's_flipper_left' inactive >>>>>>>
2026-04-20 21:05:24,433 : INFO : SwitchController : <<<<<<< 's_flipper_left' active >>>>>>>
2026-04-20 21:05:24,434 : INFO : EventManager : Event: ======'song_select_updated'====== Args={'genre': '?', 'song_title': 'Zappa, Captain Beefheart - Her Eyes Are A Blue Million Miles', 'sound_key': 'Zappa, Captain Beefheart - Her Eyes Are A Blue Million Miles', 'audio_path': 'res://sounds/music/Genres/?/Zappa, Captain Beefheart - Her Eyes Are A Blue Million Miles.mp3', 'song_bus': 'music', 'song_start_at': 0.0, 'has_audio': True, 'stage': 'song', 'genres': ['?', 'Alternative', 'Brit Invasion', 'Disco', 'Doo Wop', 'Folk', 'Folk Rock', 'Funk', 'Glitter:Glam', 'Grunge', 'Hard Rock', 'Heavy Metal', 'Hip Hop', 'New Wave', 'Pop Rock', 'Prog Rock', 'Psychedelic', 'Punk (70s)', 'Punk (80s)', 'R+B', 'Rap', 'Rock-a-Billy', 'Soul', 'Southern Rock'], 'genre_index': 1, 'genre_count': 24, 'selected_genre_index': 0, 'song_index': 4, 'song_count': 4, 'songs_text': 'CAN - Vitamin C\nCaptain Beefheart - Too Much Time\nFrank Zappa - Willie the Pimp\nZappa, Captain Beefheart - Her Eyes Are A Blue Million Miles', 'random_selected': False}
2026-04-20 21:05:24,434 : INFO : EventManager : Event: ======'machine_var_audits_switches_s_flipper_left'====== Args={'value': 965, 'prev_value': 964, 'change': 1}
2026-04-20 21:05:24,550 : INFO : SwitchController : <<<<<<< 's_flipper_left' inactive >>>>>>>
2026-04-20 21:05:25,100 : INFO : SwitchController : <<<<<<< 's_flipper_right' active >>>>>>>
2026-04-20 21:05:25,101 : INFO : EventManager : Event: ======'song_select_updated'====== Args={'genre': '?', 'song_title': 'CAN - Vitamin C', 'sound_key': 'CAN - Vitamin C', 'audio_path': 'res://sounds/music/Genres/?/CAN - Vitamin C.mp3', 'song_bus': 'music', 'song_start_at': 0.0, 'has_audio': True, 'stage': 'song', 'genres': ['?', 'Alternative', 'Brit Invasion', 'Disco', 'Doo Wop', 'Folk', 'Folk Rock', 'Funk', 'Glitter:Glam', 'Grunge', 'Hard Rock', 'Heavy Metal', 'Hip Hop', 'New Wave', 'Pop Rock', 'Prog Rock', 'Psychedelic', 'Punk (70s)', 'Punk (80s)', 'R+B', 'Rap', 'Rock-a-Billy', 'Soul', 'Southern Rock'], 'genre_index': 1, 'genre_count': 24, 'selected_genre_index': 0, 'song_index': 1, 'song_count': 4, 'songs_text': 'CAN - Vitamin C\nCaptain Beefheart - Too Much Time\nFrank Zappa - Willie the Pimp\nZappa, Captain Beefheart - Her Eyes Are A Blue Million Miles', 'random_selected': False}
2026-04-20 21:05:25,101 : INFO : EventManager : Event: ======'machine_var_audits_switches_s_flipper_right'====== Args={'value': 1297, 'prev_value': 1296, 'change': 1}
2026-04-20 21:05:25,200 : INFO : SwitchController : <<<<<<< 's_flipper_right' inactive >>>>>>>
2026-04-20 21:05:25,683 : INFO : SwitchController : <<<<<<< 's_flipper_right' active >>>>>>>
2026-04-20 21:05:25,684 : INFO : EventManager : Event: ======'song_select_updated'====== Args={'genre': '?', 'song_title': 'Captain Beefheart - Too Much Time', 'sound_key': 'Captain Beefheart - Too Much Time', 'audio_path': 'res://sounds/music/Genres/?/Captain Beefheart - Too Much Time.mp3', 'song_bus': 'music', 'song_start_at': 0.0, 'has_audio': True, 'stage': 'song', 'genres': ['?', 'Alternative', 'Brit Invasion', 'Disco', 'Doo Wop', 'Folk', 'Folk Rock', 'Funk', 'Glitter:Glam', 'Grunge', 'Hard Rock', 'Heavy Metal', 'Hip Hop', 'New Wave', 'Pop Rock', 'Prog Rock', 'Psychedelic', 'Punk (70s)', 'Punk (80s)', 'R+B', 'Rap', 'Rock-a-Billy', 'Soul', 'Southern Rock'], 'genre_index': 1, 'genre_count': 24, 'selected_genre_index': 0, 'song_index': 2, 'song_count': 4, 'songs_text': 'CAN - Vitamin C\nCaptain Beefheart - Too Much Time\nFrank Zappa - Willie the Pimp\nZappa, Captain Beefheart - Her Eyes Are A Blue Million Miles', 'random_selected': False}
2026-04-20 21:05:25,684 : INFO : EventManager : Event: ======'machine_var_audits_switches_s_flipper_right'====== Args={'value': 1298, 'prev_value': 1297, 'change': 1}
2026-04-20 21:05:25,800 : INFO : SwitchController : <<<<<<< 's_flipper_right' inactive >>>>>>>
2026-04-20 21:05:25,950 : INFO : SwitchController : <<<<<<< 's_flipper_right' active >>>>>>>
2026-04-20 21:05:25,951 : INFO : EventManager : Event: ======'song_select_updated'====== Args={'genre': '?', 'song_title': 'Frank Zappa - Willie the Pimp', 'sound_key': 'Frank Zappa - Willie the Pimp', 'audio_path': 'res://sounds/music/Genres/?/Frank Zappa - Willie the Pimp.mp3', 'song_bus': 'music', 'song_start_at': 0.0, 'has_audio': True, 'stage': 'song', 'genres': ['?', 'Alternative', 'Brit Invasion', 'Disco', 'Doo Wop', 'Folk', 'Folk Rock', 'Funk', 'Glitter:Glam', 'Grunge', 'Hard Rock', 'Heavy Metal', 'Hip Hop', 'New Wave', 'Pop Rock', 'Prog Rock', 'Psychedelic', 'Punk (70s)', 'Punk (80s)', 'R+B', 'Rap', 'Rock-a-Billy', 'Soul', 'Southern Rock'], 'genre_index': 1, 'genre_count': 24, 'selected_genre_index': 0, 'song_index': 3, 'song_count': 4, 'songs_text': 'CAN - Vitamin C\nCaptain Beefheart - Too Much Time\nFrank Zappa - Willie the Pimp\nZappa, Captain Beefheart - Her Eyes Are A Blue Million Miles', 'random_selected': False}
2026-04-20 21:05:25,951 : INFO : EventManager : Event: ======'machine_var_audits_switches_s_flipper_right'====== Args={'value': 1299, 'prev_value': 1298, 'change': 1}
2026-04-20 21:05:26,067 : INFO : SwitchController : <<<<<<< 's_flipper_right' inactive >>>>>>>
2026-04-20 21:05:26,200 : INFO : SwitchController : <<<<<<< 's_flipper_right' active >>>>>>>
2026-04-20 21:05:26,200 : INFO : EventManager : Event: ======'song_select_updated'====== Args={'genre': '?', 'song_title': 'Zappa, Captain Beefheart - Her Eyes Are A Blue Million Miles', 'sound_key': 'Zappa, Captain Beefheart - Her Eyes Are A Blue Million Miles', 'audio_path': 'res://sounds/music/Genres/?/Zappa, Captain Beefheart - Her Eyes Are A Blue Million Miles.mp3', 'song_bus': 'music', 'song_start_at': 0.0, 'has_audio': True, 'stage': 'song', 'genres': ['?', 'Alternative', 'Brit Invasion', 'Disco', 'Doo Wop', 'Folk', 'Folk Rock', 'Funk', 'Glitter:Glam', 'Grunge', 'Hard Rock', 'Heavy Metal', 'Hip Hop', 'New Wave', 'Pop Rock', 'Prog Rock', 'Psychedelic', 'Punk (70s)', 'Punk (80s)', 'R+B', 'Rap', 'Rock-a-Billy', 'Soul', 'Southern Rock'], 'genre_index': 1, 'genre_count': 24, 'selected_genre_index': 0, 'song_index': 4, 'song_count': 4, 'songs_text': 'CAN - Vitamin C\nCaptain Beefheart - Too Much Time\nFrank Zappa - Willie the Pimp\nZappa, Captain Beefheart - Her Eyes Are A Blue Million Miles', 'random_selected': False}
2026-04-20 21:05:26,200 : INFO : EventManager : Event: ======'machine_var_audits_switches_s_flipper_right'====== Args={'value': 1300, 'prev_value': 1299, 'change': 1}
2026-04-20 21:05:26,300 : INFO : SwitchController : <<<<<<< 's_flipper_right' inactive >>>>>>>
2026-04-20 21:05:26,517 : INFO : SwitchController : <<<<<<< 's_flipper_right' active >>>>>>>
2026-04-20 21:05:26,517 : INFO : EventManager : Event: ======'song_select_updated'====== Args={'genre': '?', 'song_title': 'CAN - Vitamin C', 'sound_key': 'CAN - Vitamin C', 'audio_path': 'res://sounds/music/Genres/?/CAN - Vitamin C.mp3', 'song_bus': 'music', 'song_start_at': 0.0, 'has_audio': True, 'stage': 'song', 'genres': ['?', 'Alternative', 'Brit Invasion', 'Disco', 'Doo Wop', 'Folk', 'Folk Rock', 'Funk', 'Glitter:Glam', 'Grunge', 'Hard Rock', 'Heavy Metal', 'Hip Hop', 'New Wave', 'Pop Rock', 'Prog Rock', 'Psychedelic', 'Punk (70s)', 'Punk (80s)', 'R+B', 'Rap', 'Rock-a-Billy', 'Soul', 'Southern Rock'], 'genre_index': 1, 'genre_count': 24, 'selected_genre_index': 0, 'song_index': 1, 'song_count': 4, 'songs_text': 'CAN - Vitamin C\nCaptain Beefheart - Too Much Time\nFrank Zappa - Willie the Pimp\nZappa, Captain Beefheart - Her Eyes Are A Blue Million Miles', 'random_selected': False}
2026-04-20 21:05:26,518 : INFO : EventManager : Event: ======'machine_var_audits_switches_s_flipper_right'====== Args={'value': 1301, 'prev_value': 1300, 'change': 1}
2026-04-20 21:05:26,650 : INFO : SwitchController : <<<<<<< 's_flipper_right' inactive >>>>>>>
2026-04-20 21:05:26,967 : INFO : SwitchController : <<<<<<< 's_flipper_right' active >>>>>>>
2026-04-20 21:05:26,967 : INFO : EventManager : Event: ======'song_select_updated'====== Args={'genre': '?', 'song_title': 'Captain Beefheart - Too Much Time', 'sound_key': 'Captain Beefheart - Too Much Time', 'audio_path': 'res://sounds/music/Genres/?/Captain Beefheart - Too Much Time.mp3', 'song_bus': 'music', 'song_start_at': 0.0, 'has_audio': True, 'stage': 'song', 'genres': ['?', 'Alternative', 'Brit Invasion', 'Disco', 'Doo Wop', 'Folk', 'Folk Rock', 'Funk', 'Glitter:Glam', 'Grunge', 'Hard Rock', 'Heavy Metal', 'Hip Hop', 'New Wave', 'Pop Rock', 'Prog Rock', 'Psychedelic', 'Punk (70s)', 'Punk (80s)', 'R+B', 'Rap', 'Rock-a-Billy', 'Soul', 'Southern Rock'], 'genre_index': 1, 'genre_count': 24, 'selected_genre_index': 0, 'song_index': 2, 'song_count': 4, 'songs_text': 'CAN - Vitamin C\nCaptain Beefheart - Too Much Time\nFrank Zappa - Willie the Pimp\nZappa, Captain Beefheart - Her Eyes Are A Blue Million Miles', 'random_selected': False}
2026-04-20 21:05:26,967 : INFO : EventManager : Event: ======'machine_var_audits_switches_s_flipper_right'====== Args={'value': 1302, 'prev_value': 1301, 'change': 1}
2026-04-20 21:05:27,117 : INFO : SwitchController : <<<<<<< 's_flipper_right' inactive >>>>>>>
2026-04-20 21:05:27,500 : INFO : SwitchController : <<<<<<< 's_flipper_right' active >>>>>>>
2026-04-20 21:05:27,501 : INFO : EventManager : Event: ======'song_select_updated'====== Args={'genre': '?', 'song_title': 'Frank Zappa - Willie the Pimp', 'sound_key': 'Frank Zappa - Willie the Pimp', 'audio_path': 'res://sounds/music/Genres/?/Frank Zappa - Willie the Pimp.mp3', 'song_bus': 'music', 'song_start_at': 0.0, 'has_audio': True, 'stage': 'song', 'genres': ['?', 'Alternative', 'Brit Invasion', 'Disco', 'Doo Wop', 'Folk', 'Folk Rock', 'Funk', 'Glitter:Glam', 'Grunge', 'Hard Rock', 'Heavy Metal', 'Hip Hop', 'New Wave', 'Pop Rock', 'Prog Rock', 'Psychedelic', 'Punk (70s)', 'Punk (80s)', 'R+B', 'Rap', 'Rock-a-Billy', 'Soul', 'Southern Rock'], 'genre_index': 1, 'genre_count': 24, 'selected_genre_index': 0, 'song_index': 3, 'song_count': 4, 'songs_text': 'CAN - Vitamin C\nCaptain Beefheart - Too Much Time\nFrank Zappa - Willie the Pimp\nZappa, Captain Beefheart - Her Eyes Are A Blue Million Miles', 'random_selected': False}
2026-04-20 21:05:27,501 : INFO : EventManager : Event: ======'machine_var_audits_switches_s_flipper_right'====== Args={'value': 1303, 'prev_value': 1302, 'change': 1}
2026-04-20 21:05:27,650 : INFO : SwitchController : <<<<<<< 's_flipper_right' inactive >>>>>>>
2026-04-20 21:05:27,767 : INFO : SwitchController : <<<<<<< 's_flipper_right' active >>>>>>>
2026-04-20 21:05:27,767 : INFO : EventManager : Event: ======'song_select_updated'====== Args={'genre': '?', 'song_title': 'Zappa, Captain Beefheart - Her Eyes Are A Blue Million Miles', 'sound_key': 'Zappa, Captain Beefheart - Her Eyes Are A Blue Million Miles', 'audio_path': 'res://sounds/music/Genres/?/Zappa, Captain Beefheart - Her Eyes Are A Blue Million Miles.mp3', 'song_bus': 'music', 'song_start_at': 0.0, 'has_audio': True, 'stage': 'song', 'genres': ['?', 'Alternative', 'Brit Invasion', 'Disco', 'Doo Wop', 'Folk', 'Folk Rock', 'Funk', 'Glitter:Glam', 'Grunge', 'Hard Rock', 'Heavy Metal', 'Hip Hop', 'New Wave', 'Pop Rock', 'Prog Rock', 'Psychedelic', 'Punk (70s)', 'Punk (80s)', 'R+B', 'Rap', 'Rock-a-Billy', 'Soul', 'Southern Rock'], 'genre_index': 1, 'genre_count': 24, 'selected_genre_index': 0, 'song_index': 4, 'song_count': 4, 'songs_text': 'CAN - Vitamin C\nCaptain Beefheart - Too Much Time\nFrank Zappa - Willie the Pimp\nZappa, Captain Beefheart - Her Eyes Are A Blue Million Miles', 'random_selected': False}
2026-04-20 21:05:27,767 : INFO : EventManager : Event: ======'machine_var_audits_switches_s_flipper_right'====== Args={'value': 1304, 'prev_value': 1303, 'change': 1}
2026-04-20 21:05:27,883 : INFO : SwitchController : <<<<<<< 's_flipper_right' inactive >>>>>>>
2026-04-20 21:05:28,250 : INFO : SwitchController : <<<<<<< 's_flipper_right' active >>>>>>>
2026-04-20 21:05:28,250 : INFO : EventManager : Event: ======'song_select_updated'====== Args={'genre': '?', 'song_title': 'CAN - Vitamin C', 'sound_key': 'CAN - Vitamin C', 'audio_path': 'res://sounds/music/Genres/?/CAN - Vitamin C.mp3', 'song_bus': 'music', 'song_start_at': 0.0, 'has_audio': True, 'stage': 'song', 'genres': ['?', 'Alternative', 'Brit Invasion', 'Disco', 'Doo Wop', 'Folk', 'Folk Rock', 'Funk', 'Glitter:Glam', 'Grunge', 'Hard Rock', 'Heavy Metal', 'Hip Hop', 'New Wave', 'Pop Rock', 'Prog Rock', 'Psychedelic', 'Punk (70s)', 'Punk (80s)', 'R+B', 'Rap', 'Rock-a-Billy', 'Soul', 'Southern Rock'], 'genre_index': 1, 'genre_count': 24, 'selected_genre_index': 0, 'song_index': 1, 'song_count': 4, 'songs_text': 'CAN - Vitamin C\nCaptain Beefheart - Too Much Time\nFrank Zappa - Willie the Pimp\nZappa, Captain Beefheart - Her Eyes Are A Blue Million Miles', 'random_selected': False}
2026-04-20 21:05:28,251 : INFO : EventManager : Event: ======'machine_var_audits_switches_s_flipper_right'====== Args={'value': 1305, 'prev_value': 1304, 'change': 1}
2026-04-20 21:05:28,417 : INFO : SwitchController : <<<<<<< 's_flipper_right' inactive >>>>>>>
2026-04-20 21:05:32,407 : INFO : EventManager : Event: ======'balldevice_bd_trough_ball_eject_failed'====== Args={'target': <ball_device.bd_plunger>, 'balls': 1, 'retry': True, 'num_attempts': 6}
2026-04-20 21:05:32,408 : INFO : ball_device.bd_trough : State: waiting_for_target_ready
2026-04-20 21:05:32,408 : INFO : EventManager : Event: ======'balldevice_bd_trough_ball_eject_attempt'====== Args={'balls': 1, 'target': <ball_device.bd_plunger>, 'source': <ball_device.bd_trough>, 'mechanical_eject': False, 'num_attempts': 6}
2026-04-20 21:05:32,408 : INFO : ball_device.bd_trough : State: ejecting
2026-04-20 21:05:32,408 : INFO : ball_device.bd_trough : Ejecting ball to <ball_device.bd_plunger>
2026-04-20 21:05:32,408 : INFO : EventManager : Event: ======'balldevice_bd_trough_ejecting_ball'====== Args={'balls': 1, 'target': <ball_device.bd_plunger>, 'source': <ball_device.bd_trough>, 'mechanical_eject': False, 'num_attempts': 6}
2026-04-20 21:05:32,409 : INFO : ball_device.bd_trough : Wait for ball to leave device
2026-04-20 21:05:32,409 : INFO : coil.c_trough_eject : Pulsing Driver for 10ms (1.0 pulse_power)
2026-04-20 21:05:35,650 : INFO : SwitchController : <<<<<<< 's_flipper_right' active >>>>>>>
2026-04-20 21:05:35,651 : INFO : EventManager : Event: ======'song_select_updated'====== Args={'genre': '?', 'song_title': 'Captain Beefheart - Too Much Time', 'sound_key': 'Captain Beefheart - Too Much Time', 'audio_path': 'res://sounds/music/Genres/?/Captain Beefheart - Too Much Time.mp3', 'song_bus': 'music', 'song_start_at': 0.0, 'has_audio': True, 'stage': 'song', 'genres': ['?', 'Alternative', 'Brit Invasion', 'Disco', 'Doo Wop', 'Folk', 'Folk Rock', 'Funk', 'Glitter:Glam', 'Grunge', 'Hard Rock', 'Heavy Metal', 'Hip Hop', 'New Wave', 'Pop Rock', 'Prog Rock', 'Psychedelic', 'Punk (70s)', 'Punk (80s)', 'R+B', 'Rap', 'Rock-a-Billy', 'Soul', 'Southern Rock'], 'genre_index': 1, 'genre_count': 24, 'selected_genre_index': 0, 'song_index': 2, 'song_count': 4, 'songs_text': 'CAN - Vitamin C\nCaptain Beefheart - Too Much Time\nFrank Zappa - Willie the Pimp\nZappa, Captain Beefheart - Her Eyes Are A Blue Million Miles', 'random_selected': False}
2026-04-20 21:05:35,651 : INFO : EventManager : Event: ======'machine_var_audits_switches_s_flipper_right'====== Args={'value': 1306, 'prev_value': 1305, 'change': 1}
2026-04-20 21:05:35,733 : INFO : SwitchController : <<<<<<< 's_flipper_right' inactive >>>>>>>
2026-04-20 21:05:36,067 : INFO : SwitchController : <<<<<<< 's_flipper_right' active >>>>>>>
2026-04-20 21:05:36,067 : INFO : EventManager : Event: ======'song_select_updated'====== Args={'genre': '?', 'song_title': 'Frank Zappa - Willie the Pimp', 'sound_key': 'Frank Zappa - Willie the Pimp', 'audio_path': 'res://sounds/music/Genres/?/Frank Zappa - Willie the Pimp.mp3', 'song_bus': 'music', 'song_start_at': 0.0, 'has_audio': True, 'stage': 'song', 'genres': ['?', 'Alternative', 'Brit Invasion', 'Disco', 'Doo Wop', 'Folk', 'Folk Rock', 'Funk', 'Glitter:Glam', 'Grunge', 'Hard Rock', 'Heavy Metal', 'Hip Hop', 'New Wave', 'Pop Rock', 'Prog Rock', 'Psychedelic', 'Punk (70s)', 'Punk (80s)', 'R+B', 'Rap', 'Rock-a-Billy', 'Soul', 'Southern Rock'], 'genre_index': 1, 'genre_count': 24, 'selected_genre_index': 0, 'song_index': 3, 'song_count': 4, 'songs_text': 'CAN - Vitamin C\nCaptain Beefheart - Too Much Time\nFrank Zappa - Willie the Pimp\nZappa, Captain Beefheart - Her Eyes Are A Blue Million Miles', 'random_selected': False}
2026-04-20 21:05:36,068 : INFO : EventManager : Event: ======'machine_var_audits_switches_s_flipper_right'====== Args={'value': 1307, 'prev_value': 1306, 'change': 1}
2026-04-20 21:05:36,184 : INFO : SwitchController : <<<<<<< 's_flipper_right' inactive >>>>>>>
2026-04-20 21:05:36,500 : INFO : SwitchController : <<<<<<< 's_flipper_right' active >>>>>>>
2026-04-20 21:05:36,501 : INFO : EventManager : Event: ======'song_select_updated'====== Args={'genre': '?', 'song_title': 'Zappa, Captain Beefheart - Her Eyes Are A Blue Million Miles', 'sound_key': 'Zappa, Captain Beefheart - Her Eyes Are A Blue Million Miles', 'audio_path': 'res://sounds/music/Genres/?/Zappa, Captain Beefheart - Her Eyes Are A Blue Million Miles.mp3', 'song_bus': 'music', 'song_start_at': 0.0, 'has_audio': True, 'stage': 'song', 'genres': ['?', 'Alternative', 'Brit Invasion', 'Disco', 'Doo Wop', 'Folk', 'Folk Rock', 'Funk', 'Glitter:Glam', 'Grunge', 'Hard Rock', 'Heavy Metal', 'Hip Hop', 'New Wave', 'Pop Rock', 'Prog Rock', 'Psychedelic', 'Punk (70s)', 'Punk (80s)', 'R+B', 'Rap', 'Rock-a-Billy', 'Soul', 'Southern Rock'], 'genre_index': 1, 'genre_count': 24, 'selected_genre_index': 0, 'song_index': 4, 'song_count': 4, 'songs_text': 'CAN - Vitamin C\nCaptain Beefheart - Too Much Time\nFrank Zappa - Willie the Pimp\nZappa, Captain Beefheart - Her Eyes Are A Blue Million Miles', 'random_selected': False}
2026-04-20 21:05:36,501 : INFO : EventManager : Event: ======'machine_var_audits_switches_s_flipper_right'====== Args={'value': 1308, 'prev_value': 1307, 'change': 1}
2026-04-20 21:05:36,634 : INFO : SwitchController : <<<<<<< 's_flipper_right' inactive >>>>>>>
2026-04-20 21:05:41,278 : INFO : Machine : Shutting down...
2026-04-20 21:05:41,279 : INFO : EventManager : Event: ======'shutdown'====== Args={}
2026-04-20 21:05:41,279 : INFO : EventManager : Event: ======'mode_game_will_stop'====== Args={}
2026-04-20 21:05:41,280 : INFO : EventManager : Event: ======'mode_game_stopping'====== Args={}
2026-04-20 21:05:41,280 : INFO : EventManager : Event: ======'mode_song_select_will_stop'====== Args={}
2026-04-20 21:05:41,280 : INFO : EventManager : Event: ======'mode_song_select_stopping'====== Args={}
2026-04-20 21:05:41,280 : INFO : Mode.song_select : Stopped.
2026-04-20 21:05:41,280 : INFO : EventManager : Event: ======'modes_active_modes_changed'====== Args={}
2026-04-20 21:05:41,280 : INFO : EventManager : Event: ======'mode_song_select_stopped'====== Args={}
2026-04-20 21:05:41,280 : INFO : EventManager : Event: ======'clear'====== Args={'key': 'song_select'}
2026-04-20 21:05:41,281 : INFO : Mode.game : Stopped.
2026-04-20 21:05:41,281 : INFO : EventManager : Event: ======'modes_active_modes_changed'====== Args={}
2026-04-20 21:05:41,281 : INFO : EventManager : Event: ======'mode_game_stopped'====== Args={}
2026-04-20 21:05:41,281 : INFO : EventManager : Event: ======'clear'====== Args={'key': 'game'}
2026-04-20 21:05:41,282 : INFO : root : MPF run loop ended.
