2026-04-20 15:03:26,532 : INFO : root : Loading config.
2026-04-20 15:03:26,586 : INFO : ConfigProcessor : Config spec file cache created: /var/folders/nw/6blj94p12ldcym3fj104vzlm0000gn/T/config_spec.mpf_cache
2026-04-20 15:03:26,587 : INFO : YamlMultifileConfigLoader : Machine config file #1: config.yaml
2026-04-20 15:03:26,587 : WARNING : ConfigProcessor : Config file in cache changed: /Users/willrante/Documents/GitHub/pinball/config/config.yaml
2026-04-20 15:03:26,587 : INFO : ConfigProcessor : Loading config from file /Users/willrante/mpf-env/lib/python3.14/site-packages/mpf/mpfconfig.yaml.
2026-04-20 15:03:26,598 : INFO : ConfigProcessor : Loading config: /Users/willrante/mpf-env/lib/python3.14/site-packages/mpf/mpfconfig.yaml
2026-04-20 15:03:26,598 : INFO : ConfigProcessor : Loading config from file /Users/willrante/Documents/GitHub/pinball/config/config.yaml.
2026-04-20 15:03:26,598 : INFO : ConfigProcessor : Loading config: /Users/willrante/Documents/GitHub/pinball/config/config.yaml
2026-04-20 15:03:26,599 : INFO : ConfigProcessor : Loading config: /Users/willrante/Documents/GitHub/pinball/config/config_ball_devices.yaml
2026-04-20 15:03:26,599 : INFO : ConfigProcessor : Loading config: /Users/willrante/Documents/GitHub/pinball/config/config_coils.yaml
2026-04-20 15:03:26,600 : INFO : ConfigProcessor : Loading config: /Users/willrante/Documents/GitHub/pinball/config/config_switches.yaml
2026-04-20 15:03:26,600 : INFO : ConfigProcessor : Config file cache created: /var/folders/nw/6blj94p12ldcym3fj104vzlm0000gn/T/b334f8a4e2121184f8a617378a4d1625.mpf_cache
2026-04-20 15:03:26,628 : WARNING : ConfigProcessor : Config file in cache changed: /Users/willrante/Documents/GitHub/pinball/modes/attract/config/attract.yaml
2026-04-20 15:03:26,628 : INFO : ConfigProcessor : Loading config from file /Users/willrante/mpf-env/lib/python3.14/site-packages/mpf/modes/attract/config/attract.yaml.
2026-04-20 15:03:26,628 : INFO : ConfigProcessor : Loading config: /Users/willrante/mpf-env/lib/python3.14/site-packages/mpf/modes/attract/config/attract.yaml
2026-04-20 15:03:26,628 : INFO : ConfigProcessor : Loading config from file /Users/willrante/Documents/GitHub/pinball/modes/attract/config/attract.yaml.
2026-04-20 15:03:26,629 : INFO : ConfigProcessor : Loading config: /Users/willrante/Documents/GitHub/pinball/modes/attract/config/attract.yaml
2026-04-20 15:03:26,629 : INFO : ConfigProcessor : Config file cache created: /var/folders/nw/6blj94p12ldcym3fj104vzlm0000gn/T/63da12c4cec82227b4c3859bbf3c7cd4.mpf_cache
2026-04-20 15:03:26,630 : INFO : ConfigProcessor : Loading config from cache: /var/folders/nw/6blj94p12ldcym3fj104vzlm0000gn/T/b8625db2ee8ad38c42d4f1c72235edc8.mpf_cache
2026-04-20 15:03:26,630 : INFO : ConfigProcessor : Loading config from cache: /var/folders/nw/6blj94p12ldcym3fj104vzlm0000gn/T/63da12c4cec82227b4c3859bbf3c7cd4.mpf_cache
2026-04-20 15:03:26,630 : INFO : ConfigProcessor : Loading config from file /Users/willrante/Documents/GitHub/pinball/modes/song_select/config/song_select.yaml.
2026-04-20 15:03:26,631 : INFO : ConfigProcessor : Loading config: /Users/willrante/Documents/GitHub/pinball/modes/song_select/config/song_select.yaml
2026-04-20 15:03:26,631 : INFO : ConfigProcessor : Config file cache created: /var/folders/nw/6blj94p12ldcym3fj104vzlm0000gn/T/cfdfcb64dba57a34ef9374db95e57645.mpf_cache
2026-04-20 15:03:26,631 : INFO : ConfigProcessor : Loading config from cache: /var/folders/nw/6blj94p12ldcym3fj104vzlm0000gn/T/104947b35f87d581877cdaf02599b463.mpf_cache
2026-04-20 15:03:26,631 : INFO : ConfigProcessor : Loading config from cache: /var/folders/nw/6blj94p12ldcym3fj104vzlm0000gn/T/bc830d47d6fbb336561cc63e74edf2c9.mpf_cache
2026-04-20 15:03:26,631 : INFO : ConfigProcessor : Loading config from cache: /var/folders/nw/6blj94p12ldcym3fj104vzlm0000gn/T/4273c698423283a7843ff5c77ef69dc9.mpf_cache
2026-04-20 15:03:26,631 : INFO : ConfigProcessor : Loading config from cache: /var/folders/nw/6blj94p12ldcym3fj104vzlm0000gn/T/7424f2cce7b15e0b37e570d3514590c8.mpf_cache
2026-04-20 15:03:26,632 : INFO : Machine : Mission Pinball Framework Core Engine v0.80.0.dev13
2026-04-20 15:03:26,632 : INFO : Machine : Command line arguments: {'no_load_cache': False, 'create_config_cache': True, 'bcp': True, 'configfile': ['config.yaml'], 'force_assets_load': False, 'platform_integration_test': False, 'jsonlogging': False, 'logfile': 'logs/2026-04-20-15-03-26-mpf-Wills-MacBook-Pro-M5.local.log', 'pause': False, 'production': False, 'text_ui': False, 'loglevel': 15, 'consoleloglevel': 20, 'force_platform': 'virtual', 'syslog_address': None, 'full_logfile_path': '/Users/willrante/Documents/GitHub/pinball/logs/2026-04-20-15-03-26-mpf-Wills-MacBook-Pro-M5.local.log'}
2026-04-20 15:03:26,632 : INFO : Machine : MPF path: /Users/willrante/mpf-env/lib/python3.14/site-packages/mpf
2026-04-20 15:03:26,632 : INFO : Machine : Machine path: /Users/willrante/Documents/GitHub/pinball
2026-04-20 15:03:26,632 : INFO : Machine : Platform: darwin
2026-04-20 15:03:26,632 : INFO : Machine : Python executable location: /Users/willrante/mpf-env/bin/python3.14
2026-04-20 15:03:26,632 : INFO : Machine : Python version: 3.14.3 (64-bit)
2026-04-20 15:03:26,632 : INFO : Machine : Initializing MPF...
2026-04-20 15:03:26,757 : INFO : EventManager : Event: ======'machine_var_credits_string'====== Args={'value': 'FREE PLAY', 'prev_value': None, 'change': True}
2026-04-20 15:03:26,762 : INFO : EventManager : Event: ======'machine_var_master_volume'====== Args={'value': 0.5, 'prev_value': None, 'change': True}
2026-04-20 15:03:26,762 : INFO : EventManager : Event: ======'machine_var_mpf_version'====== Args={'value': 'Mission Pinball Framework v0.80.0.dev13', 'prev_value': None, 'change': True}
2026-04-20 15:03:26,762 : INFO : EventManager : Event: ======'machine_var_mpf_extended_version'====== Args={'value': 'Mission Pinball Framework v0.80.0.dev13, Config version:6, Show version: 6, BCP version:1.1', 'prev_value': None, 'change': True}
2026-04-20 15:03:26,765 : INFO : EventManager : Event: ======'machine_var_python_version'====== Args={'value': '3.14.3', 'prev_value': None, 'change': True}
2026-04-20 15:03:26,774 : INFO : EventManager : Event: ======'machine_var_platform'====== Args={'value': 'macOS-26.4.1-arm64-arm-64bit-Mach-O', 'prev_value': None, 'change': True}
2026-04-20 15:03:26,774 : INFO : EventManager : Event: ======'machine_var_platform_system'====== Args={'value': 'Darwin', 'prev_value': None, 'change': True}
2026-04-20 15:03:26,774 : INFO : EventManager : Event: ======'machine_var_platform_release'====== Args={'value': '25.4.0', 'prev_value': None, 'change': True}
2026-04-20 15:03:26,774 : INFO : EventManager : Event: ======'machine_var_platform_version'====== Args={'value': 'Darwin Kernel Version 25.4.0: Thu Mar 19 19:33:50 PDT 2026; root:xnu-12377.101.15~1/RELEASE_ARM64_T6050', 'prev_value': None, 'change': True}
2026-04-20 15:03:26,774 : INFO : EventManager : Event: ======'machine_var_platform_machine'====== Args={'value': 'arm64', 'prev_value': None, 'change': True}
2026-04-20 15:03:26,774 : INFO : EventManager : Event: ======'machine_var_log_file_path'====== Args={'value': '/Users/willrante/Documents/GitHub/pinball/logs/2026-04-20-15-03-26-mpf-Wills-MacBook-Pro-M5.local.log', 'prev_value': None, 'change': True}
2026-04-20 15:03:26,774 : INFO : EventManager : Event: ======'init_phase_1'====== Args={}
2026-04-20 15:03:26,782 : INFO : EventManager : Event: ======'init_phase_2'====== Args={}
2026-04-20 15:03:26,782 : INFO : SwitchController : Found active switch: (1007, <Platform.Virtual>) <switch.s_trough_1>
2026-04-20 15:03:26,782 : INFO : SwitchController : Found active switch: (1008, <Platform.Virtual>) <switch.s_trough_2>
2026-04-20 15:03:26,782 : INFO : SwitchController : Found active switch: (1009, <Platform.Virtual>) <switch.s_trough_3>
2026-04-20 15:03:26,782 : INFO : EventManager : Event: ======'bcp_connection_attempt'====== Args={'name': 'local_display', 'host': 'localhost', 'port': 5050}
2026-04-20 15:03:26,783 : INFO : BCPClientSocket : Connecting BCP to 'local_display' at localhost:5050...
2026-04-20 15:03:34,976 : INFO : BCPClientSocket : Connected BCP to 'local_display' localhost:5050
2026-04-20 15:03:34,978 : INFO : EventManager : Event: ======'bcp_clients_connected'====== Args={}
2026-04-20 15:03:34,978 : INFO : ball_device.bd_plunger : BCH: Initial count: 0
2026-04-20 15:03:34,979 : INFO : ball_device.bd_plunger : State: idle
2026-04-20 15:03:34,980 : INFO : ball_device.bd_trough : BCH: Initial count: 3
2026-04-20 15:03:34,980 : INFO : ball_device.bd_trough : State: idle
2026-04-20 15:03:34,993 : INFO : EventManager : Event: ======'init_phase_3'====== Args={}
2026-04-20 15:03:34,994 : INFO : EventManager : Event: ======'init_phase_4'====== Args={}
2026-04-20 15:03:34,995 : INFO : BallController : Initial balls found: 3
2026-04-20 15:03:34,995 : INFO : EventManager : Event: ======'machine_var_audits_events_game_ended'====== Args={'value': 0, 'prev_value': None, 'change': True}
2026-04-20 15:03:34,995 : INFO : EventManager : Event: ======'machine_var_audits_events_game_started'====== Args={'value': 29, 'prev_value': None, 'change': True}
2026-04-20 15:03:34,995 : INFO : EventManager : Event: ======'machine_var_audits_missing_switches_s_bumper_left'====== Args={'value': 18, 'prev_value': None, 'change': True}
2026-04-20 15:03:34,995 : INFO : EventManager : Event: ======'machine_var_audits_missing_switches_s_bumper_right'====== Args={'value': 18, 'prev_value': None, 'change': True}
2026-04-20 15:03:34,995 : INFO : EventManager : Event: ======'machine_var_audits_missing_switches_s_plunger_lane'====== Args={'value': 29, 'prev_value': None, 'change': True}
2026-04-20 15:03:34,995 : INFO : EventManager : Event: ======'machine_var_audits_missing_switches_s_start'====== Args={'value': 25, 'prev_value': None, 'change': True}
2026-04-20 15:03:34,995 : INFO : EventManager : Event: ======'machine_var_audits_missing_switches_s_trough_1'====== Args={'value': 29, 'prev_value': None, 'change': True}
2026-04-20 15:03:34,995 : INFO : EventManager : Event: ======'machine_var_audits_missing_switches_s_trough_2'====== Args={'value': 29, 'prev_value': None, 'change': True}
2026-04-20 15:03:34,995 : INFO : EventManager : Event: ======'machine_var_audits_missing_switches_s_trough_3'====== Args={'value': 29, 'prev_value': None, 'change': True}
2026-04-20 15:03:34,995 : INFO : EventManager : Event: ======'machine_var_audits_player_score'====== Args={'value': {'average': 0, 'top': [], 'total': 0}, 'prev_value': None, 'change': True}
2026-04-20 15:03:34,996 : INFO : EventManager : Event: ======'machine_var_audits_shots_bumper_left'====== Args={'value': 145, 'prev_value': None, 'change': True}
2026-04-20 15:03:34,996 : INFO : EventManager : Event: ======'machine_var_audits_shots_bumper_right'====== Args={'value': 144, 'prev_value': None, 'change': True}
2026-04-20 15:03:34,996 : INFO : EventManager : Event: ======'machine_var_audits_shots_hurryup'====== Args={'value': 3, 'prev_value': None, 'change': True}
2026-04-20 15:03:34,996 : INFO : EventManager : Event: ======'machine_var_audits_shots_left_lane'====== Args={'value': 40, 'prev_value': None, 'change': True}
2026-04-20 15:03:34,996 : INFO : EventManager : Event: ======'machine_var_audits_switches_s_action_button'====== Args={'value': 309, 'prev_value': None, 'change': True}
2026-04-20 15:03:34,996 : INFO : EventManager : Event: ======'machine_var_audits_switches_s_bumper_left'====== Args={'value': 145, 'prev_value': None, 'change': True}
2026-04-20 15:03:34,996 : INFO : EventManager : Event: ======'machine_var_audits_switches_s_bumper_right'====== Args={'value': 144, 'prev_value': None, 'change': True}
2026-04-20 15:03:34,996 : INFO : EventManager : Event: ======'machine_var_audits_switches_s_flipper_left'====== Args={'value': 328, 'prev_value': None, 'change': True}
2026-04-20 15:03:34,996 : INFO : EventManager : Event: ======'machine_var_audits_switches_s_flipper_right'====== Args={'value': 315, 'prev_value': None, 'change': True}
2026-04-20 15:03:34,996 : INFO : EventManager : Event: ======'machine_var_audits_switches_s_left_lane'====== Args={'value': 40, 'prev_value': None, 'change': True}
2026-04-20 15:03:34,996 : INFO : EventManager : Event: ======'machine_var_audits_switches_s_plunger_lane'====== Args={'value': 0, 'prev_value': None, 'change': True}
2026-04-20 15:03:34,996 : INFO : EventManager : Event: ======'machine_var_audits_switches_s_start'====== Args={'value': 3, 'prev_value': None, 'change': True}
2026-04-20 15:03:34,996 : INFO : EventManager : Event: ======'machine_var_audits_switches_s_trough_1'====== Args={'value': 0, 'prev_value': None, 'change': True}
2026-04-20 15:03:34,996 : INFO : EventManager : Event: ======'machine_var_audits_switches_s_trough_2'====== Args={'value': 0, 'prev_value': None, 'change': True}
2026-04-20 15:03:34,996 : INFO : EventManager : Event: ======'machine_var_audits_switches_s_trough_3'====== Args={'value': 0, 'prev_value': None, 'change': True}
2026-04-20 15:03:34,996 : INFO : EventManager : Event: ======'init_phase_5'====== Args={}
2026-04-20 15:03:34,997 : INFO : EventManager : Event: ======'init_done'====== Args={}
2026-04-20 15:03:34,997 : INFO : EventManager : Event: ======'machine_reset_phase_1'====== Args={}
2026-04-20 15:03:35,004 : INFO : EventManager : Event: ======'machine_reset_phase_2'====== Args={}
2026-04-20 15:03:35,004 : INFO : EventManager : Event: ======'machine_reset_phase_3'====== Args={}
2026-04-20 15:03:35,004 : INFO : EventManager : Event: ======'reset_complete'====== Args={}
2026-04-20 15:03:35,004 : INFO : EventManager : Event: ======'mode_attract_will_start'====== Args={}
2026-04-20 15:03:35,004 : INFO : Timer.attract_carousel_timer : Starting Timer.
2026-04-20 15:03:35,004 : INFO : EventManager : Event: ======'timer_attract_carousel_timer_started'====== Args={'ticks': 0, 'ticks_remaining': 1}
2026-04-20 15:03:35,005 : INFO : EventManager : Event: ======'timer_attract_carousel_timer_tick'====== Args={'ticks': 0, 'ticks_remaining': 1}
2026-04-20 15:03:35,005 : INFO : EventManager : Event: ======'mode_attract_starting'====== Args={}
2026-04-20 15:03:35,005 : INFO : Mode.attract : Started. Priority: 10
2026-04-20 15:03:35,005 : INFO : EventManager : Event: ======'modes_active_modes_changed'====== Args={}
2026-04-20 15:03:35,005 : INFO : EventManager : Event: ======'mode_attract_started'====== Args={}
2026-04-20 15:03:35,006 : INFO : EventManager : Event: ======'collecting_balls_complete'====== Args={}
2026-04-20 15:03:35,006 : INFO : EventManager : Event: ======'carousel_item_highlighted'====== Args={'carousel': 'attract', 'direction': None, 'item': 'title'}
2026-04-20 15:03:35,006 : INFO : EventManager : Event: ======'timer_attract_carousel_timer_tick'====== Args={'ticks': 0, 'ticks_remaining': 1}
2026-04-20 15:03:35,006 : INFO : Machine : Starting the main run loop with active modes: [<Mode.attract>]
2026-04-20 15:03:35,041 : INFO : EventManager : Event: ======'slide_attract_created'====== Args={'_from_bcp': True}
2026-04-20 15:03:35,042 : INFO : EventManager : Event: ======'slide__removed'====== Args={'_from_bcp': True}
2026-04-20 15:03:35,042 : INFO : EventManager : Event: ======'slide_attract_active'====== Args={'original_context': 'attract', 'original_calling_context': 'mode_attract_started', 'priority': 10.0, 'cmd': 'slides_play', '_from_bcp': True}
2026-04-20 15:03:40,006 : INFO : Timer.attract_carousel_timer : Timer Complete
2026-04-20 15:03:40,007 : INFO : Timer.attract_carousel_timer : Stopping Timer
2026-04-20 15:03:40,007 : INFO : EventManager : Event: ======'timer_attract_carousel_timer_stopped'====== Args={'ticks': 1, 'ticks_remaining': 1}
2026-04-20 15:03:40,007 : INFO : EventManager : Event: ======'timer_attract_carousel_timer_complete'====== Args={'ticks': 1, 'ticks_remaining': 1}
2026-04-20 15:03:40,007 : INFO : EventManager : Event: ======'carousel_item_highlighted'====== Args={'carousel': 'attract', 'direction': 'forwards', 'item': 'credits'}
2026-04-20 15:03:40,007 : INFO : Timer.attract_carousel_timer : Starting Timer.
2026-04-20 15:03:40,007 : INFO : EventManager : Event: ======'timer_attract_carousel_timer_started'====== Args={'ticks': 0, 'ticks_remaining': 1}
2026-04-20 15:03:40,007 : INFO : EventManager : Event: ======'timer_attract_carousel_timer_tick'====== Args={'ticks': 0, 'ticks_remaining': 1}
2026-04-20 15:03:43,235 : INFO : SwitchController : <<<<<<< 's_start' active >>>>>>>
2026-04-20 15:03:43,318 : INFO : SwitchController : <<<<<<< 's_start' inactive >>>>>>>
2026-04-20 15:03:43,318 : INFO : EventManager : Event: ======'request_to_start_game'====== Args={}
2026-04-20 15:03:43,319 : INFO : EventManager : Event: ======'game_start'====== Args={'buttons': [], 'hold_time': 0.08299195801373571}
2026-04-20 15:03:43,319 : INFO : EventManager : Event: ======'mode_game_will_start'====== Args={'buttons': [], 'hold_time': 0.08299195801373571}
2026-04-20 15:03:43,320 : INFO : EventManager : Event: ======'mode_game_starting'====== Args={'buttons': [], 'hold_time': 0.08299195801373571}
2026-04-20 15:03:43,321 : INFO : EventManager : Event: ======'mode_attract_will_stop'====== Args={}
2026-04-20 15:03:43,321 : INFO : EventManager : Event: ======'mode_attract_stopping'====== Args={}
2026-04-20 15:03:43,321 : INFO : Mode.attract : Stopped.
2026-04-20 15:03:43,321 : INFO : EventManager : Event: ======'modes_active_modes_changed'====== Args={}
2026-04-20 15:03:43,321 : INFO : EventManager : Event: ======'mode_attract_stopped'====== Args={}
2026-04-20 15:03:43,321 : INFO : EventManager : Event: ======'clear'====== Args={'key': 'attract'}
2026-04-20 15:03:43,321 : INFO : Timer.attract_carousel_timer : Stopping Timer
2026-04-20 15:03:43,321 : INFO : EventManager : Event: ======'timer_attract_carousel_timer_stopped'====== Args={'ticks': 0, 'ticks_remaining': 1}
2026-04-20 15:03:43,322 : INFO : Mode.game : Started. Priority: 20
2026-04-20 15:03:43,322 : INFO : EventManager : Event: ======'modes_active_modes_changed'====== Args={}
2026-04-20 15:03:43,322 : INFO : EventManager : Event: ======'mode_game_started'====== Args={'buttons': [], 'hold_time': 0.08299195801373571}
2026-04-20 15:03:43,322 : INFO : EventManager : Event: ======'game_will_start'====== Args={}
2026-04-20 15:03:43,322 : INFO : EventManager : Event: ======'game_starting'====== Args={'game': <Mode.game>}
2026-04-20 15:03:43,323 : INFO : EventManager : Unordered handler for class <Auditor> on event game_ended with priority 1. Handlers: [RegisteredHandler(callback=<bound method Auditor.disable of <Auditor>>, priority=1, kwargs={}, key=UUID('6354947d-07b2-4ce6-aa8f-919dbfa60d70'), condition=None, blocking_facility=None), RegisteredHandler(callback=<bound method Auditor._save_audits of <Auditor>>, priority=1, kwargs={}, key=UUID('e47cab13-349c-42e0-87ac-4fb91ea53a71'), condition=None, blocking_facility=None)]. The order of those handlers is not defined and they will be executed in random order. This might lead to race conditions and potential bugs.
2026-04-20 15:03:43,323 : INFO : EventManager : Event: ======'player_add_request'====== Args={}
2026-04-20 15:03:43,323 : INFO : EventManager : Event: ======'player_will_add'====== Args={'number': 1}
2026-04-20 15:03:43,323 : INFO : EventManager : Event: ======'player_adding'====== Args={'player': <Player 1>, 'number': 1}
2026-04-20 15:03:43,323 : INFO : EventManager : Event: ======'player_added'====== Args={'player': <Player 1>, 'num': 1}
2026-04-20 15:03:43,323 : INFO : Mode.game : Player added successfully. Total players: 1
2026-04-20 15:03:43,323 : INFO : EventManager : Event: ======'player_index'====== Args={'value': 0, 'prev_value': 0, 'change': 0, 'player_num': 1}
2026-04-20 15:03:43,323 : INFO : EventManager : Event: ======'player_number'====== Args={'value': 1, 'prev_value': 1, 'change': 0, 'player_num': 1}
2026-04-20 15:03:43,324 : INFO : EventManager : Event: ======'player_score'====== Args={'value': 0, 'prev_value': 0, 'change': 0, 'player_num': 1}
2026-04-20 15:03:43,324 : INFO : EventManager : Event: ======'game_started'====== Args={}
2026-04-20 15:03:43,324 : WARNING : Mode.song_select : Can only start mode song_select during a game. Aborting start.
2026-04-20 15:03:43,324 : INFO : EventManager : Event: ======'player_turn_will_start'====== Args={'player': <Player 1>, 'number': 1}
2026-04-20 15:03:43,324 : INFO : EventManager : Event: ======'player_turn_starting'====== Args={'player': <Player 1>, 'number': 1}
2026-04-20 15:03:43,324 : INFO : EventManager : Event: ======'player_ball'====== Args={'value': 1, 'prev_value': 0, 'change': 1, 'player_num': 1}
2026-04-20 15:03:43,327 : INFO : EventManager : Event: ======'player_turn_started'====== Args={'player': <Player 1>, 'number': 1}
2026-04-20 15:03:43,327 : INFO : EventManager : Event: ======'ball_will_start'====== Args={'player': 1, 'ball': 1, 'balls_remaining': 2, 'is_extra_ball': False}
2026-04-20 15:03:43,327 : INFO : EventManager : Event: ======'ball_starting'====== Args={'player': 1, 'ball': 1, 'balls_remaining': 2, 'is_extra_ball': False}
2026-04-20 15:03:43,328 : INFO : EventManager : Event: ======'mode_base_will_start'====== Args={'queue': <QueuedEvent>, 'player': 1, 'ball': 1, 'balls_remaining': 2, 'is_extra_ball': False}
2026-04-20 15:03:43,328 : INFO : EventManager : Event: ======'player_shot_left_lane_enabled'====== Args={'value': True, 'prev_value': 0, 'change': 1, 'player_num': 1}
2026-04-20 15:03:43,329 : INFO : EventManager : Event: ======'mode_base_starting'====== Args={'queue': <QueuedEvent>, 'player': 1, 'ball': 1, 'balls_remaining': 2, 'is_extra_ball': False}
2026-04-20 15:03:43,329 : INFO : Mode.base : Started. Priority: 100
2026-04-20 15:03:43,329 : INFO : EventManager : Event: ======'modes_active_modes_changed'====== Args={}
2026-04-20 15:03:43,329 : INFO : EventManager : Event: ======'mode_base_started'====== Args={'queue': <QueuedEvent>, 'player': 1, 'ball': 1, 'balls_remaining': 2, 'is_extra_ball': False}
2026-04-20 15:03:43,329 : INFO : EventManager : Event: ======'start_mode_bumpers'====== Args={'priority': 0}
2026-04-20 15:03:43,329 : INFO : EventManager : Event: ======'mode_bumpers_will_start'====== Args={'priority': 0}
2026-04-20 15:03:43,330 : INFO : EventManager : Event: ======'player_shot_bumper_left_enabled'====== Args={'value': True, 'prev_value': 0, 'change': 1, 'player_num': 1}
2026-04-20 15:03:43,330 : INFO : EventManager : Event: ======'player_shot_bumper_right_enabled'====== Args={'value': True, 'prev_value': 0, 'change': 1, 'player_num': 1}
2026-04-20 15:03:43,330 : INFO : EventManager : Event: ======'bumpers_complete'====== Args={'state': 'unlit'}
2026-04-20 15:03:43,330 : INFO : EventManager : Event: ======'bumpers_unlit_complete'====== Args={}
2026-04-20 15:03:43,331 : INFO : EventManager : Event: ======'mode_bumpers_starting'====== Args={'priority': 0}
2026-04-20 15:03:43,331 : INFO : Mode.bumpers : Started. Priority: 200
2026-04-20 15:03:43,331 : INFO : EventManager : Event: ======'modes_active_modes_changed'====== Args={}
2026-04-20 15:03:43,331 : INFO : EventManager : Event: ======'mode_bumpers_started'====== Args={'priority': 0}
2026-04-20 15:03:43,331 : INFO : EventManager : Event: ======'balls_in_play'====== Args={'balls': 1}
2026-04-20 15:03:43,331 : INFO : EventManager : Event: ======'ball_started'====== Args={'player': 1, 'ball': 1, 'balls_remaining': 2, 'is_extra_ball': False}
2026-04-20 15:03:43,331 : INFO : EventManager : Event: ======'single_player_ball_started'====== Args={}
2026-04-20 15:03:43,331 : INFO : EventManager : Event: ======'ball_start_target'====== Args={'target': 'playfield'}
2026-04-20 15:03:43,332 : INFO : ball_device.bd_trough : Setting up player-controlled eject. Balls: 1, Target: <playfield.playfield>, player_controlled_eject_event: None
2026-04-20 15:03:43,332 : INFO : ball_device.bd_trough : Adding 1 ball(s) to the eject_queue with target <playfield.playfield>.
2026-04-20 15:03:43,332 : INFO : EventManager : Event: ======'balldevice_balls_available'====== Args={}
2026-04-20 15:03:43,332 : INFO : ball_device.bd_trough : State: waiting_for_target_ready
2026-04-20 15:03:43,332 : INFO : EventManager : Event: ======'balldevice_bd_trough_ball_eject_attempt'====== Args={'balls': 1, 'target': <ball_device.bd_plunger>, 'source': <ball_device.bd_trough>, 'mechanical_eject': False, 'num_attempts': 0}
2026-04-20 15:03:43,332 : INFO : ball_device.bd_plunger : State: waiting_for_ball
2026-04-20 15:03:43,333 : INFO : ball_device.bd_trough : State: ejecting
2026-04-20 15:03:43,333 : INFO : ball_device.bd_trough : Ejecting ball to <ball_device.bd_plunger>
2026-04-20 15:03:43,333 : INFO : EventManager : Event: ======'balldevice_bd_trough_ejecting_ball'====== Args={'balls': 1, 'target': <ball_device.bd_plunger>, 'source': <ball_device.bd_trough>, 'mechanical_eject': False, 'num_attempts': 0}
2026-04-20 15:03:43,333 : INFO : ball_device.bd_trough : Wait for ball to leave device
2026-04-20 15:03:43,333 : INFO : coil.c_trough_eject : Pulsing Driver for 10ms (1.0 pulse_power)
2026-04-20 15:03:43,378 : INFO : EventManager : Event: ======'slide_base_slide_created'====== Args={'_from_bcp': True}
2026-04-20 15:03:43,378 : INFO : EventManager : Event: ======'slide_attract_inactive'====== Args={'is_removing': True, '_from_bcp': True}
2026-04-20 15:03:43,379 : INFO : EventManager : Event: ======'slide_base_slide_active'====== Args={'original_context': 'base', 'original_calling_context': 'mode_base_started', 'priority': 100.0, 'queue': '<QueuedEvent>', 'player': 1.0, 'ball': 1.0, 'balls_remaining': 2.0, 'is_extra_ball': False, 'cmd': 'slides_play', '_from_bcp': True}
2026-04-20 15:03:43,379 : INFO : EventManager : Event: ======'slide_attract_removed'====== Args={'_from_bcp': True}
2026-04-20 15:03:51,868 : INFO : SwitchController : <<<<<<< 's_left_lane' active >>>>>>>
2026-04-20 15:03:51,868 : INFO : EventManager : Event: ======'playfield_active'====== Args={'source': 'hurryup'}
2026-04-20 15:03:51,868 : INFO : EventManager : Event: ======'unexpected_ball_on_playfield'====== Args={}
2026-04-20 15:03:51,869 : INFO : EventManager : Event: ======'playfield_active'====== Args={'source': 'left_lane'}
2026-04-20 15:03:51,869 : INFO : EventManager : Event: ======'unexpected_ball_on_playfield'====== Args={}
2026-04-20 15:03:51,869 : INFO : EventManager : Event: ======'s_left_lane_active'====== Args={}
2026-04-20 15:03:51,869 : INFO : EventManager : Event: ======'machine_var_audits_switches_s_left_lane'====== Args={'value': 41, 'prev_value': 40, 'change': 1}
2026-04-20 15:03:51,870 : INFO : EventManager : Event: ======'player_shot_left_lane'====== Args={'value': 1, 'prev_value': 0, 'change': 1, 'player_num': 1}
2026-04-20 15:03:51,870 : INFO : EventManager : Event: ======'machine_var_audits_shots_left_lane'====== Args={'value': 41, 'prev_value': 40, 'change': 1}
2026-04-20 15:03:51,872 : INFO : EventManager : Event: ======'left_lane_hit'====== Args={'profile': 'default', 'state': 'unlit', 'advancing': True}
2026-04-20 15:03:51,872 : INFO : EventManager : Event: ======'left_lane_default_hit'====== Args={'profile': 'default', 'state': 'unlit', 'advancing': True}
2026-04-20 15:03:51,872 : INFO : EventManager : Event: ======'left_lane_default_unlit_hit'====== Args={'profile': 'default', 'state': 'unlit', 'advancing': True}
2026-04-20 15:03:51,872 : INFO : EventManager : Event: ======'left_lane_unlit_hit'====== Args={'profile': 'default', 'state': 'unlit', 'advancing': True}
2026-04-20 15:03:51,872 : INFO : EventManager : Event: ======'start_mode_rhythm'====== Args={'priority': 0}
2026-04-20 15:03:51,873 : INFO : EventManager : Event: ======'mode_rhythm_will_start'====== Args={'priority': 0}
2026-04-20 15:03:51,873 : INFO : EventManager : Event: ======'mode_rhythm_starting'====== Args={'priority': 0}
2026-04-20 15:03:51,873 : INFO : Mode.rhythm : Started. Priority: 1200
2026-04-20 15:03:51,873 : INFO : EventManager : Event: ======'modes_active_modes_changed'====== Args={}
2026-04-20 15:03:51,873 : INFO : EventManager : Event: ======'mode_rhythm_started'====== Args={'priority': 0}
2026-04-20 15:03:51,874 : INFO : EventManager : Event: ======'player_rhythm_mode_score'====== Args={'value': 0, 'prev_value': 0, 'change': 0, 'player_num': 1}
2026-04-20 15:03:51,874 : INFO : EventManager : Event: ======'player_rhythm_combo'====== Args={'value': 0, 'prev_value': 0, 'change': 0, 'player_num': 1}
2026-04-20 15:03:51,874 : INFO : EventManager : Event: ======'player_rhythm_best_combo'====== Args={'value': 0, 'prev_value': 0, 'change': 0, 'player_num': 1}
2026-04-20 15:03:51,874 : INFO : EventManager : Event: ======'player_rhythm_hits'====== Args={'value': 0, 'prev_value': 0, 'change': 0, 'player_num': 1}
2026-04-20 15:03:51,874 : INFO : EventManager : Event: ======'player_rhythm_misses'====== Args={'value': 0, 'prev_value': 0, 'change': 0, 'player_num': 1}
2026-04-20 15:03:51,874 : INFO : EventManager : Event: ======'player_rhythm_notes_total'====== Args={'value': 38, 'prev_value': 0, 'change': 38, 'player_num': 1}
2026-04-20 15:03:51,874 : INFO : EventManager : Event: ======'player_rhythm_accuracy'====== Args={'value': 0, 'prev_value': 0, 'change': 0, 'player_num': 1}
2026-04-20 15:03:51,875 : INFO : EventManager : Event: ======'player_rhythm_multiplier'====== Args={'value': 1, 'prev_value': 0, 'change': 1, 'player_num': 1}
2026-04-20 15:03:51,926 : INFO : EventManager : Event: ======'rhythm_chart_started'====== Args={'total_notes': 38, 'travel_ms': 1600, 'perfect_window_ms': 90, 'good_window_ms': 170, 'lead_in_ms': 1800, 'chart_started_delay_ms': 50, 'song_key': 'Deep Purple - Smoke On the Water (Official Music Video)', 'song_bus': 'music', 'audio_offset_ms': 0}
2026-04-20 15:03:51,946 : INFO : EventManager : Event: ======'slide_rhythm_created'====== Args={'_from_bcp': True}
2026-04-20 15:03:51,946 : INFO : EventManager : Event: ======'slide_base_slide_inactive'====== Args={'is_removing': False, '_from_bcp': True}
2026-04-20 15:03:51,946 : INFO : EventManager : Event: ======'slide_rhythm_active'====== Args={'original_context': 'rhythm', 'original_calling_context': 'mode_rhythm_started', 'priority': 1200.0, 'cmd': 'slides_play', '_from_bcp': True}
2026-04-20 15:03:52,001 : INFO : SwitchController : <<<<<<< 's_left_lane' inactive >>>>>>>
2026-04-20 15:03:52,676 : INFO : EventManager : Event: ======'rhythm_note_spawned'====== Args={'note_id': 0, 'lane': 'left', 'travel_ms': 1600, 'hit_time_ms': 2400, 'duration_ms': 0, 'end_time_ms': 2400}
2026-04-20 15:03:53,076 : INFO : EventManager : Event: ======'rhythm_note_spawned'====== Args={'note_id': 1, 'lane': 'center', 'travel_ms': 1600, 'hit_time_ms': 2800, 'duration_ms': 0, 'end_time_ms': 2800}
2026-04-20 15:03:53,334 : INFO : EventManager : Event: ======'balldevice_bd_trough_ball_eject_failed'====== Args={'target': <ball_device.bd_plunger>, 'balls': 1, 'retry': True, 'num_attempts': 1}
2026-04-20 15:03:53,334 : INFO : ball_device.bd_trough : State: waiting_for_target_ready
2026-04-20 15:03:53,335 : INFO : EventManager : Event: ======'balldevice_bd_trough_ball_eject_attempt'====== Args={'balls': 1, 'target': <ball_device.bd_plunger>, 'source': <ball_device.bd_trough>, 'mechanical_eject': False, 'num_attempts': 1}
2026-04-20 15:03:53,335 : INFO : ball_device.bd_trough : State: ejecting
2026-04-20 15:03:53,335 : INFO : ball_device.bd_trough : Ejecting ball to <ball_device.bd_plunger>
2026-04-20 15:03:53,335 : INFO : EventManager : Event: ======'balldevice_bd_trough_ejecting_ball'====== Args={'balls': 1, 'target': <ball_device.bd_plunger>, 'source': <ball_device.bd_trough>, 'mechanical_eject': False, 'num_attempts': 1}
2026-04-20 15:03:53,336 : INFO : ball_device.bd_trough : Wait for ball to leave device
2026-04-20 15:03:53,336 : INFO : coil.c_trough_eject : Pulsing Driver for 10ms (1.0 pulse_power)
2026-04-20 15:03:53,476 : INFO : EventManager : Event: ======'rhythm_note_spawned'====== Args={'note_id': 2, 'lane': 'right', 'travel_ms': 1600, 'hit_time_ms': 3200, 'duration_ms': 0, 'end_time_ms': 3200}
2026-04-20 15:03:53,876 : INFO : EventManager : Event: ======'rhythm_note_spawned'====== Args={'note_id': 3, 'lane': 'left', 'travel_ms': 1600, 'hit_time_ms': 3600, 'duration_ms': 0, 'end_time_ms': 3600}
2026-04-20 15:03:54,276 : INFO : EventManager : Event: ======'rhythm_note_spawned'====== Args={'note_id': 4, 'lane': 'center', 'travel_ms': 1600, 'hit_time_ms': 4000, 'duration_ms': 0, 'end_time_ms': 4000}
2026-04-20 15:03:54,277 : INFO : EventManager : Event: ======'rhythm_note_spawned'====== Args={'note_id': 5, 'lane': 'right', 'travel_ms': 1600, 'hit_time_ms': 4000, 'duration_ms': 0, 'end_time_ms': 4000}
2026-04-20 15:03:54,335 : INFO : SwitchController : <<<<<<< 's_flipper_left' active >>>>>>>
2026-04-20 15:03:54,336 : INFO : EventManager : Event: ======'rhythm_lane_pressed'====== Args={'lane': 'left'}
2026-04-20 15:03:54,336 : INFO : EventManager : Event: ======'player_rhythm_combo'====== Args={'value': 1, 'prev_value': 0, 'change': 1, 'player_num': 1}
2026-04-20 15:03:54,336 : INFO : EventManager : Event: ======'player_rhythm_best_combo'====== Args={'value': 1, 'prev_value': 0, 'change': 1, 'player_num': 1}
2026-04-20 15:03:54,336 : INFO : EventManager : Event: ======'player_rhythm_hits'====== Args={'value': 1, 'prev_value': 0, 'change': 1, 'player_num': 1}
2026-04-20 15:03:54,337 : INFO : EventManager : Event: ======'player_rhythm_mode_score'====== Args={'value': 20000, 'prev_value': 0, 'change': 20000, 'player_num': 1}
2026-04-20 15:03:54,337 : INFO : EventManager : Event: ======'player_score'====== Args={'value': 20000, 'prev_value': 0, 'change': 20000, 'player_num': 1}
2026-04-20 15:03:54,337 : INFO : EventManager : Event: ======'rhythm_note_hit'====== Args={'note_id': 0, 'lane': 'left', 'judgment': 'perfect', 'combo': 1, 'multiplier': 1, 'award': 20000, 'delta_ms': 62, 'total_score': 20000, 'is_hold': False}
2026-04-20 15:03:54,337 : INFO : EventManager : Event: ======'machine_var_audits_switches_s_flipper_left'====== Args={'value': 329, 'prev_value': 328, 'change': 1}
2026-04-20 15:03:54,502 : INFO : SwitchController : <<<<<<< 's_flipper_left' inactive >>>>>>>
2026-04-20 15:03:54,702 : INFO : SwitchController : <<<<<<< 's_action_button' active >>>>>>>
2026-04-20 15:03:54,702 : INFO : EventManager : Event: ======'rhythm_lane_pressed'====== Args={'lane': 'center'}
2026-04-20 15:03:54,703 : INFO : EventManager : Event: ======'player_rhythm_combo'====== Args={'value': 2, 'prev_value': 1, 'change': 1, 'player_num': 1}
2026-04-20 15:03:54,703 : INFO : EventManager : Event: ======'player_rhythm_best_combo'====== Args={'value': 2, 'prev_value': 1, 'change': 1, 'player_num': 1}
2026-04-20 15:03:54,704 : INFO : EventManager : Event: ======'player_rhythm_hits'====== Args={'value': 2, 'prev_value': 1, 'change': 1, 'player_num': 1}
2026-04-20 15:03:54,704 : INFO : EventManager : Event: ======'player_rhythm_mode_score'====== Args={'value': 40000, 'prev_value': 20000, 'change': 20000, 'player_num': 1}
2026-04-20 15:03:54,704 : INFO : EventManager : Event: ======'player_score'====== Args={'value': 40000, 'prev_value': 20000, 'change': 20000, 'player_num': 1}
2026-04-20 15:03:54,704 : INFO : EventManager : Event: ======'rhythm_note_hit'====== Args={'note_id': 1, 'lane': 'center', 'judgment': 'perfect', 'combo': 2, 'multiplier': 1, 'award': 20000, 'delta_ms': 29, 'total_score': 40000, 'is_hold': False}
2026-04-20 15:03:54,704 : INFO : EventManager : Event: ======'machine_var_audits_switches_s_action_button'====== Args={'value': 310, 'prev_value': 309, 'change': 1}
2026-04-20 15:03:54,776 : INFO : EventManager : Event: ======'rhythm_note_spawned'====== Args={'note_id': 6, 'lane': 'left', 'travel_ms': 1600, 'hit_time_ms': 4500, 'duration_ms': 0, 'end_time_ms': 4500}
2026-04-20 15:03:54,852 : INFO : SwitchController : <<<<<<< 's_action_button' inactive >>>>>>>
2026-04-20 15:03:54,986 : INFO : SwitchController : <<<<<<< 's_flipper_right' active >>>>>>>
2026-04-20 15:03:54,986 : INFO : EventManager : Event: ======'rhythm_lane_pressed'====== Args={'lane': 'right'}
2026-04-20 15:03:54,986 : INFO : EventManager : Event: ======'player_rhythm_combo'====== Args={'value': 3, 'prev_value': 2, 'change': 1, 'player_num': 1}
2026-04-20 15:03:54,986 : INFO : EventManager : Event: ======'player_rhythm_best_combo'====== Args={'value': 3, 'prev_value': 2, 'change': 1, 'player_num': 1}
2026-04-20 15:03:54,987 : INFO : EventManager : Event: ======'player_rhythm_hits'====== Args={'value': 3, 'prev_value': 2, 'change': 1, 'player_num': 1}
2026-04-20 15:03:54,987 : INFO : EventManager : Event: ======'player_rhythm_mode_score'====== Args={'value': 60000, 'prev_value': 40000, 'change': 20000, 'player_num': 1}
2026-04-20 15:03:54,987 : INFO : EventManager : Event: ======'player_score'====== Args={'value': 60000, 'prev_value': 40000, 'change': 20000, 'player_num': 1}
2026-04-20 15:03:54,987 : INFO : EventManager : Event: ======'rhythm_note_hit'====== Args={'note_id': 2, 'lane': 'right', 'judgment': 'perfect', 'combo': 3, 'multiplier': 1, 'award': 20000, 'delta_ms': 88, 'total_score': 60000, 'is_hold': False}
2026-04-20 15:03:54,987 : INFO : EventManager : Event: ======'machine_var_audits_switches_s_flipper_right'====== Args={'value': 316, 'prev_value': 315, 'change': 1}
2026-04-20 15:03:55,169 : INFO : SwitchController : <<<<<<< 's_flipper_right' inactive >>>>>>>
2026-04-20 15:03:55,176 : INFO : EventManager : Event: ======'rhythm_note_spawned'====== Args={'note_id': 7, 'lane': 'center', 'travel_ms': 1600, 'hit_time_ms': 4900, 'duration_ms': 900, 'end_time_ms': 5800}
2026-04-20 15:03:55,486 : INFO : SwitchController : <<<<<<< 's_flipper_left' active >>>>>>>
2026-04-20 15:03:55,486 : INFO : EventManager : Event: ======'rhythm_lane_pressed'====== Args={'lane': 'left'}
2026-04-20 15:03:55,486 : INFO : EventManager : Event: ======'player_rhythm_combo'====== Args={'value': 4, 'prev_value': 3, 'change': 1, 'player_num': 1}
2026-04-20 15:03:55,487 : INFO : EventManager : Event: ======'player_rhythm_best_combo'====== Args={'value': 4, 'prev_value': 3, 'change': 1, 'player_num': 1}
2026-04-20 15:03:55,487 : INFO : EventManager : Event: ======'player_rhythm_hits'====== Args={'value': 4, 'prev_value': 3, 'change': 1, 'player_num': 1}
2026-04-20 15:03:55,487 : INFO : EventManager : Event: ======'player_rhythm_mode_score'====== Args={'value': 80000, 'prev_value': 60000, 'change': 20000, 'player_num': 1}
2026-04-20 15:03:55,487 : INFO : EventManager : Event: ======'player_score'====== Args={'value': 80000, 'prev_value': 60000, 'change': 20000, 'player_num': 1}
2026-04-20 15:03:55,487 : INFO : EventManager : Event: ======'rhythm_note_hit'====== Args={'note_id': 3, 'lane': 'left', 'judgment': 'perfect', 'combo': 4, 'multiplier': 1, 'award': 20000, 'delta_ms': 13, 'total_score': 80000, 'is_hold': False}
2026-04-20 15:03:55,487 : INFO : EventManager : Event: ======'machine_var_audits_switches_s_flipper_left'====== Args={'value': 330, 'prev_value': 329, 'change': 1}
2026-04-20 15:03:55,576 : INFO : EventManager : Event: ======'rhythm_note_spawned'====== Args={'note_id': 8, 'lane': 'right', 'travel_ms': 1600, 'hit_time_ms': 5300, 'duration_ms': 0, 'end_time_ms': 5300}
2026-04-20 15:03:55,585 : INFO : SwitchController : <<<<<<< 's_flipper_left' inactive >>>>>>>
2026-04-20 15:03:55,886 : INFO : SwitchController : <<<<<<< 's_action_button' active >>>>>>>
2026-04-20 15:03:55,886 : INFO : EventManager : Event: ======'rhythm_lane_pressed'====== Args={'lane': 'center'}
2026-04-20 15:03:55,886 : INFO : EventManager : Event: ======'player_rhythm_combo'====== Args={'value': 5, 'prev_value': 4, 'change': 1, 'player_num': 1}
2026-04-20 15:03:55,886 : INFO : EventManager : Event: ======'player_rhythm_best_combo'====== Args={'value': 5, 'prev_value': 4, 'change': 1, 'player_num': 1}
2026-04-20 15:03:55,887 : INFO : EventManager : Event: ======'player_rhythm_hits'====== Args={'value': 5, 'prev_value': 4, 'change': 1, 'player_num': 1}
2026-04-20 15:03:55,887 : INFO : EventManager : Event: ======'player_rhythm_mode_score'====== Args={'value': 100000, 'prev_value': 80000, 'change': 20000, 'player_num': 1}
2026-04-20 15:03:55,887 : INFO : EventManager : Event: ======'player_score'====== Args={'value': 100000, 'prev_value': 80000, 'change': 20000, 'player_num': 1}
2026-04-20 15:03:55,887 : INFO : EventManager : Event: ======'rhythm_note_hit'====== Args={'note_id': 4, 'lane': 'center', 'judgment': 'perfect', 'combo': 5, 'multiplier': 1, 'award': 20000, 'delta_ms': 12, 'total_score': 100000, 'is_hold': False}
2026-04-20 15:03:55,887 : INFO : EventManager : Event: ======'machine_var_audits_switches_s_action_button'====== Args={'value': 311, 'prev_value': 310, 'change': 1}
2026-04-20 15:03:55,921 : INFO : SwitchController : <<<<<<< 's_flipper_right' active >>>>>>>
2026-04-20 15:03:55,921 : INFO : EventManager : Event: ======'rhythm_lane_pressed'====== Args={'lane': 'right'}
2026-04-20 15:03:55,921 : INFO : EventManager : Event: ======'player_rhythm_combo'====== Args={'value': 6, 'prev_value': 5, 'change': 1, 'player_num': 1}
2026-04-20 15:03:55,921 : INFO : EventManager : Event: ======'player_rhythm_best_combo'====== Args={'value': 6, 'prev_value': 5, 'change': 1, 'player_num': 1}
2026-04-20 15:03:55,921 : INFO : EventManager : Event: ======'player_rhythm_hits'====== Args={'value': 6, 'prev_value': 5, 'change': 1, 'player_num': 1}
2026-04-20 15:03:55,921 : INFO : EventManager : Event: ======'player_rhythm_mode_score'====== Args={'value': 120000, 'prev_value': 100000, 'change': 20000, 'player_num': 1}
2026-04-20 15:03:55,921 : INFO : EventManager : Event: ======'player_score'====== Args={'value': 120000, 'prev_value': 100000, 'change': 20000, 'player_num': 1}
2026-04-20 15:03:55,921 : INFO : EventManager : Event: ======'rhythm_note_hit'====== Args={'note_id': 5, 'lane': 'right', 'judgment': 'perfect', 'combo': 6, 'multiplier': 1, 'award': 20000, 'delta_ms': 47, 'total_score': 120000, 'is_hold': False}
2026-04-20 15:03:55,921 : INFO : EventManager : Event: ======'machine_var_audits_switches_s_flipper_right'====== Args={'value': 317, 'prev_value': 316, 'change': 1}
2026-04-20 15:03:55,976 : INFO : EventManager : Event: ======'rhythm_note_spawned'====== Args={'note_id': 9, 'lane': 'left', 'travel_ms': 1600, 'hit_time_ms': 5700, 'duration_ms': 0, 'end_time_ms': 5700}
2026-04-20 15:03:56,035 : INFO : SwitchController : <<<<<<< 's_action_button' inactive >>>>>>>
2026-04-20 15:03:56,052 : INFO : SwitchController : <<<<<<< 's_flipper_right' inactive >>>>>>>
2026-04-20 15:03:56,302 : INFO : SwitchController : <<<<<<< 's_flipper_left' active >>>>>>>
2026-04-20 15:03:56,302 : INFO : EventManager : Event: ======'rhythm_lane_pressed'====== Args={'lane': 'left'}
2026-04-20 15:03:56,302 : INFO : EventManager : Event: ======'player_rhythm_combo'====== Args={'value': 7, 'prev_value': 6, 'change': 1, 'player_num': 1}
2026-04-20 15:03:56,303 : INFO : EventManager : Event: ======'player_rhythm_best_combo'====== Args={'value': 7, 'prev_value': 6, 'change': 1, 'player_num': 1}
2026-04-20 15:03:56,303 : INFO : EventManager : Event: ======'player_rhythm_hits'====== Args={'value': 7, 'prev_value': 6, 'change': 1, 'player_num': 1}
2026-04-20 15:03:56,303 : INFO : EventManager : Event: ======'player_rhythm_mode_score'====== Args={'value': 140000, 'prev_value': 120000, 'change': 20000, 'player_num': 1}
2026-04-20 15:03:56,303 : INFO : EventManager : Event: ======'player_score'====== Args={'value': 140000, 'prev_value': 120000, 'change': 20000, 'player_num': 1}
2026-04-20 15:03:56,304 : INFO : EventManager : Event: ======'rhythm_note_hit'====== Args={'note_id': 6, 'lane': 'left', 'judgment': 'perfect', 'combo': 7, 'multiplier': 1, 'award': 20000, 'delta_ms': 71, 'total_score': 140000, 'is_hold': False}
2026-04-20 15:03:56,304 : INFO : EventManager : Event: ======'machine_var_audits_switches_s_flipper_left'====== Args={'value': 331, 'prev_value': 330, 'change': 1}
2026-04-20 15:03:56,376 : INFO : EventManager : Event: ======'rhythm_note_spawned'====== Args={'note_id': 10, 'lane': 'center', 'travel_ms': 1600, 'hit_time_ms': 6100, 'duration_ms': 0, 'end_time_ms': 6100}
2026-04-20 15:03:56,452 : INFO : SwitchController : <<<<<<< 's_flipper_left' inactive >>>>>>>
2026-04-20 15:03:56,776 : INFO : EventManager : Event: ======'rhythm_note_spawned'====== Args={'note_id': 11, 'lane': 'right', 'travel_ms': 1600, 'hit_time_ms': 6500, 'duration_ms': 0, 'end_time_ms': 6500}
2026-04-20 15:03:56,802 : INFO : SwitchController : <<<<<<< 's_action_button' active >>>>>>>
2026-04-20 15:03:56,802 : INFO : EventManager : Event: ======'rhythm_lane_pressed'====== Args={'lane': 'center'}
2026-04-20 15:03:56,803 : INFO : EventManager : Event: ======'rhythm_hold_started'====== Args={'note_id': 7, 'lane': 'center', 'judgment': 'perfect', 'delta_ms': 29, 'duration_ms': 900, 'end_time_ms': 5800, 'remaining_ms': 871}
2026-04-20 15:03:56,803 : INFO : EventManager : Event: ======'machine_var_audits_switches_s_action_button'====== Args={'value': 312, 'prev_value': 311, 'change': 1}
2026-04-20 15:03:56,953 : INFO : SwitchController : <<<<<<< 's_action_button' inactive >>>>>>>
2026-04-20 15:03:56,954 : INFO : EventManager : Event: ======'player_rhythm_combo'====== Args={'value': 0, 'prev_value': 7, 'change': -7, 'player_num': 1}
2026-04-20 15:03:56,954 : INFO : EventManager : Event: ======'player_rhythm_misses'====== Args={'value': 1, 'prev_value': 0, 'change': 1, 'player_num': 1}
2026-04-20 15:03:56,954 : INFO : EventManager : Event: ======'rhythm_note_missed'====== Args={'note_id': 7, 'lane': 'center', 'total_misses': 1, 'is_hold': True}
2026-04-20 15:03:57,052 : INFO : SwitchController : <<<<<<< 's_action_button' active >>>>>>>
2026-04-20 15:03:57,052 : INFO : EventManager : Event: ======'rhythm_lane_pressed'====== Args={'lane': 'center'}
2026-04-20 15:03:57,052 : INFO : EventManager : Event: ======'machine_var_audits_switches_s_action_button'====== Args={'value': 313, 'prev_value': 312, 'change': 1}
2026-04-20 15:03:57,102 : INFO : SwitchController : <<<<<<< 's_action_button' inactive >>>>>>>
2026-04-20 15:03:57,176 : INFO : EventManager : Event: ======'rhythm_note_spawned'====== Args={'note_id': 12, 'lane': 'center', 'travel_ms': 1600, 'hit_time_ms': 6900, 'duration_ms': 0, 'end_time_ms': 6900}
2026-04-20 15:03:57,319 : INFO : SwitchController : <<<<<<< 's_flipper_right' active >>>>>>>
2026-04-20 15:03:57,319 : INFO : EventManager : Event: ======'rhythm_lane_pressed'====== Args={'lane': 'right'}
2026-04-20 15:03:57,319 : INFO : EventManager : Event: ======'player_rhythm_combo'====== Args={'value': 1, 'prev_value': 0, 'change': 1, 'player_num': 1}
2026-04-20 15:03:57,320 : INFO : EventManager : Event: ======'player_rhythm_hits'====== Args={'value': 8, 'prev_value': 7, 'change': 1, 'player_num': 1}
2026-04-20 15:03:57,320 : INFO : EventManager : Event: ======'player_rhythm_mode_score'====== Args={'value': 150000, 'prev_value': 140000, 'change': 10000, 'player_num': 1}
2026-04-20 15:03:57,320 : INFO : EventManager : Event: ======'player_score'====== Args={'value': 150000, 'prev_value': 140000, 'change': 10000, 'player_num': 1}
2026-04-20 15:03:57,320 : INFO : EventManager : Event: ======'rhythm_note_hit'====== Args={'note_id': 8, 'lane': 'right', 'judgment': 'good', 'combo': 1, 'multiplier': 1, 'award': 10000, 'delta_ms': 146, 'total_score': 150000, 'is_hold': False}
2026-04-20 15:03:57,320 : INFO : EventManager : Event: ======'machine_var_audits_switches_s_flipper_right'====== Args={'value': 318, 'prev_value': 317, 'change': 1}
2026-04-20 15:03:57,519 : INFO : SwitchController : <<<<<<< 's_flipper_right' inactive >>>>>>>
2026-04-20 15:03:57,575 : INFO : EventManager : Event: ======'rhythm_note_spawned'====== Args={'note_id': 13, 'lane': 'right', 'travel_ms': 1600, 'hit_time_ms': 7300, 'duration_ms': 0, 'end_time_ms': 7300}
2026-04-20 15:03:57,636 : INFO : SwitchController : <<<<<<< 's_flipper_left' active >>>>>>>
2026-04-20 15:03:57,636 : INFO : EventManager : Event: ======'rhythm_lane_pressed'====== Args={'lane': 'left'}
2026-04-20 15:03:57,636 : INFO : EventManager : Event: ======'player_rhythm_combo'====== Args={'value': 2, 'prev_value': 1, 'change': 1, 'player_num': 1}
2026-04-20 15:03:57,637 : INFO : EventManager : Event: ======'player_rhythm_hits'====== Args={'value': 9, 'prev_value': 8, 'change': 1, 'player_num': 1}
2026-04-20 15:03:57,637 : INFO : EventManager : Event: ======'player_rhythm_mode_score'====== Args={'value': 170000, 'prev_value': 150000, 'change': 20000, 'player_num': 1}
2026-04-20 15:03:57,637 : INFO : EventManager : Event: ======'player_score'====== Args={'value': 170000, 'prev_value': 150000, 'change': 20000, 'player_num': 1}
2026-04-20 15:03:57,637 : INFO : EventManager : Event: ======'rhythm_note_hit'====== Args={'note_id': 9, 'lane': 'left', 'judgment': 'perfect', 'combo': 2, 'multiplier': 1, 'award': 20000, 'delta_ms': 63, 'total_score': 170000, 'is_hold': False}
2026-04-20 15:03:57,637 : INFO : EventManager : Event: ======'machine_var_audits_switches_s_flipper_left'====== Args={'value': 332, 'prev_value': 331, 'change': 1}
2026-04-20 15:03:57,786 : INFO : SwitchController : <<<<<<< 's_flipper_left' inactive >>>>>>>
2026-04-20 15:03:57,969 : INFO : SwitchController : <<<<<<< 's_action_button' active >>>>>>>
2026-04-20 15:03:57,969 : INFO : EventManager : Event: ======'rhythm_lane_pressed'====== Args={'lane': 'center'}
2026-04-20 15:03:57,969 : INFO : EventManager : Event: ======'player_rhythm_combo'====== Args={'value': 3, 'prev_value': 2, 'change': 1, 'player_num': 1}
2026-04-20 15:03:57,970 : INFO : EventManager : Event: ======'player_rhythm_hits'====== Args={'value': 10, 'prev_value': 9, 'change': 1, 'player_num': 1}
2026-04-20 15:03:57,970 : INFO : EventManager : Event: ======'player_rhythm_mode_score'====== Args={'value': 190000, 'prev_value': 170000, 'change': 20000, 'player_num': 1}
2026-04-20 15:03:57,970 : INFO : EventManager : Event: ======'player_score'====== Args={'value': 190000, 'prev_value': 170000, 'change': 20000, 'player_num': 1}
2026-04-20 15:03:57,970 : INFO : EventManager : Event: ======'rhythm_note_hit'====== Args={'note_id': 10, 'lane': 'center', 'judgment': 'perfect', 'combo': 3, 'multiplier': 1, 'award': 20000, 'delta_ms': 4, 'total_score': 190000, 'is_hold': False}
2026-04-20 15:03:57,970 : INFO : EventManager : Event: ======'machine_var_audits_switches_s_action_button'====== Args={'value': 314, 'prev_value': 313, 'change': 1}
2026-04-20 15:03:57,975 : INFO : EventManager : Event: ======'rhythm_note_spawned'====== Args={'note_id': 14, 'lane': 'left', 'travel_ms': 1600, 'hit_time_ms': 7700, 'duration_ms': 0, 'end_time_ms': 7700}
2026-04-20 15:03:57,976 : INFO : EventManager : Event: ======'rhythm_note_spawned'====== Args={'note_id': 15, 'lane': 'center', 'travel_ms': 1600, 'hit_time_ms': 7700, 'duration_ms': 0, 'end_time_ms': 7700}
2026-04-20 15:03:58,103 : INFO : SwitchController : <<<<<<< 's_action_button' inactive >>>>>>>
2026-04-20 15:03:58,386 : INFO : SwitchController : <<<<<<< 's_flipper_right' active >>>>>>>
2026-04-20 15:03:58,386 : INFO : EventManager : Event: ======'rhythm_lane_pressed'====== Args={'lane': 'right'}
2026-04-20 15:03:58,386 : INFO : EventManager : Event: ======'player_rhythm_combo'====== Args={'value': 4, 'prev_value': 3, 'change': 1, 'player_num': 1}
2026-04-20 15:03:58,387 : INFO : EventManager : Event: ======'player_rhythm_hits'====== Args={'value': 11, 'prev_value': 10, 'change': 1, 'player_num': 1}
2026-04-20 15:03:58,387 : INFO : EventManager : Event: ======'player_rhythm_mode_score'====== Args={'value': 210000, 'prev_value': 190000, 'change': 20000, 'player_num': 1}
2026-04-20 15:03:58,387 : INFO : EventManager : Event: ======'player_score'====== Args={'value': 210000, 'prev_value': 190000, 'change': 20000, 'player_num': 1}
2026-04-20 15:03:58,387 : INFO : EventManager : Event: ======'rhythm_note_hit'====== Args={'note_id': 11, 'lane': 'right', 'judgment': 'perfect', 'combo': 4, 'multiplier': 1, 'award': 20000, 'delta_ms': 13, 'total_score': 210000, 'is_hold': False}
2026-04-20 15:03:58,387 : INFO : EventManager : Event: ======'machine_var_audits_switches_s_flipper_right'====== Args={'value': 319, 'prev_value': 318, 'change': 1}
2026-04-20 15:03:58,519 : INFO : SwitchController : <<<<<<< 's_flipper_right' inactive >>>>>>>
2026-04-20 15:03:58,576 : INFO : EventManager : Event: ======'rhythm_note_spawned'====== Args={'note_id': 16, 'lane': 'left', 'travel_ms': 1600, 'hit_time_ms': 8300, 'duration_ms': 0, 'end_time_ms': 8300}
2026-04-20 15:03:58,786 : INFO : SwitchController : <<<<<<< 's_action_button' active >>>>>>>
2026-04-20 15:03:58,786 : INFO : EventManager : Event: ======'rhythm_lane_pressed'====== Args={'lane': 'center'}
2026-04-20 15:03:58,786 : INFO : EventManager : Event: ======'player_rhythm_combo'====== Args={'value': 5, 'prev_value': 4, 'change': 1, 'player_num': 1}
2026-04-20 15:03:58,786 : INFO : EventManager : Event: ======'player_rhythm_hits'====== Args={'value': 12, 'prev_value': 11, 'change': 1, 'player_num': 1}
2026-04-20 15:03:58,787 : INFO : EventManager : Event: ======'player_rhythm_mode_score'====== Args={'value': 230000, 'prev_value': 210000, 'change': 20000, 'player_num': 1}
2026-04-20 15:03:58,787 : INFO : EventManager : Event: ======'player_score'====== Args={'value': 230000, 'prev_value': 210000, 'change': 20000, 'player_num': 1}
2026-04-20 15:03:58,787 : INFO : EventManager : Event: ======'rhythm_note_hit'====== Args={'note_id': 12, 'lane': 'center', 'judgment': 'perfect', 'combo': 5, 'multiplier': 1, 'award': 20000, 'delta_ms': 12, 'total_score': 230000, 'is_hold': False}
2026-04-20 15:03:58,787 : INFO : EventManager : Event: ======'machine_var_audits_switches_s_action_button'====== Args={'value': 315, 'prev_value': 314, 'change': 1}
2026-04-20 15:03:58,936 : INFO : SwitchController : <<<<<<< 's_action_button' inactive >>>>>>>
2026-04-20 15:03:58,976 : INFO : EventManager : Event: ======'rhythm_note_spawned'====== Args={'note_id': 17, 'lane': 'center', 'travel_ms': 1600, 'hit_time_ms': 8700, 'duration_ms': 0, 'end_time_ms': 8700}
2026-04-20 15:03:59,169 : INFO : SwitchController : <<<<<<< 's_flipper_right' active >>>>>>>
2026-04-20 15:03:59,169 : INFO : EventManager : Event: ======'rhythm_lane_pressed'====== Args={'lane': 'right'}
2026-04-20 15:03:59,169 : INFO : EventManager : Event: ======'player_rhythm_combo'====== Args={'value': 6, 'prev_value': 5, 'change': 1, 'player_num': 1}
2026-04-20 15:03:59,169 : INFO : EventManager : Event: ======'player_rhythm_hits'====== Args={'value': 13, 'prev_value': 12, 'change': 1, 'player_num': 1}
2026-04-20 15:03:59,170 : INFO : EventManager : Event: ======'player_rhythm_mode_score'====== Args={'value': 250000, 'prev_value': 230000, 'change': 20000, 'player_num': 1}
2026-04-20 15:03:59,170 : INFO : EventManager : Event: ======'player_score'====== Args={'value': 250000, 'prev_value': 230000, 'change': 20000, 'player_num': 1}
2026-04-20 15:03:59,170 : INFO : EventManager : Event: ======'rhythm_note_hit'====== Args={'note_id': 13, 'lane': 'right', 'judgment': 'perfect', 'combo': 6, 'multiplier': 1, 'award': 20000, 'delta_ms': 5, 'total_score': 250000, 'is_hold': False}
2026-04-20 15:03:59,170 : INFO : EventManager : Event: ======'machine_var_audits_switches_s_flipper_right'====== Args={'value': 320, 'prev_value': 319, 'change': 1}
2026-04-20 15:03:59,319 : INFO : SwitchController : <<<<<<< 's_flipper_right' inactive >>>>>>>
2026-04-20 15:03:59,376 : INFO : EventManager : Event: ======'rhythm_note_spawned'====== Args={'note_id': 18, 'lane': 'right', 'travel_ms': 1600, 'hit_time_ms': 9100, 'duration_ms': 700, 'end_time_ms': 9800}
2026-04-20 15:03:59,636 : INFO : SwitchController : <<<<<<< 's_flipper_left' active >>>>>>>
2026-04-20 15:03:59,636 : INFO : EventManager : Event: ======'rhythm_lane_pressed'====== Args={'lane': 'left'}
2026-04-20 15:03:59,636 : INFO : EventManager : Event: ======'player_rhythm_combo'====== Args={'value': 7, 'prev_value': 6, 'change': 1, 'player_num': 1}
2026-04-20 15:03:59,637 : INFO : EventManager : Event: ======'player_rhythm_hits'====== Args={'value': 14, 'prev_value': 13, 'change': 1, 'player_num': 1}
2026-04-20 15:03:59,637 : INFO : EventManager : Event: ======'player_rhythm_mode_score'====== Args={'value': 270000, 'prev_value': 250000, 'change': 20000, 'player_num': 1}
2026-04-20 15:03:59,637 : INFO : EventManager : Event: ======'player_score'====== Args={'value': 270000, 'prev_value': 250000, 'change': 20000, 'player_num': 1}
2026-04-20 15:03:59,637 : INFO : EventManager : Event: ======'rhythm_note_hit'====== Args={'note_id': 14, 'lane': 'left', 'judgment': 'perfect', 'combo': 7, 'multiplier': 1, 'award': 20000, 'delta_ms': 63, 'total_score': 270000, 'is_hold': False}
2026-04-20 15:03:59,637 : INFO : EventManager : Event: ======'machine_var_audits_switches_s_flipper_left'====== Args={'value': 333, 'prev_value': 332, 'change': 1}
2026-04-20 15:03:59,638 : INFO : SwitchController : <<<<<<< 's_action_button' active >>>>>>>
2026-04-20 15:03:59,638 : INFO : EventManager : Event: ======'rhythm_lane_pressed'====== Args={'lane': 'center'}
2026-04-20 15:03:59,638 : INFO : EventManager : Event: ======'player_rhythm_combo'====== Args={'value': 8, 'prev_value': 7, 'change': 1, 'player_num': 1}
2026-04-20 15:03:59,638 : INFO : EventManager : Event: ======'player_rhythm_best_combo'====== Args={'value': 8, 'prev_value': 7, 'change': 1, 'player_num': 1}
2026-04-20 15:03:59,638 : INFO : EventManager : Event: ======'player_rhythm_hits'====== Args={'value': 15, 'prev_value': 14, 'change': 1, 'player_num': 1}
2026-04-20 15:03:59,639 : INFO : EventManager : Event: ======'player_rhythm_mode_score'====== Args={'value': 290000, 'prev_value': 270000, 'change': 20000, 'player_num': 1}
2026-04-20 15:03:59,639 : INFO : EventManager : Event: ======'player_score'====== Args={'value': 290000, 'prev_value': 270000, 'change': 20000, 'player_num': 1}
2026-04-20 15:03:59,639 : INFO : EventManager : Event: ======'rhythm_note_hit'====== Args={'note_id': 15, 'lane': 'center', 'judgment': 'perfect', 'combo': 8, 'multiplier': 1, 'award': 20000, 'delta_ms': 64, 'total_score': 290000, 'is_hold': False}
2026-04-20 15:03:59,639 : INFO : EventManager : Event: ======'machine_var_audits_switches_s_action_button'====== Args={'value': 316, 'prev_value': 315, 'change': 1}
2026-04-20 15:03:59,770 : INFO : SwitchController : <<<<<<< 's_flipper_left' inactive >>>>>>>
2026-04-20 15:03:59,775 : INFO : EventManager : Event: ======'rhythm_note_spawned'====== Args={'note_id': 19, 'lane': 'center', 'travel_ms': 1600, 'hit_time_ms': 9500, 'duration_ms': 0, 'end_time_ms': 9500}
2026-04-20 15:03:59,785 : INFO : SwitchController : <<<<<<< 's_action_button' inactive >>>>>>>
2026-04-20 15:04:00,176 : INFO : EventManager : Event: ======'rhythm_note_spawned'====== Args={'note_id': 20, 'lane': 'right', 'travel_ms': 1600, 'hit_time_ms': 9900, 'duration_ms': 0, 'end_time_ms': 9900}
2026-04-20 15:04:00,202 : INFO : SwitchController : <<<<<<< 's_flipper_left' active >>>>>>>
2026-04-20 15:04:00,203 : INFO : EventManager : Event: ======'rhythm_lane_pressed'====== Args={'lane': 'left'}
2026-04-20 15:04:00,203 : INFO : EventManager : Event: ======'player_rhythm_combo'====== Args={'value': 9, 'prev_value': 8, 'change': 1, 'player_num': 1}
2026-04-20 15:04:00,203 : INFO : EventManager : Event: ======'player_rhythm_best_combo'====== Args={'value': 9, 'prev_value': 8, 'change': 1, 'player_num': 1}
2026-04-20 15:04:00,203 : INFO : EventManager : Event: ======'player_rhythm_hits'====== Args={'value': 16, 'prev_value': 15, 'change': 1, 'player_num': 1}
2026-04-20 15:04:00,204 : INFO : EventManager : Event: ======'player_rhythm_multiplier'====== Args={'value': 2, 'prev_value': 1, 'change': 1, 'player_num': 1}
2026-04-20 15:04:00,204 : INFO : EventManager : Event: ======'player_rhythm_mode_score'====== Args={'value': 330000, 'prev_value': 290000, 'change': 40000, 'player_num': 1}
2026-04-20 15:04:00,204 : INFO : EventManager : Event: ======'player_score'====== Args={'value': 330000, 'prev_value': 290000, 'change': 40000, 'player_num': 1}
2026-04-20 15:04:00,204 : INFO : EventManager : Event: ======'rhythm_note_hit'====== Args={'note_id': 16, 'lane': 'left', 'judgment': 'perfect', 'combo': 9, 'multiplier': 2, 'award': 40000, 'delta_ms': 29, 'total_score': 330000, 'is_hold': False}
2026-04-20 15:04:00,204 : INFO : EventManager : Event: ======'machine_var_audits_switches_s_flipper_left'====== Args={'value': 334, 'prev_value': 333, 'change': 1}
2026-04-20 15:04:00,336 : INFO : SwitchController : <<<<<<< 's_flipper_left' inactive >>>>>>>
2026-04-20 15:04:00,576 : INFO : EventManager : Event: ======'rhythm_note_spawned'====== Args={'note_id': 21, 'lane': 'left', 'travel_ms': 1600, 'hit_time_ms': 10300, 'duration_ms': 0, 'end_time_ms': 10300}
2026-04-20 15:04:00,653 : INFO : SwitchController : <<<<<<< 's_action_button' active >>>>>>>
2026-04-20 15:04:00,653 : INFO : EventManager : Event: ======'rhythm_lane_pressed'====== Args={'lane': 'center'}
2026-04-20 15:04:00,653 : INFO : EventManager : Event: ======'player_rhythm_combo'====== Args={'value': 10, 'prev_value': 9, 'change': 1, 'player_num': 1}
2026-04-20 15:04:00,653 : INFO : EventManager : Event: ======'player_rhythm_best_combo'====== Args={'value': 10, 'prev_value': 9, 'change': 1, 'player_num': 1}
2026-04-20 15:04:00,654 : INFO : EventManager : Event: ======'player_rhythm_hits'====== Args={'value': 17, 'prev_value': 16, 'change': 1, 'player_num': 1}
2026-04-20 15:04:00,654 : INFO : EventManager : Event: ======'player_rhythm_mode_score'====== Args={'value': 370000, 'prev_value': 330000, 'change': 40000, 'player_num': 1}
2026-04-20 15:04:00,654 : INFO : EventManager : Event: ======'player_score'====== Args={'value': 370000, 'prev_value': 330000, 'change': 40000, 'player_num': 1}
2026-04-20 15:04:00,654 : INFO : EventManager : Event: ======'rhythm_note_hit'====== Args={'note_id': 17, 'lane': 'center', 'judgment': 'perfect', 'combo': 10, 'multiplier': 2, 'award': 40000, 'delta_ms': 79, 'total_score': 370000, 'is_hold': False}
2026-04-20 15:04:00,654 : INFO : EventManager : Event: ======'machine_var_audits_switches_s_action_button'====== Args={'value': 317, 'prev_value': 316, 'change': 1}
2026-04-20 15:04:00,769 : INFO : SwitchController : <<<<<<< 's_action_button' inactive >>>>>>>
2026-04-20 15:04:00,976 : INFO : EventManager : Event: ======'rhythm_note_spawned'====== Args={'note_id': 22, 'lane': 'center', 'travel_ms': 1600, 'hit_time_ms': 10700, 'duration_ms': 0, 'end_time_ms': 10700}
2026-04-20 15:04:00,976 : INFO : EventManager : Event: ======'rhythm_note_spawned'====== Args={'note_id': 23, 'lane': 'right', 'travel_ms': 1600, 'hit_time_ms': 10700, 'duration_ms': 0, 'end_time_ms': 10700}
2026-04-20 15:04:01,036 : INFO : SwitchController : <<<<<<< 's_flipper_right' active >>>>>>>
2026-04-20 15:04:01,036 : INFO : EventManager : Event: ======'rhythm_lane_pressed'====== Args={'lane': 'right'}
2026-04-20 15:04:01,037 : INFO : EventManager : Event: ======'rhythm_hold_started'====== Args={'note_id': 18, 'lane': 'right', 'judgment': 'perfect', 'delta_ms': 63, 'duration_ms': 700, 'end_time_ms': 9800, 'remaining_ms': 637}
2026-04-20 15:04:01,037 : INFO : EventManager : Event: ======'machine_var_audits_switches_s_flipper_right'====== Args={'value': 321, 'prev_value': 320, 'change': 1}
2026-04-20 15:04:01,186 : INFO : SwitchController : <<<<<<< 's_flipper_right' inactive >>>>>>>
2026-04-20 15:04:01,186 : INFO : EventManager : Event: ======'player_rhythm_combo'====== Args={'value': 0, 'prev_value': 10, 'change': -10, 'player_num': 1}
2026-04-20 15:04:01,187 : INFO : EventManager : Event: ======'player_rhythm_misses'====== Args={'value': 2, 'prev_value': 1, 'change': 1, 'player_num': 1}
2026-04-20 15:04:01,187 : INFO : EventManager : Event: ======'player_rhythm_multiplier'====== Args={'value': 1, 'prev_value': 2, 'change': -1, 'player_num': 1}
2026-04-20 15:04:01,187 : INFO : EventManager : Event: ======'rhythm_note_missed'====== Args={'note_id': 18, 'lane': 'right', 'total_misses': 2, 'is_hold': True}
2026-04-20 15:04:01,536 : INFO : SwitchController : <<<<<<< 's_action_button' active >>>>>>>
2026-04-20 15:04:01,537 : INFO : EventManager : Event: ======'rhythm_lane_pressed'====== Args={'lane': 'center'}
2026-04-20 15:04:01,537 : INFO : EventManager : Event: ======'player_rhythm_combo'====== Args={'value': 1, 'prev_value': 0, 'change': 1, 'player_num': 1}
2026-04-20 15:04:01,537 : INFO : EventManager : Event: ======'player_rhythm_hits'====== Args={'value': 18, 'prev_value': 17, 'change': 1, 'player_num': 1}
2026-04-20 15:04:01,537 : INFO : EventManager : Event: ======'player_rhythm_mode_score'====== Args={'value': 380000, 'prev_value': 370000, 'change': 10000, 'player_num': 1}
2026-04-20 15:04:01,538 : INFO : EventManager : Event: ======'player_score'====== Args={'value': 380000, 'prev_value': 370000, 'change': 10000, 'player_num': 1}
2026-04-20 15:04:01,538 : INFO : EventManager : Event: ======'rhythm_note_hit'====== Args={'note_id': 19, 'lane': 'center', 'judgment': 'good', 'combo': 1, 'multiplier': 1, 'award': 10000, 'delta_ms': 163, 'total_score': 380000, 'is_hold': False}
2026-04-20 15:04:01,538 : INFO : EventManager : Event: ======'machine_var_audits_switches_s_action_button'====== Args={'value': 318, 'prev_value': 317, 'change': 1}
2026-04-20 15:04:01,576 : INFO : EventManager : Event: ======'rhythm_note_spawned'====== Args={'note_id': 24, 'lane': 'left', 'travel_ms': 1600, 'hit_time_ms': 11300, 'duration_ms': 0, 'end_time_ms': 11300}
2026-04-20 15:04:01,652 : INFO : SwitchController : <<<<<<< 's_action_button' inactive >>>>>>>
2026-04-20 15:04:01,837 : INFO : SwitchController : <<<<<<< 's_flipper_right' active >>>>>>>
2026-04-20 15:04:01,837 : INFO : EventManager : Event: ======'rhythm_lane_pressed'====== Args={'lane': 'right'}
2026-04-20 15:04:01,837 : INFO : EventManager : Event: ======'player_rhythm_combo'====== Args={'value': 2, 'prev_value': 1, 'change': 1, 'player_num': 1}
2026-04-20 15:04:01,837 : INFO : EventManager : Event: ======'player_rhythm_hits'====== Args={'value': 19, 'prev_value': 18, 'change': 1, 'player_num': 1}
2026-04-20 15:04:01,837 : INFO : EventManager : Event: ======'player_rhythm_mode_score'====== Args={'value': 400000, 'prev_value': 380000, 'change': 20000, 'player_num': 1}
2026-04-20 15:04:01,838 : INFO : EventManager : Event: ======'player_score'====== Args={'value': 400000, 'prev_value': 380000, 'change': 20000, 'player_num': 1}
2026-04-20 15:04:01,838 : INFO : EventManager : Event: ======'rhythm_note_hit'====== Args={'note_id': 20, 'lane': 'right', 'judgment': 'perfect', 'combo': 2, 'multiplier': 1, 'award': 20000, 'delta_ms': 63, 'total_score': 400000, 'is_hold': False}
2026-04-20 15:04:01,838 : INFO : EventManager : Event: ======'machine_var_audits_switches_s_flipper_right'====== Args={'value': 322, 'prev_value': 321, 'change': 1}
2026-04-20 15:04:01,969 : INFO : SwitchController : <<<<<<< 's_flipper_right' inactive >>>>>>>
2026-04-20 15:04:01,975 : INFO : EventManager : Event: ======'rhythm_note_spawned'====== Args={'note_id': 25, 'lane': 'center', 'travel_ms': 1600, 'hit_time_ms': 11700, 'duration_ms': 0, 'end_time_ms': 11700}
2026-04-20 15:04:02,152 : INFO : SwitchController : <<<<<<< 's_flipper_left' active >>>>>>>
2026-04-20 15:04:02,153 : INFO : EventManager : Event: ======'rhythm_lane_pressed'====== Args={'lane': 'left'}
2026-04-20 15:04:02,153 : INFO : EventManager : Event: ======'player_rhythm_combo'====== Args={'value': 3, 'prev_value': 2, 'change': 1, 'player_num': 1}
2026-04-20 15:04:02,153 : INFO : EventManager : Event: ======'player_rhythm_hits'====== Args={'value': 20, 'prev_value': 19, 'change': 1, 'player_num': 1}
2026-04-20 15:04:02,153 : INFO : EventManager : Event: ======'player_rhythm_mode_score'====== Args={'value': 420000, 'prev_value': 400000, 'change': 20000, 'player_num': 1}
2026-04-20 15:04:02,153 : INFO : EventManager : Event: ======'player_score'====== Args={'value': 420000, 'prev_value': 400000, 'change': 20000, 'player_num': 1}
2026-04-20 15:04:02,154 : INFO : EventManager : Event: ======'rhythm_note_hit'====== Args={'note_id': 21, 'lane': 'left', 'judgment': 'perfect', 'combo': 3, 'multiplier': 1, 'award': 20000, 'delta_ms': 21, 'total_score': 420000, 'is_hold': False}
2026-04-20 15:04:02,154 : INFO : EventManager : Event: ======'machine_var_audits_switches_s_flipper_left'====== Args={'value': 335, 'prev_value': 334, 'change': 1}
2026-04-20 15:04:02,269 : INFO : SwitchController : <<<<<<< 's_flipper_left' inactive >>>>>>>
2026-04-20 15:04:02,376 : INFO : EventManager : Event: ======'rhythm_note_spawned'====== Args={'note_id': 26, 'lane': 'left', 'travel_ms': 1600, 'hit_time_ms': 12100, 'duration_ms': 0, 'end_time_ms': 12100}
2026-04-20 15:04:02,636 : INFO : SwitchController : <<<<<<< 's_flipper_right' active >>>>>>>
2026-04-20 15:04:02,637 : INFO : EventManager : Event: ======'rhythm_lane_pressed'====== Args={'lane': 'right'}
2026-04-20 15:04:02,637 : INFO : EventManager : Event: ======'player_rhythm_combo'====== Args={'value': 4, 'prev_value': 3, 'change': 1, 'player_num': 1}
2026-04-20 15:04:02,637 : INFO : EventManager : Event: ======'player_rhythm_hits'====== Args={'value': 21, 'prev_value': 20, 'change': 1, 'player_num': 1}
2026-04-20 15:04:02,637 : INFO : EventManager : Event: ======'player_rhythm_mode_score'====== Args={'value': 440000, 'prev_value': 420000, 'change': 20000, 'player_num': 1}
2026-04-20 15:04:02,638 : INFO : EventManager : Event: ======'player_score'====== Args={'value': 440000, 'prev_value': 420000, 'change': 20000, 'player_num': 1}
2026-04-20 15:04:02,638 : INFO : EventManager : Event: ======'rhythm_note_hit'====== Args={'note_id': 23, 'lane': 'right', 'judgment': 'perfect', 'combo': 4, 'multiplier': 1, 'award': 20000, 'delta_ms': 63, 'total_score': 440000, 'is_hold': False}
2026-04-20 15:04:02,638 : INFO : EventManager : Event: ======'machine_var_audits_switches_s_flipper_right'====== Args={'value': 323, 'prev_value': 322, 'change': 1}
2026-04-20 15:04:02,638 : INFO : SwitchController : <<<<<<< 's_action_button' active >>>>>>>
2026-04-20 15:04:02,638 : INFO : EventManager : Event: ======'rhythm_lane_pressed'====== Args={'lane': 'center'}
2026-04-20 15:04:02,638 : INFO : EventManager : Event: ======'player_rhythm_combo'====== Args={'value': 5, 'prev_value': 4, 'change': 1, 'player_num': 1}
2026-04-20 15:04:02,638 : INFO : EventManager : Event: ======'player_rhythm_hits'====== Args={'value': 22, 'prev_value': 21, 'change': 1, 'player_num': 1}
2026-04-20 15:04:02,639 : INFO : EventManager : Event: ======'player_rhythm_mode_score'====== Args={'value': 460000, 'prev_value': 440000, 'change': 20000, 'player_num': 1}
2026-04-20 15:04:02,639 : INFO : EventManager : Event: ======'player_score'====== Args={'value': 460000, 'prev_value': 440000, 'change': 20000, 'player_num': 1}
2026-04-20 15:04:02,639 : INFO : EventManager : Event: ======'rhythm_note_hit'====== Args={'note_id': 22, 'lane': 'center', 'judgment': 'perfect', 'combo': 5, 'multiplier': 1, 'award': 20000, 'delta_ms': 65, 'total_score': 460000, 'is_hold': False}
2026-04-20 15:04:02,639 : INFO : EventManager : Event: ======'machine_var_audits_switches_s_action_button'====== Args={'value': 319, 'prev_value': 318, 'change': 1}
2026-04-20 15:04:02,776 : INFO : EventManager : Event: ======'rhythm_note_spawned'====== Args={'note_id': 27, 'lane': 'right', 'travel_ms': 1600, 'hit_time_ms': 12500, 'duration_ms': 0, 'end_time_ms': 12500}
2026-04-20 15:04:02,786 : INFO : SwitchController : <<<<<<< 's_flipper_right' inactive >>>>>>>
2026-04-20 15:04:02,802 : INFO : SwitchController : <<<<<<< 's_action_button' inactive >>>>>>>
2026-04-20 15:04:03,169 : INFO : SwitchController : <<<<<<< 's_flipper_left' active >>>>>>>
2026-04-20 15:04:03,170 : INFO : EventManager : Event: ======'rhythm_lane_pressed'====== Args={'lane': 'left'}
2026-04-20 15:04:03,170 : INFO : EventManager : Event: ======'player_rhythm_combo'====== Args={'value': 6, 'prev_value': 5, 'change': 1, 'player_num': 1}
2026-04-20 15:04:03,170 : INFO : EventManager : Event: ======'player_rhythm_hits'====== Args={'value': 23, 'prev_value': 22, 'change': 1, 'player_num': 1}
2026-04-20 15:04:03,170 : INFO : EventManager : Event: ======'player_rhythm_mode_score'====== Args={'value': 480000, 'prev_value': 460000, 'change': 20000, 'player_num': 1}
2026-04-20 15:04:03,170 : INFO : EventManager : Event: ======'player_score'====== Args={'value': 480000, 'prev_value': 460000, 'change': 20000, 'player_num': 1}
2026-04-20 15:04:03,171 : INFO : EventManager : Event: ======'rhythm_note_hit'====== Args={'note_id': 24, 'lane': 'left', 'judgment': 'perfect', 'combo': 6, 'multiplier': 1, 'award': 20000, 'delta_ms': 4, 'total_score': 480000, 'is_hold': False}
2026-04-20 15:04:03,171 : INFO : EventManager : Event: ======'machine_var_audits_switches_s_flipper_left'====== Args={'value': 336, 'prev_value': 335, 'change': 1}
2026-04-20 15:04:03,175 : INFO : EventManager : Event: ======'rhythm_note_spawned'====== Args={'note_id': 28, 'lane': 'center', 'travel_ms': 1600, 'hit_time_ms': 12900, 'duration_ms': 700, 'end_time_ms': 13600}
2026-04-20 15:04:03,302 : INFO : SwitchController : <<<<<<< 's_flipper_left' inactive >>>>>>>
2026-04-20 15:04:03,337 : INFO : EventManager : Event: ======'balldevice_bd_trough_ball_eject_failed'====== Args={'target': <ball_device.bd_plunger>, 'balls': 1, 'retry': True, 'num_attempts': 2}
2026-04-20 15:04:03,337 : INFO : ball_device.bd_trough : State: waiting_for_target_ready
2026-04-20 15:04:03,337 : INFO : EventManager : Event: ======'balldevice_bd_trough_ball_eject_attempt'====== Args={'balls': 1, 'target': <ball_device.bd_plunger>, 'source': <ball_device.bd_trough>, 'mechanical_eject': False, 'num_attempts': 2}
2026-04-20 15:04:03,338 : INFO : ball_device.bd_trough : State: ejecting
2026-04-20 15:04:03,338 : INFO : ball_device.bd_trough : Ejecting ball to <ball_device.bd_plunger>
2026-04-20 15:04:03,338 : INFO : EventManager : Event: ======'balldevice_bd_trough_ejecting_ball'====== Args={'balls': 1, 'target': <ball_device.bd_plunger>, 'source': <ball_device.bd_trough>, 'mechanical_eject': False, 'num_attempts': 2}
2026-04-20 15:04:03,338 : INFO : ball_device.bd_trough : Wait for ball to leave device
2026-04-20 15:04:03,338 : INFO : coil.c_trough_eject : Pulsing Driver for 10ms (1.0 pulse_power)
2026-04-20 15:04:03,569 : INFO : SwitchController : <<<<<<< 's_action_button' active >>>>>>>
2026-04-20 15:04:03,569 : INFO : EventManager : Event: ======'rhythm_lane_pressed'====== Args={'lane': 'center'}
2026-04-20 15:04:03,569 : INFO : EventManager : Event: ======'player_rhythm_combo'====== Args={'value': 7, 'prev_value': 6, 'change': 1, 'player_num': 1}
2026-04-20 15:04:03,570 : INFO : EventManager : Event: ======'player_rhythm_hits'====== Args={'value': 24, 'prev_value': 23, 'change': 1, 'player_num': 1}
2026-04-20 15:04:03,570 : INFO : EventManager : Event: ======'player_rhythm_mode_score'====== Args={'value': 500000, 'prev_value': 480000, 'change': 20000, 'player_num': 1}
2026-04-20 15:04:03,570 : INFO : EventManager : Event: ======'player_score'====== Args={'value': 500000, 'prev_value': 480000, 'change': 20000, 'player_num': 1}
2026-04-20 15:04:03,570 : INFO : EventManager : Event: ======'rhythm_note_hit'====== Args={'note_id': 25, 'lane': 'center', 'judgment': 'perfect', 'combo': 7, 'multiplier': 1, 'award': 20000, 'delta_ms': 4, 'total_score': 500000, 'is_hold': False}
2026-04-20 15:04:03,570 : INFO : EventManager : Event: ======'machine_var_audits_switches_s_action_button'====== Args={'value': 320, 'prev_value': 319, 'change': 1}
2026-04-20 15:04:03,575 : INFO : EventManager : Event: ======'rhythm_note_spawned'====== Args={'note_id': 29, 'lane': 'right', 'travel_ms': 1600, 'hit_time_ms': 13300, 'duration_ms': 0, 'end_time_ms': 13300}
2026-04-20 15:04:03,686 : INFO : SwitchController : <<<<<<< 's_action_button' inactive >>>>>>>
2026-04-20 15:04:03,976 : INFO : EventManager : Event: ======'rhythm_note_spawned'====== Args={'note_id': 30, 'lane': 'left', 'travel_ms': 1600, 'hit_time_ms': 13700, 'duration_ms': 0, 'end_time_ms': 13700}
2026-04-20 15:04:03,977 : INFO : EventManager : Event: ======'rhythm_note_spawned'====== Args={'note_id': 31, 'lane': 'center', 'travel_ms': 1600, 'hit_time_ms': 13700, 'duration_ms': 0, 'end_time_ms': 13700}
2026-04-20 15:04:04,052 : INFO : SwitchController : <<<<<<< 's_flipper_left' active >>>>>>>
2026-04-20 15:04:04,053 : INFO : EventManager : Event: ======'rhythm_lane_pressed'====== Args={'lane': 'left'}
2026-04-20 15:04:04,053 : INFO : EventManager : Event: ======'player_rhythm_combo'====== Args={'value': 8, 'prev_value': 7, 'change': 1, 'player_num': 1}
2026-04-20 15:04:04,053 : INFO : EventManager : Event: ======'player_rhythm_hits'====== Args={'value': 25, 'prev_value': 24, 'change': 1, 'player_num': 1}
2026-04-20 15:04:04,054 : INFO : EventManager : Event: ======'player_rhythm_mode_score'====== Args={'value': 520000, 'prev_value': 500000, 'change': 20000, 'player_num': 1}
2026-04-20 15:04:04,054 : INFO : EventManager : Event: ======'player_score'====== Args={'value': 520000, 'prev_value': 500000, 'change': 20000, 'player_num': 1}
2026-04-20 15:04:04,054 : INFO : EventManager : Event: ======'rhythm_note_hit'====== Args={'note_id': 26, 'lane': 'left', 'judgment': 'perfect', 'combo': 8, 'multiplier': 1, 'award': 20000, 'delta_ms': 79, 'total_score': 520000, 'is_hold': False}
2026-04-20 15:04:04,054 : INFO : EventManager : Event: ======'machine_var_audits_switches_s_flipper_left'====== Args={'value': 337, 'prev_value': 336, 'change': 1}
2026-04-20 15:04:04,186 : INFO : SwitchController : <<<<<<< 's_flipper_left' inactive >>>>>>>
2026-04-20 15:04:04,436 : INFO : SwitchController : <<<<<<< 's_flipper_right' active >>>>>>>
2026-04-20 15:04:04,436 : INFO : EventManager : Event: ======'rhythm_lane_pressed'====== Args={'lane': 'right'}
2026-04-20 15:04:04,437 : INFO : EventManager : Event: ======'player_rhythm_combo'====== Args={'value': 9, 'prev_value': 8, 'change': 1, 'player_num': 1}
2026-04-20 15:04:04,437 : INFO : EventManager : Event: ======'player_rhythm_hits'====== Args={'value': 26, 'prev_value': 25, 'change': 1, 'player_num': 1}
2026-04-20 15:04:04,437 : INFO : EventManager : Event: ======'player_rhythm_multiplier'====== Args={'value': 2, 'prev_value': 1, 'change': 1, 'player_num': 1}
2026-04-20 15:04:04,437 : INFO : EventManager : Event: ======'player_rhythm_mode_score'====== Args={'value': 560000, 'prev_value': 520000, 'change': 40000, 'player_num': 1}
2026-04-20 15:04:04,438 : INFO : EventManager : Event: ======'player_score'====== Args={'value': 560000, 'prev_value': 520000, 'change': 40000, 'player_num': 1}
2026-04-20 15:04:04,438 : INFO : EventManager : Event: ======'rhythm_note_hit'====== Args={'note_id': 27, 'lane': 'right', 'judgment': 'perfect', 'combo': 9, 'multiplier': 2, 'award': 40000, 'delta_ms': 63, 'total_score': 560000, 'is_hold': False}
2026-04-20 15:04:04,438 : INFO : EventManager : Event: ======'machine_var_audits_switches_s_flipper_right'====== Args={'value': 324, 'prev_value': 323, 'change': 1}
2026-04-20 15:04:04,576 : INFO : EventManager : Event: ======'rhythm_note_spawned'====== Args={'note_id': 32, 'lane': 'center', 'travel_ms': 1600, 'hit_time_ms': 14300, 'duration_ms': 0, 'end_time_ms': 14300}
2026-04-20 15:04:04,586 : INFO : SwitchController : <<<<<<< 's_flipper_right' inactive >>>>>>>
2026-04-20 15:04:04,836 : INFO : SwitchController : <<<<<<< 's_action_button' active >>>>>>>
2026-04-20 15:04:04,837 : INFO : EventManager : Event: ======'rhythm_lane_pressed'====== Args={'lane': 'center'}
2026-04-20 15:04:04,837 : INFO : EventManager : Event: ======'rhythm_hold_started'====== Args={'note_id': 28, 'lane': 'center', 'judgment': 'perfect', 'delta_ms': 63, 'duration_ms': 700, 'end_time_ms': 13600, 'remaining_ms': 637}
2026-04-20 15:04:04,837 : INFO : EventManager : Event: ======'machine_var_audits_switches_s_action_button'====== Args={'value': 321, 'prev_value': 320, 'change': 1}
2026-04-20 15:04:04,976 : INFO : EventManager : Event: ======'rhythm_note_spawned'====== Args={'note_id': 33, 'lane': 'right', 'travel_ms': 1600, 'hit_time_ms': 14700, 'duration_ms': 0, 'end_time_ms': 14700}
2026-04-20 15:04:05,286 : INFO : SwitchController : <<<<<<< 's_action_button' inactive >>>>>>>
2026-04-20 15:04:05,286 : INFO : EventManager : Event: ======'player_rhythm_combo'====== Args={'value': 0, 'prev_value': 9, 'change': -9, 'player_num': 1}
2026-04-20 15:04:05,287 : INFO : EventManager : Event: ======'player_rhythm_misses'====== Args={'value': 3, 'prev_value': 2, 'change': 1, 'player_num': 1}
2026-04-20 15:04:05,287 : INFO : EventManager : Event: ======'player_rhythm_multiplier'====== Args={'value': 1, 'prev_value': 2, 'change': -1, 'player_num': 1}
2026-04-20 15:04:05,287 : INFO : EventManager : Event: ======'rhythm_note_missed'====== Args={'note_id': 28, 'lane': 'center', 'total_misses': 3, 'is_hold': True}
2026-04-20 15:04:05,303 : INFO : SwitchController : <<<<<<< 's_flipper_right' active >>>>>>>
2026-04-20 15:04:05,303 : INFO : EventManager : Event: ======'rhythm_lane_pressed'====== Args={'lane': 'right'}
2026-04-20 15:04:05,303 : INFO : EventManager : Event: ======'player_rhythm_combo'====== Args={'value': 1, 'prev_value': 0, 'change': 1, 'player_num': 1}
2026-04-20 15:04:05,304 : INFO : EventManager : Event: ======'player_rhythm_hits'====== Args={'value': 27, 'prev_value': 26, 'change': 1, 'player_num': 1}
2026-04-20 15:04:05,304 : INFO : EventManager : Event: ======'player_rhythm_mode_score'====== Args={'value': 570000, 'prev_value': 560000, 'change': 10000, 'player_num': 1}
2026-04-20 15:04:05,304 : INFO : EventManager : Event: ======'player_score'====== Args={'value': 570000, 'prev_value': 560000, 'change': 10000, 'player_num': 1}
2026-04-20 15:04:05,304 : INFO : EventManager : Event: ======'rhythm_note_hit'====== Args={'note_id': 29, 'lane': 'right', 'judgment': 'good', 'combo': 1, 'multiplier': 1, 'award': 10000, 'delta_ms': 130, 'total_score': 570000, 'is_hold': False}
2026-04-20 15:04:05,304 : INFO : EventManager : Event: ======'machine_var_audits_switches_s_flipper_right'====== Args={'value': 325, 'prev_value': 324, 'change': 1}
2026-04-20 15:04:05,376 : INFO : EventManager : Event: ======'rhythm_note_spawned'====== Args={'note_id': 34, 'lane': 'left', 'travel_ms': 1600, 'hit_time_ms': 15100, 'duration_ms': 700, 'end_time_ms': 15800}
2026-04-20 15:04:05,419 : INFO : SwitchController : <<<<<<< 's_flipper_right' inactive >>>>>>>
2026-04-20 15:04:05,636 : INFO : SwitchController : <<<<<<< 's_flipper_left' active >>>>>>>
2026-04-20 15:04:05,637 : INFO : EventManager : Event: ======'rhythm_lane_pressed'====== Args={'lane': 'left'}
2026-04-20 15:04:05,637 : INFO : EventManager : Event: ======'player_rhythm_combo'====== Args={'value': 2, 'prev_value': 1, 'change': 1, 'player_num': 1}
2026-04-20 15:04:05,637 : INFO : EventManager : Event: ======'player_rhythm_hits'====== Args={'value': 28, 'prev_value': 27, 'change': 1, 'player_num': 1}
2026-04-20 15:04:05,637 : INFO : EventManager : Event: ======'player_rhythm_mode_score'====== Args={'value': 590000, 'prev_value': 570000, 'change': 20000, 'player_num': 1}
2026-04-20 15:04:05,637 : INFO : EventManager : Event: ======'player_score'====== Args={'value': 590000, 'prev_value': 570000, 'change': 20000, 'player_num': 1}
2026-04-20 15:04:05,638 : INFO : EventManager : Event: ======'rhythm_note_hit'====== Args={'note_id': 30, 'lane': 'left', 'judgment': 'perfect', 'combo': 2, 'multiplier': 1, 'award': 20000, 'delta_ms': 63, 'total_score': 590000, 'is_hold': False}
2026-04-20 15:04:05,638 : INFO : EventManager : Event: ======'machine_var_audits_switches_s_flipper_left'====== Args={'value': 338, 'prev_value': 337, 'change': 1}
2026-04-20 15:04:05,747 : INFO : EventManager : Event: ======'player_rhythm_combo'====== Args={'value': 0, 'prev_value': 2, 'change': -2, 'player_num': 1}
2026-04-20 15:04:05,748 : INFO : EventManager : Event: ======'player_rhythm_misses'====== Args={'value': 4, 'prev_value': 3, 'change': 1, 'player_num': 1}
2026-04-20 15:04:05,748 : INFO : EventManager : Event: ======'rhythm_note_missed'====== Args={'note_id': 31, 'lane': 'center', 'total_misses': 4, 'is_hold': False}
2026-04-20 15:04:05,752 : INFO : SwitchController : <<<<<<< 's_action_button' active >>>>>>>
2026-04-20 15:04:05,752 : INFO : EventManager : Event: ======'rhythm_lane_pressed'====== Args={'lane': 'center'}
2026-04-20 15:04:05,752 : INFO : EventManager : Event: ======'machine_var_audits_switches_s_action_button'====== Args={'value': 322, 'prev_value': 321, 'change': 1}
2026-04-20 15:04:05,776 : INFO : EventManager : Event: ======'rhythm_note_spawned'====== Args={'note_id': 35, 'lane': 'center', 'travel_ms': 1600, 'hit_time_ms': 15500, 'duration_ms': 0, 'end_time_ms': 15500}
2026-04-20 15:04:05,853 : INFO : SwitchController : <<<<<<< 's_flipper_left' inactive >>>>>>>
2026-04-20 15:04:05,870 : INFO : SwitchController : <<<<<<< 's_action_button' inactive >>>>>>>
2026-04-20 15:04:06,136 : INFO : SwitchController : <<<<<<< 's_action_button' active >>>>>>>
2026-04-20 15:04:06,136 : INFO : EventManager : Event: ======'rhythm_lane_pressed'====== Args={'lane': 'center'}
2026-04-20 15:04:06,136 : INFO : EventManager : Event: ======'player_rhythm_combo'====== Args={'value': 1, 'prev_value': 0, 'change': 1, 'player_num': 1}
2026-04-20 15:04:06,137 : INFO : EventManager : Event: ======'player_rhythm_hits'====== Args={'value': 29, 'prev_value': 28, 'change': 1, 'player_num': 1}
2026-04-20 15:04:06,137 : INFO : EventManager : Event: ======'player_rhythm_mode_score'====== Args={'value': 610000, 'prev_value': 590000, 'change': 20000, 'player_num': 1}
2026-04-20 15:04:06,137 : INFO : EventManager : Event: ======'player_score'====== Args={'value': 610000, 'prev_value': 590000, 'change': 20000, 'player_num': 1}
2026-04-20 15:04:06,138 : INFO : EventManager : Event: ======'rhythm_note_hit'====== Args={'note_id': 32, 'lane': 'center', 'judgment': 'perfect', 'combo': 1, 'multiplier': 1, 'award': 20000, 'delta_ms': 37, 'total_score': 610000, 'is_hold': False}
2026-04-20 15:04:06,138 : INFO : EventManager : Event: ======'machine_var_audits_switches_s_action_button'====== Args={'value': 323, 'prev_value': 322, 'change': 1}
2026-04-20 15:04:06,286 : INFO : SwitchController : <<<<<<< 's_action_button' inactive >>>>>>>
2026-04-20 15:04:06,376 : INFO : EventManager : Event: ======'rhythm_note_spawned'====== Args={'note_id': 36, 'lane': 'left', 'travel_ms': 1600, 'hit_time_ms': 16100, 'duration_ms': 0, 'end_time_ms': 16100}
2026-04-20 15:04:06,376 : INFO : EventManager : Event: ======'rhythm_note_spawned'====== Args={'note_id': 37, 'lane': 'right', 'travel_ms': 1600, 'hit_time_ms': 16100, 'duration_ms': 0, 'end_time_ms': 16100}
2026-04-20 15:04:06,636 : INFO : SwitchController : <<<<<<< 's_flipper_right' active >>>>>>>
2026-04-20 15:04:06,636 : INFO : EventManager : Event: ======'rhythm_lane_pressed'====== Args={'lane': 'right'}
2026-04-20 15:04:06,636 : INFO : EventManager : Event: ======'player_rhythm_combo'====== Args={'value': 2, 'prev_value': 1, 'change': 1, 'player_num': 1}
2026-04-20 15:04:06,637 : INFO : EventManager : Event: ======'player_rhythm_hits'====== Args={'value': 30, 'prev_value': 29, 'change': 1, 'player_num': 1}
2026-04-20 15:04:06,637 : INFO : EventManager : Event: ======'player_rhythm_mode_score'====== Args={'value': 630000, 'prev_value': 610000, 'change': 20000, 'player_num': 1}
2026-04-20 15:04:06,637 : INFO : EventManager : Event: ======'player_score'====== Args={'value': 630000, 'prev_value': 610000, 'change': 20000, 'player_num': 1}
2026-04-20 15:04:06,637 : INFO : EventManager : Event: ======'rhythm_note_hit'====== Args={'note_id': 33, 'lane': 'right', 'judgment': 'perfect', 'combo': 2, 'multiplier': 1, 'award': 20000, 'delta_ms': 63, 'total_score': 630000, 'is_hold': False}
2026-04-20 15:04:06,637 : INFO : EventManager : Event: ======'machine_var_audits_switches_s_flipper_right'====== Args={'value': 326, 'prev_value': 325, 'change': 1}
2026-04-20 15:04:06,769 : INFO : SwitchController : <<<<<<< 's_flipper_right' inactive >>>>>>>
2026-04-20 15:04:07,020 : INFO : SwitchController : <<<<<<< 's_flipper_left' active >>>>>>>
2026-04-20 15:04:07,020 : INFO : EventManager : Event: ======'rhythm_lane_pressed'====== Args={'lane': 'left'}
2026-04-20 15:04:07,020 : INFO : EventManager : Event: ======'rhythm_hold_started'====== Args={'note_id': 34, 'lane': 'left', 'judgment': 'perfect', 'delta_ms': 46, 'duration_ms': 700, 'end_time_ms': 15800, 'remaining_ms': 654}
2026-04-20 15:04:07,020 : INFO : EventManager : Event: ======'machine_var_audits_switches_s_flipper_left'====== Args={'value': 339, 'prev_value': 338, 'change': 1}
2026-04-20 15:04:07,152 : INFO : SwitchController : <<<<<<< 's_flipper_left' inactive >>>>>>>
2026-04-20 15:04:07,153 : INFO : EventManager : Event: ======'player_rhythm_combo'====== Args={'value': 0, 'prev_value': 2, 'change': -2, 'player_num': 1}
2026-04-20 15:04:07,153 : INFO : EventManager : Event: ======'player_rhythm_misses'====== Args={'value': 5, 'prev_value': 4, 'change': 1, 'player_num': 1}
2026-04-20 15:04:07,153 : INFO : EventManager : Event: ======'rhythm_note_missed'====== Args={'note_id': 34, 'lane': 'left', 'total_misses': 5, 'is_hold': True}
2026-04-20 15:04:07,486 : INFO : SwitchController : <<<<<<< 's_action_button' active >>>>>>>
2026-04-20 15:04:07,487 : INFO : EventManager : Event: ======'rhythm_lane_pressed'====== Args={'lane': 'center'}
2026-04-20 15:04:07,487 : INFO : EventManager : Event: ======'player_rhythm_combo'====== Args={'value': 1, 'prev_value': 0, 'change': 1, 'player_num': 1}
2026-04-20 15:04:07,487 : INFO : EventManager : Event: ======'player_rhythm_hits'====== Args={'value': 31, 'prev_value': 30, 'change': 1, 'player_num': 1}
2026-04-20 15:04:07,487 : INFO : EventManager : Event: ======'player_rhythm_mode_score'====== Args={'value': 640000, 'prev_value': 630000, 'change': 10000, 'player_num': 1}
2026-04-20 15:04:07,488 : INFO : EventManager : Event: ======'player_score'====== Args={'value': 640000, 'prev_value': 630000, 'change': 10000, 'player_num': 1}
2026-04-20 15:04:07,488 : INFO : EventManager : Event: ======'rhythm_note_hit'====== Args={'note_id': 35, 'lane': 'center', 'judgment': 'good', 'combo': 1, 'multiplier': 1, 'award': 10000, 'delta_ms': 113, 'total_score': 640000, 'is_hold': False}
2026-04-20 15:04:07,488 : INFO : EventManager : Event: ======'machine_var_audits_switches_s_action_button'====== Args={'value': 324, 'prev_value': 323, 'change': 1}
2026-04-20 15:04:07,670 : INFO : SwitchController : <<<<<<< 's_action_button' inactive >>>>>>>
2026-04-20 15:04:07,885 : INFO : SwitchController : <<<<<<< 's_flipper_left' active >>>>>>>
2026-04-20 15:04:07,886 : INFO : EventManager : Event: ======'rhythm_lane_pressed'====== Args={'lane': 'left'}
2026-04-20 15:04:07,886 : INFO : EventManager : Event: ======'player_rhythm_combo'====== Args={'value': 2, 'prev_value': 1, 'change': 1, 'player_num': 1}
2026-04-20 15:04:07,886 : INFO : EventManager : Event: ======'player_rhythm_hits'====== Args={'value': 32, 'prev_value': 31, 'change': 1, 'player_num': 1}
2026-04-20 15:04:07,887 : INFO : EventManager : Event: ======'player_rhythm_mode_score'====== Args={'value': 660000, 'prev_value': 640000, 'change': 20000, 'player_num': 1}
2026-04-20 15:04:07,887 : INFO : EventManager : Event: ======'player_score'====== Args={'value': 660000, 'prev_value': 640000, 'change': 20000, 'player_num': 1}
2026-04-20 15:04:07,887 : INFO : EventManager : Event: ======'rhythm_note_hit'====== Args={'note_id': 36, 'lane': 'left', 'judgment': 'perfect', 'combo': 2, 'multiplier': 1, 'award': 20000, 'delta_ms': 88, 'total_score': 660000, 'is_hold': False}
2026-04-20 15:04:07,887 : INFO : EventManager : Event: ======'machine_var_audits_switches_s_flipper_left'====== Args={'value': 340, 'prev_value': 339, 'change': 1}
2026-04-20 15:04:08,037 : INFO : SwitchController : <<<<<<< 's_flipper_left' inactive >>>>>>>
2026-04-20 15:04:08,148 : INFO : EventManager : Event: ======'player_rhythm_combo'====== Args={'value': 0, 'prev_value': 2, 'change': -2, 'player_num': 1}
2026-04-20 15:04:08,148 : INFO : EventManager : Event: ======'player_rhythm_misses'====== Args={'value': 6, 'prev_value': 5, 'change': 1, 'player_num': 1}
2026-04-20 15:04:08,148 : INFO : EventManager : Event: ======'rhythm_note_missed'====== Args={'note_id': 37, 'lane': 'right', 'total_misses': 6, 'is_hold': False}
2026-04-20 15:04:08,186 : INFO : SwitchController : <<<<<<< 's_flipper_right' active >>>>>>>
2026-04-20 15:04:08,186 : INFO : EventManager : Event: ======'rhythm_lane_pressed'====== Args={'lane': 'right'}
2026-04-20 15:04:08,186 : INFO : EventManager : Event: ======'machine_var_audits_switches_s_flipper_right'====== Args={'value': 327, 'prev_value': 326, 'change': 1}
2026-04-20 15:04:08,252 : INFO : SwitchController : <<<<<<< 's_flipper_left' active >>>>>>>
2026-04-20 15:04:08,253 : INFO : EventManager : Event: ======'flipper_cancel'====== Args={'triggering_group': 1, 'triggering_switch': 's_flipper_left'}
2026-04-20 15:04:08,253 : INFO : EventManager : Event: ======'rhythm_lane_pressed'====== Args={'lane': 'left'}
2026-04-20 15:04:08,253 : INFO : EventManager : Event: ======'machine_var_audits_switches_s_flipper_left'====== Args={'value': 341, 'prev_value': 340, 'change': 1}
2026-04-20 15:04:08,386 : INFO : SwitchController : <<<<<<< 's_flipper_right' inactive >>>>>>>
2026-04-20 15:04:08,386 : INFO : EventManager : Event: ======'both_flippers_one'====== Args={'triggering_group': 2, 'triggering_switch': 's_flipper_right'}
2026-04-20 15:04:08,396 : INFO : EventManager : Event: ======'player_rhythm_accuracy'====== Args={'value': 84, 'prev_value': 0, 'change': 84, 'player_num': 1}
2026-04-20 15:04:08,396 : INFO : EventManager : Event: ======'rhythm_mode_finished'====== Args={'total_notes': 38, 'hits': 32, 'misses': 6, 'best_combo': 10, 'accuracy': 84, 'total_score': 660000}
2026-04-20 15:04:08,419 : INFO : SwitchController : <<<<<<< 's_flipper_left' inactive >>>>>>>
2026-04-20 15:04:08,419 : INFO : EventManager : Event: ======'both_flippers_inactive'====== Args={'triggering_group': 1, 'triggering_switch': 's_flipper_left'}
2026-04-20 15:04:09,998 : INFO : EventManager : Event: ======'mode_rhythm_will_stop'====== Args={}
2026-04-20 15:04:09,998 : INFO : EventManager : Event: ======'mode_rhythm_stopping'====== Args={}
2026-04-20 15:04:09,999 : INFO : Mode.rhythm : Stopped.
2026-04-20 15:04:09,999 : INFO : EventManager : Event: ======'modes_active_modes_changed'====== Args={}
2026-04-20 15:04:09,999 : INFO : EventManager : Event: ======'mode_rhythm_stopped'====== Args={}
2026-04-20 15:04:09,999 : INFO : EventManager : Event: ======'clear'====== Args={'key': 'rhythm'}
2026-04-20 15:04:10,003 : INFO : EventManager : Event: ======'slide_rhythm_inactive'====== Args={'is_removing': True, '_from_bcp': True}
2026-04-20 15:04:10,003 : INFO : EventManager : Event: ======'slide_base_slide_active'====== Args={'_from_bcp': True}
2026-04-20 15:04:10,006 : INFO : EventManager : Event: ======'slide_rhythm_removed'====== Args={'_from_bcp': True}
2026-04-20 15:04:13,339 : INFO : EventManager : Event: ======'balldevice_bd_trough_ball_eject_failed'====== Args={'target': <ball_device.bd_plunger>, 'balls': 1, 'retry': True, 'num_attempts': 3}
2026-04-20 15:04:13,340 : INFO : ball_device.bd_trough : State: waiting_for_target_ready
2026-04-20 15:04:13,340 : INFO : EventManager : Event: ======'balldevice_bd_trough_ball_eject_attempt'====== Args={'balls': 1, 'target': <ball_device.bd_plunger>, 'source': <ball_device.bd_trough>, 'mechanical_eject': False, 'num_attempts': 3}
2026-04-20 15:04:13,341 : INFO : ball_device.bd_trough : State: ejecting
2026-04-20 15:04:13,341 : INFO : ball_device.bd_trough : Ejecting ball to <ball_device.bd_plunger>
2026-04-20 15:04:13,341 : INFO : EventManager : Event: ======'balldevice_bd_trough_ejecting_ball'====== Args={'balls': 1, 'target': <ball_device.bd_plunger>, 'source': <ball_device.bd_trough>, 'mechanical_eject': False, 'num_attempts': 3}
2026-04-20 15:04:13,341 : INFO : ball_device.bd_trough : Wait for ball to leave device
2026-04-20 15:04:13,341 : INFO : coil.c_trough_eject : Pulsing Driver for 10ms (1.0 pulse_power)
2026-04-20 15:04:18,620 : INFO : Machine : Shutting down...
2026-04-20 15:04:18,620 : INFO : EventManager : Event: ======'shutdown'====== Args={}
2026-04-20 15:04:18,621 : INFO : EventManager : Event: ======'mode_game_will_stop'====== Args={}
2026-04-20 15:04:18,621 : INFO : EventManager : Event: ======'mode_game_stopping'====== Args={}
2026-04-20 15:04:18,622 : INFO : EventManager : Event: ======'mode_bumpers_will_stop'====== Args={}
2026-04-20 15:04:18,622 : INFO : EventManager : Event: ======'mode_bumpers_stopping'====== Args={}
2026-04-20 15:04:18,622 : INFO : EventManager : Event: ======'mode_base_will_stop'====== Args={}
2026-04-20 15:04:18,622 : INFO : EventManager : Event: ======'mode_base_stopping'====== Args={}
2026-04-20 15:04:18,622 : INFO : EventManager : Event: ======'stop_mode_bumpers'====== Args={'priority': 0}
2026-04-20 15:04:18,622 : INFO : Mode.base : Stopped.
2026-04-20 15:04:18,623 : INFO : EventManager : Event: ======'modes_active_modes_changed'====== Args={}
2026-04-20 15:04:18,623 : INFO : EventManager : Event: ======'mode_base_stopped'====== Args={}
2026-04-20 15:04:18,623 : INFO : EventManager : Event: ======'clear'====== Args={'key': 'base'}
2026-04-20 15:04:18,623 : INFO : Mode.bumpers : Stopped.
2026-04-20 15:04:18,623 : INFO : EventManager : Event: ======'modes_active_modes_changed'====== Args={}
2026-04-20 15:04:18,623 : INFO : EventManager : Event: ======'mode_bumpers_stopped'====== Args={}
2026-04-20 15:04:18,623 : INFO : EventManager : Event: ======'clear'====== Args={'key': 'bumpers'}
2026-04-20 15:04:18,624 : INFO : Mode.game : Stopped.
2026-04-20 15:04:18,624 : INFO : EventManager : Event: ======'modes_active_modes_changed'====== Args={}
2026-04-20 15:04:18,624 : INFO : EventManager : Event: ======'mode_game_stopped'====== Args={}
2026-04-20 15:04:18,624 : INFO : EventManager : Event: ======'clear'====== Args={'key': 'game'}
2026-04-20 15:04:18,626 : INFO : root : MPF run loop ended.
