2026-03-25 18:53:06,186 : INFO : root : Loading config.
2026-03-25 18:53:06,241 : INFO : ConfigProcessor : Config spec file cache created: /var/folders/nw/6blj94p12ldcym3fj104vzlm0000gn/T/config_spec.mpf_cache
2026-03-25 18:53:06,241 : INFO : YamlMultifileConfigLoader : Machine config file #1: config.yaml
2026-03-25 18:53:06,242 : WARNING : ConfigProcessor : Config file in cache changed: /Users/willrante/Documents/GitHub/pinball/config/config.yaml
2026-03-25 18:53:06,242 : INFO : ConfigProcessor : Loading config from file /Users/willrante/mpf-env/lib/python3.14/site-packages/mpf/mpfconfig.yaml.
2026-03-25 18:53:06,252 : INFO : ConfigProcessor : Loading config: /Users/willrante/mpf-env/lib/python3.14/site-packages/mpf/mpfconfig.yaml
2026-03-25 18:53:06,253 : INFO : ConfigProcessor : Loading config from file /Users/willrante/Documents/GitHub/pinball/config/config.yaml.
2026-03-25 18:53:06,253 : INFO : ConfigProcessor : Loading config: /Users/willrante/Documents/GitHub/pinball/config/config.yaml
2026-03-25 18:53:06,253 : INFO : ConfigProcessor : Loading config: /Users/willrante/Documents/GitHub/pinball/config/config_ball_devices.yaml
2026-03-25 18:53:06,254 : INFO : ConfigProcessor : Loading config: /Users/willrante/Documents/GitHub/pinball/config/config_coils.yaml
2026-03-25 18:53:06,254 : INFO : ConfigProcessor : Loading config: /Users/willrante/Documents/GitHub/pinball/config/config_switches.yaml
2026-03-25 18:53:06,255 : INFO : ConfigProcessor : Config file cache created: /var/folders/nw/6blj94p12ldcym3fj104vzlm0000gn/T/b334f8a4e2121184f8a617378a4d1625.mpf_cache
2026-03-25 18:53:06,283 : INFO : ConfigProcessor : Loading config from cache: /var/folders/nw/6blj94p12ldcym3fj104vzlm0000gn/T/63da12c4cec82227b4c3859bbf3c7cd4.mpf_cache
2026-03-25 18:53:06,283 : INFO : ConfigProcessor : Loading config from cache: /var/folders/nw/6blj94p12ldcym3fj104vzlm0000gn/T/b8625db2ee8ad38c42d4f1c72235edc8.mpf_cache
2026-03-25 18:53:06,283 : INFO : ConfigProcessor : Loading config from cache: /var/folders/nw/6blj94p12ldcym3fj104vzlm0000gn/T/63da12c4cec82227b4c3859bbf3c7cd4.mpf_cache
2026-03-25 18:53:06,283 : INFO : ConfigProcessor : Loading config from cache: /var/folders/nw/6blj94p12ldcym3fj104vzlm0000gn/T/104947b35f87d581877cdaf02599b463.mpf_cache
2026-03-25 18:53:06,284 : INFO : Machine : Mission Pinball Framework Core Engine v0.80.0.dev13
2026-03-25 18:53:06,284 : INFO : Machine : Command line arguments: {'no_load_cache': False, 'create_config_cache': True, 'bcp': False, 'configfile': ['config.yaml'], 'force_assets_load': False, 'platform_integration_test': False, 'jsonlogging': False, 'logfile': 'logs/2026-03-25-18-53-06-mpf-Wills-MacBook-Pro-M5.local.log', 'pause': False, 'production': False, 'text_ui': False, 'loglevel': 15, 'consoleloglevel': 20, 'force_platform': 'virtual', 'syslog_address': None, 'full_logfile_path': '/Users/willrante/Documents/GitHub/pinball/logs/2026-03-25-18-53-06-mpf-Wills-MacBook-Pro-M5.local.log'}
2026-03-25 18:53:06,284 : INFO : Machine : MPF path: /Users/willrante/mpf-env/lib/python3.14/site-packages/mpf
2026-03-25 18:53:06,284 : INFO : Machine : Machine path: /Users/willrante/Documents/GitHub/pinball
2026-03-25 18:53:06,284 : INFO : Machine : Platform: darwin
2026-03-25 18:53:06,284 : INFO : Machine : Python executable location: /Users/willrante/mpf-env/bin/python3.14
2026-03-25 18:53:06,284 : INFO : Machine : Python version: 3.14.3 (64-bit)
2026-03-25 18:53:06,284 : INFO : Machine : Initializing MPF...
2026-03-25 18:53:06,405 : INFO : EventManager : Event: ======'machine_var_credits_string'====== Args={'value': 'FREE PLAY', 'prev_value': None, 'change': True}
2026-03-25 18:53:06,410 : INFO : EventManager : Event: ======'machine_var_master_volume'====== Args={'value': 0.5, 'prev_value': None, 'change': True}
2026-03-25 18:53:06,410 : INFO : EventManager : Event: ======'machine_var_mpf_version'====== Args={'value': 'Mission Pinball Framework v0.80.0.dev13', 'prev_value': None, 'change': True}
2026-03-25 18:53:06,410 : INFO : EventManager : Event: ======'machine_var_mpf_extended_version'====== Args={'value': 'Mission Pinball Framework v0.80.0.dev13, Config version:6, Show version: 6, BCP version:1.1', 'prev_value': None, 'change': True}
2026-03-25 18:53:06,412 : INFO : EventManager : Event: ======'machine_var_python_version'====== Args={'value': '3.14.3', 'prev_value': None, 'change': True}
2026-03-25 18:53:06,422 : INFO : EventManager : Event: ======'machine_var_platform'====== Args={'value': 'macOS-26.3.1-arm64-arm-64bit-Mach-O', 'prev_value': None, 'change': True}
2026-03-25 18:53:06,422 : INFO : EventManager : Event: ======'machine_var_platform_system'====== Args={'value': 'Darwin', 'prev_value': None, 'change': True}
2026-03-25 18:53:06,422 : INFO : EventManager : Event: ======'machine_var_platform_release'====== Args={'value': '25.3.0', 'prev_value': None, 'change': True}
2026-03-25 18:53:06,422 : INFO : EventManager : Event: ======'machine_var_platform_version'====== Args={'value': 'Darwin Kernel Version 25.3.0: Wed Jan 28 20:54:38 PST 2026; root:xnu-12377.91.3~2/RELEASE_ARM64_T6050', 'prev_value': None, 'change': True}
2026-03-25 18:53:06,422 : INFO : EventManager : Event: ======'machine_var_platform_machine'====== Args={'value': 'arm64', 'prev_value': None, 'change': True}
2026-03-25 18:53:06,422 : INFO : EventManager : Event: ======'machine_var_log_file_path'====== Args={'value': '/Users/willrante/Documents/GitHub/pinball/logs/2026-03-25-18-53-06-mpf-Wills-MacBook-Pro-M5.local.log', 'prev_value': None, 'change': True}
2026-03-25 18:53:06,422 : INFO : EventManager : Event: ======'init_phase_1'====== Args={}
2026-03-25 18:53:06,426 : ERROR : ConfigValidator : Your config contains a value for the setting "switches:s_flipper_left:tag", but this is not a valid setting name.
2026-03-25 18:53:06,426 : ERROR : asyncio : Exception in callback EventManager._async_handler_done()() at /Users/willrante/mpf-env/lib/python3.14/site-packages/mpf/core/events.py:124
handle: <Handle EventManager._async_handler_done()() at /Users/willrante/mpf-env/lib/python3.14/site-packages/mpf/core/events.py:124>
Traceback (most recent call last):
  File "/Library/Frameworks/Python.framework/Versions/3.14/lib/python3.14/asyncio/events.py", line 94, in _run
    self._context.run(self._callback, *self._args)
    ~~~~~~~~~~~~~~~~~^^^^^^^^^^^^^^^^^^^^^^^^^^^^^
  File "/Users/willrante/mpf-env/lib/python3.14/site-packages/mpf/core/events.py", line 127, in _async_handler_done
    future.result()
    ~~~~~~~~~~~~~^^
  File "/Users/willrante/mpf-env/lib/python3.14/site-packages/mpf/core/device_manager.py", line 88, in _load_device_modules
    self.load_devices_config(validate=True)
    ~~~~~~~~~~~~~~~~~~~~~~~~^^^^^^^^^^^^^^^
  File "/Users/willrante/mpf-env/lib/python3.14/site-packages/mpf/core/device_manager.py", line 146, in load_devices_config
    config[device_name] = collection[device_name].validate_and_parse_config(config[device_name], False)
                          ~~~~~~~~~~~~~~~~~~~~~~~~~~~~~~~~~~~~~~~~~~~~~~~~~^^^^^^^^^^^^^^^^^^^^^^^^^^^^
  File "/Users/willrante/mpf-env/lib/python3.14/site-packages/mpf/devices/switch.py", line 89, in validate_and_parse_config
    config = super().validate_and_parse_config(config, is_mode_config, debug_prefix)
  File "/Users/willrante/mpf-env/lib/python3.14/site-packages/mpf/core/device.py", line 108, in validate_and_parse_config
    self.machine.config_validator.validate_config(
    ~~~~~~~~~~~~~~~~~~~~~~~~~~~~~~~~~~~~~~~~~~~~~^
        self.config_section, config, self.name, "device", prefix=debug_prefix)
        ^^^^^^^^^^^^^^^^^^^^^^^^^^^^^^^^^^^^^^^^^^^^^^^^^^^^^^^^^^^^^^^^^^^^^^
  File "/Users/willrante/mpf-env/lib/python3.14/site-packages/mpf/core/config_validator.py", line 164, in validate_config
    return self._validate_config(config_spec, source, base_spec=base_spec, add_missing_keys=add_missing_keys,
           ~~~~~~~~~~~~~~~~~~~~~^^^^^^^^^^^^^^^^^^^^^^^^^^^^^^^^^^^^^^^^^^^^^^^^^^^^^^^^^^^^^^^^^^^^^^^^^^^^^
                                 validation_failure_info=validation_failure_info)
                                 ^^^^^^^^^^^^^^^^^^^^^^^^^^^^^^^^^^^^^^^^^^^^^^^^
  File "/Users/willrante/mpf-env/lib/python3.14/site-packages/mpf/core/config_validator.py", line 177, in _validate_config
    self.check_for_invalid_sections(this_spec, source, validation_failure_info)
    ~~~~~~~~~~~~~~~~~~~~~~~~~~~~~~~^^^^^^^^^^^^^^^^^^^^^^^^^^^^^^^^^^^^^^^^^^^^
  File "/Users/willrante/mpf-env/lib/python3.14/site-packages/mpf/core/config_validator.py", line 345, in check_for_invalid_sections
    raise ConfigFileError('Your config contains a value for the '
                          'setting "' + path_string + '", but this is not a valid '
                                                      'setting name.', 2, self.log.name)
mpf.exceptions.config_file_error.ConfigFileError: Config File Error in ConfigValidator: Your config contains a value for the setting "switches:s_flipper_left:tag", but this is not a valid setting name. Error Code: CFE-ConfigValidator-2 (https://missionpinball.org/latest/logs)
2026-03-25 18:53:06,428 : INFO : Machine : Starting the main run loop with active modes: []
2026-03-25 18:53:06,428 : WARNING : Machine : Attract mode is not active, game will not be playable. Please check your attract mode configuration.
2026-03-25 18:53:06,428 : INFO : Machine : Shutting down...
2026-03-25 18:53:06,428 : INFO : EventManager : Event: ======'shutdown'====== Args={}
2026-03-25 18:53:07,430 : ERROR : Machine : Runtime Exception
Traceback (most recent call last):
  File "/Users/willrante/mpf-env/lib/python3.14/site-packages/mpf/core/machine.py", line 810, in _run_loop
    raise self._exception['exception']
  File "/Library/Frameworks/Python.framework/Versions/3.14/lib/python3.14/asyncio/events.py", line 94, in _run
    self._context.run(self._callback, *self._args)
    ~~~~~~~~~~~~~~~~~^^^^^^^^^^^^^^^^^^^^^^^^^^^^^
  File "/Users/willrante/mpf-env/lib/python3.14/site-packages/mpf/core/events.py", line 127, in _async_handler_done
    future.result()
    ~~~~~~~~~~~~~^^
  File "/Users/willrante/mpf-env/lib/python3.14/site-packages/mpf/core/device_manager.py", line 88, in _load_device_modules
    self.load_devices_config(validate=True)
    ~~~~~~~~~~~~~~~~~~~~~~~~^^^^^^^^^^^^^^^
  File "/Users/willrante/mpf-env/lib/python3.14/site-packages/mpf/core/device_manager.py", line 146, in load_devices_config
    config[device_name] = collection[device_name].validate_and_parse_config(config[device_name], False)
                          ~~~~~~~~~~~~~~~~~~~~~~~~~~~~~~~~~~~~~~~~~~~~~~~~~^^^^^^^^^^^^^^^^^^^^^^^^^^^^
  File "/Users/willrante/mpf-env/lib/python3.14/site-packages/mpf/devices/switch.py", line 89, in validate_and_parse_config
    config = super().validate_and_parse_config(config, is_mode_config, debug_prefix)
  File "/Users/willrante/mpf-env/lib/python3.14/site-packages/mpf/core/device.py", line 108, in validate_and_parse_config
    self.machine.config_validator.validate_config(
    ~~~~~~~~~~~~~~~~~~~~~~~~~~~~~~~~~~~~~~~~~~~~~^
        self.config_section, config, self.name, "device", prefix=debug_prefix)
        ^^^^^^^^^^^^^^^^^^^^^^^^^^^^^^^^^^^^^^^^^^^^^^^^^^^^^^^^^^^^^^^^^^^^^^
  File "/Users/willrante/mpf-env/lib/python3.14/site-packages/mpf/core/config_validator.py", line 164, in validate_config
    return self._validate_config(config_spec, source, base_spec=base_spec, add_missing_keys=add_missing_keys,
           ~~~~~~~~~~~~~~~~~~~~~^^^^^^^^^^^^^^^^^^^^^^^^^^^^^^^^^^^^^^^^^^^^^^^^^^^^^^^^^^^^^^^^^^^^^^^^^^^^^
                                 validation_failure_info=validation_failure_info)
                                 ^^^^^^^^^^^^^^^^^^^^^^^^^^^^^^^^^^^^^^^^^^^^^^^^
  File "/Users/willrante/mpf-env/lib/python3.14/site-packages/mpf/core/config_validator.py", line 177, in _validate_config
    self.check_for_invalid_sections(this_spec, source, validation_failure_info)
    ~~~~~~~~~~~~~~~~~~~~~~~~~~~~~~~^^^^^^^^^^^^^^^^^^^^^^^^^^^^^^^^^^^^^^^^^^^^
  File "/Users/willrante/mpf-env/lib/python3.14/site-packages/mpf/core/config_validator.py", line 345, in check_for_invalid_sections
    raise ConfigFileError('Your config contains a value for the '
                          'setting "' + path_string + '", but this is not a valid '
                                                      'setting name.', 2, self.log.name)
mpf.exceptions.config_file_error.ConfigFileError: Config File Error in ConfigValidator: Your config contains a value for the setting "switches:s_flipper_left:tag", but this is not a valid setting name. Error Code: CFE-ConfigValidator-2 (https://missionpinball.org/latest/logs)
2026-03-25 18:53:07,436 : INFO : root : MPF run loop ended.
