2026-04-20 20:58:57,451 : INFO : root : Loading config.
2026-04-20 20:58:57,498 : INFO : ConfigProcessor : Config spec file cache created: /var/folders/nw/6blj94p12ldcym3fj104vzlm0000gn/T/config_spec.mpf_cache
2026-04-20 20:58:57,498 : INFO : YamlMultifileConfigLoader : Machine config file #1: config.yaml
2026-04-20 20:58:57,498 : INFO : ConfigProcessor : Loading config from cache: /var/folders/nw/6blj94p12ldcym3fj104vzlm0000gn/T/b334f8a4e2121184f8a617378a4d1625.mpf_cache
2026-04-20 20:58:57,524 : INFO : ConfigProcessor : Loading config from cache: /var/folders/nw/6blj94p12ldcym3fj104vzlm0000gn/T/63da12c4cec82227b4c3859bbf3c7cd4.mpf_cache
2026-04-20 20:58:57,524 : INFO : ConfigProcessor : Loading config from cache: /var/folders/nw/6blj94p12ldcym3fj104vzlm0000gn/T/b8625db2ee8ad38c42d4f1c72235edc8.mpf_cache
2026-04-20 20:58:57,524 : INFO : ConfigProcessor : Loading config from cache: /var/folders/nw/6blj94p12ldcym3fj104vzlm0000gn/T/63da12c4cec82227b4c3859bbf3c7cd4.mpf_cache
2026-04-20 20:58:57,524 : INFO : ConfigProcessor : Loading config from cache: /var/folders/nw/6blj94p12ldcym3fj104vzlm0000gn/T/cfdfcb64dba57a34ef9374db95e57645.mpf_cache
2026-04-20 20:58:57,524 : INFO : ConfigProcessor : Loading config from cache: /var/folders/nw/6blj94p12ldcym3fj104vzlm0000gn/T/104947b35f87d581877cdaf02599b463.mpf_cache
2026-04-20 20:58:57,525 : INFO : ConfigProcessor : Loading config from cache: /var/folders/nw/6blj94p12ldcym3fj104vzlm0000gn/T/bc830d47d6fbb336561cc63e74edf2c9.mpf_cache
2026-04-20 20:58:57,525 : INFO : ConfigProcessor : Loading config from cache: /var/folders/nw/6blj94p12ldcym3fj104vzlm0000gn/T/4273c698423283a7843ff5c77ef69dc9.mpf_cache
2026-04-20 20:58:57,525 : INFO : ConfigProcessor : Loading config from cache: /var/folders/nw/6blj94p12ldcym3fj104vzlm0000gn/T/7424f2cce7b15e0b37e570d3514590c8.mpf_cache
2026-04-20 20:58:57,525 : INFO : Machine : Mission Pinball Framework Core Engine v0.80.0.dev13
2026-04-20 20:58:57,525 : INFO : Machine : Command line arguments: {'no_load_cache': False, 'create_config_cache': True, 'bcp': True, 'configfile': ['config.yaml'], 'force_assets_load': False, 'platform_integration_test': False, 'jsonlogging': False, 'logfile': 'logs/2026-04-20-20-58-57-mpf-Wills-MacBook-Pro-M5.local.log', 'pause': False, 'production': False, 'text_ui': False, 'loglevel': 15, 'consoleloglevel': 20, 'force_platform': 'virtual', 'syslog_address': None, 'full_logfile_path': '/Users/willrante/Documents/GitHub/pinball/logs/2026-04-20-20-58-57-mpf-Wills-MacBook-Pro-M5.local.log'}
2026-04-20 20:58:57,525 : INFO : Machine : MPF path: /Users/willrante/mpf-env/lib/python3.14/site-packages/mpf
2026-04-20 20:58:57,525 : INFO : Machine : Machine path: /Users/willrante/Documents/GitHub/pinball
2026-04-20 20:58:57,525 : INFO : Machine : Platform: darwin
2026-04-20 20:58:57,525 : INFO : Machine : Python executable location: /Users/willrante/mpf-env/bin/python3.14
2026-04-20 20:58:57,525 : INFO : Machine : Python version: 3.14.3 (64-bit)
2026-04-20 20:58:57,525 : INFO : Machine : Initializing MPF...
2026-04-20 20:58:57,555 : INFO : EventManager : Event: ======'machine_var_credits_string'====== Args={'value': 'FREE PLAY', 'prev_value': None, 'change': True}
2026-04-20 20:58:57,560 : INFO : EventManager : Event: ======'machine_var_master_volume'====== Args={'value': 0.5, 'prev_value': None, 'change': True}
2026-04-20 20:58:57,560 : INFO : EventManager : Event: ======'machine_var_mpf_version'====== Args={'value': 'Mission Pinball Framework v0.80.0.dev13', 'prev_value': None, 'change': True}
2026-04-20 20:58:57,560 : INFO : EventManager : Event: ======'machine_var_mpf_extended_version'====== Args={'value': 'Mission Pinball Framework v0.80.0.dev13, Config version:6, Show version: 6, BCP version:1.1', 'prev_value': None, 'change': True}
2026-04-20 20:58:57,560 : INFO : EventManager : Event: ======'machine_var_python_version'====== Args={'value': '3.14.3', 'prev_value': None, 'change': True}
2026-04-20 20:58:57,567 : INFO : EventManager : Event: ======'machine_var_platform'====== Args={'value': 'macOS-26.4.1-arm64-arm-64bit-Mach-O', 'prev_value': None, 'change': True}
2026-04-20 20:58:57,567 : INFO : EventManager : Event: ======'machine_var_platform_system'====== Args={'value': 'Darwin', 'prev_value': None, 'change': True}
2026-04-20 20:58:57,567 : INFO : EventManager : Event: ======'machine_var_platform_release'====== Args={'value': '25.4.0', 'prev_value': None, 'change': True}
2026-04-20 20:58:57,567 : INFO : EventManager : Event: ======'machine_var_platform_version'====== Args={'value': 'Darwin Kernel Version 25.4.0: Thu Mar 19 19:33:50 PDT 2026; root:xnu-12377.101.15~1/RELEASE_ARM64_T6050', 'prev_value': None, 'change': True}
2026-04-20 20:58:57,567 : INFO : EventManager : Event: ======'machine_var_platform_machine'====== Args={'value': 'arm64', 'prev_value': None, 'change': True}
2026-04-20 20:58:57,567 : INFO : EventManager : Event: ======'machine_var_log_file_path'====== Args={'value': '/Users/willrante/Documents/GitHub/pinball/logs/2026-04-20-20-58-57-mpf-Wills-MacBook-Pro-M5.local.log', 'prev_value': None, 'change': True}
2026-04-20 20:58:57,567 : INFO : EventManager : Event: ======'init_phase_1'====== Args={}
2026-04-20 20:58:57,576 : INFO : EventManager : Event: ======'init_phase_2'====== Args={}
2026-04-20 20:58:57,576 : INFO : SwitchController : Found active switch: (1007, <Platform.Virtual>) <switch.s_trough_1>
2026-04-20 20:58:57,576 : INFO : SwitchController : Found active switch: (1008, <Platform.Virtual>) <switch.s_trough_2>
2026-04-20 20:58:57,576 : INFO : SwitchController : Found active switch: (1009, <Platform.Virtual>) <switch.s_trough_3>
2026-04-20 20:58:57,577 : INFO : EventManager : Event: ======'bcp_connection_attempt'====== Args={'name': 'local_display', 'host': 'localhost', 'port': 5050}
2026-04-20 20:58:57,577 : INFO : BCPClientSocket : Connecting BCP to 'local_display' at localhost:5050...
2026-04-20 20:58:57,580 : INFO : BCPClientSocket : Connected BCP to 'local_display' localhost:5050
2026-04-20 20:58:57,580 : INFO : EventManager : Event: ======'bcp_clients_connected'====== Args={}
2026-04-20 20:58:57,580 : INFO : ball_device.bd_plunger : BCH: Initial count: 0
2026-04-20 20:58:57,581 : INFO : ball_device.bd_plunger : State: idle
2026-04-20 20:58:57,581 : INFO : ball_device.bd_trough : BCH: Initial count: 3
2026-04-20 20:58:57,581 : INFO : ball_device.bd_trough : State: idle
2026-04-20 20:58:57,585 : INFO : EventManager : Event: ======'init_phase_3'====== Args={}
2026-04-20 20:58:57,586 : INFO : EventManager : Event: ======'init_phase_4'====== Args={}
2026-04-20 20:58:57,586 : INFO : BallController : Initial balls found: 3
2026-04-20 20:58:57,586 : INFO : EventManager : Event: ======'machine_var_audits_events_game_ended'====== Args={'value': 0, 'prev_value': None, 'change': True}
2026-04-20 20:58:57,586 : INFO : EventManager : Event: ======'machine_var_audits_events_game_started'====== Args={'value': 65, 'prev_value': None, 'change': True}
2026-04-20 20:58:57,586 : INFO : EventManager : Event: ======'machine_var_audits_missing_switches_s_bumper_left'====== Args={'value': 1, 'prev_value': None, 'change': True}
2026-04-20 20:58:57,586 : INFO : EventManager : Event: ======'machine_var_audits_missing_switches_s_bumper_right'====== Args={'value': 1, 'prev_value': None, 'change': True}
2026-04-20 20:58:57,586 : INFO : EventManager : Event: ======'machine_var_audits_missing_switches_s_left_lane'====== Args={'value': 1, 'prev_value': None, 'change': True}
2026-04-20 20:58:57,586 : INFO : EventManager : Event: ======'machine_var_audits_missing_switches_s_plunger_lane'====== Args={'value': 65, 'prev_value': None, 'change': True}
2026-04-20 20:58:57,586 : INFO : EventManager : Event: ======'machine_var_audits_missing_switches_s_start'====== Args={'value': 9, 'prev_value': None, 'change': True}
2026-04-20 20:58:57,586 : INFO : EventManager : Event: ======'machine_var_audits_missing_switches_s_trough_1'====== Args={'value': 65, 'prev_value': None, 'change': True}
2026-04-20 20:58:57,586 : INFO : EventManager : Event: ======'machine_var_audits_missing_switches_s_trough_2'====== Args={'value': 65, 'prev_value': None, 'change': True}
2026-04-20 20:58:57,586 : INFO : EventManager : Event: ======'machine_var_audits_missing_switches_s_trough_3'====== Args={'value': 65, 'prev_value': None, 'change': True}
2026-04-20 20:58:57,586 : INFO : EventManager : Event: ======'machine_var_audits_player_score'====== Args={'value': {'average': 0, 'top': [], 'total': 0}, 'prev_value': None, 'change': True}
2026-04-20 20:58:57,586 : INFO : EventManager : Event: ======'machine_var_audits_shots_bumper_left'====== Args={'value': 334, 'prev_value': None, 'change': True}
2026-04-20 20:58:57,586 : INFO : EventManager : Event: ======'machine_var_audits_shots_bumper_right'====== Args={'value': 282, 'prev_value': None, 'change': True}
2026-04-20 20:58:57,586 : INFO : EventManager : Event: ======'machine_var_audits_shots_hurryup'====== Args={'value': 3, 'prev_value': None, 'change': True}
2026-04-20 20:58:57,586 : INFO : EventManager : Event: ======'machine_var_audits_shots_left_lane'====== Args={'value': 54, 'prev_value': None, 'change': True}
2026-04-20 20:58:57,586 : INFO : EventManager : Event: ======'machine_var_audits_switches_s_action_button'====== Args={'value': 550, 'prev_value': None, 'change': True}
2026-04-20 20:58:57,586 : INFO : EventManager : Event: ======'machine_var_audits_switches_s_bumper_left'====== Args={'value': 334, 'prev_value': None, 'change': True}
2026-04-20 20:58:57,586 : INFO : EventManager : Event: ======'machine_var_audits_switches_s_bumper_right'====== Args={'value': 282, 'prev_value': None, 'change': True}
2026-04-20 20:58:57,586 : INFO : EventManager : Event: ======'machine_var_audits_switches_s_flipper_left'====== Args={'value': 942, 'prev_value': None, 'change': True}
2026-04-20 20:58:57,586 : INFO : EventManager : Event: ======'machine_var_audits_switches_s_flipper_right'====== Args={'value': 1268, 'prev_value': None, 'change': True}
2026-04-20 20:58:57,586 : INFO : EventManager : Event: ======'machine_var_audits_switches_s_left_lane'====== Args={'value': 54, 'prev_value': None, 'change': True}
2026-04-20 20:58:57,586 : INFO : EventManager : Event: ======'machine_var_audits_switches_s_plunger_lane'====== Args={'value': 0, 'prev_value': None, 'change': True}
2026-04-20 20:58:57,586 : INFO : EventManager : Event: ======'machine_var_audits_switches_s_start'====== Args={'value': 14, 'prev_value': None, 'change': True}
2026-04-20 20:58:57,586 : INFO : EventManager : Event: ======'machine_var_audits_switches_s_trough_1'====== Args={'value': 0, 'prev_value': None, 'change': True}
2026-04-20 20:58:57,586 : INFO : EventManager : Event: ======'machine_var_audits_switches_s_trough_2'====== Args={'value': 0, 'prev_value': None, 'change': True}
2026-04-20 20:58:57,586 : INFO : EventManager : Event: ======'machine_var_audits_switches_s_trough_3'====== Args={'value': 0, 'prev_value': None, 'change': True}
2026-04-20 20:58:57,587 : INFO : EventManager : Event: ======'init_phase_5'====== Args={}
2026-04-20 20:58:57,587 : INFO : EventManager : Event: ======'init_done'====== Args={}
2026-04-20 20:58:57,587 : INFO : EventManager : Event: ======'machine_reset_phase_1'====== Args={}
2026-04-20 20:58:57,595 : INFO : EventManager : Event: ======'machine_reset_phase_2'====== Args={}
2026-04-20 20:58:57,595 : INFO : EventManager : Event: ======'machine_reset_phase_3'====== Args={}
2026-04-20 20:58:57,595 : INFO : EventManager : Event: ======'reset_complete'====== Args={}
2026-04-20 20:58:57,596 : INFO : EventManager : Event: ======'mode_attract_will_start'====== Args={}
2026-04-20 20:58:57,596 : INFO : Timer.attract_carousel_timer : Starting Timer.
2026-04-20 20:58:57,596 : INFO : EventManager : Event: ======'timer_attract_carousel_timer_started'====== Args={'ticks': 0, 'ticks_remaining': 1}
2026-04-20 20:58:57,596 : INFO : EventManager : Event: ======'timer_attract_carousel_timer_tick'====== Args={'ticks': 0, 'ticks_remaining': 1}
2026-04-20 20:58:57,596 : INFO : EventManager : Event: ======'mode_attract_starting'====== Args={}
2026-04-20 20:58:57,596 : INFO : Mode.attract : Started. Priority: 10
2026-04-20 20:58:57,596 : INFO : EventManager : Event: ======'modes_active_modes_changed'====== Args={}
2026-04-20 20:58:57,596 : INFO : EventManager : Event: ======'mode_attract_started'====== Args={}
2026-04-20 20:58:57,596 : INFO : EventManager : Event: ======'collecting_balls_complete'====== Args={}
2026-04-20 20:58:57,596 : INFO : EventManager : Event: ======'carousel_item_highlighted'====== Args={'carousel': 'attract', 'direction': None, 'item': 'title'}
2026-04-20 20:58:57,596 : INFO : EventManager : Event: ======'timer_attract_carousel_timer_tick'====== Args={'ticks': 0, 'ticks_remaining': 1}
2026-04-20 20:58:57,596 : INFO : Machine : Starting the main run loop with active modes: [<Mode.attract>]
2026-04-20 20:58:57,704 : INFO : EventManager : Event: ======'slide_attract_created'====== Args={'_from_bcp': True}
2026-04-20 20:58:57,704 : INFO : EventManager : Event: ======'slide__removed'====== Args={'_from_bcp': True}
2026-04-20 20:58:57,704 : INFO : EventManager : Event: ======'slide_attract_active'====== Args={'original_context': 'attract', 'original_calling_context': 'mode_attract_started', 'priority': 10.0, 'cmd': 'slides_play', '_from_bcp': True}
2026-04-20 20:58:59,612 : INFO : SwitchController : <<<<<<< 's_start' active >>>>>>>
2026-04-20 20:58:59,711 : INFO : SwitchController : <<<<<<< 's_start' inactive >>>>>>>
2026-04-20 20:58:59,712 : INFO : EventManager : Event: ======'request_to_start_game'====== Args={}
2026-04-20 20:58:59,712 : INFO : EventManager : Event: ======'game_start'====== Args={'buttons': [], 'hold_time': 0.09961729100905359}
2026-04-20 20:58:59,713 : INFO : EventManager : Event: ======'mode_game_will_start'====== Args={'buttons': [], 'hold_time': 0.09961729100905359}
2026-04-20 20:58:59,713 : INFO : EventManager : Event: ======'mode_game_starting'====== Args={'buttons': [], 'hold_time': 0.09961729100905359}
2026-04-20 20:58:59,714 : INFO : EventManager : Event: ======'mode_attract_will_stop'====== Args={}
2026-04-20 20:58:59,714 : INFO : EventManager : Event: ======'mode_attract_stopping'====== Args={}
2026-04-20 20:58:59,714 : INFO : Mode.attract : Stopped.
2026-04-20 20:58:59,714 : INFO : EventManager : Event: ======'modes_active_modes_changed'====== Args={}
2026-04-20 20:58:59,714 : INFO : EventManager : Event: ======'mode_attract_stopped'====== Args={}
2026-04-20 20:58:59,714 : INFO : EventManager : Event: ======'clear'====== Args={'key': 'attract'}
2026-04-20 20:58:59,715 : INFO : Timer.attract_carousel_timer : Stopping Timer
2026-04-20 20:58:59,715 : INFO : EventManager : Event: ======'timer_attract_carousel_timer_stopped'====== Args={'ticks': 0, 'ticks_remaining': 1}
2026-04-20 20:58:59,715 : INFO : Mode.game : Started. Priority: 20
2026-04-20 20:58:59,715 : INFO : EventManager : Event: ======'modes_active_modes_changed'====== Args={}
2026-04-20 20:58:59,715 : INFO : EventManager : Event: ======'mode_game_started'====== Args={'buttons': [], 'hold_time': 0.09961729100905359}
2026-04-20 20:58:59,716 : INFO : EventManager : Event: ======'game_will_start'====== Args={}
2026-04-20 20:58:59,716 : INFO : EventManager : Event: ======'game_starting'====== Args={'game': <Mode.game>}
2026-04-20 20:58:59,717 : INFO : EventManager : Unordered handler for class <Auditor> on event game_ended with priority 1. Handlers: [RegisteredHandler(callback=<bound method Auditor.disable of <Auditor>>, priority=1, kwargs={}, key=UUID('6aa62e02-73de-4a26-8da5-8825df403e7d'), condition=None, blocking_facility=None), RegisteredHandler(callback=<bound method Auditor._save_audits of <Auditor>>, priority=1, kwargs={}, key=UUID('cb227f37-125e-42a1-95a0-9e196866162c'), condition=None, blocking_facility=None)]. The order of those handlers is not defined and they will be executed in random order. This might lead to race conditions and potential bugs.
2026-04-20 20:58:59,717 : INFO : EventManager : Event: ======'player_add_request'====== Args={}
2026-04-20 20:58:59,717 : INFO : EventManager : Event: ======'player_will_add'====== Args={'number': 1}
2026-04-20 20:58:59,717 : INFO : EventManager : Event: ======'player_adding'====== Args={'player': <Player 1>, 'number': 1}
2026-04-20 20:58:59,717 : INFO : EventManager : Event: ======'player_added'====== Args={'player': <Player 1>, 'num': 1}
2026-04-20 20:58:59,717 : INFO : Mode.game : Player added successfully. Total players: 1
2026-04-20 20:58:59,718 : INFO : EventManager : Event: ======'player_index'====== Args={'value': 0, 'prev_value': 0, 'change': 0, 'player_num': 1}
2026-04-20 20:58:59,718 : INFO : EventManager : Event: ======'player_number'====== Args={'value': 1, 'prev_value': 1, 'change': 0, 'player_num': 1}
2026-04-20 20:58:59,718 : INFO : EventManager : Event: ======'player_score'====== Args={'value': 0, 'prev_value': 0, 'change': 0, 'player_num': 1}
2026-04-20 20:58:59,718 : INFO : EventManager : Event: ======'game_started'====== Args={}
2026-04-20 20:58:59,719 : INFO : EventManager : Event: ======'player_turn_will_start'====== Args={'player': <Player 1>, 'number': 1}
2026-04-20 20:58:59,719 : INFO : EventManager : Event: ======'player_turn_starting'====== Args={'player': <Player 1>, 'number': 1}
2026-04-20 20:58:59,719 : INFO : EventManager : Event: ======'player_ball'====== Args={'value': 1, 'prev_value': 0, 'change': 1, 'player_num': 1}
2026-04-20 20:58:59,719 : INFO : EventManager : Event: ======'player_turn_started'====== Args={'player': <Player 1>, 'number': 1}
2026-04-20 20:58:59,723 : INFO : EventManager : Event: ======'ball_will_start'====== Args={'player': 1, 'ball': 1, 'balls_remaining': 2, 'is_extra_ball': False}
2026-04-20 20:58:59,724 : INFO : EventManager : Event: ======'ball_starting'====== Args={'player': 1, 'ball': 1, 'balls_remaining': 2, 'is_extra_ball': False}
2026-04-20 20:58:59,724 : INFO : EventManager : Event: ======'mode_song_select_will_start'====== Args={'queue': <QueuedEvent>, 'player': 1, 'ball': 1, 'balls_remaining': 2, 'is_extra_ball': False}
2026-04-20 20:58:59,724 : INFO : EventManager : Event: ======'mode_song_select_starting'====== Args={'queue': <QueuedEvent>, 'player': 1, 'ball': 1, 'balls_remaining': 2, 'is_extra_ball': False}
2026-04-20 20:58:59,724 : INFO : Mode.song_select : Started. Priority: 1500
2026-04-20 20:58:59,724 : INFO : EventManager : Event: ======'modes_active_modes_changed'====== Args={}
2026-04-20 20:58:59,724 : INFO : EventManager : Event: ======'mode_song_select_started'====== Args={'queue': <QueuedEvent>, 'player': 1, 'ball': 1, 'balls_remaining': 2, 'is_extra_ball': False}
2026-04-20 20:58:59,747 : INFO : EventManager : Event: ======'song_select_show_slide'====== Args={}
2026-04-20 20:58:59,748 : INFO : EventManager : Event: ======'song_select_updated'====== Args={'genre': 'Pick a song!', 'song_title': 'The Psychedelic Furs - Love My Way', 'sound_key': 'The Psychedelic Furs - Love My Way', 'audio_path': 'res://sounds/music/Genres/Psychedelic/The Psychedelic Furs - Love My Way.mp3', 'song_bus': 'music', 'song_start_at': 0.0, 'has_audio': True, 'stage': 'genre', 'genres': ['?', 'Alternative', 'Brit Invasion', 'Disco', 'Doo Wop', 'Folk', 'Folk Rock', 'Funk', 'Glitter:Glam', 'Grunge', 'Hard Rock', 'Heavy Metal', 'Hip Hop', 'New Wave', 'Pop Rock', 'Prog Rock', 'Psychedelic', 'Punk (70s)', 'Punk (80s)', 'R+B', 'Rap', 'Rock-a-Billy', 'Soul', 'Southern Rock'], 'genre_index': 1, 'genre_count': 25, 'selected_genre_index': -1, 'song_index': 6, 'song_count': 7, 'songs_text': '', 'random_selected': True}
2026-04-20 20:58:59,748 : INFO : EventManager : Event: ======'balls_in_play'====== Args={'balls': 1}
2026-04-20 20:58:59,748 : INFO : EventManager : Event: ======'ball_started'====== Args={'player': 1, 'ball': 1, 'balls_remaining': 2, 'is_extra_ball': False}
2026-04-20 20:58:59,749 : INFO : EventManager : Event: ======'single_player_ball_started'====== Args={}
2026-04-20 20:58:59,749 : INFO : EventManager : Event: ======'ball_start_target'====== Args={'target': 'playfield'}
2026-04-20 20:58:59,749 : INFO : EventManager : Event: ======'song_select_show_slide'====== Args={}
2026-04-20 20:58:59,749 : INFO : EventManager : Event: ======'song_select_updated'====== Args={'genre': 'Pick a song!', 'song_title': 'The Psychedelic Furs - Love My Way', 'sound_key': 'The Psychedelic Furs - Love My Way', 'audio_path': 'res://sounds/music/Genres/Psychedelic/The Psychedelic Furs - Love My Way.mp3', 'song_bus': 'music', 'song_start_at': 0.0, 'has_audio': True, 'stage': 'genre', 'genres': ['?', 'Alternative', 'Brit Invasion', 'Disco', 'Doo Wop', 'Folk', 'Folk Rock', 'Funk', 'Glitter:Glam', 'Grunge', 'Hard Rock', 'Heavy Metal', 'Hip Hop', 'New Wave', 'Pop Rock', 'Prog Rock', 'Psychedelic', 'Punk (70s)', 'Punk (80s)', 'R+B', 'Rap', 'Rock-a-Billy', 'Soul', 'Southern Rock'], 'genre_index': 1, 'genre_count': 25, 'selected_genre_index': -1, 'song_index': 6, 'song_count': 7, 'songs_text': '', 'random_selected': True}
2026-04-20 20:58:59,749 : INFO : ball_device.bd_trough : Setting up player-controlled eject. Balls: 1, Target: <playfield.playfield>, player_controlled_eject_event: None
2026-04-20 20:58:59,749 : INFO : ball_device.bd_trough : Adding 1 ball(s) to the eject_queue with target <playfield.playfield>.
2026-04-20 20:58:59,749 : INFO : EventManager : Event: ======'balldevice_balls_available'====== Args={}
2026-04-20 20:58:59,750 : INFO : ball_device.bd_trough : State: waiting_for_target_ready
2026-04-20 20:58:59,750 : INFO : EventManager : Event: ======'balldevice_bd_trough_ball_eject_attempt'====== Args={'balls': 1, 'target': <ball_device.bd_plunger>, 'source': <ball_device.bd_trough>, 'mechanical_eject': False, 'num_attempts': 0}
2026-04-20 20:58:59,750 : INFO : ball_device.bd_plunger : State: waiting_for_ball
2026-04-20 20:58:59,750 : INFO : ball_device.bd_trough : State: ejecting
2026-04-20 20:58:59,750 : INFO : ball_device.bd_trough : Ejecting ball to <ball_device.bd_plunger>
2026-04-20 20:58:59,750 : INFO : EventManager : Event: ======'balldevice_bd_trough_ejecting_ball'====== Args={'balls': 1, 'target': <ball_device.bd_plunger>, 'source': <ball_device.bd_trough>, 'mechanical_eject': False, 'num_attempts': 0}
2026-04-20 20:58:59,750 : INFO : ball_device.bd_trough : Wait for ball to leave device
2026-04-20 20:58:59,750 : INFO : coil.c_trough_eject : Pulsing Driver for 10ms (1.0 pulse_power)
2026-04-20 20:58:59,764 : INFO : EventManager : Event: ======'song_select_show_slide'====== Args={}
2026-04-20 20:58:59,764 : INFO : EventManager : Event: ======'song_select_updated'====== Args={'genre': 'Pick a song!', 'song_title': 'The Psychedelic Furs - Love My Way', 'sound_key': 'The Psychedelic Furs - Love My Way', 'audio_path': 'res://sounds/music/Genres/Psychedelic/The Psychedelic Furs - Love My Way.mp3', 'song_bus': 'music', 'song_start_at': 0.0, 'has_audio': True, 'stage': 'genre', 'genres': ['?', 'Alternative', 'Brit Invasion', 'Disco', 'Doo Wop', 'Folk', 'Folk Rock', 'Funk', 'Glitter:Glam', 'Grunge', 'Hard Rock', 'Heavy Metal', 'Hip Hop', 'New Wave', 'Pop Rock', 'Prog Rock', 'Psychedelic', 'Punk (70s)', 'Punk (80s)', 'R+B', 'Rap', 'Rock-a-Billy', 'Soul', 'Southern Rock'], 'genre_index': 1, 'genre_count': 25, 'selected_genre_index': -1, 'song_index': 6, 'song_count': 7, 'songs_text': '', 'random_selected': True}
2026-04-20 20:58:59,765 : INFO : EventManager : Event: ======'slide_song_select_created'====== Args={'_from_bcp': True}
2026-04-20 20:58:59,765 : INFO : EventManager : Event: ======'slide_attract_inactive'====== Args={'is_removing': True, '_from_bcp': True}
2026-04-20 20:58:59,765 : INFO : EventManager : Event: ======'slide_song_select_active'====== Args={'original_context': 'song_select', 'priority': 1500, '_from_bcp': True}
2026-04-20 20:58:59,765 : INFO : EventManager : Event: ======'slide_attract_removed'====== Args={'_from_bcp': True}
2026-04-20 20:58:59,789 : INFO : EventManager : Event: ======'song_select_show_slide'====== Args={}
2026-04-20 20:58:59,789 : INFO : EventManager : Event: ======'song_select_updated'====== Args={'genre': 'Pick a song!', 'song_title': 'The Psychedelic Furs - Love My Way', 'sound_key': 'The Psychedelic Furs - Love My Way', 'audio_path': 'res://sounds/music/Genres/Psychedelic/The Psychedelic Furs - Love My Way.mp3', 'song_bus': 'music', 'song_start_at': 0.0, 'has_audio': True, 'stage': 'genre', 'genres': ['?', 'Alternative', 'Brit Invasion', 'Disco', 'Doo Wop', 'Folk', 'Folk Rock', 'Funk', 'Glitter:Glam', 'Grunge', 'Hard Rock', 'Heavy Metal', 'Hip Hop', 'New Wave', 'Pop Rock', 'Prog Rock', 'Psychedelic', 'Punk (70s)', 'Punk (80s)', 'R+B', 'Rap', 'Rock-a-Billy', 'Soul', 'Southern Rock'], 'genre_index': 1, 'genre_count': 25, 'selected_genre_index': -1, 'song_index': 6, 'song_count': 7, 'songs_text': '', 'random_selected': True}
2026-04-20 20:58:59,829 : INFO : EventManager : Event: ======'song_select_show_slide'====== Args={}
2026-04-20 20:58:59,829 : INFO : EventManager : Event: ======'song_select_updated'====== Args={'genre': 'Pick a song!', 'song_title': 'The Psychedelic Furs - Love My Way', 'sound_key': 'The Psychedelic Furs - Love My Way', 'audio_path': 'res://sounds/music/Genres/Psychedelic/The Psychedelic Furs - Love My Way.mp3', 'song_bus': 'music', 'song_start_at': 0.0, 'has_audio': True, 'stage': 'genre', 'genres': ['?', 'Alternative', 'Brit Invasion', 'Disco', 'Doo Wop', 'Folk', 'Folk Rock', 'Funk', 'Glitter:Glam', 'Grunge', 'Hard Rock', 'Heavy Metal', 'Hip Hop', 'New Wave', 'Pop Rock', 'Prog Rock', 'Psychedelic', 'Punk (70s)', 'Punk (80s)', 'R+B', 'Rap', 'Rock-a-Billy', 'Soul', 'Southern Rock'], 'genre_index': 1, 'genre_count': 25, 'selected_genre_index': -1, 'song_index': 6, 'song_count': 7, 'songs_text': '', 'random_selected': True}
2026-04-20 20:59:04,978 : INFO : SwitchController : <<<<<<< 's_flipper_right' active >>>>>>>
2026-04-20 20:59:04,978 : INFO : EventManager : Event: ======'song_select_updated'====== Args={'genre': '?', 'song_title': 'Zappa, Captain Beefheart - Her Eyes Are A Blue Million Miles', 'sound_key': 'Zappa, Captain Beefheart - Her Eyes Are A Blue Million Miles', 'audio_path': 'res://sounds/music/Genres/?/Zappa, Captain Beefheart - Her Eyes Are A Blue Million Miles.mp3', 'song_bus': 'music', 'song_start_at': 0.0, 'has_audio': True, 'stage': 'genre', 'genres': ['?', 'Alternative', 'Brit Invasion', 'Disco', 'Doo Wop', 'Folk', 'Folk Rock', 'Funk', 'Glitter:Glam', 'Grunge', 'Hard Rock', 'Heavy Metal', 'Hip Hop', 'New Wave', 'Pop Rock', 'Prog Rock', 'Psychedelic', 'Punk (70s)', 'Punk (80s)', 'R+B', 'Rap', 'Rock-a-Billy', 'Soul', 'Southern Rock'], 'genre_index': 2, 'genre_count': 25, 'selected_genre_index': 0, 'song_index': 4, 'song_count': 4, 'songs_text': 'CAN - Vitamin C\nCaptain Beefheart - Too Much Time\nFrank Zappa - Willie the Pimp\nZappa, Captain Beefheart - Her Eyes Are A Blue Million Miles', 'random_selected': False}
2026-04-20 20:59:04,978 : INFO : EventManager : Event: ======'machine_var_audits_switches_s_flipper_right'====== Args={'value': 1269, 'prev_value': 1268, 'change': 1}
2026-04-20 20:59:05,062 : INFO : SwitchController : <<<<<<< 's_flipper_right' inactive >>>>>>>
2026-04-20 20:59:05,995 : INFO : SwitchController : <<<<<<< 's_flipper_right' active >>>>>>>
2026-04-20 20:59:05,995 : INFO : EventManager : Event: ======'song_select_updated'====== Args={'genre': 'Alternative', 'song_title': 'The Black Keys - Set You Free', 'sound_key': 'The Black Keys - Set You Free', 'audio_path': 'res://sounds/music/Genres/Alternative/The Black Keys - Set You Free.mp3', 'song_bus': 'music', 'song_start_at': 0.0, 'has_audio': True, 'stage': 'genre', 'genres': ['?', 'Alternative', 'Brit Invasion', 'Disco', 'Doo Wop', 'Folk', 'Folk Rock', 'Funk', 'Glitter:Glam', 'Grunge', 'Hard Rock', 'Heavy Metal', 'Hip Hop', 'New Wave', 'Pop Rock', 'Prog Rock', 'Psychedelic', 'Punk (70s)', 'Punk (80s)', 'R+B', 'Rap', 'Rock-a-Billy', 'Soul', 'Southern Rock'], 'genre_index': 3, 'genre_count': 25, 'selected_genre_index': 1, 'song_index': 4, 'song_count': 7, 'songs_text': 'Green Day - Basket Case\nRadiohead - Creep\nRed Hot Chili Peppers - Give It Away\nThe Black Keys - Set You Free\nThe Strokes - Last Nite\nThe Walkmen - The Rat\nThe White Stripes - Fell In Love With a Girl', 'random_selected': False}
2026-04-20 20:59:05,995 : INFO : EventManager : Event: ======'machine_var_audits_switches_s_flipper_right'====== Args={'value': 1270, 'prev_value': 1269, 'change': 1}
2026-04-20 20:59:06,145 : INFO : SwitchController : <<<<<<< 's_flipper_right' inactive >>>>>>>
2026-04-20 20:59:06,678 : INFO : SwitchController : <<<<<<< 's_flipper_right' active >>>>>>>
2026-04-20 20:59:06,679 : INFO : EventManager : Event: ======'song_select_updated'====== Args={'genre': 'Brit Invasion', 'song_title': 'Cream - Sunshine Of Your Love', 'sound_key': 'Cream - Sunshine Of Your Love', 'audio_path': 'res://sounds/music/Genres/Brit Invasion/Cream - Sunshine Of Your Love.mp3', 'song_bus': 'music', 'song_start_at': 0.0, 'has_audio': True, 'stage': 'genre', 'genres': ['?', 'Alternative', 'Brit Invasion', 'Disco', 'Doo Wop', 'Folk', 'Folk Rock', 'Funk', 'Glitter:Glam', 'Grunge', 'Hard Rock', 'Heavy Metal', 'Hip Hop', 'New Wave', 'Pop Rock', 'Prog Rock', 'Psychedelic', 'Punk (70s)', 'Punk (80s)', 'R+B', 'Rap', 'Rock-a-Billy', 'Soul', 'Southern Rock'], 'genre_index': 4, 'genre_count': 25, 'selected_genre_index': 2, 'song_index': 1, 'song_count': 6, 'songs_text': "Cream - Sunshine Of Your Love\nThe Animals Don't Let Me Be Misunderstood\nThe Beatles - I Want To Hold Your Hand\nThe Kinks- You Really Got Me\nThe Rolling Stones - Start Me Up\nThe Yardbirds - For Your Love", 'random_selected': False}
2026-04-20 20:59:06,679 : INFO : EventManager : Event: ======'machine_var_audits_switches_s_flipper_right'====== Args={'value': 1271, 'prev_value': 1270, 'change': 1}
2026-04-20 20:59:06,845 : INFO : SwitchController : <<<<<<< 's_flipper_right' inactive >>>>>>>
2026-04-20 20:59:07,761 : INFO : SwitchController : <<<<<<< 's_flipper_left' active >>>>>>>
2026-04-20 20:59:07,762 : INFO : EventManager : Event: ======'song_select_updated'====== Args={'genre': 'Alternative', 'song_title': 'Red Hot Chili Peppers - Give It Away', 'sound_key': 'Red Hot Chili Peppers - Give It Away', 'audio_path': 'res://sounds/music/Genres/Alternative/Red Hot Chili Peppers - Give It Away.mp3', 'song_bus': 'music', 'song_start_at': 0.0, 'has_audio': True, 'stage': 'genre', 'genres': ['?', 'Alternative', 'Brit Invasion', 'Disco', 'Doo Wop', 'Folk', 'Folk Rock', 'Funk', 'Glitter:Glam', 'Grunge', 'Hard Rock', 'Heavy Metal', 'Hip Hop', 'New Wave', 'Pop Rock', 'Prog Rock', 'Psychedelic', 'Punk (70s)', 'Punk (80s)', 'R+B', 'Rap', 'Rock-a-Billy', 'Soul', 'Southern Rock'], 'genre_index': 3, 'genre_count': 25, 'selected_genre_index': 1, 'song_index': 3, 'song_count': 7, 'songs_text': 'Green Day - Basket Case\nRadiohead - Creep\nRed Hot Chili Peppers - Give It Away\nThe Black Keys - Set You Free\nThe Strokes - Last Nite\nThe Walkmen - The Rat\nThe White Stripes - Fell In Love With a Girl', 'random_selected': False}
2026-04-20 20:59:07,762 : INFO : EventManager : Event: ======'machine_var_audits_switches_s_flipper_left'====== Args={'value': 943, 'prev_value': 942, 'change': 1}
2026-04-20 20:59:07,878 : INFO : SwitchController : <<<<<<< 's_flipper_left' inactive >>>>>>>
2026-04-20 20:59:07,978 : INFO : SwitchController : <<<<<<< 's_flipper_left' active >>>>>>>
2026-04-20 20:59:07,978 : INFO : EventManager : Event: ======'song_select_updated'====== Args={'genre': '?', 'song_title': 'Frank Zappa - Willie the Pimp', 'sound_key': 'Frank Zappa - Willie the Pimp', 'audio_path': 'res://sounds/music/Genres/?/Frank Zappa - Willie the Pimp.mp3', 'song_bus': 'music', 'song_start_at': 0.0, 'has_audio': True, 'stage': 'genre', 'genres': ['?', 'Alternative', 'Brit Invasion', 'Disco', 'Doo Wop', 'Folk', 'Folk Rock', 'Funk', 'Glitter:Glam', 'Grunge', 'Hard Rock', 'Heavy Metal', 'Hip Hop', 'New Wave', 'Pop Rock', 'Prog Rock', 'Psychedelic', 'Punk (70s)', 'Punk (80s)', 'R+B', 'Rap', 'Rock-a-Billy', 'Soul', 'Southern Rock'], 'genre_index': 2, 'genre_count': 25, 'selected_genre_index': 0, 'song_index': 3, 'song_count': 4, 'songs_text': 'CAN - Vitamin C\nCaptain Beefheart - Too Much Time\nFrank Zappa - Willie the Pimp\nZappa, Captain Beefheart - Her Eyes Are A Blue Million Miles', 'random_selected': False}
2026-04-20 20:59:07,979 : INFO : EventManager : Event: ======'machine_var_audits_switches_s_flipper_left'====== Args={'value': 944, 'prev_value': 943, 'change': 1}
2026-04-20 20:59:08,061 : INFO : SwitchController : <<<<<<< 's_flipper_left' inactive >>>>>>>
2026-04-20 20:59:09,695 : INFO : SwitchController : <<<<<<< 's_action_button' active >>>>>>>
2026-04-20 20:59:09,695 : INFO : EventManager : Event: ======'song_select_updated'====== Args={'genre': '?', 'song_title': 'Frank Zappa - Willie the Pimp', 'sound_key': 'Frank Zappa - Willie the Pimp', 'audio_path': 'res://sounds/music/Genres/?/Frank Zappa - Willie the Pimp.mp3', 'song_bus': 'music', 'song_start_at': 0.0, 'has_audio': True, 'stage': 'song', 'genres': ['?', 'Alternative', 'Brit Invasion', 'Disco', 'Doo Wop', 'Folk', 'Folk Rock', 'Funk', 'Glitter:Glam', 'Grunge', 'Hard Rock', 'Heavy Metal', 'Hip Hop', 'New Wave', 'Pop Rock', 'Prog Rock', 'Psychedelic', 'Punk (70s)', 'Punk (80s)', 'R+B', 'Rap', 'Rock-a-Billy', 'Soul', 'Southern Rock'], 'genre_index': 1, 'genre_count': 24, 'selected_genre_index': 0, 'song_index': 3, 'song_count': 4, 'songs_text': 'CAN - Vitamin C\nCaptain Beefheart - Too Much Time\nFrank Zappa - Willie the Pimp\nZappa, Captain Beefheart - Her Eyes Are A Blue Million Miles', 'random_selected': False}
2026-04-20 20:59:09,695 : INFO : EventManager : Event: ======'machine_var_audits_switches_s_action_button'====== Args={'value': 551, 'prev_value': 550, 'change': 1}
2026-04-20 20:59:09,751 : INFO : EventManager : Event: ======'balldevice_bd_trough_ball_eject_failed'====== Args={'target': <ball_device.bd_plunger>, 'balls': 1, 'retry': True, 'num_attempts': 1}
2026-04-20 20:59:09,752 : INFO : ball_device.bd_trough : State: waiting_for_target_ready
2026-04-20 20:59:09,752 : INFO : EventManager : Event: ======'balldevice_bd_trough_ball_eject_attempt'====== Args={'balls': 1, 'target': <ball_device.bd_plunger>, 'source': <ball_device.bd_trough>, 'mechanical_eject': False, 'num_attempts': 1}
2026-04-20 20:59:09,753 : INFO : ball_device.bd_trough : State: ejecting
2026-04-20 20:59:09,753 : INFO : ball_device.bd_trough : Ejecting ball to <ball_device.bd_plunger>
2026-04-20 20:59:09,753 : INFO : EventManager : Event: ======'balldevice_bd_trough_ejecting_ball'====== Args={'balls': 1, 'target': <ball_device.bd_plunger>, 'source': <ball_device.bd_trough>, 'mechanical_eject': False, 'num_attempts': 1}
2026-04-20 20:59:09,753 : INFO : ball_device.bd_trough : Wait for ball to leave device
2026-04-20 20:59:09,754 : INFO : coil.c_trough_eject : Pulsing Driver for 10ms (1.0 pulse_power)
2026-04-20 20:59:09,828 : INFO : SwitchController : <<<<<<< 's_action_button' inactive >>>>>>>
2026-04-20 20:59:10,745 : INFO : SwitchController : <<<<<<< 's_flipper_left' active >>>>>>>
2026-04-20 20:59:10,746 : INFO : EventManager : Event: ======'song_select_updated'====== Args={'genre': '?', 'song_title': 'Captain Beefheart - Too Much Time', 'sound_key': 'Captain Beefheart - Too Much Time', 'audio_path': 'res://sounds/music/Genres/?/Captain Beefheart - Too Much Time.mp3', 'song_bus': 'music', 'song_start_at': 0.0, 'has_audio': True, 'stage': 'song', 'genres': ['?', 'Alternative', 'Brit Invasion', 'Disco', 'Doo Wop', 'Folk', 'Folk Rock', 'Funk', 'Glitter:Glam', 'Grunge', 'Hard Rock', 'Heavy Metal', 'Hip Hop', 'New Wave', 'Pop Rock', 'Prog Rock', 'Psychedelic', 'Punk (70s)', 'Punk (80s)', 'R+B', 'Rap', 'Rock-a-Billy', 'Soul', 'Southern Rock'], 'genre_index': 1, 'genre_count': 24, 'selected_genre_index': 0, 'song_index': 2, 'song_count': 4, 'songs_text': 'CAN - Vitamin C\nCaptain Beefheart - Too Much Time\nFrank Zappa - Willie the Pimp\nZappa, Captain Beefheart - Her Eyes Are A Blue Million Miles', 'random_selected': False}
2026-04-20 20:59:10,746 : INFO : EventManager : Event: ======'machine_var_audits_switches_s_flipper_left'====== Args={'value': 945, 'prev_value': 944, 'change': 1}
2026-04-20 20:59:10,878 : INFO : SwitchController : <<<<<<< 's_flipper_left' inactive >>>>>>>
2026-04-20 20:59:11,295 : INFO : SwitchController : <<<<<<< 's_flipper_left' active >>>>>>>
2026-04-20 20:59:11,295 : INFO : EventManager : Event: ======'song_select_updated'====== Args={'genre': '?', 'song_title': 'CAN - Vitamin C', 'sound_key': 'CAN - Vitamin C', 'audio_path': 'res://sounds/music/Genres/?/CAN - Vitamin C.mp3', 'song_bus': 'music', 'song_start_at': 0.0, 'has_audio': True, 'stage': 'song', 'genres': ['?', 'Alternative', 'Brit Invasion', 'Disco', 'Doo Wop', 'Folk', 'Folk Rock', 'Funk', 'Glitter:Glam', 'Grunge', 'Hard Rock', 'Heavy Metal', 'Hip Hop', 'New Wave', 'Pop Rock', 'Prog Rock', 'Psychedelic', 'Punk (70s)', 'Punk (80s)', 'R+B', 'Rap', 'Rock-a-Billy', 'Soul', 'Southern Rock'], 'genre_index': 1, 'genre_count': 24, 'selected_genre_index': 0, 'song_index': 1, 'song_count': 4, 'songs_text': 'CAN - Vitamin C\nCaptain Beefheart - Too Much Time\nFrank Zappa - Willie the Pimp\nZappa, Captain Beefheart - Her Eyes Are A Blue Million Miles', 'random_selected': False}
2026-04-20 20:59:11,296 : INFO : EventManager : Event: ======'machine_var_audits_switches_s_flipper_left'====== Args={'value': 946, 'prev_value': 945, 'change': 1}
2026-04-20 20:59:11,428 : INFO : SwitchController : <<<<<<< 's_flipper_left' inactive >>>>>>>
2026-04-20 20:59:11,745 : INFO : SwitchController : <<<<<<< 's_flipper_right' active >>>>>>>
2026-04-20 20:59:11,745 : INFO : EventManager : Event: ======'song_select_updated'====== Args={'genre': '?', 'song_title': 'Captain Beefheart - Too Much Time', 'sound_key': 'Captain Beefheart - Too Much Time', 'audio_path': 'res://sounds/music/Genres/?/Captain Beefheart - Too Much Time.mp3', 'song_bus': 'music', 'song_start_at': 0.0, 'has_audio': True, 'stage': 'song', 'genres': ['?', 'Alternative', 'Brit Invasion', 'Disco', 'Doo Wop', 'Folk', 'Folk Rock', 'Funk', 'Glitter:Glam', 'Grunge', 'Hard Rock', 'Heavy Metal', 'Hip Hop', 'New Wave', 'Pop Rock', 'Prog Rock', 'Psychedelic', 'Punk (70s)', 'Punk (80s)', 'R+B', 'Rap', 'Rock-a-Billy', 'Soul', 'Southern Rock'], 'genre_index': 1, 'genre_count': 24, 'selected_genre_index': 0, 'song_index': 2, 'song_count': 4, 'songs_text': 'CAN - Vitamin C\nCaptain Beefheart - Too Much Time\nFrank Zappa - Willie the Pimp\nZappa, Captain Beefheart - Her Eyes Are A Blue Million Miles', 'random_selected': False}
2026-04-20 20:59:11,746 : INFO : EventManager : Event: ======'machine_var_audits_switches_s_flipper_right'====== Args={'value': 1272, 'prev_value': 1271, 'change': 1}
2026-04-20 20:59:11,895 : INFO : SwitchController : <<<<<<< 's_flipper_right' inactive >>>>>>>
2026-04-20 20:59:12,095 : INFO : SwitchController : <<<<<<< 's_flipper_right' active >>>>>>>
2026-04-20 20:59:12,096 : INFO : EventManager : Event: ======'song_select_updated'====== Args={'genre': '?', 'song_title': 'Frank Zappa - Willie the Pimp', 'sound_key': 'Frank Zappa - Willie the Pimp', 'audio_path': 'res://sounds/music/Genres/?/Frank Zappa - Willie the Pimp.mp3', 'song_bus': 'music', 'song_start_at': 0.0, 'has_audio': True, 'stage': 'song', 'genres': ['?', 'Alternative', 'Brit Invasion', 'Disco', 'Doo Wop', 'Folk', 'Folk Rock', 'Funk', 'Glitter:Glam', 'Grunge', 'Hard Rock', 'Heavy Metal', 'Hip Hop', 'New Wave', 'Pop Rock', 'Prog Rock', 'Psychedelic', 'Punk (70s)', 'Punk (80s)', 'R+B', 'Rap', 'Rock-a-Billy', 'Soul', 'Southern Rock'], 'genre_index': 1, 'genre_count': 24, 'selected_genre_index': 0, 'song_index': 3, 'song_count': 4, 'songs_text': 'CAN - Vitamin C\nCaptain Beefheart - Too Much Time\nFrank Zappa - Willie the Pimp\nZappa, Captain Beefheart - Her Eyes Are A Blue Million Miles', 'random_selected': False}
2026-04-20 20:59:12,096 : INFO : EventManager : Event: ======'machine_var_audits_switches_s_flipper_right'====== Args={'value': 1273, 'prev_value': 1272, 'change': 1}
2026-04-20 20:59:12,177 : INFO : SwitchController : <<<<<<< 's_flipper_right' inactive >>>>>>>
2026-04-20 20:59:12,478 : INFO : SwitchController : <<<<<<< 's_flipper_right' active >>>>>>>
2026-04-20 20:59:12,478 : INFO : EventManager : Event: ======'song_select_updated'====== Args={'genre': '?', 'song_title': 'Zappa, Captain Beefheart - Her Eyes Are A Blue Million Miles', 'sound_key': 'Zappa, Captain Beefheart - Her Eyes Are A Blue Million Miles', 'audio_path': 'res://sounds/music/Genres/?/Zappa, Captain Beefheart - Her Eyes Are A Blue Million Miles.mp3', 'song_bus': 'music', 'song_start_at': 0.0, 'has_audio': True, 'stage': 'song', 'genres': ['?', 'Alternative', 'Brit Invasion', 'Disco', 'Doo Wop', 'Folk', 'Folk Rock', 'Funk', 'Glitter:Glam', 'Grunge', 'Hard Rock', 'Heavy Metal', 'Hip Hop', 'New Wave', 'Pop Rock', 'Prog Rock', 'Psychedelic', 'Punk (70s)', 'Punk (80s)', 'R+B', 'Rap', 'Rock-a-Billy', 'Soul', 'Southern Rock'], 'genre_index': 1, 'genre_count': 24, 'selected_genre_index': 0, 'song_index': 4, 'song_count': 4, 'songs_text': 'CAN - Vitamin C\nCaptain Beefheart - Too Much Time\nFrank Zappa - Willie the Pimp\nZappa, Captain Beefheart - Her Eyes Are A Blue Million Miles', 'random_selected': False}
2026-04-20 20:59:12,478 : INFO : EventManager : Event: ======'machine_var_audits_switches_s_flipper_right'====== Args={'value': 1274, 'prev_value': 1273, 'change': 1}
2026-04-20 20:59:12,611 : INFO : SwitchController : <<<<<<< 's_flipper_right' inactive >>>>>>>
2026-04-20 20:59:13,028 : INFO : SwitchController : <<<<<<< 's_flipper_left' active >>>>>>>
2026-04-20 20:59:13,028 : INFO : EventManager : Event: ======'song_select_updated'====== Args={'genre': '?', 'song_title': 'Frank Zappa - Willie the Pimp', 'sound_key': 'Frank Zappa - Willie the Pimp', 'audio_path': 'res://sounds/music/Genres/?/Frank Zappa - Willie the Pimp.mp3', 'song_bus': 'music', 'song_start_at': 0.0, 'has_audio': True, 'stage': 'song', 'genres': ['?', 'Alternative', 'Brit Invasion', 'Disco', 'Doo Wop', 'Folk', 'Folk Rock', 'Funk', 'Glitter:Glam', 'Grunge', 'Hard Rock', 'Heavy Metal', 'Hip Hop', 'New Wave', 'Pop Rock', 'Prog Rock', 'Psychedelic', 'Punk (70s)', 'Punk (80s)', 'R+B', 'Rap', 'Rock-a-Billy', 'Soul', 'Southern Rock'], 'genre_index': 1, 'genre_count': 24, 'selected_genre_index': 0, 'song_index': 3, 'song_count': 4, 'songs_text': 'CAN - Vitamin C\nCaptain Beefheart - Too Much Time\nFrank Zappa - Willie the Pimp\nZappa, Captain Beefheart - Her Eyes Are A Blue Million Miles', 'random_selected': False}
2026-04-20 20:59:13,028 : INFO : EventManager : Event: ======'machine_var_audits_switches_s_flipper_left'====== Args={'value': 947, 'prev_value': 946, 'change': 1}
2026-04-20 20:59:13,161 : INFO : SwitchController : <<<<<<< 's_flipper_left' inactive >>>>>>>
2026-04-20 20:59:13,678 : INFO : SwitchController : <<<<<<< 's_action_button' active >>>>>>>
2026-04-20 20:59:13,679 : INFO : EventManager : Event: ======'player_selected_song_genre'====== Args={'value': '?', 'prev_value': 0, 'change': True, 'player_num': 1}
2026-04-20 20:59:13,679 : INFO : EventManager : Event: ======'player_selected_song_title'====== Args={'value': 'Frank Zappa - Willie the Pimp', 'prev_value': 0, 'change': True, 'player_num': 1}
2026-04-20 20:59:13,679 : INFO : EventManager : Event: ======'player_selected_song_key'====== Args={'value': 'Frank Zappa - Willie the Pimp', 'prev_value': 0, 'change': True, 'player_num': 1}
2026-04-20 20:59:13,680 : INFO : EventManager : Event: ======'player_selected_song_path'====== Args={'value': 'res://sounds/music/Genres/?/Frank Zappa - Willie the Pimp.mp3', 'prev_value': 0, 'change': True, 'player_num': 1}
2026-04-20 20:59:13,680 : INFO : EventManager : Event: ======'player_selected_song_bus'====== Args={'value': 'music', 'prev_value': 0, 'change': True, 'player_num': 1}
2026-04-20 20:59:13,680 : INFO : EventManager : Event: ======'player_selected_song_start_at'====== Args={'value': 0.0, 'prev_value': 0, 'change': 0.0, 'player_num': 1}
2026-04-20 20:59:13,680 : INFO : EventManager : Event: ======'player_selected_song_resume_at'====== Args={'value': 0.0, 'prev_value': 0, 'change': 0.0, 'player_num': 1}
2026-04-20 20:59:13,681 : INFO : EventManager : Event: ======'song_select_confirmed'====== Args={'genre': '?', 'song_title': 'Frank Zappa - Willie the Pimp', 'sound_key': 'Frank Zappa - Willie the Pimp', 'audio_path': 'res://sounds/music/Genres/?/Frank Zappa - Willie the Pimp.mp3', 'song_bus': 'music', 'song_start_at': 0.0, 'has_audio': True}
2026-04-20 20:59:13,681 : INFO : EventManager : Event: ======'machine_var_audits_switches_s_action_button'====== Args={'value': 552, 'prev_value': 551, 'change': 1}
2026-04-20 20:59:13,728 : INFO : SwitchController : <<<<<<< 's_action_button' inactive >>>>>>>
2026-04-20 20:59:13,932 : INFO : EventManager : Event: ======'song_select_complete'====== Args={}
2026-04-20 20:59:13,932 : INFO : EventManager : Event: ======'mode_song_select_will_stop'====== Args={}
2026-04-20 20:59:13,932 : INFO : EventManager : Event: ======'mode_song_select_stopping'====== Args={}
2026-04-20 20:59:13,932 : INFO : EventManager : Event: ======'mode_base_will_start'====== Args={}
2026-04-20 20:59:13,933 : INFO : EventManager : Event: ======'player_shot_left_lane_enabled'====== Args={'value': True, 'prev_value': 0, 'change': 1, 'player_num': 1}
2026-04-20 20:59:13,934 : INFO : EventManager : Event: ======'mode_base_starting'====== Args={}
2026-04-20 20:59:13,935 : INFO : Mode.base : Started. Priority: 100
2026-04-20 20:59:13,935 : INFO : EventManager : Event: ======'modes_active_modes_changed'====== Args={}
2026-04-20 20:59:13,935 : INFO : EventManager : Event: ======'mode_base_started'====== Args={}
2026-04-20 20:59:13,935 : INFO : EventManager : Event: ======'start_mode_bumpers'====== Args={'priority': 0}
2026-04-20 20:59:13,936 : INFO : EventManager : Event: ======'mode_bumpers_will_start'====== Args={'priority': 0}
2026-04-20 20:59:13,936 : INFO : EventManager : Event: ======'player_shot_bumper_left_enabled'====== Args={'value': True, 'prev_value': 0, 'change': 1, 'player_num': 1}
2026-04-20 20:59:13,936 : INFO : EventManager : Event: ======'player_shot_bumper_right_enabled'====== Args={'value': True, 'prev_value': 0, 'change': 1, 'player_num': 1}
2026-04-20 20:59:13,937 : INFO : EventManager : Event: ======'bumpers_complete'====== Args={'state': 'unlit'}
2026-04-20 20:59:13,937 : INFO : EventManager : Event: ======'bumpers_unlit_complete'====== Args={}
2026-04-20 20:59:13,937 : INFO : EventManager : Event: ======'mode_bumpers_starting'====== Args={'priority': 0}
2026-04-20 20:59:13,938 : INFO : Mode.bumpers : Started. Priority: 200
2026-04-20 20:59:13,938 : INFO : EventManager : Event: ======'modes_active_modes_changed'====== Args={}
2026-04-20 20:59:13,938 : INFO : EventManager : Event: ======'mode_bumpers_started'====== Args={'priority': 0}
2026-04-20 20:59:13,938 : INFO : Mode.song_select : Stopped.
2026-04-20 20:59:13,938 : INFO : EventManager : Event: ======'modes_active_modes_changed'====== Args={}
2026-04-20 20:59:13,938 : INFO : EventManager : Event: ======'mode_song_select_stopped'====== Args={}
2026-04-20 20:59:13,938 : INFO : EventManager : Event: ======'clear'====== Args={'key': 'song_select'}
2026-04-20 20:59:13,980 : INFO : EventManager : Event: ======'slide_base_slide_created'====== Args={'_from_bcp': True}
2026-04-20 20:59:13,980 : INFO : EventManager : Event: ======'slide_song_select_inactive'====== Args={'is_removing': True, '_from_bcp': True}
2026-04-20 20:59:13,981 : INFO : EventManager : Event: ======'slide_base_slide_active'====== Args={'original_context': 'base', 'original_calling_context': 'mode_base_started', 'priority': 100.0, 'cmd': 'slides_play', '_from_bcp': True}
2026-04-20 20:59:13,981 : INFO : EventManager : Event: ======'slide_song_select_removed'====== Args={'_from_bcp': True}
2026-04-20 20:59:14,211 : INFO : SwitchController : <<<<<<< 's_flipper_right' active >>>>>>>
2026-04-20 20:59:14,212 : INFO : EventManager : Event: ======'machine_var_audits_switches_s_flipper_right'====== Args={'value': 1275, 'prev_value': 1274, 'change': 1}
2026-04-20 20:59:14,328 : INFO : SwitchController : <<<<<<< 's_flipper_right' inactive >>>>>>>
2026-04-20 20:59:15,412 : INFO : SwitchController : <<<<<<< 's_flipper_left' active >>>>>>>
2026-04-20 20:59:15,412 : INFO : EventManager : Event: ======'machine_var_audits_switches_s_flipper_left'====== Args={'value': 948, 'prev_value': 947, 'change': 1}
2026-04-20 20:59:15,579 : INFO : SwitchController : <<<<<<< 's_flipper_left' inactive >>>>>>>
2026-04-20 20:59:16,416 : INFO : SwitchController : <<<<<<< 's_flipper_right' active >>>>>>>
2026-04-20 20:59:16,416 : INFO : EventManager : Event: ======'machine_var_audits_switches_s_flipper_right'====== Args={'value': 1276, 'prev_value': 1275, 'change': 1}
2026-04-20 20:59:16,595 : INFO : SwitchController : <<<<<<< 's_flipper_right' inactive >>>>>>>
2026-04-20 20:59:16,645 : INFO : SwitchController : <<<<<<< 's_action_button' active >>>>>>>
2026-04-20 20:59:16,646 : INFO : EventManager : Event: ======'machine_var_audits_switches_s_action_button'====== Args={'value': 553, 'prev_value': 552, 'change': 1}
2026-04-20 20:59:16,729 : INFO : SwitchController : <<<<<<< 's_action_button' inactive >>>>>>>
2026-04-20 20:59:16,879 : INFO : SwitchController : <<<<<<< 's_flipper_left' active >>>>>>>
2026-04-20 20:59:16,879 : INFO : EventManager : Event: ======'machine_var_audits_switches_s_flipper_left'====== Args={'value': 949, 'prev_value': 948, 'change': 1}
2026-04-20 20:59:16,979 : INFO : SwitchController : <<<<<<< 's_flipper_left' inactive >>>>>>>
2026-04-20 20:59:19,755 : INFO : EventManager : Event: ======'balldevice_bd_trough_ball_eject_failed'====== Args={'target': <ball_device.bd_plunger>, 'balls': 1, 'retry': True, 'num_attempts': 2}
2026-04-20 20:59:19,756 : INFO : ball_device.bd_trough : State: waiting_for_target_ready
2026-04-20 20:59:19,756 : INFO : EventManager : Event: ======'balldevice_bd_trough_ball_eject_attempt'====== Args={'balls': 1, 'target': <ball_device.bd_plunger>, 'source': <ball_device.bd_trough>, 'mechanical_eject': False, 'num_attempts': 2}
2026-04-20 20:59:19,756 : INFO : ball_device.bd_trough : State: ejecting
2026-04-20 20:59:19,757 : INFO : ball_device.bd_trough : Ejecting ball to <ball_device.bd_plunger>
2026-04-20 20:59:19,757 : INFO : EventManager : Event: ======'balldevice_bd_trough_ejecting_ball'====== Args={'balls': 1, 'target': <ball_device.bd_plunger>, 'source': <ball_device.bd_trough>, 'mechanical_eject': False, 'num_attempts': 2}
2026-04-20 20:59:19,757 : INFO : ball_device.bd_trough : Wait for ball to leave device
2026-04-20 20:59:19,757 : INFO : coil.c_trough_eject : Pulsing Driver for 10ms (1.0 pulse_power)
2026-04-20 20:59:21,501 : INFO : Machine : Shutting down...
2026-04-20 20:59:21,502 : INFO : EventManager : Event: ======'shutdown'====== Args={}
2026-04-20 20:59:21,502 : INFO : EventManager : Event: ======'mode_game_will_stop'====== Args={}
2026-04-20 20:59:21,503 : INFO : EventManager : Event: ======'mode_game_stopping'====== Args={}
2026-04-20 20:59:21,503 : INFO : EventManager : Event: ======'mode_base_will_stop'====== Args={}
2026-04-20 20:59:21,503 : INFO : EventManager : Event: ======'mode_base_stopping'====== Args={}
2026-04-20 20:59:21,503 : INFO : EventManager : Event: ======'mode_bumpers_will_stop'====== Args={}
2026-04-20 20:59:21,503 : INFO : EventManager : Event: ======'mode_bumpers_stopping'====== Args={}
2026-04-20 20:59:21,503 : INFO : EventManager : Event: ======'stop_mode_bumpers'====== Args={'priority': 0}
2026-04-20 20:59:21,504 : INFO : Mode.bumpers : Stopped.
2026-04-20 20:59:21,504 : INFO : EventManager : Event: ======'modes_active_modes_changed'====== Args={}
2026-04-20 20:59:21,504 : INFO : EventManager : Event: ======'mode_bumpers_stopped'====== Args={}
2026-04-20 20:59:21,504 : INFO : EventManager : Event: ======'clear'====== Args={'key': 'bumpers'}
2026-04-20 20:59:21,504 : INFO : Mode.base : Stopped.
2026-04-20 20:59:21,504 : INFO : EventManager : Event: ======'modes_active_modes_changed'====== Args={}
2026-04-20 20:59:21,504 : INFO : EventManager : Event: ======'mode_base_stopped'====== Args={}
2026-04-20 20:59:21,504 : INFO : EventManager : Event: ======'clear'====== Args={'key': 'base'}
2026-04-20 20:59:21,505 : INFO : Mode.game : Stopped.
2026-04-20 20:59:21,505 : INFO : EventManager : Event: ======'modes_active_modes_changed'====== Args={}
2026-04-20 20:59:21,505 : INFO : EventManager : Event: ======'mode_game_stopped'====== Args={}
2026-04-20 20:59:21,505 : INFO : EventManager : Event: ======'clear'====== Args={'key': 'game'}
2026-04-20 20:59:21,507 : INFO : root : MPF run loop ended.
