2026-04-20 20:15:27,610 : INFO : root : Loading config.
2026-04-20 20:15:27,657 : INFO : ConfigProcessor : Config spec file cache created: /var/folders/nw/6blj94p12ldcym3fj104vzlm0000gn/T/config_spec.mpf_cache
2026-04-20 20:15:27,657 : INFO : YamlMultifileConfigLoader : Machine config file #1: config.yaml
2026-04-20 20:15:27,657 : INFO : ConfigProcessor : Loading config from cache: /var/folders/nw/6blj94p12ldcym3fj104vzlm0000gn/T/b334f8a4e2121184f8a617378a4d1625.mpf_cache
2026-04-20 20:15:27,681 : INFO : ConfigProcessor : Loading config from cache: /var/folders/nw/6blj94p12ldcym3fj104vzlm0000gn/T/63da12c4cec82227b4c3859bbf3c7cd4.mpf_cache
2026-04-20 20:15:27,681 : INFO : ConfigProcessor : Loading config from cache: /var/folders/nw/6blj94p12ldcym3fj104vzlm0000gn/T/b8625db2ee8ad38c42d4f1c72235edc8.mpf_cache
2026-04-20 20:15:27,681 : INFO : ConfigProcessor : Loading config from cache: /var/folders/nw/6blj94p12ldcym3fj104vzlm0000gn/T/63da12c4cec82227b4c3859bbf3c7cd4.mpf_cache
2026-04-20 20:15:27,682 : WARNING : ConfigProcessor : Config file in cache changed: /Users/willrante/Documents/GitHub/pinball/modes/song_select/config/song_select.yaml
2026-04-20 20:15:27,682 : INFO : ConfigProcessor : Loading config from file /Users/willrante/Documents/GitHub/pinball/modes/song_select/config/song_select.yaml.
2026-04-20 20:15:27,682 : INFO : ConfigProcessor : Loading config: /Users/willrante/Documents/GitHub/pinball/modes/song_select/config/song_select.yaml
2026-04-20 20:15:27,683 : INFO : ConfigProcessor : Config file cache created: /var/folders/nw/6blj94p12ldcym3fj104vzlm0000gn/T/cfdfcb64dba57a34ef9374db95e57645.mpf_cache
2026-04-20 20:15:27,683 : INFO : ConfigProcessor : Loading config from cache: /var/folders/nw/6blj94p12ldcym3fj104vzlm0000gn/T/104947b35f87d581877cdaf02599b463.mpf_cache
2026-04-20 20:15:27,683 : INFO : ConfigProcessor : Loading config from cache: /var/folders/nw/6blj94p12ldcym3fj104vzlm0000gn/T/bc830d47d6fbb336561cc63e74edf2c9.mpf_cache
2026-04-20 20:15:27,683 : INFO : ConfigProcessor : Loading config from cache: /var/folders/nw/6blj94p12ldcym3fj104vzlm0000gn/T/4273c698423283a7843ff5c77ef69dc9.mpf_cache
2026-04-20 20:15:27,683 : INFO : ConfigProcessor : Loading config from cache: /var/folders/nw/6blj94p12ldcym3fj104vzlm0000gn/T/7424f2cce7b15e0b37e570d3514590c8.mpf_cache
2026-04-20 20:15:27,683 : INFO : Machine : Mission Pinball Framework Core Engine v0.80.0.dev13
2026-04-20 20:15:27,683 : INFO : Machine : Command line arguments: {'no_load_cache': False, 'create_config_cache': True, 'bcp': True, 'configfile': ['config.yaml'], 'force_assets_load': False, 'platform_integration_test': False, 'jsonlogging': False, 'logfile': 'logs/2026-04-20-20-15-27-mpf-Wills-MacBook-Pro-M5.local.log', 'pause': False, 'production': False, 'text_ui': False, 'loglevel': 15, 'consoleloglevel': 20, 'force_platform': 'virtual', 'syslog_address': None, 'full_logfile_path': '/Users/willrante/Documents/GitHub/pinball/logs/2026-04-20-20-15-27-mpf-Wills-MacBook-Pro-M5.local.log'}
2026-04-20 20:15:27,683 : INFO : Machine : MPF path: /Users/willrante/mpf-env/lib/python3.14/site-packages/mpf
2026-04-20 20:15:27,683 : INFO : Machine : Machine path: /Users/willrante/Documents/GitHub/pinball
2026-04-20 20:15:27,683 : INFO : Machine : Platform: darwin
2026-04-20 20:15:27,683 : INFO : Machine : Python executable location: /Users/willrante/mpf-env/bin/python3.14
2026-04-20 20:15:27,683 : INFO : Machine : Python version: 3.14.3 (64-bit)
2026-04-20 20:15:27,684 : INFO : Machine : Initializing MPF...
2026-04-20 20:15:27,710 : INFO : EventManager : Event: ======'machine_var_credits_string'====== Args={'value': 'FREE PLAY', 'prev_value': None, 'change': True}
2026-04-20 20:15:27,714 : INFO : EventManager : Event: ======'machine_var_master_volume'====== Args={'value': 0.5, 'prev_value': None, 'change': True}
2026-04-20 20:15:27,714 : INFO : EventManager : Event: ======'machine_var_mpf_version'====== Args={'value': 'Mission Pinball Framework v0.80.0.dev13', 'prev_value': None, 'change': True}
2026-04-20 20:15:27,714 : INFO : EventManager : Event: ======'machine_var_mpf_extended_version'====== Args={'value': 'Mission Pinball Framework v0.80.0.dev13, Config version:6, Show version: 6, BCP version:1.1', 'prev_value': None, 'change': True}
2026-04-20 20:15:27,714 : INFO : EventManager : Event: ======'machine_var_python_version'====== Args={'value': '3.14.3', 'prev_value': None, 'change': True}
2026-04-20 20:15:27,720 : INFO : EventManager : Event: ======'machine_var_platform'====== Args={'value': 'macOS-26.4.1-arm64-arm-64bit-Mach-O', 'prev_value': None, 'change': True}
2026-04-20 20:15:27,721 : INFO : EventManager : Event: ======'machine_var_platform_system'====== Args={'value': 'Darwin', 'prev_value': None, 'change': True}
2026-04-20 20:15:27,721 : INFO : EventManager : Event: ======'machine_var_platform_release'====== Args={'value': '25.4.0', 'prev_value': None, 'change': True}
2026-04-20 20:15:27,721 : INFO : EventManager : Event: ======'machine_var_platform_version'====== Args={'value': 'Darwin Kernel Version 25.4.0: Thu Mar 19 19:33:50 PDT 2026; root:xnu-12377.101.15~1/RELEASE_ARM64_T6050', 'prev_value': None, 'change': True}
2026-04-20 20:15:27,721 : INFO : EventManager : Event: ======'machine_var_platform_machine'====== Args={'value': 'arm64', 'prev_value': None, 'change': True}
2026-04-20 20:15:27,721 : INFO : EventManager : Event: ======'machine_var_log_file_path'====== Args={'value': '/Users/willrante/Documents/GitHub/pinball/logs/2026-04-20-20-15-27-mpf-Wills-MacBook-Pro-M5.local.log', 'prev_value': None, 'change': True}
2026-04-20 20:15:27,721 : INFO : EventManager : Event: ======'init_phase_1'====== Args={}
2026-04-20 20:15:27,729 : INFO : EventManager : Event: ======'init_phase_2'====== Args={}
2026-04-20 20:15:27,729 : INFO : SwitchController : Found active switch: (1007, <Platform.Virtual>) <switch.s_trough_1>
2026-04-20 20:15:27,729 : INFO : SwitchController : Found active switch: (1008, <Platform.Virtual>) <switch.s_trough_2>
2026-04-20 20:15:27,729 : INFO : SwitchController : Found active switch: (1009, <Platform.Virtual>) <switch.s_trough_3>
2026-04-20 20:15:27,729 : INFO : EventManager : Event: ======'bcp_connection_attempt'====== Args={'name': 'local_display', 'host': 'localhost', 'port': 5050}
2026-04-20 20:15:27,730 : INFO : BCPClientSocket : Connecting BCP to 'local_display' at localhost:5050...
2026-04-20 20:15:27,732 : INFO : BCPClientSocket : Connected BCP to 'local_display' localhost:5050
2026-04-20 20:15:27,733 : INFO : EventManager : Event: ======'bcp_clients_connected'====== Args={}
2026-04-20 20:15:27,733 : INFO : ball_device.bd_plunger : BCH: Initial count: 0
2026-04-20 20:15:27,733 : INFO : ball_device.bd_plunger : State: idle
2026-04-20 20:15:27,733 : INFO : ball_device.bd_trough : BCH: Initial count: 3
2026-04-20 20:15:27,733 : INFO : ball_device.bd_trough : State: idle
2026-04-20 20:15:27,737 : INFO : EventManager : Event: ======'init_phase_3'====== Args={}
2026-04-20 20:15:27,737 : INFO : EventManager : Event: ======'init_phase_4'====== Args={}
2026-04-20 20:15:27,737 : INFO : BallController : Initial balls found: 3
2026-04-20 20:15:27,737 : INFO : EventManager : Event: ======'machine_var_audits_events_game_ended'====== Args={'value': 0, 'prev_value': None, 'change': True}
2026-04-20 20:15:27,737 : INFO : EventManager : Event: ======'machine_var_audits_events_game_started'====== Args={'value': 56, 'prev_value': None, 'change': True}
2026-04-20 20:15:27,737 : INFO : EventManager : Event: ======'machine_var_audits_missing_switches_s_bumper_left'====== Args={'value': 5, 'prev_value': None, 'change': True}
2026-04-20 20:15:27,737 : INFO : EventManager : Event: ======'machine_var_audits_missing_switches_s_bumper_right'====== Args={'value': 5, 'prev_value': None, 'change': True}
2026-04-20 20:15:27,737 : INFO : EventManager : Event: ======'machine_var_audits_missing_switches_s_flipper_left'====== Args={'value': 3, 'prev_value': None, 'change': True}
2026-04-20 20:15:27,738 : INFO : EventManager : Event: ======'machine_var_audits_missing_switches_s_left_lane'====== Args={'value': 5, 'prev_value': None, 'change': True}
2026-04-20 20:15:27,738 : INFO : EventManager : Event: ======'machine_var_audits_missing_switches_s_plunger_lane'====== Args={'value': 56, 'prev_value': None, 'change': True}
2026-04-20 20:15:27,738 : INFO : EventManager : Event: ======'machine_var_audits_missing_switches_s_trough_1'====== Args={'value': 56, 'prev_value': None, 'change': True}
2026-04-20 20:15:27,738 : INFO : EventManager : Event: ======'machine_var_audits_missing_switches_s_trough_2'====== Args={'value': 56, 'prev_value': None, 'change': True}
2026-04-20 20:15:27,738 : INFO : EventManager : Event: ======'machine_var_audits_missing_switches_s_trough_3'====== Args={'value': 56, 'prev_value': None, 'change': True}
2026-04-20 20:15:27,738 : INFO : EventManager : Event: ======'machine_var_audits_player_score'====== Args={'value': {'average': 0, 'top': [], 'total': 0}, 'prev_value': None, 'change': True}
2026-04-20 20:15:27,738 : INFO : EventManager : Event: ======'machine_var_audits_shots_bumper_left'====== Args={'value': 235, 'prev_value': None, 'change': True}
2026-04-20 20:15:27,738 : INFO : EventManager : Event: ======'machine_var_audits_shots_bumper_right'====== Args={'value': 224, 'prev_value': None, 'change': True}
2026-04-20 20:15:27,738 : INFO : EventManager : Event: ======'machine_var_audits_shots_hurryup'====== Args={'value': 3, 'prev_value': None, 'change': True}
2026-04-20 20:15:27,738 : INFO : EventManager : Event: ======'machine_var_audits_shots_left_lane'====== Args={'value': 52, 'prev_value': None, 'change': True}
2026-04-20 20:15:27,738 : INFO : EventManager : Event: ======'machine_var_audits_switches_s_action_button'====== Args={'value': 513, 'prev_value': None, 'change': True}
2026-04-20 20:15:27,738 : INFO : EventManager : Event: ======'machine_var_audits_switches_s_bumper_left'====== Args={'value': 235, 'prev_value': None, 'change': True}
2026-04-20 20:15:27,738 : INFO : EventManager : Event: ======'machine_var_audits_switches_s_bumper_right'====== Args={'value': 224, 'prev_value': None, 'change': True}
2026-04-20 20:15:27,738 : INFO : EventManager : Event: ======'machine_var_audits_switches_s_flipper_left'====== Args={'value': 690, 'prev_value': None, 'change': True}
2026-04-20 20:15:27,738 : INFO : EventManager : Event: ======'machine_var_audits_switches_s_flipper_right'====== Args={'value': 905, 'prev_value': None, 'change': True}
2026-04-20 20:15:27,738 : INFO : EventManager : Event: ======'machine_var_audits_switches_s_left_lane'====== Args={'value': 52, 'prev_value': None, 'change': True}
2026-04-20 20:15:27,738 : INFO : EventManager : Event: ======'machine_var_audits_switches_s_plunger_lane'====== Args={'value': 0, 'prev_value': None, 'change': True}
2026-04-20 20:15:27,738 : INFO : EventManager : Event: ======'machine_var_audits_switches_s_start'====== Args={'value': 14, 'prev_value': None, 'change': True}
2026-04-20 20:15:27,738 : INFO : EventManager : Event: ======'machine_var_audits_switches_s_trough_1'====== Args={'value': 0, 'prev_value': None, 'change': True}
2026-04-20 20:15:27,738 : INFO : EventManager : Event: ======'machine_var_audits_switches_s_trough_2'====== Args={'value': 0, 'prev_value': None, 'change': True}
2026-04-20 20:15:27,738 : INFO : EventManager : Event: ======'machine_var_audits_switches_s_trough_3'====== Args={'value': 0, 'prev_value': None, 'change': True}
2026-04-20 20:15:27,738 : INFO : EventManager : Event: ======'init_phase_5'====== Args={}
2026-04-20 20:15:27,738 : INFO : EventManager : Event: ======'init_done'====== Args={}
2026-04-20 20:15:27,738 : INFO : EventManager : Event: ======'machine_reset_phase_1'====== Args={}
2026-04-20 20:15:27,777 : INFO : EventManager : Event: ======'machine_reset_phase_2'====== Args={}
2026-04-20 20:15:27,777 : INFO : EventManager : Event: ======'machine_reset_phase_3'====== Args={}
2026-04-20 20:15:27,778 : INFO : EventManager : Event: ======'reset_complete'====== Args={}
2026-04-20 20:15:27,778 : INFO : EventManager : Event: ======'mode_attract_will_start'====== Args={}
2026-04-20 20:15:27,778 : INFO : Timer.attract_carousel_timer : Starting Timer.
2026-04-20 20:15:27,778 : INFO : EventManager : Event: ======'timer_attract_carousel_timer_started'====== Args={'ticks': 0, 'ticks_remaining': 1}
2026-04-20 20:15:27,778 : INFO : EventManager : Event: ======'timer_attract_carousel_timer_tick'====== Args={'ticks': 0, 'ticks_remaining': 1}
2026-04-20 20:15:27,778 : INFO : EventManager : Event: ======'mode_attract_starting'====== Args={}
2026-04-20 20:15:27,778 : INFO : Mode.attract : Started. Priority: 10
2026-04-20 20:15:27,778 : INFO : EventManager : Event: ======'modes_active_modes_changed'====== Args={}
2026-04-20 20:15:27,778 : INFO : EventManager : Event: ======'mode_attract_started'====== Args={}
2026-04-20 20:15:27,778 : INFO : EventManager : Event: ======'collecting_balls_complete'====== Args={}
2026-04-20 20:15:27,778 : INFO : EventManager : Event: ======'carousel_item_highlighted'====== Args={'carousel': 'attract', 'direction': None, 'item': 'title'}
2026-04-20 20:15:27,779 : INFO : EventManager : Event: ======'timer_attract_carousel_timer_tick'====== Args={'ticks': 0, 'ticks_remaining': 1}
2026-04-20 20:15:27,779 : INFO : Machine : Starting the main run loop with active modes: [<Mode.attract>]
2026-04-20 20:15:27,915 : INFO : EventManager : Event: ======'slide_attract_created'====== Args={'_from_bcp': True}
2026-04-20 20:15:27,915 : INFO : EventManager : Event: ======'slide__removed'====== Args={'_from_bcp': True}
2026-04-20 20:15:27,915 : INFO : EventManager : Event: ======'slide_attract_active'====== Args={'original_context': 'attract', 'original_calling_context': 'mode_attract_started', 'priority': 10.0, 'cmd': 'slides_play', '_from_bcp': True}
2026-04-20 20:15:31,403 : INFO : SwitchController : <<<<<<< 's_start' active >>>>>>>
2026-04-20 20:15:31,502 : INFO : SwitchController : <<<<<<< 's_start' inactive >>>>>>>
2026-04-20 20:15:31,502 : INFO : EventManager : Event: ======'request_to_start_game'====== Args={}
2026-04-20 20:15:31,503 : INFO : EventManager : Event: ======'game_start'====== Args={'buttons': [], 'hold_time': 0.09883666603127494}
2026-04-20 20:15:31,503 : INFO : EventManager : Event: ======'mode_game_will_start'====== Args={'buttons': [], 'hold_time': 0.09883666603127494}
2026-04-20 20:15:31,504 : INFO : EventManager : Event: ======'mode_game_starting'====== Args={'buttons': [], 'hold_time': 0.09883666603127494}
2026-04-20 20:15:31,504 : INFO : EventManager : Event: ======'mode_attract_will_stop'====== Args={}
2026-04-20 20:15:31,504 : INFO : EventManager : Event: ======'mode_attract_stopping'====== Args={}
2026-04-20 20:15:31,504 : INFO : Mode.attract : Stopped.
2026-04-20 20:15:31,504 : INFO : EventManager : Event: ======'modes_active_modes_changed'====== Args={}
2026-04-20 20:15:31,505 : INFO : EventManager : Event: ======'mode_attract_stopped'====== Args={}
2026-04-20 20:15:31,505 : INFO : EventManager : Event: ======'clear'====== Args={'key': 'attract'}
2026-04-20 20:15:31,505 : INFO : Timer.attract_carousel_timer : Stopping Timer
2026-04-20 20:15:31,505 : INFO : EventManager : Event: ======'timer_attract_carousel_timer_stopped'====== Args={'ticks': 0, 'ticks_remaining': 1}
2026-04-20 20:15:31,505 : INFO : Mode.game : Started. Priority: 20
2026-04-20 20:15:31,505 : INFO : EventManager : Event: ======'modes_active_modes_changed'====== Args={}
2026-04-20 20:15:31,505 : INFO : EventManager : Event: ======'mode_game_started'====== Args={'buttons': [], 'hold_time': 0.09883666603127494}
2026-04-20 20:15:31,506 : INFO : EventManager : Event: ======'game_will_start'====== Args={}
2026-04-20 20:15:31,506 : INFO : EventManager : Event: ======'game_starting'====== Args={'game': <Mode.game>}
2026-04-20 20:15:31,506 : INFO : EventManager : Unordered handler for class <Auditor> on event game_ended with priority 1. Handlers: [RegisteredHandler(callback=<bound method Auditor.disable of <Auditor>>, priority=1, kwargs={}, key=UUID('63b30219-cae0-4fba-a9a1-eaed62eeace7'), condition=None, blocking_facility=None), RegisteredHandler(callback=<bound method Auditor._save_audits of <Auditor>>, priority=1, kwargs={}, key=UUID('34bfad51-28e3-414e-ba00-7536ab8dc4f3'), condition=None, blocking_facility=None)]. The order of those handlers is not defined and they will be executed in random order. This might lead to race conditions and potential bugs.
2026-04-20 20:15:31,507 : INFO : EventManager : Event: ======'player_add_request'====== Args={}
2026-04-20 20:15:31,507 : INFO : EventManager : Event: ======'player_will_add'====== Args={'number': 1}
2026-04-20 20:15:31,507 : INFO : EventManager : Event: ======'player_adding'====== Args={'player': <Player 1>, 'number': 1}
2026-04-20 20:15:31,507 : INFO : EventManager : Event: ======'player_added'====== Args={'player': <Player 1>, 'num': 1}
2026-04-20 20:15:31,507 : INFO : Mode.game : Player added successfully. Total players: 1
2026-04-20 20:15:31,507 : INFO : EventManager : Event: ======'player_index'====== Args={'value': 0, 'prev_value': 0, 'change': 0, 'player_num': 1}
2026-04-20 20:15:31,507 : INFO : EventManager : Event: ======'player_number'====== Args={'value': 1, 'prev_value': 1, 'change': 0, 'player_num': 1}
2026-04-20 20:15:31,508 : INFO : EventManager : Event: ======'player_score'====== Args={'value': 0, 'prev_value': 0, 'change': 0, 'player_num': 1}
2026-04-20 20:15:31,508 : INFO : EventManager : Event: ======'game_started'====== Args={}
2026-04-20 20:15:31,508 : INFO : EventManager : Event: ======'player_turn_will_start'====== Args={'player': <Player 1>, 'number': 1}
2026-04-20 20:15:31,509 : INFO : EventManager : Event: ======'player_turn_starting'====== Args={'player': <Player 1>, 'number': 1}
2026-04-20 20:15:31,509 : INFO : EventManager : Event: ======'player_ball'====== Args={'value': 1, 'prev_value': 0, 'change': 1, 'player_num': 1}
2026-04-20 20:15:31,513 : INFO : EventManager : Event: ======'player_turn_started'====== Args={'player': <Player 1>, 'number': 1}
2026-04-20 20:15:31,513 : INFO : EventManager : Event: ======'ball_will_start'====== Args={'player': 1, 'ball': 1, 'balls_remaining': 2, 'is_extra_ball': False}
2026-04-20 20:15:31,514 : INFO : EventManager : Event: ======'ball_starting'====== Args={'player': 1, 'ball': 1, 'balls_remaining': 2, 'is_extra_ball': False}
2026-04-20 20:15:31,514 : INFO : EventManager : Event: ======'mode_song_select_will_start'====== Args={'queue': <QueuedEvent>, 'player': 1, 'ball': 1, 'balls_remaining': 2, 'is_extra_ball': False}
2026-04-20 20:15:31,514 : INFO : EventManager : Event: ======'mode_song_select_starting'====== Args={'queue': <QueuedEvent>, 'player': 1, 'ball': 1, 'balls_remaining': 2, 'is_extra_ball': False}
2026-04-20 20:15:31,514 : INFO : Mode.song_select : Started. Priority: 1500
2026-04-20 20:15:31,514 : INFO : EventManager : Event: ======'modes_active_modes_changed'====== Args={}
2026-04-20 20:15:31,515 : INFO : EventManager : Event: ======'mode_song_select_started'====== Args={'queue': <QueuedEvent>, 'player': 1, 'ball': 1, 'balls_remaining': 2, 'is_extra_ball': False}
2026-04-20 20:15:31,538 : INFO : EventManager : Event: ======'song_select_show_slide'====== Args={}
2026-04-20 20:15:31,538 : INFO : EventManager : Event: ======'song_select_updated'====== Args={'stage': 'genre', 'genres': ['Pick a song!', '?', 'Alternative', 'Brit Invasion', 'Disco', 'Doo Wop', 'Folk', 'Folk Rock', 'Funk', 'Glitter:Glam', 'Grunge', 'Hard Rock', 'Heavy Metal', 'Hip Hop', 'New Wave', 'Pop Rock', 'Prog Rock', 'Psychedelic', 'Punk (70s)', 'Punk (80s)', 'R+B', 'Rap', 'Rock-a-Billy', 'Soul', 'Southern Rock'], 'genre': 'Pick a song!', 'song_title': '', 'genre_index': 1, 'genre_count': 25, 'selected_genre_index': 0, 'song_index': 0, 'song_count': 0, 'songs_text': '', 'sound_key': '', 'audio_path': '', 'song_bus': 'music', 'song_start_at': 0.0, 'has_audio': True, 'random_selected': True}
2026-04-20 20:15:31,539 : INFO : EventManager : Event: ======'balls_in_play'====== Args={'balls': 1}
2026-04-20 20:15:31,539 : INFO : EventManager : Event: ======'ball_started'====== Args={'player': 1, 'ball': 1, 'balls_remaining': 2, 'is_extra_ball': False}
2026-04-20 20:15:31,539 : INFO : EventManager : Event: ======'single_player_ball_started'====== Args={}
2026-04-20 20:15:31,539 : INFO : EventManager : Event: ======'ball_start_target'====== Args={'target': 'playfield'}
2026-04-20 20:15:31,540 : INFO : EventManager : Event: ======'song_select_show_slide'====== Args={}
2026-04-20 20:15:31,540 : INFO : EventManager : Event: ======'song_select_updated'====== Args={'stage': 'genre', 'genres': ['Pick a song!', '?', 'Alternative', 'Brit Invasion', 'Disco', 'Doo Wop', 'Folk', 'Folk Rock', 'Funk', 'Glitter:Glam', 'Grunge', 'Hard Rock', 'Heavy Metal', 'Hip Hop', 'New Wave', 'Pop Rock', 'Prog Rock', 'Psychedelic', 'Punk (70s)', 'Punk (80s)', 'R+B', 'Rap', 'Rock-a-Billy', 'Soul', 'Southern Rock'], 'genre': 'Pick a song!', 'song_title': '', 'genre_index': 1, 'genre_count': 25, 'selected_genre_index': 0, 'song_index': 0, 'song_count': 0, 'songs_text': '', 'sound_key': '', 'audio_path': '', 'song_bus': 'music', 'song_start_at': 0.0, 'has_audio': True, 'random_selected': True}
2026-04-20 20:15:31,540 : INFO : ball_device.bd_trough : Setting up player-controlled eject. Balls: 1, Target: <playfield.playfield>, player_controlled_eject_event: None
2026-04-20 20:15:31,540 : INFO : ball_device.bd_trough : Adding 1 ball(s) to the eject_queue with target <playfield.playfield>.
2026-04-20 20:15:31,540 : INFO : EventManager : Event: ======'balldevice_balls_available'====== Args={}
2026-04-20 20:15:31,541 : INFO : ball_device.bd_trough : State: waiting_for_target_ready
2026-04-20 20:15:31,541 : INFO : EventManager : Event: ======'balldevice_bd_trough_ball_eject_attempt'====== Args={'balls': 1, 'target': <ball_device.bd_plunger>, 'source': <ball_device.bd_trough>, 'mechanical_eject': False, 'num_attempts': 0}
2026-04-20 20:15:31,541 : INFO : ball_device.bd_plunger : State: waiting_for_ball
2026-04-20 20:15:31,541 : INFO : ball_device.bd_trough : State: ejecting
2026-04-20 20:15:31,541 : INFO : ball_device.bd_trough : Ejecting ball to <ball_device.bd_plunger>
2026-04-20 20:15:31,541 : INFO : EventManager : Event: ======'balldevice_bd_trough_ejecting_ball'====== Args={'balls': 1, 'target': <ball_device.bd_plunger>, 'source': <ball_device.bd_trough>, 'mechanical_eject': False, 'num_attempts': 0}
2026-04-20 20:15:31,541 : INFO : ball_device.bd_trough : Wait for ball to leave device
2026-04-20 20:15:31,542 : INFO : coil.c_trough_eject : Pulsing Driver for 10ms (1.0 pulse_power)
2026-04-20 20:15:31,556 : INFO : EventManager : Event: ======'song_select_show_slide'====== Args={}
2026-04-20 20:15:31,556 : INFO : EventManager : Event: ======'song_select_updated'====== Args={'stage': 'genre', 'genres': ['Pick a song!', '?', 'Alternative', 'Brit Invasion', 'Disco', 'Doo Wop', 'Folk', 'Folk Rock', 'Funk', 'Glitter:Glam', 'Grunge', 'Hard Rock', 'Heavy Metal', 'Hip Hop', 'New Wave', 'Pop Rock', 'Prog Rock', 'Psychedelic', 'Punk (70s)', 'Punk (80s)', 'R+B', 'Rap', 'Rock-a-Billy', 'Soul', 'Southern Rock'], 'genre': 'Pick a song!', 'song_title': '', 'genre_index': 1, 'genre_count': 25, 'selected_genre_index': 0, 'song_index': 0, 'song_count': 0, 'songs_text': '', 'sound_key': '', 'audio_path': '', 'song_bus': 'music', 'song_start_at': 0.0, 'has_audio': True, 'random_selected': True}
2026-04-20 20:15:31,580 : INFO : EventManager : Event: ======'song_select_show_slide'====== Args={}
2026-04-20 20:15:31,581 : INFO : EventManager : Event: ======'song_select_updated'====== Args={'stage': 'genre', 'genres': ['Pick a song!', '?', 'Alternative', 'Brit Invasion', 'Disco', 'Doo Wop', 'Folk', 'Folk Rock', 'Funk', 'Glitter:Glam', 'Grunge', 'Hard Rock', 'Heavy Metal', 'Hip Hop', 'New Wave', 'Pop Rock', 'Prog Rock', 'Psychedelic', 'Punk (70s)', 'Punk (80s)', 'R+B', 'Rap', 'Rock-a-Billy', 'Soul', 'Southern Rock'], 'genre': 'Pick a song!', 'song_title': '', 'genre_index': 1, 'genre_count': 25, 'selected_genre_index': 0, 'song_index': 0, 'song_count': 0, 'songs_text': '', 'sound_key': '', 'audio_path': '', 'song_bus': 'music', 'song_start_at': 0.0, 'has_audio': True, 'random_selected': True}
2026-04-20 20:15:31,619 : INFO : EventManager : Event: ======'song_select_show_slide'====== Args={}
2026-04-20 20:15:31,619 : INFO : EventManager : Event: ======'song_select_updated'====== Args={'stage': 'genre', 'genres': ['Pick a song!', '?', 'Alternative', 'Brit Invasion', 'Disco', 'Doo Wop', 'Folk', 'Folk Rock', 'Funk', 'Glitter:Glam', 'Grunge', 'Hard Rock', 'Heavy Metal', 'Hip Hop', 'New Wave', 'Pop Rock', 'Prog Rock', 'Psychedelic', 'Punk (70s)', 'Punk (80s)', 'R+B', 'Rap', 'Rock-a-Billy', 'Soul', 'Southern Rock'], 'genre': 'Pick a song!', 'song_title': '', 'genre_index': 1, 'genre_count': 25, 'selected_genre_index': 0, 'song_index': 0, 'song_count': 0, 'songs_text': '', 'sound_key': '', 'audio_path': '', 'song_bus': 'music', 'song_start_at': 0.0, 'has_audio': True, 'random_selected': True}
2026-04-20 20:15:41,542 : INFO : EventManager : Event: ======'balldevice_bd_trough_ball_eject_failed'====== Args={'target': <ball_device.bd_plunger>, 'balls': 1, 'retry': True, 'num_attempts': 1}
2026-04-20 20:15:41,543 : INFO : ball_device.bd_trough : State: waiting_for_target_ready
2026-04-20 20:15:41,543 : INFO : EventManager : Event: ======'balldevice_bd_trough_ball_eject_attempt'====== Args={'balls': 1, 'target': <ball_device.bd_plunger>, 'source': <ball_device.bd_trough>, 'mechanical_eject': False, 'num_attempts': 1}
2026-04-20 20:15:41,543 : INFO : ball_device.bd_trough : State: ejecting
2026-04-20 20:15:41,543 : INFO : ball_device.bd_trough : Ejecting ball to <ball_device.bd_plunger>
2026-04-20 20:15:41,543 : INFO : EventManager : Event: ======'balldevice_bd_trough_ejecting_ball'====== Args={'balls': 1, 'target': <ball_device.bd_plunger>, 'source': <ball_device.bd_trough>, 'mechanical_eject': False, 'num_attempts': 1}
2026-04-20 20:15:41,544 : INFO : ball_device.bd_trough : Wait for ball to leave device
2026-04-20 20:15:41,544 : INFO : coil.c_trough_eject : Pulsing Driver for 10ms (1.0 pulse_power)
2026-04-20 20:15:51,545 : INFO : EventManager : Event: ======'balldevice_bd_trough_ball_eject_failed'====== Args={'target': <ball_device.bd_plunger>, 'balls': 1, 'retry': True, 'num_attempts': 2}
2026-04-20 20:15:51,546 : INFO : ball_device.bd_trough : State: waiting_for_target_ready
2026-04-20 20:15:51,546 : INFO : EventManager : Event: ======'balldevice_bd_trough_ball_eject_attempt'====== Args={'balls': 1, 'target': <ball_device.bd_plunger>, 'source': <ball_device.bd_trough>, 'mechanical_eject': False, 'num_attempts': 2}
2026-04-20 20:15:51,547 : INFO : ball_device.bd_trough : State: ejecting
2026-04-20 20:15:51,547 : INFO : ball_device.bd_trough : Ejecting ball to <ball_device.bd_plunger>
2026-04-20 20:15:51,547 : INFO : EventManager : Event: ======'balldevice_bd_trough_ejecting_ball'====== Args={'balls': 1, 'target': <ball_device.bd_plunger>, 'source': <ball_device.bd_trough>, 'mechanical_eject': False, 'num_attempts': 2}
2026-04-20 20:15:51,547 : INFO : ball_device.bd_trough : Wait for ball to leave device
2026-04-20 20:15:51,547 : INFO : coil.c_trough_eject : Pulsing Driver for 10ms (1.0 pulse_power)
2026-04-20 20:16:01,549 : INFO : EventManager : Event: ======'balldevice_bd_trough_ball_eject_failed'====== Args={'target': <ball_device.bd_plunger>, 'balls': 1, 'retry': True, 'num_attempts': 3}
2026-04-20 20:16:01,549 : INFO : ball_device.bd_trough : State: waiting_for_target_ready
2026-04-20 20:16:01,549 : INFO : EventManager : Event: ======'balldevice_bd_trough_ball_eject_attempt'====== Args={'balls': 1, 'target': <ball_device.bd_plunger>, 'source': <ball_device.bd_trough>, 'mechanical_eject': False, 'num_attempts': 3}
2026-04-20 20:16:01,550 : INFO : ball_device.bd_trough : State: ejecting
2026-04-20 20:16:01,550 : INFO : ball_device.bd_trough : Ejecting ball to <ball_device.bd_plunger>
2026-04-20 20:16:01,550 : INFO : EventManager : Event: ======'balldevice_bd_trough_ejecting_ball'====== Args={'balls': 1, 'target': <ball_device.bd_plunger>, 'source': <ball_device.bd_trough>, 'mechanical_eject': False, 'num_attempts': 3}
2026-04-20 20:16:01,550 : INFO : ball_device.bd_trough : Wait for ball to leave device
2026-04-20 20:16:01,550 : INFO : coil.c_trough_eject : Pulsing Driver for 10ms (1.0 pulse_power)
2026-04-20 20:16:11,551 : INFO : EventManager : Event: ======'balldevice_bd_trough_ball_eject_failed'====== Args={'target': <ball_device.bd_plunger>, 'balls': 1, 'retry': True, 'num_attempts': 4}
2026-04-20 20:16:11,552 : INFO : ball_device.bd_trough : State: waiting_for_target_ready
2026-04-20 20:16:11,553 : INFO : EventManager : Event: ======'balldevice_bd_trough_ball_eject_attempt'====== Args={'balls': 1, 'target': <ball_device.bd_plunger>, 'source': <ball_device.bd_trough>, 'mechanical_eject': False, 'num_attempts': 4}
2026-04-20 20:16:11,553 : INFO : ball_device.bd_trough : State: ejecting
2026-04-20 20:16:11,553 : INFO : ball_device.bd_trough : Ejecting ball to <ball_device.bd_plunger>
2026-04-20 20:16:11,553 : INFO : EventManager : Event: ======'balldevice_bd_trough_ejecting_ball'====== Args={'balls': 1, 'target': <ball_device.bd_plunger>, 'source': <ball_device.bd_trough>, 'mechanical_eject': False, 'num_attempts': 4}
2026-04-20 20:16:11,554 : INFO : ball_device.bd_trough : Wait for ball to leave device
2026-04-20 20:16:11,554 : INFO : coil.c_trough_eject : Pulsing Driver for 10ms (1.0 pulse_power)
2026-04-20 20:16:21,555 : INFO : EventManager : Event: ======'balldevice_bd_trough_ball_eject_failed'====== Args={'target': <ball_device.bd_plunger>, 'balls': 1, 'retry': True, 'num_attempts': 5}
2026-04-20 20:16:21,556 : INFO : ball_device.bd_trough : State: waiting_for_target_ready
2026-04-20 20:16:21,556 : INFO : EventManager : Event: ======'balldevice_bd_trough_ball_eject_attempt'====== Args={'balls': 1, 'target': <ball_device.bd_plunger>, 'source': <ball_device.bd_trough>, 'mechanical_eject': False, 'num_attempts': 5}
2026-04-20 20:16:21,557 : INFO : ball_device.bd_trough : State: ejecting
2026-04-20 20:16:21,557 : INFO : ball_device.bd_trough : Ejecting ball to <ball_device.bd_plunger>
2026-04-20 20:16:21,557 : INFO : EventManager : Event: ======'balldevice_bd_trough_ejecting_ball'====== Args={'balls': 1, 'target': <ball_device.bd_plunger>, 'source': <ball_device.bd_trough>, 'mechanical_eject': False, 'num_attempts': 5}
2026-04-20 20:16:21,557 : INFO : ball_device.bd_trough : Wait for ball to leave device
2026-04-20 20:16:21,557 : INFO : coil.c_trough_eject : Pulsing Driver for 10ms (1.0 pulse_power)
2026-04-20 20:16:31,559 : INFO : EventManager : Event: ======'balldevice_bd_trough_ball_eject_failed'====== Args={'target': <ball_device.bd_plunger>, 'balls': 1, 'retry': True, 'num_attempts': 6}
2026-04-20 20:16:31,559 : INFO : ball_device.bd_trough : State: waiting_for_target_ready
2026-04-20 20:16:31,560 : INFO : EventManager : Event: ======'balldevice_bd_trough_ball_eject_attempt'====== Args={'balls': 1, 'target': <ball_device.bd_plunger>, 'source': <ball_device.bd_trough>, 'mechanical_eject': False, 'num_attempts': 6}
2026-04-20 20:16:31,560 : INFO : ball_device.bd_trough : State: ejecting
2026-04-20 20:16:31,560 : INFO : ball_device.bd_trough : Ejecting ball to <ball_device.bd_plunger>
2026-04-20 20:16:31,560 : INFO : EventManager : Event: ======'balldevice_bd_trough_ejecting_ball'====== Args={'balls': 1, 'target': <ball_device.bd_plunger>, 'source': <ball_device.bd_trough>, 'mechanical_eject': False, 'num_attempts': 6}
2026-04-20 20:16:31,561 : INFO : ball_device.bd_trough : Wait for ball to leave device
2026-04-20 20:16:31,561 : INFO : coil.c_trough_eject : Pulsing Driver for 10ms (1.0 pulse_power)
2026-04-20 20:16:41,562 : INFO : EventManager : Event: ======'balldevice_bd_trough_ball_eject_failed'====== Args={'target': <ball_device.bd_plunger>, 'balls': 1, 'retry': True, 'num_attempts': 7}
2026-04-20 20:16:41,563 : INFO : ball_device.bd_trough : State: waiting_for_target_ready
2026-04-20 20:16:41,563 : INFO : EventManager : Event: ======'balldevice_bd_trough_ball_eject_attempt'====== Args={'balls': 1, 'target': <ball_device.bd_plunger>, 'source': <ball_device.bd_trough>, 'mechanical_eject': False, 'num_attempts': 7}
2026-04-20 20:16:41,564 : INFO : ball_device.bd_trough : State: ejecting
2026-04-20 20:16:41,564 : INFO : ball_device.bd_trough : Ejecting ball to <ball_device.bd_plunger>
2026-04-20 20:16:41,564 : INFO : EventManager : Event: ======'balldevice_bd_trough_ejecting_ball'====== Args={'balls': 1, 'target': <ball_device.bd_plunger>, 'source': <ball_device.bd_trough>, 'mechanical_eject': False, 'num_attempts': 7}
2026-04-20 20:16:41,564 : INFO : ball_device.bd_trough : Wait for ball to leave device
2026-04-20 20:16:41,564 : INFO : coil.c_trough_eject : Pulsing Driver for 10ms (1.0 pulse_power)
2026-04-20 20:16:51,565 : INFO : EventManager : Event: ======'balldevice_bd_trough_ball_eject_failed'====== Args={'target': <ball_device.bd_plunger>, 'balls': 1, 'retry': True, 'num_attempts': 8}
2026-04-20 20:16:51,566 : INFO : ball_device.bd_trough : State: waiting_for_target_ready
2026-04-20 20:16:51,566 : INFO : EventManager : Event: ======'balldevice_bd_trough_ball_eject_attempt'====== Args={'balls': 1, 'target': <ball_device.bd_plunger>, 'source': <ball_device.bd_trough>, 'mechanical_eject': False, 'num_attempts': 8}
2026-04-20 20:16:51,567 : INFO : ball_device.bd_trough : State: ejecting
2026-04-20 20:16:51,567 : INFO : ball_device.bd_trough : Ejecting ball to <ball_device.bd_plunger>
2026-04-20 20:16:51,567 : INFO : EventManager : Event: ======'balldevice_bd_trough_ejecting_ball'====== Args={'balls': 1, 'target': <ball_device.bd_plunger>, 'source': <ball_device.bd_trough>, 'mechanical_eject': False, 'num_attempts': 8}
2026-04-20 20:16:51,567 : INFO : ball_device.bd_trough : Wait for ball to leave device
2026-04-20 20:16:51,568 : INFO : coil.c_trough_eject : Pulsing Driver for 10ms (1.0 pulse_power)
2026-04-20 20:16:58,621 : INFO : Machine : Shutting down...
2026-04-20 20:16:58,621 : INFO : EventManager : Event: ======'shutdown'====== Args={}
2026-04-20 20:16:58,622 : INFO : EventManager : Event: ======'mode_game_will_stop'====== Args={}
2026-04-20 20:16:58,622 : INFO : EventManager : Event: ======'mode_game_stopping'====== Args={}
2026-04-20 20:16:58,622 : INFO : EventManager : Event: ======'mode_song_select_will_stop'====== Args={}
2026-04-20 20:16:58,622 : INFO : EventManager : Event: ======'mode_song_select_stopping'====== Args={}
2026-04-20 20:16:58,623 : INFO : Mode.song_select : Stopped.
2026-04-20 20:16:58,623 : INFO : EventManager : Event: ======'modes_active_modes_changed'====== Args={}
2026-04-20 20:16:58,623 : INFO : EventManager : Event: ======'mode_song_select_stopped'====== Args={}
2026-04-20 20:16:58,623 : INFO : EventManager : Event: ======'clear'====== Args={'key': 'song_select'}
2026-04-20 20:16:58,623 : INFO : Mode.game : Stopped.
2026-04-20 20:16:58,623 : INFO : EventManager : Event: ======'modes_active_modes_changed'====== Args={}
2026-04-20 20:16:58,623 : INFO : EventManager : Event: ======'mode_game_stopped'====== Args={}
2026-04-20 20:16:58,623 : INFO : EventManager : Event: ======'clear'====== Args={'key': 'game'}
2026-04-20 20:16:58,624 : INFO : root : MPF run loop ended.
