2026-04-16 14:58:18,403 : INFO : root : Loading config.
2026-04-16 14:58:18,450 : INFO : ConfigProcessor : Config spec file cache created: /var/folders/nw/6blj94p12ldcym3fj104vzlm0000gn/T/config_spec.mpf_cache
2026-04-16 14:58:18,450 : INFO : YamlMultifileConfigLoader : Machine config file #1: config.yaml
2026-04-16 14:58:18,450 : INFO : ConfigProcessor : Loading config from cache: /var/folders/nw/6blj94p12ldcym3fj104vzlm0000gn/T/b334f8a4e2121184f8a617378a4d1625.mpf_cache
2026-04-16 14:58:18,474 : INFO : ConfigProcessor : Loading config from cache: /var/folders/nw/6blj94p12ldcym3fj104vzlm0000gn/T/63da12c4cec82227b4c3859bbf3c7cd4.mpf_cache
2026-04-16 14:58:18,475 : INFO : ConfigProcessor : Loading config from cache: /var/folders/nw/6blj94p12ldcym3fj104vzlm0000gn/T/b8625db2ee8ad38c42d4f1c72235edc8.mpf_cache
2026-04-16 14:58:18,475 : INFO : ConfigProcessor : Loading config from cache: /var/folders/nw/6blj94p12ldcym3fj104vzlm0000gn/T/63da12c4cec82227b4c3859bbf3c7cd4.mpf_cache
2026-04-16 14:58:18,475 : INFO : ConfigProcessor : Loading config from cache: /var/folders/nw/6blj94p12ldcym3fj104vzlm0000gn/T/104947b35f87d581877cdaf02599b463.mpf_cache
2026-04-16 14:58:18,475 : INFO : ConfigProcessor : Loading config from cache: /var/folders/nw/6blj94p12ldcym3fj104vzlm0000gn/T/bc830d47d6fbb336561cc63e74edf2c9.mpf_cache
2026-04-16 14:58:18,475 : INFO : ConfigProcessor : Loading config from cache: /var/folders/nw/6blj94p12ldcym3fj104vzlm0000gn/T/4273c698423283a7843ff5c77ef69dc9.mpf_cache
2026-04-16 14:58:18,475 : INFO : ConfigProcessor : Loading config from cache: /var/folders/nw/6blj94p12ldcym3fj104vzlm0000gn/T/7424f2cce7b15e0b37e570d3514590c8.mpf_cache
2026-04-16 14:58:18,475 : INFO : Machine : Mission Pinball Framework Core Engine v0.80.0.dev13
2026-04-16 14:58:18,475 : INFO : Machine : Command line arguments: {'no_load_cache': False, 'create_config_cache': True, 'bcp': True, 'configfile': ['config.yaml'], 'force_assets_load': False, 'platform_integration_test': False, 'jsonlogging': False, 'logfile': 'logs/2026-04-16-14-58-18-mpf-Wills-MacBook-Pro-M5.local.log', 'pause': False, 'production': False, 'text_ui': False, 'loglevel': 15, 'consoleloglevel': 20, 'force_platform': 'virtual', 'syslog_address': None, 'full_logfile_path': '/Users/willrante/Documents/GitHub/pinball/logs/2026-04-16-14-58-18-mpf-Wills-MacBook-Pro-M5.local.log'}
2026-04-16 14:58:18,476 : INFO : Machine : MPF path: /Users/willrante/mpf-env/lib/python3.14/site-packages/mpf
2026-04-16 14:58:18,476 : INFO : Machine : Machine path: /Users/willrante/Documents/GitHub/pinball
2026-04-16 14:58:18,476 : INFO : Machine : Platform: darwin
2026-04-16 14:58:18,476 : INFO : Machine : Python executable location: /Users/willrante/mpf-env/bin/python3.14
2026-04-16 14:58:18,476 : INFO : Machine : Python version: 3.14.3 (64-bit)
2026-04-16 14:58:18,476 : INFO : Machine : Initializing MPF...
2026-04-16 14:58:18,502 : INFO : EventManager : Event: ======'machine_var_credits_string'====== Args={'value': 'FREE PLAY', 'prev_value': None, 'change': True}
2026-04-16 14:58:18,507 : INFO : EventManager : Event: ======'machine_var_master_volume'====== Args={'value': 0.5, 'prev_value': None, 'change': True}
2026-04-16 14:58:18,507 : INFO : EventManager : Event: ======'machine_var_mpf_version'====== Args={'value': 'Mission Pinball Framework v0.80.0.dev13', 'prev_value': None, 'change': True}
2026-04-16 14:58:18,507 : INFO : EventManager : Event: ======'machine_var_mpf_extended_version'====== Args={'value': 'Mission Pinball Framework v0.80.0.dev13, Config version:6, Show version: 6, BCP version:1.1', 'prev_value': None, 'change': True}
2026-04-16 14:58:18,507 : INFO : EventManager : Event: ======'machine_var_python_version'====== Args={'value': '3.14.3', 'prev_value': None, 'change': True}
2026-04-16 14:58:18,513 : INFO : EventManager : Event: ======'machine_var_platform'====== Args={'value': 'macOS-26.4.1-arm64-arm-64bit-Mach-O', 'prev_value': None, 'change': True}
2026-04-16 14:58:18,513 : INFO : EventManager : Event: ======'machine_var_platform_system'====== Args={'value': 'Darwin', 'prev_value': None, 'change': True}
2026-04-16 14:58:18,513 : INFO : EventManager : Event: ======'machine_var_platform_release'====== Args={'value': '25.4.0', 'prev_value': None, 'change': True}
2026-04-16 14:58:18,513 : INFO : EventManager : Event: ======'machine_var_platform_version'====== Args={'value': 'Darwin Kernel Version 25.4.0: Thu Mar 19 19:33:50 PDT 2026; root:xnu-12377.101.15~1/RELEASE_ARM64_T6050', 'prev_value': None, 'change': True}
2026-04-16 14:58:18,513 : INFO : EventManager : Event: ======'machine_var_platform_machine'====== Args={'value': 'arm64', 'prev_value': None, 'change': True}
2026-04-16 14:58:18,513 : INFO : EventManager : Event: ======'machine_var_log_file_path'====== Args={'value': '/Users/willrante/Documents/GitHub/pinball/logs/2026-04-16-14-58-18-mpf-Wills-MacBook-Pro-M5.local.log', 'prev_value': None, 'change': True}
2026-04-16 14:58:18,513 : INFO : EventManager : Event: ======'init_phase_1'====== Args={}
2026-04-16 14:58:18,519 : INFO : EventManager : Event: ======'init_phase_2'====== Args={}
2026-04-16 14:58:18,519 : INFO : SwitchController : Found active switch: (1007, <Platform.Virtual>) <switch.s_trough_1>
2026-04-16 14:58:18,519 : INFO : SwitchController : Found active switch: (1008, <Platform.Virtual>) <switch.s_trough_2>
2026-04-16 14:58:18,519 : INFO : SwitchController : Found active switch: (1009, <Platform.Virtual>) <switch.s_trough_3>
2026-04-16 14:58:18,520 : INFO : EventManager : Event: ======'bcp_connection_attempt'====== Args={'name': 'local_display', 'host': 'localhost', 'port': 5050}
2026-04-16 14:58:18,520 : INFO : BCPClientSocket : Connecting BCP to 'local_display' at localhost:5050...
2026-04-16 14:58:18,523 : INFO : BCPClientSocket : Connected BCP to 'local_display' localhost:5050
2026-04-16 14:58:18,523 : INFO : EventManager : Event: ======'bcp_clients_connected'====== Args={}
2026-04-16 14:58:18,523 : INFO : ball_device.bd_plunger : BCH: Initial count: 0
2026-04-16 14:58:18,523 : INFO : ball_device.bd_plunger : State: idle
2026-04-16 14:58:18,524 : INFO : ball_device.bd_trough : BCH: Initial count: 3
2026-04-16 14:58:18,524 : INFO : ball_device.bd_trough : State: idle
2026-04-16 14:58:18,527 : INFO : EventManager : Event: ======'init_phase_3'====== Args={}
2026-04-16 14:58:18,527 : INFO : EventManager : Event: ======'init_phase_4'====== Args={}
2026-04-16 14:58:18,527 : INFO : BallController : Initial balls found: 3
2026-04-16 14:58:18,528 : INFO : EventManager : Event: ======'machine_var_audits_events_game_ended'====== Args={'value': 0, 'prev_value': None, 'change': True}
2026-04-16 14:58:18,528 : INFO : EventManager : Event: ======'machine_var_audits_events_game_started'====== Args={'value': 24, 'prev_value': None, 'change': True}
2026-04-16 14:58:18,528 : INFO : EventManager : Event: ======'machine_var_audits_missing_switches_s_bumper_left'====== Args={'value': 13, 'prev_value': None, 'change': True}
2026-04-16 14:58:18,528 : INFO : EventManager : Event: ======'machine_var_audits_missing_switches_s_bumper_right'====== Args={'value': 13, 'prev_value': None, 'change': True}
2026-04-16 14:58:18,528 : INFO : EventManager : Event: ======'machine_var_audits_missing_switches_s_plunger_lane'====== Args={'value': 24, 'prev_value': None, 'change': True}
2026-04-16 14:58:18,528 : INFO : EventManager : Event: ======'machine_var_audits_missing_switches_s_start'====== Args={'value': 20, 'prev_value': None, 'change': True}
2026-04-16 14:58:18,528 : INFO : EventManager : Event: ======'machine_var_audits_missing_switches_s_trough_1'====== Args={'value': 24, 'prev_value': None, 'change': True}
2026-04-16 14:58:18,528 : INFO : EventManager : Event: ======'machine_var_audits_missing_switches_s_trough_2'====== Args={'value': 24, 'prev_value': None, 'change': True}
2026-04-16 14:58:18,528 : INFO : EventManager : Event: ======'machine_var_audits_missing_switches_s_trough_3'====== Args={'value': 24, 'prev_value': None, 'change': True}
2026-04-16 14:58:18,528 : INFO : EventManager : Event: ======'machine_var_audits_player_score'====== Args={'value': {'average': 0, 'top': [], 'total': 0}, 'prev_value': None, 'change': True}
2026-04-16 14:58:18,528 : INFO : EventManager : Event: ======'machine_var_audits_shots_bumper_left'====== Args={'value': 145, 'prev_value': None, 'change': True}
2026-04-16 14:58:18,528 : INFO : EventManager : Event: ======'machine_var_audits_shots_bumper_right'====== Args={'value': 144, 'prev_value': None, 'change': True}
2026-04-16 14:58:18,528 : INFO : EventManager : Event: ======'machine_var_audits_shots_hurryup'====== Args={'value': 3, 'prev_value': None, 'change': True}
2026-04-16 14:58:18,528 : INFO : EventManager : Event: ======'machine_var_audits_shots_left_lane'====== Args={'value': 32, 'prev_value': None, 'change': True}
2026-04-16 14:58:18,528 : INFO : EventManager : Event: ======'machine_var_audits_switches_s_action_button'====== Args={'value': 197, 'prev_value': None, 'change': True}
2026-04-16 14:58:18,528 : INFO : EventManager : Event: ======'machine_var_audits_switches_s_bumper_left'====== Args={'value': 145, 'prev_value': None, 'change': True}
2026-04-16 14:58:18,528 : INFO : EventManager : Event: ======'machine_var_audits_switches_s_bumper_right'====== Args={'value': 144, 'prev_value': None, 'change': True}
2026-04-16 14:58:18,528 : INFO : EventManager : Event: ======'machine_var_audits_switches_s_flipper_left'====== Args={'value': 234, 'prev_value': None, 'change': True}
2026-04-16 14:58:18,528 : INFO : EventManager : Event: ======'machine_var_audits_switches_s_flipper_right'====== Args={'value': 223, 'prev_value': None, 'change': True}
2026-04-16 14:58:18,528 : INFO : EventManager : Event: ======'machine_var_audits_switches_s_left_lane'====== Args={'value': 32, 'prev_value': None, 'change': True}
2026-04-16 14:58:18,528 : INFO : EventManager : Event: ======'machine_var_audits_switches_s_plunger_lane'====== Args={'value': 0, 'prev_value': None, 'change': True}
2026-04-16 14:58:18,528 : INFO : EventManager : Event: ======'machine_var_audits_switches_s_start'====== Args={'value': 3, 'prev_value': None, 'change': True}
2026-04-16 14:58:18,528 : INFO : EventManager : Event: ======'machine_var_audits_switches_s_trough_1'====== Args={'value': 0, 'prev_value': None, 'change': True}
2026-04-16 14:58:18,528 : INFO : EventManager : Event: ======'machine_var_audits_switches_s_trough_2'====== Args={'value': 0, 'prev_value': None, 'change': True}
2026-04-16 14:58:18,528 : INFO : EventManager : Event: ======'machine_var_audits_switches_s_trough_3'====== Args={'value': 0, 'prev_value': None, 'change': True}
2026-04-16 14:58:18,528 : INFO : EventManager : Event: ======'init_phase_5'====== Args={}
2026-04-16 14:58:18,528 : INFO : EventManager : Event: ======'init_done'====== Args={}
2026-04-16 14:58:18,529 : INFO : EventManager : Event: ======'machine_reset_phase_1'====== Args={}
2026-04-16 14:58:18,530 : INFO : EventManager : Event: ======'machine_reset_phase_2'====== Args={}
2026-04-16 14:58:18,531 : INFO : EventManager : Event: ======'machine_reset_phase_3'====== Args={}
2026-04-16 14:58:18,531 : INFO : EventManager : Event: ======'reset_complete'====== Args={}
2026-04-16 14:58:18,531 : INFO : EventManager : Event: ======'mode_attract_will_start'====== Args={}
2026-04-16 14:58:18,531 : INFO : Timer.attract_carousel_timer : Starting Timer.
2026-04-16 14:58:18,531 : INFO : EventManager : Event: ======'timer_attract_carousel_timer_started'====== Args={'ticks': 0, 'ticks_remaining': 1}
2026-04-16 14:58:18,531 : INFO : EventManager : Event: ======'timer_attract_carousel_timer_tick'====== Args={'ticks': 0, 'ticks_remaining': 1}
2026-04-16 14:58:18,532 : INFO : EventManager : Event: ======'mode_attract_starting'====== Args={}
2026-04-16 14:58:18,532 : INFO : Mode.attract : Started. Priority: 10
2026-04-16 14:58:18,532 : INFO : EventManager : Event: ======'modes_active_modes_changed'====== Args={}
2026-04-16 14:58:18,532 : INFO : EventManager : Event: ======'mode_attract_started'====== Args={}
2026-04-16 14:58:18,532 : INFO : EventManager : Event: ======'collecting_balls_complete'====== Args={}
2026-04-16 14:58:18,532 : INFO : EventManager : Event: ======'carousel_item_highlighted'====== Args={'carousel': 'attract', 'direction': None, 'item': 'title'}
2026-04-16 14:58:18,532 : INFO : EventManager : Event: ======'timer_attract_carousel_timer_tick'====== Args={'ticks': 0, 'ticks_remaining': 1}
2026-04-16 14:58:18,532 : INFO : Machine : Starting the main run loop with active modes: [<Mode.attract>]
2026-04-16 14:58:18,584 : INFO : EventManager : Event: ======'slide_attract_created'====== Args={'_from_bcp': True}
2026-04-16 14:58:18,584 : INFO : EventManager : Event: ======'slide__removed'====== Args={'_from_bcp': True}
2026-04-16 14:58:18,584 : INFO : EventManager : Event: ======'slide_attract_active'====== Args={'original_context': 'attract', 'original_calling_context': 'mode_attract_started', 'priority': 10.0, 'cmd': 'slides_play', '_from_bcp': True}
2026-04-16 14:58:23,533 : INFO : Timer.attract_carousel_timer : Timer Complete
2026-04-16 14:58:23,533 : INFO : Timer.attract_carousel_timer : Stopping Timer
2026-04-16 14:58:23,533 : INFO : EventManager : Event: ======'timer_attract_carousel_timer_stopped'====== Args={'ticks': 1, 'ticks_remaining': 1}
2026-04-16 14:58:23,533 : INFO : EventManager : Event: ======'timer_attract_carousel_timer_complete'====== Args={'ticks': 1, 'ticks_remaining': 1}
2026-04-16 14:58:23,533 : INFO : EventManager : Event: ======'carousel_item_highlighted'====== Args={'carousel': 'attract', 'direction': 'forwards', 'item': 'credits'}
2026-04-16 14:58:23,534 : INFO : Timer.attract_carousel_timer : Starting Timer.
2026-04-16 14:58:23,534 : INFO : EventManager : Event: ======'timer_attract_carousel_timer_started'====== Args={'ticks': 0, 'ticks_remaining': 1}
2026-04-16 14:58:23,534 : INFO : EventManager : Event: ======'timer_attract_carousel_timer_tick'====== Args={'ticks': 0, 'ticks_remaining': 1}
2026-04-16 14:58:24,498 : INFO : SwitchController : <<<<<<< 's_start' active >>>>>>>
2026-04-16 14:58:24,631 : INFO : SwitchController : <<<<<<< 's_start' inactive >>>>>>>
2026-04-16 14:58:24,631 : INFO : EventManager : Event: ======'request_to_start_game'====== Args={}
2026-04-16 14:58:24,631 : INFO : EventManager : Event: ======'game_start'====== Args={'buttons': [], 'hold_time': 0.1328983329995026}
2026-04-16 14:58:24,631 : INFO : EventManager : Event: ======'mode_game_will_start'====== Args={'buttons': [], 'hold_time': 0.1328983329995026}
2026-04-16 14:58:24,632 : INFO : EventManager : Event: ======'mode_game_starting'====== Args={'buttons': [], 'hold_time': 0.1328983329995026}
2026-04-16 14:58:24,633 : INFO : EventManager : Event: ======'mode_attract_will_stop'====== Args={}
2026-04-16 14:58:24,633 : INFO : EventManager : Event: ======'mode_attract_stopping'====== Args={}
2026-04-16 14:58:24,633 : INFO : Mode.attract : Stopped.
2026-04-16 14:58:24,633 : INFO : EventManager : Event: ======'modes_active_modes_changed'====== Args={}
2026-04-16 14:58:24,633 : INFO : EventManager : Event: ======'mode_attract_stopped'====== Args={}
2026-04-16 14:58:24,633 : INFO : EventManager : Event: ======'clear'====== Args={'key': 'attract'}
2026-04-16 14:58:24,633 : INFO : Timer.attract_carousel_timer : Stopping Timer
2026-04-16 14:58:24,634 : INFO : EventManager : Event: ======'timer_attract_carousel_timer_stopped'====== Args={'ticks': 0, 'ticks_remaining': 1}
2026-04-16 14:58:24,634 : INFO : Mode.game : Started. Priority: 20
2026-04-16 14:58:24,634 : INFO : EventManager : Event: ======'modes_active_modes_changed'====== Args={}
2026-04-16 14:58:24,634 : INFO : EventManager : Event: ======'mode_game_started'====== Args={'buttons': [], 'hold_time': 0.1328983329995026}
2026-04-16 14:58:24,634 : INFO : EventManager : Event: ======'game_will_start'====== Args={}
2026-04-16 14:58:24,634 : INFO : EventManager : Event: ======'game_starting'====== Args={'game': <Mode.game>}
2026-04-16 14:58:24,635 : INFO : EventManager : Unordered handler for class <Auditor> on event game_ended with priority 1. Handlers: [RegisteredHandler(callback=<bound method Auditor.disable of <Auditor>>, priority=1, kwargs={}, key=UUID('d25a85a7-32aa-4c20-a08d-00a0c93008f1'), condition=None, blocking_facility=None), RegisteredHandler(callback=<bound method Auditor._save_audits of <Auditor>>, priority=1, kwargs={}, key=UUID('d5a696ed-1583-4ef3-9849-566cf50b13cc'), condition=None, blocking_facility=None)]. The order of those handlers is not defined and they will be executed in random order. This might lead to race conditions and potential bugs.
2026-04-16 14:58:24,635 : INFO : EventManager : Event: ======'player_add_request'====== Args={}
2026-04-16 14:58:24,635 : INFO : EventManager : Event: ======'player_will_add'====== Args={'number': 1}
2026-04-16 14:58:24,635 : INFO : EventManager : Event: ======'player_adding'====== Args={'player': <Player 1>, 'number': 1}
2026-04-16 14:58:24,635 : INFO : EventManager : Event: ======'player_added'====== Args={'player': <Player 1>, 'num': 1}
2026-04-16 14:58:24,635 : INFO : Mode.game : Player added successfully. Total players: 1
2026-04-16 14:58:24,636 : INFO : EventManager : Event: ======'player_index'====== Args={'value': 0, 'prev_value': 0, 'change': 0, 'player_num': 1}
2026-04-16 14:58:24,636 : INFO : EventManager : Event: ======'player_number'====== Args={'value': 1, 'prev_value': 1, 'change': 0, 'player_num': 1}
2026-04-16 14:58:24,636 : INFO : EventManager : Event: ======'player_score'====== Args={'value': 0, 'prev_value': 0, 'change': 0, 'player_num': 1}
2026-04-16 14:58:24,636 : INFO : EventManager : Event: ======'game_started'====== Args={}
2026-04-16 14:58:24,636 : INFO : EventManager : Event: ======'player_turn_will_start'====== Args={'player': <Player 1>, 'number': 1}
2026-04-16 14:58:24,637 : INFO : EventManager : Event: ======'player_turn_starting'====== Args={'player': <Player 1>, 'number': 1}
2026-04-16 14:58:24,637 : INFO : EventManager : Event: ======'player_ball'====== Args={'value': 1, 'prev_value': 0, 'change': 1, 'player_num': 1}
2026-04-16 14:58:24,637 : INFO : EventManager : Event: ======'player_turn_started'====== Args={'player': <Player 1>, 'number': 1}
2026-04-16 14:58:24,640 : INFO : EventManager : Event: ======'ball_will_start'====== Args={'player': 1, 'ball': 1, 'balls_remaining': 2, 'is_extra_ball': False}
2026-04-16 14:58:24,641 : INFO : EventManager : Event: ======'ball_starting'====== Args={'player': 1, 'ball': 1, 'balls_remaining': 2, 'is_extra_ball': False}
2026-04-16 14:58:24,641 : INFO : EventManager : Event: ======'mode_base_will_start'====== Args={'queue': <QueuedEvent>, 'player': 1, 'ball': 1, 'balls_remaining': 2, 'is_extra_ball': False}
2026-04-16 14:58:24,641 : INFO : EventManager : Event: ======'player_shot_left_lane_enabled'====== Args={'value': True, 'prev_value': 0, 'change': 1, 'player_num': 1}
2026-04-16 14:58:24,642 : INFO : EventManager : Event: ======'mode_base_starting'====== Args={'queue': <QueuedEvent>, 'player': 1, 'ball': 1, 'balls_remaining': 2, 'is_extra_ball': False}
2026-04-16 14:58:24,642 : INFO : Mode.base : Started. Priority: 100
2026-04-16 14:58:24,642 : INFO : EventManager : Event: ======'modes_active_modes_changed'====== Args={}
2026-04-16 14:58:24,642 : INFO : EventManager : Event: ======'mode_base_started'====== Args={'queue': <QueuedEvent>, 'player': 1, 'ball': 1, 'balls_remaining': 2, 'is_extra_ball': False}
2026-04-16 14:58:24,642 : INFO : EventManager : Event: ======'start_mode_bumpers'====== Args={'priority': 0}
2026-04-16 14:58:24,642 : INFO : EventManager : Event: ======'mode_bumpers_will_start'====== Args={'priority': 0}
2026-04-16 14:58:24,643 : INFO : EventManager : Event: ======'player_shot_bumper_left_enabled'====== Args={'value': True, 'prev_value': 0, 'change': 1, 'player_num': 1}
2026-04-16 14:58:24,643 : INFO : EventManager : Event: ======'player_shot_bumper_right_enabled'====== Args={'value': True, 'prev_value': 0, 'change': 1, 'player_num': 1}
2026-04-16 14:58:24,643 : INFO : EventManager : Event: ======'bumpers_complete'====== Args={'state': 'unlit'}
2026-04-16 14:58:24,643 : INFO : EventManager : Event: ======'bumpers_unlit_complete'====== Args={}
2026-04-16 14:58:24,644 : INFO : EventManager : Event: ======'mode_bumpers_starting'====== Args={'priority': 0}
2026-04-16 14:58:24,644 : INFO : Mode.bumpers : Started. Priority: 200
2026-04-16 14:58:24,644 : INFO : EventManager : Event: ======'modes_active_modes_changed'====== Args={}
2026-04-16 14:58:24,644 : INFO : EventManager : Event: ======'mode_bumpers_started'====== Args={'priority': 0}
2026-04-16 14:58:24,644 : INFO : EventManager : Event: ======'balls_in_play'====== Args={'balls': 1}
2026-04-16 14:58:24,644 : INFO : EventManager : Event: ======'ball_started'====== Args={'player': 1, 'ball': 1, 'balls_remaining': 2, 'is_extra_ball': False}
2026-04-16 14:58:24,644 : INFO : EventManager : Event: ======'single_player_ball_started'====== Args={}
2026-04-16 14:58:24,644 : INFO : EventManager : Event: ======'ball_start_target'====== Args={'target': 'playfield'}
2026-04-16 14:58:24,644 : INFO : ball_device.bd_trough : Setting up player-controlled eject. Balls: 1, Target: <playfield.playfield>, player_controlled_eject_event: None
2026-04-16 14:58:24,645 : INFO : ball_device.bd_trough : Adding 1 ball(s) to the eject_queue with target <playfield.playfield>.
2026-04-16 14:58:24,645 : INFO : EventManager : Event: ======'balldevice_balls_available'====== Args={}
2026-04-16 14:58:24,645 : INFO : ball_device.bd_trough : State: waiting_for_target_ready
2026-04-16 14:58:24,645 : INFO : EventManager : Event: ======'balldevice_bd_trough_ball_eject_attempt'====== Args={'balls': 1, 'target': <ball_device.bd_plunger>, 'source': <ball_device.bd_trough>, 'mechanical_eject': False, 'num_attempts': 0}
2026-04-16 14:58:24,645 : INFO : ball_device.bd_plunger : State: waiting_for_ball
2026-04-16 14:58:24,646 : INFO : ball_device.bd_trough : State: ejecting
2026-04-16 14:58:24,646 : INFO : ball_device.bd_trough : Ejecting ball to <ball_device.bd_plunger>
2026-04-16 14:58:24,646 : INFO : EventManager : Event: ======'balldevice_bd_trough_ejecting_ball'====== Args={'balls': 1, 'target': <ball_device.bd_plunger>, 'source': <ball_device.bd_trough>, 'mechanical_eject': False, 'num_attempts': 0}
2026-04-16 14:58:24,646 : INFO : ball_device.bd_trough : Wait for ball to leave device
2026-04-16 14:58:24,646 : INFO : coil.c_trough_eject : Pulsing Driver for 10ms (1.0 pulse_power)
2026-04-16 14:58:24,658 : INFO : EventManager : Event: ======'slide_base_slide_created'====== Args={'_from_bcp': True}
2026-04-16 14:58:24,658 : INFO : EventManager : Event: ======'slide_attract_inactive'====== Args={'is_removing': True, '_from_bcp': True}
2026-04-16 14:58:24,658 : INFO : EventManager : Event: ======'slide_base_slide_active'====== Args={'original_context': 'base', 'original_calling_context': 'mode_base_started', 'priority': 100.0, 'queue': '<QueuedEvent>', 'player': 1.0, 'ball': 1.0, 'balls_remaining': 2.0, 'is_extra_ball': False, 'cmd': 'slides_play', '_from_bcp': True}
2026-04-16 14:58:24,659 : INFO : EventManager : Event: ======'slide_attract_removed'====== Args={'_from_bcp': True}
2026-04-16 14:58:25,547 : INFO : SwitchController : <<<<<<< 's_left_lane' active >>>>>>>
2026-04-16 14:58:25,548 : INFO : EventManager : Event: ======'playfield_active'====== Args={'source': 'hurryup'}
2026-04-16 14:58:25,548 : INFO : EventManager : Event: ======'unexpected_ball_on_playfield'====== Args={}
2026-04-16 14:58:25,548 : INFO : EventManager : Event: ======'playfield_active'====== Args={'source': 'left_lane'}
2026-04-16 14:58:25,548 : INFO : EventManager : Event: ======'unexpected_ball_on_playfield'====== Args={}
2026-04-16 14:58:25,548 : INFO : EventManager : Event: ======'s_left_lane_active'====== Args={}
2026-04-16 14:58:25,548 : INFO : EventManager : Event: ======'machine_var_audits_switches_s_left_lane'====== Args={'value': 33, 'prev_value': 32, 'change': 1}
2026-04-16 14:58:25,549 : INFO : EventManager : Event: ======'player_shot_left_lane'====== Args={'value': 1, 'prev_value': 0, 'change': 1, 'player_num': 1}
2026-04-16 14:58:25,550 : INFO : EventManager : Event: ======'machine_var_audits_shots_left_lane'====== Args={'value': 33, 'prev_value': 32, 'change': 1}
2026-04-16 14:58:25,550 : INFO : EventManager : Event: ======'left_lane_hit'====== Args={'profile': 'default', 'state': 'unlit', 'advancing': True}
2026-04-16 14:58:25,550 : INFO : EventManager : Event: ======'left_lane_default_hit'====== Args={'profile': 'default', 'state': 'unlit', 'advancing': True}
2026-04-16 14:58:25,550 : INFO : EventManager : Event: ======'left_lane_default_unlit_hit'====== Args={'profile': 'default', 'state': 'unlit', 'advancing': True}
2026-04-16 14:58:25,550 : INFO : EventManager : Event: ======'left_lane_unlit_hit'====== Args={'profile': 'default', 'state': 'unlit', 'advancing': True}
2026-04-16 14:58:25,550 : INFO : EventManager : Event: ======'start_mode_rhythm'====== Args={'priority': 0}
2026-04-16 14:58:25,550 : INFO : EventManager : Event: ======'mode_rhythm_will_start'====== Args={'priority': 0}
2026-04-16 14:58:25,551 : INFO : EventManager : Event: ======'mode_rhythm_starting'====== Args={'priority': 0}
2026-04-16 14:58:25,551 : INFO : Mode.rhythm : Started. Priority: 1200
2026-04-16 14:58:25,551 : INFO : EventManager : Event: ======'modes_active_modes_changed'====== Args={}
2026-04-16 14:58:25,551 : INFO : EventManager : Event: ======'mode_rhythm_started'====== Args={'priority': 0}
2026-04-16 14:58:25,551 : INFO : EventManager : Event: ======'player_rhythm_mode_score'====== Args={'value': 0, 'prev_value': 0, 'change': 0, 'player_num': 1}
2026-04-16 14:58:25,551 : INFO : EventManager : Event: ======'player_rhythm_combo'====== Args={'value': 0, 'prev_value': 0, 'change': 0, 'player_num': 1}
2026-04-16 14:58:25,552 : INFO : EventManager : Event: ======'player_rhythm_best_combo'====== Args={'value': 0, 'prev_value': 0, 'change': 0, 'player_num': 1}
2026-04-16 14:58:25,552 : INFO : EventManager : Event: ======'player_rhythm_hits'====== Args={'value': 0, 'prev_value': 0, 'change': 0, 'player_num': 1}
2026-04-16 14:58:25,552 : INFO : EventManager : Event: ======'player_rhythm_misses'====== Args={'value': 0, 'prev_value': 0, 'change': 0, 'player_num': 1}
2026-04-16 14:58:25,552 : INFO : EventManager : Event: ======'player_rhythm_notes_total'====== Args={'value': 38, 'prev_value': 0, 'change': 38, 'player_num': 1}
2026-04-16 14:58:25,552 : INFO : EventManager : Event: ======'player_rhythm_accuracy'====== Args={'value': 0, 'prev_value': 0, 'change': 0, 'player_num': 1}
2026-04-16 14:58:25,552 : INFO : EventManager : Event: ======'player_rhythm_multiplier'====== Args={'value': 1, 'prev_value': 0, 'change': 1, 'player_num': 1}
2026-04-16 14:58:25,603 : INFO : EventManager : Event: ======'rhythm_chart_started'====== Args={'total_notes': 38, 'travel_ms': 1600, 'perfect_window_ms': 90, 'good_window_ms': 170, 'lead_in_ms': 1800, 'chart_started_delay_ms': 50, 'song_key': 'Deep Purple - Smoke On the Water (Official Music Video)', 'song_bus': 'music', 'audio_offset_ms': 0}
2026-04-16 14:58:25,605 : INFO : EventManager : Event: ======'slide_rhythm_created'====== Args={'_from_bcp': True}
2026-04-16 14:58:25,605 : INFO : EventManager : Event: ======'slide_base_slide_inactive'====== Args={'is_removing': False, '_from_bcp': True}
2026-04-16 14:58:25,605 : INFO : EventManager : Event: ======'slide_rhythm_active'====== Args={'original_context': 'rhythm', 'original_calling_context': 'mode_rhythm_started', 'priority': 1200.0, 'cmd': 'slides_play', '_from_bcp': True}
2026-04-16 14:58:25,713 : INFO : SwitchController : <<<<<<< 's_left_lane' inactive >>>>>>>
2026-04-16 14:58:26,353 : INFO : EventManager : Event: ======'rhythm_note_spawned'====== Args={'note_id': 0, 'lane': 'left', 'travel_ms': 1600, 'hit_time_ms': 2400}
2026-04-16 14:58:26,754 : INFO : EventManager : Event: ======'rhythm_note_spawned'====== Args={'note_id': 1, 'lane': 'center', 'travel_ms': 1600, 'hit_time_ms': 2800}
2026-04-16 14:58:27,154 : INFO : EventManager : Event: ======'rhythm_note_spawned'====== Args={'note_id': 2, 'lane': 'right', 'travel_ms': 1600, 'hit_time_ms': 3200}
2026-04-16 14:58:27,554 : INFO : EventManager : Event: ======'rhythm_note_spawned'====== Args={'note_id': 3, 'lane': 'left', 'travel_ms': 1600, 'hit_time_ms': 3600}
2026-04-16 14:58:27,954 : INFO : EventManager : Event: ======'rhythm_note_spawned'====== Args={'note_id': 4, 'lane': 'center', 'travel_ms': 1600, 'hit_time_ms': 4000}
2026-04-16 14:58:27,954 : INFO : EventManager : Event: ======'rhythm_note_spawned'====== Args={'note_id': 5, 'lane': 'right', 'travel_ms': 1600, 'hit_time_ms': 4000}
2026-04-16 14:58:28,052 : INFO : SwitchController : <<<<<<< 's_flipper_left' active >>>>>>>
2026-04-16 14:58:28,053 : INFO : EventManager : Event: ======'rhythm_lane_pressed'====== Args={'lane': 'left'}
2026-04-16 14:58:28,053 : INFO : EventManager : Event: ======'player_rhythm_combo'====== Args={'value': 1, 'prev_value': 0, 'change': 1, 'player_num': 1}
2026-04-16 14:58:28,053 : INFO : EventManager : Event: ======'player_rhythm_best_combo'====== Args={'value': 1, 'prev_value': 0, 'change': 1, 'player_num': 1}
2026-04-16 14:58:28,053 : INFO : EventManager : Event: ======'player_rhythm_hits'====== Args={'value': 1, 'prev_value': 0, 'change': 1, 'player_num': 1}
2026-04-16 14:58:28,053 : INFO : EventManager : Event: ======'player_rhythm_mode_score'====== Args={'value': 10000, 'prev_value': 0, 'change': 10000, 'player_num': 1}
2026-04-16 14:58:28,054 : INFO : EventManager : Event: ======'player_score'====== Args={'value': 10000, 'prev_value': 0, 'change': 10000, 'player_num': 1}
2026-04-16 14:58:28,054 : INFO : EventManager : Event: ======'rhythm_note_hit'====== Args={'note_id': 0, 'lane': 'left', 'judgment': 'good', 'combo': 1, 'multiplier': 1, 'award': 10000, 'delta_ms': 101, 'total_score': 10000}
2026-04-16 14:58:28,054 : INFO : EventManager : Event: ======'machine_var_audits_switches_s_flipper_left'====== Args={'value': 235, 'prev_value': 234, 'change': 1}
2026-04-16 14:58:28,181 : INFO : SwitchController : <<<<<<< 's_flipper_left' inactive >>>>>>>
2026-04-16 14:58:28,453 : INFO : EventManager : Event: ======'rhythm_note_spawned'====== Args={'note_id': 6, 'lane': 'left', 'travel_ms': 1600, 'hit_time_ms': 4500}
2026-04-16 14:58:28,525 : INFO : EventManager : Event: ======'player_rhythm_combo'====== Args={'value': 0, 'prev_value': 1, 'change': -1, 'player_num': 1}
2026-04-16 14:58:28,525 : INFO : EventManager : Event: ======'player_rhythm_misses'====== Args={'value': 1, 'prev_value': 0, 'change': 1, 'player_num': 1}
2026-04-16 14:58:28,525 : INFO : EventManager : Event: ======'rhythm_note_missed'====== Args={'note_id': 1, 'lane': 'center', 'total_misses': 1}
2026-04-16 14:58:28,535 : INFO : SwitchController : <<<<<<< 's_action_button' active >>>>>>>
2026-04-16 14:58:28,535 : INFO : EventManager : Event: ======'rhythm_lane_pressed'====== Args={'lane': 'center'}
2026-04-16 14:58:28,535 : INFO : EventManager : Event: ======'machine_var_audits_switches_s_action_button'====== Args={'value': 198, 'prev_value': 197, 'change': 1}
2026-04-16 14:58:28,699 : INFO : SwitchController : <<<<<<< 's_action_button' inactive >>>>>>>
2026-04-16 14:58:28,848 : INFO : SwitchController : <<<<<<< 's_flipper_right' active >>>>>>>
2026-04-16 14:58:28,848 : INFO : EventManager : Event: ======'rhythm_lane_pressed'====== Args={'lane': 'right'}
2026-04-16 14:58:28,848 : INFO : EventManager : Event: ======'player_rhythm_combo'====== Args={'value': 1, 'prev_value': 0, 'change': 1, 'player_num': 1}
2026-04-16 14:58:28,849 : INFO : EventManager : Event: ======'player_rhythm_hits'====== Args={'value': 2, 'prev_value': 1, 'change': 1, 'player_num': 1}
2026-04-16 14:58:28,849 : INFO : EventManager : Event: ======'player_rhythm_mode_score'====== Args={'value': 20000, 'prev_value': 10000, 'change': 10000, 'player_num': 1}
2026-04-16 14:58:28,849 : INFO : EventManager : Event: ======'player_score'====== Args={'value': 20000, 'prev_value': 10000, 'change': 10000, 'player_num': 1}
2026-04-16 14:58:28,849 : INFO : EventManager : Event: ======'rhythm_note_hit'====== Args={'note_id': 2, 'lane': 'right', 'judgment': 'good', 'combo': 1, 'multiplier': 1, 'award': 10000, 'delta_ms': 97, 'total_score': 20000}
2026-04-16 14:58:28,849 : INFO : EventManager : Event: ======'machine_var_audits_switches_s_flipper_right'====== Args={'value': 224, 'prev_value': 223, 'change': 1}
2026-04-16 14:58:28,853 : INFO : EventManager : Event: ======'rhythm_note_spawned'====== Args={'note_id': 7, 'lane': 'center', 'travel_ms': 1600, 'hit_time_ms': 4900}
2026-04-16 14:58:29,016 : INFO : SwitchController : <<<<<<< 's_flipper_right' inactive >>>>>>>
2026-04-16 14:58:29,253 : INFO : EventManager : Event: ======'rhythm_note_spawned'====== Args={'note_id': 8, 'lane': 'right', 'travel_ms': 1600, 'hit_time_ms': 5300}
2026-04-16 14:58:29,304 : INFO : SwitchController : <<<<<<< 's_flipper_left' active >>>>>>>
2026-04-16 14:58:29,304 : INFO : EventManager : Event: ======'rhythm_lane_pressed'====== Args={'lane': 'left'}
2026-04-16 14:58:29,304 : INFO : EventManager : Event: ======'player_rhythm_combo'====== Args={'value': 2, 'prev_value': 1, 'change': 1, 'player_num': 1}
2026-04-16 14:58:29,305 : INFO : EventManager : Event: ======'player_rhythm_best_combo'====== Args={'value': 2, 'prev_value': 1, 'change': 1, 'player_num': 1}
2026-04-16 14:58:29,305 : INFO : EventManager : Event: ======'player_rhythm_hits'====== Args={'value': 3, 'prev_value': 2, 'change': 1, 'player_num': 1}
2026-04-16 14:58:29,305 : INFO : EventManager : Event: ======'player_rhythm_mode_score'====== Args={'value': 30000, 'prev_value': 20000, 'change': 10000, 'player_num': 1}
2026-04-16 14:58:29,305 : INFO : EventManager : Event: ======'player_score'====== Args={'value': 30000, 'prev_value': 20000, 'change': 10000, 'player_num': 1}
2026-04-16 14:58:29,306 : INFO : EventManager : Event: ======'rhythm_note_hit'====== Args={'note_id': 3, 'lane': 'left', 'judgment': 'good', 'combo': 2, 'multiplier': 1, 'award': 10000, 'delta_ms': 153, 'total_score': 30000}
2026-04-16 14:58:29,306 : INFO : EventManager : Event: ======'machine_var_audits_switches_s_flipper_left'====== Args={'value': 236, 'prev_value': 235, 'change': 1}
2026-04-16 14:58:29,432 : INFO : SwitchController : <<<<<<< 's_flipper_left' inactive >>>>>>>
2026-04-16 14:58:29,598 : INFO : SwitchController : <<<<<<< 's_action_button' active >>>>>>>
2026-04-16 14:58:29,598 : INFO : EventManager : Event: ======'rhythm_lane_pressed'====== Args={'lane': 'center'}
2026-04-16 14:58:29,598 : INFO : EventManager : Event: ======'player_rhythm_combo'====== Args={'value': 3, 'prev_value': 2, 'change': 1, 'player_num': 1}
2026-04-16 14:58:29,599 : INFO : EventManager : Event: ======'player_rhythm_best_combo'====== Args={'value': 3, 'prev_value': 2, 'change': 1, 'player_num': 1}
2026-04-16 14:58:29,599 : INFO : EventManager : Event: ======'player_rhythm_hits'====== Args={'value': 4, 'prev_value': 3, 'change': 1, 'player_num': 1}
2026-04-16 14:58:29,599 : INFO : EventManager : Event: ======'player_rhythm_mode_score'====== Args={'value': 50000, 'prev_value': 30000, 'change': 20000, 'player_num': 1}
2026-04-16 14:58:29,599 : INFO : EventManager : Event: ======'player_score'====== Args={'value': 50000, 'prev_value': 30000, 'change': 20000, 'player_num': 1}
2026-04-16 14:58:29,600 : INFO : EventManager : Event: ======'rhythm_note_hit'====== Args={'note_id': 4, 'lane': 'center', 'judgment': 'perfect', 'combo': 3, 'multiplier': 1, 'award': 20000, 'delta_ms': 47, 'total_score': 50000}
2026-04-16 14:58:29,600 : INFO : EventManager : Event: ======'machine_var_audits_switches_s_action_button'====== Args={'value': 199, 'prev_value': 198, 'change': 1}
2026-04-16 14:58:29,654 : INFO : EventManager : Event: ======'rhythm_note_spawned'====== Args={'note_id': 9, 'lane': 'left', 'travel_ms': 1600, 'hit_time_ms': 5700}
2026-04-16 14:58:29,725 : INFO : EventManager : Event: ======'player_rhythm_combo'====== Args={'value': 0, 'prev_value': 3, 'change': -3, 'player_num': 1}
2026-04-16 14:58:29,726 : INFO : EventManager : Event: ======'player_rhythm_misses'====== Args={'value': 2, 'prev_value': 1, 'change': 1, 'player_num': 1}
2026-04-16 14:58:29,726 : INFO : EventManager : Event: ======'rhythm_note_missed'====== Args={'note_id': 5, 'lane': 'right', 'total_misses': 2}
2026-04-16 14:58:29,748 : INFO : SwitchController : <<<<<<< 's_action_button' inactive >>>>>>>
2026-04-16 14:58:30,053 : INFO : EventManager : Event: ======'rhythm_note_spawned'====== Args={'note_id': 10, 'lane': 'center', 'travel_ms': 1600, 'hit_time_ms': 6100}
2026-04-16 14:58:30,218 : INFO : SwitchController : <<<<<<< 's_flipper_left' active >>>>>>>
2026-04-16 14:58:30,218 : INFO : EventManager : Event: ======'rhythm_lane_pressed'====== Args={'lane': 'left'}
2026-04-16 14:58:30,219 : INFO : EventManager : Event: ======'player_rhythm_combo'====== Args={'value': 1, 'prev_value': 0, 'change': 1, 'player_num': 1}
2026-04-16 14:58:30,219 : INFO : EventManager : Event: ======'player_rhythm_hits'====== Args={'value': 5, 'prev_value': 4, 'change': 1, 'player_num': 1}
2026-04-16 14:58:30,219 : INFO : EventManager : Event: ======'player_rhythm_mode_score'====== Args={'value': 60000, 'prev_value': 50000, 'change': 10000, 'player_num': 1}
2026-04-16 14:58:30,219 : INFO : EventManager : Event: ======'player_score'====== Args={'value': 60000, 'prev_value': 50000, 'change': 10000, 'player_num': 1}
2026-04-16 14:58:30,219 : INFO : EventManager : Event: ======'rhythm_note_hit'====== Args={'note_id': 6, 'lane': 'left', 'judgment': 'good', 'combo': 1, 'multiplier': 1, 'award': 10000, 'delta_ms': 167, 'total_score': 60000}
2026-04-16 14:58:30,220 : INFO : EventManager : Event: ======'machine_var_audits_switches_s_flipper_left'====== Args={'value': 237, 'prev_value': 236, 'change': 1}
2026-04-16 14:58:30,347 : INFO : SwitchController : <<<<<<< 's_flipper_left' inactive >>>>>>>
2026-04-16 14:58:30,454 : INFO : EventManager : Event: ======'rhythm_note_spawned'====== Args={'note_id': 11, 'lane': 'right', 'travel_ms': 1600, 'hit_time_ms': 6500}
2026-04-16 14:58:30,515 : INFO : SwitchController : <<<<<<< 's_action_button' active >>>>>>>
2026-04-16 14:58:30,515 : INFO : EventManager : Event: ======'rhythm_lane_pressed'====== Args={'lane': 'center'}
2026-04-16 14:58:30,515 : INFO : EventManager : Event: ======'player_rhythm_combo'====== Args={'value': 2, 'prev_value': 1, 'change': 1, 'player_num': 1}
2026-04-16 14:58:30,516 : INFO : EventManager : Event: ======'player_rhythm_hits'====== Args={'value': 6, 'prev_value': 5, 'change': 1, 'player_num': 1}
2026-04-16 14:58:30,516 : INFO : EventManager : Event: ======'player_rhythm_mode_score'====== Args={'value': 80000, 'prev_value': 60000, 'change': 20000, 'player_num': 1}
2026-04-16 14:58:30,516 : INFO : EventManager : Event: ======'player_score'====== Args={'value': 80000, 'prev_value': 60000, 'change': 20000, 'player_num': 1}
2026-04-16 14:58:30,516 : INFO : EventManager : Event: ======'rhythm_note_hit'====== Args={'note_id': 7, 'lane': 'center', 'judgment': 'perfect', 'combo': 2, 'multiplier': 1, 'award': 20000, 'delta_ms': 64, 'total_score': 80000}
2026-04-16 14:58:30,516 : INFO : EventManager : Event: ======'machine_var_audits_switches_s_action_button'====== Args={'value': 200, 'prev_value': 199, 'change': 1}
2026-04-16 14:58:30,665 : INFO : SwitchController : <<<<<<< 's_action_button' inactive >>>>>>>
2026-04-16 14:58:30,854 : INFO : EventManager : Event: ======'rhythm_note_spawned'====== Args={'note_id': 12, 'lane': 'center', 'travel_ms': 1600, 'hit_time_ms': 6900}
2026-04-16 14:58:30,864 : INFO : SwitchController : <<<<<<< 's_flipper_right' active >>>>>>>
2026-04-16 14:58:30,865 : INFO : EventManager : Event: ======'rhythm_lane_pressed'====== Args={'lane': 'right'}
2026-04-16 14:58:30,865 : INFO : EventManager : Event: ======'player_rhythm_combo'====== Args={'value': 3, 'prev_value': 2, 'change': 1, 'player_num': 1}
2026-04-16 14:58:30,866 : INFO : EventManager : Event: ======'player_rhythm_hits'====== Args={'value': 7, 'prev_value': 6, 'change': 1, 'player_num': 1}
2026-04-16 14:58:30,866 : INFO : EventManager : Event: ======'player_rhythm_mode_score'====== Args={'value': 100000, 'prev_value': 80000, 'change': 20000, 'player_num': 1}
2026-04-16 14:58:30,866 : INFO : EventManager : Event: ======'player_score'====== Args={'value': 100000, 'prev_value': 80000, 'change': 20000, 'player_num': 1}
2026-04-16 14:58:30,866 : INFO : EventManager : Event: ======'rhythm_note_hit'====== Args={'note_id': 8, 'lane': 'right', 'judgment': 'perfect', 'combo': 3, 'multiplier': 1, 'award': 20000, 'delta_ms': 14, 'total_score': 100000}
2026-04-16 14:58:30,866 : INFO : EventManager : Event: ======'machine_var_audits_switches_s_flipper_right'====== Args={'value': 225, 'prev_value': 224, 'change': 1}
2026-04-16 14:58:31,064 : INFO : SwitchController : <<<<<<< 's_flipper_right' inactive >>>>>>>
2026-04-16 14:58:31,253 : INFO : EventManager : Event: ======'rhythm_note_spawned'====== Args={'note_id': 13, 'lane': 'right', 'travel_ms': 1600, 'hit_time_ms': 7300}
2026-04-16 14:58:31,384 : INFO : SwitchController : <<<<<<< 's_flipper_left' active >>>>>>>
2026-04-16 14:58:31,384 : INFO : EventManager : Event: ======'rhythm_lane_pressed'====== Args={'lane': 'left'}
2026-04-16 14:58:31,384 : INFO : EventManager : Event: ======'player_rhythm_combo'====== Args={'value': 4, 'prev_value': 3, 'change': 1, 'player_num': 1}
2026-04-16 14:58:31,385 : INFO : EventManager : Event: ======'player_rhythm_best_combo'====== Args={'value': 4, 'prev_value': 3, 'change': 1, 'player_num': 1}
2026-04-16 14:58:31,385 : INFO : EventManager : Event: ======'player_rhythm_hits'====== Args={'value': 8, 'prev_value': 7, 'change': 1, 'player_num': 1}
2026-04-16 14:58:31,385 : INFO : EventManager : Event: ======'player_rhythm_mode_score'====== Args={'value': 110000, 'prev_value': 100000, 'change': 10000, 'player_num': 1}
2026-04-16 14:58:31,386 : INFO : EventManager : Event: ======'player_score'====== Args={'value': 110000, 'prev_value': 100000, 'change': 10000, 'player_num': 1}
2026-04-16 14:58:31,386 : INFO : EventManager : Event: ======'rhythm_note_hit'====== Args={'note_id': 9, 'lane': 'left', 'judgment': 'good', 'combo': 4, 'multiplier': 1, 'award': 10000, 'delta_ms': 133, 'total_score': 110000}
2026-04-16 14:58:31,386 : INFO : EventManager : Event: ======'machine_var_audits_switches_s_flipper_left'====== Args={'value': 238, 'prev_value': 237, 'change': 1}
2026-04-16 14:58:31,497 : INFO : SwitchController : <<<<<<< 's_flipper_left' inactive >>>>>>>
2026-04-16 14:58:31,653 : INFO : EventManager : Event: ======'rhythm_note_spawned'====== Args={'note_id': 14, 'lane': 'left', 'travel_ms': 1600, 'hit_time_ms': 7700}
2026-04-16 14:58:31,653 : INFO : EventManager : Event: ======'rhythm_note_spawned'====== Args={'note_id': 15, 'lane': 'center', 'travel_ms': 1600, 'hit_time_ms': 7700}
2026-04-16 14:58:31,700 : INFO : SwitchController : <<<<<<< 's_action_button' active >>>>>>>
2026-04-16 14:58:31,700 : INFO : EventManager : Event: ======'rhythm_lane_pressed'====== Args={'lane': 'center'}
2026-04-16 14:58:31,700 : INFO : EventManager : Event: ======'player_rhythm_combo'====== Args={'value': 5, 'prev_value': 4, 'change': 1, 'player_num': 1}
2026-04-16 14:58:31,701 : INFO : EventManager : Event: ======'player_rhythm_best_combo'====== Args={'value': 5, 'prev_value': 4, 'change': 1, 'player_num': 1}
2026-04-16 14:58:31,701 : INFO : EventManager : Event: ======'player_rhythm_hits'====== Args={'value': 9, 'prev_value': 8, 'change': 1, 'player_num': 1}
2026-04-16 14:58:31,702 : INFO : EventManager : Event: ======'player_rhythm_mode_score'====== Args={'value': 130000, 'prev_value': 110000, 'change': 20000, 'player_num': 1}
2026-04-16 14:58:31,702 : INFO : EventManager : Event: ======'player_score'====== Args={'value': 130000, 'prev_value': 110000, 'change': 20000, 'player_num': 1}
2026-04-16 14:58:31,702 : INFO : EventManager : Event: ======'rhythm_note_hit'====== Args={'note_id': 10, 'lane': 'center', 'judgment': 'perfect', 'combo': 5, 'multiplier': 1, 'award': 20000, 'delta_ms': 49, 'total_score': 130000}
2026-04-16 14:58:31,702 : INFO : EventManager : Event: ======'machine_var_audits_switches_s_action_button'====== Args={'value': 201, 'prev_value': 200, 'change': 1}
2026-04-16 14:58:31,865 : INFO : SwitchController : <<<<<<< 's_action_button' inactive >>>>>>>
2026-04-16 14:58:32,135 : INFO : SwitchController : <<<<<<< 's_flipper_right' active >>>>>>>
2026-04-16 14:58:32,135 : INFO : EventManager : Event: ======'rhythm_lane_pressed'====== Args={'lane': 'right'}
2026-04-16 14:58:32,136 : INFO : EventManager : Event: ======'player_rhythm_combo'====== Args={'value': 6, 'prev_value': 5, 'change': 1, 'player_num': 1}
2026-04-16 14:58:32,136 : INFO : EventManager : Event: ======'player_rhythm_best_combo'====== Args={'value': 6, 'prev_value': 5, 'change': 1, 'player_num': 1}
2026-04-16 14:58:32,136 : INFO : EventManager : Event: ======'player_rhythm_hits'====== Args={'value': 10, 'prev_value': 9, 'change': 1, 'player_num': 1}
2026-04-16 14:58:32,137 : INFO : EventManager : Event: ======'player_rhythm_mode_score'====== Args={'value': 150000, 'prev_value': 130000, 'change': 20000, 'player_num': 1}
2026-04-16 14:58:32,137 : INFO : EventManager : Event: ======'player_score'====== Args={'value': 150000, 'prev_value': 130000, 'change': 20000, 'player_num': 1}
2026-04-16 14:58:32,137 : INFO : EventManager : Event: ======'rhythm_note_hit'====== Args={'note_id': 11, 'lane': 'right', 'judgment': 'perfect', 'combo': 6, 'multiplier': 1, 'award': 20000, 'delta_ms': 84, 'total_score': 150000}
2026-04-16 14:58:32,137 : INFO : EventManager : Event: ======'machine_var_audits_switches_s_flipper_right'====== Args={'value': 226, 'prev_value': 225, 'change': 1}
2026-04-16 14:58:32,254 : INFO : EventManager : Event: ======'rhythm_note_spawned'====== Args={'note_id': 16, 'lane': 'left', 'travel_ms': 1600, 'hit_time_ms': 8300}
2026-04-16 14:58:32,281 : INFO : SwitchController : <<<<<<< 's_flipper_right' inactive >>>>>>>
2026-04-16 14:58:32,581 : INFO : SwitchController : <<<<<<< 's_action_button' active >>>>>>>
2026-04-16 14:58:32,582 : INFO : EventManager : Event: ======'rhythm_lane_pressed'====== Args={'lane': 'center'}
2026-04-16 14:58:32,582 : INFO : EventManager : Event: ======'player_rhythm_combo'====== Args={'value': 7, 'prev_value': 6, 'change': 1, 'player_num': 1}
2026-04-16 14:58:32,582 : INFO : EventManager : Event: ======'player_rhythm_best_combo'====== Args={'value': 7, 'prev_value': 6, 'change': 1, 'player_num': 1}
2026-04-16 14:58:32,582 : INFO : EventManager : Event: ======'player_rhythm_hits'====== Args={'value': 11, 'prev_value': 10, 'change': 1, 'player_num': 1}
2026-04-16 14:58:32,582 : INFO : EventManager : Event: ======'player_rhythm_mode_score'====== Args={'value': 160000, 'prev_value': 150000, 'change': 10000, 'player_num': 1}
2026-04-16 14:58:32,582 : INFO : EventManager : Event: ======'player_score'====== Args={'value': 160000, 'prev_value': 150000, 'change': 10000, 'player_num': 1}
2026-04-16 14:58:32,583 : INFO : EventManager : Event: ======'rhythm_note_hit'====== Args={'note_id': 12, 'lane': 'center', 'judgment': 'good', 'combo': 7, 'multiplier': 1, 'award': 10000, 'delta_ms': 130, 'total_score': 160000}
2026-04-16 14:58:32,583 : INFO : EventManager : Event: ======'machine_var_audits_switches_s_action_button'====== Args={'value': 202, 'prev_value': 201, 'change': 1}
2026-04-16 14:58:32,653 : INFO : EventManager : Event: ======'rhythm_note_spawned'====== Args={'note_id': 17, 'lane': 'center', 'travel_ms': 1600, 'hit_time_ms': 8700}
2026-04-16 14:58:32,748 : INFO : SwitchController : <<<<<<< 's_action_button' inactive >>>>>>>
2026-04-16 14:58:32,968 : INFO : SwitchController : <<<<<<< 's_flipper_right' active >>>>>>>
2026-04-16 14:58:32,968 : INFO : EventManager : Event: ======'rhythm_lane_pressed'====== Args={'lane': 'right'}
2026-04-16 14:58:32,968 : INFO : EventManager : Event: ======'player_rhythm_combo'====== Args={'value': 8, 'prev_value': 7, 'change': 1, 'player_num': 1}
2026-04-16 14:58:32,969 : INFO : EventManager : Event: ======'player_rhythm_best_combo'====== Args={'value': 8, 'prev_value': 7, 'change': 1, 'player_num': 1}
2026-04-16 14:58:32,969 : INFO : EventManager : Event: ======'player_rhythm_hits'====== Args={'value': 12, 'prev_value': 11, 'change': 1, 'player_num': 1}
2026-04-16 14:58:32,969 : INFO : EventManager : Event: ======'player_rhythm_mode_score'====== Args={'value': 170000, 'prev_value': 160000, 'change': 10000, 'player_num': 1}
2026-04-16 14:58:32,969 : INFO : EventManager : Event: ======'player_score'====== Args={'value': 170000, 'prev_value': 160000, 'change': 10000, 'player_num': 1}
2026-04-16 14:58:32,969 : INFO : EventManager : Event: ======'rhythm_note_hit'====== Args={'note_id': 13, 'lane': 'right', 'judgment': 'good', 'combo': 8, 'multiplier': 1, 'award': 10000, 'delta_ms': 117, 'total_score': 170000}
2026-04-16 14:58:32,969 : INFO : EventManager : Event: ======'machine_var_audits_switches_s_flipper_right'====== Args={'value': 227, 'prev_value': 226, 'change': 1}
2026-04-16 14:58:33,053 : INFO : EventManager : Event: ======'rhythm_note_spawned'====== Args={'note_id': 18, 'lane': 'right', 'travel_ms': 1600, 'hit_time_ms': 9100}
2026-04-16 14:58:33,115 : INFO : SwitchController : <<<<<<< 's_flipper_right' inactive >>>>>>>
2026-04-16 14:58:33,384 : INFO : SwitchController : <<<<<<< 's_action_button' active >>>>>>>
2026-04-16 14:58:33,385 : INFO : EventManager : Event: ======'rhythm_lane_pressed'====== Args={'lane': 'center'}
2026-04-16 14:58:33,385 : INFO : EventManager : Event: ======'player_rhythm_combo'====== Args={'value': 9, 'prev_value': 8, 'change': 1, 'player_num': 1}
2026-04-16 14:58:33,385 : INFO : EventManager : Event: ======'player_rhythm_best_combo'====== Args={'value': 9, 'prev_value': 8, 'change': 1, 'player_num': 1}
2026-04-16 14:58:33,386 : INFO : EventManager : Event: ======'player_rhythm_hits'====== Args={'value': 13, 'prev_value': 12, 'change': 1, 'player_num': 1}
2026-04-16 14:58:33,386 : INFO : EventManager : Event: ======'player_rhythm_multiplier'====== Args={'value': 2, 'prev_value': 1, 'change': 1, 'player_num': 1}
2026-04-16 14:58:33,386 : INFO : EventManager : Event: ======'player_rhythm_mode_score'====== Args={'value': 190000, 'prev_value': 170000, 'change': 20000, 'player_num': 1}
2026-04-16 14:58:33,386 : INFO : EventManager : Event: ======'player_score'====== Args={'value': 190000, 'prev_value': 170000, 'change': 20000, 'player_num': 1}
2026-04-16 14:58:33,386 : INFO : EventManager : Event: ======'rhythm_note_hit'====== Args={'note_id': 15, 'lane': 'center', 'judgment': 'good', 'combo': 9, 'multiplier': 2, 'award': 20000, 'delta_ms': 133, 'total_score': 190000}
2026-04-16 14:58:33,386 : INFO : EventManager : Event: ======'machine_var_audits_switches_s_action_button'====== Args={'value': 203, 'prev_value': 202, 'change': 1}
2026-04-16 14:58:33,423 : INFO : EventManager : Event: ======'player_rhythm_combo'====== Args={'value': 0, 'prev_value': 9, 'change': -9, 'player_num': 1}
2026-04-16 14:58:33,424 : INFO : EventManager : Event: ======'player_rhythm_misses'====== Args={'value': 3, 'prev_value': 2, 'change': 1, 'player_num': 1}
2026-04-16 14:58:33,424 : INFO : EventManager : Event: ======'player_rhythm_multiplier'====== Args={'value': 1, 'prev_value': 2, 'change': -1, 'player_num': 1}
2026-04-16 14:58:33,424 : INFO : EventManager : Event: ======'rhythm_note_missed'====== Args={'note_id': 14, 'lane': 'left', 'total_misses': 3}
2026-04-16 14:58:33,454 : INFO : EventManager : Event: ======'rhythm_note_spawned'====== Args={'note_id': 19, 'lane': 'center', 'travel_ms': 1600, 'hit_time_ms': 9500}
2026-04-16 14:58:33,515 : INFO : SwitchController : <<<<<<< 's_flipper_left' active >>>>>>>
2026-04-16 14:58:33,515 : INFO : EventManager : Event: ======'rhythm_lane_pressed'====== Args={'lane': 'left'}
2026-04-16 14:58:33,516 : INFO : EventManager : Event: ======'machine_var_audits_switches_s_flipper_left'====== Args={'value': 239, 'prev_value': 238, 'change': 1}
2026-04-16 14:58:33,648 : INFO : SwitchController : <<<<<<< 's_action_button' inactive >>>>>>>
2026-04-16 14:58:33,698 : INFO : SwitchController : <<<<<<< 's_flipper_left' inactive >>>>>>>
2026-04-16 14:58:33,854 : INFO : EventManager : Event: ======'rhythm_note_spawned'====== Args={'note_id': 20, 'lane': 'right', 'travel_ms': 1600, 'hit_time_ms': 9900}
2026-04-16 14:58:33,998 : INFO : SwitchController : <<<<<<< 's_flipper_left' active >>>>>>>
2026-04-16 14:58:33,998 : INFO : EventManager : Event: ======'rhythm_lane_pressed'====== Args={'lane': 'left'}
2026-04-16 14:58:33,998 : INFO : EventManager : Event: ======'player_rhythm_combo'====== Args={'value': 1, 'prev_value': 0, 'change': 1, 'player_num': 1}
2026-04-16 14:58:33,999 : INFO : EventManager : Event: ======'player_rhythm_hits'====== Args={'value': 14, 'prev_value': 13, 'change': 1, 'player_num': 1}
2026-04-16 14:58:34,000 : INFO : EventManager : Event: ======'player_rhythm_mode_score'====== Args={'value': 200000, 'prev_value': 190000, 'change': 10000, 'player_num': 1}
2026-04-16 14:58:34,000 : INFO : EventManager : Event: ======'player_score'====== Args={'value': 200000, 'prev_value': 190000, 'change': 10000, 'player_num': 1}
2026-04-16 14:58:34,000 : INFO : EventManager : Event: ======'rhythm_note_hit'====== Args={'note_id': 16, 'lane': 'left', 'judgment': 'good', 'combo': 1, 'multiplier': 1, 'award': 10000, 'delta_ms': 147, 'total_score': 200000}
2026-04-16 14:58:34,000 : INFO : EventManager : Event: ======'machine_var_audits_switches_s_flipper_left'====== Args={'value': 240, 'prev_value': 239, 'change': 1}
2026-04-16 14:58:34,115 : INFO : SwitchController : <<<<<<< 's_flipper_left' inactive >>>>>>>
2026-04-16 14:58:34,254 : INFO : EventManager : Event: ======'rhythm_note_spawned'====== Args={'note_id': 21, 'lane': 'left', 'travel_ms': 1600, 'hit_time_ms': 10300}
2026-04-16 14:58:34,302 : INFO : SwitchController : <<<<<<< 's_action_button' active >>>>>>>
2026-04-16 14:58:34,302 : INFO : EventManager : Event: ======'rhythm_lane_pressed'====== Args={'lane': 'center'}
2026-04-16 14:58:34,302 : INFO : EventManager : Event: ======'player_rhythm_combo'====== Args={'value': 2, 'prev_value': 1, 'change': 1, 'player_num': 1}
2026-04-16 14:58:34,302 : INFO : EventManager : Event: ======'player_rhythm_hits'====== Args={'value': 15, 'prev_value': 14, 'change': 1, 'player_num': 1}
2026-04-16 14:58:34,303 : INFO : EventManager : Event: ======'player_rhythm_mode_score'====== Args={'value': 220000, 'prev_value': 200000, 'change': 20000, 'player_num': 1}
2026-04-16 14:58:34,303 : INFO : EventManager : Event: ======'player_score'====== Args={'value': 220000, 'prev_value': 200000, 'change': 20000, 'player_num': 1}
2026-04-16 14:58:34,303 : INFO : EventManager : Event: ======'rhythm_note_hit'====== Args={'note_id': 17, 'lane': 'center', 'judgment': 'perfect', 'combo': 2, 'multiplier': 1, 'award': 20000, 'delta_ms': 51, 'total_score': 220000}
2026-04-16 14:58:34,303 : INFO : EventManager : Event: ======'machine_var_audits_switches_s_action_button'====== Args={'value': 204, 'prev_value': 203, 'change': 1}
2026-04-16 14:58:34,430 : INFO : SwitchController : <<<<<<< 's_action_button' inactive >>>>>>>
2026-04-16 14:58:34,648 : INFO : EventManager : Event: ======'balldevice_bd_trough_ball_eject_failed'====== Args={'target': <ball_device.bd_plunger>, 'balls': 1, 'retry': True, 'num_attempts': 1}
2026-04-16 14:58:34,649 : INFO : ball_device.bd_trough : State: waiting_for_target_ready
2026-04-16 14:58:34,649 : INFO : EventManager : Event: ======'balldevice_bd_trough_ball_eject_attempt'====== Args={'balls': 1, 'target': <ball_device.bd_plunger>, 'source': <ball_device.bd_trough>, 'mechanical_eject': False, 'num_attempts': 1}
2026-04-16 14:58:34,649 : INFO : ball_device.bd_trough : State: ejecting
2026-04-16 14:58:34,649 : INFO : ball_device.bd_trough : Ejecting ball to <ball_device.bd_plunger>
2026-04-16 14:58:34,649 : INFO : EventManager : Event: ======'balldevice_bd_trough_ejecting_ball'====== Args={'balls': 1, 'target': <ball_device.bd_plunger>, 'source': <ball_device.bd_trough>, 'mechanical_eject': False, 'num_attempts': 1}
2026-04-16 14:58:34,650 : INFO : ball_device.bd_trough : Wait for ball to leave device
2026-04-16 14:58:34,650 : INFO : coil.c_trough_eject : Pulsing Driver for 10ms (1.0 pulse_power)
2026-04-16 14:58:34,653 : INFO : EventManager : Event: ======'rhythm_note_spawned'====== Args={'note_id': 22, 'lane': 'center', 'travel_ms': 1600, 'hit_time_ms': 10700}
2026-04-16 14:58:34,653 : INFO : EventManager : Event: ======'rhythm_note_spawned'====== Args={'note_id': 23, 'lane': 'right', 'travel_ms': 1600, 'hit_time_ms': 10700}
2026-04-16 14:58:34,781 : INFO : SwitchController : <<<<<<< 's_flipper_right' active >>>>>>>
2026-04-16 14:58:34,781 : INFO : EventManager : Event: ======'rhythm_lane_pressed'====== Args={'lane': 'right'}
2026-04-16 14:58:34,782 : INFO : EventManager : Event: ======'player_rhythm_combo'====== Args={'value': 3, 'prev_value': 2, 'change': 1, 'player_num': 1}
2026-04-16 14:58:34,782 : INFO : EventManager : Event: ======'player_rhythm_hits'====== Args={'value': 16, 'prev_value': 15, 'change': 1, 'player_num': 1}
2026-04-16 14:58:34,782 : INFO : EventManager : Event: ======'player_rhythm_mode_score'====== Args={'value': 230000, 'prev_value': 220000, 'change': 10000, 'player_num': 1}
2026-04-16 14:58:34,782 : INFO : EventManager : Event: ======'player_score'====== Args={'value': 230000, 'prev_value': 220000, 'change': 10000, 'player_num': 1}
2026-04-16 14:58:34,782 : INFO : EventManager : Event: ======'rhythm_note_hit'====== Args={'note_id': 18, 'lane': 'right', 'judgment': 'good', 'combo': 3, 'multiplier': 1, 'award': 10000, 'delta_ms': 130, 'total_score': 230000}
2026-04-16 14:58:34,782 : INFO : EventManager : Event: ======'machine_var_audits_switches_s_flipper_right'====== Args={'value': 228, 'prev_value': 227, 'change': 1}
2026-04-16 14:58:34,914 : INFO : SwitchController : <<<<<<< 's_flipper_right' inactive >>>>>>>
2026-04-16 14:58:35,115 : INFO : SwitchController : <<<<<<< 's_action_button' active >>>>>>>
2026-04-16 14:58:35,115 : INFO : EventManager : Event: ======'rhythm_lane_pressed'====== Args={'lane': 'center'}
2026-04-16 14:58:35,115 : INFO : EventManager : Event: ======'player_rhythm_combo'====== Args={'value': 4, 'prev_value': 3, 'change': 1, 'player_num': 1}
2026-04-16 14:58:35,115 : INFO : EventManager : Event: ======'player_rhythm_hits'====== Args={'value': 17, 'prev_value': 16, 'change': 1, 'player_num': 1}
2026-04-16 14:58:35,115 : INFO : EventManager : Event: ======'player_rhythm_mode_score'====== Args={'value': 250000, 'prev_value': 230000, 'change': 20000, 'player_num': 1}
2026-04-16 14:58:35,115 : INFO : EventManager : Event: ======'player_score'====== Args={'value': 250000, 'prev_value': 230000, 'change': 20000, 'player_num': 1}
2026-04-16 14:58:35,116 : INFO : EventManager : Event: ======'rhythm_note_hit'====== Args={'note_id': 19, 'lane': 'center', 'judgment': 'perfect', 'combo': 4, 'multiplier': 1, 'award': 20000, 'delta_ms': 64, 'total_score': 250000}
2026-04-16 14:58:35,116 : INFO : EventManager : Event: ======'machine_var_audits_switches_s_action_button'====== Args={'value': 205, 'prev_value': 204, 'change': 1}
2026-04-16 14:58:35,254 : INFO : EventManager : Event: ======'rhythm_note_spawned'====== Args={'note_id': 24, 'lane': 'left', 'travel_ms': 1600, 'hit_time_ms': 11300}
2026-04-16 14:58:35,264 : INFO : SwitchController : <<<<<<< 's_action_button' inactive >>>>>>>
2026-04-16 14:58:35,598 : INFO : SwitchController : <<<<<<< 's_flipper_right' active >>>>>>>
2026-04-16 14:58:35,598 : INFO : EventManager : Event: ======'rhythm_lane_pressed'====== Args={'lane': 'right'}
2026-04-16 14:58:35,599 : INFO : EventManager : Event: ======'player_rhythm_combo'====== Args={'value': 5, 'prev_value': 4, 'change': 1, 'player_num': 1}
2026-04-16 14:58:35,599 : INFO : EventManager : Event: ======'player_rhythm_hits'====== Args={'value': 18, 'prev_value': 17, 'change': 1, 'player_num': 1}
2026-04-16 14:58:35,599 : INFO : EventManager : Event: ======'player_rhythm_mode_score'====== Args={'value': 260000, 'prev_value': 250000, 'change': 10000, 'player_num': 1}
2026-04-16 14:58:35,599 : INFO : EventManager : Event: ======'player_score'====== Args={'value': 260000, 'prev_value': 250000, 'change': 10000, 'player_num': 1}
2026-04-16 14:58:35,599 : INFO : EventManager : Event: ======'rhythm_note_hit'====== Args={'note_id': 20, 'lane': 'right', 'judgment': 'good', 'combo': 5, 'multiplier': 1, 'award': 10000, 'delta_ms': 147, 'total_score': 260000}
2026-04-16 14:58:35,599 : INFO : EventManager : Event: ======'machine_var_audits_switches_s_flipper_right'====== Args={'value': 229, 'prev_value': 228, 'change': 1}
2026-04-16 14:58:35,654 : INFO : EventManager : Event: ======'rhythm_note_spawned'====== Args={'note_id': 25, 'lane': 'center', 'travel_ms': 1600, 'hit_time_ms': 11700}
2026-04-16 14:58:35,731 : INFO : SwitchController : <<<<<<< 's_flipper_right' inactive >>>>>>>
2026-04-16 14:58:35,881 : INFO : SwitchController : <<<<<<< 's_flipper_left' active >>>>>>>
2026-04-16 14:58:35,881 : INFO : EventManager : Event: ======'rhythm_lane_pressed'====== Args={'lane': 'left'}
2026-04-16 14:58:35,881 : INFO : EventManager : Event: ======'player_rhythm_combo'====== Args={'value': 6, 'prev_value': 5, 'change': 1, 'player_num': 1}
2026-04-16 14:58:35,882 : INFO : EventManager : Event: ======'player_rhythm_hits'====== Args={'value': 19, 'prev_value': 18, 'change': 1, 'player_num': 1}
2026-04-16 14:58:35,882 : INFO : EventManager : Event: ======'player_rhythm_mode_score'====== Args={'value': 280000, 'prev_value': 260000, 'change': 20000, 'player_num': 1}
2026-04-16 14:58:35,882 : INFO : EventManager : Event: ======'player_score'====== Args={'value': 280000, 'prev_value': 260000, 'change': 20000, 'player_num': 1}
2026-04-16 14:58:35,882 : INFO : EventManager : Event: ======'rhythm_note_hit'====== Args={'note_id': 21, 'lane': 'left', 'judgment': 'perfect', 'combo': 6, 'multiplier': 1, 'award': 20000, 'delta_ms': 30, 'total_score': 280000}
2026-04-16 14:58:35,882 : INFO : EventManager : Event: ======'machine_var_audits_switches_s_flipper_left'====== Args={'value': 241, 'prev_value': 240, 'change': 1}
2026-04-16 14:58:36,015 : INFO : SwitchController : <<<<<<< 's_flipper_left' inactive >>>>>>>
2026-04-16 14:58:36,054 : INFO : EventManager : Event: ======'rhythm_note_spawned'====== Args={'note_id': 26, 'lane': 'left', 'travel_ms': 1600, 'hit_time_ms': 12100}
2026-04-16 14:58:36,398 : INFO : SwitchController : <<<<<<< 's_flipper_right' active >>>>>>>
2026-04-16 14:58:36,398 : INFO : EventManager : Event: ======'rhythm_lane_pressed'====== Args={'lane': 'right'}
2026-04-16 14:58:36,398 : INFO : EventManager : Event: ======'player_rhythm_combo'====== Args={'value': 7, 'prev_value': 6, 'change': 1, 'player_num': 1}
2026-04-16 14:58:36,398 : INFO : EventManager : Event: ======'player_rhythm_hits'====== Args={'value': 20, 'prev_value': 19, 'change': 1, 'player_num': 1}
2026-04-16 14:58:36,399 : INFO : EventManager : Event: ======'player_rhythm_mode_score'====== Args={'value': 290000, 'prev_value': 280000, 'change': 10000, 'player_num': 1}
2026-04-16 14:58:36,399 : INFO : EventManager : Event: ======'player_score'====== Args={'value': 290000, 'prev_value': 280000, 'change': 10000, 'player_num': 1}
2026-04-16 14:58:36,399 : INFO : EventManager : Event: ======'rhythm_note_hit'====== Args={'note_id': 23, 'lane': 'right', 'judgment': 'good', 'combo': 7, 'multiplier': 1, 'award': 10000, 'delta_ms': 147, 'total_score': 290000}
2026-04-16 14:58:36,399 : INFO : EventManager : Event: ======'machine_var_audits_switches_s_flipper_right'====== Args={'value': 230, 'prev_value': 229, 'change': 1}
2026-04-16 14:58:36,399 : INFO : SwitchController : <<<<<<< 's_action_button' active >>>>>>>
2026-04-16 14:58:36,400 : INFO : EventManager : Event: ======'rhythm_lane_pressed'====== Args={'lane': 'center'}
2026-04-16 14:58:36,400 : INFO : EventManager : Event: ======'player_rhythm_combo'====== Args={'value': 8, 'prev_value': 7, 'change': 1, 'player_num': 1}
2026-04-16 14:58:36,400 : INFO : EventManager : Event: ======'player_rhythm_hits'====== Args={'value': 21, 'prev_value': 20, 'change': 1, 'player_num': 1}
2026-04-16 14:58:36,400 : INFO : EventManager : Event: ======'player_rhythm_mode_score'====== Args={'value': 300000, 'prev_value': 290000, 'change': 10000, 'player_num': 1}
2026-04-16 14:58:36,400 : INFO : EventManager : Event: ======'player_score'====== Args={'value': 300000, 'prev_value': 290000, 'change': 10000, 'player_num': 1}
2026-04-16 14:58:36,400 : INFO : EventManager : Event: ======'rhythm_note_hit'====== Args={'note_id': 22, 'lane': 'center', 'judgment': 'good', 'combo': 8, 'multiplier': 1, 'award': 10000, 'delta_ms': 148, 'total_score': 300000}
2026-04-16 14:58:36,400 : INFO : EventManager : Event: ======'machine_var_audits_switches_s_action_button'====== Args={'value': 206, 'prev_value': 205, 'change': 1}
2026-04-16 14:58:36,454 : INFO : EventManager : Event: ======'rhythm_note_spawned'====== Args={'note_id': 27, 'lane': 'right', 'travel_ms': 1600, 'hit_time_ms': 12500}
2026-04-16 14:58:36,506 : INFO : SwitchController : <<<<<<< 's_action_button' inactive >>>>>>>
2026-04-16 14:58:36,531 : INFO : SwitchController : <<<<<<< 's_flipper_right' inactive >>>>>>>
2026-04-16 14:58:36,854 : INFO : EventManager : Event: ======'rhythm_note_spawned'====== Args={'note_id': 28, 'lane': 'center', 'travel_ms': 1600, 'hit_time_ms': 12900}
2026-04-16 14:58:36,881 : INFO : SwitchController : <<<<<<< 's_flipper_left' active >>>>>>>
2026-04-16 14:58:36,882 : INFO : EventManager : Event: ======'rhythm_lane_pressed'====== Args={'lane': 'left'}
2026-04-16 14:58:36,882 : INFO : EventManager : Event: ======'player_rhythm_combo'====== Args={'value': 9, 'prev_value': 8, 'change': 1, 'player_num': 1}
2026-04-16 14:58:36,882 : INFO : EventManager : Event: ======'player_rhythm_hits'====== Args={'value': 22, 'prev_value': 21, 'change': 1, 'player_num': 1}
2026-04-16 14:58:36,883 : INFO : EventManager : Event: ======'player_rhythm_multiplier'====== Args={'value': 2, 'prev_value': 1, 'change': 1, 'player_num': 1}
2026-04-16 14:58:36,883 : INFO : EventManager : Event: ======'player_rhythm_mode_score'====== Args={'value': 340000, 'prev_value': 300000, 'change': 40000, 'player_num': 1}
2026-04-16 14:58:36,883 : INFO : EventManager : Event: ======'player_score'====== Args={'value': 340000, 'prev_value': 300000, 'change': 40000, 'player_num': 1}
2026-04-16 14:58:36,883 : INFO : EventManager : Event: ======'rhythm_note_hit'====== Args={'note_id': 24, 'lane': 'left', 'judgment': 'perfect', 'combo': 9, 'multiplier': 2, 'award': 40000, 'delta_ms': 30, 'total_score': 340000}
2026-04-16 14:58:36,883 : INFO : EventManager : Event: ======'machine_var_audits_switches_s_flipper_left'====== Args={'value': 242, 'prev_value': 241, 'change': 1}
2026-04-16 14:58:36,965 : INFO : SwitchController : <<<<<<< 's_flipper_left' inactive >>>>>>>
2026-04-16 14:58:37,254 : INFO : EventManager : Event: ======'rhythm_note_spawned'====== Args={'note_id': 29, 'lane': 'right', 'travel_ms': 1600, 'hit_time_ms': 13300}
2026-04-16 14:58:37,365 : INFO : SwitchController : <<<<<<< 's_action_button' active >>>>>>>
2026-04-16 14:58:37,365 : INFO : EventManager : Event: ======'rhythm_lane_pressed'====== Args={'lane': 'center'}
2026-04-16 14:58:37,366 : INFO : EventManager : Event: ======'player_rhythm_combo'====== Args={'value': 10, 'prev_value': 9, 'change': 1, 'player_num': 1}
2026-04-16 14:58:37,366 : INFO : EventManager : Event: ======'player_rhythm_best_combo'====== Args={'value': 10, 'prev_value': 9, 'change': 1, 'player_num': 1}
2026-04-16 14:58:37,366 : INFO : EventManager : Event: ======'player_rhythm_hits'====== Args={'value': 23, 'prev_value': 22, 'change': 1, 'player_num': 1}
2026-04-16 14:58:37,366 : INFO : EventManager : Event: ======'player_rhythm_mode_score'====== Args={'value': 360000, 'prev_value': 340000, 'change': 20000, 'player_num': 1}
2026-04-16 14:58:37,366 : INFO : EventManager : Event: ======'player_score'====== Args={'value': 360000, 'prev_value': 340000, 'change': 20000, 'player_num': 1}
2026-04-16 14:58:37,366 : INFO : EventManager : Event: ======'rhythm_note_hit'====== Args={'note_id': 25, 'lane': 'center', 'judgment': 'good', 'combo': 10, 'multiplier': 2, 'award': 20000, 'delta_ms': 114, 'total_score': 360000}
2026-04-16 14:58:37,366 : INFO : EventManager : Event: ======'machine_var_audits_switches_s_action_button'====== Args={'value': 207, 'prev_value': 206, 'change': 1}
2026-04-16 14:58:37,481 : INFO : SwitchController : <<<<<<< 's_action_button' inactive >>>>>>>
2026-04-16 14:58:37,654 : INFO : EventManager : Event: ======'rhythm_note_spawned'====== Args={'note_id': 30, 'lane': 'left', 'travel_ms': 1600, 'hit_time_ms': 13700}
2026-04-16 14:58:37,654 : INFO : EventManager : Event: ======'rhythm_note_spawned'====== Args={'note_id': 31, 'lane': 'center', 'travel_ms': 1600, 'hit_time_ms': 13700}
2026-04-16 14:58:37,825 : INFO : EventManager : Event: ======'player_rhythm_combo'====== Args={'value': 0, 'prev_value': 10, 'change': -10, 'player_num': 1}
2026-04-16 14:58:37,825 : INFO : EventManager : Event: ======'player_rhythm_misses'====== Args={'value': 4, 'prev_value': 3, 'change': 1, 'player_num': 1}
2026-04-16 14:58:37,826 : INFO : EventManager : Event: ======'player_rhythm_multiplier'====== Args={'value': 1, 'prev_value': 2, 'change': -1, 'player_num': 1}
2026-04-16 14:58:37,826 : INFO : EventManager : Event: ======'rhythm_note_missed'====== Args={'note_id': 26, 'lane': 'left', 'total_misses': 4}
2026-04-16 14:58:37,831 : INFO : SwitchController : <<<<<<< 's_flipper_left' active >>>>>>>
2026-04-16 14:58:37,831 : INFO : EventManager : Event: ======'rhythm_lane_pressed'====== Args={'lane': 'left'}
2026-04-16 14:58:37,831 : INFO : EventManager : Event: ======'machine_var_audits_switches_s_flipper_left'====== Args={'value': 243, 'prev_value': 242, 'change': 1}
2026-04-16 14:58:37,931 : INFO : SwitchController : <<<<<<< 's_flipper_left' inactive >>>>>>>
2026-04-16 14:58:38,164 : INFO : SwitchController : <<<<<<< 's_flipper_right' active >>>>>>>
2026-04-16 14:58:38,165 : INFO : EventManager : Event: ======'rhythm_lane_pressed'====== Args={'lane': 'right'}
2026-04-16 14:58:38,165 : INFO : EventManager : Event: ======'player_rhythm_combo'====== Args={'value': 1, 'prev_value': 0, 'change': 1, 'player_num': 1}
2026-04-16 14:58:38,166 : INFO : EventManager : Event: ======'player_rhythm_hits'====== Args={'value': 24, 'prev_value': 23, 'change': 1, 'player_num': 1}
2026-04-16 14:58:38,166 : INFO : EventManager : Event: ======'player_rhythm_mode_score'====== Args={'value': 370000, 'prev_value': 360000, 'change': 10000, 'player_num': 1}
2026-04-16 14:58:38,166 : INFO : EventManager : Event: ======'player_score'====== Args={'value': 370000, 'prev_value': 360000, 'change': 10000, 'player_num': 1}
2026-04-16 14:58:38,166 : INFO : EventManager : Event: ======'rhythm_note_hit'====== Args={'note_id': 27, 'lane': 'right', 'judgment': 'good', 'combo': 1, 'multiplier': 1, 'award': 10000, 'delta_ms': 114, 'total_score': 370000}
2026-04-16 14:58:38,166 : INFO : EventManager : Event: ======'machine_var_audits_switches_s_flipper_right'====== Args={'value': 231, 'prev_value': 230, 'change': 1}
2026-04-16 14:58:38,254 : INFO : EventManager : Event: ======'rhythm_note_spawned'====== Args={'note_id': 32, 'lane': 'center', 'travel_ms': 1600, 'hit_time_ms': 14300}
2026-04-16 14:58:38,302 : INFO : SwitchController : <<<<<<< 's_flipper_right' inactive >>>>>>>
2026-04-16 14:58:38,548 : INFO : SwitchController : <<<<<<< 's_action_button' active >>>>>>>
2026-04-16 14:58:38,548 : INFO : EventManager : Event: ======'rhythm_lane_pressed'====== Args={'lane': 'center'}
2026-04-16 14:58:38,548 : INFO : EventManager : Event: ======'player_rhythm_combo'====== Args={'value': 2, 'prev_value': 1, 'change': 1, 'player_num': 1}
2026-04-16 14:58:38,549 : INFO : EventManager : Event: ======'player_rhythm_hits'====== Args={'value': 25, 'prev_value': 24, 'change': 1, 'player_num': 1}
2026-04-16 14:58:38,549 : INFO : EventManager : Event: ======'player_rhythm_mode_score'====== Args={'value': 380000, 'prev_value': 370000, 'change': 10000, 'player_num': 1}
2026-04-16 14:58:38,549 : INFO : EventManager : Event: ======'player_score'====== Args={'value': 380000, 'prev_value': 370000, 'change': 10000, 'player_num': 1}
2026-04-16 14:58:38,549 : INFO : EventManager : Event: ======'rhythm_note_hit'====== Args={'note_id': 28, 'lane': 'center', 'judgment': 'good', 'combo': 2, 'multiplier': 1, 'award': 10000, 'delta_ms': 97, 'total_score': 380000}
2026-04-16 14:58:38,549 : INFO : EventManager : Event: ======'machine_var_audits_switches_s_action_button'====== Args={'value': 208, 'prev_value': 207, 'change': 1}
2026-04-16 14:58:38,654 : INFO : EventManager : Event: ======'rhythm_note_spawned'====== Args={'note_id': 33, 'lane': 'right', 'travel_ms': 1600, 'hit_time_ms': 14700}
2026-04-16 14:58:38,681 : INFO : SwitchController : <<<<<<< 's_action_button' inactive >>>>>>>
2026-04-16 14:58:38,864 : INFO : SwitchController : <<<<<<< 's_flipper_right' active >>>>>>>
2026-04-16 14:58:38,865 : INFO : EventManager : Event: ======'rhythm_lane_pressed'====== Args={'lane': 'right'}
2026-04-16 14:58:38,865 : INFO : EventManager : Event: ======'player_rhythm_combo'====== Args={'value': 3, 'prev_value': 2, 'change': 1, 'player_num': 1}
2026-04-16 14:58:38,865 : INFO : EventManager : Event: ======'player_rhythm_hits'====== Args={'value': 26, 'prev_value': 25, 'change': 1, 'player_num': 1}
2026-04-16 14:58:38,865 : INFO : EventManager : Event: ======'player_rhythm_mode_score'====== Args={'value': 400000, 'prev_value': 380000, 'change': 20000, 'player_num': 1}
2026-04-16 14:58:38,865 : INFO : EventManager : Event: ======'player_score'====== Args={'value': 400000, 'prev_value': 380000, 'change': 20000, 'player_num': 1}
2026-04-16 14:58:38,866 : INFO : EventManager : Event: ======'rhythm_note_hit'====== Args={'note_id': 29, 'lane': 'right', 'judgment': 'perfect', 'combo': 3, 'multiplier': 1, 'award': 20000, 'delta_ms': 13, 'total_score': 400000}
2026-04-16 14:58:38,866 : INFO : EventManager : Event: ======'machine_var_audits_switches_s_flipper_right'====== Args={'value': 232, 'prev_value': 231, 'change': 1}
2026-04-16 14:58:39,053 : INFO : EventManager : Event: ======'rhythm_note_spawned'====== Args={'note_id': 34, 'lane': 'left', 'travel_ms': 1600, 'hit_time_ms': 15100}
2026-04-16 14:58:39,115 : INFO : SwitchController : <<<<<<< 's_flipper_right' inactive >>>>>>>
2026-04-16 14:58:39,331 : INFO : SwitchController : <<<<<<< 's_flipper_left' active >>>>>>>
2026-04-16 14:58:39,331 : INFO : EventManager : Event: ======'rhythm_lane_pressed'====== Args={'lane': 'left'}
2026-04-16 14:58:39,331 : INFO : EventManager : Event: ======'player_rhythm_combo'====== Args={'value': 4, 'prev_value': 3, 'change': 1, 'player_num': 1}
2026-04-16 14:58:39,332 : INFO : EventManager : Event: ======'player_rhythm_hits'====== Args={'value': 27, 'prev_value': 26, 'change': 1, 'player_num': 1}
2026-04-16 14:58:39,332 : INFO : EventManager : Event: ======'player_rhythm_mode_score'====== Args={'value': 420000, 'prev_value': 400000, 'change': 20000, 'player_num': 1}
2026-04-16 14:58:39,333 : INFO : EventManager : Event: ======'player_score'====== Args={'value': 420000, 'prev_value': 400000, 'change': 20000, 'player_num': 1}
2026-04-16 14:58:39,333 : INFO : EventManager : Event: ======'rhythm_note_hit'====== Args={'note_id': 30, 'lane': 'left', 'judgment': 'perfect', 'combo': 4, 'multiplier': 1, 'award': 20000, 'delta_ms': 80, 'total_score': 420000}
2026-04-16 14:58:39,333 : INFO : EventManager : Event: ======'machine_var_audits_switches_s_flipper_left'====== Args={'value': 244, 'prev_value': 243, 'change': 1}
2026-04-16 14:58:39,333 : INFO : SwitchController : <<<<<<< 's_action_button' active >>>>>>>
2026-04-16 14:58:39,333 : INFO : EventManager : Event: ======'rhythm_lane_pressed'====== Args={'lane': 'center'}
2026-04-16 14:58:39,333 : INFO : EventManager : Event: ======'player_rhythm_combo'====== Args={'value': 5, 'prev_value': 4, 'change': 1, 'player_num': 1}
2026-04-16 14:58:39,333 : INFO : EventManager : Event: ======'player_rhythm_hits'====== Args={'value': 28, 'prev_value': 27, 'change': 1, 'player_num': 1}
2026-04-16 14:58:39,333 : INFO : EventManager : Event: ======'player_rhythm_mode_score'====== Args={'value': 440000, 'prev_value': 420000, 'change': 20000, 'player_num': 1}
2026-04-16 14:58:39,334 : INFO : EventManager : Event: ======'player_score'====== Args={'value': 440000, 'prev_value': 420000, 'change': 20000, 'player_num': 1}
2026-04-16 14:58:39,334 : INFO : EventManager : Event: ======'rhythm_note_hit'====== Args={'note_id': 31, 'lane': 'center', 'judgment': 'perfect', 'combo': 5, 'multiplier': 1, 'award': 20000, 'delta_ms': 82, 'total_score': 440000}
2026-04-16 14:58:39,334 : INFO : EventManager : Event: ======'machine_var_audits_switches_s_action_button'====== Args={'value': 209, 'prev_value': 208, 'change': 1}
2026-04-16 14:58:39,454 : INFO : EventManager : Event: ======'rhythm_note_spawned'====== Args={'note_id': 35, 'lane': 'center', 'travel_ms': 1600, 'hit_time_ms': 15500}
2026-04-16 14:58:39,481 : INFO : SwitchController : <<<<<<< 's_flipper_left' inactive >>>>>>>
2026-04-16 14:58:39,501 : INFO : SwitchController : <<<<<<< 's_action_button' inactive >>>>>>>
2026-04-16 14:58:39,865 : INFO : SwitchController : <<<<<<< 's_action_button' active >>>>>>>
2026-04-16 14:58:39,865 : INFO : EventManager : Event: ======'rhythm_lane_pressed'====== Args={'lane': 'center'}
2026-04-16 14:58:39,865 : INFO : EventManager : Event: ======'player_rhythm_combo'====== Args={'value': 6, 'prev_value': 5, 'change': 1, 'player_num': 1}
2026-04-16 14:58:39,865 : INFO : EventManager : Event: ======'player_rhythm_hits'====== Args={'value': 29, 'prev_value': 28, 'change': 1, 'player_num': 1}
2026-04-16 14:58:39,866 : INFO : EventManager : Event: ======'player_rhythm_mode_score'====== Args={'value': 460000, 'prev_value': 440000, 'change': 20000, 'player_num': 1}
2026-04-16 14:58:39,866 : INFO : EventManager : Event: ======'player_score'====== Args={'value': 460000, 'prev_value': 440000, 'change': 20000, 'player_num': 1}
2026-04-16 14:58:39,866 : INFO : EventManager : Event: ======'rhythm_note_hit'====== Args={'note_id': 32, 'lane': 'center', 'judgment': 'perfect', 'combo': 6, 'multiplier': 1, 'award': 20000, 'delta_ms': 14, 'total_score': 460000}
2026-04-16 14:58:39,866 : INFO : EventManager : Event: ======'machine_var_audits_switches_s_action_button'====== Args={'value': 210, 'prev_value': 209, 'change': 1}
2026-04-16 14:58:39,964 : INFO : SwitchController : <<<<<<< 's_action_button' inactive >>>>>>>
2026-04-16 14:58:40,054 : INFO : EventManager : Event: ======'rhythm_note_spawned'====== Args={'note_id': 36, 'lane': 'left', 'travel_ms': 1600, 'hit_time_ms': 16100}
2026-04-16 14:58:40,054 : INFO : EventManager : Event: ======'rhythm_note_spawned'====== Args={'note_id': 37, 'lane': 'right', 'travel_ms': 1600, 'hit_time_ms': 16100}
2026-04-16 14:58:40,248 : INFO : SwitchController : <<<<<<< 's_flipper_right' active >>>>>>>
2026-04-16 14:58:40,248 : INFO : EventManager : Event: ======'rhythm_lane_pressed'====== Args={'lane': 'right'}
2026-04-16 14:58:40,248 : INFO : EventManager : Event: ======'player_rhythm_combo'====== Args={'value': 7, 'prev_value': 6, 'change': 1, 'player_num': 1}
2026-04-16 14:58:40,248 : INFO : EventManager : Event: ======'player_rhythm_hits'====== Args={'value': 30, 'prev_value': 29, 'change': 1, 'player_num': 1}
2026-04-16 14:58:40,249 : INFO : EventManager : Event: ======'player_rhythm_mode_score'====== Args={'value': 480000, 'prev_value': 460000, 'change': 20000, 'player_num': 1}
2026-04-16 14:58:40,249 : INFO : EventManager : Event: ======'player_score'====== Args={'value': 480000, 'prev_value': 460000, 'change': 20000, 'player_num': 1}
2026-04-16 14:58:40,249 : INFO : EventManager : Event: ======'rhythm_note_hit'====== Args={'note_id': 33, 'lane': 'right', 'judgment': 'perfect', 'combo': 7, 'multiplier': 1, 'award': 20000, 'delta_ms': 3, 'total_score': 480000}
2026-04-16 14:58:40,249 : INFO : EventManager : Event: ======'machine_var_audits_switches_s_flipper_right'====== Args={'value': 233, 'prev_value': 232, 'change': 1}
2026-04-16 14:58:40,431 : INFO : SwitchController : <<<<<<< 's_flipper_right' inactive >>>>>>>
2026-04-16 14:58:40,732 : INFO : SwitchController : <<<<<<< 's_flipper_left' active >>>>>>>
2026-04-16 14:58:40,733 : INFO : EventManager : Event: ======'rhythm_lane_pressed'====== Args={'lane': 'left'}
2026-04-16 14:58:40,733 : INFO : EventManager : Event: ======'player_rhythm_combo'====== Args={'value': 8, 'prev_value': 7, 'change': 1, 'player_num': 1}
2026-04-16 14:58:40,733 : INFO : EventManager : Event: ======'player_rhythm_hits'====== Args={'value': 31, 'prev_value': 30, 'change': 1, 'player_num': 1}
2026-04-16 14:58:40,733 : INFO : EventManager : Event: ======'player_rhythm_mode_score'====== Args={'value': 500000, 'prev_value': 480000, 'change': 20000, 'player_num': 1}
2026-04-16 14:58:40,733 : INFO : EventManager : Event: ======'player_score'====== Args={'value': 500000, 'prev_value': 480000, 'change': 20000, 'player_num': 1}
2026-04-16 14:58:40,734 : INFO : EventManager : Event: ======'rhythm_note_hit'====== Args={'note_id': 34, 'lane': 'left', 'judgment': 'perfect', 'combo': 8, 'multiplier': 1, 'award': 20000, 'delta_ms': 81, 'total_score': 500000}
2026-04-16 14:58:40,734 : INFO : EventManager : Event: ======'machine_var_audits_switches_s_flipper_left'====== Args={'value': 245, 'prev_value': 244, 'change': 1}
2026-04-16 14:58:40,831 : INFO : SwitchController : <<<<<<< 's_flipper_left' inactive >>>>>>>
2026-04-16 14:58:41,131 : INFO : SwitchController : <<<<<<< 's_action_button' active >>>>>>>
2026-04-16 14:58:41,131 : INFO : EventManager : Event: ======'rhythm_lane_pressed'====== Args={'lane': 'center'}
2026-04-16 14:58:41,131 : INFO : EventManager : Event: ======'player_rhythm_combo'====== Args={'value': 9, 'prev_value': 8, 'change': 1, 'player_num': 1}
2026-04-16 14:58:41,132 : INFO : EventManager : Event: ======'player_rhythm_hits'====== Args={'value': 32, 'prev_value': 31, 'change': 1, 'player_num': 1}
2026-04-16 14:58:41,132 : INFO : EventManager : Event: ======'player_rhythm_multiplier'====== Args={'value': 2, 'prev_value': 1, 'change': 1, 'player_num': 1}
2026-04-16 14:58:41,132 : INFO : EventManager : Event: ======'player_rhythm_mode_score'====== Args={'value': 540000, 'prev_value': 500000, 'change': 40000, 'player_num': 1}
2026-04-16 14:58:41,132 : INFO : EventManager : Event: ======'player_score'====== Args={'value': 540000, 'prev_value': 500000, 'change': 40000, 'player_num': 1}
2026-04-16 14:58:41,132 : INFO : EventManager : Event: ======'rhythm_note_hit'====== Args={'note_id': 35, 'lane': 'center', 'judgment': 'perfect', 'combo': 9, 'multiplier': 2, 'award': 40000, 'delta_ms': 80, 'total_score': 540000}
2026-04-16 14:58:41,132 : INFO : EventManager : Event: ======'machine_var_audits_switches_s_action_button'====== Args={'value': 211, 'prev_value': 210, 'change': 1}
2026-04-16 14:58:41,248 : INFO : SwitchController : <<<<<<< 's_action_button' inactive >>>>>>>
2026-04-16 14:58:41,598 : INFO : SwitchController : <<<<<<< 's_flipper_left' active >>>>>>>
2026-04-16 14:58:41,599 : INFO : EventManager : Event: ======'rhythm_lane_pressed'====== Args={'lane': 'left'}
2026-04-16 14:58:41,599 : INFO : EventManager : Event: ======'player_rhythm_combo'====== Args={'value': 10, 'prev_value': 9, 'change': 1, 'player_num': 1}
2026-04-16 14:58:41,599 : INFO : EventManager : Event: ======'player_rhythm_hits'====== Args={'value': 33, 'prev_value': 32, 'change': 1, 'player_num': 1}
2026-04-16 14:58:41,599 : INFO : EventManager : Event: ======'player_rhythm_mode_score'====== Args={'value': 580000, 'prev_value': 540000, 'change': 40000, 'player_num': 1}
2026-04-16 14:58:41,599 : INFO : EventManager : Event: ======'player_score'====== Args={'value': 580000, 'prev_value': 540000, 'change': 40000, 'player_num': 1}
2026-04-16 14:58:41,599 : INFO : EventManager : Event: ======'rhythm_note_hit'====== Args={'note_id': 36, 'lane': 'left', 'judgment': 'perfect', 'combo': 10, 'multiplier': 2, 'award': 40000, 'delta_ms': 53, 'total_score': 580000}
2026-04-16 14:58:41,599 : INFO : EventManager : Event: ======'machine_var_audits_switches_s_flipper_left'====== Args={'value': 246, 'prev_value': 245, 'change': 1}
2026-04-16 14:58:41,698 : INFO : SwitchController : <<<<<<< 's_flipper_right' active >>>>>>>
2026-04-16 14:58:41,698 : INFO : EventManager : Event: ======'flipper_cancel'====== Args={'triggering_group': 2, 'triggering_switch': 's_flipper_right'}
2026-04-16 14:58:41,698 : INFO : EventManager : Event: ======'rhythm_lane_pressed'====== Args={'lane': 'right'}
2026-04-16 14:58:41,698 : INFO : EventManager : Event: ======'player_rhythm_combo'====== Args={'value': 11, 'prev_value': 10, 'change': 1, 'player_num': 1}
2026-04-16 14:58:41,699 : INFO : EventManager : Event: ======'player_rhythm_best_combo'====== Args={'value': 11, 'prev_value': 10, 'change': 1, 'player_num': 1}
2026-04-16 14:58:41,699 : INFO : EventManager : Event: ======'player_rhythm_hits'====== Args={'value': 34, 'prev_value': 33, 'change': 1, 'player_num': 1}
2026-04-16 14:58:41,699 : INFO : EventManager : Event: ======'player_rhythm_mode_score'====== Args={'value': 620000, 'prev_value': 580000, 'change': 40000, 'player_num': 1}
2026-04-16 14:58:41,699 : INFO : EventManager : Event: ======'player_score'====== Args={'value': 620000, 'prev_value': 580000, 'change': 40000, 'player_num': 1}
2026-04-16 14:58:41,699 : INFO : EventManager : Event: ======'rhythm_note_hit'====== Args={'note_id': 37, 'lane': 'right', 'judgment': 'perfect', 'combo': 11, 'multiplier': 2, 'award': 40000, 'delta_ms': 47, 'total_score': 620000}
2026-04-16 14:58:41,699 : INFO : EventManager : Event: ======'machine_var_audits_switches_s_flipper_right'====== Args={'value': 234, 'prev_value': 233, 'change': 1}
2026-04-16 14:58:41,898 : INFO : SwitchController : <<<<<<< 's_flipper_right' inactive >>>>>>>
2026-04-16 14:58:41,898 : INFO : EventManager : Event: ======'both_flippers_one'====== Args={'triggering_group': 2, 'triggering_switch': 's_flipper_right'}
2026-04-16 14:58:41,899 : INFO : SwitchController : <<<<<<< 's_flipper_left' inactive >>>>>>>
2026-04-16 14:58:41,899 : INFO : EventManager : Event: ======'both_flippers_inactive'====== Args={'triggering_group': 1, 'triggering_switch': 's_flipper_left'}
2026-04-16 14:58:42,074 : INFO : EventManager : Event: ======'player_rhythm_accuracy'====== Args={'value': 89, 'prev_value': 0, 'change': 89, 'player_num': 1}
2026-04-16 14:58:42,074 : INFO : EventManager : Event: ======'player_rhythm_multiplier'====== Args={'value': 1, 'prev_value': 2, 'change': -1, 'player_num': 1}
2026-04-16 14:58:42,074 : INFO : EventManager : Event: ======'rhythm_mode_finished'====== Args={'total_notes': 38, 'hits': 34, 'misses': 4, 'best_combo': 11, 'accuracy': 89, 'total_score': 620000}
2026-04-16 14:58:43,676 : INFO : EventManager : Event: ======'mode_rhythm_will_stop'====== Args={}
2026-04-16 14:58:43,676 : INFO : EventManager : Event: ======'mode_rhythm_stopping'====== Args={}
2026-04-16 14:58:43,677 : INFO : Mode.rhythm : Stopped.
2026-04-16 14:58:43,677 : INFO : EventManager : Event: ======'modes_active_modes_changed'====== Args={}
2026-04-16 14:58:43,677 : INFO : EventManager : Event: ======'mode_rhythm_stopped'====== Args={}
2026-04-16 14:58:43,677 : INFO : EventManager : Event: ======'clear'====== Args={'key': 'rhythm'}
2026-04-16 14:58:43,715 : INFO : EventManager : Event: ======'slide_rhythm_inactive'====== Args={'is_removing': True, '_from_bcp': True}
2026-04-16 14:58:43,716 : INFO : EventManager : Event: ======'slide_base_slide_active'====== Args={'_from_bcp': True}
2026-04-16 14:58:43,717 : INFO : EventManager : Event: ======'slide_rhythm_removed'====== Args={'_from_bcp': True}
2026-04-16 14:58:44,651 : INFO : EventManager : Event: ======'balldevice_bd_trough_ball_eject_failed'====== Args={'target': <ball_device.bd_plunger>, 'balls': 1, 'retry': True, 'num_attempts': 2}
2026-04-16 14:58:44,652 : INFO : ball_device.bd_trough : State: waiting_for_target_ready
2026-04-16 14:58:44,652 : INFO : EventManager : Event: ======'balldevice_bd_trough_ball_eject_attempt'====== Args={'balls': 1, 'target': <ball_device.bd_plunger>, 'source': <ball_device.bd_trough>, 'mechanical_eject': False, 'num_attempts': 2}
2026-04-16 14:58:44,653 : INFO : ball_device.bd_trough : State: ejecting
2026-04-16 14:58:44,653 : INFO : ball_device.bd_trough : Ejecting ball to <ball_device.bd_plunger>
2026-04-16 14:58:44,653 : INFO : EventManager : Event: ======'balldevice_bd_trough_ejecting_ball'====== Args={'balls': 1, 'target': <ball_device.bd_plunger>, 'source': <ball_device.bd_trough>, 'mechanical_eject': False, 'num_attempts': 2}
2026-04-16 14:58:44,653 : INFO : ball_device.bd_trough : Wait for ball to leave device
2026-04-16 14:58:44,653 : INFO : coil.c_trough_eject : Pulsing Driver for 10ms (1.0 pulse_power)
2026-04-16 14:58:48,186 : INFO : Machine : Shutting down...
2026-04-16 14:58:48,186 : INFO : EventManager : Event: ======'shutdown'====== Args={}
2026-04-16 14:58:48,186 : INFO : EventManager : Event: ======'mode_game_will_stop'====== Args={}
2026-04-16 14:58:48,186 : INFO : EventManager : Event: ======'mode_game_stopping'====== Args={}
2026-04-16 14:58:48,187 : INFO : EventManager : Event: ======'mode_base_will_stop'====== Args={}
2026-04-16 14:58:48,187 : INFO : EventManager : Event: ======'mode_base_stopping'====== Args={}
2026-04-16 14:58:48,187 : INFO : EventManager : Event: ======'mode_bumpers_will_stop'====== Args={}
2026-04-16 14:58:48,187 : INFO : EventManager : Event: ======'mode_bumpers_stopping'====== Args={}
2026-04-16 14:58:48,187 : INFO : EventManager : Event: ======'stop_mode_bumpers'====== Args={'priority': 0}
2026-04-16 14:58:48,187 : INFO : Mode.bumpers : Stopped.
2026-04-16 14:58:48,187 : INFO : EventManager : Event: ======'modes_active_modes_changed'====== Args={}
2026-04-16 14:58:48,187 : INFO : EventManager : Event: ======'mode_bumpers_stopped'====== Args={}
2026-04-16 14:58:48,187 : INFO : EventManager : Event: ======'clear'====== Args={'key': 'bumpers'}
2026-04-16 14:58:48,187 : INFO : Mode.base : Stopped.
2026-04-16 14:58:48,187 : INFO : EventManager : Event: ======'modes_active_modes_changed'====== Args={}
2026-04-16 14:58:48,188 : INFO : EventManager : Event: ======'mode_base_stopped'====== Args={}
2026-04-16 14:58:48,188 : INFO : EventManager : Event: ======'clear'====== Args={'key': 'base'}
2026-04-16 14:58:48,188 : INFO : Mode.game : Stopped.
2026-04-16 14:58:48,188 : INFO : EventManager : Event: ======'modes_active_modes_changed'====== Args={}
2026-04-16 14:58:48,188 : INFO : EventManager : Event: ======'mode_game_stopped'====== Args={}
2026-04-16 14:58:48,188 : INFO : EventManager : Event: ======'clear'====== Args={'key': 'game'}
2026-04-16 14:58:48,189 : INFO : root : MPF run loop ended.
