2026-04-16 13:38:54,871 : INFO : root : Loading config.
2026-04-16 13:38:54,918 : INFO : ConfigProcessor : Config spec file cache created: /var/folders/nw/6blj94p12ldcym3fj104vzlm0000gn/T/config_spec.mpf_cache
2026-04-16 13:38:54,919 : INFO : YamlMultifileConfigLoader : Machine config file #1: config.yaml
2026-04-16 13:38:54,919 : INFO : ConfigProcessor : Loading config from cache: /var/folders/nw/6blj94p12ldcym3fj104vzlm0000gn/T/b334f8a4e2121184f8a617378a4d1625.mpf_cache
2026-04-16 13:38:54,919 : WARNING : ConfigProcessor : Config file in cache changed: /Users/willrante/Documents/GitHub/pinball/config/config_switches.yaml
2026-04-16 13:38:54,919 : INFO : ConfigProcessor : Loading config from file /Users/willrante/mpf-env/lib/python3.14/site-packages/mpf/mpfconfig.yaml.
2026-04-16 13:38:54,930 : INFO : ConfigProcessor : Loading config: /Users/willrante/mpf-env/lib/python3.14/site-packages/mpf/mpfconfig.yaml
2026-04-16 13:38:54,930 : INFO : ConfigProcessor : Loading config from file /Users/willrante/Documents/GitHub/pinball/config/config.yaml.
2026-04-16 13:38:54,930 : INFO : ConfigProcessor : Loading config: /Users/willrante/Documents/GitHub/pinball/config/config.yaml
2026-04-16 13:38:54,931 : INFO : ConfigProcessor : Loading config: /Users/willrante/Documents/GitHub/pinball/config/config_ball_devices.yaml
2026-04-16 13:38:54,931 : INFO : ConfigProcessor : Loading config: /Users/willrante/Documents/GitHub/pinball/config/config_coils.yaml
2026-04-16 13:38:54,932 : INFO : ConfigProcessor : Loading config: /Users/willrante/Documents/GitHub/pinball/config/config_switches.yaml
2026-04-16 13:38:54,932 : INFO : ConfigProcessor : Config file cache created: /var/folders/nw/6blj94p12ldcym3fj104vzlm0000gn/T/b334f8a4e2121184f8a617378a4d1625.mpf_cache
2026-04-16 13:38:54,956 : INFO : ConfigProcessor : Loading config from cache: /var/folders/nw/6blj94p12ldcym3fj104vzlm0000gn/T/63da12c4cec82227b4c3859bbf3c7cd4.mpf_cache
2026-04-16 13:38:54,957 : INFO : ConfigProcessor : Loading config from cache: /var/folders/nw/6blj94p12ldcym3fj104vzlm0000gn/T/b8625db2ee8ad38c42d4f1c72235edc8.mpf_cache
2026-04-16 13:38:54,957 : INFO : ConfigProcessor : Loading config from cache: /var/folders/nw/6blj94p12ldcym3fj104vzlm0000gn/T/63da12c4cec82227b4c3859bbf3c7cd4.mpf_cache
2026-04-16 13:38:54,957 : INFO : ConfigProcessor : Loading config from cache: /var/folders/nw/6blj94p12ldcym3fj104vzlm0000gn/T/104947b35f87d581877cdaf02599b463.mpf_cache
2026-04-16 13:38:54,957 : INFO : ConfigProcessor : Loading config from cache: /var/folders/nw/6blj94p12ldcym3fj104vzlm0000gn/T/bc830d47d6fbb336561cc63e74edf2c9.mpf_cache
2026-04-16 13:38:54,957 : WARNING : ConfigProcessor : Config file in cache changed: /Users/willrante/Documents/GitHub/pinball/modes/rhythm/config/rhythm.yaml
2026-04-16 13:38:54,957 : INFO : ConfigProcessor : Loading config from file /Users/willrante/Documents/GitHub/pinball/modes/rhythm/config/rhythm.yaml.
2026-04-16 13:38:54,960 : INFO : ConfigProcessor : Loading config: /Users/willrante/Documents/GitHub/pinball/modes/rhythm/config/rhythm.yaml
2026-04-16 13:38:54,961 : INFO : ConfigProcessor : Config file cache created: /var/folders/nw/6blj94p12ldcym3fj104vzlm0000gn/T/4273c698423283a7843ff5c77ef69dc9.mpf_cache
2026-04-16 13:38:54,961 : INFO : ConfigProcessor : Loading config from cache: /var/folders/nw/6blj94p12ldcym3fj104vzlm0000gn/T/7424f2cce7b15e0b37e570d3514590c8.mpf_cache
2026-04-16 13:38:54,961 : INFO : Machine : Mission Pinball Framework Core Engine v0.80.0.dev13
2026-04-16 13:38:54,961 : INFO : Machine : Command line arguments: {'no_load_cache': False, 'create_config_cache': True, 'bcp': True, 'configfile': ['config.yaml'], 'force_assets_load': False, 'platform_integration_test': False, 'jsonlogging': False, 'logfile': 'logs/2026-04-16-13-38-54-mpf-Wills-MacBook-Pro-M5.local.log', 'pause': False, 'production': False, 'text_ui': False, 'loglevel': 15, 'consoleloglevel': 20, 'force_platform': 'virtual', 'syslog_address': None, 'full_logfile_path': '/Users/willrante/Documents/GitHub/pinball/logs/2026-04-16-13-38-54-mpf-Wills-MacBook-Pro-M5.local.log'}
2026-04-16 13:38:54,961 : INFO : Machine : MPF path: /Users/willrante/mpf-env/lib/python3.14/site-packages/mpf
2026-04-16 13:38:54,961 : INFO : Machine : Machine path: /Users/willrante/Documents/GitHub/pinball
2026-04-16 13:38:54,961 : INFO : Machine : Platform: darwin
2026-04-16 13:38:54,961 : INFO : Machine : Python executable location: /Users/willrante/mpf-env/bin/python3.14
2026-04-16 13:38:54,961 : INFO : Machine : Python version: 3.14.3 (64-bit)
2026-04-16 13:38:54,961 : INFO : Machine : Initializing MPF...
2026-04-16 13:38:54,988 : INFO : EventManager : Event: ======'machine_var_credits_string'====== Args={'value': 'FREE PLAY', 'prev_value': None, 'change': True}
2026-04-16 13:38:54,992 : INFO : EventManager : Event: ======'machine_var_master_volume'====== Args={'value': 0.5, 'prev_value': None, 'change': True}
2026-04-16 13:38:54,992 : INFO : EventManager : Event: ======'machine_var_mpf_version'====== Args={'value': 'Mission Pinball Framework v0.80.0.dev13', 'prev_value': None, 'change': True}
2026-04-16 13:38:54,992 : INFO : EventManager : Event: ======'machine_var_mpf_extended_version'====== Args={'value': 'Mission Pinball Framework v0.80.0.dev13, Config version:6, Show version: 6, BCP version:1.1', 'prev_value': None, 'change': True}
2026-04-16 13:38:54,995 : INFO : EventManager : Event: ======'machine_var_python_version'====== Args={'value': '3.14.3', 'prev_value': None, 'change': True}
2026-04-16 13:38:55,002 : INFO : EventManager : Event: ======'machine_var_platform'====== Args={'value': 'macOS-26.4.1-arm64-arm-64bit-Mach-O', 'prev_value': None, 'change': True}
2026-04-16 13:38:55,002 : INFO : EventManager : Event: ======'machine_var_platform_system'====== Args={'value': 'Darwin', 'prev_value': None, 'change': True}
2026-04-16 13:38:55,002 : INFO : EventManager : Event: ======'machine_var_platform_release'====== Args={'value': '25.4.0', 'prev_value': None, 'change': True}
2026-04-16 13:38:55,002 : INFO : EventManager : Event: ======'machine_var_platform_version'====== Args={'value': 'Darwin Kernel Version 25.4.0: Thu Mar 19 19:33:50 PDT 2026; root:xnu-12377.101.15~1/RELEASE_ARM64_T6050', 'prev_value': None, 'change': True}
2026-04-16 13:38:55,002 : INFO : EventManager : Event: ======'machine_var_platform_machine'====== Args={'value': 'arm64', 'prev_value': None, 'change': True}
2026-04-16 13:38:55,002 : INFO : EventManager : Event: ======'machine_var_log_file_path'====== Args={'value': '/Users/willrante/Documents/GitHub/pinball/logs/2026-04-16-13-38-54-mpf-Wills-MacBook-Pro-M5.local.log', 'prev_value': None, 'change': True}
2026-04-16 13:38:55,002 : INFO : EventManager : Event: ======'init_phase_1'====== Args={}
2026-04-16 13:38:55,008 : INFO : EventManager : Event: ======'init_phase_2'====== Args={}
2026-04-16 13:38:55,008 : INFO : SwitchController : Found active switch: (1007, <Platform.Virtual>) <switch.s_trough_1>
2026-04-16 13:38:55,008 : INFO : SwitchController : Found active switch: (1008, <Platform.Virtual>) <switch.s_trough_2>
2026-04-16 13:38:55,008 : INFO : SwitchController : Found active switch: (1009, <Platform.Virtual>) <switch.s_trough_3>
2026-04-16 13:38:55,008 : INFO : EventManager : Event: ======'bcp_connection_attempt'====== Args={'name': 'local_display', 'host': 'localhost', 'port': 5050}
2026-04-16 13:38:55,009 : INFO : BCPClientSocket : Connecting BCP to 'local_display' at localhost:5050...
2026-04-16 13:38:55,012 : INFO : BCPClientSocket : Connected BCP to 'local_display' localhost:5050
2026-04-16 13:38:55,012 : INFO : EventManager : Event: ======'bcp_clients_connected'====== Args={}
2026-04-16 13:38:55,012 : INFO : ball_device.bd_plunger : BCH: Initial count: 0
2026-04-16 13:38:55,012 : INFO : ball_device.bd_plunger : State: idle
2026-04-16 13:38:55,012 : INFO : ball_device.bd_trough : BCH: Initial count: 3
2026-04-16 13:38:55,012 : INFO : ball_device.bd_trough : State: idle
2026-04-16 13:38:55,015 : INFO : EventManager : Event: ======'init_phase_3'====== Args={}
2026-04-16 13:38:55,015 : INFO : EventManager : Event: ======'init_phase_4'====== Args={}
2026-04-16 13:38:55,015 : INFO : BallController : Initial balls found: 3
2026-04-16 13:38:55,016 : INFO : EventManager : Event: ======'machine_var_audits_events_game_ended'====== Args={'value': 0, 'prev_value': None, 'change': True}
2026-04-16 13:38:55,016 : INFO : EventManager : Event: ======'machine_var_audits_events_game_started'====== Args={'value': 8, 'prev_value': None, 'change': True}
2026-04-16 13:38:55,016 : INFO : EventManager : Event: ======'machine_var_audits_missing_switches_s_bumper_left'====== Args={'value': 1, 'prev_value': None, 'change': True}
2026-04-16 13:38:55,016 : INFO : EventManager : Event: ======'machine_var_audits_missing_switches_s_bumper_right'====== Args={'value': 1, 'prev_value': None, 'change': True}
2026-04-16 13:38:55,016 : INFO : EventManager : Event: ======'machine_var_audits_missing_switches_s_plunger_lane'====== Args={'value': 8, 'prev_value': None, 'change': True}
2026-04-16 13:38:55,016 : INFO : EventManager : Event: ======'machine_var_audits_missing_switches_s_start'====== Args={'value': 4, 'prev_value': None, 'change': True}
2026-04-16 13:38:55,016 : INFO : EventManager : Event: ======'machine_var_audits_missing_switches_s_trough_1'====== Args={'value': 8, 'prev_value': None, 'change': True}
2026-04-16 13:38:55,016 : INFO : EventManager : Event: ======'machine_var_audits_missing_switches_s_trough_2'====== Args={'value': 8, 'prev_value': None, 'change': True}
2026-04-16 13:38:55,016 : INFO : EventManager : Event: ======'machine_var_audits_missing_switches_s_trough_3'====== Args={'value': 8, 'prev_value': None, 'change': True}
2026-04-16 13:38:55,016 : INFO : EventManager : Event: ======'machine_var_audits_player_score'====== Args={'value': {'average': 0, 'top': [], 'total': 0}, 'prev_value': None, 'change': True}
2026-04-16 13:38:55,016 : INFO : EventManager : Event: ======'machine_var_audits_shots_bumper_left'====== Args={'value': 118, 'prev_value': None, 'change': True}
2026-04-16 13:38:55,016 : INFO : EventManager : Event: ======'machine_var_audits_shots_bumper_right'====== Args={'value': 120, 'prev_value': None, 'change': True}
2026-04-16 13:38:55,016 : INFO : EventManager : Event: ======'machine_var_audits_shots_hurryup'====== Args={'value': 3, 'prev_value': None, 'change': True}
2026-04-16 13:38:55,016 : INFO : EventManager : Event: ======'machine_var_audits_shots_left_lane'====== Args={'value': 15, 'prev_value': None, 'change': True}
2026-04-16 13:38:55,016 : INFO : EventManager : Event: ======'machine_var_audits_switches_s_bumper_left'====== Args={'value': 118, 'prev_value': None, 'change': True}
2026-04-16 13:38:55,016 : INFO : EventManager : Event: ======'machine_var_audits_switches_s_bumper_right'====== Args={'value': 120, 'prev_value': None, 'change': True}
2026-04-16 13:38:55,016 : INFO : EventManager : Event: ======'machine_var_audits_switches_s_flipper_left'====== Args={'value': 62, 'prev_value': None, 'change': True}
2026-04-16 13:38:55,016 : INFO : EventManager : Event: ======'machine_var_audits_switches_s_flipper_right'====== Args={'value': 62, 'prev_value': None, 'change': True}
2026-04-16 13:38:55,016 : INFO : EventManager : Event: ======'machine_var_audits_switches_s_left_lane'====== Args={'value': 15, 'prev_value': None, 'change': True}
2026-04-16 13:38:55,016 : INFO : EventManager : Event: ======'machine_var_audits_switches_s_plunger_lane'====== Args={'value': 0, 'prev_value': None, 'change': True}
2026-04-16 13:38:55,016 : INFO : EventManager : Event: ======'machine_var_audits_switches_s_start'====== Args={'value': 3, 'prev_value': None, 'change': True}
2026-04-16 13:38:55,016 : INFO : EventManager : Event: ======'machine_var_audits_switches_s_trough_1'====== Args={'value': 0, 'prev_value': None, 'change': True}
2026-04-16 13:38:55,016 : INFO : EventManager : Event: ======'machine_var_audits_switches_s_trough_2'====== Args={'value': 0, 'prev_value': None, 'change': True}
2026-04-16 13:38:55,016 : INFO : EventManager : Event: ======'machine_var_audits_switches_s_trough_3'====== Args={'value': 0, 'prev_value': None, 'change': True}
2026-04-16 13:38:55,016 : INFO : EventManager : Event: ======'machine_var_audits_switches_s_action_button'====== Args={'value': 0, 'prev_value': None, 'change': True}
2026-04-16 13:38:55,016 : INFO : EventManager : Event: ======'init_phase_5'====== Args={}
2026-04-16 13:38:55,016 : INFO : EventManager : Event: ======'init_done'====== Args={}
2026-04-16 13:38:55,016 : INFO : EventManager : Event: ======'machine_reset_phase_1'====== Args={}
2026-04-16 13:38:55,053 : INFO : EventManager : Event: ======'machine_reset_phase_2'====== Args={}
2026-04-16 13:38:55,053 : INFO : EventManager : Event: ======'machine_reset_phase_3'====== Args={}
2026-04-16 13:38:55,053 : INFO : EventManager : Event: ======'reset_complete'====== Args={}
2026-04-16 13:38:55,053 : INFO : EventManager : Event: ======'mode_attract_will_start'====== Args={}
2026-04-16 13:38:55,053 : INFO : Timer.attract_carousel_timer : Starting Timer.
2026-04-16 13:38:55,053 : INFO : EventManager : Event: ======'timer_attract_carousel_timer_started'====== Args={'ticks': 0, 'ticks_remaining': 1}
2026-04-16 13:38:55,054 : INFO : EventManager : Event: ======'timer_attract_carousel_timer_tick'====== Args={'ticks': 0, 'ticks_remaining': 1}
2026-04-16 13:38:55,054 : INFO : EventManager : Event: ======'mode_attract_starting'====== Args={}
2026-04-16 13:38:55,054 : INFO : Mode.attract : Started. Priority: 10
2026-04-16 13:38:55,054 : INFO : EventManager : Event: ======'modes_active_modes_changed'====== Args={}
2026-04-16 13:38:55,054 : INFO : EventManager : Event: ======'mode_attract_started'====== Args={}
2026-04-16 13:38:55,054 : INFO : EventManager : Event: ======'collecting_balls_complete'====== Args={}
2026-04-16 13:38:55,054 : INFO : EventManager : Event: ======'carousel_item_highlighted'====== Args={'carousel': 'attract', 'direction': None, 'item': 'title'}
2026-04-16 13:38:55,054 : INFO : EventManager : Event: ======'timer_attract_carousel_timer_tick'====== Args={'ticks': 0, 'ticks_remaining': 1}
2026-04-16 13:38:55,054 : INFO : Machine : Starting the main run loop with active modes: [<Mode.attract>]
2026-04-16 13:38:55,112 : INFO : EventManager : Event: ======'slide_attract_created'====== Args={'_from_bcp': True}
2026-04-16 13:38:55,112 : INFO : EventManager : Event: ======'slide__removed'====== Args={'_from_bcp': True}
2026-04-16 13:38:55,112 : INFO : EventManager : Event: ======'slide_attract_active'====== Args={'original_context': 'attract', 'original_calling_context': 'mode_attract_started', 'priority': 10.0, 'cmd': 'slides_play', '_from_bcp': True}
2026-04-16 13:38:58,814 : INFO : SwitchController : <<<<<<< 's_start' active >>>>>>>
2026-04-16 13:38:58,947 : INFO : SwitchController : <<<<<<< 's_start' inactive >>>>>>>
2026-04-16 13:38:58,948 : INFO : EventManager : Event: ======'request_to_start_game'====== Args={}
2026-04-16 13:38:58,948 : INFO : EventManager : Event: ======'game_start'====== Args={'buttons': [], 'hold_time': 0.13277100000004793}
2026-04-16 13:38:58,948 : INFO : EventManager : Event: ======'mode_game_will_start'====== Args={'buttons': [], 'hold_time': 0.13277100000004793}
2026-04-16 13:38:58,950 : INFO : EventManager : Event: ======'mode_game_starting'====== Args={'buttons': [], 'hold_time': 0.13277100000004793}
2026-04-16 13:38:58,950 : INFO : EventManager : Event: ======'mode_attract_will_stop'====== Args={}
2026-04-16 13:38:58,950 : INFO : EventManager : Event: ======'mode_attract_stopping'====== Args={}
2026-04-16 13:38:58,950 : INFO : Mode.attract : Stopped.
2026-04-16 13:38:58,950 : INFO : EventManager : Event: ======'modes_active_modes_changed'====== Args={}
2026-04-16 13:38:58,951 : INFO : EventManager : Event: ======'mode_attract_stopped'====== Args={}
2026-04-16 13:38:58,951 : INFO : EventManager : Event: ======'clear'====== Args={'key': 'attract'}
2026-04-16 13:38:58,951 : INFO : Timer.attract_carousel_timer : Stopping Timer
2026-04-16 13:38:58,952 : INFO : EventManager : Event: ======'timer_attract_carousel_timer_stopped'====== Args={'ticks': 0, 'ticks_remaining': 1}
2026-04-16 13:38:58,952 : INFO : Mode.game : Started. Priority: 20
2026-04-16 13:38:58,952 : INFO : EventManager : Event: ======'modes_active_modes_changed'====== Args={}
2026-04-16 13:38:58,952 : INFO : EventManager : Event: ======'mode_game_started'====== Args={'buttons': [], 'hold_time': 0.13277100000004793}
2026-04-16 13:38:58,952 : INFO : EventManager : Event: ======'game_will_start'====== Args={}
2026-04-16 13:38:58,952 : INFO : EventManager : Event: ======'game_starting'====== Args={'game': <Mode.game>}
2026-04-16 13:38:58,953 : INFO : EventManager : Unordered handler for class <Auditor> on event game_ended with priority 1. Handlers: [RegisteredHandler(callback=<bound method Auditor.disable of <Auditor>>, priority=1, kwargs={}, key=UUID('089ba136-84c8-4448-ad6a-ff0e487f106a'), condition=None, blocking_facility=None), RegisteredHandler(callback=<bound method Auditor._save_audits of <Auditor>>, priority=1, kwargs={}, key=UUID('16266eba-359c-4bcf-bc3f-b3cb517d6bfc'), condition=None, blocking_facility=None)]. The order of those handlers is not defined and they will be executed in random order. This might lead to race conditions and potential bugs.
2026-04-16 13:38:58,953 : INFO : EventManager : Event: ======'player_add_request'====== Args={}
2026-04-16 13:38:58,954 : INFO : EventManager : Event: ======'player_will_add'====== Args={'number': 1}
2026-04-16 13:38:58,954 : INFO : EventManager : Event: ======'player_adding'====== Args={'player': <Player 1>, 'number': 1}
2026-04-16 13:38:58,954 : INFO : EventManager : Event: ======'player_added'====== Args={'player': <Player 1>, 'num': 1}
2026-04-16 13:38:58,954 : INFO : Mode.game : Player added successfully. Total players: 1
2026-04-16 13:38:58,954 : INFO : EventManager : Event: ======'player_index'====== Args={'value': 0, 'prev_value': 0, 'change': 0, 'player_num': 1}
2026-04-16 13:38:58,954 : INFO : EventManager : Event: ======'player_number'====== Args={'value': 1, 'prev_value': 1, 'change': 0, 'player_num': 1}
2026-04-16 13:38:58,954 : INFO : EventManager : Event: ======'player_score'====== Args={'value': 0, 'prev_value': 0, 'change': 0, 'player_num': 1}
2026-04-16 13:38:58,955 : INFO : EventManager : Event: ======'game_started'====== Args={}
2026-04-16 13:38:58,955 : INFO : EventManager : Event: ======'player_turn_will_start'====== Args={'player': <Player 1>, 'number': 1}
2026-04-16 13:38:58,955 : INFO : EventManager : Event: ======'player_turn_starting'====== Args={'player': <Player 1>, 'number': 1}
2026-04-16 13:38:58,956 : INFO : EventManager : Event: ======'player_ball'====== Args={'value': 1, 'prev_value': 0, 'change': 1, 'player_num': 1}
2026-04-16 13:38:58,960 : INFO : EventManager : Event: ======'player_turn_started'====== Args={'player': <Player 1>, 'number': 1}
2026-04-16 13:38:58,960 : INFO : EventManager : Event: ======'ball_will_start'====== Args={'player': 1, 'ball': 1, 'balls_remaining': 2, 'is_extra_ball': False}
2026-04-16 13:38:58,960 : INFO : EventManager : Event: ======'ball_starting'====== Args={'player': 1, 'ball': 1, 'balls_remaining': 2, 'is_extra_ball': False}
2026-04-16 13:38:58,960 : INFO : EventManager : Event: ======'mode_base_will_start'====== Args={'queue': <QueuedEvent>, 'player': 1, 'ball': 1, 'balls_remaining': 2, 'is_extra_ball': False}
2026-04-16 13:38:58,961 : INFO : EventManager : Event: ======'player_shot_left_lane_enabled'====== Args={'value': True, 'prev_value': 0, 'change': 1, 'player_num': 1}
2026-04-16 13:38:58,962 : INFO : EventManager : Event: ======'mode_base_starting'====== Args={'queue': <QueuedEvent>, 'player': 1, 'ball': 1, 'balls_remaining': 2, 'is_extra_ball': False}
2026-04-16 13:38:58,962 : INFO : Mode.base : Started. Priority: 100
2026-04-16 13:38:58,962 : INFO : EventManager : Event: ======'modes_active_modes_changed'====== Args={}
2026-04-16 13:38:58,962 : INFO : EventManager : Event: ======'mode_base_started'====== Args={'queue': <QueuedEvent>, 'player': 1, 'ball': 1, 'balls_remaining': 2, 'is_extra_ball': False}
2026-04-16 13:38:58,962 : INFO : EventManager : Event: ======'start_mode_bumpers'====== Args={'priority': 0}
2026-04-16 13:38:58,962 : INFO : EventManager : Event: ======'mode_bumpers_will_start'====== Args={'priority': 0}
2026-04-16 13:38:58,963 : INFO : EventManager : Event: ======'player_shot_bumper_left_enabled'====== Args={'value': True, 'prev_value': 0, 'change': 1, 'player_num': 1}
2026-04-16 13:38:58,963 : INFO : EventManager : Event: ======'player_shot_bumper_right_enabled'====== Args={'value': True, 'prev_value': 0, 'change': 1, 'player_num': 1}
2026-04-16 13:38:58,963 : INFO : EventManager : Event: ======'bumpers_complete'====== Args={'state': 'unlit'}
2026-04-16 13:38:58,963 : INFO : EventManager : Event: ======'bumpers_unlit_complete'====== Args={}
2026-04-16 13:38:58,964 : INFO : EventManager : Event: ======'mode_bumpers_starting'====== Args={'priority': 0}
2026-04-16 13:38:58,964 : INFO : Mode.bumpers : Started. Priority: 200
2026-04-16 13:38:58,964 : INFO : EventManager : Event: ======'modes_active_modes_changed'====== Args={}
2026-04-16 13:38:58,964 : INFO : EventManager : Event: ======'mode_bumpers_started'====== Args={'priority': 0}
2026-04-16 13:38:58,964 : INFO : EventManager : Event: ======'balls_in_play'====== Args={'balls': 1}
2026-04-16 13:38:58,965 : INFO : EventManager : Event: ======'ball_started'====== Args={'player': 1, 'ball': 1, 'balls_remaining': 2, 'is_extra_ball': False}
2026-04-16 13:38:58,965 : INFO : EventManager : Event: ======'single_player_ball_started'====== Args={}
2026-04-16 13:38:58,965 : INFO : EventManager : Event: ======'ball_start_target'====== Args={'target': 'playfield'}
2026-04-16 13:38:58,965 : INFO : ball_device.bd_trough : Setting up player-controlled eject. Balls: 1, Target: <playfield.playfield>, player_controlled_eject_event: None
2026-04-16 13:38:58,965 : INFO : ball_device.bd_trough : Adding 1 ball(s) to the eject_queue with target <playfield.playfield>.
2026-04-16 13:38:58,965 : INFO : EventManager : Event: ======'balldevice_balls_available'====== Args={}
2026-04-16 13:38:58,966 : INFO : ball_device.bd_trough : State: waiting_for_target_ready
2026-04-16 13:38:58,966 : INFO : EventManager : Event: ======'balldevice_bd_trough_ball_eject_attempt'====== Args={'balls': 1, 'target': <ball_device.bd_plunger>, 'source': <ball_device.bd_trough>, 'mechanical_eject': False, 'num_attempts': 0}
2026-04-16 13:38:58,966 : INFO : ball_device.bd_plunger : State: waiting_for_ball
2026-04-16 13:38:58,966 : INFO : ball_device.bd_trough : State: ejecting
2026-04-16 13:38:58,967 : INFO : ball_device.bd_trough : Ejecting ball to <ball_device.bd_plunger>
2026-04-16 13:38:58,967 : INFO : EventManager : Event: ======'balldevice_bd_trough_ejecting_ball'====== Args={'balls': 1, 'target': <ball_device.bd_plunger>, 'source': <ball_device.bd_trough>, 'mechanical_eject': False, 'num_attempts': 0}
2026-04-16 13:38:58,967 : INFO : ball_device.bd_trough : Wait for ball to leave device
2026-04-16 13:38:58,967 : INFO : coil.c_trough_eject : Pulsing Driver for 10ms (1.0 pulse_power)
2026-04-16 13:38:58,992 : INFO : EventManager : Event: ======'slide_base_slide_created'====== Args={'_from_bcp': True}
2026-04-16 13:38:58,992 : INFO : EventManager : Event: ======'slide_attract_inactive'====== Args={'is_removing': True, '_from_bcp': True}
2026-04-16 13:38:58,993 : INFO : EventManager : Event: ======'slide_base_slide_active'====== Args={'original_context': 'base', 'original_calling_context': 'mode_base_started', 'priority': 100.0, 'queue': '<QueuedEvent>', 'player': 1.0, 'ball': 1.0, 'balls_remaining': 2.0, 'is_extra_ball': False, 'cmd': 'slides_play', '_from_bcp': True}
2026-04-16 13:38:58,993 : INFO : EventManager : Event: ======'slide_attract_removed'====== Args={'_from_bcp': True}
2026-04-16 13:39:00,781 : INFO : SwitchController : <<<<<<< 's_left_lane' active >>>>>>>
2026-04-16 13:39:00,781 : INFO : EventManager : Event: ======'playfield_active'====== Args={'source': 'left_lane'}
2026-04-16 13:39:00,781 : INFO : EventManager : Event: ======'unexpected_ball_on_playfield'====== Args={}
2026-04-16 13:39:00,781 : INFO : EventManager : Event: ======'playfield_active'====== Args={'source': 'hurryup'}
2026-04-16 13:39:00,781 : INFO : EventManager : Event: ======'unexpected_ball_on_playfield'====== Args={}
2026-04-16 13:39:00,782 : INFO : EventManager : Event: ======'s_left_lane_active'====== Args={}
2026-04-16 13:39:00,782 : INFO : EventManager : Event: ======'machine_var_audits_switches_s_left_lane'====== Args={'value': 16, 'prev_value': 15, 'change': 1}
2026-04-16 13:39:00,783 : INFO : EventManager : Event: ======'player_shot_left_lane'====== Args={'value': 1, 'prev_value': 0, 'change': 1, 'player_num': 1}
2026-04-16 13:39:00,783 : INFO : EventManager : Event: ======'machine_var_audits_shots_left_lane'====== Args={'value': 16, 'prev_value': 15, 'change': 1}
2026-04-16 13:39:00,787 : INFO : EventManager : Event: ======'left_lane_hit'====== Args={'profile': 'default', 'state': 'unlit', 'advancing': True}
2026-04-16 13:39:00,787 : INFO : EventManager : Event: ======'left_lane_default_hit'====== Args={'profile': 'default', 'state': 'unlit', 'advancing': True}
2026-04-16 13:39:00,787 : INFO : EventManager : Event: ======'left_lane_default_unlit_hit'====== Args={'profile': 'default', 'state': 'unlit', 'advancing': True}
2026-04-16 13:39:00,787 : INFO : EventManager : Event: ======'left_lane_unlit_hit'====== Args={'profile': 'default', 'state': 'unlit', 'advancing': True}
2026-04-16 13:39:00,787 : INFO : EventManager : Event: ======'start_mode_rhythm'====== Args={'priority': 0}
2026-04-16 13:39:00,787 : INFO : EventManager : Event: ======'mode_rhythm_will_start'====== Args={'priority': 0}
2026-04-16 13:39:00,788 : INFO : EventManager : Event: ======'mode_rhythm_starting'====== Args={'priority': 0}
2026-04-16 13:39:00,788 : INFO : Mode.rhythm : Started. Priority: 1200
2026-04-16 13:39:00,788 : INFO : EventManager : Event: ======'modes_active_modes_changed'====== Args={}
2026-04-16 13:39:00,788 : INFO : EventManager : Event: ======'mode_rhythm_started'====== Args={'priority': 0}
2026-04-16 13:39:00,788 : INFO : EventManager : Event: ======'player_rhythm_mode_score'====== Args={'value': 0, 'prev_value': 0, 'change': 0, 'player_num': 1}
2026-04-16 13:39:00,788 : INFO : EventManager : Event: ======'player_rhythm_combo'====== Args={'value': 0, 'prev_value': 0, 'change': 0, 'player_num': 1}
2026-04-16 13:39:00,789 : INFO : EventManager : Event: ======'player_rhythm_best_combo'====== Args={'value': 0, 'prev_value': 0, 'change': 0, 'player_num': 1}
2026-04-16 13:39:00,789 : INFO : EventManager : Event: ======'player_rhythm_hits'====== Args={'value': 0, 'prev_value': 0, 'change': 0, 'player_num': 1}
2026-04-16 13:39:00,789 : INFO : EventManager : Event: ======'player_rhythm_misses'====== Args={'value': 0, 'prev_value': 0, 'change': 0, 'player_num': 1}
2026-04-16 13:39:00,789 : INFO : EventManager : Event: ======'player_rhythm_notes_total'====== Args={'value': 38, 'prev_value': 0, 'change': 38, 'player_num': 1}
2026-04-16 13:39:00,789 : INFO : EventManager : Event: ======'player_rhythm_accuracy'====== Args={'value': 0, 'prev_value': 0, 'change': 0, 'player_num': 1}
2026-04-16 13:39:00,789 : INFO : EventManager : Event: ======'player_rhythm_multiplier'====== Args={'value': 1, 'prev_value': 0, 'change': 1, 'player_num': 1}
2026-04-16 13:39:00,840 : INFO : EventManager : Event: ======'rhythm_chart_started'====== Args={'total_notes': 38, 'travel_ms': 1600, 'perfect_window_ms': 90, 'good_window_ms': 170, 'lead_in_ms': 1800, 'song_key': '16_school_of_rock__teachers_pet', 'song_bus': 'music', 'audio_offset_ms': 0}
2026-04-16 13:39:00,845 : INFO : EventManager : Event: ======'slide_rhythm_created'====== Args={'_from_bcp': True}
2026-04-16 13:39:00,845 : INFO : EventManager : Event: ======'slide_base_slide_inactive'====== Args={'is_removing': False, '_from_bcp': True}
2026-04-16 13:39:00,845 : INFO : EventManager : Event: ======'slide_rhythm_active'====== Args={'original_context': 'rhythm', 'original_calling_context': 'mode_rhythm_started', 'priority': 1200.0, 'cmd': 'slides_play', '_from_bcp': True}
2026-04-16 13:39:00,898 : INFO : SwitchController : <<<<<<< 's_left_lane' inactive >>>>>>>
2026-04-16 13:39:01,591 : INFO : EventManager : Event: ======'rhythm_note_spawned'====== Args={'note_id': 0, 'lane': 'left', 'travel_ms': 1600, 'hit_time_ms': 2400}
2026-04-16 13:39:01,991 : INFO : EventManager : Event: ======'rhythm_note_spawned'====== Args={'note_id': 1, 'lane': 'center', 'travel_ms': 1600, 'hit_time_ms': 2800}
2026-04-16 13:39:02,390 : INFO : EventManager : Event: ======'rhythm_note_spawned'====== Args={'note_id': 2, 'lane': 'right', 'travel_ms': 1600, 'hit_time_ms': 3200}
2026-04-16 13:39:02,791 : INFO : EventManager : Event: ======'rhythm_note_spawned'====== Args={'note_id': 3, 'lane': 'left', 'travel_ms': 1600, 'hit_time_ms': 3600}
2026-04-16 13:39:03,191 : INFO : EventManager : Event: ======'rhythm_note_spawned'====== Args={'note_id': 4, 'lane': 'center', 'travel_ms': 1600, 'hit_time_ms': 4000}
2026-04-16 13:39:03,191 : INFO : EventManager : Event: ======'rhythm_note_spawned'====== Args={'note_id': 5, 'lane': 'right', 'travel_ms': 1600, 'hit_time_ms': 4000}
2026-04-16 13:39:03,362 : INFO : EventManager : Event: ======'player_rhythm_misses'====== Args={'value': 1, 'prev_value': 0, 'change': 1, 'player_num': 1}
2026-04-16 13:39:03,362 : INFO : EventManager : Event: ======'rhythm_note_missed'====== Args={'note_id': 0, 'lane': 'left', 'total_misses': 1}
2026-04-16 13:39:03,691 : INFO : EventManager : Event: ======'rhythm_note_spawned'====== Args={'note_id': 6, 'lane': 'left', 'travel_ms': 1600, 'hit_time_ms': 4500}
2026-04-16 13:39:03,762 : INFO : EventManager : Event: ======'player_rhythm_misses'====== Args={'value': 2, 'prev_value': 1, 'change': 1, 'player_num': 1}
2026-04-16 13:39:03,762 : INFO : EventManager : Event: ======'rhythm_note_missed'====== Args={'note_id': 1, 'lane': 'center', 'total_misses': 2}
2026-04-16 13:39:04,091 : INFO : EventManager : Event: ======'rhythm_note_spawned'====== Args={'note_id': 7, 'lane': 'center', 'travel_ms': 1600, 'hit_time_ms': 4900}
2026-04-16 13:39:04,161 : INFO : EventManager : Event: ======'player_rhythm_misses'====== Args={'value': 3, 'prev_value': 2, 'change': 1, 'player_num': 1}
2026-04-16 13:39:04,162 : INFO : EventManager : Event: ======'rhythm_note_missed'====== Args={'note_id': 2, 'lane': 'right', 'total_misses': 3}
2026-04-16 13:39:04,491 : INFO : EventManager : Event: ======'rhythm_note_spawned'====== Args={'note_id': 8, 'lane': 'right', 'travel_ms': 1600, 'hit_time_ms': 5300}
2026-04-16 13:39:04,562 : INFO : EventManager : Event: ======'player_rhythm_misses'====== Args={'value': 4, 'prev_value': 3, 'change': 1, 'player_num': 1}
2026-04-16 13:39:04,562 : INFO : EventManager : Event: ======'rhythm_note_missed'====== Args={'note_id': 3, 'lane': 'left', 'total_misses': 4}
2026-04-16 13:39:04,891 : INFO : EventManager : Event: ======'rhythm_note_spawned'====== Args={'note_id': 9, 'lane': 'left', 'travel_ms': 1600, 'hit_time_ms': 5700}
2026-04-16 13:39:04,962 : INFO : EventManager : Event: ======'player_rhythm_misses'====== Args={'value': 5, 'prev_value': 4, 'change': 1, 'player_num': 1}
2026-04-16 13:39:04,962 : INFO : EventManager : Event: ======'rhythm_note_missed'====== Args={'note_id': 4, 'lane': 'center', 'total_misses': 5}
2026-04-16 13:39:04,963 : INFO : EventManager : Event: ======'player_rhythm_misses'====== Args={'value': 6, 'prev_value': 5, 'change': 1, 'player_num': 1}
2026-04-16 13:39:04,963 : INFO : EventManager : Event: ======'rhythm_note_missed'====== Args={'note_id': 5, 'lane': 'right', 'total_misses': 6}
2026-04-16 13:39:05,064 : INFO : SwitchController : <<<<<<< 's_flipper_left' active >>>>>>>
2026-04-16 13:39:05,064 : INFO : EventManager : Event: ======'rhythm_lane_pressed'====== Args={'lane': 'left'}
2026-04-16 13:39:05,064 : INFO : EventManager : Event: ======'machine_var_audits_switches_s_flipper_left'====== Args={'value': 63, 'prev_value': 62, 'change': 1}
2026-04-16 13:39:05,148 : INFO : SwitchController : <<<<<<< 's_flipper_left' inactive >>>>>>>
2026-04-16 13:39:05,291 : INFO : EventManager : Event: ======'rhythm_note_spawned'====== Args={'note_id': 10, 'lane': 'center', 'travel_ms': 1600, 'hit_time_ms': 6100}
2026-04-16 13:39:05,462 : INFO : EventManager : Event: ======'player_rhythm_misses'====== Args={'value': 7, 'prev_value': 6, 'change': 1, 'player_num': 1}
2026-04-16 13:39:05,462 : INFO : EventManager : Event: ======'rhythm_note_missed'====== Args={'note_id': 6, 'lane': 'left', 'total_misses': 7}
2026-04-16 13:39:05,532 : INFO : SwitchController : <<<<<<< 's_action_button' active >>>>>>>
2026-04-16 13:39:05,532 : INFO : EventManager : Event: ======'rhythm_lane_pressed'====== Args={'lane': 'center'}
2026-04-16 13:39:05,532 : INFO : EventManager : Event: ======'player_rhythm_combo'====== Args={'value': 1, 'prev_value': 0, 'change': 1, 'player_num': 1}
2026-04-16 13:39:05,532 : INFO : EventManager : Event: ======'player_rhythm_best_combo'====== Args={'value': 1, 'prev_value': 0, 'change': 1, 'player_num': 1}
2026-04-16 13:39:05,533 : INFO : EventManager : Event: ======'player_rhythm_hits'====== Args={'value': 1, 'prev_value': 0, 'change': 1, 'player_num': 1}
2026-04-16 13:39:05,533 : INFO : EventManager : Event: ======'player_rhythm_mode_score'====== Args={'value': 10000, 'prev_value': 0, 'change': 10000, 'player_num': 1}
2026-04-16 13:39:05,533 : INFO : EventManager : Event: ======'player_score'====== Args={'value': 10000, 'prev_value': 0, 'change': 10000, 'player_num': 1}
2026-04-16 13:39:05,533 : INFO : EventManager : Event: ======'rhythm_note_hit'====== Args={'note_id': 7, 'lane': 'center', 'judgment': 'good', 'combo': 1, 'multiplier': 1, 'award': 10000, 'delta_ms': 156, 'total_score': 10000}
2026-04-16 13:39:05,534 : INFO : EventManager : Event: ======'machine_var_audits_switches_s_action_button'====== Args={'value': 1, 'prev_value': 0, 'change': 1}
2026-04-16 13:39:05,681 : INFO : SwitchController : <<<<<<< 's_action_button' inactive >>>>>>>
2026-04-16 13:39:05,690 : INFO : EventManager : Event: ======'rhythm_note_spawned'====== Args={'note_id': 11, 'lane': 'right', 'travel_ms': 1600, 'hit_time_ms': 6500}
2026-04-16 13:39:05,864 : INFO : SwitchController : <<<<<<< 's_flipper_right' active >>>>>>>
2026-04-16 13:39:05,865 : INFO : EventManager : Event: ======'rhythm_lane_pressed'====== Args={'lane': 'right'}
2026-04-16 13:39:05,865 : INFO : EventManager : Event: ======'machine_var_audits_switches_s_flipper_right'====== Args={'value': 63, 'prev_value': 62, 'change': 1}
2026-04-16 13:39:06,014 : INFO : SwitchController : <<<<<<< 's_flipper_right' inactive >>>>>>>
2026-04-16 13:39:06,091 : INFO : EventManager : Event: ======'rhythm_note_spawned'====== Args={'note_id': 12, 'lane': 'center', 'travel_ms': 1600, 'hit_time_ms': 6900}
2026-04-16 13:39:06,262 : INFO : EventManager : Event: ======'player_rhythm_combo'====== Args={'value': 0, 'prev_value': 1, 'change': -1, 'player_num': 1}
2026-04-16 13:39:06,262 : INFO : EventManager : Event: ======'player_rhythm_misses'====== Args={'value': 8, 'prev_value': 7, 'change': 1, 'player_num': 1}
2026-04-16 13:39:06,263 : INFO : EventManager : Event: ======'rhythm_note_missed'====== Args={'note_id': 8, 'lane': 'right', 'total_misses': 8}
2026-04-16 13:39:06,364 : INFO : SwitchController : <<<<<<< 's_flipper_left' active >>>>>>>
2026-04-16 13:39:06,365 : INFO : EventManager : Event: ======'rhythm_lane_pressed'====== Args={'lane': 'left'}
2026-04-16 13:39:06,365 : INFO : EventManager : Event: ======'player_rhythm_combo'====== Args={'value': 1, 'prev_value': 0, 'change': 1, 'player_num': 1}
2026-04-16 13:39:06,365 : INFO : EventManager : Event: ======'player_rhythm_hits'====== Args={'value': 2, 'prev_value': 1, 'change': 1, 'player_num': 1}
2026-04-16 13:39:06,365 : INFO : EventManager : Event: ======'player_rhythm_mode_score'====== Args={'value': 20000, 'prev_value': 10000, 'change': 10000, 'player_num': 1}
2026-04-16 13:39:06,365 : INFO : EventManager : Event: ======'player_score'====== Args={'value': 20000, 'prev_value': 10000, 'change': 10000, 'player_num': 1}
2026-04-16 13:39:06,366 : INFO : EventManager : Event: ======'rhythm_note_hit'====== Args={'note_id': 9, 'lane': 'left', 'judgment': 'good', 'combo': 1, 'multiplier': 1, 'award': 10000, 'delta_ms': 123, 'total_score': 20000}
2026-04-16 13:39:06,366 : INFO : EventManager : Event: ======'machine_var_audits_switches_s_flipper_left'====== Args={'value': 64, 'prev_value': 63, 'change': 1}
2026-04-16 13:39:06,491 : INFO : EventManager : Event: ======'rhythm_note_spawned'====== Args={'note_id': 13, 'lane': 'right', 'travel_ms': 1600, 'hit_time_ms': 7300}
2026-04-16 13:39:06,514 : INFO : SwitchController : <<<<<<< 's_flipper_left' inactive >>>>>>>
2026-04-16 13:39:06,890 : INFO : EventManager : Event: ======'rhythm_note_spawned'====== Args={'note_id': 14, 'lane': 'left', 'travel_ms': 1600, 'hit_time_ms': 7700}
2026-04-16 13:39:06,890 : INFO : EventManager : Event: ======'rhythm_note_spawned'====== Args={'note_id': 15, 'lane': 'center', 'travel_ms': 1600, 'hit_time_ms': 7700}
2026-04-16 13:39:06,914 : INFO : SwitchController : <<<<<<< 's_action_button' active >>>>>>>
2026-04-16 13:39:06,914 : INFO : EventManager : Event: ======'rhythm_lane_pressed'====== Args={'lane': 'center'}
2026-04-16 13:39:06,914 : INFO : EventManager : Event: ======'player_rhythm_combo'====== Args={'value': 2, 'prev_value': 1, 'change': 1, 'player_num': 1}
2026-04-16 13:39:06,915 : INFO : EventManager : Event: ======'player_rhythm_best_combo'====== Args={'value': 2, 'prev_value': 1, 'change': 1, 'player_num': 1}
2026-04-16 13:39:06,915 : INFO : EventManager : Event: ======'player_rhythm_hits'====== Args={'value': 3, 'prev_value': 2, 'change': 1, 'player_num': 1}
2026-04-16 13:39:06,915 : INFO : EventManager : Event: ======'player_rhythm_mode_score'====== Args={'value': 40000, 'prev_value': 20000, 'change': 20000, 'player_num': 1}
2026-04-16 13:39:06,915 : INFO : EventManager : Event: ======'player_score'====== Args={'value': 40000, 'prev_value': 20000, 'change': 20000, 'player_num': 1}
2026-04-16 13:39:06,915 : INFO : EventManager : Event: ======'rhythm_note_hit'====== Args={'note_id': 10, 'lane': 'center', 'judgment': 'perfect', 'combo': 2, 'multiplier': 1, 'award': 20000, 'delta_ms': 26, 'total_score': 40000}
2026-04-16 13:39:06,916 : INFO : EventManager : Event: ======'machine_var_audits_switches_s_action_button'====== Args={'value': 2, 'prev_value': 1, 'change': 1}
2026-04-16 13:39:07,083 : INFO : SwitchController : <<<<<<< 's_action_button' inactive >>>>>>>
2026-04-16 13:39:07,381 : INFO : SwitchController : <<<<<<< 's_flipper_right' active >>>>>>>
2026-04-16 13:39:07,381 : INFO : EventManager : Event: ======'rhythm_lane_pressed'====== Args={'lane': 'right'}
2026-04-16 13:39:07,381 : INFO : EventManager : Event: ======'player_rhythm_combo'====== Args={'value': 3, 'prev_value': 2, 'change': 1, 'player_num': 1}
2026-04-16 13:39:07,381 : INFO : EventManager : Event: ======'player_rhythm_best_combo'====== Args={'value': 3, 'prev_value': 2, 'change': 1, 'player_num': 1}
2026-04-16 13:39:07,382 : INFO : EventManager : Event: ======'player_rhythm_hits'====== Args={'value': 4, 'prev_value': 3, 'change': 1, 'player_num': 1}
2026-04-16 13:39:07,382 : INFO : EventManager : Event: ======'player_rhythm_mode_score'====== Args={'value': 50000, 'prev_value': 40000, 'change': 10000, 'player_num': 1}
2026-04-16 13:39:07,382 : INFO : EventManager : Event: ======'player_score'====== Args={'value': 50000, 'prev_value': 40000, 'change': 10000, 'player_num': 1}
2026-04-16 13:39:07,382 : INFO : EventManager : Event: ======'rhythm_note_hit'====== Args={'note_id': 11, 'lane': 'right', 'judgment': 'good', 'combo': 3, 'multiplier': 1, 'award': 10000, 'delta_ms': 93, 'total_score': 50000}
2026-04-16 13:39:07,382 : INFO : EventManager : Event: ======'machine_var_audits_switches_s_flipper_right'====== Args={'value': 64, 'prev_value': 63, 'change': 1}
2026-04-16 13:39:07,491 : INFO : EventManager : Event: ======'rhythm_note_spawned'====== Args={'note_id': 16, 'lane': 'left', 'travel_ms': 1600, 'hit_time_ms': 8300}
2026-04-16 13:39:07,531 : INFO : SwitchController : <<<<<<< 's_flipper_right' inactive >>>>>>>
2026-04-16 13:39:07,862 : INFO : EventManager : Event: ======'player_rhythm_combo'====== Args={'value': 0, 'prev_value': 3, 'change': -3, 'player_num': 1}
2026-04-16 13:39:07,862 : INFO : EventManager : Event: ======'player_rhythm_misses'====== Args={'value': 9, 'prev_value': 8, 'change': 1, 'player_num': 1}
2026-04-16 13:39:07,862 : INFO : EventManager : Event: ======'rhythm_note_missed'====== Args={'note_id': 12, 'lane': 'center', 'total_misses': 9}
2026-04-16 13:39:07,891 : INFO : EventManager : Event: ======'rhythm_note_spawned'====== Args={'note_id': 17, 'lane': 'center', 'travel_ms': 1600, 'hit_time_ms': 8700}
2026-04-16 13:39:07,898 : INFO : SwitchController : <<<<<<< 's_flipper_left' active >>>>>>>
2026-04-16 13:39:07,898 : INFO : EventManager : Event: ======'rhythm_lane_pressed'====== Args={'lane': 'left'}
2026-04-16 13:39:07,898 : INFO : EventManager : Event: ======'machine_var_audits_switches_s_flipper_left'====== Args={'value': 65, 'prev_value': 64, 'change': 1}
2026-04-16 13:39:08,031 : INFO : SwitchController : <<<<<<< 's_flipper_left' inactive >>>>>>>
2026-04-16 13:39:08,262 : INFO : EventManager : Event: ======'player_rhythm_misses'====== Args={'value': 10, 'prev_value': 9, 'change': 1, 'player_num': 1}
2026-04-16 13:39:08,262 : INFO : EventManager : Event: ======'rhythm_note_missed'====== Args={'note_id': 13, 'lane': 'right', 'total_misses': 10}
2026-04-16 13:39:08,264 : INFO : SwitchController : <<<<<<< 's_flipper_left' active >>>>>>>
2026-04-16 13:39:08,264 : INFO : EventManager : Event: ======'rhythm_lane_pressed'====== Args={'lane': 'left'}
2026-04-16 13:39:08,265 : INFO : EventManager : Event: ======'machine_var_audits_switches_s_flipper_left'====== Args={'value': 66, 'prev_value': 65, 'change': 1}
2026-04-16 13:39:08,290 : INFO : EventManager : Event: ======'rhythm_note_spawned'====== Args={'note_id': 18, 'lane': 'right', 'travel_ms': 1600, 'hit_time_ms': 9100}
2026-04-16 13:39:08,414 : INFO : SwitchController : <<<<<<< 's_action_button' active >>>>>>>
2026-04-16 13:39:08,414 : INFO : EventManager : Event: ======'rhythm_lane_pressed'====== Args={'lane': 'center'}
2026-04-16 13:39:08,414 : INFO : EventManager : Event: ======'player_rhythm_combo'====== Args={'value': 1, 'prev_value': 0, 'change': 1, 'player_num': 1}
2026-04-16 13:39:08,415 : INFO : EventManager : Event: ======'player_rhythm_hits'====== Args={'value': 5, 'prev_value': 4, 'change': 1, 'player_num': 1}
2026-04-16 13:39:08,415 : INFO : EventManager : Event: ======'player_rhythm_mode_score'====== Args={'value': 70000, 'prev_value': 50000, 'change': 20000, 'player_num': 1}
2026-04-16 13:39:08,415 : INFO : EventManager : Event: ======'player_score'====== Args={'value': 70000, 'prev_value': 50000, 'change': 20000, 'player_num': 1}
2026-04-16 13:39:08,415 : INFO : EventManager : Event: ======'rhythm_note_hit'====== Args={'note_id': 15, 'lane': 'center', 'judgment': 'perfect', 'combo': 1, 'multiplier': 1, 'award': 20000, 'delta_ms': 74, 'total_score': 70000}
2026-04-16 13:39:08,415 : INFO : EventManager : Event: ======'machine_var_audits_switches_s_action_button'====== Args={'value': 3, 'prev_value': 2, 'change': 1}
2026-04-16 13:39:08,431 : INFO : SwitchController : <<<<<<< 's_flipper_left' inactive >>>>>>>
2026-04-16 13:39:08,514 : INFO : SwitchController : <<<<<<< 's_flipper_right' active >>>>>>>
2026-04-16 13:39:08,515 : INFO : EventManager : Event: ======'rhythm_lane_pressed'====== Args={'lane': 'right'}
2026-04-16 13:39:08,515 : INFO : EventManager : Event: ======'machine_var_audits_switches_s_flipper_right'====== Args={'value': 65, 'prev_value': 64, 'change': 1}
2026-04-16 13:39:08,581 : INFO : SwitchController : <<<<<<< 's_flipper_left' active >>>>>>>
2026-04-16 13:39:08,581 : INFO : EventManager : Event: ======'flipper_cancel'====== Args={'triggering_group': 1, 'triggering_switch': 's_flipper_left'}
2026-04-16 13:39:08,581 : INFO : EventManager : Event: ======'rhythm_lane_pressed'====== Args={'lane': 'left'}
2026-04-16 13:39:08,581 : INFO : EventManager : Event: ======'player_rhythm_combo'====== Args={'value': 2, 'prev_value': 1, 'change': 1, 'player_num': 1}
2026-04-16 13:39:08,582 : INFO : EventManager : Event: ======'player_rhythm_hits'====== Args={'value': 6, 'prev_value': 5, 'change': 1, 'player_num': 1}
2026-04-16 13:39:08,582 : INFO : EventManager : Event: ======'player_rhythm_mode_score'====== Args={'value': 80000, 'prev_value': 70000, 'change': 10000, 'player_num': 1}
2026-04-16 13:39:08,582 : INFO : EventManager : Event: ======'player_score'====== Args={'value': 80000, 'prev_value': 70000, 'change': 10000, 'player_num': 1}
2026-04-16 13:39:08,582 : INFO : EventManager : Event: ======'rhythm_note_hit'====== Args={'note_id': 14, 'lane': 'left', 'judgment': 'good', 'combo': 2, 'multiplier': 1, 'award': 10000, 'delta_ms': 93, 'total_score': 80000}
2026-04-16 13:39:08,583 : INFO : EventManager : Event: ======'machine_var_audits_switches_s_flipper_left'====== Args={'value': 67, 'prev_value': 66, 'change': 1}
2026-04-16 13:39:08,597 : INFO : SwitchController : <<<<<<< 's_action_button' inactive >>>>>>>
2026-04-16 13:39:08,616 : INFO : SwitchController : <<<<<<< 's_flipper_right' inactive >>>>>>>
2026-04-16 13:39:08,617 : INFO : EventManager : Event: ======'both_flippers_one'====== Args={'triggering_group': 2, 'triggering_switch': 's_flipper_right'}
2026-04-16 13:39:08,691 : INFO : EventManager : Event: ======'rhythm_note_spawned'====== Args={'note_id': 19, 'lane': 'center', 'travel_ms': 1600, 'hit_time_ms': 9500}
2026-04-16 13:39:08,748 : INFO : SwitchController : <<<<<<< 's_flipper_right' active >>>>>>>
2026-04-16 13:39:08,748 : INFO : EventManager : Event: ======'flipper_cancel'====== Args={'triggering_group': 2, 'triggering_switch': 's_flipper_right'}
2026-04-16 13:39:08,748 : INFO : EventManager : Event: ======'rhythm_lane_pressed'====== Args={'lane': 'right'}
2026-04-16 13:39:08,748 : INFO : EventManager : Event: ======'machine_var_audits_switches_s_flipper_right'====== Args={'value': 66, 'prev_value': 65, 'change': 1}
2026-04-16 13:39:08,781 : INFO : SwitchController : <<<<<<< 's_flipper_left' inactive >>>>>>>
2026-04-16 13:39:08,781 : INFO : EventManager : Event: ======'both_flippers_one'====== Args={'triggering_group': 1, 'triggering_switch': 's_flipper_left'}
2026-04-16 13:39:08,914 : INFO : SwitchController : <<<<<<< 's_flipper_right' inactive >>>>>>>
2026-04-16 13:39:08,915 : INFO : EventManager : Event: ======'both_flippers_inactive'====== Args={'triggering_group': 2, 'triggering_switch': 's_flipper_right'}
2026-04-16 13:39:08,969 : INFO : EventManager : Event: ======'balldevice_bd_trough_ball_eject_failed'====== Args={'target': <ball_device.bd_plunger>, 'balls': 1, 'retry': True, 'num_attempts': 1}
2026-04-16 13:39:08,969 : INFO : ball_device.bd_trough : State: waiting_for_target_ready
2026-04-16 13:39:08,969 : INFO : EventManager : Event: ======'balldevice_bd_trough_ball_eject_attempt'====== Args={'balls': 1, 'target': <ball_device.bd_plunger>, 'source': <ball_device.bd_trough>, 'mechanical_eject': False, 'num_attempts': 1}
2026-04-16 13:39:08,970 : INFO : ball_device.bd_trough : State: ejecting
2026-04-16 13:39:08,970 : INFO : ball_device.bd_trough : Ejecting ball to <ball_device.bd_plunger>
2026-04-16 13:39:08,970 : INFO : EventManager : Event: ======'balldevice_bd_trough_ejecting_ball'====== Args={'balls': 1, 'target': <ball_device.bd_plunger>, 'source': <ball_device.bd_trough>, 'mechanical_eject': False, 'num_attempts': 1}
2026-04-16 13:39:08,970 : INFO : ball_device.bd_trough : Wait for ball to leave device
2026-04-16 13:39:08,970 : INFO : coil.c_trough_eject : Pulsing Driver for 10ms (1.0 pulse_power)
2026-04-16 13:39:09,091 : INFO : EventManager : Event: ======'rhythm_note_spawned'====== Args={'note_id': 20, 'lane': 'right', 'travel_ms': 1600, 'hit_time_ms': 9900}
2026-04-16 13:39:09,262 : INFO : EventManager : Event: ======'player_rhythm_combo'====== Args={'value': 0, 'prev_value': 2, 'change': -2, 'player_num': 1}
2026-04-16 13:39:09,262 : INFO : EventManager : Event: ======'player_rhythm_misses'====== Args={'value': 11, 'prev_value': 10, 'change': 1, 'player_num': 1}
2026-04-16 13:39:09,263 : INFO : EventManager : Event: ======'rhythm_note_missed'====== Args={'note_id': 16, 'lane': 'left', 'total_misses': 11}
2026-04-16 13:39:09,491 : INFO : EventManager : Event: ======'rhythm_note_spawned'====== Args={'note_id': 21, 'lane': 'left', 'travel_ms': 1600, 'hit_time_ms': 10300}
2026-04-16 13:39:09,661 : INFO : EventManager : Event: ======'player_rhythm_misses'====== Args={'value': 12, 'prev_value': 11, 'change': 1, 'player_num': 1}
2026-04-16 13:39:09,662 : INFO : EventManager : Event: ======'rhythm_note_missed'====== Args={'note_id': 17, 'lane': 'center', 'total_misses': 12}
2026-04-16 13:39:09,891 : INFO : EventManager : Event: ======'rhythm_note_spawned'====== Args={'note_id': 22, 'lane': 'center', 'travel_ms': 1600, 'hit_time_ms': 10700}
2026-04-16 13:39:09,891 : INFO : EventManager : Event: ======'rhythm_note_spawned'====== Args={'note_id': 23, 'lane': 'right', 'travel_ms': 1600, 'hit_time_ms': 10700}
2026-04-16 13:39:10,062 : INFO : EventManager : Event: ======'player_rhythm_misses'====== Args={'value': 13, 'prev_value': 12, 'change': 1, 'player_num': 1}
2026-04-16 13:39:10,062 : INFO : EventManager : Event: ======'rhythm_note_missed'====== Args={'note_id': 18, 'lane': 'right', 'total_misses': 13}
2026-04-16 13:39:10,348 : INFO : SwitchController : <<<<<<< 's_flipper_left' active >>>>>>>
2026-04-16 13:39:10,348 : INFO : EventManager : Event: ======'rhythm_lane_pressed'====== Args={'lane': 'left'}
2026-04-16 13:39:10,348 : INFO : EventManager : Event: ======'machine_var_audits_switches_s_flipper_left'====== Args={'value': 68, 'prev_value': 67, 'change': 1}
2026-04-16 13:39:10,462 : INFO : EventManager : Event: ======'player_rhythm_misses'====== Args={'value': 14, 'prev_value': 13, 'change': 1, 'player_num': 1}
2026-04-16 13:39:10,462 : INFO : EventManager : Event: ======'rhythm_note_missed'====== Args={'note_id': 19, 'lane': 'center', 'total_misses': 14}
2026-04-16 13:39:10,464 : INFO : SwitchController : <<<<<<< 's_flipper_left' inactive >>>>>>>
2026-04-16 13:39:10,490 : INFO : EventManager : Event: ======'rhythm_note_spawned'====== Args={'note_id': 24, 'lane': 'left', 'travel_ms': 1600, 'hit_time_ms': 11300}
2026-04-16 13:39:10,499 : INFO : SwitchController : <<<<<<< 's_action_button' active >>>>>>>
2026-04-16 13:39:10,499 : INFO : EventManager : Event: ======'rhythm_lane_pressed'====== Args={'lane': 'center'}
2026-04-16 13:39:10,500 : INFO : EventManager : Event: ======'machine_var_audits_switches_s_action_button'====== Args={'value': 4, 'prev_value': 3, 'change': 1}
2026-04-16 13:39:10,715 : INFO : SwitchController : <<<<<<< 's_action_button' inactive >>>>>>>
2026-04-16 13:39:10,781 : INFO : SwitchController : <<<<<<< 's_flipper_right' active >>>>>>>
2026-04-16 13:39:10,781 : INFO : EventManager : Event: ======'rhythm_lane_pressed'====== Args={'lane': 'right'}
2026-04-16 13:39:10,781 : INFO : EventManager : Event: ======'player_rhythm_combo'====== Args={'value': 1, 'prev_value': 0, 'change': 1, 'player_num': 1}
2026-04-16 13:39:10,782 : INFO : EventManager : Event: ======'player_rhythm_hits'====== Args={'value': 7, 'prev_value': 6, 'change': 1, 'player_num': 1}
2026-04-16 13:39:10,782 : INFO : EventManager : Event: ======'player_rhythm_mode_score'====== Args={'value': 90000, 'prev_value': 80000, 'change': 10000, 'player_num': 1}
2026-04-16 13:39:10,782 : INFO : EventManager : Event: ======'player_score'====== Args={'value': 90000, 'prev_value': 80000, 'change': 10000, 'player_num': 1}
2026-04-16 13:39:10,782 : INFO : EventManager : Event: ======'rhythm_note_hit'====== Args={'note_id': 20, 'lane': 'right', 'judgment': 'good', 'combo': 1, 'multiplier': 1, 'award': 10000, 'delta_ms': 93, 'total_score': 90000}
2026-04-16 13:39:10,783 : INFO : EventManager : Event: ======'machine_var_audits_switches_s_flipper_right'====== Args={'value': 67, 'prev_value': 66, 'change': 1}
2026-04-16 13:39:10,891 : INFO : EventManager : Event: ======'rhythm_note_spawned'====== Args={'note_id': 25, 'lane': 'center', 'travel_ms': 1600, 'hit_time_ms': 11700}
2026-04-16 13:39:10,980 : INFO : SwitchController : <<<<<<< 's_flipper_right' inactive >>>>>>>
2026-04-16 13:39:10,997 : INFO : SwitchController : <<<<<<< 's_flipper_left' active >>>>>>>
2026-04-16 13:39:10,997 : INFO : EventManager : Event: ======'rhythm_lane_pressed'====== Args={'lane': 'left'}
2026-04-16 13:39:10,998 : INFO : EventManager : Event: ======'player_rhythm_combo'====== Args={'value': 2, 'prev_value': 1, 'change': 1, 'player_num': 1}
2026-04-16 13:39:10,998 : INFO : EventManager : Event: ======'player_rhythm_hits'====== Args={'value': 8, 'prev_value': 7, 'change': 1, 'player_num': 1}
2026-04-16 13:39:10,998 : INFO : EventManager : Event: ======'player_rhythm_mode_score'====== Args={'value': 100000, 'prev_value': 90000, 'change': 10000, 'player_num': 1}
2026-04-16 13:39:10,998 : INFO : EventManager : Event: ======'player_score'====== Args={'value': 100000, 'prev_value': 90000, 'change': 10000, 'player_num': 1}
2026-04-16 13:39:10,998 : INFO : EventManager : Event: ======'rhythm_note_hit'====== Args={'note_id': 21, 'lane': 'left', 'judgment': 'good', 'combo': 2, 'multiplier': 1, 'award': 10000, 'delta_ms': 91, 'total_score': 100000}
2026-04-16 13:39:10,998 : INFO : EventManager : Event: ======'machine_var_audits_switches_s_flipper_left'====== Args={'value': 69, 'prev_value': 68, 'change': 1}
2026-04-16 13:39:11,181 : INFO : SwitchController : <<<<<<< 's_action_button' active >>>>>>>
2026-04-16 13:39:11,181 : INFO : EventManager : Event: ======'rhythm_lane_pressed'====== Args={'lane': 'center'}
2026-04-16 13:39:11,181 : INFO : EventManager : Event: ======'machine_var_audits_switches_s_action_button'====== Args={'value': 5, 'prev_value': 4, 'change': 1}
2026-04-16 13:39:11,197 : INFO : SwitchController : <<<<<<< 's_flipper_left' inactive >>>>>>>
2026-04-16 13:39:11,291 : INFO : EventManager : Event: ======'rhythm_note_spawned'====== Args={'note_id': 26, 'lane': 'left', 'travel_ms': 1600, 'hit_time_ms': 12100}
2026-04-16 13:39:11,331 : INFO : SwitchController : <<<<<<< 's_flipper_right' active >>>>>>>
2026-04-16 13:39:11,332 : INFO : EventManager : Event: ======'rhythm_lane_pressed'====== Args={'lane': 'right'}
2026-04-16 13:39:11,332 : INFO : EventManager : Event: ======'player_rhythm_combo'====== Args={'value': 3, 'prev_value': 2, 'change': 1, 'player_num': 1}
2026-04-16 13:39:11,332 : INFO : EventManager : Event: ======'player_rhythm_hits'====== Args={'value': 9, 'prev_value': 8, 'change': 1, 'player_num': 1}
2026-04-16 13:39:11,333 : INFO : EventManager : Event: ======'player_rhythm_mode_score'====== Args={'value': 110000, 'prev_value': 100000, 'change': 10000, 'player_num': 1}
2026-04-16 13:39:11,333 : INFO : EventManager : Event: ======'player_score'====== Args={'value': 110000, 'prev_value': 100000, 'change': 10000, 'player_num': 1}
2026-04-16 13:39:11,333 : INFO : EventManager : Event: ======'rhythm_note_hit'====== Args={'note_id': 23, 'lane': 'right', 'judgment': 'good', 'combo': 3, 'multiplier': 1, 'award': 10000, 'delta_ms': 156, 'total_score': 110000}
2026-04-16 13:39:11,333 : INFO : EventManager : Event: ======'machine_var_audits_switches_s_flipper_right'====== Args={'value': 68, 'prev_value': 67, 'change': 1}
2026-04-16 13:39:11,365 : INFO : SwitchController : <<<<<<< 's_action_button' inactive >>>>>>>
2026-04-16 13:39:11,548 : INFO : SwitchController : <<<<<<< 's_action_button' active >>>>>>>
2026-04-16 13:39:11,548 : INFO : EventManager : Event: ======'rhythm_lane_pressed'====== Args={'lane': 'center'}
2026-04-16 13:39:11,548 : INFO : EventManager : Event: ======'player_rhythm_combo'====== Args={'value': 4, 'prev_value': 3, 'change': 1, 'player_num': 1}
2026-04-16 13:39:11,548 : INFO : EventManager : Event: ======'player_rhythm_best_combo'====== Args={'value': 4, 'prev_value': 3, 'change': 1, 'player_num': 1}
2026-04-16 13:39:11,549 : INFO : EventManager : Event: ======'player_rhythm_hits'====== Args={'value': 10, 'prev_value': 9, 'change': 1, 'player_num': 1}
2026-04-16 13:39:11,549 : INFO : EventManager : Event: ======'player_rhythm_mode_score'====== Args={'value': 130000, 'prev_value': 110000, 'change': 20000, 'player_num': 1}
2026-04-16 13:39:11,549 : INFO : EventManager : Event: ======'player_score'====== Args={'value': 130000, 'prev_value': 110000, 'change': 20000, 'player_num': 1}
2026-04-16 13:39:11,549 : INFO : EventManager : Event: ======'rhythm_note_hit'====== Args={'note_id': 22, 'lane': 'center', 'judgment': 'perfect', 'combo': 4, 'multiplier': 1, 'award': 20000, 'delta_ms': 60, 'total_score': 130000}
2026-04-16 13:39:11,550 : INFO : EventManager : Event: ======'machine_var_audits_switches_s_action_button'====== Args={'value': 6, 'prev_value': 5, 'change': 1}
2026-04-16 13:39:11,551 : INFO : SwitchController : <<<<<<< 's_flipper_right' inactive >>>>>>>
2026-04-16 13:39:11,665 : INFO : SwitchController : <<<<<<< 's_action_button' inactive >>>>>>>
2026-04-16 13:39:11,691 : INFO : EventManager : Event: ======'rhythm_note_spawned'====== Args={'note_id': 27, 'lane': 'right', 'travel_ms': 1600, 'hit_time_ms': 12500}
2026-04-16 13:39:11,747 : INFO : SwitchController : <<<<<<< 's_flipper_left' active >>>>>>>
2026-04-16 13:39:11,748 : INFO : EventManager : Event: ======'rhythm_lane_pressed'====== Args={'lane': 'left'}
2026-04-16 13:39:11,748 : INFO : EventManager : Event: ======'machine_var_audits_switches_s_flipper_left'====== Args={'value': 70, 'prev_value': 69, 'change': 1}
2026-04-16 13:39:11,881 : INFO : SwitchController : <<<<<<< 's_flipper_right' active >>>>>>>
2026-04-16 13:39:11,881 : INFO : EventManager : Event: ======'flipper_cancel'====== Args={'triggering_group': 2, 'triggering_switch': 's_flipper_right'}
2026-04-16 13:39:11,881 : INFO : EventManager : Event: ======'rhythm_lane_pressed'====== Args={'lane': 'right'}
2026-04-16 13:39:11,881 : INFO : EventManager : Event: ======'machine_var_audits_switches_s_flipper_right'====== Args={'value': 69, 'prev_value': 68, 'change': 1}
2026-04-16 13:39:11,931 : INFO : SwitchController : <<<<<<< 's_flipper_left' inactive >>>>>>>
2026-04-16 13:39:11,931 : INFO : EventManager : Event: ======'both_flippers_one'====== Args={'triggering_group': 1, 'triggering_switch': 's_flipper_left'}
2026-04-16 13:39:12,031 : INFO : SwitchController : <<<<<<< 's_action_button' active >>>>>>>
2026-04-16 13:39:12,031 : INFO : EventManager : Event: ======'rhythm_lane_pressed'====== Args={'lane': 'center'}
2026-04-16 13:39:12,031 : INFO : EventManager : Event: ======'machine_var_audits_switches_s_action_button'====== Args={'value': 7, 'prev_value': 6, 'change': 1}
2026-04-16 13:39:12,064 : INFO : SwitchController : <<<<<<< 's_flipper_right' inactive >>>>>>>
2026-04-16 13:39:12,065 : INFO : EventManager : Event: ======'both_flippers_inactive'====== Args={'triggering_group': 2, 'triggering_switch': 's_flipper_right'}
2026-04-16 13:39:12,091 : INFO : EventManager : Event: ======'rhythm_note_spawned'====== Args={'note_id': 28, 'lane': 'center', 'travel_ms': 1600, 'hit_time_ms': 12900}
2026-04-16 13:39:12,181 : INFO : SwitchController : <<<<<<< 's_action_button' inactive >>>>>>>
2026-04-16 13:39:12,262 : INFO : EventManager : Event: ======'player_rhythm_combo'====== Args={'value': 0, 'prev_value': 4, 'change': -4, 'player_num': 1}
2026-04-16 13:39:12,262 : INFO : EventManager : Event: ======'player_rhythm_misses'====== Args={'value': 15, 'prev_value': 14, 'change': 1, 'player_num': 1}
2026-04-16 13:39:12,262 : INFO : EventManager : Event: ======'rhythm_note_missed'====== Args={'note_id': 24, 'lane': 'left', 'total_misses': 15}
2026-04-16 13:39:12,381 : INFO : SwitchController : <<<<<<< 's_flipper_right' active >>>>>>>
2026-04-16 13:39:12,381 : INFO : EventManager : Event: ======'rhythm_lane_pressed'====== Args={'lane': 'right'}
2026-04-16 13:39:12,381 : INFO : EventManager : Event: ======'machine_var_audits_switches_s_flipper_right'====== Args={'value': 70, 'prev_value': 69, 'change': 1}
2026-04-16 13:39:12,491 : INFO : EventManager : Event: ======'rhythm_note_spawned'====== Args={'note_id': 29, 'lane': 'right', 'travel_ms': 1600, 'hit_time_ms': 13300}
2026-04-16 13:39:12,548 : INFO : SwitchController : <<<<<<< 's_flipper_right' inactive >>>>>>>
2026-04-16 13:39:12,662 : INFO : EventManager : Event: ======'player_rhythm_misses'====== Args={'value': 16, 'prev_value': 15, 'change': 1, 'player_num': 1}
2026-04-16 13:39:12,662 : INFO : EventManager : Event: ======'rhythm_note_missed'====== Args={'note_id': 25, 'lane': 'center', 'total_misses': 16}
2026-04-16 13:39:12,891 : INFO : EventManager : Event: ======'rhythm_note_spawned'====== Args={'note_id': 30, 'lane': 'left', 'travel_ms': 1600, 'hit_time_ms': 13700}
2026-04-16 13:39:12,891 : INFO : EventManager : Event: ======'rhythm_note_spawned'====== Args={'note_id': 31, 'lane': 'center', 'travel_ms': 1600, 'hit_time_ms': 13700}
2026-04-16 13:39:13,062 : INFO : EventManager : Event: ======'player_rhythm_misses'====== Args={'value': 17, 'prev_value': 16, 'change': 1, 'player_num': 1}
2026-04-16 13:39:13,062 : INFO : EventManager : Event: ======'rhythm_note_missed'====== Args={'note_id': 26, 'lane': 'left', 'total_misses': 17}
2026-04-16 13:39:13,281 : INFO : SwitchController : <<<<<<< 's_action_button' active >>>>>>>
2026-04-16 13:39:13,281 : INFO : EventManager : Event: ======'rhythm_lane_pressed'====== Args={'lane': 'center'}
2026-04-16 13:39:13,282 : INFO : EventManager : Event: ======'machine_var_audits_switches_s_action_button'====== Args={'value': 8, 'prev_value': 7, 'change': 1}
2026-04-16 13:39:13,414 : INFO : SwitchController : <<<<<<< 's_action_button' inactive >>>>>>>
2026-04-16 13:39:13,462 : INFO : EventManager : Event: ======'player_rhythm_misses'====== Args={'value': 18, 'prev_value': 17, 'change': 1, 'player_num': 1}
2026-04-16 13:39:13,462 : INFO : EventManager : Event: ======'rhythm_note_missed'====== Args={'note_id': 27, 'lane': 'right', 'total_misses': 18}
2026-04-16 13:39:13,491 : INFO : EventManager : Event: ======'rhythm_note_spawned'====== Args={'note_id': 32, 'lane': 'center', 'travel_ms': 1600, 'hit_time_ms': 14300}
2026-04-16 13:39:13,862 : INFO : EventManager : Event: ======'player_rhythm_misses'====== Args={'value': 19, 'prev_value': 18, 'change': 1, 'player_num': 1}
2026-04-16 13:39:13,862 : INFO : EventManager : Event: ======'rhythm_note_missed'====== Args={'note_id': 28, 'lane': 'center', 'total_misses': 19}
2026-04-16 13:39:13,890 : INFO : EventManager : Event: ======'rhythm_note_spawned'====== Args={'note_id': 33, 'lane': 'right', 'travel_ms': 1600, 'hit_time_ms': 14700}
2026-04-16 13:39:14,015 : INFO : SwitchController : <<<<<<< 's_flipper_left' active >>>>>>>
2026-04-16 13:39:14,015 : INFO : EventManager : Event: ======'rhythm_lane_pressed'====== Args={'lane': 'left'}
2026-04-16 13:39:14,015 : INFO : EventManager : Event: ======'machine_var_audits_switches_s_flipper_left'====== Args={'value': 71, 'prev_value': 70, 'change': 1}
2026-04-16 13:39:14,164 : INFO : SwitchController : <<<<<<< 's_flipper_left' inactive >>>>>>>
2026-04-16 13:39:14,262 : INFO : EventManager : Event: ======'player_rhythm_misses'====== Args={'value': 20, 'prev_value': 19, 'change': 1, 'player_num': 1}
2026-04-16 13:39:14,262 : INFO : EventManager : Event: ======'rhythm_note_missed'====== Args={'note_id': 29, 'lane': 'right', 'total_misses': 20}
2026-04-16 13:39:14,290 : INFO : EventManager : Event: ======'rhythm_note_spawned'====== Args={'note_id': 34, 'lane': 'left', 'travel_ms': 1600, 'hit_time_ms': 15100}
2026-04-16 13:39:14,331 : INFO : SwitchController : <<<<<<< 's_action_button' active >>>>>>>
2026-04-16 13:39:14,331 : INFO : EventManager : Event: ======'rhythm_lane_pressed'====== Args={'lane': 'center'}
2026-04-16 13:39:14,331 : INFO : EventManager : Event: ======'player_rhythm_combo'====== Args={'value': 1, 'prev_value': 0, 'change': 1, 'player_num': 1}
2026-04-16 13:39:14,331 : INFO : EventManager : Event: ======'player_rhythm_hits'====== Args={'value': 11, 'prev_value': 10, 'change': 1, 'player_num': 1}
2026-04-16 13:39:14,332 : INFO : EventManager : Event: ======'player_rhythm_mode_score'====== Args={'value': 140000, 'prev_value': 130000, 'change': 10000, 'player_num': 1}
2026-04-16 13:39:14,332 : INFO : EventManager : Event: ======'player_score'====== Args={'value': 140000, 'prev_value': 130000, 'change': 10000, 'player_num': 1}
2026-04-16 13:39:14,332 : INFO : EventManager : Event: ======'rhythm_note_hit'====== Args={'note_id': 31, 'lane': 'center', 'judgment': 'good', 'combo': 1, 'multiplier': 1, 'award': 10000, 'delta_ms': 157, 'total_score': 140000}
2026-04-16 13:39:14,332 : INFO : EventManager : Event: ======'machine_var_audits_switches_s_action_button'====== Args={'value': 9, 'prev_value': 8, 'change': 1}
2026-04-16 13:39:14,464 : INFO : SwitchController : <<<<<<< 's_action_button' inactive >>>>>>>
2026-04-16 13:39:14,515 : INFO : SwitchController : <<<<<<< 's_flipper_right' active >>>>>>>
2026-04-16 13:39:14,515 : INFO : EventManager : Event: ======'rhythm_lane_pressed'====== Args={'lane': 'right'}
2026-04-16 13:39:14,515 : INFO : EventManager : Event: ======'machine_var_audits_switches_s_flipper_right'====== Args={'value': 71, 'prev_value': 70, 'change': 1}
2026-04-16 13:39:14,661 : INFO : EventManager : Event: ======'player_rhythm_combo'====== Args={'value': 0, 'prev_value': 1, 'change': -1, 'player_num': 1}
2026-04-16 13:39:14,662 : INFO : EventManager : Event: ======'player_rhythm_misses'====== Args={'value': 21, 'prev_value': 20, 'change': 1, 'player_num': 1}
2026-04-16 13:39:14,662 : INFO : EventManager : Event: ======'rhythm_note_missed'====== Args={'note_id': 30, 'lane': 'left', 'total_misses': 21}
2026-04-16 13:39:14,681 : INFO : SwitchController : <<<<<<< 's_flipper_left' active >>>>>>>
2026-04-16 13:39:14,681 : INFO : EventManager : Event: ======'flipper_cancel'====== Args={'triggering_group': 1, 'triggering_switch': 's_flipper_left'}
2026-04-16 13:39:14,681 : INFO : EventManager : Event: ======'rhythm_lane_pressed'====== Args={'lane': 'left'}
2026-04-16 13:39:14,682 : INFO : EventManager : Event: ======'machine_var_audits_switches_s_flipper_left'====== Args={'value': 72, 'prev_value': 71, 'change': 1}
2026-04-16 13:39:14,682 : INFO : SwitchController : <<<<<<< 's_flipper_right' inactive >>>>>>>
2026-04-16 13:39:14,682 : INFO : EventManager : Event: ======'both_flippers_one'====== Args={'triggering_group': 2, 'triggering_switch': 's_flipper_right'}
2026-04-16 13:39:14,691 : INFO : EventManager : Event: ======'rhythm_note_spawned'====== Args={'note_id': 35, 'lane': 'center', 'travel_ms': 1600, 'hit_time_ms': 15500}
2026-04-16 13:39:14,814 : INFO : SwitchController : <<<<<<< 's_action_button' active >>>>>>>
2026-04-16 13:39:14,814 : INFO : EventManager : Event: ======'rhythm_lane_pressed'====== Args={'lane': 'center'}
2026-04-16 13:39:14,814 : INFO : EventManager : Event: ======'machine_var_audits_switches_s_action_button'====== Args={'value': 10, 'prev_value': 9, 'change': 1}
2026-04-16 13:39:14,848 : INFO : SwitchController : <<<<<<< 's_flipper_left' inactive >>>>>>>
2026-04-16 13:39:14,848 : INFO : EventManager : Event: ======'both_flippers_inactive'====== Args={'triggering_group': 1, 'triggering_switch': 's_flipper_left'}
2026-04-16 13:39:14,881 : INFO : SwitchController : <<<<<<< 's_flipper_right' active >>>>>>>
2026-04-16 13:39:14,881 : INFO : EventManager : Event: ======'rhythm_lane_pressed'====== Args={'lane': 'right'}
2026-04-16 13:39:14,881 : INFO : EventManager : Event: ======'machine_var_audits_switches_s_flipper_right'====== Args={'value': 72, 'prev_value': 71, 'change': 1}
2026-04-16 13:39:14,965 : INFO : SwitchController : <<<<<<< 's_action_button' inactive >>>>>>>
2026-04-16 13:39:14,998 : INFO : SwitchController : <<<<<<< 's_flipper_left' active >>>>>>>
2026-04-16 13:39:14,998 : INFO : EventManager : Event: ======'flipper_cancel'====== Args={'triggering_group': 1, 'triggering_switch': 's_flipper_left'}
2026-04-16 13:39:14,998 : INFO : EventManager : Event: ======'rhythm_lane_pressed'====== Args={'lane': 'left'}
2026-04-16 13:39:14,998 : INFO : EventManager : Event: ======'machine_var_audits_switches_s_flipper_left'====== Args={'value': 73, 'prev_value': 72, 'change': 1}
2026-04-16 13:39:15,048 : INFO : SwitchController : <<<<<<< 's_flipper_right' inactive >>>>>>>
2026-04-16 13:39:15,048 : INFO : EventManager : Event: ======'both_flippers_one'====== Args={'triggering_group': 2, 'triggering_switch': 's_flipper_right'}
2026-04-16 13:39:15,131 : INFO : SwitchController : <<<<<<< 's_action_button' active >>>>>>>
2026-04-16 13:39:15,131 : INFO : EventManager : Event: ======'rhythm_lane_pressed'====== Args={'lane': 'center'}
2026-04-16 13:39:15,131 : INFO : EventManager : Event: ======'player_rhythm_combo'====== Args={'value': 1, 'prev_value': 0, 'change': 1, 'player_num': 1}
2026-04-16 13:39:15,132 : INFO : EventManager : Event: ======'player_rhythm_hits'====== Args={'value': 12, 'prev_value': 11, 'change': 1, 'player_num': 1}
2026-04-16 13:39:15,132 : INFO : EventManager : Event: ======'player_rhythm_mode_score'====== Args={'value': 160000, 'prev_value': 140000, 'change': 20000, 'player_num': 1}
2026-04-16 13:39:15,132 : INFO : EventManager : Event: ======'player_score'====== Args={'value': 160000, 'prev_value': 140000, 'change': 20000, 'player_num': 1}
2026-04-16 13:39:15,132 : INFO : EventManager : Event: ======'rhythm_note_hit'====== Args={'note_id': 32, 'lane': 'center', 'judgment': 'perfect', 'combo': 1, 'multiplier': 1, 'award': 20000, 'delta_ms': 43, 'total_score': 160000}
2026-04-16 13:39:15,132 : INFO : EventManager : Event: ======'machine_var_audits_switches_s_action_button'====== Args={'value': 11, 'prev_value': 10, 'change': 1}
2026-04-16 13:39:15,164 : INFO : SwitchController : <<<<<<< 's_flipper_left' inactive >>>>>>>
2026-04-16 13:39:15,165 : INFO : EventManager : Event: ======'both_flippers_inactive'====== Args={'triggering_group': 1, 'triggering_switch': 's_flipper_left'}
2026-04-16 13:39:15,198 : INFO : SwitchController : <<<<<<< 's_flipper_right' active >>>>>>>
2026-04-16 13:39:15,198 : INFO : EventManager : Event: ======'rhythm_lane_pressed'====== Args={'lane': 'right'}
2026-04-16 13:39:15,199 : INFO : EventManager : Event: ======'machine_var_audits_switches_s_flipper_right'====== Args={'value': 73, 'prev_value': 72, 'change': 1}
2026-04-16 13:39:15,282 : INFO : SwitchController : <<<<<<< 's_action_button' inactive >>>>>>>
2026-04-16 13:39:15,291 : INFO : EventManager : Event: ======'rhythm_note_spawned'====== Args={'note_id': 36, 'lane': 'left', 'travel_ms': 1600, 'hit_time_ms': 16100}
2026-04-16 13:39:15,291 : INFO : EventManager : Event: ======'rhythm_note_spawned'====== Args={'note_id': 37, 'lane': 'right', 'travel_ms': 1600, 'hit_time_ms': 16100}
2026-04-16 13:39:15,317 : INFO : SwitchController : <<<<<<< 's_flipper_left' active >>>>>>>
2026-04-16 13:39:15,317 : INFO : EventManager : Event: ======'flipper_cancel'====== Args={'triggering_group': 1, 'triggering_switch': 's_flipper_left'}
2026-04-16 13:39:15,317 : INFO : EventManager : Event: ======'rhythm_lane_pressed'====== Args={'lane': 'left'}
2026-04-16 13:39:15,317 : INFO : EventManager : Event: ======'machine_var_audits_switches_s_flipper_left'====== Args={'value': 74, 'prev_value': 73, 'change': 1}
2026-04-16 13:39:15,318 : INFO : SwitchController : <<<<<<< 's_flipper_right' inactive >>>>>>>
2026-04-16 13:39:15,318 : INFO : EventManager : Event: ======'both_flippers_one'====== Args={'triggering_group': 2, 'triggering_switch': 's_flipper_right'}
2026-04-16 13:39:15,398 : INFO : SwitchController : <<<<<<< 's_action_button' active >>>>>>>
2026-04-16 13:39:15,399 : INFO : EventManager : Event: ======'rhythm_lane_pressed'====== Args={'lane': 'center'}
2026-04-16 13:39:15,399 : INFO : EventManager : Event: ======'machine_var_audits_switches_s_action_button'====== Args={'value': 12, 'prev_value': 11, 'change': 1}
2026-04-16 13:39:15,449 : INFO : SwitchController : <<<<<<< 's_flipper_right' active >>>>>>>
2026-04-16 13:39:15,449 : INFO : EventManager : Event: ======'flipper_cancel'====== Args={'triggering_group': 2, 'triggering_switch': 's_flipper_right'}
2026-04-16 13:39:15,449 : INFO : EventManager : Event: ======'rhythm_lane_pressed'====== Args={'lane': 'right'}
2026-04-16 13:39:15,449 : INFO : EventManager : Event: ======'player_rhythm_combo'====== Args={'value': 2, 'prev_value': 1, 'change': 1, 'player_num': 1}
2026-04-16 13:39:15,450 : INFO : EventManager : Event: ======'player_rhythm_hits'====== Args={'value': 13, 'prev_value': 12, 'change': 1, 'player_num': 1}
2026-04-16 13:39:15,450 : INFO : EventManager : Event: ======'player_rhythm_mode_score'====== Args={'value': 180000, 'prev_value': 160000, 'change': 20000, 'player_num': 1}
2026-04-16 13:39:15,450 : INFO : EventManager : Event: ======'player_score'====== Args={'value': 180000, 'prev_value': 160000, 'change': 20000, 'player_num': 1}
2026-04-16 13:39:15,450 : INFO : EventManager : Event: ======'rhythm_note_hit'====== Args={'note_id': 33, 'lane': 'right', 'judgment': 'perfect', 'combo': 2, 'multiplier': 1, 'award': 20000, 'delta_ms': 39, 'total_score': 180000}
2026-04-16 13:39:15,450 : INFO : EventManager : Event: ======'machine_var_audits_switches_s_flipper_right'====== Args={'value': 74, 'prev_value': 73, 'change': 1}
2026-04-16 13:39:15,451 : INFO : SwitchController : <<<<<<< 's_flipper_left' inactive >>>>>>>
2026-04-16 13:39:15,451 : INFO : EventManager : Event: ======'both_flippers_one'====== Args={'triggering_group': 1, 'triggering_switch': 's_flipper_left'}
2026-04-16 13:39:15,531 : INFO : SwitchController : <<<<<<< 's_action_button' inactive >>>>>>>
2026-04-16 13:39:15,547 : INFO : SwitchController : <<<<<<< 's_flipper_right' inactive >>>>>>>
2026-04-16 13:39:15,547 : INFO : EventManager : Event: ======'both_flippers_inactive'====== Args={'triggering_group': 2, 'triggering_switch': 's_flipper_right'}
2026-04-16 13:39:15,564 : INFO : SwitchController : <<<<<<< 's_flipper_left' active >>>>>>>
2026-04-16 13:39:15,564 : INFO : EventManager : Event: ======'rhythm_lane_pressed'====== Args={'lane': 'left'}
2026-04-16 13:39:15,565 : INFO : EventManager : Event: ======'machine_var_audits_switches_s_flipper_left'====== Args={'value': 75, 'prev_value': 74, 'change': 1}
2026-04-16 13:39:15,664 : INFO : SwitchController : <<<<<<< 's_action_button' active >>>>>>>
2026-04-16 13:39:15,664 : INFO : EventManager : Event: ======'rhythm_lane_pressed'====== Args={'lane': 'center'}
2026-04-16 13:39:15,664 : INFO : EventManager : Event: ======'machine_var_audits_switches_s_action_button'====== Args={'value': 13, 'prev_value': 12, 'change': 1}
2026-04-16 13:39:15,698 : INFO : SwitchController : <<<<<<< 's_flipper_right' active >>>>>>>
2026-04-16 13:39:15,698 : INFO : EventManager : Event: ======'flipper_cancel'====== Args={'triggering_group': 2, 'triggering_switch': 's_flipper_right'}
2026-04-16 13:39:15,698 : INFO : EventManager : Event: ======'rhythm_lane_pressed'====== Args={'lane': 'right'}
2026-04-16 13:39:15,698 : INFO : EventManager : Event: ======'machine_var_audits_switches_s_flipper_right'====== Args={'value': 75, 'prev_value': 74, 'change': 1}
2026-04-16 13:39:15,731 : INFO : SwitchController : <<<<<<< 's_flipper_left' inactive >>>>>>>
2026-04-16 13:39:15,732 : INFO : EventManager : Event: ======'both_flippers_one'====== Args={'triggering_group': 1, 'triggering_switch': 's_flipper_left'}
2026-04-16 13:39:15,798 : INFO : SwitchController : <<<<<<< 's_flipper_right' inactive >>>>>>>
2026-04-16 13:39:15,798 : INFO : EventManager : Event: ======'both_flippers_inactive'====== Args={'triggering_group': 2, 'triggering_switch': 's_flipper_right'}
2026-04-16 13:39:15,798 : INFO : SwitchController : <<<<<<< 's_action_button' inactive >>>>>>>
2026-04-16 13:39:16,061 : INFO : EventManager : Event: ======'player_rhythm_combo'====== Args={'value': 0, 'prev_value': 2, 'change': -2, 'player_num': 1}
2026-04-16 13:39:16,062 : INFO : EventManager : Event: ======'player_rhythm_misses'====== Args={'value': 22, 'prev_value': 21, 'change': 1, 'player_num': 1}
2026-04-16 13:39:16,062 : INFO : EventManager : Event: ======'rhythm_note_missed'====== Args={'note_id': 34, 'lane': 'left', 'total_misses': 22}
2026-04-16 13:39:16,462 : INFO : EventManager : Event: ======'player_rhythm_misses'====== Args={'value': 23, 'prev_value': 22, 'change': 1, 'player_num': 1}
2026-04-16 13:39:16,462 : INFO : EventManager : Event: ======'rhythm_note_missed'====== Args={'note_id': 35, 'lane': 'center', 'total_misses': 23}
2026-04-16 13:39:16,515 : INFO : SwitchController : <<<<<<< 's_flipper_left' active >>>>>>>
2026-04-16 13:39:16,515 : INFO : EventManager : Event: ======'rhythm_lane_pressed'====== Args={'lane': 'left'}
2026-04-16 13:39:16,515 : INFO : EventManager : Event: ======'machine_var_audits_switches_s_flipper_left'====== Args={'value': 76, 'prev_value': 75, 'change': 1}
2026-04-16 13:39:16,648 : INFO : SwitchController : <<<<<<< 's_action_button' active >>>>>>>
2026-04-16 13:39:16,648 : INFO : EventManager : Event: ======'rhythm_lane_pressed'====== Args={'lane': 'center'}
2026-04-16 13:39:16,648 : INFO : EventManager : Event: ======'machine_var_audits_switches_s_action_button'====== Args={'value': 14, 'prev_value': 13, 'change': 1}
2026-04-16 13:39:16,649 : INFO : SwitchController : <<<<<<< 's_flipper_left' inactive >>>>>>>
2026-04-16 13:39:16,731 : INFO : SwitchController : <<<<<<< 's_action_button' inactive >>>>>>>
2026-04-16 13:39:16,864 : INFO : SwitchController : <<<<<<< 's_flipper_left' active >>>>>>>
2026-04-16 13:39:16,865 : INFO : EventManager : Event: ======'rhythm_lane_pressed'====== Args={'lane': 'left'}
2026-04-16 13:39:16,865 : INFO : EventManager : Event: ======'player_rhythm_combo'====== Args={'value': 1, 'prev_value': 0, 'change': 1, 'player_num': 1}
2026-04-16 13:39:16,865 : INFO : EventManager : Event: ======'player_rhythm_hits'====== Args={'value': 14, 'prev_value': 13, 'change': 1, 'player_num': 1}
2026-04-16 13:39:16,865 : INFO : EventManager : Event: ======'player_rhythm_mode_score'====== Args={'value': 200000, 'prev_value': 180000, 'change': 20000, 'player_num': 1}
2026-04-16 13:39:16,865 : INFO : EventManager : Event: ======'player_score'====== Args={'value': 200000, 'prev_value': 180000, 'change': 20000, 'player_num': 1}
2026-04-16 13:39:16,866 : INFO : EventManager : Event: ======'rhythm_note_hit'====== Args={'note_id': 36, 'lane': 'left', 'judgment': 'perfect', 'combo': 1, 'multiplier': 1, 'award': 20000, 'delta_ms': 23, 'total_score': 200000}
2026-04-16 13:39:16,866 : INFO : EventManager : Event: ======'machine_var_audits_switches_s_flipper_left'====== Args={'value': 77, 'prev_value': 76, 'change': 1}
2026-04-16 13:39:17,014 : INFO : SwitchController : <<<<<<< 's_flipper_left' inactive >>>>>>>
2026-04-16 13:39:17,048 : INFO : SwitchController : <<<<<<< 's_flipper_right' active >>>>>>>
2026-04-16 13:39:17,048 : INFO : EventManager : Event: ======'rhythm_lane_pressed'====== Args={'lane': 'right'}
2026-04-16 13:39:17,048 : INFO : EventManager : Event: ======'player_rhythm_combo'====== Args={'value': 2, 'prev_value': 1, 'change': 1, 'player_num': 1}
2026-04-16 13:39:17,048 : INFO : EventManager : Event: ======'player_rhythm_hits'====== Args={'value': 15, 'prev_value': 14, 'change': 1, 'player_num': 1}
2026-04-16 13:39:17,049 : INFO : EventManager : Event: ======'player_rhythm_mode_score'====== Args={'value': 210000, 'prev_value': 200000, 'change': 10000, 'player_num': 1}
2026-04-16 13:39:17,049 : INFO : EventManager : Event: ======'player_score'====== Args={'value': 210000, 'prev_value': 200000, 'change': 10000, 'player_num': 1}
2026-04-16 13:39:17,049 : INFO : EventManager : Event: ======'rhythm_note_hit'====== Args={'note_id': 37, 'lane': 'right', 'judgment': 'good', 'combo': 2, 'multiplier': 1, 'award': 10000, 'delta_ms': 160, 'total_score': 210000}
2026-04-16 13:39:17,049 : INFO : EventManager : Event: ======'machine_var_audits_switches_s_flipper_right'====== Args={'value': 76, 'prev_value': 75, 'change': 1}
2026-04-16 13:39:17,080 : INFO : SwitchController : <<<<<<< 's_flipper_right' inactive >>>>>>>
2026-04-16 13:39:17,130 : INFO : SwitchController : <<<<<<< 's_flipper_left' active >>>>>>>
2026-04-16 13:39:17,131 : INFO : EventManager : Event: ======'rhythm_lane_pressed'====== Args={'lane': 'left'}
2026-04-16 13:39:17,131 : INFO : EventManager : Event: ======'machine_var_audits_switches_s_flipper_left'====== Args={'value': 78, 'prev_value': 77, 'change': 1}
2026-04-16 13:39:17,247 : INFO : SwitchController : <<<<<<< 's_flipper_right' active >>>>>>>
2026-04-16 13:39:17,248 : INFO : EventManager : Event: ======'flipper_cancel'====== Args={'triggering_group': 2, 'triggering_switch': 's_flipper_right'}
2026-04-16 13:39:17,248 : INFO : EventManager : Event: ======'rhythm_lane_pressed'====== Args={'lane': 'right'}
2026-04-16 13:39:17,248 : INFO : EventManager : Event: ======'machine_var_audits_switches_s_flipper_right'====== Args={'value': 77, 'prev_value': 76, 'change': 1}
2026-04-16 13:39:17,248 : INFO : SwitchController : <<<<<<< 's_flipper_left' inactive >>>>>>>
2026-04-16 13:39:17,248 : INFO : EventManager : Event: ======'both_flippers_one'====== Args={'triggering_group': 1, 'triggering_switch': 's_flipper_left'}
2026-04-16 13:39:17,310 : INFO : EventManager : Event: ======'player_rhythm_accuracy'====== Args={'value': 39, 'prev_value': 0, 'change': 39, 'player_num': 1}
2026-04-16 13:39:17,311 : INFO : EventManager : Event: ======'rhythm_mode_finished'====== Args={'total_notes': 38, 'hits': 15, 'misses': 23, 'best_combo': 4, 'accuracy': 39, 'total_score': 210000}
2026-04-16 13:39:17,331 : INFO : SwitchController : <<<<<<< 's_flipper_right' inactive >>>>>>>
2026-04-16 13:39:17,331 : INFO : EventManager : Event: ======'both_flippers_inactive'====== Args={'triggering_group': 2, 'triggering_switch': 's_flipper_right'}
2026-04-16 13:39:17,331 : INFO : SwitchController : <<<<<<< 's_flipper_left' active >>>>>>>
2026-04-16 13:39:17,332 : INFO : EventManager : Event: ======'rhythm_lane_pressed'====== Args={'lane': 'left'}
2026-04-16 13:39:17,332 : INFO : EventManager : Event: ======'machine_var_audits_switches_s_flipper_left'====== Args={'value': 79, 'prev_value': 78, 'change': 1}
2026-04-16 13:39:17,414 : INFO : SwitchController : <<<<<<< 's_flipper_right' active >>>>>>>
2026-04-16 13:39:17,415 : INFO : EventManager : Event: ======'flipper_cancel'====== Args={'triggering_group': 2, 'triggering_switch': 's_flipper_right'}
2026-04-16 13:39:17,415 : INFO : EventManager : Event: ======'rhythm_lane_pressed'====== Args={'lane': 'right'}
2026-04-16 13:39:17,415 : INFO : EventManager : Event: ======'machine_var_audits_switches_s_flipper_right'====== Args={'value': 78, 'prev_value': 77, 'change': 1}
2026-04-16 13:39:17,447 : INFO : SwitchController : <<<<<<< 's_flipper_left' inactive >>>>>>>
2026-04-16 13:39:17,447 : INFO : EventManager : Event: ======'both_flippers_one'====== Args={'triggering_group': 1, 'triggering_switch': 's_flipper_left'}
2026-04-16 13:39:17,481 : INFO : SwitchController : <<<<<<< 's_flipper_right' inactive >>>>>>>
2026-04-16 13:39:17,481 : INFO : EventManager : Event: ======'both_flippers_inactive'====== Args={'triggering_group': 2, 'triggering_switch': 's_flipper_right'}
2026-04-16 13:39:17,531 : INFO : SwitchController : <<<<<<< 's_action_button' active >>>>>>>
2026-04-16 13:39:17,531 : INFO : EventManager : Event: ======'rhythm_lane_pressed'====== Args={'lane': 'center'}
2026-04-16 13:39:17,531 : INFO : EventManager : Event: ======'machine_var_audits_switches_s_action_button'====== Args={'value': 15, 'prev_value': 14, 'change': 1}
2026-04-16 13:39:17,614 : INFO : SwitchController : <<<<<<< 's_flipper_left' active >>>>>>>
2026-04-16 13:39:17,614 : INFO : EventManager : Event: ======'rhythm_lane_pressed'====== Args={'lane': 'left'}
2026-04-16 13:39:17,614 : INFO : EventManager : Event: ======'machine_var_audits_switches_s_flipper_left'====== Args={'value': 80, 'prev_value': 79, 'change': 1}
2026-04-16 13:39:17,648 : INFO : SwitchController : <<<<<<< 's_action_button' inactive >>>>>>>
2026-04-16 13:39:17,731 : INFO : SwitchController : <<<<<<< 's_flipper_left' inactive >>>>>>>
2026-04-16 13:39:17,747 : INFO : SwitchController : <<<<<<< 's_action_button' active >>>>>>>
2026-04-16 13:39:17,748 : INFO : EventManager : Event: ======'rhythm_lane_pressed'====== Args={'lane': 'center'}
2026-04-16 13:39:17,748 : INFO : EventManager : Event: ======'machine_var_audits_switches_s_action_button'====== Args={'value': 16, 'prev_value': 15, 'change': 1}
2026-04-16 13:39:17,847 : INFO : SwitchController : <<<<<<< 's_action_button' inactive >>>>>>>
2026-04-16 13:39:17,881 : INFO : SwitchController : <<<<<<< 's_flipper_left' active >>>>>>>
2026-04-16 13:39:17,881 : INFO : EventManager : Event: ======'rhythm_lane_pressed'====== Args={'lane': 'left'}
2026-04-16 13:39:17,881 : INFO : EventManager : Event: ======'machine_var_audits_switches_s_flipper_left'====== Args={'value': 81, 'prev_value': 80, 'change': 1}
2026-04-16 13:39:17,997 : INFO : SwitchController : <<<<<<< 's_flipper_left' inactive >>>>>>>
2026-04-16 13:39:18,015 : INFO : SwitchController : <<<<<<< 's_action_button' active >>>>>>>
2026-04-16 13:39:18,015 : INFO : EventManager : Event: ======'rhythm_lane_pressed'====== Args={'lane': 'center'}
2026-04-16 13:39:18,015 : INFO : EventManager : Event: ======'machine_var_audits_switches_s_action_button'====== Args={'value': 17, 'prev_value': 16, 'change': 1}
2026-04-16 13:39:18,099 : INFO : SwitchController : <<<<<<< 's_action_button' inactive >>>>>>>
2026-04-16 13:39:18,132 : INFO : SwitchController : <<<<<<< 's_flipper_left' active >>>>>>>
2026-04-16 13:39:18,132 : INFO : EventManager : Event: ======'rhythm_lane_pressed'====== Args={'lane': 'left'}
2026-04-16 13:39:18,132 : INFO : EventManager : Event: ======'machine_var_audits_switches_s_flipper_left'====== Args={'value': 82, 'prev_value': 81, 'change': 1}
2026-04-16 13:39:18,215 : INFO : SwitchController : <<<<<<< 's_flipper_right' active >>>>>>>
2026-04-16 13:39:18,215 : INFO : EventManager : Event: ======'flipper_cancel'====== Args={'triggering_group': 2, 'triggering_switch': 's_flipper_right'}
2026-04-16 13:39:18,215 : INFO : EventManager : Event: ======'rhythm_lane_pressed'====== Args={'lane': 'right'}
2026-04-16 13:39:18,215 : INFO : EventManager : Event: ======'machine_var_audits_switches_s_flipper_right'====== Args={'value': 79, 'prev_value': 78, 'change': 1}
2026-04-16 13:39:18,247 : INFO : SwitchController : <<<<<<< 's_flipper_left' inactive >>>>>>>
2026-04-16 13:39:18,247 : INFO : EventManager : Event: ======'both_flippers_one'====== Args={'triggering_group': 1, 'triggering_switch': 's_flipper_left'}
2026-04-16 13:39:18,314 : INFO : SwitchController : <<<<<<< 's_flipper_right' inactive >>>>>>>
2026-04-16 13:39:18,314 : INFO : EventManager : Event: ======'both_flippers_inactive'====== Args={'triggering_group': 2, 'triggering_switch': 's_flipper_right'}
2026-04-16 13:39:18,331 : INFO : SwitchController : <<<<<<< 's_flipper_left' active >>>>>>>
2026-04-16 13:39:18,331 : INFO : EventManager : Event: ======'rhythm_lane_pressed'====== Args={'lane': 'left'}
2026-04-16 13:39:18,331 : INFO : EventManager : Event: ======'machine_var_audits_switches_s_flipper_left'====== Args={'value': 83, 'prev_value': 82, 'change': 1}
2026-04-16 13:39:18,414 : INFO : SwitchController : <<<<<<< 's_flipper_right' active >>>>>>>
2026-04-16 13:39:18,414 : INFO : EventManager : Event: ======'flipper_cancel'====== Args={'triggering_group': 2, 'triggering_switch': 's_flipper_right'}
2026-04-16 13:39:18,414 : INFO : EventManager : Event: ======'rhythm_lane_pressed'====== Args={'lane': 'right'}
2026-04-16 13:39:18,414 : INFO : EventManager : Event: ======'machine_var_audits_switches_s_flipper_right'====== Args={'value': 80, 'prev_value': 79, 'change': 1}
2026-04-16 13:39:18,447 : INFO : SwitchController : <<<<<<< 's_flipper_left' inactive >>>>>>>
2026-04-16 13:39:18,447 : INFO : EventManager : Event: ======'both_flippers_one'====== Args={'triggering_group': 1, 'triggering_switch': 's_flipper_left'}
2026-04-16 13:39:18,514 : INFO : SwitchController : <<<<<<< 's_flipper_right' inactive >>>>>>>
2026-04-16 13:39:18,514 : INFO : EventManager : Event: ======'both_flippers_inactive'====== Args={'triggering_group': 2, 'triggering_switch': 's_flipper_right'}
2026-04-16 13:39:18,548 : INFO : SwitchController : <<<<<<< 's_flipper_left' active >>>>>>>
2026-04-16 13:39:18,548 : INFO : EventManager : Event: ======'rhythm_lane_pressed'====== Args={'lane': 'left'}
2026-04-16 13:39:18,548 : INFO : EventManager : Event: ======'machine_var_audits_switches_s_flipper_left'====== Args={'value': 84, 'prev_value': 83, 'change': 1}
2026-04-16 13:39:18,631 : INFO : SwitchController : <<<<<<< 's_flipper_left' inactive >>>>>>>
2026-04-16 13:39:18,648 : INFO : SwitchController : <<<<<<< 's_action_button' active >>>>>>>
2026-04-16 13:39:18,648 : INFO : EventManager : Event: ======'rhythm_lane_pressed'====== Args={'lane': 'center'}
2026-04-16 13:39:18,648 : INFO : EventManager : Event: ======'machine_var_audits_switches_s_action_button'====== Args={'value': 18, 'prev_value': 17, 'change': 1}
2026-04-16 13:39:18,731 : INFO : SwitchController : <<<<<<< 's_action_button' inactive >>>>>>>
2026-04-16 13:39:18,747 : INFO : SwitchController : <<<<<<< 's_flipper_left' active >>>>>>>
2026-04-16 13:39:18,748 : INFO : EventManager : Event: ======'rhythm_lane_pressed'====== Args={'lane': 'left'}
2026-04-16 13:39:18,748 : INFO : EventManager : Event: ======'machine_var_audits_switches_s_flipper_left'====== Args={'value': 85, 'prev_value': 84, 'change': 1}
2026-04-16 13:39:18,831 : INFO : SwitchController : <<<<<<< 's_flipper_left' inactive >>>>>>>
2026-04-16 13:39:18,847 : INFO : SwitchController : <<<<<<< 's_action_button' active >>>>>>>
2026-04-16 13:39:18,848 : INFO : EventManager : Event: ======'rhythm_lane_pressed'====== Args={'lane': 'center'}
2026-04-16 13:39:18,848 : INFO : EventManager : Event: ======'machine_var_audits_switches_s_action_button'====== Args={'value': 19, 'prev_value': 18, 'change': 1}
2026-04-16 13:39:18,912 : INFO : EventManager : Event: ======'mode_rhythm_will_stop'====== Args={}
2026-04-16 13:39:18,912 : INFO : EventManager : Event: ======'mode_rhythm_stopping'====== Args={}
2026-04-16 13:39:18,913 : INFO : Mode.rhythm : Stopped.
2026-04-16 13:39:18,913 : INFO : EventManager : Event: ======'modes_active_modes_changed'====== Args={}
2026-04-16 13:39:18,913 : INFO : EventManager : Event: ======'mode_rhythm_stopped'====== Args={}
2026-04-16 13:39:18,914 : INFO : EventManager : Event: ======'clear'====== Args={'key': 'rhythm'}
2026-04-16 13:39:18,965 : INFO : SwitchController : <<<<<<< 's_action_button' inactive >>>>>>>
2026-04-16 13:39:18,965 : INFO : EventManager : Event: ======'slide_rhythm_inactive'====== Args={'is_removing': True, '_from_bcp': True}
2026-04-16 13:39:18,966 : INFO : EventManager : Event: ======'slide_base_slide_active'====== Args={'_from_bcp': True}
2026-04-16 13:39:18,966 : INFO : EventManager : Event: ======'slide_rhythm_removed'====== Args={'_from_bcp': True}
2026-04-16 13:39:18,971 : INFO : EventManager : Event: ======'balldevice_bd_trough_ball_eject_failed'====== Args={'target': <ball_device.bd_plunger>, 'balls': 1, 'retry': True, 'num_attempts': 2}
2026-04-16 13:39:18,972 : INFO : ball_device.bd_trough : State: waiting_for_target_ready
2026-04-16 13:39:18,972 : INFO : EventManager : Event: ======'balldevice_bd_trough_ball_eject_attempt'====== Args={'balls': 1, 'target': <ball_device.bd_plunger>, 'source': <ball_device.bd_trough>, 'mechanical_eject': False, 'num_attempts': 2}
2026-04-16 13:39:18,972 : INFO : ball_device.bd_trough : State: ejecting
2026-04-16 13:39:18,972 : INFO : ball_device.bd_trough : Ejecting ball to <ball_device.bd_plunger>
2026-04-16 13:39:18,972 : INFO : EventManager : Event: ======'balldevice_bd_trough_ejecting_ball'====== Args={'balls': 1, 'target': <ball_device.bd_plunger>, 'source': <ball_device.bd_trough>, 'mechanical_eject': False, 'num_attempts': 2}
2026-04-16 13:39:18,972 : INFO : ball_device.bd_trough : Wait for ball to leave device
2026-04-16 13:39:18,973 : INFO : coil.c_trough_eject : Pulsing Driver for 10ms (1.0 pulse_power)
2026-04-16 13:39:18,981 : INFO : SwitchController : <<<<<<< 's_flipper_left' active >>>>>>>
2026-04-16 13:39:18,981 : INFO : EventManager : Event: ======'machine_var_audits_switches_s_flipper_left'====== Args={'value': 86, 'prev_value': 85, 'change': 1}
2026-04-16 13:39:19,081 : INFO : SwitchController : <<<<<<< 's_flipper_left' inactive >>>>>>>
2026-04-16 13:39:19,097 : INFO : SwitchController : <<<<<<< 's_action_button' active >>>>>>>
2026-04-16 13:39:19,098 : INFO : EventManager : Event: ======'machine_var_audits_switches_s_action_button'====== Args={'value': 20, 'prev_value': 19, 'change': 1}
2026-04-16 13:39:19,181 : INFO : SwitchController : <<<<<<< 's_action_button' inactive >>>>>>>
2026-04-16 13:39:19,214 : INFO : SwitchController : <<<<<<< 's_flipper_left' active >>>>>>>
2026-04-16 13:39:19,214 : INFO : EventManager : Event: ======'machine_var_audits_switches_s_flipper_left'====== Args={'value': 87, 'prev_value': 86, 'change': 1}
2026-04-16 13:39:19,297 : INFO : SwitchController : <<<<<<< 's_flipper_left' inactive >>>>>>>
2026-04-16 13:39:22,365 : INFO : Machine : Shutting down...
2026-04-16 13:39:22,365 : INFO : EventManager : Event: ======'shutdown'====== Args={}
2026-04-16 13:39:22,366 : INFO : EventManager : Event: ======'mode_game_will_stop'====== Args={}
2026-04-16 13:39:22,366 : INFO : EventManager : Event: ======'mode_game_stopping'====== Args={}
2026-04-16 13:39:22,367 : INFO : EventManager : Event: ======'mode_base_will_stop'====== Args={}
2026-04-16 13:39:22,367 : INFO : EventManager : Event: ======'mode_base_stopping'====== Args={}
2026-04-16 13:39:22,367 : INFO : EventManager : Event: ======'mode_bumpers_will_stop'====== Args={}
2026-04-16 13:39:22,367 : INFO : EventManager : Event: ======'mode_bumpers_stopping'====== Args={}
2026-04-16 13:39:22,368 : INFO : EventManager : Event: ======'stop_mode_bumpers'====== Args={'priority': 0}
2026-04-16 13:39:22,368 : INFO : Mode.bumpers : Stopped.
2026-04-16 13:39:22,368 : INFO : EventManager : Event: ======'modes_active_modes_changed'====== Args={}
2026-04-16 13:39:22,368 : INFO : EventManager : Event: ======'mode_bumpers_stopped'====== Args={}
2026-04-16 13:39:22,368 : INFO : EventManager : Event: ======'clear'====== Args={'key': 'bumpers'}
2026-04-16 13:39:22,368 : INFO : Mode.base : Stopped.
2026-04-16 13:39:22,368 : INFO : EventManager : Event: ======'modes_active_modes_changed'====== Args={}
2026-04-16 13:39:22,368 : INFO : EventManager : Event: ======'mode_base_stopped'====== Args={}
2026-04-16 13:39:22,368 : INFO : EventManager : Event: ======'clear'====== Args={'key': 'base'}
2026-04-16 13:39:22,369 : INFO : Mode.game : Stopped.
2026-04-16 13:39:22,369 : INFO : EventManager : Event: ======'modes_active_modes_changed'====== Args={}
2026-04-16 13:39:22,369 : INFO : EventManager : Event: ======'mode_game_stopped'====== Args={}
2026-04-16 13:39:22,369 : INFO : EventManager : Event: ======'clear'====== Args={'key': 'game'}
2026-04-16 13:39:22,370 : INFO : root : MPF run loop ended.
