2026-04-15 20:27:24,613 : INFO : root : Loading config.
2026-04-15 20:27:24,664 : INFO : ConfigProcessor : Config spec file cache created: /var/folders/nw/6blj94p12ldcym3fj104vzlm0000gn/T/config_spec.mpf_cache
2026-04-15 20:27:24,664 : INFO : YamlMultifileConfigLoader : Machine config file #1: config.yaml
2026-04-15 20:27:24,665 : INFO : ConfigProcessor : Loading config from cache: /var/folders/nw/6blj94p12ldcym3fj104vzlm0000gn/T/b334f8a4e2121184f8a617378a4d1625.mpf_cache
2026-04-15 20:27:24,691 : INFO : ConfigProcessor : Loading config from cache: /var/folders/nw/6blj94p12ldcym3fj104vzlm0000gn/T/63da12c4cec82227b4c3859bbf3c7cd4.mpf_cache
2026-04-15 20:27:24,691 : INFO : ConfigProcessor : Loading config from cache: /var/folders/nw/6blj94p12ldcym3fj104vzlm0000gn/T/b8625db2ee8ad38c42d4f1c72235edc8.mpf_cache
2026-04-15 20:27:24,691 : INFO : ConfigProcessor : Loading config from cache: /var/folders/nw/6blj94p12ldcym3fj104vzlm0000gn/T/63da12c4cec82227b4c3859bbf3c7cd4.mpf_cache
2026-04-15 20:27:24,691 : INFO : ConfigProcessor : Loading config from cache: /var/folders/nw/6blj94p12ldcym3fj104vzlm0000gn/T/104947b35f87d581877cdaf02599b463.mpf_cache
2026-04-15 20:27:24,692 : INFO : ConfigProcessor : Loading config from cache: /var/folders/nw/6blj94p12ldcym3fj104vzlm0000gn/T/bc830d47d6fbb336561cc63e74edf2c9.mpf_cache
2026-04-15 20:27:24,692 : INFO : ConfigProcessor : Loading config from cache: /var/folders/nw/6blj94p12ldcym3fj104vzlm0000gn/T/4273c698423283a7843ff5c77ef69dc9.mpf_cache
2026-04-15 20:27:24,692 : INFO : ConfigProcessor : Loading config from cache: /var/folders/nw/6blj94p12ldcym3fj104vzlm0000gn/T/7424f2cce7b15e0b37e570d3514590c8.mpf_cache
2026-04-15 20:27:24,692 : INFO : Machine : Mission Pinball Framework Core Engine v0.80.0.dev13
2026-04-15 20:27:24,692 : INFO : Machine : Command line arguments: {'no_load_cache': False, 'create_config_cache': True, 'bcp': True, 'configfile': ['config.yaml'], 'force_assets_load': False, 'platform_integration_test': False, 'jsonlogging': False, 'logfile': 'logs/2026-04-15-20-27-24-mpf-Wills-MacBook-Pro-M5.local.log', 'pause': False, 'production': False, 'text_ui': False, 'loglevel': 15, 'consoleloglevel': 20, 'force_platform': 'virtual', 'syslog_address': None, 'full_logfile_path': '/Users/willrante/Documents/GitHub/pinball/logs/2026-04-15-20-27-24-mpf-Wills-MacBook-Pro-M5.local.log'}
2026-04-15 20:27:24,692 : INFO : Machine : MPF path: /Users/willrante/mpf-env/lib/python3.14/site-packages/mpf
2026-04-15 20:27:24,692 : INFO : Machine : Machine path: /Users/willrante/Documents/GitHub/pinball
2026-04-15 20:27:24,692 : INFO : Machine : Platform: darwin
2026-04-15 20:27:24,692 : INFO : Machine : Python executable location: /Users/willrante/mpf-env/bin/python3.14
2026-04-15 20:27:24,692 : INFO : Machine : Python version: 3.14.3 (64-bit)
2026-04-15 20:27:24,693 : INFO : Machine : Initializing MPF...
2026-04-15 20:27:24,718 : INFO : EventManager : Event: ======'machine_var_credits_string'====== Args={'value': 'FREE PLAY', 'prev_value': None, 'change': True}
2026-04-15 20:27:24,723 : INFO : EventManager : Event: ======'machine_var_master_volume'====== Args={'value': 0.5, 'prev_value': None, 'change': True}
2026-04-15 20:27:24,723 : INFO : EventManager : Event: ======'machine_var_mpf_version'====== Args={'value': 'Mission Pinball Framework v0.80.0.dev13', 'prev_value': None, 'change': True}
2026-04-15 20:27:24,723 : INFO : EventManager : Event: ======'machine_var_mpf_extended_version'====== Args={'value': 'Mission Pinball Framework v0.80.0.dev13, Config version:6, Show version: 6, BCP version:1.1', 'prev_value': None, 'change': True}
2026-04-15 20:27:24,723 : INFO : EventManager : Event: ======'machine_var_python_version'====== Args={'value': '3.14.3', 'prev_value': None, 'change': True}
2026-04-15 20:27:24,730 : INFO : EventManager : Event: ======'machine_var_platform'====== Args={'value': 'macOS-26.3.1-arm64-arm-64bit-Mach-O', 'prev_value': None, 'change': True}
2026-04-15 20:27:24,731 : INFO : EventManager : Event: ======'machine_var_platform_system'====== Args={'value': 'Darwin', 'prev_value': None, 'change': True}
2026-04-15 20:27:24,731 : INFO : EventManager : Event: ======'machine_var_platform_release'====== Args={'value': '25.3.0', 'prev_value': None, 'change': True}
2026-04-15 20:27:24,731 : INFO : EventManager : Event: ======'machine_var_platform_version'====== Args={'value': 'Darwin Kernel Version 25.3.0: Wed Jan 28 20:54:38 PST 2026; root:xnu-12377.91.3~2/RELEASE_ARM64_T6050', 'prev_value': None, 'change': True}
2026-04-15 20:27:24,731 : INFO : EventManager : Event: ======'machine_var_platform_machine'====== Args={'value': 'arm64', 'prev_value': None, 'change': True}
2026-04-15 20:27:24,731 : INFO : EventManager : Event: ======'machine_var_log_file_path'====== Args={'value': '/Users/willrante/Documents/GitHub/pinball/logs/2026-04-15-20-27-24-mpf-Wills-MacBook-Pro-M5.local.log', 'prev_value': None, 'change': True}
2026-04-15 20:27:24,731 : INFO : EventManager : Event: ======'init_phase_1'====== Args={}
2026-04-15 20:27:24,737 : INFO : EventManager : Event: ======'init_phase_2'====== Args={}
2026-04-15 20:27:24,737 : INFO : SwitchController : Found active switch: (1006, <Platform.Virtual>) <switch.s_trough_1>
2026-04-15 20:27:24,737 : INFO : SwitchController : Found active switch: (1007, <Platform.Virtual>) <switch.s_trough_2>
2026-04-15 20:27:24,737 : INFO : SwitchController : Found active switch: (1008, <Platform.Virtual>) <switch.s_trough_3>
2026-04-15 20:27:24,738 : INFO : EventManager : Event: ======'bcp_connection_attempt'====== Args={'name': 'local_display', 'host': 'localhost', 'port': 5050}
2026-04-15 20:27:24,738 : INFO : BCPClientSocket : Connecting BCP to 'local_display' at localhost:5050...
2026-04-15 20:27:30,744 : INFO : BCPClientSocket : Connected BCP to 'local_display' localhost:5050
2026-04-15 20:27:30,744 : INFO : EventManager : Event: ======'bcp_clients_connected'====== Args={}
2026-04-15 20:27:30,745 : INFO : ball_device.bd_plunger : BCH: Initial count: 0
2026-04-15 20:27:30,745 : INFO : ball_device.bd_plunger : State: idle
2026-04-15 20:27:30,745 : INFO : ball_device.bd_trough : BCH: Initial count: 3
2026-04-15 20:27:30,745 : INFO : ball_device.bd_trough : State: idle
2026-04-15 20:27:30,751 : INFO : EventManager : Event: ======'init_phase_3'====== Args={}
2026-04-15 20:27:30,752 : INFO : EventManager : Event: ======'init_phase_4'====== Args={}
2026-04-15 20:27:30,753 : INFO : BallController : Initial balls found: 3
2026-04-15 20:27:30,753 : INFO : EventManager : Event: ======'machine_var_audits_events_game_ended'====== Args={'value': 0, 'prev_value': None, 'change': True}
2026-04-15 20:27:30,753 : INFO : EventManager : Event: ======'machine_var_audits_events_game_started'====== Args={'value': 5, 'prev_value': None, 'change': True}
2026-04-15 20:27:30,753 : INFO : EventManager : Event: ======'machine_var_audits_missing_switches_s_flipper_left'====== Args={'value': 3, 'prev_value': None, 'change': True}
2026-04-15 20:27:30,753 : INFO : EventManager : Event: ======'machine_var_audits_missing_switches_s_flipper_right'====== Args={'value': 3, 'prev_value': None, 'change': True}
2026-04-15 20:27:30,753 : INFO : EventManager : Event: ======'machine_var_audits_missing_switches_s_plunger_lane'====== Args={'value': 5, 'prev_value': None, 'change': True}
2026-04-15 20:27:30,753 : INFO : EventManager : Event: ======'machine_var_audits_missing_switches_s_start'====== Args={'value': 1, 'prev_value': None, 'change': True}
2026-04-15 20:27:30,753 : INFO : EventManager : Event: ======'machine_var_audits_missing_switches_s_trough_1'====== Args={'value': 5, 'prev_value': None, 'change': True}
2026-04-15 20:27:30,753 : INFO : EventManager : Event: ======'machine_var_audits_missing_switches_s_trough_2'====== Args={'value': 5, 'prev_value': None, 'change': True}
2026-04-15 20:27:30,754 : INFO : EventManager : Event: ======'machine_var_audits_missing_switches_s_trough_3'====== Args={'value': 5, 'prev_value': None, 'change': True}
2026-04-15 20:27:30,754 : INFO : EventManager : Event: ======'machine_var_audits_player_score'====== Args={'value': {'average': 0, 'top': [], 'total': 0}, 'prev_value': None, 'change': True}
2026-04-15 20:27:30,755 : INFO : EventManager : Event: ======'machine_var_audits_shots_bumper_left'====== Args={'value': 92, 'prev_value': None, 'change': True}
2026-04-15 20:27:30,755 : INFO : EventManager : Event: ======'machine_var_audits_shots_bumper_right'====== Args={'value': 107, 'prev_value': None, 'change': True}
2026-04-15 20:27:30,755 : INFO : EventManager : Event: ======'machine_var_audits_shots_hurryup'====== Args={'value': 3, 'prev_value': None, 'change': True}
2026-04-15 20:27:30,755 : INFO : EventManager : Event: ======'machine_var_audits_shots_left_lane'====== Args={'value': 11, 'prev_value': None, 'change': True}
2026-04-15 20:27:30,755 : INFO : EventManager : Event: ======'machine_var_audits_switches_s_bumper_left'====== Args={'value': 92, 'prev_value': None, 'change': True}
2026-04-15 20:27:30,755 : INFO : EventManager : Event: ======'machine_var_audits_switches_s_bumper_right'====== Args={'value': 107, 'prev_value': None, 'change': True}
2026-04-15 20:27:30,755 : INFO : EventManager : Event: ======'machine_var_audits_switches_s_flipper_left'====== Args={'value': 5, 'prev_value': None, 'change': True}
2026-04-15 20:27:30,755 : INFO : EventManager : Event: ======'machine_var_audits_switches_s_flipper_right'====== Args={'value': 5, 'prev_value': None, 'change': True}
2026-04-15 20:27:30,755 : INFO : EventManager : Event: ======'machine_var_audits_switches_s_left_lane'====== Args={'value': 11, 'prev_value': None, 'change': True}
2026-04-15 20:27:30,755 : INFO : EventManager : Event: ======'machine_var_audits_switches_s_plunger_lane'====== Args={'value': 0, 'prev_value': None, 'change': True}
2026-04-15 20:27:30,755 : INFO : EventManager : Event: ======'machine_var_audits_switches_s_start'====== Args={'value': 3, 'prev_value': None, 'change': True}
2026-04-15 20:27:30,755 : INFO : EventManager : Event: ======'machine_var_audits_switches_s_trough_1'====== Args={'value': 0, 'prev_value': None, 'change': True}
2026-04-15 20:27:30,755 : INFO : EventManager : Event: ======'machine_var_audits_switches_s_trough_2'====== Args={'value': 0, 'prev_value': None, 'change': True}
2026-04-15 20:27:30,755 : INFO : EventManager : Event: ======'machine_var_audits_switches_s_trough_3'====== Args={'value': 0, 'prev_value': None, 'change': True}
2026-04-15 20:27:30,755 : INFO : EventManager : Event: ======'init_phase_5'====== Args={}
2026-04-15 20:27:30,756 : INFO : EventManager : Event: ======'init_done'====== Args={}
2026-04-15 20:27:30,756 : INFO : EventManager : Event: ======'machine_reset_phase_1'====== Args={}
2026-04-15 20:27:30,774 : INFO : EventManager : Event: ======'machine_reset_phase_2'====== Args={}
2026-04-15 20:27:30,775 : INFO : EventManager : Event: ======'machine_reset_phase_3'====== Args={}
2026-04-15 20:27:30,775 : INFO : EventManager : Event: ======'reset_complete'====== Args={}
2026-04-15 20:27:30,775 : INFO : EventManager : Event: ======'mode_attract_will_start'====== Args={}
2026-04-15 20:27:30,775 : INFO : Timer.attract_carousel_timer : Starting Timer.
2026-04-15 20:27:30,775 : INFO : EventManager : Event: ======'timer_attract_carousel_timer_started'====== Args={'ticks': 0, 'ticks_remaining': 1}
2026-04-15 20:27:30,776 : INFO : EventManager : Event: ======'timer_attract_carousel_timer_tick'====== Args={'ticks': 0, 'ticks_remaining': 1}
2026-04-15 20:27:30,776 : INFO : EventManager : Event: ======'mode_attract_starting'====== Args={}
2026-04-15 20:27:30,776 : INFO : Mode.attract : Started. Priority: 10
2026-04-15 20:27:30,777 : INFO : EventManager : Event: ======'modes_active_modes_changed'====== Args={}
2026-04-15 20:27:30,777 : INFO : EventManager : Event: ======'mode_attract_started'====== Args={}
2026-04-15 20:27:30,777 : INFO : EventManager : Event: ======'collecting_balls_complete'====== Args={}
2026-04-15 20:27:30,778 : INFO : EventManager : Event: ======'carousel_item_highlighted'====== Args={'carousel': 'attract', 'direction': None, 'item': 'title'}
2026-04-15 20:27:30,778 : INFO : EventManager : Event: ======'timer_attract_carousel_timer_tick'====== Args={'ticks': 0, 'ticks_remaining': 1}
2026-04-15 20:27:30,778 : INFO : Machine : Starting the main run loop with active modes: [<Mode.attract>]
2026-04-15 20:27:30,791 : INFO : EventManager : Event: ======'slide_attract_created'====== Args={'_from_bcp': True}
2026-04-15 20:27:30,791 : INFO : EventManager : Event: ======'slide__removed'====== Args={'_from_bcp': True}
2026-04-15 20:27:30,792 : INFO : EventManager : Event: ======'slide_attract_active'====== Args={'original_context': 'attract', 'original_calling_context': 'mode_attract_started', 'priority': 10.0, 'cmd': 'slides_play', '_from_bcp': True}
2026-04-15 20:27:34,971 : INFO : SwitchController : <<<<<<< 's_start' active >>>>>>>
2026-04-15 20:27:35,071 : INFO : SwitchController : <<<<<<< 's_start' inactive >>>>>>>
2026-04-15 20:27:35,072 : INFO : EventManager : Event: ======'request_to_start_game'====== Args={}
2026-04-15 20:27:35,072 : INFO : EventManager : Event: ======'game_start'====== Args={'buttons': [], 'hold_time': 0.10051695804577321}
2026-04-15 20:27:35,072 : INFO : EventManager : Event: ======'mode_game_will_start'====== Args={'buttons': [], 'hold_time': 0.10051695804577321}
2026-04-15 20:27:35,072 : INFO : EventManager : Event: ======'mode_game_starting'====== Args={'buttons': [], 'hold_time': 0.10051695804577321}
2026-04-15 20:27:35,072 : INFO : EventManager : Event: ======'mode_attract_will_stop'====== Args={}
2026-04-15 20:27:35,072 : INFO : EventManager : Event: ======'mode_attract_stopping'====== Args={}
2026-04-15 20:27:35,072 : INFO : Mode.attract : Stopped.
2026-04-15 20:27:35,073 : INFO : EventManager : Event: ======'modes_active_modes_changed'====== Args={}
2026-04-15 20:27:35,073 : INFO : EventManager : Event: ======'mode_attract_stopped'====== Args={}
2026-04-15 20:27:35,073 : INFO : EventManager : Event: ======'clear'====== Args={'key': 'attract'}
2026-04-15 20:27:35,073 : INFO : Timer.attract_carousel_timer : Stopping Timer
2026-04-15 20:27:35,073 : INFO : EventManager : Event: ======'timer_attract_carousel_timer_stopped'====== Args={'ticks': 0, 'ticks_remaining': 1}
2026-04-15 20:27:35,073 : INFO : Mode.game : Started. Priority: 20
2026-04-15 20:27:35,073 : INFO : EventManager : Event: ======'modes_active_modes_changed'====== Args={}
2026-04-15 20:27:35,073 : INFO : EventManager : Event: ======'mode_game_started'====== Args={'buttons': [], 'hold_time': 0.10051695804577321}
2026-04-15 20:27:35,074 : INFO : EventManager : Event: ======'game_will_start'====== Args={}
2026-04-15 20:27:35,074 : INFO : EventManager : Event: ======'game_starting'====== Args={'game': <Mode.game>}
2026-04-15 20:27:35,075 : INFO : EventManager : Unordered handler for class <Auditor> on event game_ended with priority 1. Handlers: [RegisteredHandler(callback=<bound method Auditor.disable of <Auditor>>, priority=1, kwargs={}, key=UUID('e2c5ea5e-26a5-4011-b50f-3a775c3627e5'), condition=None, blocking_facility=None), RegisteredHandler(callback=<bound method Auditor._save_audits of <Auditor>>, priority=1, kwargs={}, key=UUID('91612362-02a4-452e-9b11-6087528becbf'), condition=None, blocking_facility=None)]. The order of those handlers is not defined and they will be executed in random order. This might lead to race conditions and potential bugs.
2026-04-15 20:27:35,075 : INFO : EventManager : Event: ======'player_add_request'====== Args={}
2026-04-15 20:27:35,075 : INFO : EventManager : Event: ======'player_will_add'====== Args={'number': 1}
2026-04-15 20:27:35,075 : INFO : EventManager : Event: ======'player_adding'====== Args={'player': <Player 1>, 'number': 1}
2026-04-15 20:27:35,075 : INFO : EventManager : Event: ======'player_added'====== Args={'player': <Player 1>, 'num': 1}
2026-04-15 20:27:35,075 : INFO : Mode.game : Player added successfully. Total players: 1
2026-04-15 20:27:35,075 : INFO : EventManager : Event: ======'player_index'====== Args={'value': 0, 'prev_value': 0, 'change': 0, 'player_num': 1}
2026-04-15 20:27:35,075 : INFO : EventManager : Event: ======'player_number'====== Args={'value': 1, 'prev_value': 1, 'change': 0, 'player_num': 1}
2026-04-15 20:27:35,075 : INFO : EventManager : Event: ======'player_score'====== Args={'value': 0, 'prev_value': 0, 'change': 0, 'player_num': 1}
2026-04-15 20:27:35,075 : INFO : EventManager : Event: ======'game_started'====== Args={}
2026-04-15 20:27:35,076 : INFO : EventManager : Event: ======'player_turn_will_start'====== Args={'player': <Player 1>, 'number': 1}
2026-04-15 20:27:35,076 : INFO : EventManager : Event: ======'player_turn_starting'====== Args={'player': <Player 1>, 'number': 1}
2026-04-15 20:27:35,076 : INFO : EventManager : Event: ======'player_ball'====== Args={'value': 1, 'prev_value': 0, 'change': 1, 'player_num': 1}
2026-04-15 20:27:35,076 : INFO : EventManager : Event: ======'player_turn_started'====== Args={'player': <Player 1>, 'number': 1}
2026-04-15 20:27:35,078 : INFO : EventManager : Event: ======'ball_will_start'====== Args={'player': 1, 'ball': 1, 'balls_remaining': 2, 'is_extra_ball': False}
2026-04-15 20:27:35,079 : INFO : EventManager : Event: ======'ball_starting'====== Args={'player': 1, 'ball': 1, 'balls_remaining': 2, 'is_extra_ball': False}
2026-04-15 20:27:35,079 : INFO : EventManager : Event: ======'mode_base_will_start'====== Args={'queue': <QueuedEvent>, 'player': 1, 'ball': 1, 'balls_remaining': 2, 'is_extra_ball': False}
2026-04-15 20:27:35,079 : INFO : EventManager : Event: ======'player_shot_left_lane_enabled'====== Args={'value': True, 'prev_value': 0, 'change': 1, 'player_num': 1}
2026-04-15 20:27:35,080 : INFO : EventManager : Event: ======'mode_base_starting'====== Args={'queue': <QueuedEvent>, 'player': 1, 'ball': 1, 'balls_remaining': 2, 'is_extra_ball': False}
2026-04-15 20:27:35,080 : INFO : Mode.base : Started. Priority: 100
2026-04-15 20:27:35,080 : INFO : EventManager : Event: ======'modes_active_modes_changed'====== Args={}
2026-04-15 20:27:35,080 : INFO : EventManager : Event: ======'mode_base_started'====== Args={'queue': <QueuedEvent>, 'player': 1, 'ball': 1, 'balls_remaining': 2, 'is_extra_ball': False}
2026-04-15 20:27:35,080 : INFO : EventManager : Event: ======'start_mode_bumpers'====== Args={'priority': 0}
2026-04-15 20:27:35,080 : INFO : EventManager : Event: ======'mode_bumpers_will_start'====== Args={'priority': 0}
2026-04-15 20:27:35,080 : INFO : EventManager : Event: ======'player_shot_bumper_left_enabled'====== Args={'value': True, 'prev_value': 0, 'change': 1, 'player_num': 1}
2026-04-15 20:27:35,081 : INFO : EventManager : Event: ======'player_shot_bumper_right_enabled'====== Args={'value': True, 'prev_value': 0, 'change': 1, 'player_num': 1}
2026-04-15 20:27:35,081 : INFO : EventManager : Event: ======'bumpers_complete'====== Args={'state': 'unlit'}
2026-04-15 20:27:35,081 : INFO : EventManager : Event: ======'bumpers_unlit_complete'====== Args={}
2026-04-15 20:27:35,081 : INFO : EventManager : Event: ======'mode_bumpers_starting'====== Args={'priority': 0}
2026-04-15 20:27:35,081 : INFO : Mode.bumpers : Started. Priority: 200
2026-04-15 20:27:35,081 : INFO : EventManager : Event: ======'modes_active_modes_changed'====== Args={}
2026-04-15 20:27:35,081 : INFO : EventManager : Event: ======'mode_bumpers_started'====== Args={'priority': 0}
2026-04-15 20:27:35,081 : INFO : EventManager : Event: ======'balls_in_play'====== Args={'balls': 1}
2026-04-15 20:27:35,081 : INFO : EventManager : Event: ======'ball_started'====== Args={'player': 1, 'ball': 1, 'balls_remaining': 2, 'is_extra_ball': False}
2026-04-15 20:27:35,082 : INFO : EventManager : Event: ======'single_player_ball_started'====== Args={}
2026-04-15 20:27:35,082 : INFO : EventManager : Event: ======'ball_start_target'====== Args={'target': 'playfield'}
2026-04-15 20:27:35,082 : INFO : ball_device.bd_trough : Setting up player-controlled eject. Balls: 1, Target: <playfield.playfield>, player_controlled_eject_event: None
2026-04-15 20:27:35,082 : INFO : ball_device.bd_trough : Adding 1 ball(s) to the eject_queue with target <playfield.playfield>.
2026-04-15 20:27:35,082 : INFO : EventManager : Event: ======'balldevice_balls_available'====== Args={}
2026-04-15 20:27:35,082 : INFO : ball_device.bd_trough : State: waiting_for_target_ready
2026-04-15 20:27:35,082 : INFO : EventManager : Event: ======'balldevice_bd_trough_ball_eject_attempt'====== Args={'balls': 1, 'target': <ball_device.bd_plunger>, 'source': <ball_device.bd_trough>, 'mechanical_eject': False, 'num_attempts': 0}
2026-04-15 20:27:35,083 : INFO : ball_device.bd_plunger : State: waiting_for_ball
2026-04-15 20:27:35,083 : INFO : ball_device.bd_trough : State: ejecting
2026-04-15 20:27:35,083 : INFO : ball_device.bd_trough : Ejecting ball to <ball_device.bd_plunger>
2026-04-15 20:27:35,083 : INFO : EventManager : Event: ======'balldevice_bd_trough_ejecting_ball'====== Args={'balls': 1, 'target': <ball_device.bd_plunger>, 'source': <ball_device.bd_trough>, 'mechanical_eject': False, 'num_attempts': 0}
2026-04-15 20:27:35,083 : INFO : ball_device.bd_trough : Wait for ball to leave device
2026-04-15 20:27:35,083 : INFO : coil.c_trough_eject : Pulsing Driver for 10ms (1.0 pulse_power)
2026-04-15 20:27:35,117 : INFO : EventManager : Event: ======'slide_base_slide_created'====== Args={'_from_bcp': True}
2026-04-15 20:27:35,117 : INFO : EventManager : Event: ======'slide_attract_inactive'====== Args={'is_removing': True, '_from_bcp': True}
2026-04-15 20:27:35,117 : INFO : EventManager : Event: ======'slide_base_slide_active'====== Args={'original_context': 'base', 'original_calling_context': 'mode_base_started', 'priority': 100.0, 'queue': '<QueuedEvent>', 'player': 1.0, 'ball': 1.0, 'balls_remaining': 2.0, 'is_extra_ball': False, 'cmd': 'slides_play', '_from_bcp': True}
2026-04-15 20:27:35,117 : INFO : EventManager : Event: ======'slide_attract_removed'====== Args={'_from_bcp': True}
2026-04-15 20:27:39,322 : INFO : SwitchController : <<<<<<< 's_bumper_left' active >>>>>>>
2026-04-15 20:27:39,322 : INFO : EventManager : Event: ======'playfield_active'====== Args={'source': 'bumper_left'}
2026-04-15 20:27:39,322 : INFO : EventManager : Event: ======'unexpected_ball_on_playfield'====== Args={}
2026-04-15 20:27:39,322 : INFO : EventManager : Event: ======'s_bumper_left_active'====== Args={}
2026-04-15 20:27:39,322 : INFO : EventManager : Event: ======'machine_var_audits_switches_s_bumper_left'====== Args={'value': 93, 'prev_value': 92, 'change': 1}
2026-04-15 20:27:39,322 : INFO : EventManager : Event: ======'player_shot_bumper_left'====== Args={'value': 1, 'prev_value': 0, 'change': 1, 'player_num': 1}
2026-04-15 20:27:39,323 : INFO : EventManager : Event: ======'machine_var_audits_shots_bumper_left'====== Args={'value': 93, 'prev_value': 92, 'change': 1}
2026-04-15 20:27:39,323 : INFO : EventManager : Event: ======'bumper_left_hit'====== Args={'profile': 'default', 'state': 'unlit', 'advancing': True}
2026-04-15 20:27:39,323 : INFO : EventManager : Event: ======'bumper_left_default_hit'====== Args={'profile': 'default', 'state': 'unlit', 'advancing': True}
2026-04-15 20:27:39,323 : INFO : EventManager : Event: ======'bumper_left_default_unlit_hit'====== Args={'profile': 'default', 'state': 'unlit', 'advancing': True}
2026-04-15 20:27:39,323 : INFO : EventManager : Event: ======'bumper_left_unlit_hit'====== Args={'profile': 'default', 'state': 'unlit', 'advancing': True}
2026-04-15 20:27:39,323 : INFO : EventManager : Event: ======'bumpers_hit'====== Args={'shot': 'bumper_left'}
2026-04-15 20:27:39,323 : INFO : EventManager : Event: ======'bumpers_unlit_hit'====== Args={'shot': 'bumper_left'}
2026-04-15 20:27:39,323 : INFO : EventManager : Event: ======'player_score'====== Args={'value': 1000, 'prev_value': 0, 'change': 1000, 'player_num': 1, 'source': 'bumpers'}
2026-04-15 20:27:39,455 : INFO : SwitchController : <<<<<<< 's_bumper_left' inactive >>>>>>>
2026-04-15 20:27:39,472 : INFO : SwitchController : <<<<<<< 's_bumper_right' active >>>>>>>
2026-04-15 20:27:39,472 : INFO : EventManager : Event: ======'playfield_active'====== Args={'source': 'bumper_right'}
2026-04-15 20:27:39,472 : INFO : EventManager : Event: ======'unexpected_ball_on_playfield'====== Args={}
2026-04-15 20:27:39,472 : INFO : EventManager : Event: ======'s_bumper_right_active'====== Args={}
2026-04-15 20:27:39,472 : INFO : EventManager : Event: ======'machine_var_audits_switches_s_bumper_right'====== Args={'value': 108, 'prev_value': 107, 'change': 1}
2026-04-15 20:27:39,472 : INFO : EventManager : Event: ======'player_shot_bumper_right'====== Args={'value': 1, 'prev_value': 0, 'change': 1, 'player_num': 1}
2026-04-15 20:27:39,473 : INFO : EventManager : Event: ======'machine_var_audits_shots_bumper_right'====== Args={'value': 108, 'prev_value': 107, 'change': 1}
2026-04-15 20:27:39,473 : INFO : EventManager : Event: ======'bumper_right_hit'====== Args={'profile': 'default', 'state': 'unlit', 'advancing': True}
2026-04-15 20:27:39,473 : INFO : EventManager : Event: ======'bumper_right_default_hit'====== Args={'profile': 'default', 'state': 'unlit', 'advancing': True}
2026-04-15 20:27:39,473 : INFO : EventManager : Event: ======'bumper_right_default_unlit_hit'====== Args={'profile': 'default', 'state': 'unlit', 'advancing': True}
2026-04-15 20:27:39,473 : INFO : EventManager : Event: ======'bumper_right_unlit_hit'====== Args={'profile': 'default', 'state': 'unlit', 'advancing': True}
2026-04-15 20:27:39,473 : INFO : EventManager : Event: ======'bumpers_complete'====== Args={'state': 'lit'}
2026-04-15 20:27:39,473 : INFO : EventManager : Event: ======'bumpers_lit_complete'====== Args={}
2026-04-15 20:27:39,473 : INFO : EventManager : Event: ======'bumpers_hit'====== Args={'shot': 'bumper_right'}
2026-04-15 20:27:39,474 : INFO : EventManager : Event: ======'bumpers_unlit_hit'====== Args={'shot': 'bumper_right'}
2026-04-15 20:27:39,474 : INFO : EventManager : Event: ======'player_score'====== Args={'value': 2000, 'prev_value': 1000, 'change': 1000, 'player_num': 1, 'source': 'bumpers'}
2026-04-15 20:27:39,571 : INFO : SwitchController : <<<<<<< 's_bumper_right' inactive >>>>>>>
2026-04-15 20:27:39,605 : INFO : SwitchController : <<<<<<< 's_bumper_left' active >>>>>>>
2026-04-15 20:27:39,605 : INFO : EventManager : Event: ======'playfield_active'====== Args={'source': 'bumper_left'}
2026-04-15 20:27:39,605 : INFO : EventManager : Event: ======'unexpected_ball_on_playfield'====== Args={}
2026-04-15 20:27:39,606 : INFO : EventManager : Event: ======'s_bumper_left_active'====== Args={}
2026-04-15 20:27:39,606 : INFO : EventManager : Event: ======'machine_var_audits_switches_s_bumper_left'====== Args={'value': 94, 'prev_value': 93, 'change': 1}
2026-04-15 20:27:39,606 : INFO : EventManager : Event: ======'machine_var_audits_shots_bumper_left'====== Args={'value': 94, 'prev_value': 93, 'change': 1}
2026-04-15 20:27:39,606 : INFO : EventManager : Event: ======'bumper_left_hit'====== Args={'profile': 'default', 'state': 'lit', 'advancing': False}
2026-04-15 20:27:39,607 : INFO : EventManager : Event: ======'bumper_left_default_hit'====== Args={'profile': 'default', 'state': 'lit', 'advancing': False}
2026-04-15 20:27:39,607 : INFO : EventManager : Event: ======'bumper_left_default_lit_hit'====== Args={'profile': 'default', 'state': 'lit', 'advancing': False}
2026-04-15 20:27:39,607 : INFO : EventManager : Event: ======'bumper_left_lit_hit'====== Args={'profile': 'default', 'state': 'lit', 'advancing': False}
2026-04-15 20:27:39,607 : INFO : EventManager : Event: ======'bumpers_hit'====== Args={'shot': 'bumper_left'}
2026-04-15 20:27:39,607 : INFO : EventManager : Event: ======'bumpers_lit_hit'====== Args={'shot': 'bumper_left'}
2026-04-15 20:27:39,607 : INFO : EventManager : Event: ======'player_score'====== Args={'value': 3000, 'prev_value': 2000, 'change': 1000, 'player_num': 1, 'source': 'bumpers'}
2026-04-15 20:27:39,705 : INFO : SwitchController : <<<<<<< 's_bumper_right' active >>>>>>>
2026-04-15 20:27:39,705 : INFO : EventManager : Event: ======'playfield_active'====== Args={'source': 'bumper_right'}
2026-04-15 20:27:39,705 : INFO : EventManager : Event: ======'unexpected_ball_on_playfield'====== Args={}
2026-04-15 20:27:39,706 : INFO : EventManager : Event: ======'s_bumper_right_active'====== Args={}
2026-04-15 20:27:39,706 : INFO : EventManager : Event: ======'machine_var_audits_switches_s_bumper_right'====== Args={'value': 109, 'prev_value': 108, 'change': 1}
2026-04-15 20:27:39,706 : INFO : EventManager : Event: ======'machine_var_audits_shots_bumper_right'====== Args={'value': 109, 'prev_value': 108, 'change': 1}
2026-04-15 20:27:39,707 : INFO : EventManager : Event: ======'bumper_right_hit'====== Args={'profile': 'default', 'state': 'lit', 'advancing': False}
2026-04-15 20:27:39,707 : INFO : EventManager : Event: ======'bumper_right_default_hit'====== Args={'profile': 'default', 'state': 'lit', 'advancing': False}
2026-04-15 20:27:39,707 : INFO : EventManager : Event: ======'bumper_right_default_lit_hit'====== Args={'profile': 'default', 'state': 'lit', 'advancing': False}
2026-04-15 20:27:39,707 : INFO : EventManager : Event: ======'bumper_right_lit_hit'====== Args={'profile': 'default', 'state': 'lit', 'advancing': False}
2026-04-15 20:27:39,707 : INFO : EventManager : Event: ======'bumpers_hit'====== Args={'shot': 'bumper_right'}
2026-04-15 20:27:39,707 : INFO : EventManager : Event: ======'bumpers_lit_hit'====== Args={'shot': 'bumper_right'}
2026-04-15 20:27:39,707 : INFO : EventManager : Event: ======'player_score'====== Args={'value': 4000, 'prev_value': 3000, 'change': 1000, 'player_num': 1, 'source': 'bumpers'}
2026-04-15 20:27:39,707 : INFO : SwitchController : <<<<<<< 's_bumper_left' inactive >>>>>>>
2026-04-15 20:27:39,805 : INFO : SwitchController : <<<<<<< 's_bumper_right' inactive >>>>>>>
2026-04-15 20:27:39,838 : INFO : SwitchController : <<<<<<< 's_bumper_left' active >>>>>>>
2026-04-15 20:27:39,839 : INFO : EventManager : Event: ======'playfield_active'====== Args={'source': 'bumper_left'}
2026-04-15 20:27:39,839 : INFO : EventManager : Event: ======'unexpected_ball_on_playfield'====== Args={}
2026-04-15 20:27:39,839 : INFO : EventManager : Event: ======'s_bumper_left_active'====== Args={}
2026-04-15 20:27:39,839 : INFO : EventManager : Event: ======'machine_var_audits_switches_s_bumper_left'====== Args={'value': 95, 'prev_value': 94, 'change': 1}
2026-04-15 20:27:39,839 : INFO : EventManager : Event: ======'machine_var_audits_shots_bumper_left'====== Args={'value': 95, 'prev_value': 94, 'change': 1}
2026-04-15 20:27:39,840 : INFO : EventManager : Event: ======'bumper_left_hit'====== Args={'profile': 'default', 'state': 'lit', 'advancing': False}
2026-04-15 20:27:39,840 : INFO : EventManager : Event: ======'bumper_left_default_hit'====== Args={'profile': 'default', 'state': 'lit', 'advancing': False}
2026-04-15 20:27:39,840 : INFO : EventManager : Event: ======'bumper_left_default_lit_hit'====== Args={'profile': 'default', 'state': 'lit', 'advancing': False}
2026-04-15 20:27:39,840 : INFO : EventManager : Event: ======'bumper_left_lit_hit'====== Args={'profile': 'default', 'state': 'lit', 'advancing': False}
2026-04-15 20:27:39,840 : INFO : EventManager : Event: ======'bumpers_hit'====== Args={'shot': 'bumper_left'}
2026-04-15 20:27:39,840 : INFO : EventManager : Event: ======'bumpers_lit_hit'====== Args={'shot': 'bumper_left'}
2026-04-15 20:27:39,840 : INFO : EventManager : Event: ======'player_score'====== Args={'value': 5000, 'prev_value': 4000, 'change': 1000, 'player_num': 1, 'source': 'bumpers'}
2026-04-15 20:27:39,938 : INFO : SwitchController : <<<<<<< 's_bumper_right' active >>>>>>>
2026-04-15 20:27:39,938 : INFO : EventManager : Event: ======'playfield_active'====== Args={'source': 'bumper_right'}
2026-04-15 20:27:39,938 : INFO : EventManager : Event: ======'unexpected_ball_on_playfield'====== Args={}
2026-04-15 20:27:39,938 : INFO : EventManager : Event: ======'s_bumper_right_active'====== Args={}
2026-04-15 20:27:39,938 : INFO : EventManager : Event: ======'machine_var_audits_switches_s_bumper_right'====== Args={'value': 110, 'prev_value': 109, 'change': 1}
2026-04-15 20:27:39,938 : INFO : EventManager : Event: ======'machine_var_audits_shots_bumper_right'====== Args={'value': 110, 'prev_value': 109, 'change': 1}
2026-04-15 20:27:39,939 : INFO : EventManager : Event: ======'bumper_right_hit'====== Args={'profile': 'default', 'state': 'lit', 'advancing': False}
2026-04-15 20:27:39,939 : INFO : EventManager : Event: ======'bumper_right_default_hit'====== Args={'profile': 'default', 'state': 'lit', 'advancing': False}
2026-04-15 20:27:39,939 : INFO : EventManager : Event: ======'bumper_right_default_lit_hit'====== Args={'profile': 'default', 'state': 'lit', 'advancing': False}
2026-04-15 20:27:39,939 : INFO : EventManager : Event: ======'bumper_right_lit_hit'====== Args={'profile': 'default', 'state': 'lit', 'advancing': False}
2026-04-15 20:27:39,939 : INFO : EventManager : Event: ======'bumpers_hit'====== Args={'shot': 'bumper_right'}
2026-04-15 20:27:39,939 : INFO : EventManager : Event: ======'bumpers_lit_hit'====== Args={'shot': 'bumper_right'}
2026-04-15 20:27:39,939 : INFO : EventManager : Event: ======'player_score'====== Args={'value': 6000, 'prev_value': 5000, 'change': 1000, 'player_num': 1, 'source': 'bumpers'}
2026-04-15 20:27:39,955 : INFO : SwitchController : <<<<<<< 's_bumper_left' inactive >>>>>>>
2026-04-15 20:27:40,055 : INFO : SwitchController : <<<<<<< 's_bumper_right' inactive >>>>>>>
2026-04-15 20:27:40,072 : INFO : SwitchController : <<<<<<< 's_bumper_left' active >>>>>>>
2026-04-15 20:27:40,072 : INFO : EventManager : Event: ======'playfield_active'====== Args={'source': 'bumper_left'}
2026-04-15 20:27:40,072 : INFO : EventManager : Event: ======'unexpected_ball_on_playfield'====== Args={}
2026-04-15 20:27:40,072 : INFO : EventManager : Event: ======'s_bumper_left_active'====== Args={}
2026-04-15 20:27:40,072 : INFO : EventManager : Event: ======'machine_var_audits_switches_s_bumper_left'====== Args={'value': 96, 'prev_value': 95, 'change': 1}
2026-04-15 20:27:40,072 : INFO : EventManager : Event: ======'machine_var_audits_shots_bumper_left'====== Args={'value': 96, 'prev_value': 95, 'change': 1}
2026-04-15 20:27:40,072 : INFO : EventManager : Event: ======'bumper_left_hit'====== Args={'profile': 'default', 'state': 'lit', 'advancing': False}
2026-04-15 20:27:40,072 : INFO : EventManager : Event: ======'bumper_left_default_hit'====== Args={'profile': 'default', 'state': 'lit', 'advancing': False}
2026-04-15 20:27:40,072 : INFO : EventManager : Event: ======'bumper_left_default_lit_hit'====== Args={'profile': 'default', 'state': 'lit', 'advancing': False}
2026-04-15 20:27:40,072 : INFO : EventManager : Event: ======'bumper_left_lit_hit'====== Args={'profile': 'default', 'state': 'lit', 'advancing': False}
2026-04-15 20:27:40,073 : INFO : EventManager : Event: ======'bumpers_hit'====== Args={'shot': 'bumper_left'}
2026-04-15 20:27:40,073 : INFO : EventManager : Event: ======'bumpers_lit_hit'====== Args={'shot': 'bumper_left'}
2026-04-15 20:27:40,073 : INFO : EventManager : Event: ======'player_score'====== Args={'value': 7000, 'prev_value': 6000, 'change': 1000, 'player_num': 1, 'source': 'bumpers'}
2026-04-15 20:27:40,205 : INFO : SwitchController : <<<<<<< 's_bumper_left' inactive >>>>>>>
2026-04-15 20:27:40,205 : INFO : SwitchController : <<<<<<< 's_bumper_right' active >>>>>>>
2026-04-15 20:27:40,205 : INFO : EventManager : Event: ======'playfield_active'====== Args={'source': 'bumper_right'}
2026-04-15 20:27:40,205 : INFO : EventManager : Event: ======'unexpected_ball_on_playfield'====== Args={}
2026-04-15 20:27:40,205 : INFO : EventManager : Event: ======'s_bumper_right_active'====== Args={}
2026-04-15 20:27:40,206 : INFO : EventManager : Event: ======'machine_var_audits_switches_s_bumper_right'====== Args={'value': 111, 'prev_value': 110, 'change': 1}
2026-04-15 20:27:40,206 : INFO : EventManager : Event: ======'machine_var_audits_shots_bumper_right'====== Args={'value': 111, 'prev_value': 110, 'change': 1}
2026-04-15 20:27:40,206 : INFO : EventManager : Event: ======'bumper_right_hit'====== Args={'profile': 'default', 'state': 'lit', 'advancing': False}
2026-04-15 20:27:40,206 : INFO : EventManager : Event: ======'bumper_right_default_hit'====== Args={'profile': 'default', 'state': 'lit', 'advancing': False}
2026-04-15 20:27:40,206 : INFO : EventManager : Event: ======'bumper_right_default_lit_hit'====== Args={'profile': 'default', 'state': 'lit', 'advancing': False}
2026-04-15 20:27:40,206 : INFO : EventManager : Event: ======'bumper_right_lit_hit'====== Args={'profile': 'default', 'state': 'lit', 'advancing': False}
2026-04-15 20:27:40,206 : INFO : EventManager : Event: ======'bumpers_hit'====== Args={'shot': 'bumper_right'}
2026-04-15 20:27:40,206 : INFO : EventManager : Event: ======'bumpers_lit_hit'====== Args={'shot': 'bumper_right'}
2026-04-15 20:27:40,206 : INFO : EventManager : Event: ======'player_score'====== Args={'value': 8000, 'prev_value': 7000, 'change': 1000, 'player_num': 1, 'source': 'bumpers'}
2026-04-15 20:27:40,338 : INFO : SwitchController : <<<<<<< 's_bumper_left' active >>>>>>>
2026-04-15 20:27:40,338 : INFO : EventManager : Event: ======'playfield_active'====== Args={'source': 'bumper_left'}
2026-04-15 20:27:40,338 : INFO : EventManager : Event: ======'unexpected_ball_on_playfield'====== Args={}
2026-04-15 20:27:40,338 : INFO : EventManager : Event: ======'s_bumper_left_active'====== Args={}
2026-04-15 20:27:40,338 : INFO : EventManager : Event: ======'machine_var_audits_switches_s_bumper_left'====== Args={'value': 97, 'prev_value': 96, 'change': 1}
2026-04-15 20:27:40,339 : INFO : EventManager : Event: ======'machine_var_audits_shots_bumper_left'====== Args={'value': 97, 'prev_value': 96, 'change': 1}
2026-04-15 20:27:40,339 : INFO : EventManager : Event: ======'bumper_left_hit'====== Args={'profile': 'default', 'state': 'lit', 'advancing': False}
2026-04-15 20:27:40,339 : INFO : EventManager : Event: ======'bumper_left_default_hit'====== Args={'profile': 'default', 'state': 'lit', 'advancing': False}
2026-04-15 20:27:40,339 : INFO : EventManager : Event: ======'bumper_left_default_lit_hit'====== Args={'profile': 'default', 'state': 'lit', 'advancing': False}
2026-04-15 20:27:40,339 : INFO : EventManager : Event: ======'bumper_left_lit_hit'====== Args={'profile': 'default', 'state': 'lit', 'advancing': False}
2026-04-15 20:27:40,339 : INFO : EventManager : Event: ======'bumpers_hit'====== Args={'shot': 'bumper_left'}
2026-04-15 20:27:40,339 : INFO : EventManager : Event: ======'bumpers_lit_hit'====== Args={'shot': 'bumper_left'}
2026-04-15 20:27:40,339 : INFO : EventManager : Event: ======'player_score'====== Args={'value': 9000, 'prev_value': 8000, 'change': 1000, 'player_num': 1, 'source': 'bumpers'}
2026-04-15 20:27:40,355 : INFO : SwitchController : <<<<<<< 's_bumper_right' inactive >>>>>>>
2026-04-15 20:27:40,455 : INFO : SwitchController : <<<<<<< 's_bumper_left' inactive >>>>>>>
2026-04-15 20:27:40,522 : INFO : SwitchController : <<<<<<< 's_bumper_left' active >>>>>>>
2026-04-15 20:27:40,522 : INFO : EventManager : Event: ======'playfield_active'====== Args={'source': 'bumper_left'}
2026-04-15 20:27:40,522 : INFO : EventManager : Event: ======'unexpected_ball_on_playfield'====== Args={}
2026-04-15 20:27:40,522 : INFO : EventManager : Event: ======'s_bumper_left_active'====== Args={}
2026-04-15 20:27:40,522 : INFO : EventManager : Event: ======'machine_var_audits_switches_s_bumper_left'====== Args={'value': 98, 'prev_value': 97, 'change': 1}
2026-04-15 20:27:40,522 : INFO : EventManager : Event: ======'machine_var_audits_shots_bumper_left'====== Args={'value': 98, 'prev_value': 97, 'change': 1}
2026-04-15 20:27:40,523 : INFO : EventManager : Event: ======'bumper_left_hit'====== Args={'profile': 'default', 'state': 'lit', 'advancing': False}
2026-04-15 20:27:40,523 : INFO : EventManager : Event: ======'bumper_left_default_hit'====== Args={'profile': 'default', 'state': 'lit', 'advancing': False}
2026-04-15 20:27:40,523 : INFO : EventManager : Event: ======'bumper_left_default_lit_hit'====== Args={'profile': 'default', 'state': 'lit', 'advancing': False}
2026-04-15 20:27:40,523 : INFO : EventManager : Event: ======'bumper_left_lit_hit'====== Args={'profile': 'default', 'state': 'lit', 'advancing': False}
2026-04-15 20:27:40,523 : INFO : EventManager : Event: ======'bumpers_hit'====== Args={'shot': 'bumper_left'}
2026-04-15 20:27:40,523 : INFO : EventManager : Event: ======'bumpers_lit_hit'====== Args={'shot': 'bumper_left'}
2026-04-15 20:27:40,523 : INFO : EventManager : Event: ======'player_score'====== Args={'value': 10000, 'prev_value': 9000, 'change': 1000, 'player_num': 1, 'source': 'bumpers'}
2026-04-15 20:27:40,605 : INFO : SwitchController : <<<<<<< 's_bumper_left' inactive >>>>>>>
2026-04-15 20:27:40,688 : INFO : SwitchController : <<<<<<< 's_bumper_left' active >>>>>>>
2026-04-15 20:27:40,688 : INFO : EventManager : Event: ======'playfield_active'====== Args={'source': 'bumper_left'}
2026-04-15 20:27:40,688 : INFO : EventManager : Event: ======'unexpected_ball_on_playfield'====== Args={}
2026-04-15 20:27:40,688 : INFO : EventManager : Event: ======'s_bumper_left_active'====== Args={}
2026-04-15 20:27:40,688 : INFO : EventManager : Event: ======'machine_var_audits_switches_s_bumper_left'====== Args={'value': 99, 'prev_value': 98, 'change': 1}
2026-04-15 20:27:40,689 : INFO : EventManager : Event: ======'machine_var_audits_shots_bumper_left'====== Args={'value': 99, 'prev_value': 98, 'change': 1}
2026-04-15 20:27:40,689 : INFO : EventManager : Event: ======'bumper_left_hit'====== Args={'profile': 'default', 'state': 'lit', 'advancing': False}
2026-04-15 20:27:40,689 : INFO : EventManager : Event: ======'bumper_left_default_hit'====== Args={'profile': 'default', 'state': 'lit', 'advancing': False}
2026-04-15 20:27:40,689 : INFO : EventManager : Event: ======'bumper_left_default_lit_hit'====== Args={'profile': 'default', 'state': 'lit', 'advancing': False}
2026-04-15 20:27:40,689 : INFO : EventManager : Event: ======'bumper_left_lit_hit'====== Args={'profile': 'default', 'state': 'lit', 'advancing': False}
2026-04-15 20:27:40,689 : INFO : EventManager : Event: ======'bumpers_hit'====== Args={'shot': 'bumper_left'}
2026-04-15 20:27:40,689 : INFO : EventManager : Event: ======'bumpers_lit_hit'====== Args={'shot': 'bumper_left'}
2026-04-15 20:27:40,689 : INFO : EventManager : Event: ======'player_score'====== Args={'value': 11000, 'prev_value': 10000, 'change': 1000, 'player_num': 1, 'source': 'bumpers'}
2026-04-15 20:27:40,772 : INFO : SwitchController : <<<<<<< 's_bumper_left' inactive >>>>>>>
2026-04-15 20:27:40,855 : INFO : SwitchController : <<<<<<< 's_bumper_left' active >>>>>>>
2026-04-15 20:27:40,856 : INFO : EventManager : Event: ======'playfield_active'====== Args={'source': 'bumper_left'}
2026-04-15 20:27:40,856 : INFO : EventManager : Event: ======'unexpected_ball_on_playfield'====== Args={}
2026-04-15 20:27:40,856 : INFO : EventManager : Event: ======'s_bumper_left_active'====== Args={}
2026-04-15 20:27:40,856 : INFO : EventManager : Event: ======'machine_var_audits_switches_s_bumper_left'====== Args={'value': 100, 'prev_value': 99, 'change': 1}
2026-04-15 20:27:40,856 : INFO : EventManager : Event: ======'machine_var_audits_shots_bumper_left'====== Args={'value': 100, 'prev_value': 99, 'change': 1}
2026-04-15 20:27:40,857 : INFO : EventManager : Event: ======'bumper_left_hit'====== Args={'profile': 'default', 'state': 'lit', 'advancing': False}
2026-04-15 20:27:40,857 : INFO : EventManager : Event: ======'bumper_left_default_hit'====== Args={'profile': 'default', 'state': 'lit', 'advancing': False}
2026-04-15 20:27:40,857 : INFO : EventManager : Event: ======'bumper_left_default_lit_hit'====== Args={'profile': 'default', 'state': 'lit', 'advancing': False}
2026-04-15 20:27:40,857 : INFO : EventManager : Event: ======'bumper_left_lit_hit'====== Args={'profile': 'default', 'state': 'lit', 'advancing': False}
2026-04-15 20:27:40,857 : INFO : EventManager : Event: ======'bumpers_hit'====== Args={'shot': 'bumper_left'}
2026-04-15 20:27:40,857 : INFO : EventManager : Event: ======'bumpers_lit_hit'====== Args={'shot': 'bumper_left'}
2026-04-15 20:27:40,857 : INFO : EventManager : Event: ======'player_score'====== Args={'value': 12000, 'prev_value': 11000, 'change': 1000, 'player_num': 1, 'source': 'bumpers'}
2026-04-15 20:27:40,905 : INFO : SwitchController : <<<<<<< 's_bumper_left' inactive >>>>>>>
2026-04-15 20:27:40,989 : INFO : SwitchController : <<<<<<< 's_bumper_left' active >>>>>>>
2026-04-15 20:27:40,989 : INFO : EventManager : Event: ======'playfield_active'====== Args={'source': 'bumper_left'}
2026-04-15 20:27:40,989 : INFO : EventManager : Event: ======'unexpected_ball_on_playfield'====== Args={}
2026-04-15 20:27:40,989 : INFO : EventManager : Event: ======'s_bumper_left_active'====== Args={}
2026-04-15 20:27:40,989 : INFO : EventManager : Event: ======'machine_var_audits_switches_s_bumper_left'====== Args={'value': 101, 'prev_value': 100, 'change': 1}
2026-04-15 20:27:40,990 : INFO : EventManager : Event: ======'machine_var_audits_shots_bumper_left'====== Args={'value': 101, 'prev_value': 100, 'change': 1}
2026-04-15 20:27:40,990 : INFO : EventManager : Event: ======'bumper_left_hit'====== Args={'profile': 'default', 'state': 'lit', 'advancing': False}
2026-04-15 20:27:40,990 : INFO : EventManager : Event: ======'bumper_left_default_hit'====== Args={'profile': 'default', 'state': 'lit', 'advancing': False}
2026-04-15 20:27:40,990 : INFO : EventManager : Event: ======'bumper_left_default_lit_hit'====== Args={'profile': 'default', 'state': 'lit', 'advancing': False}
2026-04-15 20:27:40,990 : INFO : EventManager : Event: ======'bumper_left_lit_hit'====== Args={'profile': 'default', 'state': 'lit', 'advancing': False}
2026-04-15 20:27:40,990 : INFO : EventManager : Event: ======'bumpers_hit'====== Args={'shot': 'bumper_left'}
2026-04-15 20:27:40,990 : INFO : EventManager : Event: ======'bumpers_lit_hit'====== Args={'shot': 'bumper_left'}
2026-04-15 20:27:40,991 : INFO : EventManager : Event: ======'player_score'====== Args={'value': 13000, 'prev_value': 12000, 'change': 1000, 'player_num': 1, 'source': 'bumpers'}
2026-04-15 20:27:41,055 : INFO : SwitchController : <<<<<<< 's_bumper_left' inactive >>>>>>>
2026-04-15 20:27:41,222 : INFO : SwitchController : <<<<<<< 's_bumper_left' active >>>>>>>
2026-04-15 20:27:41,222 : INFO : EventManager : Event: ======'playfield_active'====== Args={'source': 'bumper_left'}
2026-04-15 20:27:41,222 : INFO : EventManager : Event: ======'unexpected_ball_on_playfield'====== Args={}
2026-04-15 20:27:41,222 : INFO : EventManager : Event: ======'s_bumper_left_active'====== Args={}
2026-04-15 20:27:41,223 : INFO : EventManager : Event: ======'machine_var_audits_switches_s_bumper_left'====== Args={'value': 102, 'prev_value': 101, 'change': 1}
2026-04-15 20:27:41,223 : INFO : EventManager : Event: ======'machine_var_audits_shots_bumper_left'====== Args={'value': 102, 'prev_value': 101, 'change': 1}
2026-04-15 20:27:41,223 : INFO : EventManager : Event: ======'bumper_left_hit'====== Args={'profile': 'default', 'state': 'lit', 'advancing': False}
2026-04-15 20:27:41,224 : INFO : EventManager : Event: ======'bumper_left_default_hit'====== Args={'profile': 'default', 'state': 'lit', 'advancing': False}
2026-04-15 20:27:41,224 : INFO : EventManager : Event: ======'bumper_left_default_lit_hit'====== Args={'profile': 'default', 'state': 'lit', 'advancing': False}
2026-04-15 20:27:41,224 : INFO : EventManager : Event: ======'bumper_left_lit_hit'====== Args={'profile': 'default', 'state': 'lit', 'advancing': False}
2026-04-15 20:27:41,224 : INFO : EventManager : Event: ======'bumpers_hit'====== Args={'shot': 'bumper_left'}
2026-04-15 20:27:41,224 : INFO : EventManager : Event: ======'bumpers_lit_hit'====== Args={'shot': 'bumper_left'}
2026-04-15 20:27:41,224 : INFO : EventManager : Event: ======'player_score'====== Args={'value': 14000, 'prev_value': 13000, 'change': 1000, 'player_num': 1, 'source': 'bumpers'}
2026-04-15 20:27:41,224 : INFO : SwitchController : <<<<<<< 's_bumper_left' inactive >>>>>>>
2026-04-15 20:27:41,305 : INFO : SwitchController : <<<<<<< 's_bumper_left' active >>>>>>>
2026-04-15 20:27:41,305 : INFO : EventManager : Event: ======'playfield_active'====== Args={'source': 'bumper_left'}
2026-04-15 20:27:41,305 : INFO : EventManager : Event: ======'unexpected_ball_on_playfield'====== Args={}
2026-04-15 20:27:41,305 : INFO : EventManager : Event: ======'s_bumper_left_active'====== Args={}
2026-04-15 20:27:41,305 : INFO : EventManager : Event: ======'machine_var_audits_switches_s_bumper_left'====== Args={'value': 103, 'prev_value': 102, 'change': 1}
2026-04-15 20:27:41,306 : INFO : EventManager : Event: ======'machine_var_audits_shots_bumper_left'====== Args={'value': 103, 'prev_value': 102, 'change': 1}
2026-04-15 20:27:41,306 : INFO : EventManager : Event: ======'bumper_left_hit'====== Args={'profile': 'default', 'state': 'lit', 'advancing': False}
2026-04-15 20:27:41,306 : INFO : EventManager : Event: ======'bumper_left_default_hit'====== Args={'profile': 'default', 'state': 'lit', 'advancing': False}
2026-04-15 20:27:41,306 : INFO : EventManager : Event: ======'bumper_left_default_lit_hit'====== Args={'profile': 'default', 'state': 'lit', 'advancing': False}
2026-04-15 20:27:41,306 : INFO : EventManager : Event: ======'bumper_left_lit_hit'====== Args={'profile': 'default', 'state': 'lit', 'advancing': False}
2026-04-15 20:27:41,306 : INFO : EventManager : Event: ======'bumpers_hit'====== Args={'shot': 'bumper_left'}
2026-04-15 20:27:41,306 : INFO : EventManager : Event: ======'bumpers_lit_hit'====== Args={'shot': 'bumper_left'}
2026-04-15 20:27:41,306 : INFO : EventManager : Event: ======'player_score'====== Args={'value': 15000, 'prev_value': 14000, 'change': 1000, 'player_num': 1, 'source': 'bumpers'}
2026-04-15 20:27:41,372 : INFO : SwitchController : <<<<<<< 's_bumper_left' inactive >>>>>>>
2026-04-15 20:27:41,455 : INFO : SwitchController : <<<<<<< 's_bumper_left' active >>>>>>>
2026-04-15 20:27:41,455 : INFO : EventManager : Event: ======'playfield_active'====== Args={'source': 'bumper_left'}
2026-04-15 20:27:41,455 : INFO : EventManager : Event: ======'unexpected_ball_on_playfield'====== Args={}
2026-04-15 20:27:41,455 : INFO : EventManager : Event: ======'s_bumper_left_active'====== Args={}
2026-04-15 20:27:41,455 : INFO : EventManager : Event: ======'machine_var_audits_switches_s_bumper_left'====== Args={'value': 104, 'prev_value': 103, 'change': 1}
2026-04-15 20:27:41,456 : INFO : EventManager : Event: ======'machine_var_audits_shots_bumper_left'====== Args={'value': 104, 'prev_value': 103, 'change': 1}
2026-04-15 20:27:41,456 : INFO : EventManager : Event: ======'bumper_left_hit'====== Args={'profile': 'default', 'state': 'lit', 'advancing': False}
2026-04-15 20:27:41,456 : INFO : EventManager : Event: ======'bumper_left_default_hit'====== Args={'profile': 'default', 'state': 'lit', 'advancing': False}
2026-04-15 20:27:41,457 : INFO : EventManager : Event: ======'bumper_left_default_lit_hit'====== Args={'profile': 'default', 'state': 'lit', 'advancing': False}
2026-04-15 20:27:41,457 : INFO : EventManager : Event: ======'bumper_left_lit_hit'====== Args={'profile': 'default', 'state': 'lit', 'advancing': False}
2026-04-15 20:27:41,457 : INFO : EventManager : Event: ======'bumpers_hit'====== Args={'shot': 'bumper_left'}
2026-04-15 20:27:41,457 : INFO : EventManager : Event: ======'bumpers_lit_hit'====== Args={'shot': 'bumper_left'}
2026-04-15 20:27:41,457 : INFO : EventManager : Event: ======'player_score'====== Args={'value': 16000, 'prev_value': 15000, 'change': 1000, 'player_num': 1, 'source': 'bumpers'}
2026-04-15 20:27:41,522 : INFO : SwitchController : <<<<<<< 's_bumper_left' inactive >>>>>>>
2026-04-15 20:27:41,805 : INFO : SwitchController : <<<<<<< 's_bumper_left' active >>>>>>>
2026-04-15 20:27:41,805 : INFO : EventManager : Event: ======'playfield_active'====== Args={'source': 'bumper_left'}
2026-04-15 20:27:41,805 : INFO : EventManager : Event: ======'unexpected_ball_on_playfield'====== Args={}
2026-04-15 20:27:41,805 : INFO : EventManager : Event: ======'s_bumper_left_active'====== Args={}
2026-04-15 20:27:41,805 : INFO : EventManager : Event: ======'machine_var_audits_switches_s_bumper_left'====== Args={'value': 105, 'prev_value': 104, 'change': 1}
2026-04-15 20:27:41,806 : INFO : EventManager : Event: ======'machine_var_audits_shots_bumper_left'====== Args={'value': 105, 'prev_value': 104, 'change': 1}
2026-04-15 20:27:41,806 : INFO : EventManager : Event: ======'bumper_left_hit'====== Args={'profile': 'default', 'state': 'lit', 'advancing': False}
2026-04-15 20:27:41,806 : INFO : EventManager : Event: ======'bumper_left_default_hit'====== Args={'profile': 'default', 'state': 'lit', 'advancing': False}
2026-04-15 20:27:41,806 : INFO : EventManager : Event: ======'bumper_left_default_lit_hit'====== Args={'profile': 'default', 'state': 'lit', 'advancing': False}
2026-04-15 20:27:41,806 : INFO : EventManager : Event: ======'bumper_left_lit_hit'====== Args={'profile': 'default', 'state': 'lit', 'advancing': False}
2026-04-15 20:27:41,806 : INFO : EventManager : Event: ======'bumpers_hit'====== Args={'shot': 'bumper_left'}
2026-04-15 20:27:41,806 : INFO : EventManager : Event: ======'bumpers_lit_hit'====== Args={'shot': 'bumper_left'}
2026-04-15 20:27:41,806 : INFO : EventManager : Event: ======'player_score'====== Args={'value': 17000, 'prev_value': 16000, 'change': 1000, 'player_num': 1, 'source': 'bumpers'}
2026-04-15 20:27:41,922 : INFO : SwitchController : <<<<<<< 's_bumper_left' inactive >>>>>>>
2026-04-15 20:27:44,255 : INFO : SwitchController : <<<<<<< 's_flipper_left' active >>>>>>>
2026-04-15 20:27:44,256 : INFO : EventManager : Event: ======'machine_var_audits_switches_s_flipper_left'====== Args={'value': 6, 'prev_value': 5, 'change': 1}
2026-04-15 20:27:44,372 : INFO : SwitchController : <<<<<<< 's_flipper_left' inactive >>>>>>>
2026-04-15 20:27:44,539 : INFO : SwitchController : <<<<<<< 's_flipper_right' active >>>>>>>
2026-04-15 20:27:44,539 : INFO : EventManager : Event: ======'machine_var_audits_switches_s_flipper_right'====== Args={'value': 6, 'prev_value': 5, 'change': 1}
2026-04-15 20:27:44,672 : INFO : SwitchController : <<<<<<< 's_flipper_right' inactive >>>>>>>
2026-04-15 20:27:44,788 : INFO : SwitchController : <<<<<<< 's_flipper_left' active >>>>>>>
2026-04-15 20:27:44,789 : INFO : EventManager : Event: ======'machine_var_audits_switches_s_flipper_left'====== Args={'value': 7, 'prev_value': 6, 'change': 1}
2026-04-15 20:27:45,005 : INFO : SwitchController : <<<<<<< 's_flipper_left' inactive >>>>>>>
2026-04-15 20:27:45,022 : INFO : SwitchController : <<<<<<< 's_flipper_right' active >>>>>>>
2026-04-15 20:27:45,022 : INFO : EventManager : Event: ======'machine_var_audits_switches_s_flipper_right'====== Args={'value': 7, 'prev_value': 6, 'change': 1}
2026-04-15 20:27:45,084 : INFO : EventManager : Event: ======'balldevice_bd_trough_ball_eject_failed'====== Args={'target': <ball_device.bd_plunger>, 'balls': 1, 'retry': True, 'num_attempts': 1}
2026-04-15 20:27:45,085 : INFO : ball_device.bd_trough : State: waiting_for_target_ready
2026-04-15 20:27:45,085 : INFO : EventManager : Event: ======'balldevice_bd_trough_ball_eject_attempt'====== Args={'balls': 1, 'target': <ball_device.bd_plunger>, 'source': <ball_device.bd_trough>, 'mechanical_eject': False, 'num_attempts': 1}
2026-04-15 20:27:45,085 : INFO : ball_device.bd_trough : State: ejecting
2026-04-15 20:27:45,085 : INFO : ball_device.bd_trough : Ejecting ball to <ball_device.bd_plunger>
2026-04-15 20:27:45,085 : INFO : EventManager : Event: ======'balldevice_bd_trough_ejecting_ball'====== Args={'balls': 1, 'target': <ball_device.bd_plunger>, 'source': <ball_device.bd_trough>, 'mechanical_eject': False, 'num_attempts': 1}
2026-04-15 20:27:45,086 : INFO : ball_device.bd_trough : Wait for ball to leave device
2026-04-15 20:27:45,086 : INFO : coil.c_trough_eject : Pulsing Driver for 10ms (1.0 pulse_power)
2026-04-15 20:27:45,155 : INFO : SwitchController : <<<<<<< 's_flipper_right' inactive >>>>>>>
2026-04-15 20:27:45,823 : INFO : SwitchController : <<<<<<< 's_flipper_left' active >>>>>>>
2026-04-15 20:27:45,823 : INFO : EventManager : Event: ======'machine_var_audits_switches_s_flipper_left'====== Args={'value': 8, 'prev_value': 7, 'change': 1}
2026-04-15 20:27:45,889 : INFO : SwitchController : <<<<<<< 's_flipper_left' inactive >>>>>>>
2026-04-15 20:27:45,972 : INFO : SwitchController : <<<<<<< 's_flipper_left' active >>>>>>>
2026-04-15 20:27:45,972 : INFO : EventManager : Event: ======'machine_var_audits_switches_s_flipper_left'====== Args={'value': 9, 'prev_value': 8, 'change': 1}
2026-04-15 20:27:46,072 : INFO : SwitchController : <<<<<<< 's_flipper_left' inactive >>>>>>>
2026-04-15 20:27:49,156 : INFO : SwitchController : <<<<<<< 's_flipper_left' active >>>>>>>
2026-04-15 20:27:49,156 : INFO : EventManager : Event: ======'machine_var_audits_switches_s_flipper_left'====== Args={'value': 10, 'prev_value': 9, 'change': 1}
2026-04-15 20:27:49,223 : INFO : SwitchController : <<<<<<< 's_flipper_left' inactive >>>>>>>
2026-04-15 20:27:49,539 : INFO : SwitchController : <<<<<<< 's_flipper_right' active >>>>>>>
2026-04-15 20:27:49,539 : INFO : EventManager : Event: ======'machine_var_audits_switches_s_flipper_right'====== Args={'value': 8, 'prev_value': 7, 'change': 1}
2026-04-15 20:27:49,639 : INFO : SwitchController : <<<<<<< 's_flipper_right' inactive >>>>>>>
2026-04-15 20:27:49,789 : INFO : SwitchController : <<<<<<< 's_flipper_right' active >>>>>>>
2026-04-15 20:27:49,789 : INFO : EventManager : Event: ======'machine_var_audits_switches_s_flipper_right'====== Args={'value': 9, 'prev_value': 8, 'change': 1}
2026-04-15 20:27:49,872 : INFO : SwitchController : <<<<<<< 's_flipper_right' inactive >>>>>>>
2026-04-15 20:27:50,072 : INFO : SwitchController : <<<<<<< 's_flipper_left' active >>>>>>>
2026-04-15 20:27:50,073 : INFO : EventManager : Event: ======'machine_var_audits_switches_s_flipper_left'====== Args={'value': 11, 'prev_value': 10, 'change': 1}
2026-04-15 20:27:50,189 : INFO : SwitchController : <<<<<<< 's_flipper_left' inactive >>>>>>>
2026-04-15 20:27:51,922 : INFO : SwitchController : <<<<<<< 's_left_lane' active >>>>>>>
2026-04-15 20:27:51,923 : INFO : EventManager : Event: ======'playfield_active'====== Args={'source': 'left_lane'}
2026-04-15 20:27:51,923 : INFO : EventManager : Event: ======'unexpected_ball_on_playfield'====== Args={}
2026-04-15 20:27:51,923 : INFO : EventManager : Event: ======'playfield_active'====== Args={'source': 'hurryup'}
2026-04-15 20:27:51,923 : INFO : EventManager : Event: ======'unexpected_ball_on_playfield'====== Args={}
2026-04-15 20:27:51,923 : INFO : EventManager : Event: ======'s_left_lane_active'====== Args={}
2026-04-15 20:27:51,923 : INFO : EventManager : Event: ======'machine_var_audits_switches_s_left_lane'====== Args={'value': 12, 'prev_value': 11, 'change': 1}
2026-04-15 20:27:51,923 : INFO : EventManager : Event: ======'player_shot_left_lane'====== Args={'value': 1, 'prev_value': 0, 'change': 1, 'player_num': 1}
2026-04-15 20:27:51,923 : INFO : EventManager : Event: ======'machine_var_audits_shots_left_lane'====== Args={'value': 12, 'prev_value': 11, 'change': 1}
2026-04-15 20:27:51,923 : INFO : EventManager : Event: ======'left_lane_hit'====== Args={'profile': 'default', 'state': 'unlit', 'advancing': True}
2026-04-15 20:27:51,923 : INFO : EventManager : Event: ======'left_lane_default_hit'====== Args={'profile': 'default', 'state': 'unlit', 'advancing': True}
2026-04-15 20:27:51,924 : INFO : EventManager : Event: ======'left_lane_default_unlit_hit'====== Args={'profile': 'default', 'state': 'unlit', 'advancing': True}
2026-04-15 20:27:51,924 : INFO : EventManager : Event: ======'left_lane_unlit_hit'====== Args={'profile': 'default', 'state': 'unlit', 'advancing': True}
2026-04-15 20:27:51,924 : INFO : EventManager : Event: ======'start_mode_rhythm'====== Args={'priority': 0}
2026-04-15 20:27:51,924 : INFO : EventManager : Event: ======'mode_rhythm_will_start'====== Args={'priority': 0}
2026-04-15 20:27:51,926 : INFO : EventManager : Event: ======'mode_rhythm_starting'====== Args={'priority': 0}
2026-04-15 20:27:51,926 : INFO : Mode.rhythm : Started. Priority: 1200
2026-04-15 20:27:51,926 : INFO : EventManager : Event: ======'modes_active_modes_changed'====== Args={}
2026-04-15 20:27:51,926 : INFO : EventManager : Event: ======'mode_rhythm_started'====== Args={'priority': 0}
2026-04-15 20:27:51,926 : INFO : EventManager : Event: ======'player_rhythm_mode_score'====== Args={'value': 0, 'prev_value': 0, 'change': 0, 'player_num': 1}
2026-04-15 20:27:51,927 : INFO : EventManager : Event: ======'player_rhythm_combo'====== Args={'value': 0, 'prev_value': 0, 'change': 0, 'player_num': 1}
2026-04-15 20:27:51,927 : INFO : EventManager : Event: ======'player_rhythm_best_combo'====== Args={'value': 0, 'prev_value': 0, 'change': 0, 'player_num': 1}
2026-04-15 20:27:51,927 : INFO : EventManager : Event: ======'player_rhythm_hits'====== Args={'value': 0, 'prev_value': 0, 'change': 0, 'player_num': 1}
2026-04-15 20:27:51,927 : INFO : EventManager : Event: ======'player_rhythm_misses'====== Args={'value': 0, 'prev_value': 0, 'change': 0, 'player_num': 1}
2026-04-15 20:27:51,927 : INFO : EventManager : Event: ======'player_rhythm_notes_total'====== Args={'value': 38, 'prev_value': 0, 'change': 38, 'player_num': 1}
2026-04-15 20:27:51,927 : INFO : EventManager : Event: ======'player_rhythm_accuracy'====== Args={'value': 0, 'prev_value': 0, 'change': 0, 'player_num': 1}
2026-04-15 20:27:51,927 : INFO : EventManager : Event: ======'player_rhythm_multiplier'====== Args={'value': 1, 'prev_value': 0, 'change': 1, 'player_num': 1}
2026-04-15 20:27:51,978 : INFO : EventManager : Event: ======'rhythm_chart_started'====== Args={'total_notes': 38, 'travel_ms': 1600, 'perfect_window_ms': 90, 'good_window_ms': 170, 'lead_in_ms': 1800}
2026-04-15 20:27:52,729 : INFO : EventManager : Event: ======'rhythm_note_spawned'====== Args={'note_id': 0, 'lane': 'left', 'travel_ms': 1600, 'hit_time_ms': 2400}
2026-04-15 20:27:53,129 : INFO : EventManager : Event: ======'rhythm_note_spawned'====== Args={'note_id': 1, 'lane': 'right', 'travel_ms': 1600, 'hit_time_ms': 2800}
2026-04-15 20:27:53,528 : INFO : EventManager : Event: ======'rhythm_note_spawned'====== Args={'note_id': 2, 'lane': 'left', 'travel_ms': 1600, 'hit_time_ms': 3200}
2026-04-15 20:27:53,929 : INFO : EventManager : Event: ======'rhythm_note_spawned'====== Args={'note_id': 3, 'lane': 'right', 'travel_ms': 1600, 'hit_time_ms': 3600}
2026-04-15 20:27:54,329 : INFO : EventManager : Event: ======'rhythm_note_spawned'====== Args={'note_id': 4, 'lane': 'left', 'travel_ms': 1600, 'hit_time_ms': 4000}
2026-04-15 20:27:54,329 : INFO : EventManager : Event: ======'rhythm_note_spawned'====== Args={'note_id': 5, 'lane': 'right', 'travel_ms': 1600, 'hit_time_ms': 4000}
2026-04-15 20:27:54,500 : INFO : EventManager : Event: ======'player_rhythm_misses'====== Args={'value': 1, 'prev_value': 0, 'change': 1, 'player_num': 1}
2026-04-15 20:27:54,500 : INFO : EventManager : Event: ======'rhythm_note_missed'====== Args={'note_id': 0, 'lane': 'left', 'total_misses': 1}
2026-04-15 20:27:54,829 : INFO : EventManager : Event: ======'rhythm_note_spawned'====== Args={'note_id': 6, 'lane': 'left', 'travel_ms': 1600, 'hit_time_ms': 4500}
2026-04-15 20:27:54,900 : INFO : EventManager : Event: ======'player_rhythm_misses'====== Args={'value': 2, 'prev_value': 1, 'change': 1, 'player_num': 1}
2026-04-15 20:27:54,900 : INFO : EventManager : Event: ======'rhythm_note_missed'====== Args={'note_id': 1, 'lane': 'right', 'total_misses': 2}
2026-04-15 20:27:55,087 : INFO : EventManager : Event: ======'balldevice_bd_trough_ball_eject_failed'====== Args={'target': <ball_device.bd_plunger>, 'balls': 1, 'retry': True, 'num_attempts': 2}
2026-04-15 20:27:55,087 : INFO : ball_device.bd_trough : State: waiting_for_target_ready
2026-04-15 20:27:55,088 : INFO : EventManager : Event: ======'balldevice_bd_trough_ball_eject_attempt'====== Args={'balls': 1, 'target': <ball_device.bd_plunger>, 'source': <ball_device.bd_trough>, 'mechanical_eject': False, 'num_attempts': 2}
2026-04-15 20:27:55,088 : INFO : ball_device.bd_trough : State: ejecting
2026-04-15 20:27:55,088 : INFO : ball_device.bd_trough : Ejecting ball to <ball_device.bd_plunger>
2026-04-15 20:27:55,088 : INFO : EventManager : Event: ======'balldevice_bd_trough_ejecting_ball'====== Args={'balls': 1, 'target': <ball_device.bd_plunger>, 'source': <ball_device.bd_trough>, 'mechanical_eject': False, 'num_attempts': 2}
2026-04-15 20:27:55,088 : INFO : ball_device.bd_trough : Wait for ball to leave device
2026-04-15 20:27:55,088 : INFO : coil.c_trough_eject : Pulsing Driver for 10ms (1.0 pulse_power)
2026-04-15 20:27:55,229 : INFO : EventManager : Event: ======'rhythm_note_spawned'====== Args={'note_id': 7, 'lane': 'left', 'travel_ms': 1600, 'hit_time_ms': 4900}
2026-04-15 20:27:55,299 : INFO : EventManager : Event: ======'player_rhythm_misses'====== Args={'value': 3, 'prev_value': 2, 'change': 1, 'player_num': 1}
2026-04-15 20:27:55,299 : INFO : EventManager : Event: ======'rhythm_note_missed'====== Args={'note_id': 2, 'lane': 'left', 'total_misses': 3}
2026-04-15 20:27:55,629 : INFO : EventManager : Event: ======'rhythm_note_spawned'====== Args={'note_id': 8, 'lane': 'right', 'travel_ms': 1600, 'hit_time_ms': 5300}
2026-04-15 20:27:55,699 : INFO : EventManager : Event: ======'player_rhythm_misses'====== Args={'value': 4, 'prev_value': 3, 'change': 1, 'player_num': 1}
2026-04-15 20:27:55,699 : INFO : EventManager : Event: ======'rhythm_note_missed'====== Args={'note_id': 3, 'lane': 'right', 'total_misses': 4}
2026-04-15 20:27:56,029 : INFO : EventManager : Event: ======'rhythm_note_spawned'====== Args={'note_id': 9, 'lane': 'left', 'travel_ms': 1600, 'hit_time_ms': 5700}
2026-04-15 20:27:56,100 : INFO : EventManager : Event: ======'player_rhythm_misses'====== Args={'value': 5, 'prev_value': 4, 'change': 1, 'player_num': 1}
2026-04-15 20:27:56,100 : INFO : EventManager : Event: ======'rhythm_note_missed'====== Args={'note_id': 4, 'lane': 'left', 'total_misses': 5}
2026-04-15 20:27:56,100 : INFO : EventManager : Event: ======'player_rhythm_misses'====== Args={'value': 6, 'prev_value': 5, 'change': 1, 'player_num': 1}
2026-04-15 20:27:56,100 : INFO : EventManager : Event: ======'rhythm_note_missed'====== Args={'note_id': 5, 'lane': 'right', 'total_misses': 6}
2026-04-15 20:27:56,429 : INFO : EventManager : Event: ======'rhythm_note_spawned'====== Args={'note_id': 10, 'lane': 'right', 'travel_ms': 1600, 'hit_time_ms': 6100}
2026-04-15 20:27:56,600 : INFO : EventManager : Event: ======'player_rhythm_misses'====== Args={'value': 7, 'prev_value': 6, 'change': 1, 'player_num': 1}
2026-04-15 20:27:56,600 : INFO : EventManager : Event: ======'rhythm_note_missed'====== Args={'note_id': 6, 'lane': 'left', 'total_misses': 7}
2026-04-15 20:27:56,829 : INFO : EventManager : Event: ======'rhythm_note_spawned'====== Args={'note_id': 11, 'lane': 'right', 'travel_ms': 1600, 'hit_time_ms': 6500}
2026-04-15 20:27:56,999 : INFO : EventManager : Event: ======'player_rhythm_misses'====== Args={'value': 8, 'prev_value': 7, 'change': 1, 'player_num': 1}
2026-04-15 20:27:57,000 : INFO : EventManager : Event: ======'rhythm_note_missed'====== Args={'note_id': 7, 'lane': 'left', 'total_misses': 8}
2026-04-15 20:27:57,228 : INFO : EventManager : Event: ======'rhythm_note_spawned'====== Args={'note_id': 12, 'lane': 'left', 'travel_ms': 1600, 'hit_time_ms': 6900}
2026-04-15 20:27:57,400 : INFO : EventManager : Event: ======'player_rhythm_misses'====== Args={'value': 9, 'prev_value': 8, 'change': 1, 'player_num': 1}
2026-04-15 20:27:57,400 : INFO : EventManager : Event: ======'rhythm_note_missed'====== Args={'note_id': 8, 'lane': 'right', 'total_misses': 9}
2026-04-15 20:27:57,629 : INFO : EventManager : Event: ======'rhythm_note_spawned'====== Args={'note_id': 13, 'lane': 'right', 'travel_ms': 1600, 'hit_time_ms': 7300}
2026-04-15 20:27:57,799 : INFO : EventManager : Event: ======'player_rhythm_misses'====== Args={'value': 10, 'prev_value': 9, 'change': 1, 'player_num': 1}
2026-04-15 20:27:57,799 : INFO : EventManager : Event: ======'rhythm_note_missed'====== Args={'note_id': 9, 'lane': 'left', 'total_misses': 10}
2026-04-15 20:27:58,028 : INFO : EventManager : Event: ======'rhythm_note_spawned'====== Args={'note_id': 14, 'lane': 'left', 'travel_ms': 1600, 'hit_time_ms': 7700}
2026-04-15 20:27:58,029 : INFO : EventManager : Event: ======'rhythm_note_spawned'====== Args={'note_id': 15, 'lane': 'right', 'travel_ms': 1600, 'hit_time_ms': 7700}
2026-04-15 20:27:58,200 : INFO : EventManager : Event: ======'player_rhythm_misses'====== Args={'value': 11, 'prev_value': 10, 'change': 1, 'player_num': 1}
2026-04-15 20:27:58,200 : INFO : EventManager : Event: ======'rhythm_note_missed'====== Args={'note_id': 10, 'lane': 'right', 'total_misses': 11}
2026-04-15 20:27:58,600 : INFO : EventManager : Event: ======'player_rhythm_misses'====== Args={'value': 12, 'prev_value': 11, 'change': 1, 'player_num': 1}
2026-04-15 20:27:58,600 : INFO : EventManager : Event: ======'rhythm_note_missed'====== Args={'note_id': 11, 'lane': 'right', 'total_misses': 12}
2026-04-15 20:27:58,628 : INFO : EventManager : Event: ======'rhythm_note_spawned'====== Args={'note_id': 16, 'lane': 'left', 'travel_ms': 1600, 'hit_time_ms': 8300}
2026-04-15 20:27:58,999 : INFO : EventManager : Event: ======'player_rhythm_misses'====== Args={'value': 13, 'prev_value': 12, 'change': 1, 'player_num': 1}
2026-04-15 20:27:58,999 : INFO : EventManager : Event: ======'rhythm_note_missed'====== Args={'note_id': 12, 'lane': 'left', 'total_misses': 13}
2026-04-15 20:27:59,029 : INFO : EventManager : Event: ======'rhythm_note_spawned'====== Args={'note_id': 17, 'lane': 'right', 'travel_ms': 1600, 'hit_time_ms': 8700}
2026-04-15 20:27:59,400 : INFO : EventManager : Event: ======'player_rhythm_misses'====== Args={'value': 14, 'prev_value': 13, 'change': 1, 'player_num': 1}
2026-04-15 20:27:59,400 : INFO : EventManager : Event: ======'rhythm_note_missed'====== Args={'note_id': 13, 'lane': 'right', 'total_misses': 14}
2026-04-15 20:27:59,429 : INFO : EventManager : Event: ======'rhythm_note_spawned'====== Args={'note_id': 18, 'lane': 'right', 'travel_ms': 1600, 'hit_time_ms': 9100}
2026-04-15 20:27:59,799 : INFO : EventManager : Event: ======'player_rhythm_misses'====== Args={'value': 15, 'prev_value': 14, 'change': 1, 'player_num': 1}
2026-04-15 20:27:59,800 : INFO : EventManager : Event: ======'rhythm_note_missed'====== Args={'note_id': 14, 'lane': 'left', 'total_misses': 15}
2026-04-15 20:27:59,800 : INFO : EventManager : Event: ======'player_rhythm_misses'====== Args={'value': 16, 'prev_value': 15, 'change': 1, 'player_num': 1}
2026-04-15 20:27:59,800 : INFO : EventManager : Event: ======'rhythm_note_missed'====== Args={'note_id': 15, 'lane': 'right', 'total_misses': 16}
2026-04-15 20:27:59,829 : INFO : EventManager : Event: ======'rhythm_note_spawned'====== Args={'note_id': 19, 'lane': 'left', 'travel_ms': 1600, 'hit_time_ms': 9500}
2026-04-15 20:28:00,229 : INFO : EventManager : Event: ======'rhythm_note_spawned'====== Args={'note_id': 20, 'lane': 'right', 'travel_ms': 1600, 'hit_time_ms': 9900}
2026-04-15 20:28:00,398 : INFO : EventManager : Event: ======'player_rhythm_misses'====== Args={'value': 17, 'prev_value': 16, 'change': 1, 'player_num': 1}
2026-04-15 20:28:00,399 : INFO : EventManager : Event: ======'rhythm_note_missed'====== Args={'note_id': 16, 'lane': 'left', 'total_misses': 17}
2026-04-15 20:28:00,628 : INFO : EventManager : Event: ======'rhythm_note_spawned'====== Args={'note_id': 21, 'lane': 'left', 'travel_ms': 1600, 'hit_time_ms': 10300}
2026-04-15 20:28:00,800 : INFO : EventManager : Event: ======'player_rhythm_misses'====== Args={'value': 18, 'prev_value': 17, 'change': 1, 'player_num': 1}
2026-04-15 20:28:00,800 : INFO : EventManager : Event: ======'rhythm_note_missed'====== Args={'note_id': 17, 'lane': 'right', 'total_misses': 18}
2026-04-15 20:28:01,029 : INFO : EventManager : Event: ======'rhythm_note_spawned'====== Args={'note_id': 22, 'lane': 'left', 'travel_ms': 1600, 'hit_time_ms': 10700}
2026-04-15 20:28:01,029 : INFO : EventManager : Event: ======'rhythm_note_spawned'====== Args={'note_id': 23, 'lane': 'right', 'travel_ms': 1600, 'hit_time_ms': 10700}
2026-04-15 20:28:01,200 : INFO : EventManager : Event: ======'player_rhythm_misses'====== Args={'value': 19, 'prev_value': 18, 'change': 1, 'player_num': 1}
2026-04-15 20:28:01,200 : INFO : EventManager : Event: ======'rhythm_note_missed'====== Args={'note_id': 18, 'lane': 'right', 'total_misses': 19}
2026-04-15 20:28:01,600 : INFO : EventManager : Event: ======'player_rhythm_misses'====== Args={'value': 20, 'prev_value': 19, 'change': 1, 'player_num': 1}
2026-04-15 20:28:01,600 : INFO : EventManager : Event: ======'rhythm_note_missed'====== Args={'note_id': 19, 'lane': 'left', 'total_misses': 20}
2026-04-15 20:28:01,629 : INFO : EventManager : Event: ======'rhythm_note_spawned'====== Args={'note_id': 24, 'lane': 'left', 'travel_ms': 1600, 'hit_time_ms': 11300}
2026-04-15 20:28:02,000 : INFO : EventManager : Event: ======'player_rhythm_misses'====== Args={'value': 21, 'prev_value': 20, 'change': 1, 'player_num': 1}
2026-04-15 20:28:02,000 : INFO : EventManager : Event: ======'rhythm_note_missed'====== Args={'note_id': 20, 'lane': 'right', 'total_misses': 21}
2026-04-15 20:28:02,029 : INFO : EventManager : Event: ======'rhythm_note_spawned'====== Args={'note_id': 25, 'lane': 'right', 'travel_ms': 1600, 'hit_time_ms': 11700}
2026-04-15 20:28:02,399 : INFO : EventManager : Event: ======'player_rhythm_misses'====== Args={'value': 22, 'prev_value': 21, 'change': 1, 'player_num': 1}
2026-04-15 20:28:02,400 : INFO : EventManager : Event: ======'rhythm_note_missed'====== Args={'note_id': 21, 'lane': 'left', 'total_misses': 22}
2026-04-15 20:28:02,428 : INFO : EventManager : Event: ======'rhythm_note_spawned'====== Args={'note_id': 26, 'lane': 'left', 'travel_ms': 1600, 'hit_time_ms': 12100}
2026-04-15 20:28:02,799 : INFO : EventManager : Event: ======'player_rhythm_misses'====== Args={'value': 23, 'prev_value': 22, 'change': 1, 'player_num': 1}
2026-04-15 20:28:02,800 : INFO : EventManager : Event: ======'rhythm_note_missed'====== Args={'note_id': 22, 'lane': 'left', 'total_misses': 23}
2026-04-15 20:28:02,800 : INFO : EventManager : Event: ======'player_rhythm_misses'====== Args={'value': 24, 'prev_value': 23, 'change': 1, 'player_num': 1}
2026-04-15 20:28:02,800 : INFO : EventManager : Event: ======'rhythm_note_missed'====== Args={'note_id': 23, 'lane': 'right', 'total_misses': 24}
2026-04-15 20:28:02,828 : INFO : EventManager : Event: ======'rhythm_note_spawned'====== Args={'note_id': 27, 'lane': 'right', 'travel_ms': 1600, 'hit_time_ms': 12500}
2026-04-15 20:28:03,229 : INFO : EventManager : Event: ======'rhythm_note_spawned'====== Args={'note_id': 28, 'lane': 'left', 'travel_ms': 1600, 'hit_time_ms': 12900}
2026-04-15 20:28:03,400 : INFO : EventManager : Event: ======'player_rhythm_misses'====== Args={'value': 25, 'prev_value': 24, 'change': 1, 'player_num': 1}
2026-04-15 20:28:03,400 : INFO : EventManager : Event: ======'rhythm_note_missed'====== Args={'note_id': 24, 'lane': 'left', 'total_misses': 25}
2026-04-15 20:28:03,628 : INFO : EventManager : Event: ======'rhythm_note_spawned'====== Args={'note_id': 29, 'lane': 'right', 'travel_ms': 1600, 'hit_time_ms': 13300}
2026-04-15 20:28:03,800 : INFO : EventManager : Event: ======'player_rhythm_misses'====== Args={'value': 26, 'prev_value': 25, 'change': 1, 'player_num': 1}
2026-04-15 20:28:03,800 : INFO : EventManager : Event: ======'rhythm_note_missed'====== Args={'note_id': 25, 'lane': 'right', 'total_misses': 26}
2026-04-15 20:28:04,029 : INFO : EventManager : Event: ======'rhythm_note_spawned'====== Args={'note_id': 30, 'lane': 'left', 'travel_ms': 1600, 'hit_time_ms': 13700}
2026-04-15 20:28:04,029 : INFO : EventManager : Event: ======'rhythm_note_spawned'====== Args={'note_id': 31, 'lane': 'right', 'travel_ms': 1600, 'hit_time_ms': 13700}
2026-04-15 20:28:04,199 : INFO : EventManager : Event: ======'player_rhythm_misses'====== Args={'value': 27, 'prev_value': 26, 'change': 1, 'player_num': 1}
2026-04-15 20:28:04,200 : INFO : EventManager : Event: ======'rhythm_note_missed'====== Args={'note_id': 26, 'lane': 'left', 'total_misses': 27}
2026-04-15 20:28:04,598 : INFO : EventManager : Event: ======'player_rhythm_misses'====== Args={'value': 28, 'prev_value': 27, 'change': 1, 'player_num': 1}
2026-04-15 20:28:04,599 : INFO : EventManager : Event: ======'rhythm_note_missed'====== Args={'note_id': 27, 'lane': 'right', 'total_misses': 28}
2026-04-15 20:28:04,629 : INFO : EventManager : Event: ======'rhythm_note_spawned'====== Args={'note_id': 32, 'lane': 'left', 'travel_ms': 1600, 'hit_time_ms': 14300}
2026-04-15 20:28:05,000 : INFO : EventManager : Event: ======'player_rhythm_misses'====== Args={'value': 29, 'prev_value': 28, 'change': 1, 'player_num': 1}
2026-04-15 20:28:05,000 : INFO : EventManager : Event: ======'rhythm_note_missed'====== Args={'note_id': 28, 'lane': 'left', 'total_misses': 29}
2026-04-15 20:28:05,029 : INFO : EventManager : Event: ======'rhythm_note_spawned'====== Args={'note_id': 33, 'lane': 'right', 'travel_ms': 1600, 'hit_time_ms': 14700}
2026-04-15 20:28:05,089 : INFO : EventManager : Event: ======'balldevice_bd_trough_ball_eject_failed'====== Args={'target': <ball_device.bd_plunger>, 'balls': 1, 'retry': True, 'num_attempts': 3}
2026-04-15 20:28:05,090 : INFO : ball_device.bd_trough : State: waiting_for_target_ready
2026-04-15 20:28:05,090 : INFO : EventManager : Event: ======'balldevice_bd_trough_ball_eject_attempt'====== Args={'balls': 1, 'target': <ball_device.bd_plunger>, 'source': <ball_device.bd_trough>, 'mechanical_eject': False, 'num_attempts': 3}
2026-04-15 20:28:05,090 : INFO : ball_device.bd_trough : State: ejecting
2026-04-15 20:28:05,090 : INFO : ball_device.bd_trough : Ejecting ball to <ball_device.bd_plunger>
2026-04-15 20:28:05,090 : INFO : EventManager : Event: ======'balldevice_bd_trough_ejecting_ball'====== Args={'balls': 1, 'target': <ball_device.bd_plunger>, 'source': <ball_device.bd_trough>, 'mechanical_eject': False, 'num_attempts': 3}
2026-04-15 20:28:05,090 : INFO : ball_device.bd_trough : Wait for ball to leave device
2026-04-15 20:28:05,090 : INFO : coil.c_trough_eject : Pulsing Driver for 10ms (1.0 pulse_power)
2026-04-15 20:28:05,399 : INFO : EventManager : Event: ======'player_rhythm_misses'====== Args={'value': 30, 'prev_value': 29, 'change': 1, 'player_num': 1}
2026-04-15 20:28:05,399 : INFO : EventManager : Event: ======'rhythm_note_missed'====== Args={'note_id': 29, 'lane': 'right', 'total_misses': 30}
2026-04-15 20:28:05,429 : INFO : EventManager : Event: ======'rhythm_note_spawned'====== Args={'note_id': 34, 'lane': 'left', 'travel_ms': 1600, 'hit_time_ms': 15100}
2026-04-15 20:28:05,800 : INFO : EventManager : Event: ======'player_rhythm_misses'====== Args={'value': 31, 'prev_value': 30, 'change': 1, 'player_num': 1}
2026-04-15 20:28:05,800 : INFO : EventManager : Event: ======'rhythm_note_missed'====== Args={'note_id': 30, 'lane': 'left', 'total_misses': 31}
2026-04-15 20:28:05,800 : INFO : EventManager : Event: ======'player_rhythm_misses'====== Args={'value': 32, 'prev_value': 31, 'change': 1, 'player_num': 1}
2026-04-15 20:28:05,801 : INFO : EventManager : Event: ======'rhythm_note_missed'====== Args={'note_id': 31, 'lane': 'right', 'total_misses': 32}
2026-04-15 20:28:05,829 : INFO : EventManager : Event: ======'rhythm_note_spawned'====== Args={'note_id': 35, 'lane': 'right', 'travel_ms': 1600, 'hit_time_ms': 15500}
2026-04-15 20:28:06,400 : INFO : EventManager : Event: ======'player_rhythm_misses'====== Args={'value': 33, 'prev_value': 32, 'change': 1, 'player_num': 1}
2026-04-15 20:28:06,400 : INFO : EventManager : Event: ======'rhythm_note_missed'====== Args={'note_id': 32, 'lane': 'left', 'total_misses': 33}
2026-04-15 20:28:06,429 : INFO : EventManager : Event: ======'rhythm_note_spawned'====== Args={'note_id': 36, 'lane': 'left', 'travel_ms': 1600, 'hit_time_ms': 16100}
2026-04-15 20:28:06,429 : INFO : EventManager : Event: ======'rhythm_note_spawned'====== Args={'note_id': 37, 'lane': 'right', 'travel_ms': 1600, 'hit_time_ms': 16100}
2026-04-15 20:28:06,799 : INFO : EventManager : Event: ======'player_rhythm_misses'====== Args={'value': 34, 'prev_value': 33, 'change': 1, 'player_num': 1}
2026-04-15 20:28:06,799 : INFO : EventManager : Event: ======'rhythm_note_missed'====== Args={'note_id': 33, 'lane': 'right', 'total_misses': 34}
2026-04-15 20:28:07,200 : INFO : EventManager : Event: ======'player_rhythm_misses'====== Args={'value': 35, 'prev_value': 34, 'change': 1, 'player_num': 1}
2026-04-15 20:28:07,200 : INFO : EventManager : Event: ======'rhythm_note_missed'====== Args={'note_id': 34, 'lane': 'left', 'total_misses': 35}
2026-04-15 20:28:07,600 : INFO : EventManager : Event: ======'player_rhythm_misses'====== Args={'value': 36, 'prev_value': 35, 'change': 1, 'player_num': 1}
2026-04-15 20:28:07,600 : INFO : EventManager : Event: ======'rhythm_note_missed'====== Args={'note_id': 35, 'lane': 'right', 'total_misses': 36}
2026-04-15 20:28:08,200 : INFO : EventManager : Event: ======'player_rhythm_misses'====== Args={'value': 37, 'prev_value': 36, 'change': 1, 'player_num': 1}
2026-04-15 20:28:08,200 : INFO : EventManager : Event: ======'rhythm_note_missed'====== Args={'note_id': 36, 'lane': 'left', 'total_misses': 37}
2026-04-15 20:28:08,200 : INFO : EventManager : Event: ======'player_rhythm_misses'====== Args={'value': 38, 'prev_value': 37, 'change': 1, 'player_num': 1}
2026-04-15 20:28:08,200 : INFO : EventManager : Event: ======'rhythm_note_missed'====== Args={'note_id': 37, 'lane': 'right', 'total_misses': 38}
2026-04-15 20:28:08,449 : INFO : EventManager : Event: ======'rhythm_mode_finished'====== Args={'total_notes': 38, 'hits': 0, 'misses': 38, 'best_combo': 0, 'accuracy': 0, 'total_score': 0}
2026-04-15 20:28:10,050 : INFO : EventManager : Event: ======'mode_rhythm_will_stop'====== Args={}
2026-04-15 20:28:10,050 : INFO : EventManager : Event: ======'mode_rhythm_stopping'====== Args={}
2026-04-15 20:28:10,050 : INFO : Mode.rhythm : Stopped.
2026-04-15 20:28:10,050 : INFO : EventManager : Event: ======'modes_active_modes_changed'====== Args={}
2026-04-15 20:28:10,050 : INFO : EventManager : Event: ======'mode_rhythm_stopped'====== Args={}
2026-04-15 20:28:10,050 : INFO : EventManager : Event: ======'clear'====== Args={'key': 'rhythm'}
2026-04-15 20:28:15,091 : INFO : EventManager : Event: ======'balldevice_bd_trough_ball_eject_failed'====== Args={'target': <ball_device.bd_plunger>, 'balls': 1, 'retry': True, 'num_attempts': 4}
2026-04-15 20:28:15,092 : INFO : ball_device.bd_trough : State: waiting_for_target_ready
2026-04-15 20:28:15,092 : INFO : EventManager : Event: ======'balldevice_bd_trough_ball_eject_attempt'====== Args={'balls': 1, 'target': <ball_device.bd_plunger>, 'source': <ball_device.bd_trough>, 'mechanical_eject': False, 'num_attempts': 4}
2026-04-15 20:28:15,092 : INFO : ball_device.bd_trough : State: ejecting
2026-04-15 20:28:15,092 : INFO : ball_device.bd_trough : Ejecting ball to <ball_device.bd_plunger>
2026-04-15 20:28:15,092 : INFO : EventManager : Event: ======'balldevice_bd_trough_ejecting_ball'====== Args={'balls': 1, 'target': <ball_device.bd_plunger>, 'source': <ball_device.bd_trough>, 'mechanical_eject': False, 'num_attempts': 4}
2026-04-15 20:28:15,093 : INFO : ball_device.bd_trough : Wait for ball to leave device
2026-04-15 20:28:15,093 : INFO : coil.c_trough_eject : Pulsing Driver for 10ms (1.0 pulse_power)
2026-04-15 20:28:25,094 : INFO : EventManager : Event: ======'balldevice_bd_trough_ball_eject_failed'====== Args={'target': <ball_device.bd_plunger>, 'balls': 1, 'retry': True, 'num_attempts': 5}
2026-04-15 20:28:25,095 : INFO : ball_device.bd_trough : State: waiting_for_target_ready
2026-04-15 20:28:25,095 : INFO : EventManager : Event: ======'balldevice_bd_trough_ball_eject_attempt'====== Args={'balls': 1, 'target': <ball_device.bd_plunger>, 'source': <ball_device.bd_trough>, 'mechanical_eject': False, 'num_attempts': 5}
2026-04-15 20:28:25,096 : INFO : ball_device.bd_trough : State: ejecting
2026-04-15 20:28:25,096 : INFO : ball_device.bd_trough : Ejecting ball to <ball_device.bd_plunger>
2026-04-15 20:28:25,096 : INFO : EventManager : Event: ======'balldevice_bd_trough_ejecting_ball'====== Args={'balls': 1, 'target': <ball_device.bd_plunger>, 'source': <ball_device.bd_trough>, 'mechanical_eject': False, 'num_attempts': 5}
2026-04-15 20:28:25,096 : INFO : ball_device.bd_trough : Wait for ball to leave device
2026-04-15 20:28:25,096 : INFO : coil.c_trough_eject : Pulsing Driver for 10ms (1.0 pulse_power)
2026-04-15 20:28:35,098 : INFO : EventManager : Event: ======'balldevice_bd_trough_ball_eject_failed'====== Args={'target': <ball_device.bd_plunger>, 'balls': 1, 'retry': True, 'num_attempts': 6}
2026-04-15 20:28:35,098 : INFO : ball_device.bd_trough : State: waiting_for_target_ready
2026-04-15 20:28:35,099 : INFO : EventManager : Event: ======'balldevice_bd_trough_ball_eject_attempt'====== Args={'balls': 1, 'target': <ball_device.bd_plunger>, 'source': <ball_device.bd_trough>, 'mechanical_eject': False, 'num_attempts': 6}
2026-04-15 20:28:35,099 : INFO : ball_device.bd_trough : State: ejecting
2026-04-15 20:28:35,099 : INFO : ball_device.bd_trough : Ejecting ball to <ball_device.bd_plunger>
2026-04-15 20:28:35,099 : INFO : EventManager : Event: ======'balldevice_bd_trough_ejecting_ball'====== Args={'balls': 1, 'target': <ball_device.bd_plunger>, 'source': <ball_device.bd_trough>, 'mechanical_eject': False, 'num_attempts': 6}
2026-04-15 20:28:35,100 : INFO : ball_device.bd_trough : Wait for ball to leave device
2026-04-15 20:28:35,100 : INFO : coil.c_trough_eject : Pulsing Driver for 10ms (1.0 pulse_power)
2026-04-15 20:28:45,101 : INFO : EventManager : Event: ======'balldevice_bd_trough_ball_eject_failed'====== Args={'target': <ball_device.bd_plunger>, 'balls': 1, 'retry': True, 'num_attempts': 7}
2026-04-15 20:28:45,101 : INFO : ball_device.bd_trough : State: waiting_for_target_ready
2026-04-15 20:28:45,102 : INFO : EventManager : Event: ======'balldevice_bd_trough_ball_eject_attempt'====== Args={'balls': 1, 'target': <ball_device.bd_plunger>, 'source': <ball_device.bd_trough>, 'mechanical_eject': False, 'num_attempts': 7}
2026-04-15 20:28:45,102 : INFO : ball_device.bd_trough : State: ejecting
2026-04-15 20:28:45,102 : INFO : ball_device.bd_trough : Ejecting ball to <ball_device.bd_plunger>
2026-04-15 20:28:45,102 : INFO : EventManager : Event: ======'balldevice_bd_trough_ejecting_ball'====== Args={'balls': 1, 'target': <ball_device.bd_plunger>, 'source': <ball_device.bd_trough>, 'mechanical_eject': False, 'num_attempts': 7}
2026-04-15 20:28:45,102 : INFO : ball_device.bd_trough : Wait for ball to leave device
2026-04-15 20:28:45,102 : INFO : coil.c_trough_eject : Pulsing Driver for 10ms (1.0 pulse_power)
2026-04-15 20:28:55,103 : INFO : EventManager : Event: ======'balldevice_bd_trough_ball_eject_failed'====== Args={'target': <ball_device.bd_plunger>, 'balls': 1, 'retry': True, 'num_attempts': 8}
2026-04-15 20:28:55,104 : INFO : ball_device.bd_trough : State: waiting_for_target_ready
2026-04-15 20:28:55,104 : INFO : EventManager : Event: ======'balldevice_bd_trough_ball_eject_attempt'====== Args={'balls': 1, 'target': <ball_device.bd_plunger>, 'source': <ball_device.bd_trough>, 'mechanical_eject': False, 'num_attempts': 8}
2026-04-15 20:28:55,104 : INFO : ball_device.bd_trough : State: ejecting
2026-04-15 20:28:55,104 : INFO : ball_device.bd_trough : Ejecting ball to <ball_device.bd_plunger>
2026-04-15 20:28:55,104 : INFO : EventManager : Event: ======'balldevice_bd_trough_ejecting_ball'====== Args={'balls': 1, 'target': <ball_device.bd_plunger>, 'source': <ball_device.bd_trough>, 'mechanical_eject': False, 'num_attempts': 8}
2026-04-15 20:28:55,105 : INFO : ball_device.bd_trough : Wait for ball to leave device
2026-04-15 20:28:55,105 : INFO : coil.c_trough_eject : Pulsing Driver for 10ms (1.0 pulse_power)
2026-04-15 20:29:05,106 : INFO : EventManager : Event: ======'balldevice_bd_trough_ball_eject_failed'====== Args={'target': <ball_device.bd_plunger>, 'balls': 1, 'retry': True, 'num_attempts': 9}
2026-04-15 20:29:05,107 : INFO : ball_device.bd_trough : State: waiting_for_target_ready
2026-04-15 20:29:05,107 : INFO : EventManager : Event: ======'balldevice_bd_trough_ball_eject_attempt'====== Args={'balls': 1, 'target': <ball_device.bd_plunger>, 'source': <ball_device.bd_trough>, 'mechanical_eject': False, 'num_attempts': 9}
2026-04-15 20:29:05,107 : INFO : ball_device.bd_trough : State: ejecting
2026-04-15 20:29:05,107 : INFO : ball_device.bd_trough : Ejecting ball to <ball_device.bd_plunger>
2026-04-15 20:29:05,107 : INFO : EventManager : Event: ======'balldevice_bd_trough_ejecting_ball'====== Args={'balls': 1, 'target': <ball_device.bd_plunger>, 'source': <ball_device.bd_trough>, 'mechanical_eject': False, 'num_attempts': 9}
2026-04-15 20:29:05,108 : INFO : ball_device.bd_trough : Wait for ball to leave device
2026-04-15 20:29:05,108 : INFO : coil.c_trough_eject : Pulsing Driver for 10ms (1.0 pulse_power)
2026-04-15 20:29:15,109 : INFO : EventManager : Event: ======'balldevice_bd_trough_ball_eject_failed'====== Args={'target': <ball_device.bd_plunger>, 'balls': 1, 'retry': True, 'num_attempts': 10}
2026-04-15 20:29:15,110 : INFO : ball_device.bd_trough : State: waiting_for_target_ready
2026-04-15 20:29:15,110 : INFO : EventManager : Event: ======'balldevice_bd_trough_ball_eject_attempt'====== Args={'balls': 1, 'target': <ball_device.bd_plunger>, 'source': <ball_device.bd_trough>, 'mechanical_eject': False, 'num_attempts': 10}
2026-04-15 20:29:15,110 : INFO : ball_device.bd_trough : State: ejecting
2026-04-15 20:29:15,110 : INFO : ball_device.bd_trough : Ejecting ball to <ball_device.bd_plunger>
2026-04-15 20:29:15,110 : INFO : EventManager : Event: ======'balldevice_bd_trough_ejecting_ball'====== Args={'balls': 1, 'target': <ball_device.bd_plunger>, 'source': <ball_device.bd_trough>, 'mechanical_eject': False, 'num_attempts': 10}
2026-04-15 20:29:15,110 : INFO : ball_device.bd_trough : Wait for ball to leave device
2026-04-15 20:29:15,110 : INFO : coil.c_trough_eject : Pulsing Driver for 10ms (1.0 pulse_power)
2026-04-15 20:29:25,111 : INFO : EventManager : Event: ======'balldevice_bd_trough_ball_eject_failed'====== Args={'target': <ball_device.bd_plunger>, 'balls': 1, 'retry': True, 'num_attempts': 11}
2026-04-15 20:29:25,112 : INFO : ball_device.bd_trough : State: waiting_for_target_ready
2026-04-15 20:29:25,112 : INFO : EventManager : Event: ======'balldevice_bd_trough_ball_eject_attempt'====== Args={'balls': 1, 'target': <ball_device.bd_plunger>, 'source': <ball_device.bd_trough>, 'mechanical_eject': False, 'num_attempts': 11}
2026-04-15 20:29:25,112 : INFO : ball_device.bd_trough : State: ejecting
2026-04-15 20:29:25,112 : INFO : ball_device.bd_trough : Ejecting ball to <ball_device.bd_plunger>
2026-04-15 20:29:25,112 : INFO : EventManager : Event: ======'balldevice_bd_trough_ejecting_ball'====== Args={'balls': 1, 'target': <ball_device.bd_plunger>, 'source': <ball_device.bd_trough>, 'mechanical_eject': False, 'num_attempts': 11}
2026-04-15 20:29:25,112 : INFO : ball_device.bd_trough : Wait for ball to leave device
2026-04-15 20:29:25,112 : INFO : coil.c_trough_eject : Pulsing Driver for 10ms (1.0 pulse_power)
2026-04-15 20:29:35,113 : INFO : EventManager : Event: ======'balldevice_bd_trough_ball_eject_failed'====== Args={'target': <ball_device.bd_plunger>, 'balls': 1, 'retry': True, 'num_attempts': 12}
2026-04-15 20:29:35,114 : INFO : ball_device.bd_trough : State: waiting_for_target_ready
2026-04-15 20:29:35,114 : INFO : EventManager : Event: ======'balldevice_bd_trough_ball_eject_attempt'====== Args={'balls': 1, 'target': <ball_device.bd_plunger>, 'source': <ball_device.bd_trough>, 'mechanical_eject': False, 'num_attempts': 12}
2026-04-15 20:29:35,114 : INFO : ball_device.bd_trough : State: ejecting
2026-04-15 20:29:35,114 : INFO : ball_device.bd_trough : Ejecting ball to <ball_device.bd_plunger>
2026-04-15 20:29:35,114 : INFO : EventManager : Event: ======'balldevice_bd_trough_ejecting_ball'====== Args={'balls': 1, 'target': <ball_device.bd_plunger>, 'source': <ball_device.bd_trough>, 'mechanical_eject': False, 'num_attempts': 12}
2026-04-15 20:29:35,115 : INFO : ball_device.bd_trough : Wait for ball to leave device
2026-04-15 20:29:35,115 : INFO : coil.c_trough_eject : Pulsing Driver for 10ms (1.0 pulse_power)
2026-04-15 20:29:45,116 : INFO : EventManager : Event: ======'balldevice_bd_trough_ball_eject_failed'====== Args={'target': <ball_device.bd_plunger>, 'balls': 1, 'retry': True, 'num_attempts': 13}
2026-04-15 20:29:45,117 : INFO : ball_device.bd_trough : State: waiting_for_target_ready
2026-04-15 20:29:45,117 : INFO : EventManager : Event: ======'balldevice_bd_trough_ball_eject_attempt'====== Args={'balls': 1, 'target': <ball_device.bd_plunger>, 'source': <ball_device.bd_trough>, 'mechanical_eject': False, 'num_attempts': 13}
2026-04-15 20:29:45,117 : INFO : ball_device.bd_trough : State: ejecting
2026-04-15 20:29:45,117 : INFO : ball_device.bd_trough : Ejecting ball to <ball_device.bd_plunger>
2026-04-15 20:29:45,117 : INFO : EventManager : Event: ======'balldevice_bd_trough_ejecting_ball'====== Args={'balls': 1, 'target': <ball_device.bd_plunger>, 'source': <ball_device.bd_trough>, 'mechanical_eject': False, 'num_attempts': 13}
2026-04-15 20:29:45,118 : INFO : ball_device.bd_trough : Wait for ball to leave device
2026-04-15 20:29:45,118 : INFO : coil.c_trough_eject : Pulsing Driver for 10ms (1.0 pulse_power)
2026-04-15 20:29:55,118 : INFO : EventManager : Event: ======'balldevice_bd_trough_ball_eject_failed'====== Args={'target': <ball_device.bd_plunger>, 'balls': 1, 'retry': True, 'num_attempts': 14}
2026-04-15 20:29:55,119 : INFO : ball_device.bd_trough : State: waiting_for_target_ready
2026-04-15 20:29:55,119 : INFO : EventManager : Event: ======'balldevice_bd_trough_ball_eject_attempt'====== Args={'balls': 1, 'target': <ball_device.bd_plunger>, 'source': <ball_device.bd_trough>, 'mechanical_eject': False, 'num_attempts': 14}
2026-04-15 20:29:55,119 : INFO : ball_device.bd_trough : State: ejecting
2026-04-15 20:29:55,119 : INFO : ball_device.bd_trough : Ejecting ball to <ball_device.bd_plunger>
2026-04-15 20:29:55,119 : INFO : EventManager : Event: ======'balldevice_bd_trough_ejecting_ball'====== Args={'balls': 1, 'target': <ball_device.bd_plunger>, 'source': <ball_device.bd_trough>, 'mechanical_eject': False, 'num_attempts': 14}
2026-04-15 20:29:55,119 : INFO : ball_device.bd_trough : Wait for ball to leave device
2026-04-15 20:29:55,119 : INFO : coil.c_trough_eject : Pulsing Driver for 10ms (1.0 pulse_power)
2026-04-15 20:30:05,121 : INFO : EventManager : Event: ======'balldevice_bd_trough_ball_eject_failed'====== Args={'target': <ball_device.bd_plunger>, 'balls': 1, 'retry': True, 'num_attempts': 15}
2026-04-15 20:30:05,121 : INFO : ball_device.bd_trough : State: waiting_for_target_ready
2026-04-15 20:30:05,121 : INFO : EventManager : Event: ======'balldevice_bd_trough_ball_eject_attempt'====== Args={'balls': 1, 'target': <ball_device.bd_plunger>, 'source': <ball_device.bd_trough>, 'mechanical_eject': False, 'num_attempts': 15}
2026-04-15 20:30:05,121 : INFO : ball_device.bd_trough : State: ejecting
2026-04-15 20:30:05,121 : INFO : ball_device.bd_trough : Ejecting ball to <ball_device.bd_plunger>
2026-04-15 20:30:05,121 : INFO : EventManager : Event: ======'balldevice_bd_trough_ejecting_ball'====== Args={'balls': 1, 'target': <ball_device.bd_plunger>, 'source': <ball_device.bd_trough>, 'mechanical_eject': False, 'num_attempts': 15}
2026-04-15 20:30:05,121 : INFO : ball_device.bd_trough : Wait for ball to leave device
2026-04-15 20:30:05,121 : INFO : coil.c_trough_eject : Pulsing Driver for 10ms (1.0 pulse_power)
2026-04-15 20:30:08,859 : INFO : Machine : Shutting down...
2026-04-15 20:30:08,859 : INFO : EventManager : Event: ======'shutdown'====== Args={}
2026-04-15 20:30:08,859 : INFO : EventManager : Event: ======'mode_game_will_stop'====== Args={}
2026-04-15 20:30:08,859 : INFO : EventManager : Event: ======'mode_game_stopping'====== Args={}
2026-04-15 20:30:08,860 : INFO : EventManager : Event: ======'mode_base_will_stop'====== Args={}
2026-04-15 20:30:08,860 : INFO : EventManager : Event: ======'mode_base_stopping'====== Args={}
2026-04-15 20:30:08,860 : INFO : EventManager : Event: ======'mode_bumpers_will_stop'====== Args={}
2026-04-15 20:30:08,860 : INFO : EventManager : Event: ======'mode_bumpers_stopping'====== Args={}
2026-04-15 20:30:08,860 : INFO : EventManager : Event: ======'stop_mode_bumpers'====== Args={'priority': 0}
2026-04-15 20:30:08,860 : INFO : Mode.bumpers : Stopped.
2026-04-15 20:30:08,860 : INFO : EventManager : Event: ======'modes_active_modes_changed'====== Args={}
2026-04-15 20:30:08,860 : INFO : EventManager : Event: ======'mode_bumpers_stopped'====== Args={}
2026-04-15 20:30:08,860 : INFO : EventManager : Event: ======'clear'====== Args={'key': 'bumpers'}
2026-04-15 20:30:08,860 : INFO : Mode.base : Stopped.
2026-04-15 20:30:08,860 : INFO : EventManager : Event: ======'modes_active_modes_changed'====== Args={}
2026-04-15 20:30:08,860 : INFO : EventManager : Event: ======'mode_base_stopped'====== Args={}
2026-04-15 20:30:08,860 : INFO : EventManager : Event: ======'clear'====== Args={'key': 'base'}
2026-04-15 20:30:08,860 : INFO : Mode.game : Stopped.
2026-04-15 20:30:08,860 : INFO : EventManager : Event: ======'modes_active_modes_changed'====== Args={}
2026-04-15 20:30:08,860 : INFO : EventManager : Event: ======'mode_game_stopped'====== Args={}
2026-04-15 20:30:08,860 : INFO : EventManager : Event: ======'clear'====== Args={'key': 'game'}
2026-04-15 20:30:08,861 : INFO : root : MPF run loop ended.
