2026-04-20 20:02:02,361 : INFO : root : Loading config.
2026-04-20 20:02:02,407 : INFO : ConfigProcessor : Config spec file cache created: /var/folders/nw/6blj94p12ldcym3fj104vzlm0000gn/T/config_spec.mpf_cache
2026-04-20 20:02:02,408 : INFO : YamlMultifileConfigLoader : Machine config file #1: config.yaml
2026-04-20 20:02:02,408 : INFO : ConfigProcessor : Loading config from cache: /var/folders/nw/6blj94p12ldcym3fj104vzlm0000gn/T/b334f8a4e2121184f8a617378a4d1625.mpf_cache
2026-04-20 20:02:02,431 : INFO : ConfigProcessor : Loading config from cache: /var/folders/nw/6blj94p12ldcym3fj104vzlm0000gn/T/63da12c4cec82227b4c3859bbf3c7cd4.mpf_cache
2026-04-20 20:02:02,432 : INFO : ConfigProcessor : Loading config from cache: /var/folders/nw/6blj94p12ldcym3fj104vzlm0000gn/T/b8625db2ee8ad38c42d4f1c72235edc8.mpf_cache
2026-04-20 20:02:02,432 : INFO : ConfigProcessor : Loading config from cache: /var/folders/nw/6blj94p12ldcym3fj104vzlm0000gn/T/63da12c4cec82227b4c3859bbf3c7cd4.mpf_cache
2026-04-20 20:02:02,432 : INFO : ConfigProcessor : Loading config from cache: /var/folders/nw/6blj94p12ldcym3fj104vzlm0000gn/T/cfdfcb64dba57a34ef9374db95e57645.mpf_cache
2026-04-20 20:02:02,432 : INFO : ConfigProcessor : Loading config from cache: /var/folders/nw/6blj94p12ldcym3fj104vzlm0000gn/T/104947b35f87d581877cdaf02599b463.mpf_cache
2026-04-20 20:02:02,432 : INFO : ConfigProcessor : Loading config from cache: /var/folders/nw/6blj94p12ldcym3fj104vzlm0000gn/T/bc830d47d6fbb336561cc63e74edf2c9.mpf_cache
2026-04-20 20:02:02,432 : INFO : ConfigProcessor : Loading config from cache: /var/folders/nw/6blj94p12ldcym3fj104vzlm0000gn/T/4273c698423283a7843ff5c77ef69dc9.mpf_cache
2026-04-20 20:02:02,432 : INFO : ConfigProcessor : Loading config from cache: /var/folders/nw/6blj94p12ldcym3fj104vzlm0000gn/T/7424f2cce7b15e0b37e570d3514590c8.mpf_cache
2026-04-20 20:02:02,433 : INFO : Machine : Mission Pinball Framework Core Engine v0.80.0.dev13
2026-04-20 20:02:02,433 : INFO : Machine : Command line arguments: {'no_load_cache': False, 'create_config_cache': True, 'bcp': True, 'configfile': ['config.yaml'], 'force_assets_load': False, 'platform_integration_test': False, 'jsonlogging': False, 'logfile': 'logs/2026-04-20-20-02-02-mpf-Wills-MacBook-Pro-M5.local.log', 'pause': False, 'production': False, 'text_ui': False, 'loglevel': 15, 'consoleloglevel': 20, 'force_platform': 'virtual', 'syslog_address': None, 'full_logfile_path': '/Users/willrante/Documents/GitHub/pinball/logs/2026-04-20-20-02-02-mpf-Wills-MacBook-Pro-M5.local.log'}
2026-04-20 20:02:02,433 : INFO : Machine : MPF path: /Users/willrante/mpf-env/lib/python3.14/site-packages/mpf
2026-04-20 20:02:02,433 : INFO : Machine : Machine path: /Users/willrante/Documents/GitHub/pinball
2026-04-20 20:02:02,433 : INFO : Machine : Platform: darwin
2026-04-20 20:02:02,433 : INFO : Machine : Python executable location: /Users/willrante/mpf-env/bin/python3.14
2026-04-20 20:02:02,433 : INFO : Machine : Python version: 3.14.3 (64-bit)
2026-04-20 20:02:02,433 : INFO : Machine : Initializing MPF...
2026-04-20 20:02:02,459 : INFO : EventManager : Event: ======'machine_var_credits_string'====== Args={'value': 'FREE PLAY', 'prev_value': None, 'change': True}
2026-04-20 20:02:02,463 : INFO : EventManager : Event: ======'machine_var_master_volume'====== Args={'value': 0.5, 'prev_value': None, 'change': True}
2026-04-20 20:02:02,463 : INFO : EventManager : Event: ======'machine_var_mpf_version'====== Args={'value': 'Mission Pinball Framework v0.80.0.dev13', 'prev_value': None, 'change': True}
2026-04-20 20:02:02,463 : INFO : EventManager : Event: ======'machine_var_mpf_extended_version'====== Args={'value': 'Mission Pinball Framework v0.80.0.dev13, Config version:6, Show version: 6, BCP version:1.1', 'prev_value': None, 'change': True}
2026-04-20 20:02:02,463 : INFO : EventManager : Event: ======'machine_var_python_version'====== Args={'value': '3.14.3', 'prev_value': None, 'change': True}
2026-04-20 20:02:02,469 : INFO : EventManager : Event: ======'machine_var_platform'====== Args={'value': 'macOS-26.4.1-arm64-arm-64bit-Mach-O', 'prev_value': None, 'change': True}
2026-04-20 20:02:02,469 : INFO : EventManager : Event: ======'machine_var_platform_system'====== Args={'value': 'Darwin', 'prev_value': None, 'change': True}
2026-04-20 20:02:02,469 : INFO : EventManager : Event: ======'machine_var_platform_release'====== Args={'value': '25.4.0', 'prev_value': None, 'change': True}
2026-04-20 20:02:02,469 : INFO : EventManager : Event: ======'machine_var_platform_version'====== Args={'value': 'Darwin Kernel Version 25.4.0: Thu Mar 19 19:33:50 PDT 2026; root:xnu-12377.101.15~1/RELEASE_ARM64_T6050', 'prev_value': None, 'change': True}
2026-04-20 20:02:02,469 : INFO : EventManager : Event: ======'machine_var_platform_machine'====== Args={'value': 'arm64', 'prev_value': None, 'change': True}
2026-04-20 20:02:02,469 : INFO : EventManager : Event: ======'machine_var_log_file_path'====== Args={'value': '/Users/willrante/Documents/GitHub/pinball/logs/2026-04-20-20-02-02-mpf-Wills-MacBook-Pro-M5.local.log', 'prev_value': None, 'change': True}
2026-04-20 20:02:02,469 : INFO : EventManager : Event: ======'init_phase_1'====== Args={}
2026-04-20 20:02:02,477 : INFO : EventManager : Event: ======'init_phase_2'====== Args={}
2026-04-20 20:02:02,478 : INFO : SwitchController : Found active switch: (1007, <Platform.Virtual>) <switch.s_trough_1>
2026-04-20 20:02:02,478 : INFO : SwitchController : Found active switch: (1008, <Platform.Virtual>) <switch.s_trough_2>
2026-04-20 20:02:02,478 : INFO : SwitchController : Found active switch: (1009, <Platform.Virtual>) <switch.s_trough_3>
2026-04-20 20:02:02,478 : INFO : EventManager : Event: ======'bcp_connection_attempt'====== Args={'name': 'local_display', 'host': 'localhost', 'port': 5050}
2026-04-20 20:02:02,479 : INFO : BCPClientSocket : Connecting BCP to 'local_display' at localhost:5050...
2026-04-20 20:02:02,481 : INFO : BCPClientSocket : Connected BCP to 'local_display' localhost:5050
2026-04-20 20:02:02,481 : INFO : EventManager : Event: ======'bcp_clients_connected'====== Args={}
2026-04-20 20:02:02,482 : INFO : ball_device.bd_plunger : BCH: Initial count: 0
2026-04-20 20:02:02,482 : INFO : ball_device.bd_plunger : State: idle
2026-04-20 20:02:02,482 : INFO : ball_device.bd_trough : BCH: Initial count: 3
2026-04-20 20:02:02,482 : INFO : ball_device.bd_trough : State: idle
2026-04-20 20:02:02,486 : INFO : EventManager : Event: ======'init_phase_3'====== Args={}
2026-04-20 20:02:02,486 : INFO : EventManager : Event: ======'init_phase_4'====== Args={}
2026-04-20 20:02:02,486 : INFO : BallController : Initial balls found: 3
2026-04-20 20:02:02,486 : INFO : EventManager : Event: ======'machine_var_audits_events_game_ended'====== Args={'value': 0, 'prev_value': None, 'change': True}
2026-04-20 20:02:02,486 : INFO : EventManager : Event: ======'machine_var_audits_events_game_started'====== Args={'value': 54, 'prev_value': None, 'change': True}
2026-04-20 20:02:02,486 : INFO : EventManager : Event: ======'machine_var_audits_missing_switches_s_action_button'====== Args={'value': 1, 'prev_value': None, 'change': True}
2026-04-20 20:02:02,486 : INFO : EventManager : Event: ======'machine_var_audits_missing_switches_s_bumper_left'====== Args={'value': 3, 'prev_value': None, 'change': True}
2026-04-20 20:02:02,486 : INFO : EventManager : Event: ======'machine_var_audits_missing_switches_s_bumper_right'====== Args={'value': 3, 'prev_value': None, 'change': True}
2026-04-20 20:02:02,486 : INFO : EventManager : Event: ======'machine_var_audits_missing_switches_s_flipper_left'====== Args={'value': 1, 'prev_value': None, 'change': True}
2026-04-20 20:02:02,486 : INFO : EventManager : Event: ======'machine_var_audits_missing_switches_s_flipper_right'====== Args={'value': 1, 'prev_value': None, 'change': True}
2026-04-20 20:02:02,486 : INFO : EventManager : Event: ======'machine_var_audits_missing_switches_s_left_lane'====== Args={'value': 3, 'prev_value': None, 'change': True}
2026-04-20 20:02:02,486 : INFO : EventManager : Event: ======'machine_var_audits_missing_switches_s_plunger_lane'====== Args={'value': 54, 'prev_value': None, 'change': True}
2026-04-20 20:02:02,487 : INFO : EventManager : Event: ======'machine_var_audits_missing_switches_s_start'====== Args={'value': 9, 'prev_value': None, 'change': True}
2026-04-20 20:02:02,487 : INFO : EventManager : Event: ======'machine_var_audits_missing_switches_s_trough_1'====== Args={'value': 54, 'prev_value': None, 'change': True}
2026-04-20 20:02:02,487 : INFO : EventManager : Event: ======'machine_var_audits_missing_switches_s_trough_2'====== Args={'value': 54, 'prev_value': None, 'change': True}
2026-04-20 20:02:02,487 : INFO : EventManager : Event: ======'machine_var_audits_missing_switches_s_trough_3'====== Args={'value': 54, 'prev_value': None, 'change': True}
2026-04-20 20:02:02,487 : INFO : EventManager : Event: ======'machine_var_audits_player_score'====== Args={'value': {'average': 0, 'top': [], 'total': 0}, 'prev_value': None, 'change': True}
2026-04-20 20:02:02,487 : INFO : EventManager : Event: ======'machine_var_audits_shots_bumper_left'====== Args={'value': 235, 'prev_value': None, 'change': True}
2026-04-20 20:02:02,487 : INFO : EventManager : Event: ======'machine_var_audits_shots_bumper_right'====== Args={'value': 224, 'prev_value': None, 'change': True}
2026-04-20 20:02:02,487 : INFO : EventManager : Event: ======'machine_var_audits_shots_hurryup'====== Args={'value': 3, 'prev_value': None, 'change': True}
2026-04-20 20:02:02,487 : INFO : EventManager : Event: ======'machine_var_audits_shots_left_lane'====== Args={'value': 52, 'prev_value': None, 'change': True}
2026-04-20 20:02:02,487 : INFO : EventManager : Event: ======'machine_var_audits_switches_s_action_button'====== Args={'value': 511, 'prev_value': None, 'change': True}
2026-04-20 20:02:02,487 : INFO : EventManager : Event: ======'machine_var_audits_switches_s_bumper_left'====== Args={'value': 235, 'prev_value': None, 'change': True}
2026-04-20 20:02:02,487 : INFO : EventManager : Event: ======'machine_var_audits_switches_s_bumper_right'====== Args={'value': 224, 'prev_value': None, 'change': True}
2026-04-20 20:02:02,487 : INFO : EventManager : Event: ======'machine_var_audits_switches_s_flipper_left'====== Args={'value': 690, 'prev_value': None, 'change': True}
2026-04-20 20:02:02,487 : INFO : EventManager : Event: ======'machine_var_audits_switches_s_flipper_right'====== Args={'value': 864, 'prev_value': None, 'change': True}
2026-04-20 20:02:02,487 : INFO : EventManager : Event: ======'machine_var_audits_switches_s_left_lane'====== Args={'value': 52, 'prev_value': None, 'change': True}
2026-04-20 20:02:02,487 : INFO : EventManager : Event: ======'machine_var_audits_switches_s_plunger_lane'====== Args={'value': 0, 'prev_value': None, 'change': True}
2026-04-20 20:02:02,487 : INFO : EventManager : Event: ======'machine_var_audits_switches_s_start'====== Args={'value': 11, 'prev_value': None, 'change': True}
2026-04-20 20:02:02,487 : INFO : EventManager : Event: ======'machine_var_audits_switches_s_trough_1'====== Args={'value': 0, 'prev_value': None, 'change': True}
2026-04-20 20:02:02,487 : INFO : EventManager : Event: ======'machine_var_audits_switches_s_trough_2'====== Args={'value': 0, 'prev_value': None, 'change': True}
2026-04-20 20:02:02,487 : INFO : EventManager : Event: ======'machine_var_audits_switches_s_trough_3'====== Args={'value': 0, 'prev_value': None, 'change': True}
2026-04-20 20:02:02,487 : INFO : EventManager : Event: ======'init_phase_5'====== Args={}
2026-04-20 20:02:02,487 : INFO : EventManager : Event: ======'init_done'====== Args={}
2026-04-20 20:02:02,487 : INFO : EventManager : Event: ======'machine_reset_phase_1'====== Args={}
2026-04-20 20:02:02,490 : INFO : EventManager : Event: ======'machine_reset_phase_2'====== Args={}
2026-04-20 20:02:02,490 : INFO : EventManager : Event: ======'machine_reset_phase_3'====== Args={}
2026-04-20 20:02:02,490 : INFO : EventManager : Event: ======'reset_complete'====== Args={}
2026-04-20 20:02:02,490 : INFO : EventManager : Event: ======'mode_attract_will_start'====== Args={}
2026-04-20 20:02:02,490 : INFO : Timer.attract_carousel_timer : Starting Timer.
2026-04-20 20:02:02,490 : INFO : EventManager : Event: ======'timer_attract_carousel_timer_started'====== Args={'ticks': 0, 'ticks_remaining': 1}
2026-04-20 20:02:02,490 : INFO : EventManager : Event: ======'timer_attract_carousel_timer_tick'====== Args={'ticks': 0, 'ticks_remaining': 1}
2026-04-20 20:02:02,490 : INFO : EventManager : Event: ======'mode_attract_starting'====== Args={}
2026-04-20 20:02:02,490 : INFO : Mode.attract : Started. Priority: 10
2026-04-20 20:02:02,490 : INFO : EventManager : Event: ======'modes_active_modes_changed'====== Args={}
2026-04-20 20:02:02,490 : INFO : EventManager : Event: ======'mode_attract_started'====== Args={}
2026-04-20 20:02:02,491 : INFO : EventManager : Event: ======'collecting_balls_complete'====== Args={}
2026-04-20 20:02:02,491 : INFO : EventManager : Event: ======'carousel_item_highlighted'====== Args={'carousel': 'attract', 'direction': None, 'item': 'title'}
2026-04-20 20:02:02,491 : INFO : EventManager : Event: ======'timer_attract_carousel_timer_tick'====== Args={'ticks': 0, 'ticks_remaining': 1}
2026-04-20 20:02:02,491 : INFO : Machine : Starting the main run loop with active modes: [<Mode.attract>]
2026-04-20 20:02:02,638 : INFO : EventManager : Event: ======'slide_attract_created'====== Args={'_from_bcp': True}
2026-04-20 20:02:02,638 : INFO : EventManager : Event: ======'slide__removed'====== Args={'_from_bcp': True}
2026-04-20 20:02:02,638 : INFO : EventManager : Event: ======'slide_attract_active'====== Args={'original_context': 'attract', 'original_calling_context': 'mode_attract_started', 'priority': 10.0, 'cmd': 'slides_play', '_from_bcp': True}
2026-04-20 20:02:04,622 : INFO : SwitchController : <<<<<<< 's_start' active >>>>>>>
2026-04-20 20:02:04,689 : INFO : SwitchController : <<<<<<< 's_start' inactive >>>>>>>
2026-04-20 20:02:04,690 : INFO : EventManager : Event: ======'request_to_start_game'====== Args={}
2026-04-20 20:02:04,690 : INFO : EventManager : Event: ======'game_start'====== Args={'buttons': [], 'hold_time': 0.06689387501683086}
2026-04-20 20:02:04,690 : INFO : EventManager : Event: ======'mode_game_will_start'====== Args={'buttons': [], 'hold_time': 0.06689387501683086}
2026-04-20 20:02:04,691 : INFO : EventManager : Event: ======'mode_game_starting'====== Args={'buttons': [], 'hold_time': 0.06689387501683086}
2026-04-20 20:02:04,691 : INFO : EventManager : Event: ======'mode_attract_will_stop'====== Args={}
2026-04-20 20:02:04,691 : INFO : EventManager : Event: ======'mode_attract_stopping'====== Args={}
2026-04-20 20:02:04,691 : INFO : Mode.attract : Stopped.
2026-04-20 20:02:04,691 : INFO : EventManager : Event: ======'modes_active_modes_changed'====== Args={}
2026-04-20 20:02:04,692 : INFO : EventManager : Event: ======'mode_attract_stopped'====== Args={}
2026-04-20 20:02:04,692 : INFO : EventManager : Event: ======'clear'====== Args={'key': 'attract'}
2026-04-20 20:02:04,692 : INFO : Timer.attract_carousel_timer : Stopping Timer
2026-04-20 20:02:04,692 : INFO : EventManager : Event: ======'timer_attract_carousel_timer_stopped'====== Args={'ticks': 0, 'ticks_remaining': 1}
2026-04-20 20:02:04,692 : INFO : Mode.game : Started. Priority: 20
2026-04-20 20:02:04,692 : INFO : EventManager : Event: ======'modes_active_modes_changed'====== Args={}
2026-04-20 20:02:04,693 : INFO : EventManager : Event: ======'mode_game_started'====== Args={'buttons': [], 'hold_time': 0.06689387501683086}
2026-04-20 20:02:04,693 : INFO : EventManager : Event: ======'game_will_start'====== Args={}
2026-04-20 20:02:04,694 : INFO : EventManager : Event: ======'game_starting'====== Args={'game': <Mode.game>}
2026-04-20 20:02:04,694 : INFO : EventManager : Unordered handler for class <Auditor> on event game_ended with priority 1. Handlers: [RegisteredHandler(callback=<bound method Auditor.disable of <Auditor>>, priority=1, kwargs={}, key=UUID('d6a35c63-a089-40da-a4c4-66d230131b13'), condition=None, blocking_facility=None), RegisteredHandler(callback=<bound method Auditor._save_audits of <Auditor>>, priority=1, kwargs={}, key=UUID('b3c80469-f948-4877-a6d6-eff9d46033f3'), condition=None, blocking_facility=None)]. The order of those handlers is not defined and they will be executed in random order. This might lead to race conditions and potential bugs.
2026-04-20 20:02:04,695 : INFO : EventManager : Event: ======'player_add_request'====== Args={}
2026-04-20 20:02:04,695 : INFO : EventManager : Event: ======'player_will_add'====== Args={'number': 1}
2026-04-20 20:02:04,695 : INFO : EventManager : Event: ======'player_adding'====== Args={'player': <Player 1>, 'number': 1}
2026-04-20 20:02:04,695 : INFO : EventManager : Event: ======'player_added'====== Args={'player': <Player 1>, 'num': 1}
2026-04-20 20:02:04,695 : INFO : Mode.game : Player added successfully. Total players: 1
2026-04-20 20:02:04,695 : INFO : EventManager : Event: ======'player_index'====== Args={'value': 0, 'prev_value': 0, 'change': 0, 'player_num': 1}
2026-04-20 20:02:04,696 : INFO : EventManager : Event: ======'player_number'====== Args={'value': 1, 'prev_value': 1, 'change': 0, 'player_num': 1}
2026-04-20 20:02:04,696 : INFO : EventManager : Event: ======'player_score'====== Args={'value': 0, 'prev_value': 0, 'change': 0, 'player_num': 1}
2026-04-20 20:02:04,696 : INFO : EventManager : Event: ======'game_started'====== Args={}
2026-04-20 20:02:04,696 : INFO : EventManager : Event: ======'player_turn_will_start'====== Args={'player': <Player 1>, 'number': 1}
2026-04-20 20:02:04,697 : INFO : EventManager : Event: ======'player_turn_starting'====== Args={'player': <Player 1>, 'number': 1}
2026-04-20 20:02:04,700 : INFO : EventManager : Event: ======'player_ball'====== Args={'value': 1, 'prev_value': 0, 'change': 1, 'player_num': 1}
2026-04-20 20:02:04,700 : INFO : EventManager : Event: ======'player_turn_started'====== Args={'player': <Player 1>, 'number': 1}
2026-04-20 20:02:04,701 : INFO : EventManager : Event: ======'ball_will_start'====== Args={'player': 1, 'ball': 1, 'balls_remaining': 2, 'is_extra_ball': False}
2026-04-20 20:02:04,701 : INFO : EventManager : Event: ======'ball_starting'====== Args={'player': 1, 'ball': 1, 'balls_remaining': 2, 'is_extra_ball': False}
2026-04-20 20:02:04,701 : INFO : EventManager : Event: ======'mode_song_select_will_start'====== Args={'queue': <QueuedEvent>, 'player': 1, 'ball': 1, 'balls_remaining': 2, 'is_extra_ball': False}
2026-04-20 20:02:04,701 : INFO : EventManager : Event: ======'mode_song_select_starting'====== Args={'queue': <QueuedEvent>, 'player': 1, 'ball': 1, 'balls_remaining': 2, 'is_extra_ball': False}
2026-04-20 20:02:04,702 : INFO : EventManager : Event: ======'mode_base_will_start'====== Args={'queue': <QueuedEvent>, 'player': 1, 'ball': 1, 'balls_remaining': 2, 'is_extra_ball': False}
2026-04-20 20:02:04,702 : INFO : EventManager : Event: ======'player_shot_left_lane_enabled'====== Args={'value': True, 'prev_value': 0, 'change': 1, 'player_num': 1}
2026-04-20 20:02:04,702 : INFO : EventManager : Event: ======'mode_base_starting'====== Args={'queue': <QueuedEvent>, 'player': 1, 'ball': 1, 'balls_remaining': 2, 'is_extra_ball': False}
2026-04-20 20:02:04,703 : INFO : Mode.base : Started. Priority: 100
2026-04-20 20:02:04,703 : INFO : EventManager : Event: ======'modes_active_modes_changed'====== Args={}
2026-04-20 20:02:04,703 : INFO : EventManager : Event: ======'mode_base_started'====== Args={'queue': <QueuedEvent>, 'player': 1, 'ball': 1, 'balls_remaining': 2, 'is_extra_ball': False}
2026-04-20 20:02:04,703 : INFO : EventManager : Event: ======'start_mode_bumpers'====== Args={'priority': 0}
2026-04-20 20:02:04,703 : INFO : EventManager : Event: ======'mode_bumpers_will_start'====== Args={'priority': 0}
2026-04-20 20:02:04,703 : INFO : EventManager : Event: ======'player_shot_bumper_left_enabled'====== Args={'value': True, 'prev_value': 0, 'change': 1, 'player_num': 1}
2026-04-20 20:02:04,703 : INFO : EventManager : Event: ======'player_shot_bumper_right_enabled'====== Args={'value': True, 'prev_value': 0, 'change': 1, 'player_num': 1}
2026-04-20 20:02:04,704 : INFO : EventManager : Event: ======'bumpers_complete'====== Args={'state': 'unlit'}
2026-04-20 20:02:04,704 : INFO : EventManager : Event: ======'bumpers_unlit_complete'====== Args={}
2026-04-20 20:02:04,704 : INFO : EventManager : Event: ======'mode_bumpers_starting'====== Args={'priority': 0}
2026-04-20 20:02:04,704 : INFO : Mode.bumpers : Started. Priority: 200
2026-04-20 20:02:04,704 : INFO : EventManager : Event: ======'modes_active_modes_changed'====== Args={}
2026-04-20 20:02:04,704 : INFO : EventManager : Event: ======'mode_bumpers_started'====== Args={'priority': 0}
2026-04-20 20:02:04,704 : INFO : Mode.song_select : Started. Priority: 1500
2026-04-20 20:02:04,704 : INFO : EventManager : Event: ======'modes_active_modes_changed'====== Args={}
2026-04-20 20:02:04,704 : INFO : EventManager : Event: ======'mode_song_select_started'====== Args={'queue': <QueuedEvent>, 'player': 1, 'ball': 1, 'balls_remaining': 2, 'is_extra_ball': False}
2026-04-20 20:02:04,727 : INFO : EventManager : Event: ======'song_select_show_slide'====== Args={}
2026-04-20 20:02:04,727 : INFO : EventManager : Event: ======'song_select_updated'====== Args={'stage': 'genre', 'genres': ['?', 'Alternative', 'Brit Invasion', 'Disco', 'Doo Wop', 'Folk', 'Folk Rock', 'Funk', 'Glitter:Glam', 'Grunge', 'Hard Rock', 'Heavy Metal', 'Hip Hop', 'New Wave', 'Pop Rock', 'Prog Rock', 'Psychedelic', 'Punk (70s)', 'Punk (80s)', 'R+B', 'Rap', 'Rock-a-Billy', 'Soul', 'Southern Rock'], 'genre': 'Pick a song!', 'song_title': '', 'genre_index': 1, 'genre_count': 25, 'selected_genre_index': -1, 'song_index': 0, 'song_count': 0, 'songs_text': '', 'sound_key': '', 'audio_path': '', 'song_bus': 'music', 'song_start_at': 0.0, 'has_audio': True, 'random_selected': True}
2026-04-20 20:02:04,727 : INFO : EventManager : Event: ======'balls_in_play'====== Args={'balls': 1}
2026-04-20 20:02:04,727 : INFO : EventManager : Event: ======'ball_started'====== Args={'player': 1, 'ball': 1, 'balls_remaining': 2, 'is_extra_ball': False}
2026-04-20 20:02:04,728 : INFO : EventManager : Event: ======'single_player_ball_started'====== Args={}
2026-04-20 20:02:04,728 : INFO : EventManager : Event: ======'ball_start_target'====== Args={'target': 'playfield'}
2026-04-20 20:02:04,728 : INFO : EventManager : Event: ======'song_select_show_slide'====== Args={}
2026-04-20 20:02:04,728 : INFO : EventManager : Event: ======'song_select_updated'====== Args={'stage': 'genre', 'genres': ['?', 'Alternative', 'Brit Invasion', 'Disco', 'Doo Wop', 'Folk', 'Folk Rock', 'Funk', 'Glitter:Glam', 'Grunge', 'Hard Rock', 'Heavy Metal', 'Hip Hop', 'New Wave', 'Pop Rock', 'Prog Rock', 'Psychedelic', 'Punk (70s)', 'Punk (80s)', 'R+B', 'Rap', 'Rock-a-Billy', 'Soul', 'Southern Rock'], 'genre': 'Pick a song!', 'song_title': '', 'genre_index': 1, 'genre_count': 25, 'selected_genre_index': -1, 'song_index': 0, 'song_count': 0, 'songs_text': '', 'sound_key': '', 'audio_path': '', 'song_bus': 'music', 'song_start_at': 0.0, 'has_audio': True, 'random_selected': True}
2026-04-20 20:02:04,728 : INFO : ball_device.bd_trough : Setting up player-controlled eject. Balls: 1, Target: <playfield.playfield>, player_controlled_eject_event: None
2026-04-20 20:02:04,728 : INFO : ball_device.bd_trough : Adding 1 ball(s) to the eject_queue with target <playfield.playfield>.
2026-04-20 20:02:04,728 : INFO : EventManager : Event: ======'balldevice_balls_available'====== Args={}
2026-04-20 20:02:04,729 : INFO : ball_device.bd_trough : State: waiting_for_target_ready
2026-04-20 20:02:04,729 : INFO : EventManager : Event: ======'balldevice_bd_trough_ball_eject_attempt'====== Args={'balls': 1, 'target': <ball_device.bd_plunger>, 'source': <ball_device.bd_trough>, 'mechanical_eject': False, 'num_attempts': 0}
2026-04-20 20:02:04,729 : INFO : ball_device.bd_plunger : State: waiting_for_ball
2026-04-20 20:02:04,729 : INFO : ball_device.bd_trough : State: ejecting
2026-04-20 20:02:04,729 : INFO : ball_device.bd_trough : Ejecting ball to <ball_device.bd_plunger>
2026-04-20 20:02:04,729 : INFO : EventManager : Event: ======'balldevice_bd_trough_ejecting_ball'====== Args={'balls': 1, 'target': <ball_device.bd_plunger>, 'source': <ball_device.bd_trough>, 'mechanical_eject': False, 'num_attempts': 0}
2026-04-20 20:02:04,730 : INFO : ball_device.bd_trough : Wait for ball to leave device
2026-04-20 20:02:04,730 : INFO : coil.c_trough_eject : Pulsing Driver for 10ms (1.0 pulse_power)
2026-04-20 20:02:04,742 : INFO : EventManager : Event: ======'slide_base_slide_created'====== Args={'_from_bcp': True}
2026-04-20 20:02:04,742 : INFO : EventManager : Event: ======'slide_attract_inactive'====== Args={'is_removing': True, '_from_bcp': True}
2026-04-20 20:02:04,742 : INFO : EventManager : Event: ======'slide_base_slide_active'====== Args={'original_context': 'base', 'original_calling_context': 'mode_base_started', 'priority': 100.0, 'queue': '<QueuedEvent>', 'player': 1.0, 'ball': 1.0, 'balls_remaining': 2.0, 'is_extra_ball': False, 'cmd': 'slides_play', '_from_bcp': True}
2026-04-20 20:02:04,742 : INFO : EventManager : Event: ======'slide_attract_removed'====== Args={'_from_bcp': True}
2026-04-20 20:02:04,743 : INFO : EventManager : Event: ======'song_select_show_slide'====== Args={}
2026-04-20 20:02:04,743 : INFO : EventManager : Event: ======'song_select_updated'====== Args={'stage': 'genre', 'genres': ['?', 'Alternative', 'Brit Invasion', 'Disco', 'Doo Wop', 'Folk', 'Folk Rock', 'Funk', 'Glitter:Glam', 'Grunge', 'Hard Rock', 'Heavy Metal', 'Hip Hop', 'New Wave', 'Pop Rock', 'Prog Rock', 'Psychedelic', 'Punk (70s)', 'Punk (80s)', 'R+B', 'Rap', 'Rock-a-Billy', 'Soul', 'Southern Rock'], 'genre': 'Pick a song!', 'song_title': '', 'genre_index': 1, 'genre_count': 25, 'selected_genre_index': -1, 'song_index': 0, 'song_count': 0, 'songs_text': '', 'sound_key': '', 'audio_path': '', 'song_bus': 'music', 'song_start_at': 0.0, 'has_audio': True, 'random_selected': True}
2026-04-20 20:02:04,768 : INFO : EventManager : Event: ======'song_select_show_slide'====== Args={}
2026-04-20 20:02:04,768 : INFO : EventManager : Event: ======'song_select_updated'====== Args={'stage': 'genre', 'genres': ['?', 'Alternative', 'Brit Invasion', 'Disco', 'Doo Wop', 'Folk', 'Folk Rock', 'Funk', 'Glitter:Glam', 'Grunge', 'Hard Rock', 'Heavy Metal', 'Hip Hop', 'New Wave', 'Pop Rock', 'Prog Rock', 'Psychedelic', 'Punk (70s)', 'Punk (80s)', 'R+B', 'Rap', 'Rock-a-Billy', 'Soul', 'Southern Rock'], 'genre': 'Pick a song!', 'song_title': '', 'genre_index': 1, 'genre_count': 25, 'selected_genre_index': -1, 'song_index': 0, 'song_count': 0, 'songs_text': '', 'sound_key': '', 'audio_path': '', 'song_bus': 'music', 'song_start_at': 0.0, 'has_audio': True, 'random_selected': True}
2026-04-20 20:02:04,784 : INFO : EventManager : Event: ======'slide_song_select_created'====== Args={'_from_bcp': True}
2026-04-20 20:02:04,784 : INFO : EventManager : Event: ======'slide_base_slide_inactive'====== Args={'is_removing': False, '_from_bcp': True}
2026-04-20 20:02:04,784 : INFO : EventManager : Event: ======'slide_song_select_active'====== Args={'original_context': 'song_select', 'priority': 1500, '_from_bcp': True}
2026-04-20 20:02:04,808 : INFO : EventManager : Event: ======'song_select_show_slide'====== Args={}
2026-04-20 20:02:04,808 : INFO : EventManager : Event: ======'song_select_updated'====== Args={'stage': 'genre', 'genres': ['?', 'Alternative', 'Brit Invasion', 'Disco', 'Doo Wop', 'Folk', 'Folk Rock', 'Funk', 'Glitter:Glam', 'Grunge', 'Hard Rock', 'Heavy Metal', 'Hip Hop', 'New Wave', 'Pop Rock', 'Prog Rock', 'Psychedelic', 'Punk (70s)', 'Punk (80s)', 'R+B', 'Rap', 'Rock-a-Billy', 'Soul', 'Southern Rock'], 'genre': 'Pick a song!', 'song_title': '', 'genre_index': 1, 'genre_count': 25, 'selected_genre_index': -1, 'song_index': 0, 'song_count': 0, 'songs_text': '', 'sound_key': '', 'audio_path': '', 'song_bus': 'music', 'song_start_at': 0.0, 'has_audio': True, 'random_selected': True}
2026-04-20 20:02:08,942 : INFO : Machine : Shutting down...
2026-04-20 20:02:08,943 : INFO : EventManager : Event: ======'shutdown'====== Args={}
2026-04-20 20:02:08,943 : INFO : EventManager : Event: ======'mode_game_will_stop'====== Args={}
2026-04-20 20:02:08,943 : INFO : EventManager : Event: ======'mode_game_stopping'====== Args={}
2026-04-20 20:02:08,944 : INFO : EventManager : Event: ======'mode_song_select_will_stop'====== Args={}
2026-04-20 20:02:08,944 : INFO : EventManager : Event: ======'mode_song_select_stopping'====== Args={}
2026-04-20 20:02:08,944 : INFO : EventManager : Event: ======'mode_base_will_stop'====== Args={}
2026-04-20 20:02:08,944 : INFO : EventManager : Event: ======'mode_base_stopping'====== Args={}
2026-04-20 20:02:08,944 : INFO : EventManager : Event: ======'mode_bumpers_will_stop'====== Args={}
2026-04-20 20:02:08,944 : INFO : EventManager : Event: ======'mode_bumpers_stopping'====== Args={}
2026-04-20 20:02:08,944 : INFO : EventManager : Event: ======'stop_mode_bumpers'====== Args={'priority': 0}
2026-04-20 20:02:08,945 : INFO : Mode.bumpers : Stopped.
2026-04-20 20:02:08,945 : INFO : EventManager : Event: ======'modes_active_modes_changed'====== Args={}
2026-04-20 20:02:08,945 : INFO : EventManager : Event: ======'mode_bumpers_stopped'====== Args={}
2026-04-20 20:02:08,945 : INFO : EventManager : Event: ======'clear'====== Args={'key': 'bumpers'}
2026-04-20 20:02:08,945 : INFO : Mode.base : Stopped.
2026-04-20 20:02:08,945 : INFO : EventManager : Event: ======'modes_active_modes_changed'====== Args={}
2026-04-20 20:02:08,945 : INFO : EventManager : Event: ======'mode_base_stopped'====== Args={}
2026-04-20 20:02:08,945 : INFO : EventManager : Event: ======'clear'====== Args={'key': 'base'}
2026-04-20 20:02:08,945 : INFO : Mode.song_select : Stopped.
2026-04-20 20:02:08,946 : INFO : EventManager : Event: ======'modes_active_modes_changed'====== Args={}
2026-04-20 20:02:08,946 : INFO : EventManager : Event: ======'mode_song_select_stopped'====== Args={}
2026-04-20 20:02:08,946 : INFO : EventManager : Event: ======'clear'====== Args={'key': 'song_select'}
2026-04-20 20:02:08,946 : INFO : Mode.game : Stopped.
2026-04-20 20:02:08,946 : INFO : EventManager : Event: ======'modes_active_modes_changed'====== Args={}
2026-04-20 20:02:08,946 : INFO : EventManager : Event: ======'mode_game_stopped'====== Args={}
2026-04-20 20:02:08,946 : INFO : EventManager : Event: ======'clear'====== Args={'key': 'game'}
2026-04-20 20:02:08,948 : INFO : root : MPF run loop ended.
