2026-04-16 13:50:56,147 : INFO : root : Loading config.
2026-04-16 13:50:56,195 : INFO : ConfigProcessor : Config spec file cache created: /var/folders/nw/6blj94p12ldcym3fj104vzlm0000gn/T/config_spec.mpf_cache
2026-04-16 13:50:56,195 : INFO : YamlMultifileConfigLoader : Machine config file #1: config.yaml
2026-04-16 13:50:56,195 : INFO : ConfigProcessor : Loading config from cache: /var/folders/nw/6blj94p12ldcym3fj104vzlm0000gn/T/b334f8a4e2121184f8a617378a4d1625.mpf_cache
2026-04-16 13:50:56,206 : INFO : ConfigProcessor : Loading config from cache: /var/folders/nw/6blj94p12ldcym3fj104vzlm0000gn/T/63da12c4cec82227b4c3859bbf3c7cd4.mpf_cache
2026-04-16 13:50:56,206 : INFO : ConfigProcessor : Loading config from cache: /var/folders/nw/6blj94p12ldcym3fj104vzlm0000gn/T/b8625db2ee8ad38c42d4f1c72235edc8.mpf_cache
2026-04-16 13:50:56,207 : INFO : ConfigProcessor : Loading config from cache: /var/folders/nw/6blj94p12ldcym3fj104vzlm0000gn/T/63da12c4cec82227b4c3859bbf3c7cd4.mpf_cache
2026-04-16 13:50:56,207 : INFO : ConfigProcessor : Loading config from cache: /var/folders/nw/6blj94p12ldcym3fj104vzlm0000gn/T/104947b35f87d581877cdaf02599b463.mpf_cache
2026-04-16 13:50:56,207 : INFO : ConfigProcessor : Loading config from cache: /var/folders/nw/6blj94p12ldcym3fj104vzlm0000gn/T/bc830d47d6fbb336561cc63e74edf2c9.mpf_cache
2026-04-16 13:50:56,207 : WARNING : ConfigProcessor : Config file in cache changed: /Users/willrante/Documents/GitHub/pinball/modes/rhythm/config/rhythm.yaml
2026-04-16 13:50:56,207 : INFO : ConfigProcessor : Loading config from file /Users/willrante/Documents/GitHub/pinball/modes/rhythm/config/rhythm.yaml.
2026-04-16 13:50:56,210 : INFO : ConfigProcessor : Loading config: /Users/willrante/Documents/GitHub/pinball/modes/rhythm/config/rhythm.yaml
2026-04-16 13:50:56,210 : INFO : ConfigProcessor : Config file cache created: /var/folders/nw/6blj94p12ldcym3fj104vzlm0000gn/T/4273c698423283a7843ff5c77ef69dc9.mpf_cache
2026-04-16 13:50:56,210 : INFO : ConfigProcessor : Loading config from cache: /var/folders/nw/6blj94p12ldcym3fj104vzlm0000gn/T/7424f2cce7b15e0b37e570d3514590c8.mpf_cache
2026-04-16 13:50:56,211 : INFO : Machine : Mission Pinball Framework Core Engine v0.80.0.dev13
2026-04-16 13:50:56,211 : INFO : Machine : Command line arguments: {'no_load_cache': False, 'create_config_cache': True, 'bcp': True, 'configfile': ['config.yaml'], 'force_assets_load': False, 'platform_integration_test': False, 'jsonlogging': False, 'logfile': 'logs/2026-04-16-13-50-56-mpf-Wills-MacBook-Pro-M5.local.log', 'pause': False, 'production': False, 'text_ui': False, 'loglevel': 15, 'consoleloglevel': 20, 'force_platform': 'virtual', 'syslog_address': None, 'full_logfile_path': '/Users/willrante/Documents/GitHub/pinball/logs/2026-04-16-13-50-56-mpf-Wills-MacBook-Pro-M5.local.log'}
2026-04-16 13:50:56,211 : INFO : Machine : MPF path: /Users/willrante/mpf-env/lib/python3.14/site-packages/mpf
2026-04-16 13:50:56,211 : INFO : Machine : Machine path: /Users/willrante/Documents/GitHub/pinball
2026-04-16 13:50:56,211 : INFO : Machine : Platform: darwin
2026-04-16 13:50:56,211 : INFO : Machine : Python executable location: /Users/willrante/mpf-env/bin/python3.14
2026-04-16 13:50:56,211 : INFO : Machine : Python version: 3.14.3 (64-bit)
2026-04-16 13:50:56,211 : INFO : Machine : Initializing MPF...
2026-04-16 13:50:56,224 : INFO : EventManager : Event: ======'machine_var_credits_string'====== Args={'value': 'FREE PLAY', 'prev_value': None, 'change': True}
2026-04-16 13:50:56,226 : INFO : EventManager : Event: ======'machine_var_master_volume'====== Args={'value': 0.5, 'prev_value': None, 'change': True}
2026-04-16 13:50:56,226 : INFO : EventManager : Event: ======'machine_var_mpf_version'====== Args={'value': 'Mission Pinball Framework v0.80.0.dev13', 'prev_value': None, 'change': True}
2026-04-16 13:50:56,226 : INFO : EventManager : Event: ======'machine_var_mpf_extended_version'====== Args={'value': 'Mission Pinball Framework v0.80.0.dev13, Config version:6, Show version: 6, BCP version:1.1', 'prev_value': None, 'change': True}
2026-04-16 13:50:56,226 : INFO : EventManager : Event: ======'machine_var_python_version'====== Args={'value': '3.14.3', 'prev_value': None, 'change': True}
2026-04-16 13:50:56,232 : INFO : EventManager : Event: ======'machine_var_platform'====== Args={'value': 'macOS-26.4.1-arm64-arm-64bit-Mach-O', 'prev_value': None, 'change': True}
2026-04-16 13:50:56,232 : INFO : EventManager : Event: ======'machine_var_platform_system'====== Args={'value': 'Darwin', 'prev_value': None, 'change': True}
2026-04-16 13:50:56,232 : INFO : EventManager : Event: ======'machine_var_platform_release'====== Args={'value': '25.4.0', 'prev_value': None, 'change': True}
2026-04-16 13:50:56,232 : INFO : EventManager : Event: ======'machine_var_platform_version'====== Args={'value': 'Darwin Kernel Version 25.4.0: Thu Mar 19 19:33:50 PDT 2026; root:xnu-12377.101.15~1/RELEASE_ARM64_T6050', 'prev_value': None, 'change': True}
2026-04-16 13:50:56,232 : INFO : EventManager : Event: ======'machine_var_platform_machine'====== Args={'value': 'arm64', 'prev_value': None, 'change': True}
2026-04-16 13:50:56,232 : INFO : EventManager : Event: ======'machine_var_log_file_path'====== Args={'value': '/Users/willrante/Documents/GitHub/pinball/logs/2026-04-16-13-50-56-mpf-Wills-MacBook-Pro-M5.local.log', 'prev_value': None, 'change': True}
2026-04-16 13:50:56,232 : INFO : EventManager : Event: ======'init_phase_1'====== Args={}
2026-04-16 13:50:56,236 : INFO : EventManager : Event: ======'init_phase_2'====== Args={}
2026-04-16 13:50:56,236 : INFO : SwitchController : Found active switch: (1007, <Platform.Virtual>) <switch.s_trough_1>
2026-04-16 13:50:56,236 : INFO : SwitchController : Found active switch: (1008, <Platform.Virtual>) <switch.s_trough_2>
2026-04-16 13:50:56,236 : INFO : SwitchController : Found active switch: (1009, <Platform.Virtual>) <switch.s_trough_3>
2026-04-16 13:50:56,237 : INFO : EventManager : Event: ======'bcp_connection_attempt'====== Args={'name': 'local_display', 'host': 'localhost', 'port': 5050}
2026-04-16 13:50:56,237 : INFO : BCPClientSocket : Connecting BCP to 'local_display' at localhost:5050...
2026-04-16 13:50:56,239 : INFO : BCPClientSocket : Connected BCP to 'local_display' localhost:5050
2026-04-16 13:50:56,240 : INFO : EventManager : Event: ======'bcp_clients_connected'====== Args={}
2026-04-16 13:50:56,240 : INFO : ball_device.bd_plunger : BCH: Initial count: 0
2026-04-16 13:50:56,240 : INFO : ball_device.bd_plunger : State: idle
2026-04-16 13:50:56,240 : INFO : ball_device.bd_trough : BCH: Initial count: 3
2026-04-16 13:50:56,240 : INFO : ball_device.bd_trough : State: idle
2026-04-16 13:50:56,242 : INFO : EventManager : Event: ======'init_phase_3'====== Args={}
2026-04-16 13:50:56,243 : INFO : EventManager : Event: ======'init_phase_4'====== Args={}
2026-04-16 13:50:56,243 : INFO : BallController : Initial balls found: 3
2026-04-16 13:50:56,243 : INFO : EventManager : Event: ======'machine_var_audits_events_game_ended'====== Args={'value': 0, 'prev_value': None, 'change': True}
2026-04-16 13:50:56,244 : INFO : EventManager : Event: ======'machine_var_audits_events_game_started'====== Args={'value': 12, 'prev_value': None, 'change': True}
2026-04-16 13:50:56,244 : INFO : EventManager : Event: ======'machine_var_audits_missing_switches_s_bumper_left'====== Args={'value': 1, 'prev_value': None, 'change': True}
2026-04-16 13:50:56,244 : INFO : EventManager : Event: ======'machine_var_audits_missing_switches_s_bumper_right'====== Args={'value': 1, 'prev_value': None, 'change': True}
2026-04-16 13:50:56,244 : INFO : EventManager : Event: ======'machine_var_audits_missing_switches_s_plunger_lane'====== Args={'value': 12, 'prev_value': None, 'change': True}
2026-04-16 13:50:56,244 : INFO : EventManager : Event: ======'machine_var_audits_missing_switches_s_start'====== Args={'value': 8, 'prev_value': None, 'change': True}
2026-04-16 13:50:56,244 : INFO : EventManager : Event: ======'machine_var_audits_missing_switches_s_trough_1'====== Args={'value': 12, 'prev_value': None, 'change': True}
2026-04-16 13:50:56,244 : INFO : EventManager : Event: ======'machine_var_audits_missing_switches_s_trough_2'====== Args={'value': 12, 'prev_value': None, 'change': True}
2026-04-16 13:50:56,244 : INFO : EventManager : Event: ======'machine_var_audits_missing_switches_s_trough_3'====== Args={'value': 12, 'prev_value': None, 'change': True}
2026-04-16 13:50:56,244 : INFO : EventManager : Event: ======'machine_var_audits_player_score'====== Args={'value': {'average': 0, 'top': [], 'total': 0}, 'prev_value': None, 'change': True}
2026-04-16 13:50:56,244 : INFO : EventManager : Event: ======'machine_var_audits_shots_bumper_left'====== Args={'value': 145, 'prev_value': None, 'change': True}
2026-04-16 13:50:56,244 : INFO : EventManager : Event: ======'machine_var_audits_shots_bumper_right'====== Args={'value': 144, 'prev_value': None, 'change': True}
2026-04-16 13:50:56,244 : INFO : EventManager : Event: ======'machine_var_audits_shots_hurryup'====== Args={'value': 3, 'prev_value': None, 'change': True}
2026-04-16 13:50:56,244 : INFO : EventManager : Event: ======'machine_var_audits_shots_left_lane'====== Args={'value': 19, 'prev_value': None, 'change': True}
2026-04-16 13:50:56,244 : INFO : EventManager : Event: ======'machine_var_audits_switches_s_action_button'====== Args={'value': 54, 'prev_value': None, 'change': True}
2026-04-16 13:50:56,244 : INFO : EventManager : Event: ======'machine_var_audits_switches_s_bumper_left'====== Args={'value': 145, 'prev_value': None, 'change': True}
2026-04-16 13:50:56,244 : INFO : EventManager : Event: ======'machine_var_audits_switches_s_bumper_right'====== Args={'value': 144, 'prev_value': None, 'change': True}
2026-04-16 13:50:56,244 : INFO : EventManager : Event: ======'machine_var_audits_switches_s_flipper_left'====== Args={'value': 120, 'prev_value': None, 'change': True}
2026-04-16 13:50:56,244 : INFO : EventManager : Event: ======'machine_var_audits_switches_s_flipper_right'====== Args={'value': 110, 'prev_value': None, 'change': True}
2026-04-16 13:50:56,244 : INFO : EventManager : Event: ======'machine_var_audits_switches_s_left_lane'====== Args={'value': 19, 'prev_value': None, 'change': True}
2026-04-16 13:50:56,244 : INFO : EventManager : Event: ======'machine_var_audits_switches_s_plunger_lane'====== Args={'value': 0, 'prev_value': None, 'change': True}
2026-04-16 13:50:56,244 : INFO : EventManager : Event: ======'machine_var_audits_switches_s_start'====== Args={'value': 3, 'prev_value': None, 'change': True}
2026-04-16 13:50:56,244 : INFO : EventManager : Event: ======'machine_var_audits_switches_s_trough_1'====== Args={'value': 0, 'prev_value': None, 'change': True}
2026-04-16 13:50:56,244 : INFO : EventManager : Event: ======'machine_var_audits_switches_s_trough_2'====== Args={'value': 0, 'prev_value': None, 'change': True}
2026-04-16 13:50:56,244 : INFO : EventManager : Event: ======'machine_var_audits_switches_s_trough_3'====== Args={'value': 0, 'prev_value': None, 'change': True}
2026-04-16 13:50:56,244 : INFO : EventManager : Event: ======'init_phase_5'====== Args={}
2026-04-16 13:50:56,244 : INFO : EventManager : Event: ======'init_done'====== Args={}
2026-04-16 13:50:56,244 : INFO : EventManager : Event: ======'machine_reset_phase_1'====== Args={}
2026-04-16 13:50:56,257 : INFO : EventManager : Event: ======'machine_reset_phase_2'====== Args={}
2026-04-16 13:50:56,257 : INFO : EventManager : Event: ======'machine_reset_phase_3'====== Args={}
2026-04-16 13:50:56,257 : INFO : EventManager : Event: ======'reset_complete'====== Args={}
2026-04-16 13:50:56,258 : INFO : EventManager : Event: ======'mode_attract_will_start'====== Args={}
2026-04-16 13:50:56,258 : INFO : Timer.attract_carousel_timer : Starting Timer.
2026-04-16 13:50:56,258 : INFO : EventManager : Event: ======'timer_attract_carousel_timer_started'====== Args={'ticks': 0, 'ticks_remaining': 1}
2026-04-16 13:50:56,258 : INFO : EventManager : Event: ======'timer_attract_carousel_timer_tick'====== Args={'ticks': 0, 'ticks_remaining': 1}
2026-04-16 13:50:56,258 : INFO : EventManager : Event: ======'mode_attract_starting'====== Args={}
2026-04-16 13:50:56,258 : INFO : Mode.attract : Started. Priority: 10
2026-04-16 13:50:56,258 : INFO : EventManager : Event: ======'modes_active_modes_changed'====== Args={}
2026-04-16 13:50:56,258 : INFO : EventManager : Event: ======'mode_attract_started'====== Args={}
2026-04-16 13:50:56,258 : INFO : EventManager : Event: ======'collecting_balls_complete'====== Args={}
2026-04-16 13:50:56,258 : INFO : EventManager : Event: ======'carousel_item_highlighted'====== Args={'carousel': 'attract', 'direction': None, 'item': 'title'}
2026-04-16 13:50:56,258 : INFO : EventManager : Event: ======'timer_attract_carousel_timer_tick'====== Args={'ticks': 0, 'ticks_remaining': 1}
2026-04-16 13:50:56,258 : INFO : Machine : Starting the main run loop with active modes: [<Mode.attract>]
2026-04-16 13:50:56,299 : INFO : EventManager : Event: ======'slide_attract_created'====== Args={'_from_bcp': True}
2026-04-16 13:50:56,299 : INFO : EventManager : Event: ======'slide__removed'====== Args={'_from_bcp': True}
2026-04-16 13:50:56,299 : INFO : EventManager : Event: ======'slide_attract_active'====== Args={'original_context': 'attract', 'original_calling_context': 'mode_attract_started', 'priority': 10.0, 'cmd': 'slides_play', '_from_bcp': True}
2026-04-16 13:50:58,507 : INFO : SwitchController : <<<<<<< 's_start' active >>>>>>>
2026-04-16 13:50:58,623 : INFO : SwitchController : <<<<<<< 's_start' inactive >>>>>>>
2026-04-16 13:50:58,623 : INFO : EventManager : Event: ======'request_to_start_game'====== Args={}
2026-04-16 13:50:58,624 : INFO : EventManager : Event: ======'game_start'====== Args={'buttons': [], 'hold_time': 0.11601708299986058}
2026-04-16 13:50:58,624 : INFO : EventManager : Event: ======'mode_game_will_start'====== Args={'buttons': [], 'hold_time': 0.11601708299986058}
2026-04-16 13:50:58,625 : INFO : EventManager : Event: ======'mode_game_starting'====== Args={'buttons': [], 'hold_time': 0.11601708299986058}
2026-04-16 13:50:58,625 : INFO : EventManager : Event: ======'mode_attract_will_stop'====== Args={}
2026-04-16 13:50:58,625 : INFO : EventManager : Event: ======'mode_attract_stopping'====== Args={}
2026-04-16 13:50:58,625 : INFO : Mode.attract : Stopped.
2026-04-16 13:50:58,625 : INFO : EventManager : Event: ======'modes_active_modes_changed'====== Args={}
2026-04-16 13:50:58,626 : INFO : EventManager : Event: ======'mode_attract_stopped'====== Args={}
2026-04-16 13:50:58,626 : INFO : EventManager : Event: ======'clear'====== Args={'key': 'attract'}
2026-04-16 13:50:58,626 : INFO : Timer.attract_carousel_timer : Stopping Timer
2026-04-16 13:50:58,626 : INFO : EventManager : Event: ======'timer_attract_carousel_timer_stopped'====== Args={'ticks': 0, 'ticks_remaining': 1}
2026-04-16 13:50:58,626 : INFO : Mode.game : Started. Priority: 20
2026-04-16 13:50:58,626 : INFO : EventManager : Event: ======'modes_active_modes_changed'====== Args={}
2026-04-16 13:50:58,627 : INFO : EventManager : Event: ======'mode_game_started'====== Args={'buttons': [], 'hold_time': 0.11601708299986058}
2026-04-16 13:50:58,627 : INFO : EventManager : Event: ======'game_will_start'====== Args={}
2026-04-16 13:50:58,627 : INFO : EventManager : Event: ======'game_starting'====== Args={'game': <Mode.game>}
2026-04-16 13:50:58,628 : INFO : EventManager : Unordered handler for class <Auditor> on event game_ended with priority 1. Handlers: [RegisteredHandler(callback=<bound method Auditor.disable of <Auditor>>, priority=1, kwargs={}, key=UUID('3ecbd353-d10b-4ac1-ae31-1c3edfda23c5'), condition=None, blocking_facility=None), RegisteredHandler(callback=<bound method Auditor._save_audits of <Auditor>>, priority=1, kwargs={}, key=UUID('93f916fe-b959-4b68-b2a0-74781440588a'), condition=None, blocking_facility=None)]. The order of those handlers is not defined and they will be executed in random order. This might lead to race conditions and potential bugs.
2026-04-16 13:50:58,628 : INFO : EventManager : Event: ======'player_add_request'====== Args={}
2026-04-16 13:50:58,628 : INFO : EventManager : Event: ======'player_will_add'====== Args={'number': 1}
2026-04-16 13:50:58,628 : INFO : EventManager : Event: ======'player_adding'====== Args={'player': <Player 1>, 'number': 1}
2026-04-16 13:50:58,628 : INFO : EventManager : Event: ======'player_added'====== Args={'player': <Player 1>, 'num': 1}
2026-04-16 13:50:58,628 : INFO : Mode.game : Player added successfully. Total players: 1
2026-04-16 13:50:58,629 : INFO : EventManager : Event: ======'player_index'====== Args={'value': 0, 'prev_value': 0, 'change': 0, 'player_num': 1}
2026-04-16 13:50:58,629 : INFO : EventManager : Event: ======'player_number'====== Args={'value': 1, 'prev_value': 1, 'change': 0, 'player_num': 1}
2026-04-16 13:50:58,629 : INFO : EventManager : Event: ======'player_score'====== Args={'value': 0, 'prev_value': 0, 'change': 0, 'player_num': 1}
2026-04-16 13:50:58,629 : INFO : EventManager : Event: ======'game_started'====== Args={}
2026-04-16 13:50:58,629 : INFO : EventManager : Event: ======'player_turn_will_start'====== Args={'player': <Player 1>, 'number': 1}
2026-04-16 13:50:58,629 : INFO : EventManager : Event: ======'player_turn_starting'====== Args={'player': <Player 1>, 'number': 1}
2026-04-16 13:50:58,630 : INFO : EventManager : Event: ======'player_ball'====== Args={'value': 1, 'prev_value': 0, 'change': 1, 'player_num': 1}
2026-04-16 13:50:58,630 : INFO : EventManager : Event: ======'player_turn_started'====== Args={'player': <Player 1>, 'number': 1}
2026-04-16 13:50:58,633 : INFO : EventManager : Event: ======'ball_will_start'====== Args={'player': 1, 'ball': 1, 'balls_remaining': 2, 'is_extra_ball': False}
2026-04-16 13:50:58,633 : INFO : EventManager : Event: ======'ball_starting'====== Args={'player': 1, 'ball': 1, 'balls_remaining': 2, 'is_extra_ball': False}
2026-04-16 13:50:58,633 : INFO : EventManager : Event: ======'mode_base_will_start'====== Args={'queue': <QueuedEvent>, 'player': 1, 'ball': 1, 'balls_remaining': 2, 'is_extra_ball': False}
2026-04-16 13:50:58,634 : INFO : EventManager : Event: ======'player_shot_left_lane_enabled'====== Args={'value': True, 'prev_value': 0, 'change': 1, 'player_num': 1}
2026-04-16 13:50:58,634 : INFO : EventManager : Event: ======'mode_base_starting'====== Args={'queue': <QueuedEvent>, 'player': 1, 'ball': 1, 'balls_remaining': 2, 'is_extra_ball': False}
2026-04-16 13:50:58,634 : INFO : Mode.base : Started. Priority: 100
2026-04-16 13:50:58,634 : INFO : EventManager : Event: ======'modes_active_modes_changed'====== Args={}
2026-04-16 13:50:58,634 : INFO : EventManager : Event: ======'mode_base_started'====== Args={'queue': <QueuedEvent>, 'player': 1, 'ball': 1, 'balls_remaining': 2, 'is_extra_ball': False}
2026-04-16 13:50:58,635 : INFO : EventManager : Event: ======'start_mode_bumpers'====== Args={'priority': 0}
2026-04-16 13:50:58,635 : INFO : EventManager : Event: ======'mode_bumpers_will_start'====== Args={'priority': 0}
2026-04-16 13:50:58,635 : INFO : EventManager : Event: ======'player_shot_bumper_left_enabled'====== Args={'value': True, 'prev_value': 0, 'change': 1, 'player_num': 1}
2026-04-16 13:50:58,635 : INFO : EventManager : Event: ======'player_shot_bumper_right_enabled'====== Args={'value': True, 'prev_value': 0, 'change': 1, 'player_num': 1}
2026-04-16 13:50:58,636 : INFO : EventManager : Event: ======'bumpers_complete'====== Args={'state': 'unlit'}
2026-04-16 13:50:58,636 : INFO : EventManager : Event: ======'bumpers_unlit_complete'====== Args={}
2026-04-16 13:50:58,636 : INFO : EventManager : Event: ======'mode_bumpers_starting'====== Args={'priority': 0}
2026-04-16 13:50:58,636 : INFO : Mode.bumpers : Started. Priority: 200
2026-04-16 13:50:58,636 : INFO : EventManager : Event: ======'modes_active_modes_changed'====== Args={}
2026-04-16 13:50:58,636 : INFO : EventManager : Event: ======'mode_bumpers_started'====== Args={'priority': 0}
2026-04-16 13:50:58,636 : INFO : EventManager : Event: ======'balls_in_play'====== Args={'balls': 1}
2026-04-16 13:50:58,637 : INFO : EventManager : Event: ======'ball_started'====== Args={'player': 1, 'ball': 1, 'balls_remaining': 2, 'is_extra_ball': False}
2026-04-16 13:50:58,637 : INFO : EventManager : Event: ======'single_player_ball_started'====== Args={}
2026-04-16 13:50:58,637 : INFO : EventManager : Event: ======'ball_start_target'====== Args={'target': 'playfield'}
2026-04-16 13:50:58,637 : INFO : ball_device.bd_trough : Setting up player-controlled eject. Balls: 1, Target: <playfield.playfield>, player_controlled_eject_event: None
2026-04-16 13:50:58,637 : INFO : ball_device.bd_trough : Adding 1 ball(s) to the eject_queue with target <playfield.playfield>.
2026-04-16 13:50:58,637 : INFO : EventManager : Event: ======'balldevice_balls_available'====== Args={}
2026-04-16 13:50:58,638 : INFO : ball_device.bd_trough : State: waiting_for_target_ready
2026-04-16 13:50:58,638 : INFO : EventManager : Event: ======'balldevice_bd_trough_ball_eject_attempt'====== Args={'balls': 1, 'target': <ball_device.bd_plunger>, 'source': <ball_device.bd_trough>, 'mechanical_eject': False, 'num_attempts': 0}
2026-04-16 13:50:58,638 : INFO : ball_device.bd_plunger : State: waiting_for_ball
2026-04-16 13:50:58,638 : INFO : ball_device.bd_trough : State: ejecting
2026-04-16 13:50:58,638 : INFO : ball_device.bd_trough : Ejecting ball to <ball_device.bd_plunger>
2026-04-16 13:50:58,638 : INFO : EventManager : Event: ======'balldevice_bd_trough_ejecting_ball'====== Args={'balls': 1, 'target': <ball_device.bd_plunger>, 'source': <ball_device.bd_trough>, 'mechanical_eject': False, 'num_attempts': 0}
2026-04-16 13:50:58,639 : INFO : ball_device.bd_trough : Wait for ball to leave device
2026-04-16 13:50:58,639 : INFO : coil.c_trough_eject : Pulsing Driver for 10ms (1.0 pulse_power)
2026-04-16 13:50:58,683 : INFO : EventManager : Event: ======'slide_base_slide_created'====== Args={'_from_bcp': True}
2026-04-16 13:50:58,683 : INFO : EventManager : Event: ======'slide_attract_inactive'====== Args={'is_removing': True, '_from_bcp': True}
2026-04-16 13:50:58,684 : INFO : EventManager : Event: ======'slide_base_slide_active'====== Args={'original_context': 'base', 'original_calling_context': 'mode_base_started', 'priority': 100.0, 'queue': '<QueuedEvent>', 'player': 1.0, 'ball': 1.0, 'balls_remaining': 2.0, 'is_extra_ball': False, 'cmd': 'slides_play', '_from_bcp': True}
2026-04-16 13:50:58,684 : INFO : EventManager : Event: ======'slide_attract_removed'====== Args={'_from_bcp': True}
2026-04-16 13:51:02,439 : INFO : SwitchController : <<<<<<< 's_left_lane' active >>>>>>>
2026-04-16 13:51:02,440 : INFO : EventManager : Event: ======'playfield_active'====== Args={'source': 'hurryup'}
2026-04-16 13:51:02,440 : INFO : EventManager : Event: ======'unexpected_ball_on_playfield'====== Args={}
2026-04-16 13:51:02,440 : INFO : EventManager : Event: ======'playfield_active'====== Args={'source': 'left_lane'}
2026-04-16 13:51:02,440 : INFO : EventManager : Event: ======'unexpected_ball_on_playfield'====== Args={}
2026-04-16 13:51:02,440 : INFO : EventManager : Event: ======'s_left_lane_active'====== Args={}
2026-04-16 13:51:02,440 : INFO : EventManager : Event: ======'machine_var_audits_switches_s_left_lane'====== Args={'value': 20, 'prev_value': 19, 'change': 1}
2026-04-16 13:51:02,441 : INFO : EventManager : Event: ======'player_shot_left_lane'====== Args={'value': 1, 'prev_value': 0, 'change': 1, 'player_num': 1}
2026-04-16 13:51:02,441 : INFO : EventManager : Event: ======'machine_var_audits_shots_left_lane'====== Args={'value': 20, 'prev_value': 19, 'change': 1}
2026-04-16 13:51:02,441 : INFO : EventManager : Event: ======'left_lane_hit'====== Args={'profile': 'default', 'state': 'unlit', 'advancing': True}
2026-04-16 13:51:02,442 : INFO : EventManager : Event: ======'left_lane_default_hit'====== Args={'profile': 'default', 'state': 'unlit', 'advancing': True}
2026-04-16 13:51:02,442 : INFO : EventManager : Event: ======'left_lane_default_unlit_hit'====== Args={'profile': 'default', 'state': 'unlit', 'advancing': True}
2026-04-16 13:51:02,442 : INFO : EventManager : Event: ======'left_lane_unlit_hit'====== Args={'profile': 'default', 'state': 'unlit', 'advancing': True}
2026-04-16 13:51:02,442 : INFO : EventManager : Event: ======'start_mode_rhythm'====== Args={'priority': 0}
2026-04-16 13:51:02,442 : INFO : EventManager : Event: ======'mode_rhythm_will_start'====== Args={'priority': 0}
2026-04-16 13:51:02,446 : INFO : EventManager : Event: ======'mode_rhythm_starting'====== Args={'priority': 0}
2026-04-16 13:51:02,446 : INFO : Mode.rhythm : Started. Priority: 1200
2026-04-16 13:51:02,446 : INFO : EventManager : Event: ======'modes_active_modes_changed'====== Args={}
2026-04-16 13:51:02,446 : INFO : EventManager : Event: ======'mode_rhythm_started'====== Args={'priority': 0}
2026-04-16 13:51:02,446 : INFO : EventManager : Event: ======'player_rhythm_mode_score'====== Args={'value': 0, 'prev_value': 0, 'change': 0, 'player_num': 1}
2026-04-16 13:51:02,447 : INFO : EventManager : Event: ======'player_rhythm_combo'====== Args={'value': 0, 'prev_value': 0, 'change': 0, 'player_num': 1}
2026-04-16 13:51:02,447 : INFO : EventManager : Event: ======'player_rhythm_best_combo'====== Args={'value': 0, 'prev_value': 0, 'change': 0, 'player_num': 1}
2026-04-16 13:51:02,447 : INFO : EventManager : Event: ======'player_rhythm_hits'====== Args={'value': 0, 'prev_value': 0, 'change': 0, 'player_num': 1}
2026-04-16 13:51:02,447 : INFO : EventManager : Event: ======'player_rhythm_misses'====== Args={'value': 0, 'prev_value': 0, 'change': 0, 'player_num': 1}
2026-04-16 13:51:02,447 : INFO : EventManager : Event: ======'player_rhythm_notes_total'====== Args={'value': 38, 'prev_value': 0, 'change': 38, 'player_num': 1}
2026-04-16 13:51:02,447 : INFO : EventManager : Event: ======'player_rhythm_accuracy'====== Args={'value': 0, 'prev_value': 0, 'change': 0, 'player_num': 1}
2026-04-16 13:51:02,447 : INFO : EventManager : Event: ======'player_rhythm_multiplier'====== Args={'value': 1, 'prev_value': 0, 'change': 1, 'player_num': 1}
2026-04-16 13:51:02,484 : INFO : EventManager : Event: ======'slide_rhythm_created'====== Args={'_from_bcp': True}
2026-04-16 13:51:02,485 : INFO : EventManager : Event: ======'slide_base_slide_inactive'====== Args={'is_removing': False, '_from_bcp': True}
2026-04-16 13:51:02,485 : INFO : EventManager : Event: ======'slide_rhythm_active'====== Args={'original_context': 'rhythm', 'original_calling_context': 'mode_rhythm_started', 'priority': 1200.0, 'cmd': 'slides_play', '_from_bcp': True}
2026-04-16 13:51:02,498 : INFO : EventManager : Event: ======'rhythm_chart_started'====== Args={'total_notes': 38, 'travel_ms': 1600, 'perfect_window_ms': 90, 'good_window_ms': 170, 'lead_in_ms': 1800, 'chart_started_delay_ms': 50, 'song_key': 'Deep Purple - Smoke On the Water (Official Music Video)', 'song_bus': 'music', 'audio_offset_ms': 0}
2026-04-16 13:51:02,573 : INFO : SwitchController : <<<<<<< 's_left_lane' inactive >>>>>>>
2026-04-16 13:51:03,249 : INFO : EventManager : Event: ======'rhythm_note_spawned'====== Args={'note_id': 0, 'lane': 'left', 'travel_ms': 1600, 'hit_time_ms': 2400}
2026-04-16 13:51:03,649 : INFO : EventManager : Event: ======'rhythm_note_spawned'====== Args={'note_id': 1, 'lane': 'center', 'travel_ms': 1600, 'hit_time_ms': 2800}
2026-04-16 13:51:04,049 : INFO : EventManager : Event: ======'rhythm_note_spawned'====== Args={'note_id': 2, 'lane': 'right', 'travel_ms': 1600, 'hit_time_ms': 3200}
2026-04-16 13:51:04,449 : INFO : EventManager : Event: ======'rhythm_note_spawned'====== Args={'note_id': 3, 'lane': 'left', 'travel_ms': 1600, 'hit_time_ms': 3600}
2026-04-16 13:51:04,849 : INFO : EventManager : Event: ======'rhythm_note_spawned'====== Args={'note_id': 4, 'lane': 'center', 'travel_ms': 1600, 'hit_time_ms': 4000}
2026-04-16 13:51:04,849 : INFO : EventManager : Event: ======'rhythm_note_spawned'====== Args={'note_id': 5, 'lane': 'right', 'travel_ms': 1600, 'hit_time_ms': 4000}
2026-04-16 13:51:04,873 : INFO : SwitchController : <<<<<<< 's_flipper_left' active >>>>>>>
2026-04-16 13:51:04,873 : INFO : EventManager : Event: ======'rhythm_lane_pressed'====== Args={'lane': 'left'}
2026-04-16 13:51:04,873 : INFO : EventManager : Event: ======'player_rhythm_combo'====== Args={'value': 1, 'prev_value': 0, 'change': 1, 'player_num': 1}
2026-04-16 13:51:04,873 : INFO : EventManager : Event: ======'player_rhythm_best_combo'====== Args={'value': 1, 'prev_value': 0, 'change': 1, 'player_num': 1}
2026-04-16 13:51:04,873 : INFO : EventManager : Event: ======'player_rhythm_hits'====== Args={'value': 1, 'prev_value': 0, 'change': 1, 'player_num': 1}
2026-04-16 13:51:04,874 : INFO : EventManager : Event: ======'player_rhythm_mode_score'====== Args={'value': 20000, 'prev_value': 0, 'change': 20000, 'player_num': 1}
2026-04-16 13:51:04,874 : INFO : EventManager : Event: ======'player_score'====== Args={'value': 20000, 'prev_value': 0, 'change': 20000, 'player_num': 1}
2026-04-16 13:51:04,874 : INFO : EventManager : Event: ======'rhythm_note_hit'====== Args={'note_id': 0, 'lane': 'left', 'judgment': 'perfect', 'combo': 1, 'multiplier': 1, 'award': 20000, 'delta_ms': 27, 'total_score': 20000}
2026-04-16 13:51:04,874 : INFO : EventManager : Event: ======'machine_var_audits_switches_s_flipper_left'====== Args={'value': 121, 'prev_value': 120, 'change': 1}
2026-04-16 13:51:05,023 : INFO : SwitchController : <<<<<<< 's_flipper_left' inactive >>>>>>>
2026-04-16 13:51:05,306 : INFO : SwitchController : <<<<<<< 's_action_button' active >>>>>>>
2026-04-16 13:51:05,306 : INFO : EventManager : Event: ======'rhythm_lane_pressed'====== Args={'lane': 'center'}
2026-04-16 13:51:05,306 : INFO : EventManager : Event: ======'player_rhythm_combo'====== Args={'value': 2, 'prev_value': 1, 'change': 1, 'player_num': 1}
2026-04-16 13:51:05,307 : INFO : EventManager : Event: ======'player_rhythm_best_combo'====== Args={'value': 2, 'prev_value': 1, 'change': 1, 'player_num': 1}
2026-04-16 13:51:05,307 : INFO : EventManager : Event: ======'player_rhythm_hits'====== Args={'value': 2, 'prev_value': 1, 'change': 1, 'player_num': 1}
2026-04-16 13:51:05,307 : INFO : EventManager : Event: ======'player_rhythm_mode_score'====== Args={'value': 40000, 'prev_value': 20000, 'change': 20000, 'player_num': 1}
2026-04-16 13:51:05,307 : INFO : EventManager : Event: ======'player_score'====== Args={'value': 40000, 'prev_value': 20000, 'change': 20000, 'player_num': 1}
2026-04-16 13:51:05,308 : INFO : EventManager : Event: ======'rhythm_note_hit'====== Args={'note_id': 1, 'lane': 'center', 'judgment': 'perfect', 'combo': 2, 'multiplier': 1, 'award': 20000, 'delta_ms': 60, 'total_score': 40000}
2026-04-16 13:51:05,308 : INFO : EventManager : Event: ======'machine_var_audits_switches_s_action_button'====== Args={'value': 55, 'prev_value': 54, 'change': 1}
2026-04-16 13:51:05,349 : INFO : EventManager : Event: ======'rhythm_note_spawned'====== Args={'note_id': 6, 'lane': 'left', 'travel_ms': 1600, 'hit_time_ms': 4500}
2026-04-16 13:51:05,440 : INFO : SwitchController : <<<<<<< 's_action_button' inactive >>>>>>>
2026-04-16 13:51:05,589 : INFO : SwitchController : <<<<<<< 's_flipper_right' active >>>>>>>
2026-04-16 13:51:05,590 : INFO : EventManager : Event: ======'rhythm_lane_pressed'====== Args={'lane': 'right'}
2026-04-16 13:51:05,590 : INFO : EventManager : Event: ======'player_rhythm_combo'====== Args={'value': 3, 'prev_value': 2, 'change': 1, 'player_num': 1}
2026-04-16 13:51:05,590 : INFO : EventManager : Event: ======'player_rhythm_best_combo'====== Args={'value': 3, 'prev_value': 2, 'change': 1, 'player_num': 1}
2026-04-16 13:51:05,590 : INFO : EventManager : Event: ======'player_rhythm_hits'====== Args={'value': 3, 'prev_value': 2, 'change': 1, 'player_num': 1}
2026-04-16 13:51:05,590 : INFO : EventManager : Event: ======'player_rhythm_mode_score'====== Args={'value': 60000, 'prev_value': 40000, 'change': 20000, 'player_num': 1}
2026-04-16 13:51:05,591 : INFO : EventManager : Event: ======'player_score'====== Args={'value': 60000, 'prev_value': 40000, 'change': 20000, 'player_num': 1}
2026-04-16 13:51:05,591 : INFO : EventManager : Event: ======'rhythm_note_hit'====== Args={'note_id': 2, 'lane': 'right', 'judgment': 'perfect', 'combo': 3, 'multiplier': 1, 'award': 20000, 'delta_ms': 57, 'total_score': 60000}
2026-04-16 13:51:05,591 : INFO : EventManager : Event: ======'machine_var_audits_switches_s_flipper_right'====== Args={'value': 111, 'prev_value': 110, 'change': 1}
2026-04-16 13:51:05,739 : INFO : SwitchController : <<<<<<< 's_flipper_right' inactive >>>>>>>
2026-04-16 13:51:05,749 : INFO : EventManager : Event: ======'rhythm_note_spawned'====== Args={'note_id': 7, 'lane': 'center', 'travel_ms': 1600, 'hit_time_ms': 4900}
2026-04-16 13:51:06,106 : INFO : SwitchController : <<<<<<< 's_flipper_left' active >>>>>>>
2026-04-16 13:51:06,106 : INFO : EventManager : Event: ======'rhythm_lane_pressed'====== Args={'lane': 'left'}
2026-04-16 13:51:06,107 : INFO : EventManager : Event: ======'player_rhythm_combo'====== Args={'value': 4, 'prev_value': 3, 'change': 1, 'player_num': 1}
2026-04-16 13:51:06,107 : INFO : EventManager : Event: ======'player_rhythm_best_combo'====== Args={'value': 4, 'prev_value': 3, 'change': 1, 'player_num': 1}
2026-04-16 13:51:06,107 : INFO : EventManager : Event: ======'player_rhythm_hits'====== Args={'value': 4, 'prev_value': 3, 'change': 1, 'player_num': 1}
2026-04-16 13:51:06,108 : INFO : EventManager : Event: ======'player_rhythm_mode_score'====== Args={'value': 80000, 'prev_value': 60000, 'change': 20000, 'player_num': 1}
2026-04-16 13:51:06,108 : INFO : EventManager : Event: ======'player_score'====== Args={'value': 80000, 'prev_value': 60000, 'change': 20000, 'player_num': 1}
2026-04-16 13:51:06,108 : INFO : EventManager : Event: ======'rhythm_note_hit'====== Args={'note_id': 3, 'lane': 'left', 'judgment': 'perfect', 'combo': 4, 'multiplier': 1, 'award': 20000, 'delta_ms': 60, 'total_score': 80000}
2026-04-16 13:51:06,108 : INFO : EventManager : Event: ======'machine_var_audits_switches_s_flipper_left'====== Args={'value': 122, 'prev_value': 121, 'change': 1}
2026-04-16 13:51:06,148 : INFO : EventManager : Event: ======'rhythm_note_spawned'====== Args={'note_id': 8, 'lane': 'right', 'travel_ms': 1600, 'hit_time_ms': 5300}
2026-04-16 13:51:06,223 : INFO : SwitchController : <<<<<<< 's_flipper_left' inactive >>>>>>>
2026-04-16 13:51:06,523 : INFO : SwitchController : <<<<<<< 's_action_button' active >>>>>>>
2026-04-16 13:51:06,523 : INFO : EventManager : Event: ======'rhythm_lane_pressed'====== Args={'lane': 'center'}
2026-04-16 13:51:06,523 : INFO : EventManager : Event: ======'player_rhythm_combo'====== Args={'value': 5, 'prev_value': 4, 'change': 1, 'player_num': 1}
2026-04-16 13:51:06,524 : INFO : EventManager : Event: ======'player_rhythm_best_combo'====== Args={'value': 5, 'prev_value': 4, 'change': 1, 'player_num': 1}
2026-04-16 13:51:06,524 : INFO : EventManager : Event: ======'player_rhythm_hits'====== Args={'value': 5, 'prev_value': 4, 'change': 1, 'player_num': 1}
2026-04-16 13:51:06,524 : INFO : EventManager : Event: ======'player_rhythm_mode_score'====== Args={'value': 100000, 'prev_value': 80000, 'change': 20000, 'player_num': 1}
2026-04-16 13:51:06,524 : INFO : EventManager : Event: ======'player_score'====== Args={'value': 100000, 'prev_value': 80000, 'change': 20000, 'player_num': 1}
2026-04-16 13:51:06,524 : INFO : EventManager : Event: ======'rhythm_note_hit'====== Args={'note_id': 4, 'lane': 'center', 'judgment': 'perfect', 'combo': 5, 'multiplier': 1, 'award': 20000, 'delta_ms': 77, 'total_score': 100000}
2026-04-16 13:51:06,525 : INFO : EventManager : Event: ======'machine_var_audits_switches_s_action_button'====== Args={'value': 56, 'prev_value': 55, 'change': 1}
2026-04-16 13:51:06,525 : INFO : SwitchController : <<<<<<< 's_flipper_right' active >>>>>>>
2026-04-16 13:51:06,525 : INFO : EventManager : Event: ======'rhythm_lane_pressed'====== Args={'lane': 'right'}
2026-04-16 13:51:06,525 : INFO : EventManager : Event: ======'player_rhythm_combo'====== Args={'value': 6, 'prev_value': 5, 'change': 1, 'player_num': 1}
2026-04-16 13:51:06,525 : INFO : EventManager : Event: ======'player_rhythm_best_combo'====== Args={'value': 6, 'prev_value': 5, 'change': 1, 'player_num': 1}
2026-04-16 13:51:06,525 : INFO : EventManager : Event: ======'player_rhythm_hits'====== Args={'value': 6, 'prev_value': 5, 'change': 1, 'player_num': 1}
2026-04-16 13:51:06,525 : INFO : EventManager : Event: ======'player_rhythm_mode_score'====== Args={'value': 120000, 'prev_value': 100000, 'change': 20000, 'player_num': 1}
2026-04-16 13:51:06,526 : INFO : EventManager : Event: ======'player_score'====== Args={'value': 120000, 'prev_value': 100000, 'change': 20000, 'player_num': 1}
2026-04-16 13:51:06,526 : INFO : EventManager : Event: ======'rhythm_note_hit'====== Args={'note_id': 5, 'lane': 'right', 'judgment': 'perfect', 'combo': 6, 'multiplier': 1, 'award': 20000, 'delta_ms': 78, 'total_score': 120000}
2026-04-16 13:51:06,526 : INFO : EventManager : Event: ======'machine_var_audits_switches_s_flipper_right'====== Args={'value': 112, 'prev_value': 111, 'change': 1}
2026-04-16 13:51:06,548 : INFO : EventManager : Event: ======'rhythm_note_spawned'====== Args={'note_id': 9, 'lane': 'left', 'travel_ms': 1600, 'hit_time_ms': 5700}
2026-04-16 13:51:06,689 : INFO : SwitchController : <<<<<<< 's_flipper_right' inactive >>>>>>>
2026-04-16 13:51:06,706 : INFO : SwitchController : <<<<<<< 's_action_button' inactive >>>>>>>
2026-04-16 13:51:06,949 : INFO : EventManager : Event: ======'rhythm_note_spawned'====== Args={'note_id': 10, 'lane': 'center', 'travel_ms': 1600, 'hit_time_ms': 6100}
2026-04-16 13:51:06,990 : INFO : SwitchController : <<<<<<< 's_flipper_left' active >>>>>>>
2026-04-16 13:51:06,990 : INFO : EventManager : Event: ======'rhythm_lane_pressed'====== Args={'lane': 'left'}
2026-04-16 13:51:06,990 : INFO : EventManager : Event: ======'player_rhythm_combo'====== Args={'value': 7, 'prev_value': 6, 'change': 1, 'player_num': 1}
2026-04-16 13:51:06,991 : INFO : EventManager : Event: ======'player_rhythm_best_combo'====== Args={'value': 7, 'prev_value': 6, 'change': 1, 'player_num': 1}
2026-04-16 13:51:06,991 : INFO : EventManager : Event: ======'player_rhythm_hits'====== Args={'value': 7, 'prev_value': 6, 'change': 1, 'player_num': 1}
2026-04-16 13:51:06,991 : INFO : EventManager : Event: ======'player_rhythm_mode_score'====== Args={'value': 140000, 'prev_value': 120000, 'change': 20000, 'player_num': 1}
2026-04-16 13:51:06,991 : INFO : EventManager : Event: ======'player_score'====== Args={'value': 140000, 'prev_value': 120000, 'change': 20000, 'player_num': 1}
2026-04-16 13:51:06,991 : INFO : EventManager : Event: ======'rhythm_note_hit'====== Args={'note_id': 6, 'lane': 'left', 'judgment': 'perfect', 'combo': 7, 'multiplier': 1, 'award': 20000, 'delta_ms': 43, 'total_score': 140000}
2026-04-16 13:51:06,991 : INFO : EventManager : Event: ======'machine_var_audits_switches_s_flipper_left'====== Args={'value': 123, 'prev_value': 122, 'change': 1}
2026-04-16 13:51:07,090 : INFO : SwitchController : <<<<<<< 's_flipper_left' inactive >>>>>>>
2026-04-16 13:51:07,273 : INFO : SwitchController : <<<<<<< 's_action_button' active >>>>>>>
2026-04-16 13:51:07,273 : INFO : EventManager : Event: ======'rhythm_lane_pressed'====== Args={'lane': 'center'}
2026-04-16 13:51:07,273 : INFO : EventManager : Event: ======'player_rhythm_combo'====== Args={'value': 8, 'prev_value': 7, 'change': 1, 'player_num': 1}
2026-04-16 13:51:07,273 : INFO : EventManager : Event: ======'player_rhythm_best_combo'====== Args={'value': 8, 'prev_value': 7, 'change': 1, 'player_num': 1}
2026-04-16 13:51:07,274 : INFO : EventManager : Event: ======'player_rhythm_hits'====== Args={'value': 8, 'prev_value': 7, 'change': 1, 'player_num': 1}
2026-04-16 13:51:07,274 : INFO : EventManager : Event: ======'player_rhythm_mode_score'====== Args={'value': 160000, 'prev_value': 140000, 'change': 20000, 'player_num': 1}
2026-04-16 13:51:07,274 : INFO : EventManager : Event: ======'player_score'====== Args={'value': 160000, 'prev_value': 140000, 'change': 20000, 'player_num': 1}
2026-04-16 13:51:07,274 : INFO : EventManager : Event: ======'rhythm_note_hit'====== Args={'note_id': 7, 'lane': 'center', 'judgment': 'perfect', 'combo': 8, 'multiplier': 1, 'award': 20000, 'delta_ms': 73, 'total_score': 160000}
2026-04-16 13:51:07,274 : INFO : EventManager : Event: ======'machine_var_audits_switches_s_action_button'====== Args={'value': 57, 'prev_value': 56, 'change': 1}
2026-04-16 13:51:07,349 : INFO : EventManager : Event: ======'rhythm_note_spawned'====== Args={'note_id': 11, 'lane': 'right', 'travel_ms': 1600, 'hit_time_ms': 6500}
2026-04-16 13:51:07,373 : INFO : SwitchController : <<<<<<< 's_action_button' inactive >>>>>>>
2026-04-16 13:51:07,723 : INFO : SwitchController : <<<<<<< 's_flipper_right' active >>>>>>>
2026-04-16 13:51:07,723 : INFO : EventManager : Event: ======'rhythm_lane_pressed'====== Args={'lane': 'right'}
2026-04-16 13:51:07,723 : INFO : EventManager : Event: ======'player_rhythm_combo'====== Args={'value': 9, 'prev_value': 8, 'change': 1, 'player_num': 1}
2026-04-16 13:51:07,724 : INFO : EventManager : Event: ======'player_rhythm_best_combo'====== Args={'value': 9, 'prev_value': 8, 'change': 1, 'player_num': 1}
2026-04-16 13:51:07,724 : INFO : EventManager : Event: ======'player_rhythm_hits'====== Args={'value': 9, 'prev_value': 8, 'change': 1, 'player_num': 1}
2026-04-16 13:51:07,724 : INFO : EventManager : Event: ======'player_rhythm_multiplier'====== Args={'value': 2, 'prev_value': 1, 'change': 1, 'player_num': 1}
2026-04-16 13:51:07,724 : INFO : EventManager : Event: ======'player_rhythm_mode_score'====== Args={'value': 200000, 'prev_value': 160000, 'change': 40000, 'player_num': 1}
2026-04-16 13:51:07,724 : INFO : EventManager : Event: ======'player_score'====== Args={'value': 200000, 'prev_value': 160000, 'change': 40000, 'player_num': 1}
2026-04-16 13:51:07,725 : INFO : EventManager : Event: ======'rhythm_note_hit'====== Args={'note_id': 8, 'lane': 'right', 'judgment': 'perfect', 'combo': 9, 'multiplier': 2, 'award': 40000, 'delta_ms': 23, 'total_score': 200000}
2026-04-16 13:51:07,725 : INFO : EventManager : Event: ======'machine_var_audits_switches_s_flipper_right'====== Args={'value': 113, 'prev_value': 112, 'change': 1}
2026-04-16 13:51:07,749 : INFO : EventManager : Event: ======'rhythm_note_spawned'====== Args={'note_id': 12, 'lane': 'center', 'travel_ms': 1600, 'hit_time_ms': 6900}
2026-04-16 13:51:07,823 : INFO : SwitchController : <<<<<<< 's_flipper_right' inactive >>>>>>>
2026-04-16 13:51:08,139 : INFO : SwitchController : <<<<<<< 's_flipper_left' active >>>>>>>
2026-04-16 13:51:08,140 : INFO : EventManager : Event: ======'rhythm_lane_pressed'====== Args={'lane': 'left'}
2026-04-16 13:51:08,140 : INFO : EventManager : Event: ======'player_rhythm_combo'====== Args={'value': 10, 'prev_value': 9, 'change': 1, 'player_num': 1}
2026-04-16 13:51:08,140 : INFO : EventManager : Event: ======'player_rhythm_best_combo'====== Args={'value': 10, 'prev_value': 9, 'change': 1, 'player_num': 1}
2026-04-16 13:51:08,140 : INFO : EventManager : Event: ======'player_rhythm_hits'====== Args={'value': 10, 'prev_value': 9, 'change': 1, 'player_num': 1}
2026-04-16 13:51:08,140 : INFO : EventManager : Event: ======'player_rhythm_mode_score'====== Args={'value': 240000, 'prev_value': 200000, 'change': 40000, 'player_num': 1}
2026-04-16 13:51:08,141 : INFO : EventManager : Event: ======'player_score'====== Args={'value': 240000, 'prev_value': 200000, 'change': 40000, 'player_num': 1}
2026-04-16 13:51:08,141 : INFO : EventManager : Event: ======'rhythm_note_hit'====== Args={'note_id': 9, 'lane': 'left', 'judgment': 'perfect', 'combo': 10, 'multiplier': 2, 'award': 40000, 'delta_ms': 7, 'total_score': 240000}
2026-04-16 13:51:08,141 : INFO : EventManager : Event: ======'machine_var_audits_switches_s_flipper_left'====== Args={'value': 124, 'prev_value': 123, 'change': 1}
2026-04-16 13:51:08,148 : INFO : EventManager : Event: ======'rhythm_note_spawned'====== Args={'note_id': 13, 'lane': 'right', 'travel_ms': 1600, 'hit_time_ms': 7300}
2026-04-16 13:51:08,240 : INFO : SwitchController : <<<<<<< 's_flipper_left' inactive >>>>>>>
2026-04-16 13:51:08,549 : INFO : EventManager : Event: ======'rhythm_note_spawned'====== Args={'note_id': 14, 'lane': 'left', 'travel_ms': 1600, 'hit_time_ms': 7700}
2026-04-16 13:51:08,549 : INFO : EventManager : Event: ======'rhythm_note_spawned'====== Args={'note_id': 15, 'lane': 'center', 'travel_ms': 1600, 'hit_time_ms': 7700}
2026-04-16 13:51:08,623 : INFO : SwitchController : <<<<<<< 's_action_button' active >>>>>>>
2026-04-16 13:51:08,623 : INFO : EventManager : Event: ======'rhythm_lane_pressed'====== Args={'lane': 'center'}
2026-04-16 13:51:08,623 : INFO : EventManager : Event: ======'player_rhythm_combo'====== Args={'value': 11, 'prev_value': 10, 'change': 1, 'player_num': 1}
2026-04-16 13:51:08,623 : INFO : EventManager : Event: ======'player_rhythm_best_combo'====== Args={'value': 11, 'prev_value': 10, 'change': 1, 'player_num': 1}
2026-04-16 13:51:08,623 : INFO : EventManager : Event: ======'player_rhythm_hits'====== Args={'value': 11, 'prev_value': 10, 'change': 1, 'player_num': 1}
2026-04-16 13:51:08,624 : INFO : EventManager : Event: ======'player_rhythm_mode_score'====== Args={'value': 280000, 'prev_value': 240000, 'change': 40000, 'player_num': 1}
2026-04-16 13:51:08,624 : INFO : EventManager : Event: ======'player_score'====== Args={'value': 280000, 'prev_value': 240000, 'change': 40000, 'player_num': 1}
2026-04-16 13:51:08,624 : INFO : EventManager : Event: ======'rhythm_note_hit'====== Args={'note_id': 10, 'lane': 'center', 'judgment': 'perfect', 'combo': 11, 'multiplier': 2, 'award': 40000, 'delta_ms': 77, 'total_score': 280000}
2026-04-16 13:51:08,624 : INFO : EventManager : Event: ======'machine_var_audits_switches_s_action_button'====== Args={'value': 58, 'prev_value': 57, 'change': 1}
2026-04-16 13:51:08,640 : INFO : EventManager : Event: ======'balldevice_bd_trough_ball_eject_failed'====== Args={'target': <ball_device.bd_plunger>, 'balls': 1, 'retry': True, 'num_attempts': 1}
2026-04-16 13:51:08,641 : INFO : ball_device.bd_trough : State: waiting_for_target_ready
2026-04-16 13:51:08,641 : INFO : EventManager : Event: ======'balldevice_bd_trough_ball_eject_attempt'====== Args={'balls': 1, 'target': <ball_device.bd_plunger>, 'source': <ball_device.bd_trough>, 'mechanical_eject': False, 'num_attempts': 1}
2026-04-16 13:51:08,641 : INFO : ball_device.bd_trough : State: ejecting
2026-04-16 13:51:08,641 : INFO : ball_device.bd_trough : Ejecting ball to <ball_device.bd_plunger>
2026-04-16 13:51:08,641 : INFO : EventManager : Event: ======'balldevice_bd_trough_ejecting_ball'====== Args={'balls': 1, 'target': <ball_device.bd_plunger>, 'source': <ball_device.bd_trough>, 'mechanical_eject': False, 'num_attempts': 1}
2026-04-16 13:51:08,642 : INFO : ball_device.bd_trough : Wait for ball to leave device
2026-04-16 13:51:08,642 : INFO : coil.c_trough_eject : Pulsing Driver for 10ms (1.0 pulse_power)
2026-04-16 13:51:08,739 : INFO : SwitchController : <<<<<<< 's_action_button' inactive >>>>>>>
2026-04-16 13:51:08,940 : INFO : SwitchController : <<<<<<< 's_flipper_right' active >>>>>>>
2026-04-16 13:51:08,940 : INFO : EventManager : Event: ======'rhythm_lane_pressed'====== Args={'lane': 'right'}
2026-04-16 13:51:08,940 : INFO : EventManager : Event: ======'player_rhythm_combo'====== Args={'value': 12, 'prev_value': 11, 'change': 1, 'player_num': 1}
2026-04-16 13:51:08,940 : INFO : EventManager : Event: ======'player_rhythm_best_combo'====== Args={'value': 12, 'prev_value': 11, 'change': 1, 'player_num': 1}
2026-04-16 13:51:08,940 : INFO : EventManager : Event: ======'player_rhythm_hits'====== Args={'value': 12, 'prev_value': 11, 'change': 1, 'player_num': 1}
2026-04-16 13:51:08,941 : INFO : EventManager : Event: ======'player_rhythm_mode_score'====== Args={'value': 320000, 'prev_value': 280000, 'change': 40000, 'player_num': 1}
2026-04-16 13:51:08,941 : INFO : EventManager : Event: ======'player_score'====== Args={'value': 320000, 'prev_value': 280000, 'change': 40000, 'player_num': 1}
2026-04-16 13:51:08,941 : INFO : EventManager : Event: ======'rhythm_note_hit'====== Args={'note_id': 11, 'lane': 'right', 'judgment': 'perfect', 'combo': 12, 'multiplier': 2, 'award': 40000, 'delta_ms': 6, 'total_score': 320000}
2026-04-16 13:51:08,941 : INFO : EventManager : Event: ======'machine_var_audits_switches_s_flipper_right'====== Args={'value': 114, 'prev_value': 113, 'change': 1}
2026-04-16 13:51:09,073 : INFO : SwitchController : <<<<<<< 's_flipper_right' inactive >>>>>>>
2026-04-16 13:51:09,149 : INFO : EventManager : Event: ======'rhythm_note_spawned'====== Args={'note_id': 16, 'lane': 'left', 'travel_ms': 1600, 'hit_time_ms': 8300}
2026-04-16 13:51:09,456 : INFO : SwitchController : <<<<<<< 's_action_button' active >>>>>>>
2026-04-16 13:51:09,456 : INFO : EventManager : Event: ======'rhythm_lane_pressed'====== Args={'lane': 'center'}
2026-04-16 13:51:09,456 : INFO : EventManager : Event: ======'player_rhythm_combo'====== Args={'value': 13, 'prev_value': 12, 'change': 1, 'player_num': 1}
2026-04-16 13:51:09,457 : INFO : EventManager : Event: ======'player_rhythm_best_combo'====== Args={'value': 13, 'prev_value': 12, 'change': 1, 'player_num': 1}
2026-04-16 13:51:09,457 : INFO : EventManager : Event: ======'player_rhythm_hits'====== Args={'value': 13, 'prev_value': 12, 'change': 1, 'player_num': 1}
2026-04-16 13:51:09,457 : INFO : EventManager : Event: ======'player_rhythm_mode_score'====== Args={'value': 340000, 'prev_value': 320000, 'change': 20000, 'player_num': 1}
2026-04-16 13:51:09,457 : INFO : EventManager : Event: ======'player_score'====== Args={'value': 340000, 'prev_value': 320000, 'change': 20000, 'player_num': 1}
2026-04-16 13:51:09,458 : INFO : EventManager : Event: ======'rhythm_note_hit'====== Args={'note_id': 12, 'lane': 'center', 'judgment': 'good', 'combo': 13, 'multiplier': 2, 'award': 20000, 'delta_ms': 110, 'total_score': 340000}
2026-04-16 13:51:09,458 : INFO : EventManager : Event: ======'machine_var_audits_switches_s_action_button'====== Args={'value': 59, 'prev_value': 58, 'change': 1}
2026-04-16 13:51:09,549 : INFO : EventManager : Event: ======'rhythm_note_spawned'====== Args={'note_id': 17, 'lane': 'center', 'travel_ms': 1600, 'hit_time_ms': 8700}
2026-04-16 13:51:09,556 : INFO : SwitchController : <<<<<<< 's_action_button' inactive >>>>>>>
2026-04-16 13:51:09,689 : INFO : SwitchController : <<<<<<< 's_flipper_right' active >>>>>>>
2026-04-16 13:51:09,690 : INFO : EventManager : Event: ======'rhythm_lane_pressed'====== Args={'lane': 'right'}
2026-04-16 13:51:09,690 : INFO : EventManager : Event: ======'player_rhythm_combo'====== Args={'value': 14, 'prev_value': 13, 'change': 1, 'player_num': 1}
2026-04-16 13:51:09,690 : INFO : EventManager : Event: ======'player_rhythm_best_combo'====== Args={'value': 14, 'prev_value': 13, 'change': 1, 'player_num': 1}
2026-04-16 13:51:09,690 : INFO : EventManager : Event: ======'player_rhythm_hits'====== Args={'value': 14, 'prev_value': 13, 'change': 1, 'player_num': 1}
2026-04-16 13:51:09,690 : INFO : EventManager : Event: ======'player_rhythm_mode_score'====== Args={'value': 380000, 'prev_value': 340000, 'change': 40000, 'player_num': 1}
2026-04-16 13:51:09,691 : INFO : EventManager : Event: ======'player_score'====== Args={'value': 380000, 'prev_value': 340000, 'change': 40000, 'player_num': 1}
2026-04-16 13:51:09,691 : INFO : EventManager : Event: ======'rhythm_note_hit'====== Args={'note_id': 13, 'lane': 'right', 'judgment': 'perfect', 'combo': 14, 'multiplier': 2, 'award': 40000, 'delta_ms': 57, 'total_score': 380000}
2026-04-16 13:51:09,691 : INFO : EventManager : Event: ======'machine_var_audits_switches_s_flipper_right'====== Args={'value': 115, 'prev_value': 114, 'change': 1}
2026-04-16 13:51:09,839 : INFO : SwitchController : <<<<<<< 's_flipper_right' inactive >>>>>>>
2026-04-16 13:51:09,948 : INFO : EventManager : Event: ======'rhythm_note_spawned'====== Args={'note_id': 18, 'lane': 'right', 'travel_ms': 1600, 'hit_time_ms': 9100}
2026-04-16 13:51:10,206 : INFO : SwitchController : <<<<<<< 's_flipper_left' active >>>>>>>
2026-04-16 13:51:10,206 : INFO : EventManager : Event: ======'rhythm_lane_pressed'====== Args={'lane': 'left'}
2026-04-16 13:51:10,206 : INFO : EventManager : Event: ======'player_rhythm_combo'====== Args={'value': 15, 'prev_value': 14, 'change': 1, 'player_num': 1}
2026-04-16 13:51:10,207 : INFO : EventManager : Event: ======'player_rhythm_best_combo'====== Args={'value': 15, 'prev_value': 14, 'change': 1, 'player_num': 1}
2026-04-16 13:51:10,207 : INFO : EventManager : Event: ======'player_rhythm_hits'====== Args={'value': 15, 'prev_value': 14, 'change': 1, 'player_num': 1}
2026-04-16 13:51:10,207 : INFO : EventManager : Event: ======'player_rhythm_mode_score'====== Args={'value': 420000, 'prev_value': 380000, 'change': 40000, 'player_num': 1}
2026-04-16 13:51:10,207 : INFO : EventManager : Event: ======'player_score'====== Args={'value': 420000, 'prev_value': 380000, 'change': 40000, 'player_num': 1}
2026-04-16 13:51:10,207 : INFO : EventManager : Event: ======'rhythm_note_hit'====== Args={'note_id': 14, 'lane': 'left', 'judgment': 'perfect', 'combo': 15, 'multiplier': 2, 'award': 40000, 'delta_ms': 60, 'total_score': 420000}
2026-04-16 13:51:10,207 : INFO : EventManager : Event: ======'machine_var_audits_switches_s_flipper_left'====== Args={'value': 125, 'prev_value': 124, 'change': 1}
2026-04-16 13:51:10,239 : INFO : SwitchController : <<<<<<< 's_action_button' active >>>>>>>
2026-04-16 13:51:10,240 : INFO : EventManager : Event: ======'rhythm_lane_pressed'====== Args={'lane': 'center'}
2026-04-16 13:51:10,240 : INFO : EventManager : Event: ======'player_rhythm_combo'====== Args={'value': 16, 'prev_value': 15, 'change': 1, 'player_num': 1}
2026-04-16 13:51:10,240 : INFO : EventManager : Event: ======'player_rhythm_best_combo'====== Args={'value': 16, 'prev_value': 15, 'change': 1, 'player_num': 1}
2026-04-16 13:51:10,240 : INFO : EventManager : Event: ======'player_rhythm_hits'====== Args={'value': 16, 'prev_value': 15, 'change': 1, 'player_num': 1}
2026-04-16 13:51:10,240 : INFO : EventManager : Event: ======'player_rhythm_mode_score'====== Args={'value': 440000, 'prev_value': 420000, 'change': 20000, 'player_num': 1}
2026-04-16 13:51:10,241 : INFO : EventManager : Event: ======'player_score'====== Args={'value': 440000, 'prev_value': 420000, 'change': 20000, 'player_num': 1}
2026-04-16 13:51:10,241 : INFO : EventManager : Event: ======'rhythm_note_hit'====== Args={'note_id': 15, 'lane': 'center', 'judgment': 'good', 'combo': 16, 'multiplier': 2, 'award': 20000, 'delta_ms': 93, 'total_score': 440000}
2026-04-16 13:51:10,241 : INFO : EventManager : Event: ======'machine_var_audits_switches_s_action_button'====== Args={'value': 60, 'prev_value': 59, 'change': 1}
2026-04-16 13:51:10,306 : INFO : SwitchController : <<<<<<< 's_flipper_left' inactive >>>>>>>
2026-04-16 13:51:10,323 : INFO : SwitchController : <<<<<<< 's_action_button' inactive >>>>>>>
2026-04-16 13:51:10,348 : INFO : EventManager : Event: ======'rhythm_note_spawned'====== Args={'note_id': 19, 'lane': 'center', 'travel_ms': 1600, 'hit_time_ms': 9500}
2026-04-16 13:51:10,749 : INFO : EventManager : Event: ======'rhythm_note_spawned'====== Args={'note_id': 20, 'lane': 'right', 'travel_ms': 1600, 'hit_time_ms': 9900}
2026-04-16 13:51:10,756 : INFO : SwitchController : <<<<<<< 's_flipper_left' active >>>>>>>
2026-04-16 13:51:10,756 : INFO : EventManager : Event: ======'rhythm_lane_pressed'====== Args={'lane': 'left'}
2026-04-16 13:51:10,756 : INFO : EventManager : Event: ======'player_rhythm_combo'====== Args={'value': 17, 'prev_value': 16, 'change': 1, 'player_num': 1}
2026-04-16 13:51:10,757 : INFO : EventManager : Event: ======'player_rhythm_best_combo'====== Args={'value': 17, 'prev_value': 16, 'change': 1, 'player_num': 1}
2026-04-16 13:51:10,757 : INFO : EventManager : Event: ======'player_rhythm_hits'====== Args={'value': 17, 'prev_value': 16, 'change': 1, 'player_num': 1}
2026-04-16 13:51:10,757 : INFO : EventManager : Event: ======'player_rhythm_multiplier'====== Args={'value': 3, 'prev_value': 2, 'change': 1, 'player_num': 1}
2026-04-16 13:51:10,757 : INFO : EventManager : Event: ======'player_rhythm_mode_score'====== Args={'value': 500000, 'prev_value': 440000, 'change': 60000, 'player_num': 1}
2026-04-16 13:51:10,757 : INFO : EventManager : Event: ======'player_score'====== Args={'value': 500000, 'prev_value': 440000, 'change': 60000, 'player_num': 1}
2026-04-16 13:51:10,758 : INFO : EventManager : Event: ======'rhythm_note_hit'====== Args={'note_id': 16, 'lane': 'left', 'judgment': 'perfect', 'combo': 17, 'multiplier': 3, 'award': 60000, 'delta_ms': 10, 'total_score': 500000}
2026-04-16 13:51:10,758 : INFO : EventManager : Event: ======'machine_var_audits_switches_s_flipper_left'====== Args={'value': 126, 'prev_value': 125, 'change': 1}
2026-04-16 13:51:10,873 : INFO : SwitchController : <<<<<<< 's_flipper_left' inactive >>>>>>>
2026-04-16 13:51:11,149 : INFO : EventManager : Event: ======'rhythm_note_spawned'====== Args={'note_id': 21, 'lane': 'left', 'travel_ms': 1600, 'hit_time_ms': 10300}
2026-04-16 13:51:11,156 : INFO : SwitchController : <<<<<<< 's_action_button' active >>>>>>>
2026-04-16 13:51:11,156 : INFO : EventManager : Event: ======'rhythm_lane_pressed'====== Args={'lane': 'center'}
2026-04-16 13:51:11,156 : INFO : EventManager : Event: ======'player_rhythm_combo'====== Args={'value': 18, 'prev_value': 17, 'change': 1, 'player_num': 1}
2026-04-16 13:51:11,156 : INFO : EventManager : Event: ======'player_rhythm_best_combo'====== Args={'value': 18, 'prev_value': 17, 'change': 1, 'player_num': 1}
2026-04-16 13:51:11,157 : INFO : EventManager : Event: ======'player_rhythm_hits'====== Args={'value': 18, 'prev_value': 17, 'change': 1, 'player_num': 1}
2026-04-16 13:51:11,157 : INFO : EventManager : Event: ======'player_rhythm_mode_score'====== Args={'value': 560000, 'prev_value': 500000, 'change': 60000, 'player_num': 1}
2026-04-16 13:51:11,157 : INFO : EventManager : Event: ======'player_score'====== Args={'value': 560000, 'prev_value': 500000, 'change': 60000, 'player_num': 1}
2026-04-16 13:51:11,157 : INFO : EventManager : Event: ======'rhythm_note_hit'====== Args={'note_id': 17, 'lane': 'center', 'judgment': 'perfect', 'combo': 18, 'multiplier': 3, 'award': 60000, 'delta_ms': 10, 'total_score': 560000}
2026-04-16 13:51:11,157 : INFO : EventManager : Event: ======'machine_var_audits_switches_s_action_button'====== Args={'value': 61, 'prev_value': 60, 'change': 1}
2026-04-16 13:51:11,272 : INFO : SwitchController : <<<<<<< 's_action_button' inactive >>>>>>>
2026-04-16 13:51:11,423 : INFO : SwitchController : <<<<<<< 's_flipper_right' active >>>>>>>
2026-04-16 13:51:11,423 : INFO : EventManager : Event: ======'rhythm_lane_pressed'====== Args={'lane': 'right'}
2026-04-16 13:51:11,423 : INFO : EventManager : Event: ======'player_rhythm_combo'====== Args={'value': 19, 'prev_value': 18, 'change': 1, 'player_num': 1}
2026-04-16 13:51:11,423 : INFO : EventManager : Event: ======'player_rhythm_best_combo'====== Args={'value': 19, 'prev_value': 18, 'change': 1, 'player_num': 1}
2026-04-16 13:51:11,423 : INFO : EventManager : Event: ======'player_rhythm_hits'====== Args={'value': 19, 'prev_value': 18, 'change': 1, 'player_num': 1}
2026-04-16 13:51:11,424 : INFO : EventManager : Event: ======'player_rhythm_mode_score'====== Args={'value': 590000, 'prev_value': 560000, 'change': 30000, 'player_num': 1}
2026-04-16 13:51:11,424 : INFO : EventManager : Event: ======'player_score'====== Args={'value': 590000, 'prev_value': 560000, 'change': 30000, 'player_num': 1}
2026-04-16 13:51:11,424 : INFO : EventManager : Event: ======'rhythm_note_hit'====== Args={'note_id': 18, 'lane': 'right', 'judgment': 'good', 'combo': 19, 'multiplier': 3, 'award': 30000, 'delta_ms': 123, 'total_score': 590000}
2026-04-16 13:51:11,424 : INFO : EventManager : Event: ======'machine_var_audits_switches_s_flipper_right'====== Args={'value': 116, 'prev_value': 115, 'change': 1}
2026-04-16 13:51:11,539 : INFO : SwitchController : <<<<<<< 's_flipper_right' inactive >>>>>>>
2026-04-16 13:51:11,549 : INFO : EventManager : Event: ======'rhythm_note_spawned'====== Args={'note_id': 22, 'lane': 'center', 'travel_ms': 1600, 'hit_time_ms': 10700}
2026-04-16 13:51:11,549 : INFO : EventManager : Event: ======'rhythm_note_spawned'====== Args={'note_id': 23, 'lane': 'right', 'travel_ms': 1600, 'hit_time_ms': 10700}
2026-04-16 13:51:12,023 : INFO : SwitchController : <<<<<<< 's_action_button' active >>>>>>>
2026-04-16 13:51:12,023 : INFO : EventManager : Event: ======'rhythm_lane_pressed'====== Args={'lane': 'center'}
2026-04-16 13:51:12,023 : INFO : EventManager : Event: ======'player_rhythm_combo'====== Args={'value': 20, 'prev_value': 19, 'change': 1, 'player_num': 1}
2026-04-16 13:51:12,024 : INFO : EventManager : Event: ======'player_rhythm_best_combo'====== Args={'value': 20, 'prev_value': 19, 'change': 1, 'player_num': 1}
2026-04-16 13:51:12,024 : INFO : EventManager : Event: ======'player_rhythm_hits'====== Args={'value': 20, 'prev_value': 19, 'change': 1, 'player_num': 1}
2026-04-16 13:51:12,024 : INFO : EventManager : Event: ======'player_rhythm_mode_score'====== Args={'value': 650000, 'prev_value': 590000, 'change': 60000, 'player_num': 1}
2026-04-16 13:51:12,024 : INFO : EventManager : Event: ======'player_score'====== Args={'value': 650000, 'prev_value': 590000, 'change': 60000, 'player_num': 1}
2026-04-16 13:51:12,024 : INFO : EventManager : Event: ======'rhythm_note_hit'====== Args={'note_id': 19, 'lane': 'center', 'judgment': 'perfect', 'combo': 20, 'multiplier': 3, 'award': 60000, 'delta_ms': 77, 'total_score': 650000}
2026-04-16 13:51:12,025 : INFO : EventManager : Event: ======'machine_var_audits_switches_s_action_button'====== Args={'value': 62, 'prev_value': 61, 'change': 1}
2026-04-16 13:51:12,140 : INFO : SwitchController : <<<<<<< 's_action_button' inactive >>>>>>>
2026-04-16 13:51:12,149 : INFO : EventManager : Event: ======'rhythm_note_spawned'====== Args={'note_id': 24, 'lane': 'left', 'travel_ms': 1600, 'hit_time_ms': 11300}
2026-04-16 13:51:12,306 : INFO : SwitchController : <<<<<<< 's_flipper_right' active >>>>>>>
2026-04-16 13:51:12,306 : INFO : EventManager : Event: ======'rhythm_lane_pressed'====== Args={'lane': 'right'}
2026-04-16 13:51:12,306 : INFO : EventManager : Event: ======'player_rhythm_combo'====== Args={'value': 21, 'prev_value': 20, 'change': 1, 'player_num': 1}
2026-04-16 13:51:12,307 : INFO : EventManager : Event: ======'player_rhythm_best_combo'====== Args={'value': 21, 'prev_value': 20, 'change': 1, 'player_num': 1}
2026-04-16 13:51:12,307 : INFO : EventManager : Event: ======'player_rhythm_hits'====== Args={'value': 21, 'prev_value': 20, 'change': 1, 'player_num': 1}
2026-04-16 13:51:12,307 : INFO : EventManager : Event: ======'player_rhythm_mode_score'====== Args={'value': 710000, 'prev_value': 650000, 'change': 60000, 'player_num': 1}
2026-04-16 13:51:12,307 : INFO : EventManager : Event: ======'player_score'====== Args={'value': 710000, 'prev_value': 650000, 'change': 60000, 'player_num': 1}
2026-04-16 13:51:12,307 : INFO : EventManager : Event: ======'rhythm_note_hit'====== Args={'note_id': 20, 'lane': 'right', 'judgment': 'perfect', 'combo': 21, 'multiplier': 3, 'award': 60000, 'delta_ms': 40, 'total_score': 710000}
2026-04-16 13:51:12,307 : INFO : EventManager : Event: ======'machine_var_audits_switches_s_flipper_right'====== Args={'value': 117, 'prev_value': 116, 'change': 1}
2026-04-16 13:51:12,439 : INFO : SwitchController : <<<<<<< 's_flipper_right' inactive >>>>>>>
2026-04-16 13:51:12,549 : INFO : EventManager : Event: ======'rhythm_note_spawned'====== Args={'note_id': 25, 'lane': 'center', 'travel_ms': 1600, 'hit_time_ms': 11700}
2026-04-16 13:51:12,756 : INFO : SwitchController : <<<<<<< 's_flipper_left' active >>>>>>>
2026-04-16 13:51:12,756 : INFO : EventManager : Event: ======'rhythm_lane_pressed'====== Args={'lane': 'left'}
2026-04-16 13:51:12,756 : INFO : EventManager : Event: ======'player_rhythm_combo'====== Args={'value': 22, 'prev_value': 21, 'change': 1, 'player_num': 1}
2026-04-16 13:51:12,757 : INFO : EventManager : Event: ======'player_rhythm_best_combo'====== Args={'value': 22, 'prev_value': 21, 'change': 1, 'player_num': 1}
2026-04-16 13:51:12,757 : INFO : EventManager : Event: ======'player_rhythm_hits'====== Args={'value': 22, 'prev_value': 21, 'change': 1, 'player_num': 1}
2026-04-16 13:51:12,757 : INFO : EventManager : Event: ======'player_rhythm_mode_score'====== Args={'value': 770000, 'prev_value': 710000, 'change': 60000, 'player_num': 1}
2026-04-16 13:51:12,757 : INFO : EventManager : Event: ======'player_score'====== Args={'value': 770000, 'prev_value': 710000, 'change': 60000, 'player_num': 1}
2026-04-16 13:51:12,757 : INFO : EventManager : Event: ======'rhythm_note_hit'====== Args={'note_id': 21, 'lane': 'left', 'judgment': 'perfect', 'combo': 22, 'multiplier': 3, 'award': 60000, 'delta_ms': 10, 'total_score': 770000}
2026-04-16 13:51:12,757 : INFO : EventManager : Event: ======'machine_var_audits_switches_s_flipper_left'====== Args={'value': 127, 'prev_value': 126, 'change': 1}
2026-04-16 13:51:12,856 : INFO : SwitchController : <<<<<<< 's_flipper_left' inactive >>>>>>>
2026-04-16 13:51:12,949 : INFO : EventManager : Event: ======'rhythm_note_spawned'====== Args={'note_id': 26, 'lane': 'left', 'travel_ms': 1600, 'hit_time_ms': 12100}
2026-04-16 13:51:13,206 : INFO : SwitchController : <<<<<<< 's_action_button' active >>>>>>>
2026-04-16 13:51:13,206 : INFO : EventManager : Event: ======'rhythm_lane_pressed'====== Args={'lane': 'center'}
2026-04-16 13:51:13,206 : INFO : EventManager : Event: ======'player_rhythm_combo'====== Args={'value': 23, 'prev_value': 22, 'change': 1, 'player_num': 1}
2026-04-16 13:51:13,207 : INFO : EventManager : Event: ======'player_rhythm_best_combo'====== Args={'value': 23, 'prev_value': 22, 'change': 1, 'player_num': 1}
2026-04-16 13:51:13,207 : INFO : EventManager : Event: ======'player_rhythm_hits'====== Args={'value': 23, 'prev_value': 22, 'change': 1, 'player_num': 1}
2026-04-16 13:51:13,207 : INFO : EventManager : Event: ======'player_rhythm_mode_score'====== Args={'value': 830000, 'prev_value': 770000, 'change': 60000, 'player_num': 1}
2026-04-16 13:51:13,207 : INFO : EventManager : Event: ======'player_score'====== Args={'value': 830000, 'prev_value': 770000, 'change': 60000, 'player_num': 1}
2026-04-16 13:51:13,208 : INFO : EventManager : Event: ======'rhythm_note_hit'====== Args={'note_id': 22, 'lane': 'center', 'judgment': 'perfect', 'combo': 23, 'multiplier': 3, 'award': 60000, 'delta_ms': 60, 'total_score': 830000}
2026-04-16 13:51:13,208 : INFO : EventManager : Event: ======'machine_var_audits_switches_s_action_button'====== Args={'value': 63, 'prev_value': 62, 'change': 1}
2026-04-16 13:51:13,208 : INFO : SwitchController : <<<<<<< 's_flipper_right' active >>>>>>>
2026-04-16 13:51:13,208 : INFO : EventManager : Event: ======'rhythm_lane_pressed'====== Args={'lane': 'right'}
2026-04-16 13:51:13,208 : INFO : EventManager : Event: ======'player_rhythm_combo'====== Args={'value': 24, 'prev_value': 23, 'change': 1, 'player_num': 1}
2026-04-16 13:51:13,208 : INFO : EventManager : Event: ======'player_rhythm_best_combo'====== Args={'value': 24, 'prev_value': 23, 'change': 1, 'player_num': 1}
2026-04-16 13:51:13,209 : INFO : EventManager : Event: ======'player_rhythm_hits'====== Args={'value': 24, 'prev_value': 23, 'change': 1, 'player_num': 1}
2026-04-16 13:51:13,209 : INFO : EventManager : Event: ======'player_rhythm_mode_score'====== Args={'value': 890000, 'prev_value': 830000, 'change': 60000, 'player_num': 1}
2026-04-16 13:51:13,209 : INFO : EventManager : Event: ======'player_score'====== Args={'value': 890000, 'prev_value': 830000, 'change': 60000, 'player_num': 1}
2026-04-16 13:51:13,209 : INFO : EventManager : Event: ======'rhythm_note_hit'====== Args={'note_id': 23, 'lane': 'right', 'judgment': 'perfect', 'combo': 24, 'multiplier': 3, 'award': 60000, 'delta_ms': 62, 'total_score': 890000}
2026-04-16 13:51:13,209 : INFO : EventManager : Event: ======'machine_var_audits_switches_s_flipper_right'====== Args={'value': 118, 'prev_value': 117, 'change': 1}
2026-04-16 13:51:13,339 : INFO : SwitchController : <<<<<<< 's_flipper_right' inactive >>>>>>>
2026-04-16 13:51:13,349 : INFO : EventManager : Event: ======'rhythm_note_spawned'====== Args={'note_id': 27, 'lane': 'right', 'travel_ms': 1600, 'hit_time_ms': 12500}
2026-04-16 13:51:13,356 : INFO : SwitchController : <<<<<<< 's_action_button' inactive >>>>>>>
2026-04-16 13:51:13,749 : INFO : EventManager : Event: ======'rhythm_note_spawned'====== Args={'note_id': 28, 'lane': 'center', 'travel_ms': 1600, 'hit_time_ms': 12900}
2026-04-16 13:51:13,856 : INFO : SwitchController : <<<<<<< 's_flipper_left' active >>>>>>>
2026-04-16 13:51:13,856 : INFO : EventManager : Event: ======'rhythm_lane_pressed'====== Args={'lane': 'left'}
2026-04-16 13:51:13,856 : INFO : EventManager : Event: ======'player_rhythm_combo'====== Args={'value': 25, 'prev_value': 24, 'change': 1, 'player_num': 1}
2026-04-16 13:51:13,857 : INFO : EventManager : Event: ======'player_rhythm_best_combo'====== Args={'value': 25, 'prev_value': 24, 'change': 1, 'player_num': 1}
2026-04-16 13:51:13,857 : INFO : EventManager : Event: ======'player_rhythm_hits'====== Args={'value': 25, 'prev_value': 24, 'change': 1, 'player_num': 1}
2026-04-16 13:51:13,857 : INFO : EventManager : Event: ======'player_rhythm_multiplier'====== Args={'value': 4, 'prev_value': 3, 'change': 1, 'player_num': 1}
2026-04-16 13:51:13,857 : INFO : EventManager : Event: ======'player_rhythm_mode_score'====== Args={'value': 930000, 'prev_value': 890000, 'change': 40000, 'player_num': 1}
2026-04-16 13:51:13,857 : INFO : EventManager : Event: ======'player_score'====== Args={'value': 930000, 'prev_value': 890000, 'change': 40000, 'player_num': 1}
2026-04-16 13:51:13,857 : INFO : EventManager : Event: ======'rhythm_note_hit'====== Args={'note_id': 24, 'lane': 'left', 'judgment': 'good', 'combo': 25, 'multiplier': 4, 'award': 40000, 'delta_ms': 110, 'total_score': 930000}
2026-04-16 13:51:13,857 : INFO : EventManager : Event: ======'machine_var_audits_switches_s_flipper_left'====== Args={'value': 128, 'prev_value': 127, 'change': 1}
2026-04-16 13:51:14,039 : INFO : SwitchController : <<<<<<< 's_flipper_left' inactive >>>>>>>
2026-04-16 13:51:14,106 : INFO : SwitchController : <<<<<<< 's_action_button' active >>>>>>>
2026-04-16 13:51:14,106 : INFO : EventManager : Event: ======'rhythm_lane_pressed'====== Args={'lane': 'center'}
2026-04-16 13:51:14,106 : INFO : EventManager : Event: ======'player_rhythm_combo'====== Args={'value': 26, 'prev_value': 25, 'change': 1, 'player_num': 1}
2026-04-16 13:51:14,107 : INFO : EventManager : Event: ======'player_rhythm_best_combo'====== Args={'value': 26, 'prev_value': 25, 'change': 1, 'player_num': 1}
2026-04-16 13:51:14,107 : INFO : EventManager : Event: ======'player_rhythm_hits'====== Args={'value': 26, 'prev_value': 25, 'change': 1, 'player_num': 1}
2026-04-16 13:51:14,107 : INFO : EventManager : Event: ======'player_rhythm_mode_score'====== Args={'value': 1010000, 'prev_value': 930000, 'change': 80000, 'player_num': 1}
2026-04-16 13:51:14,107 : INFO : EventManager : Event: ======'player_score'====== Args={'value': 1010000, 'prev_value': 930000, 'change': 80000, 'player_num': 1}
2026-04-16 13:51:14,107 : INFO : EventManager : Event: ======'rhythm_note_hit'====== Args={'note_id': 25, 'lane': 'center', 'judgment': 'perfect', 'combo': 26, 'multiplier': 4, 'award': 80000, 'delta_ms': 40, 'total_score': 1010000}
2026-04-16 13:51:14,107 : INFO : EventManager : Event: ======'machine_var_audits_switches_s_action_button'====== Args={'value': 64, 'prev_value': 63, 'change': 1}
2026-04-16 13:51:14,149 : INFO : EventManager : Event: ======'rhythm_note_spawned'====== Args={'note_id': 29, 'lane': 'right', 'travel_ms': 1600, 'hit_time_ms': 13300}
2026-04-16 13:51:14,223 : INFO : SwitchController : <<<<<<< 's_action_button' inactive >>>>>>>
2026-04-16 13:51:14,523 : INFO : SwitchController : <<<<<<< 's_flipper_left' active >>>>>>>
2026-04-16 13:51:14,523 : INFO : EventManager : Event: ======'rhythm_lane_pressed'====== Args={'lane': 'left'}
2026-04-16 13:51:14,523 : INFO : EventManager : Event: ======'player_rhythm_combo'====== Args={'value': 27, 'prev_value': 26, 'change': 1, 'player_num': 1}
2026-04-16 13:51:14,524 : INFO : EventManager : Event: ======'player_rhythm_best_combo'====== Args={'value': 27, 'prev_value': 26, 'change': 1, 'player_num': 1}
2026-04-16 13:51:14,525 : INFO : EventManager : Event: ======'player_rhythm_hits'====== Args={'value': 27, 'prev_value': 26, 'change': 1, 'player_num': 1}
2026-04-16 13:51:14,525 : INFO : EventManager : Event: ======'player_rhythm_mode_score'====== Args={'value': 1090000, 'prev_value': 1010000, 'change': 80000, 'player_num': 1}
2026-04-16 13:51:14,525 : INFO : EventManager : Event: ======'player_score'====== Args={'value': 1090000, 'prev_value': 1010000, 'change': 80000, 'player_num': 1}
2026-04-16 13:51:14,526 : INFO : EventManager : Event: ======'rhythm_note_hit'====== Args={'note_id': 26, 'lane': 'left', 'judgment': 'perfect', 'combo': 27, 'multiplier': 4, 'award': 80000, 'delta_ms': 23, 'total_score': 1090000}
2026-04-16 13:51:14,526 : INFO : EventManager : Event: ======'machine_var_audits_switches_s_flipper_left'====== Args={'value': 129, 'prev_value': 128, 'change': 1}
2026-04-16 13:51:14,549 : INFO : EventManager : Event: ======'rhythm_note_spawned'====== Args={'note_id': 30, 'lane': 'left', 'travel_ms': 1600, 'hit_time_ms': 13700}
2026-04-16 13:51:14,549 : INFO : EventManager : Event: ======'rhythm_note_spawned'====== Args={'note_id': 31, 'lane': 'center', 'travel_ms': 1600, 'hit_time_ms': 13700}
2026-04-16 13:51:14,656 : INFO : SwitchController : <<<<<<< 's_flipper_left' inactive >>>>>>>
2026-04-16 13:51:14,989 : INFO : SwitchController : <<<<<<< 's_flipper_right' active >>>>>>>
2026-04-16 13:51:14,990 : INFO : EventManager : Event: ======'rhythm_lane_pressed'====== Args={'lane': 'right'}
2026-04-16 13:51:14,990 : INFO : EventManager : Event: ======'player_rhythm_combo'====== Args={'value': 28, 'prev_value': 27, 'change': 1, 'player_num': 1}
2026-04-16 13:51:14,990 : INFO : EventManager : Event: ======'player_rhythm_best_combo'====== Args={'value': 28, 'prev_value': 27, 'change': 1, 'player_num': 1}
2026-04-16 13:51:14,990 : INFO : EventManager : Event: ======'player_rhythm_hits'====== Args={'value': 28, 'prev_value': 27, 'change': 1, 'player_num': 1}
2026-04-16 13:51:14,990 : INFO : EventManager : Event: ======'player_rhythm_mode_score'====== Args={'value': 1170000, 'prev_value': 1090000, 'change': 80000, 'player_num': 1}
2026-04-16 13:51:14,991 : INFO : EventManager : Event: ======'player_score'====== Args={'value': 1170000, 'prev_value': 1090000, 'change': 80000, 'player_num': 1}
2026-04-16 13:51:14,991 : INFO : EventManager : Event: ======'rhythm_note_hit'====== Args={'note_id': 27, 'lane': 'right', 'judgment': 'perfect', 'combo': 28, 'multiplier': 4, 'award': 80000, 'delta_ms': 43, 'total_score': 1170000}
2026-04-16 13:51:14,991 : INFO : EventManager : Event: ======'machine_var_audits_switches_s_flipper_right'====== Args={'value': 119, 'prev_value': 118, 'change': 1}
2026-04-16 13:51:15,123 : INFO : SwitchController : <<<<<<< 's_flipper_right' inactive >>>>>>>
2026-04-16 13:51:15,149 : INFO : EventManager : Event: ======'rhythm_note_spawned'====== Args={'note_id': 32, 'lane': 'center', 'travel_ms': 1600, 'hit_time_ms': 14300}
2026-04-16 13:51:15,373 : INFO : SwitchController : <<<<<<< 's_action_button' active >>>>>>>
2026-04-16 13:51:15,373 : INFO : EventManager : Event: ======'rhythm_lane_pressed'====== Args={'lane': 'center'}
2026-04-16 13:51:15,373 : INFO : EventManager : Event: ======'player_rhythm_combo'====== Args={'value': 29, 'prev_value': 28, 'change': 1, 'player_num': 1}
2026-04-16 13:51:15,373 : INFO : EventManager : Event: ======'player_rhythm_best_combo'====== Args={'value': 29, 'prev_value': 28, 'change': 1, 'player_num': 1}
2026-04-16 13:51:15,373 : INFO : EventManager : Event: ======'player_rhythm_hits'====== Args={'value': 29, 'prev_value': 28, 'change': 1, 'player_num': 1}
2026-04-16 13:51:15,374 : INFO : EventManager : Event: ======'player_rhythm_mode_score'====== Args={'value': 1250000, 'prev_value': 1170000, 'change': 80000, 'player_num': 1}
2026-04-16 13:51:15,374 : INFO : EventManager : Event: ======'player_score'====== Args={'value': 1250000, 'prev_value': 1170000, 'change': 80000, 'player_num': 1}
2026-04-16 13:51:15,374 : INFO : EventManager : Event: ======'rhythm_note_hit'====== Args={'note_id': 28, 'lane': 'center', 'judgment': 'perfect', 'combo': 29, 'multiplier': 4, 'award': 80000, 'delta_ms': 26, 'total_score': 1250000}
2026-04-16 13:51:15,374 : INFO : EventManager : Event: ======'machine_var_audits_switches_s_action_button'====== Args={'value': 65, 'prev_value': 64, 'change': 1}
2026-04-16 13:51:15,473 : INFO : SwitchController : <<<<<<< 's_action_button' inactive >>>>>>>
2026-04-16 13:51:15,549 : INFO : EventManager : Event: ======'rhythm_note_spawned'====== Args={'note_id': 33, 'lane': 'right', 'travel_ms': 1600, 'hit_time_ms': 14700}
2026-04-16 13:51:15,756 : INFO : SwitchController : <<<<<<< 's_flipper_right' active >>>>>>>
2026-04-16 13:51:15,756 : INFO : EventManager : Event: ======'rhythm_lane_pressed'====== Args={'lane': 'right'}
2026-04-16 13:51:15,756 : INFO : EventManager : Event: ======'player_rhythm_combo'====== Args={'value': 30, 'prev_value': 29, 'change': 1, 'player_num': 1}
2026-04-16 13:51:15,757 : INFO : EventManager : Event: ======'player_rhythm_best_combo'====== Args={'value': 30, 'prev_value': 29, 'change': 1, 'player_num': 1}
2026-04-16 13:51:15,757 : INFO : EventManager : Event: ======'player_rhythm_hits'====== Args={'value': 30, 'prev_value': 29, 'change': 1, 'player_num': 1}
2026-04-16 13:51:15,757 : INFO : EventManager : Event: ======'player_rhythm_mode_score'====== Args={'value': 1330000, 'prev_value': 1250000, 'change': 80000, 'player_num': 1}
2026-04-16 13:51:15,757 : INFO : EventManager : Event: ======'player_score'====== Args={'value': 1330000, 'prev_value': 1250000, 'change': 80000, 'player_num': 1}
2026-04-16 13:51:15,757 : INFO : EventManager : Event: ======'rhythm_note_hit'====== Args={'note_id': 29, 'lane': 'right', 'judgment': 'perfect', 'combo': 30, 'multiplier': 4, 'award': 80000, 'delta_ms': 10, 'total_score': 1330000}
2026-04-16 13:51:15,757 : INFO : EventManager : Event: ======'machine_var_audits_switches_s_flipper_right'====== Args={'value': 120, 'prev_value': 119, 'change': 1}
2026-04-16 13:51:15,889 : INFO : SwitchController : <<<<<<< 's_flipper_right' inactive >>>>>>>
2026-04-16 13:51:15,949 : INFO : EventManager : Event: ======'rhythm_note_spawned'====== Args={'note_id': 34, 'lane': 'left', 'travel_ms': 1600, 'hit_time_ms': 15100}
2026-04-16 13:51:16,123 : INFO : SwitchController : <<<<<<< 's_flipper_left' active >>>>>>>
2026-04-16 13:51:16,123 : INFO : EventManager : Event: ======'rhythm_lane_pressed'====== Args={'lane': 'left'}
2026-04-16 13:51:16,123 : INFO : EventManager : Event: ======'player_rhythm_combo'====== Args={'value': 31, 'prev_value': 30, 'change': 1, 'player_num': 1}
2026-04-16 13:51:16,123 : INFO : EventManager : Event: ======'player_rhythm_best_combo'====== Args={'value': 31, 'prev_value': 30, 'change': 1, 'player_num': 1}
2026-04-16 13:51:16,123 : INFO : EventManager : Event: ======'player_rhythm_hits'====== Args={'value': 31, 'prev_value': 30, 'change': 1, 'player_num': 1}
2026-04-16 13:51:16,124 : INFO : EventManager : Event: ======'player_rhythm_mode_score'====== Args={'value': 1410000, 'prev_value': 1330000, 'change': 80000, 'player_num': 1}
2026-04-16 13:51:16,124 : INFO : EventManager : Event: ======'player_score'====== Args={'value': 1410000, 'prev_value': 1330000, 'change': 80000, 'player_num': 1}
2026-04-16 13:51:16,124 : INFO : EventManager : Event: ======'rhythm_note_hit'====== Args={'note_id': 30, 'lane': 'left', 'judgment': 'perfect', 'combo': 31, 'multiplier': 4, 'award': 80000, 'delta_ms': 23, 'total_score': 1410000}
2026-04-16 13:51:16,124 : INFO : EventManager : Event: ======'machine_var_audits_switches_s_flipper_left'====== Args={'value': 130, 'prev_value': 129, 'change': 1}
2026-04-16 13:51:16,156 : INFO : SwitchController : <<<<<<< 's_action_button' active >>>>>>>
2026-04-16 13:51:16,156 : INFO : EventManager : Event: ======'rhythm_lane_pressed'====== Args={'lane': 'center'}
2026-04-16 13:51:16,156 : INFO : EventManager : Event: ======'player_rhythm_combo'====== Args={'value': 32, 'prev_value': 31, 'change': 1, 'player_num': 1}
2026-04-16 13:51:16,157 : INFO : EventManager : Event: ======'player_rhythm_best_combo'====== Args={'value': 32, 'prev_value': 31, 'change': 1, 'player_num': 1}
2026-04-16 13:51:16,157 : INFO : EventManager : Event: ======'player_rhythm_hits'====== Args={'value': 32, 'prev_value': 31, 'change': 1, 'player_num': 1}
2026-04-16 13:51:16,157 : INFO : EventManager : Event: ======'player_rhythm_mode_score'====== Args={'value': 1490000, 'prev_value': 1410000, 'change': 80000, 'player_num': 1}
2026-04-16 13:51:16,157 : INFO : EventManager : Event: ======'player_score'====== Args={'value': 1490000, 'prev_value': 1410000, 'change': 80000, 'player_num': 1}
2026-04-16 13:51:16,157 : INFO : EventManager : Event: ======'rhythm_note_hit'====== Args={'note_id': 31, 'lane': 'center', 'judgment': 'perfect', 'combo': 32, 'multiplier': 4, 'award': 80000, 'delta_ms': 10, 'total_score': 1490000}
2026-04-16 13:51:16,157 : INFO : EventManager : Event: ======'machine_var_audits_switches_s_action_button'====== Args={'value': 66, 'prev_value': 65, 'change': 1}
2026-04-16 13:51:16,289 : INFO : SwitchController : <<<<<<< 's_flipper_left' inactive >>>>>>>
2026-04-16 13:51:16,306 : INFO : SwitchController : <<<<<<< 's_action_button' inactive >>>>>>>
2026-04-16 13:51:16,349 : INFO : EventManager : Event: ======'rhythm_note_spawned'====== Args={'note_id': 35, 'lane': 'center', 'travel_ms': 1600, 'hit_time_ms': 15500}
2026-04-16 13:51:16,639 : INFO : SwitchController : <<<<<<< 's_action_button' active >>>>>>>
2026-04-16 13:51:16,640 : INFO : EventManager : Event: ======'rhythm_lane_pressed'====== Args={'lane': 'center'}
2026-04-16 13:51:16,640 : INFO : EventManager : Event: ======'player_rhythm_combo'====== Args={'value': 33, 'prev_value': 32, 'change': 1, 'player_num': 1}
2026-04-16 13:51:16,640 : INFO : EventManager : Event: ======'player_rhythm_best_combo'====== Args={'value': 33, 'prev_value': 32, 'change': 1, 'player_num': 1}
2026-04-16 13:51:16,640 : INFO : EventManager : Event: ======'player_rhythm_hits'====== Args={'value': 33, 'prev_value': 32, 'change': 1, 'player_num': 1}
2026-04-16 13:51:16,640 : INFO : EventManager : Event: ======'player_rhythm_mode_score'====== Args={'value': 1530000, 'prev_value': 1490000, 'change': 40000, 'player_num': 1}
2026-04-16 13:51:16,641 : INFO : EventManager : Event: ======'player_score'====== Args={'value': 1530000, 'prev_value': 1490000, 'change': 40000, 'player_num': 1}
2026-04-16 13:51:16,641 : INFO : EventManager : Event: ======'rhythm_note_hit'====== Args={'note_id': 32, 'lane': 'center', 'judgment': 'good', 'combo': 33, 'multiplier': 4, 'award': 40000, 'delta_ms': 107, 'total_score': 1530000}
2026-04-16 13:51:16,641 : INFO : EventManager : Event: ======'machine_var_audits_switches_s_action_button'====== Args={'value': 67, 'prev_value': 66, 'change': 1}
2026-04-16 13:51:16,756 : INFO : SwitchController : <<<<<<< 's_action_button' inactive >>>>>>>
2026-04-16 13:51:16,951 : INFO : EventManager : Event: ======'rhythm_note_spawned'====== Args={'note_id': 36, 'lane': 'left', 'travel_ms': 1600, 'hit_time_ms': 16100}
2026-04-16 13:51:16,951 : INFO : EventManager : Event: ======'rhythm_note_spawned'====== Args={'note_id': 37, 'lane': 'right', 'travel_ms': 1600, 'hit_time_ms': 16100}
2026-04-16 13:51:17,107 : INFO : SwitchController : <<<<<<< 's_flipper_right' active >>>>>>>
2026-04-16 13:51:17,107 : INFO : EventManager : Event: ======'rhythm_lane_pressed'====== Args={'lane': 'right'}
2026-04-16 13:51:17,107 : INFO : EventManager : Event: ======'player_rhythm_combo'====== Args={'value': 34, 'prev_value': 33, 'change': 1, 'player_num': 1}
2026-04-16 13:51:17,107 : INFO : EventManager : Event: ======'player_rhythm_best_combo'====== Args={'value': 34, 'prev_value': 33, 'change': 1, 'player_num': 1}
2026-04-16 13:51:17,107 : INFO : EventManager : Event: ======'player_rhythm_hits'====== Args={'value': 34, 'prev_value': 33, 'change': 1, 'player_num': 1}
2026-04-16 13:51:17,108 : INFO : EventManager : Event: ======'player_rhythm_mode_score'====== Args={'value': 1610000, 'prev_value': 1530000, 'change': 80000, 'player_num': 1}
2026-04-16 13:51:17,108 : INFO : EventManager : Event: ======'player_score'====== Args={'value': 1610000, 'prev_value': 1530000, 'change': 80000, 'player_num': 1}
2026-04-16 13:51:17,108 : INFO : EventManager : Event: ======'rhythm_note_hit'====== Args={'note_id': 33, 'lane': 'right', 'judgment': 'perfect', 'combo': 34, 'multiplier': 4, 'award': 80000, 'delta_ms': 39, 'total_score': 1610000}
2026-04-16 13:51:17,108 : INFO : EventManager : Event: ======'machine_var_audits_switches_s_flipper_right'====== Args={'value': 121, 'prev_value': 120, 'change': 1}
2026-04-16 13:51:17,206 : INFO : SwitchController : <<<<<<< 's_flipper_right' inactive >>>>>>>
2026-04-16 13:51:17,389 : INFO : SwitchController : <<<<<<< 's_flipper_left' active >>>>>>>
2026-04-16 13:51:17,390 : INFO : EventManager : Event: ======'rhythm_lane_pressed'====== Args={'lane': 'left'}
2026-04-16 13:51:17,390 : INFO : EventManager : Event: ======'player_rhythm_combo'====== Args={'value': 35, 'prev_value': 34, 'change': 1, 'player_num': 1}
2026-04-16 13:51:17,390 : INFO : EventManager : Event: ======'player_rhythm_best_combo'====== Args={'value': 35, 'prev_value': 34, 'change': 1, 'player_num': 1}
2026-04-16 13:51:17,390 : INFO : EventManager : Event: ======'player_rhythm_hits'====== Args={'value': 35, 'prev_value': 34, 'change': 1, 'player_num': 1}
2026-04-16 13:51:17,390 : INFO : EventManager : Event: ======'player_rhythm_mode_score'====== Args={'value': 1650000, 'prev_value': 1610000, 'change': 40000, 'player_num': 1}
2026-04-16 13:51:17,391 : INFO : EventManager : Event: ======'player_score'====== Args={'value': 1650000, 'prev_value': 1610000, 'change': 40000, 'player_num': 1}
2026-04-16 13:51:17,391 : INFO : EventManager : Event: ======'rhythm_note_hit'====== Args={'note_id': 34, 'lane': 'left', 'judgment': 'good', 'combo': 35, 'multiplier': 4, 'award': 40000, 'delta_ms': 157, 'total_score': 1650000}
2026-04-16 13:51:17,391 : INFO : EventManager : Event: ======'machine_var_audits_switches_s_flipper_left'====== Args={'value': 131, 'prev_value': 130, 'change': 1}
2026-04-16 13:51:17,473 : INFO : SwitchController : <<<<<<< 's_flipper_left' inactive >>>>>>>
2026-04-16 13:51:17,906 : INFO : SwitchController : <<<<<<< 's_action_button' active >>>>>>>
2026-04-16 13:51:17,906 : INFO : EventManager : Event: ======'rhythm_lane_pressed'====== Args={'lane': 'center'}
2026-04-16 13:51:17,906 : INFO : EventManager : Event: ======'player_rhythm_combo'====== Args={'value': 36, 'prev_value': 35, 'change': 1, 'player_num': 1}
2026-04-16 13:51:17,906 : INFO : EventManager : Event: ======'player_rhythm_best_combo'====== Args={'value': 36, 'prev_value': 35, 'change': 1, 'player_num': 1}
2026-04-16 13:51:17,907 : INFO : EventManager : Event: ======'player_rhythm_hits'====== Args={'value': 36, 'prev_value': 35, 'change': 1, 'player_num': 1}
2026-04-16 13:51:17,907 : INFO : EventManager : Event: ======'player_rhythm_mode_score'====== Args={'value': 1730000, 'prev_value': 1650000, 'change': 80000, 'player_num': 1}
2026-04-16 13:51:17,907 : INFO : EventManager : Event: ======'player_score'====== Args={'value': 1730000, 'prev_value': 1650000, 'change': 80000, 'player_num': 1}
2026-04-16 13:51:17,907 : INFO : EventManager : Event: ======'rhythm_note_hit'====== Args={'note_id': 35, 'lane': 'center', 'judgment': 'perfect', 'combo': 36, 'multiplier': 4, 'award': 80000, 'delta_ms': 40, 'total_score': 1730000}
2026-04-16 13:51:17,907 : INFO : EventManager : Event: ======'machine_var_audits_switches_s_action_button'====== Args={'value': 68, 'prev_value': 67, 'change': 1}
2026-04-16 13:51:18,023 : INFO : SwitchController : <<<<<<< 's_action_button' inactive >>>>>>>
2026-04-16 13:51:18,556 : INFO : SwitchController : <<<<<<< 's_flipper_left' active >>>>>>>
2026-04-16 13:51:18,556 : INFO : EventManager : Event: ======'rhythm_lane_pressed'====== Args={'lane': 'left'}
2026-04-16 13:51:18,556 : INFO : EventManager : Event: ======'player_rhythm_combo'====== Args={'value': 37, 'prev_value': 36, 'change': 1, 'player_num': 1}
2026-04-16 13:51:18,557 : INFO : EventManager : Event: ======'player_rhythm_best_combo'====== Args={'value': 37, 'prev_value': 36, 'change': 1, 'player_num': 1}
2026-04-16 13:51:18,557 : INFO : EventManager : Event: ======'player_rhythm_hits'====== Args={'value': 37, 'prev_value': 36, 'change': 1, 'player_num': 1}
2026-04-16 13:51:18,557 : INFO : EventManager : Event: ======'player_rhythm_mode_score'====== Args={'value': 1810000, 'prev_value': 1730000, 'change': 80000, 'player_num': 1}
2026-04-16 13:51:18,557 : INFO : EventManager : Event: ======'player_score'====== Args={'value': 1810000, 'prev_value': 1730000, 'change': 80000, 'player_num': 1}
2026-04-16 13:51:18,557 : INFO : EventManager : Event: ======'rhythm_note_hit'====== Args={'note_id': 36, 'lane': 'left', 'judgment': 'perfect', 'combo': 37, 'multiplier': 4, 'award': 80000, 'delta_ms': 10, 'total_score': 1810000}
2026-04-16 13:51:18,557 : INFO : EventManager : Event: ======'machine_var_audits_switches_s_flipper_left'====== Args={'value': 132, 'prev_value': 131, 'change': 1}
2026-04-16 13:51:18,589 : INFO : SwitchController : <<<<<<< 's_flipper_right' active >>>>>>>
2026-04-16 13:51:18,590 : INFO : EventManager : Event: ======'flipper_cancel'====== Args={'triggering_group': 2, 'triggering_switch': 's_flipper_right'}
2026-04-16 13:51:18,590 : INFO : EventManager : Event: ======'rhythm_lane_pressed'====== Args={'lane': 'right'}
2026-04-16 13:51:18,590 : INFO : EventManager : Event: ======'player_rhythm_combo'====== Args={'value': 38, 'prev_value': 37, 'change': 1, 'player_num': 1}
2026-04-16 13:51:18,590 : INFO : EventManager : Event: ======'player_rhythm_best_combo'====== Args={'value': 38, 'prev_value': 37, 'change': 1, 'player_num': 1}
2026-04-16 13:51:18,590 : INFO : EventManager : Event: ======'player_rhythm_hits'====== Args={'value': 38, 'prev_value': 37, 'change': 1, 'player_num': 1}
2026-04-16 13:51:18,590 : INFO : EventManager : Event: ======'player_rhythm_mode_score'====== Args={'value': 1890000, 'prev_value': 1810000, 'change': 80000, 'player_num': 1}
2026-04-16 13:51:18,591 : INFO : EventManager : Event: ======'player_score'====== Args={'value': 1890000, 'prev_value': 1810000, 'change': 80000, 'player_num': 1}
2026-04-16 13:51:18,591 : INFO : EventManager : Event: ======'rhythm_note_hit'====== Args={'note_id': 37, 'lane': 'right', 'judgment': 'perfect', 'combo': 38, 'multiplier': 4, 'award': 80000, 'delta_ms': 44, 'total_score': 1890000}
2026-04-16 13:51:18,591 : INFO : EventManager : Event: ======'machine_var_audits_switches_s_flipper_right'====== Args={'value': 122, 'prev_value': 121, 'change': 1}
2026-04-16 13:51:18,643 : INFO : EventManager : Event: ======'balldevice_bd_trough_ball_eject_failed'====== Args={'target': <ball_device.bd_plunger>, 'balls': 1, 'retry': True, 'num_attempts': 2}
2026-04-16 13:51:18,644 : INFO : ball_device.bd_trough : State: waiting_for_target_ready
2026-04-16 13:51:18,644 : INFO : EventManager : Event: ======'balldevice_bd_trough_ball_eject_attempt'====== Args={'balls': 1, 'target': <ball_device.bd_plunger>, 'source': <ball_device.bd_trough>, 'mechanical_eject': False, 'num_attempts': 2}
2026-04-16 13:51:18,644 : INFO : ball_device.bd_trough : State: ejecting
2026-04-16 13:51:18,644 : INFO : ball_device.bd_trough : Ejecting ball to <ball_device.bd_plunger>
2026-04-16 13:51:18,644 : INFO : EventManager : Event: ======'balldevice_bd_trough_ejecting_ball'====== Args={'balls': 1, 'target': <ball_device.bd_plunger>, 'source': <ball_device.bd_trough>, 'mechanical_eject': False, 'num_attempts': 2}
2026-04-16 13:51:18,645 : INFO : ball_device.bd_trough : Wait for ball to leave device
2026-04-16 13:51:18,645 : INFO : coil.c_trough_eject : Pulsing Driver for 10ms (1.0 pulse_power)
2026-04-16 13:51:18,706 : INFO : SwitchController : <<<<<<< 's_flipper_right' inactive >>>>>>>
2026-04-16 13:51:18,706 : INFO : EventManager : Event: ======'both_flippers_one'====== Args={'triggering_group': 2, 'triggering_switch': 's_flipper_right'}
2026-04-16 13:51:18,723 : INFO : SwitchController : <<<<<<< 's_flipper_left' inactive >>>>>>>
2026-04-16 13:51:18,723 : INFO : EventManager : Event: ======'both_flippers_inactive'====== Args={'triggering_group': 1, 'triggering_switch': 's_flipper_left'}
2026-04-16 13:51:18,968 : INFO : EventManager : Event: ======'player_rhythm_accuracy'====== Args={'value': 100, 'prev_value': 0, 'change': 100, 'player_num': 1}
2026-04-16 13:51:18,969 : INFO : EventManager : Event: ======'player_rhythm_multiplier'====== Args={'value': 1, 'prev_value': 4, 'change': -3, 'player_num': 1}
2026-04-16 13:51:18,969 : INFO : EventManager : Event: ======'rhythm_mode_finished'====== Args={'total_notes': 38, 'hits': 38, 'misses': 0, 'best_combo': 38, 'accuracy': 100, 'total_score': 1890000}
2026-04-16 13:51:20,570 : INFO : EventManager : Event: ======'mode_rhythm_will_stop'====== Args={}
2026-04-16 13:51:20,571 : INFO : EventManager : Event: ======'mode_rhythm_stopping'====== Args={}
2026-04-16 13:51:20,571 : INFO : Mode.rhythm : Stopped.
2026-04-16 13:51:20,571 : INFO : EventManager : Event: ======'modes_active_modes_changed'====== Args={}
2026-04-16 13:51:20,572 : INFO : EventManager : Event: ======'mode_rhythm_stopped'====== Args={}
2026-04-16 13:51:20,572 : INFO : EventManager : Event: ======'clear'====== Args={'key': 'rhythm'}
2026-04-16 13:51:20,590 : INFO : EventManager : Event: ======'slide_rhythm_inactive'====== Args={'is_removing': True, '_from_bcp': True}
2026-04-16 13:51:20,590 : INFO : EventManager : Event: ======'slide_base_slide_active'====== Args={'_from_bcp': True}
2026-04-16 13:51:20,590 : INFO : EventManager : Event: ======'slide_rhythm_removed'====== Args={'_from_bcp': True}
2026-04-16 13:51:21,607 : INFO : Machine : Shutting down...
2026-04-16 13:51:21,607 : INFO : EventManager : Event: ======'shutdown'====== Args={}
2026-04-16 13:51:21,608 : INFO : EventManager : Event: ======'mode_game_will_stop'====== Args={}
2026-04-16 13:51:21,608 : INFO : EventManager : Event: ======'mode_game_stopping'====== Args={}
2026-04-16 13:51:21,609 : INFO : EventManager : Event: ======'mode_bumpers_will_stop'====== Args={}
2026-04-16 13:51:21,609 : INFO : EventManager : Event: ======'mode_bumpers_stopping'====== Args={}
2026-04-16 13:51:21,609 : INFO : EventManager : Event: ======'mode_base_will_stop'====== Args={}
2026-04-16 13:51:21,609 : INFO : EventManager : Event: ======'mode_base_stopping'====== Args={}
2026-04-16 13:51:21,609 : INFO : EventManager : Event: ======'stop_mode_bumpers'====== Args={'priority': 0}
2026-04-16 13:51:21,609 : INFO : Mode.base : Stopped.
2026-04-16 13:51:21,609 : INFO : EventManager : Event: ======'modes_active_modes_changed'====== Args={}
2026-04-16 13:51:21,609 : INFO : EventManager : Event: ======'mode_base_stopped'====== Args={}
2026-04-16 13:51:21,609 : INFO : EventManager : Event: ======'clear'====== Args={'key': 'base'}
2026-04-16 13:51:21,610 : INFO : Mode.bumpers : Stopped.
2026-04-16 13:51:21,610 : INFO : EventManager : Event: ======'modes_active_modes_changed'====== Args={}
2026-04-16 13:51:21,610 : INFO : EventManager : Event: ======'mode_bumpers_stopped'====== Args={}
2026-04-16 13:51:21,610 : INFO : EventManager : Event: ======'clear'====== Args={'key': 'bumpers'}
2026-04-16 13:51:21,610 : INFO : Mode.game : Stopped.
2026-04-16 13:51:21,610 : INFO : EventManager : Event: ======'modes_active_modes_changed'====== Args={}
2026-04-16 13:51:21,610 : INFO : EventManager : Event: ======'mode_game_stopped'====== Args={}
2026-04-16 13:51:21,610 : INFO : EventManager : Event: ======'clear'====== Args={'key': 'game'}
2026-04-16 13:51:21,612 : INFO : root : MPF run loop ended.
