2026-04-20 19:42:27,511 : INFO : root : Loading config.
2026-04-20 19:42:27,564 : INFO : ConfigProcessor : Config spec file cache created: /var/folders/nw/6blj94p12ldcym3fj104vzlm0000gn/T/config_spec.mpf_cache
2026-04-20 19:42:27,564 : INFO : YamlMultifileConfigLoader : Machine config file #1: config.yaml
2026-04-20 19:42:27,564 : INFO : ConfigProcessor : Loading config from cache: /var/folders/nw/6blj94p12ldcym3fj104vzlm0000gn/T/b334f8a4e2121184f8a617378a4d1625.mpf_cache
2026-04-20 19:42:27,578 : INFO : ConfigProcessor : Loading config from cache: /var/folders/nw/6blj94p12ldcym3fj104vzlm0000gn/T/63da12c4cec82227b4c3859bbf3c7cd4.mpf_cache
2026-04-20 19:42:27,579 : INFO : ConfigProcessor : Loading config from cache: /var/folders/nw/6blj94p12ldcym3fj104vzlm0000gn/T/b8625db2ee8ad38c42d4f1c72235edc8.mpf_cache
2026-04-20 19:42:27,579 : INFO : ConfigProcessor : Loading config from cache: /var/folders/nw/6blj94p12ldcym3fj104vzlm0000gn/T/63da12c4cec82227b4c3859bbf3c7cd4.mpf_cache
2026-04-20 19:42:27,579 : WARNING : ConfigProcessor : Config file in cache changed: /Users/willrante/Documents/GitHub/pinball/modes/song_select/config/song_select.yaml
2026-04-20 19:42:27,579 : INFO : ConfigProcessor : Loading config from file /Users/willrante/Documents/GitHub/pinball/modes/song_select/config/song_select.yaml.
2026-04-20 19:42:27,580 : INFO : ConfigProcessor : Loading config: /Users/willrante/Documents/GitHub/pinball/modes/song_select/config/song_select.yaml
2026-04-20 19:42:27,580 : INFO : ConfigProcessor : Config file cache created: /var/folders/nw/6blj94p12ldcym3fj104vzlm0000gn/T/cfdfcb64dba57a34ef9374db95e57645.mpf_cache
2026-04-20 19:42:27,580 : INFO : ConfigProcessor : Loading config from cache: /var/folders/nw/6blj94p12ldcym3fj104vzlm0000gn/T/104947b35f87d581877cdaf02599b463.mpf_cache
2026-04-20 19:42:27,581 : INFO : ConfigProcessor : Loading config from cache: /var/folders/nw/6blj94p12ldcym3fj104vzlm0000gn/T/bc830d47d6fbb336561cc63e74edf2c9.mpf_cache
2026-04-20 19:42:27,581 : INFO : ConfigProcessor : Loading config from cache: /var/folders/nw/6blj94p12ldcym3fj104vzlm0000gn/T/4273c698423283a7843ff5c77ef69dc9.mpf_cache
2026-04-20 19:42:27,581 : INFO : ConfigProcessor : Loading config from cache: /var/folders/nw/6blj94p12ldcym3fj104vzlm0000gn/T/7424f2cce7b15e0b37e570d3514590c8.mpf_cache
2026-04-20 19:42:27,581 : INFO : Machine : Mission Pinball Framework Core Engine v0.80.0.dev13
2026-04-20 19:42:27,581 : INFO : Machine : Command line arguments: {'no_load_cache': False, 'create_config_cache': True, 'bcp': True, 'configfile': ['config.yaml'], 'force_assets_load': False, 'platform_integration_test': False, 'jsonlogging': False, 'logfile': 'logs/2026-04-20-19-42-27-mpf-Wills-MacBook-Pro-M5.local.log', 'pause': False, 'production': False, 'text_ui': False, 'loglevel': 15, 'consoleloglevel': 20, 'force_platform': 'virtual', 'syslog_address': None, 'full_logfile_path': '/Users/willrante/Documents/GitHub/pinball/logs/2026-04-20-19-42-27-mpf-Wills-MacBook-Pro-M5.local.log'}
2026-04-20 19:42:27,581 : INFO : Machine : MPF path: /Users/willrante/mpf-env/lib/python3.14/site-packages/mpf
2026-04-20 19:42:27,581 : INFO : Machine : Machine path: /Users/willrante/Documents/GitHub/pinball
2026-04-20 19:42:27,581 : INFO : Machine : Platform: darwin
2026-04-20 19:42:27,581 : INFO : Machine : Python executable location: /Users/willrante/mpf-env/bin/python3.14
2026-04-20 19:42:27,581 : INFO : Machine : Python version: 3.14.3 (64-bit)
2026-04-20 19:42:27,582 : INFO : Machine : Initializing MPF...
2026-04-20 19:42:27,654 : INFO : EventManager : Event: ======'machine_var_credits_string'====== Args={'value': 'FREE PLAY', 'prev_value': None, 'change': True}
2026-04-20 19:42:27,660 : INFO : EventManager : Event: ======'machine_var_master_volume'====== Args={'value': 0.5, 'prev_value': None, 'change': True}
2026-04-20 19:42:27,660 : INFO : EventManager : Event: ======'machine_var_mpf_version'====== Args={'value': 'Mission Pinball Framework v0.80.0.dev13', 'prev_value': None, 'change': True}
2026-04-20 19:42:27,660 : INFO : EventManager : Event: ======'machine_var_mpf_extended_version'====== Args={'value': 'Mission Pinball Framework v0.80.0.dev13, Config version:6, Show version: 6, BCP version:1.1', 'prev_value': None, 'change': True}
2026-04-20 19:42:27,660 : INFO : EventManager : Event: ======'machine_var_python_version'====== Args={'value': '3.14.3', 'prev_value': None, 'change': True}
2026-04-20 19:42:27,671 : INFO : EventManager : Event: ======'machine_var_platform'====== Args={'value': 'macOS-26.4.1-arm64-arm-64bit-Mach-O', 'prev_value': None, 'change': True}
2026-04-20 19:42:27,671 : INFO : EventManager : Event: ======'machine_var_platform_system'====== Args={'value': 'Darwin', 'prev_value': None, 'change': True}
2026-04-20 19:42:27,671 : INFO : EventManager : Event: ======'machine_var_platform_release'====== Args={'value': '25.4.0', 'prev_value': None, 'change': True}
2026-04-20 19:42:27,671 : INFO : EventManager : Event: ======'machine_var_platform_version'====== Args={'value': 'Darwin Kernel Version 25.4.0: Thu Mar 19 19:33:50 PDT 2026; root:xnu-12377.101.15~1/RELEASE_ARM64_T6050', 'prev_value': None, 'change': True}
2026-04-20 19:42:27,671 : INFO : EventManager : Event: ======'machine_var_platform_machine'====== Args={'value': 'arm64', 'prev_value': None, 'change': True}
2026-04-20 19:42:27,671 : INFO : EventManager : Event: ======'machine_var_log_file_path'====== Args={'value': '/Users/willrante/Documents/GitHub/pinball/logs/2026-04-20-19-42-27-mpf-Wills-MacBook-Pro-M5.local.log', 'prev_value': None, 'change': True}
2026-04-20 19:42:27,671 : INFO : EventManager : Event: ======'init_phase_1'====== Args={}
2026-04-20 19:42:27,681 : INFO : EventManager : Event: ======'init_phase_2'====== Args={}
2026-04-20 19:42:27,681 : INFO : SwitchController : Found active switch: (1007, <Platform.Virtual>) <switch.s_trough_1>
2026-04-20 19:42:27,681 : INFO : SwitchController : Found active switch: (1008, <Platform.Virtual>) <switch.s_trough_2>
2026-04-20 19:42:27,681 : INFO : SwitchController : Found active switch: (1009, <Platform.Virtual>) <switch.s_trough_3>
2026-04-20 19:42:27,681 : INFO : EventManager : Event: ======'bcp_connection_attempt'====== Args={'name': 'local_display', 'host': 'localhost', 'port': 5050}
2026-04-20 19:42:27,682 : INFO : BCPClientSocket : Connecting BCP to 'local_display' at localhost:5050...
2026-04-20 19:42:27,686 : INFO : BCPClientSocket : Connected BCP to 'local_display' localhost:5050
2026-04-20 19:42:27,686 : INFO : EventManager : Event: ======'bcp_clients_connected'====== Args={}
2026-04-20 19:42:27,686 : INFO : ball_device.bd_plunger : BCH: Initial count: 0
2026-04-20 19:42:27,686 : INFO : ball_device.bd_plunger : State: idle
2026-04-20 19:42:27,687 : INFO : ball_device.bd_trough : BCH: Initial count: 3
2026-04-20 19:42:27,687 : INFO : ball_device.bd_trough : State: idle
2026-04-20 19:42:27,691 : INFO : EventManager : Event: ======'init_phase_3'====== Args={}
2026-04-20 19:42:27,691 : INFO : EventManager : Event: ======'init_phase_4'====== Args={}
2026-04-20 19:42:27,691 : INFO : BallController : Initial balls found: 3
2026-04-20 19:42:27,692 : INFO : EventManager : Event: ======'machine_var_audits_events_game_ended'====== Args={'value': 0, 'prev_value': None, 'change': True}
2026-04-20 19:42:27,692 : INFO : EventManager : Event: ======'machine_var_audits_events_game_started'====== Args={'value': 48, 'prev_value': None, 'change': True}
2026-04-20 19:42:27,692 : INFO : EventManager : Event: ======'machine_var_audits_missing_switches_s_bumper_left'====== Args={'value': 3, 'prev_value': None, 'change': True}
2026-04-20 19:42:27,692 : INFO : EventManager : Event: ======'machine_var_audits_missing_switches_s_bumper_right'====== Args={'value': 3, 'prev_value': None, 'change': True}
2026-04-20 19:42:27,692 : INFO : EventManager : Event: ======'machine_var_audits_missing_switches_s_plunger_lane'====== Args={'value': 48, 'prev_value': None, 'change': True}
2026-04-20 19:42:27,692 : INFO : EventManager : Event: ======'machine_var_audits_missing_switches_s_start'====== Args={'value': 3, 'prev_value': None, 'change': True}
2026-04-20 19:42:27,692 : INFO : EventManager : Event: ======'machine_var_audits_missing_switches_s_trough_1'====== Args={'value': 48, 'prev_value': None, 'change': True}
2026-04-20 19:42:27,692 : INFO : EventManager : Event: ======'machine_var_audits_missing_switches_s_trough_2'====== Args={'value': 48, 'prev_value': None, 'change': True}
2026-04-20 19:42:27,692 : INFO : EventManager : Event: ======'machine_var_audits_missing_switches_s_trough_3'====== Args={'value': 48, 'prev_value': None, 'change': True}
2026-04-20 19:42:27,692 : INFO : EventManager : Event: ======'machine_var_audits_player_score'====== Args={'value': {'average': 0, 'top': [], 'total': 0}, 'prev_value': None, 'change': True}
2026-04-20 19:42:27,692 : INFO : EventManager : Event: ======'machine_var_audits_shots_bumper_left'====== Args={'value': 220, 'prev_value': None, 'change': True}
2026-04-20 19:42:27,692 : INFO : EventManager : Event: ======'machine_var_audits_shots_bumper_right'====== Args={'value': 208, 'prev_value': None, 'change': True}
2026-04-20 19:42:27,692 : INFO : EventManager : Event: ======'machine_var_audits_shots_hurryup'====== Args={'value': 3, 'prev_value': None, 'change': True}
2026-04-20 19:42:27,692 : INFO : EventManager : Event: ======'machine_var_audits_shots_left_lane'====== Args={'value': 51, 'prev_value': None, 'change': True}
2026-04-20 19:42:27,692 : INFO : EventManager : Event: ======'machine_var_audits_switches_s_action_button'====== Args={'value': 489, 'prev_value': None, 'change': True}
2026-04-20 19:42:27,692 : INFO : EventManager : Event: ======'machine_var_audits_switches_s_bumper_left'====== Args={'value': 220, 'prev_value': None, 'change': True}
2026-04-20 19:42:27,692 : INFO : EventManager : Event: ======'machine_var_audits_switches_s_bumper_right'====== Args={'value': 208, 'prev_value': None, 'change': True}
2026-04-20 19:42:27,692 : INFO : EventManager : Event: ======'machine_var_audits_switches_s_flipper_left'====== Args={'value': 643, 'prev_value': None, 'change': True}
2026-04-20 19:42:27,692 : INFO : EventManager : Event: ======'machine_var_audits_switches_s_flipper_right'====== Args={'value': 797, 'prev_value': None, 'change': True}
2026-04-20 19:42:27,692 : INFO : EventManager : Event: ======'machine_var_audits_switches_s_left_lane'====== Args={'value': 51, 'prev_value': None, 'change': True}
2026-04-20 19:42:27,692 : INFO : EventManager : Event: ======'machine_var_audits_switches_s_plunger_lane'====== Args={'value': 0, 'prev_value': None, 'change': True}
2026-04-20 19:42:27,692 : INFO : EventManager : Event: ======'machine_var_audits_switches_s_start'====== Args={'value': 11, 'prev_value': None, 'change': True}
2026-04-20 19:42:27,692 : INFO : EventManager : Event: ======'machine_var_audits_switches_s_trough_1'====== Args={'value': 0, 'prev_value': None, 'change': True}
2026-04-20 19:42:27,692 : INFO : EventManager : Event: ======'machine_var_audits_switches_s_trough_2'====== Args={'value': 0, 'prev_value': None, 'change': True}
2026-04-20 19:42:27,692 : INFO : EventManager : Event: ======'machine_var_audits_switches_s_trough_3'====== Args={'value': 0, 'prev_value': None, 'change': True}
2026-04-20 19:42:27,692 : INFO : EventManager : Event: ======'init_phase_5'====== Args={}
2026-04-20 19:42:27,692 : INFO : EventManager : Event: ======'init_done'====== Args={}
2026-04-20 19:42:27,692 : INFO : EventManager : Event: ======'machine_reset_phase_1'====== Args={}
2026-04-20 19:42:27,695 : INFO : EventManager : Event: ======'machine_reset_phase_2'====== Args={}
2026-04-20 19:42:27,695 : INFO : EventManager : Event: ======'machine_reset_phase_3'====== Args={}
2026-04-20 19:42:27,696 : INFO : EventManager : Event: ======'reset_complete'====== Args={}
2026-04-20 19:42:27,696 : INFO : EventManager : Event: ======'mode_attract_will_start'====== Args={}
2026-04-20 19:42:27,696 : INFO : Timer.attract_carousel_timer : Starting Timer.
2026-04-20 19:42:27,696 : INFO : EventManager : Event: ======'timer_attract_carousel_timer_started'====== Args={'ticks': 0, 'ticks_remaining': 1}
2026-04-20 19:42:27,696 : INFO : EventManager : Event: ======'timer_attract_carousel_timer_tick'====== Args={'ticks': 0, 'ticks_remaining': 1}
2026-04-20 19:42:27,696 : INFO : EventManager : Event: ======'mode_attract_starting'====== Args={}
2026-04-20 19:42:27,696 : INFO : Mode.attract : Started. Priority: 10
2026-04-20 19:42:27,696 : INFO : EventManager : Event: ======'modes_active_modes_changed'====== Args={}
2026-04-20 19:42:27,696 : INFO : EventManager : Event: ======'mode_attract_started'====== Args={}
2026-04-20 19:42:27,696 : INFO : EventManager : Event: ======'collecting_balls_complete'====== Args={}
2026-04-20 19:42:27,696 : INFO : EventManager : Event: ======'carousel_item_highlighted'====== Args={'carousel': 'attract', 'direction': None, 'item': 'title'}
2026-04-20 19:42:27,696 : INFO : EventManager : Event: ======'timer_attract_carousel_timer_tick'====== Args={'ticks': 0, 'ticks_remaining': 1}
2026-04-20 19:42:27,697 : INFO : Machine : Starting the main run loop with active modes: [<Mode.attract>]
2026-04-20 19:42:27,790 : INFO : EventManager : Event: ======'slide_attract_created'====== Args={'_from_bcp': True}
2026-04-20 19:42:27,790 : INFO : EventManager : Event: ======'slide__removed'====== Args={'_from_bcp': True}
2026-04-20 19:42:27,790 : INFO : EventManager : Event: ======'slide_attract_active'====== Args={'original_context': 'attract', 'original_calling_context': 'mode_attract_started', 'priority': 10.0, 'cmd': 'slides_play', '_from_bcp': True}
2026-04-20 19:42:32,026 : INFO : SwitchController : <<<<<<< 's_start' active >>>>>>>
2026-04-20 19:42:32,142 : INFO : SwitchController : <<<<<<< 's_start' inactive >>>>>>>
2026-04-20 19:42:32,142 : INFO : EventManager : Event: ======'request_to_start_game'====== Args={}
2026-04-20 19:42:32,143 : INFO : EventManager : Event: ======'game_start'====== Args={'buttons': [], 'hold_time': 0.11621733295032755}
2026-04-20 19:42:32,143 : INFO : EventManager : Event: ======'mode_game_will_start'====== Args={'buttons': [], 'hold_time': 0.11621733295032755}
2026-04-20 19:42:32,144 : INFO : EventManager : Event: ======'mode_game_starting'====== Args={'buttons': [], 'hold_time': 0.11621733295032755}
2026-04-20 19:42:32,144 : INFO : EventManager : Event: ======'mode_attract_will_stop'====== Args={}
2026-04-20 19:42:32,144 : INFO : EventManager : Event: ======'mode_attract_stopping'====== Args={}
2026-04-20 19:42:32,144 : INFO : Mode.attract : Stopped.
2026-04-20 19:42:32,144 : INFO : EventManager : Event: ======'modes_active_modes_changed'====== Args={}
2026-04-20 19:42:32,144 : INFO : EventManager : Event: ======'mode_attract_stopped'====== Args={}
2026-04-20 19:42:32,144 : INFO : EventManager : Event: ======'clear'====== Args={'key': 'attract'}
2026-04-20 19:42:32,144 : INFO : Timer.attract_carousel_timer : Stopping Timer
2026-04-20 19:42:32,145 : INFO : EventManager : Event: ======'timer_attract_carousel_timer_stopped'====== Args={'ticks': 0, 'ticks_remaining': 1}
2026-04-20 19:42:32,145 : INFO : Mode.game : Started. Priority: 20
2026-04-20 19:42:32,145 : INFO : EventManager : Event: ======'modes_active_modes_changed'====== Args={}
2026-04-20 19:42:32,145 : INFO : EventManager : Event: ======'mode_game_started'====== Args={'buttons': [], 'hold_time': 0.11621733295032755}
2026-04-20 19:42:32,145 : INFO : EventManager : Event: ======'game_will_start'====== Args={}
2026-04-20 19:42:32,145 : INFO : EventManager : Event: ======'game_starting'====== Args={'game': <Mode.game>}
2026-04-20 19:42:32,146 : INFO : EventManager : Unordered handler for class <Auditor> on event game_ended with priority 1. Handlers: [RegisteredHandler(callback=<bound method Auditor.disable of <Auditor>>, priority=1, kwargs={}, key=UUID('0a19996f-ca0c-4774-90c7-6bdaac88a26e'), condition=None, blocking_facility=None), RegisteredHandler(callback=<bound method Auditor._save_audits of <Auditor>>, priority=1, kwargs={}, key=UUID('2370675c-2079-46ab-a545-b9ea1eeff382'), condition=None, blocking_facility=None)]. The order of those handlers is not defined and they will be executed in random order. This might lead to race conditions and potential bugs.
2026-04-20 19:42:32,146 : INFO : EventManager : Event: ======'player_add_request'====== Args={}
2026-04-20 19:42:32,146 : INFO : EventManager : Event: ======'player_will_add'====== Args={'number': 1}
2026-04-20 19:42:32,146 : INFO : EventManager : Event: ======'player_adding'====== Args={'player': <Player 1>, 'number': 1}
2026-04-20 19:42:32,146 : INFO : EventManager : Event: ======'player_added'====== Args={'player': <Player 1>, 'num': 1}
2026-04-20 19:42:32,146 : INFO : Mode.game : Player added successfully. Total players: 1
2026-04-20 19:42:32,147 : INFO : EventManager : Event: ======'player_index'====== Args={'value': 0, 'prev_value': 0, 'change': 0, 'player_num': 1}
2026-04-20 19:42:32,147 : INFO : EventManager : Event: ======'player_number'====== Args={'value': 1, 'prev_value': 1, 'change': 0, 'player_num': 1}
2026-04-20 19:42:32,147 : INFO : EventManager : Event: ======'player_score'====== Args={'value': 0, 'prev_value': 0, 'change': 0, 'player_num': 1}
2026-04-20 19:42:32,147 : INFO : EventManager : Event: ======'game_started'====== Args={}
2026-04-20 19:42:32,148 : INFO : EventManager : Event: ======'player_turn_will_start'====== Args={'player': <Player 1>, 'number': 1}
2026-04-20 19:42:32,148 : INFO : EventManager : Event: ======'player_turn_starting'====== Args={'player': <Player 1>, 'number': 1}
2026-04-20 19:42:32,148 : INFO : EventManager : Event: ======'player_ball'====== Args={'value': 1, 'prev_value': 0, 'change': 1, 'player_num': 1}
2026-04-20 19:42:32,148 : INFO : EventManager : Event: ======'player_turn_started'====== Args={'player': <Player 1>, 'number': 1}
2026-04-20 19:42:32,151 : INFO : EventManager : Event: ======'ball_will_start'====== Args={'player': 1, 'ball': 1, 'balls_remaining': 2, 'is_extra_ball': False}
2026-04-20 19:42:32,151 : INFO : EventManager : Event: ======'ball_starting'====== Args={'player': 1, 'ball': 1, 'balls_remaining': 2, 'is_extra_ball': False}
2026-04-20 19:42:32,151 : INFO : EventManager : Event: ======'mode_song_select_will_start'====== Args={'queue': <QueuedEvent>, 'player': 1, 'ball': 1, 'balls_remaining': 2, 'is_extra_ball': False}
2026-04-20 19:42:32,152 : INFO : EventManager : Event: ======'mode_song_select_starting'====== Args={'queue': <QueuedEvent>, 'player': 1, 'ball': 1, 'balls_remaining': 2, 'is_extra_ball': False}
2026-04-20 19:42:32,152 : INFO : EventManager : Event: ======'mode_base_will_start'====== Args={'queue': <QueuedEvent>, 'player': 1, 'ball': 1, 'balls_remaining': 2, 'is_extra_ball': False}
2026-04-20 19:42:32,152 : INFO : EventManager : Event: ======'player_shot_left_lane_enabled'====== Args={'value': True, 'prev_value': 0, 'change': 1, 'player_num': 1}
2026-04-20 19:42:32,153 : INFO : EventManager : Event: ======'mode_base_starting'====== Args={'queue': <QueuedEvent>, 'player': 1, 'ball': 1, 'balls_remaining': 2, 'is_extra_ball': False}
2026-04-20 19:42:32,153 : INFO : Mode.base : Started. Priority: 100
2026-04-20 19:42:32,153 : INFO : EventManager : Event: ======'modes_active_modes_changed'====== Args={}
2026-04-20 19:42:32,153 : INFO : EventManager : Event: ======'mode_base_started'====== Args={'queue': <QueuedEvent>, 'player': 1, 'ball': 1, 'balls_remaining': 2, 'is_extra_ball': False}
2026-04-20 19:42:32,153 : INFO : EventManager : Event: ======'start_mode_bumpers'====== Args={'priority': 0}
2026-04-20 19:42:32,153 : INFO : EventManager : Event: ======'mode_bumpers_will_start'====== Args={'priority': 0}
2026-04-20 19:42:32,154 : INFO : EventManager : Event: ======'player_shot_bumper_left_enabled'====== Args={'value': True, 'prev_value': 0, 'change': 1, 'player_num': 1}
2026-04-20 19:42:32,154 : INFO : EventManager : Event: ======'player_shot_bumper_right_enabled'====== Args={'value': True, 'prev_value': 0, 'change': 1, 'player_num': 1}
2026-04-20 19:42:32,154 : INFO : EventManager : Event: ======'bumpers_complete'====== Args={'state': 'unlit'}
2026-04-20 19:42:32,154 : INFO : EventManager : Event: ======'bumpers_unlit_complete'====== Args={}
2026-04-20 19:42:32,155 : INFO : EventManager : Event: ======'mode_bumpers_starting'====== Args={'priority': 0}
2026-04-20 19:42:32,155 : INFO : Mode.bumpers : Started. Priority: 200
2026-04-20 19:42:32,155 : INFO : EventManager : Event: ======'modes_active_modes_changed'====== Args={}
2026-04-20 19:42:32,155 : INFO : EventManager : Event: ======'mode_bumpers_started'====== Args={'priority': 0}
2026-04-20 19:42:32,155 : INFO : Mode.song_select : Started. Priority: 1500
2026-04-20 19:42:32,155 : INFO : EventManager : Event: ======'modes_active_modes_changed'====== Args={}
2026-04-20 19:42:32,155 : INFO : EventManager : Event: ======'mode_song_select_started'====== Args={'queue': <QueuedEvent>, 'player': 1, 'ball': 1, 'balls_remaining': 2, 'is_extra_ball': False}
2026-04-20 19:42:32,176 : INFO : EventManager : Event: ======'song_select_updated'====== Args={'stage': 'genre', 'genres': ['?', 'Alternative', 'Brit Invasion', 'Disco', 'Doo Wop', 'Folk', 'Folk Rock', 'Funk', 'Glitter:Glam', 'Grunge', 'Hard Rock', 'Heavy Metal', 'Hip Hop', 'New Wave', 'Pop Rock', 'Prog Rock', 'Psychedelic', 'Punk (70s)', 'Punk (80s)', 'R+B', 'Rap', 'Rock-a-Billy', 'Soul', 'Southern Rock'], 'genre': 'Pick a song!', 'song_title': '', 'genre_index': 1, 'genre_count': 25, 'selected_genre_index': -1, 'song_index': 0, 'song_count': 0, 'songs_text': '', 'sound_key': '', 'audio_path': '', 'song_bus': 'music', 'song_start_at': 0.0, 'has_audio': True, 'random_selected': True}
2026-04-20 19:42:32,177 : INFO : EventManager : Event: ======'balls_in_play'====== Args={'balls': 1}
2026-04-20 19:42:32,177 : INFO : EventManager : Event: ======'ball_started'====== Args={'player': 1, 'ball': 1, 'balls_remaining': 2, 'is_extra_ball': False}
2026-04-20 19:42:32,177 : INFO : EventManager : Event: ======'single_player_ball_started'====== Args={}
2026-04-20 19:42:32,177 : INFO : EventManager : Event: ======'ball_start_target'====== Args={'target': 'playfield'}
2026-04-20 19:42:32,177 : INFO : ball_device.bd_trough : Setting up player-controlled eject. Balls: 1, Target: <playfield.playfield>, player_controlled_eject_event: None
2026-04-20 19:42:32,177 : INFO : ball_device.bd_trough : Adding 1 ball(s) to the eject_queue with target <playfield.playfield>.
2026-04-20 19:42:32,177 : INFO : EventManager : Event: ======'balldevice_balls_available'====== Args={}
2026-04-20 19:42:32,178 : INFO : ball_device.bd_trough : State: waiting_for_target_ready
2026-04-20 19:42:32,178 : INFO : EventManager : Event: ======'balldevice_bd_trough_ball_eject_attempt'====== Args={'balls': 1, 'target': <ball_device.bd_plunger>, 'source': <ball_device.bd_trough>, 'mechanical_eject': False, 'num_attempts': 0}
2026-04-20 19:42:32,178 : INFO : ball_device.bd_plunger : State: waiting_for_ball
2026-04-20 19:42:32,178 : INFO : ball_device.bd_trough : State: ejecting
2026-04-20 19:42:32,178 : INFO : ball_device.bd_trough : Ejecting ball to <ball_device.bd_plunger>
2026-04-20 19:42:32,178 : INFO : EventManager : Event: ======'balldevice_bd_trough_ejecting_ball'====== Args={'balls': 1, 'target': <ball_device.bd_plunger>, 'source': <ball_device.bd_trough>, 'mechanical_eject': False, 'num_attempts': 0}
2026-04-20 19:42:32,179 : INFO : ball_device.bd_trough : Wait for ball to leave device
2026-04-20 19:42:32,179 : INFO : coil.c_trough_eject : Pulsing Driver for 10ms (1.0 pulse_power)
2026-04-20 19:42:32,188 : INFO : EventManager : Event: ======'slide_base_slide_created'====== Args={'_from_bcp': True}
2026-04-20 19:42:32,189 : INFO : EventManager : Event: ======'slide_attract_inactive'====== Args={'is_removing': True, '_from_bcp': True}
2026-04-20 19:42:32,189 : INFO : EventManager : Event: ======'slide_base_slide_active'====== Args={'original_context': 'base', 'original_calling_context': 'mode_base_started', 'priority': 100.0, 'queue': '<QueuedEvent>', 'player': 1.0, 'ball': 1.0, 'balls_remaining': 2.0, 'is_extra_ball': False, 'cmd': 'slides_play', '_from_bcp': True}
2026-04-20 19:42:32,189 : INFO : EventManager : Event: ======'slide_attract_removed'====== Args={'_from_bcp': True}
2026-04-20 19:42:32,199 : INFO : EventManager : Event: ======'slide_song_select_created'====== Args={'_from_bcp': True}
2026-04-20 19:42:32,199 : INFO : EventManager : Event: ======'slide_base_slide_inactive'====== Args={'is_removing': False, '_from_bcp': True}
2026-04-20 19:42:32,199 : INFO : EventManager : Event: ======'slide_song_select_active'====== Args={'original_context': 'song_select', 'original_calling_context': 'mode_song_select_started', 'priority': 1500.0, 'queue': '<QueuedEvent>', 'player': 1.0, 'ball': 1.0, 'balls_remaining': 2.0, 'is_extra_ball': False, 'cmd': 'slides_play', '_from_bcp': True}
2026-04-20 19:42:34,043 : INFO : SwitchController : <<<<<<< 's_flipper_left' active >>>>>>>
2026-04-20 19:42:34,043 : INFO : EventManager : Event: ======'song_select_updated'====== Args={'genre': 'Southern Rock', 'song_title': 'Black Oak Arkansas - Hot And Nasty', 'sound_key': 'Black Oak Arkansas - Hot And Nasty', 'audio_path': 'res://sounds/music/Genres/Southern Rock/Black Oak Arkansas - Hot And Nasty.mp3', 'song_bus': 'music', 'song_start_at': 0.0, 'has_audio': True, 'stage': 'genre', 'genres': ['?', 'Alternative', 'Brit Invasion', 'Disco', 'Doo Wop', 'Folk', 'Folk Rock', 'Funk', 'Glitter:Glam', 'Grunge', 'Hard Rock', 'Heavy Metal', 'Hip Hop', 'New Wave', 'Pop Rock', 'Prog Rock', 'Psychedelic', 'Punk (70s)', 'Punk (80s)', 'R+B', 'Rap', 'Rock-a-Billy', 'Soul', 'Southern Rock'], 'genre_index': 25, 'genre_count': 25, 'selected_genre_index': 23, 'song_index': 1, 'song_count': 7, 'songs_text': "> Black Oak Arkansas - Hot And Nasty\n  Little Feat - Dixie Chicken\n  Lynyrd Skynyrd - Sweet Home Alabama\n  Molly Hatchet - Flirtin' with Disaster\n  The Allman Brothers Band - Ramblin' Man\n  The Ozark Mountain Daredevils - Jackie Blue\n  ZZ Top - La Grange", 'random_selected': False}
2026-04-20 19:42:34,044 : INFO : EventManager : Event: ======'machine_var_audits_switches_s_flipper_left'====== Args={'value': 644, 'prev_value': 643, 'change': 1}
2026-04-20 19:42:34,277 : INFO : SwitchController : <<<<<<< 's_flipper_left' inactive >>>>>>>
2026-04-20 19:42:34,996 : INFO : SwitchController : <<<<<<< 's_flipper_right' active >>>>>>>
2026-04-20 19:42:34,997 : INFO : EventManager : Event: ======'song_select_updated'====== Args={'stage': 'genre', 'genres': ['?', 'Alternative', 'Brit Invasion', 'Disco', 'Doo Wop', 'Folk', 'Folk Rock', 'Funk', 'Glitter:Glam', 'Grunge', 'Hard Rock', 'Heavy Metal', 'Hip Hop', 'New Wave', 'Pop Rock', 'Prog Rock', 'Psychedelic', 'Punk (70s)', 'Punk (80s)', 'R+B', 'Rap', 'Rock-a-Billy', 'Soul', 'Southern Rock'], 'genre': 'Pick a song!', 'song_title': '', 'genre_index': 1, 'genre_count': 25, 'selected_genre_index': -1, 'song_index': 0, 'song_count': 0, 'songs_text': '', 'sound_key': '', 'audio_path': '', 'song_bus': 'music', 'song_start_at': 0.0, 'has_audio': True, 'random_selected': True}
2026-04-20 19:42:34,997 : INFO : EventManager : Event: ======'machine_var_audits_switches_s_flipper_right'====== Args={'value': 798, 'prev_value': 797, 'change': 1}
2026-04-20 19:42:35,160 : INFO : SwitchController : <<<<<<< 's_flipper_right' inactive >>>>>>>
2026-04-20 19:42:35,492 : INFO : SwitchController : <<<<<<< 's_flipper_right' active >>>>>>>
2026-04-20 19:42:35,493 : INFO : EventManager : Event: ======'song_select_updated'====== Args={'genre': '?', 'song_title': 'CAN - Vitamin C', 'sound_key': 'CAN - Vitamin C', 'audio_path': 'res://sounds/music/Genres/?/CAN - Vitamin C.mp3', 'song_bus': 'music', 'song_start_at': 0.0, 'has_audio': True, 'stage': 'genre', 'genres': ['?', 'Alternative', 'Brit Invasion', 'Disco', 'Doo Wop', 'Folk', 'Folk Rock', 'Funk', 'Glitter:Glam', 'Grunge', 'Hard Rock', 'Heavy Metal', 'Hip Hop', 'New Wave', 'Pop Rock', 'Prog Rock', 'Psychedelic', 'Punk (70s)', 'Punk (80s)', 'R+B', 'Rap', 'Rock-a-Billy', 'Soul', 'Southern Rock'], 'genre_index': 2, 'genre_count': 25, 'selected_genre_index': 0, 'song_index': 1, 'song_count': 5, 'songs_text': '> CAN - Vitamin C\n  Captain Beefheart - Muffin Man\n  Captain Beefheart - Too Much Time\n  Frank Zappa - Willie the Pimp\n  Frank Zappa, Captain Beefheart, the Mothers - Her Eyes Are A Blue Million Miles', 'random_selected': False}
2026-04-20 19:42:35,493 : INFO : EventManager : Event: ======'machine_var_audits_switches_s_flipper_right'====== Args={'value': 799, 'prev_value': 798, 'change': 1}
2026-04-20 19:42:35,626 : INFO : SwitchController : <<<<<<< 's_flipper_right' inactive >>>>>>>
2026-04-20 19:42:36,026 : INFO : SwitchController : <<<<<<< 's_flipper_right' active >>>>>>>
2026-04-20 19:42:36,026 : INFO : EventManager : Event: ======'song_select_updated'====== Args={'genre': 'Alternative', 'song_title': 'Green Day - Basket Case', 'sound_key': 'Green Day - Basket Case', 'audio_path': 'res://sounds/music/Genres/Alternative/Green Day - Basket Case.mp3', 'song_bus': 'music', 'song_start_at': 0.0, 'has_audio': True, 'stage': 'genre', 'genres': ['?', 'Alternative', 'Brit Invasion', 'Disco', 'Doo Wop', 'Folk', 'Folk Rock', 'Funk', 'Glitter:Glam', 'Grunge', 'Hard Rock', 'Heavy Metal', 'Hip Hop', 'New Wave', 'Pop Rock', 'Prog Rock', 'Psychedelic', 'Punk (70s)', 'Punk (80s)', 'R+B', 'Rap', 'Rock-a-Billy', 'Soul', 'Southern Rock'], 'genre_index': 3, 'genre_count': 25, 'selected_genre_index': 1, 'song_index': 1, 'song_count': 7, 'songs_text': '> Green Day - Basket Case\n  Radiohead - Creep\n  Red Hot Chili Peppers - Give It Away\n  The Black Keys - Set You Free\n  The Strokes - Last Nite\n  The Walkmen - The Rat\n  The White Stripes - Fell In Love With a Girl', 'random_selected': False}
2026-04-20 19:42:36,026 : INFO : EventManager : Event: ======'machine_var_audits_switches_s_flipper_right'====== Args={'value': 800, 'prev_value': 799, 'change': 1}
2026-04-20 19:42:36,159 : INFO : SwitchController : <<<<<<< 's_flipper_right' inactive >>>>>>>
2026-04-20 19:42:36,392 : INFO : SwitchController : <<<<<<< 's_flipper_right' active >>>>>>>
2026-04-20 19:42:36,393 : INFO : EventManager : Event: ======'song_select_updated'====== Args={'genre': 'Brit Invasion', 'song_title': 'Cream - Sunshine Of Your Love', 'sound_key': 'Cream - Sunshine Of Your Love', 'audio_path': 'res://sounds/music/Genres/Brit Invasion/Cream - Sunshine Of Your Love.mp3', 'song_bus': 'music', 'song_start_at': 0.0, 'has_audio': True, 'stage': 'genre', 'genres': ['?', 'Alternative', 'Brit Invasion', 'Disco', 'Doo Wop', 'Folk', 'Folk Rock', 'Funk', 'Glitter:Glam', 'Grunge', 'Hard Rock', 'Heavy Metal', 'Hip Hop', 'New Wave', 'Pop Rock', 'Prog Rock', 'Psychedelic', 'Punk (70s)', 'Punk (80s)', 'R+B', 'Rap', 'Rock-a-Billy', 'Soul', 'Southern Rock'], 'genre_index': 4, 'genre_count': 25, 'selected_genre_index': 2, 'song_index': 1, 'song_count': 6, 'songs_text': "> Cream - Sunshine Of Your Love\n  The Animals Don't Let Me Be Misunderstood\n  The Beatles - I Want To Hold Your Hand\n  The Kinks- You Really Got Me\n  The Rolling Stones - Start Me Up\n  The Yardbirds - For Your Love", 'random_selected': False}
2026-04-20 19:42:36,393 : INFO : EventManager : Event: ======'machine_var_audits_switches_s_flipper_right'====== Args={'value': 801, 'prev_value': 800, 'change': 1}
2026-04-20 19:42:36,509 : INFO : SwitchController : <<<<<<< 's_flipper_right' inactive >>>>>>>
2026-04-20 19:42:36,592 : INFO : SwitchController : <<<<<<< 's_flipper_right' active >>>>>>>
2026-04-20 19:42:36,593 : INFO : EventManager : Event: ======'song_select_updated'====== Args={'genre': 'Disco', 'song_title': "Bee Gees - Stayin' Alive", 'sound_key': "Bee Gees - Stayin' Alive", 'audio_path': "res://sounds/music/Genres/Disco/Bee Gees - Stayin' Alive.mp3", 'song_bus': 'music', 'song_start_at': 0.0, 'has_audio': True, 'stage': 'genre', 'genres': ['?', 'Alternative', 'Brit Invasion', 'Disco', 'Doo Wop', 'Folk', 'Folk Rock', 'Funk', 'Glitter:Glam', 'Grunge', 'Hard Rock', 'Heavy Metal', 'Hip Hop', 'New Wave', 'Pop Rock', 'Prog Rock', 'Psychedelic', 'Punk (70s)', 'Punk (80s)', 'R+B', 'Rap', 'Rock-a-Billy', 'Soul', 'Southern Rock'], 'genre_index': 5, 'genre_count': 25, 'selected_genre_index': 3, 'song_index': 1, 'song_count': 4, 'songs_text': "> Bee Gees - Stayin' Alive\n  Donna Summer - Bad Girls\n  KC and the Sunshine Band - That's the Way (I Like It)\n  Village People - Macho Man", 'random_selected': False}
2026-04-20 19:42:36,593 : INFO : EventManager : Event: ======'machine_var_audits_switches_s_flipper_right'====== Args={'value': 802, 'prev_value': 801, 'change': 1}
2026-04-20 19:42:36,676 : INFO : SwitchController : <<<<<<< 's_flipper_right' inactive >>>>>>>
2026-04-20 19:42:36,792 : INFO : SwitchController : <<<<<<< 's_flipper_right' active >>>>>>>
2026-04-20 19:42:36,793 : INFO : EventManager : Event: ======'song_select_updated'====== Args={'genre': 'Doo Wop', 'song_title': 'The Coasters - Yakety Yak', 'sound_key': 'The Coasters - Yakety Yak', 'audio_path': 'res://sounds/music/Genres/Doo Wop/The Coasters - Yakety Yak.mp3', 'song_bus': 'music', 'song_start_at': 0.0, 'has_audio': True, 'stage': 'genre', 'genres': ['?', 'Alternative', 'Brit Invasion', 'Disco', 'Doo Wop', 'Folk', 'Folk Rock', 'Funk', 'Glitter:Glam', 'Grunge', 'Hard Rock', 'Heavy Metal', 'Hip Hop', 'New Wave', 'Pop Rock', 'Prog Rock', 'Psychedelic', 'Punk (70s)', 'Punk (80s)', 'R+B', 'Rap', 'Rock-a-Billy', 'Soul', 'Southern Rock'], 'genre_index': 6, 'genre_count': 25, 'selected_genre_index': 4, 'song_index': 1, 'song_count': 4, 'songs_text': '> The Coasters - Yakety Yak\n  The Drifters - Save the Last Dance for Me\n  The Platters - Only You\n  The Temptations - My Girl', 'random_selected': False}
2026-04-20 19:42:36,793 : INFO : EventManager : Event: ======'machine_var_audits_switches_s_flipper_right'====== Args={'value': 803, 'prev_value': 802, 'change': 1}
2026-04-20 19:42:36,876 : INFO : SwitchController : <<<<<<< 's_flipper_right' inactive >>>>>>>
2026-04-20 19:42:37,392 : INFO : SwitchController : <<<<<<< 's_flipper_right' active >>>>>>>
2026-04-20 19:42:37,393 : INFO : EventManager : Event: ======'song_select_updated'====== Args={'genre': 'Folk', 'song_title': "Bob Dylan - The Times They Are A-Changin'", 'sound_key': "Bob Dylan - The Times They Are A-Changin'", 'audio_path': "res://sounds/music/Genres/Folk/Bob Dylan - The Times They Are A-Changin'.mp3", 'song_bus': 'music', 'song_start_at': 0.0, 'has_audio': True, 'stage': 'genre', 'genres': ['?', 'Alternative', 'Brit Invasion', 'Disco', 'Doo Wop', 'Folk', 'Folk Rock', 'Funk', 'Glitter:Glam', 'Grunge', 'Hard Rock', 'Heavy Metal', 'Hip Hop', 'New Wave', 'Pop Rock', 'Prog Rock', 'Psychedelic', 'Punk (70s)', 'Punk (80s)', 'R+B', 'Rap', 'Rock-a-Billy', 'Soul', 'Southern Rock'], 'genre_index': 7, 'genre_count': 25, 'selected_genre_index': 5, 'song_index': 1, 'song_count': 4, 'songs_text': "> Bob Dylan - The Times They Are A-Changin'\n  Joan Baez - Silver Dagger\n  Peter, Paul and Mary - Puff, the Magic Dragon\n  The Kingston Trio - Where Have All the Flowers Gone", 'random_selected': False}
2026-04-20 19:42:37,393 : INFO : EventManager : Event: ======'machine_var_audits_switches_s_flipper_right'====== Args={'value': 804, 'prev_value': 803, 'change': 1}
2026-04-20 19:42:37,509 : INFO : SwitchController : <<<<<<< 's_flipper_right' inactive >>>>>>>
2026-04-20 19:42:37,642 : INFO : SwitchController : <<<<<<< 's_flipper_right' active >>>>>>>
2026-04-20 19:42:37,643 : INFO : EventManager : Event: ======'song_select_updated'====== Args={'genre': 'Folk Rock', 'song_title': 'Bonnie Raitt - Something to Talk About', 'sound_key': 'Bonnie Raitt - Something to Talk About', 'audio_path': 'res://sounds/music/Genres/Folk Rock/Bonnie Raitt - Something to Talk About.mp3', 'song_bus': 'music', 'song_start_at': 0.0, 'has_audio': True, 'stage': 'genre', 'genres': ['?', 'Alternative', 'Brit Invasion', 'Disco', 'Doo Wop', 'Folk', 'Folk Rock', 'Funk', 'Glitter:Glam', 'Grunge', 'Hard Rock', 'Heavy Metal', 'Hip Hop', 'New Wave', 'Pop Rock', 'Prog Rock', 'Psychedelic', 'Punk (70s)', 'Punk (80s)', 'R+B', 'Rap', 'Rock-a-Billy', 'Soul', 'Southern Rock'], 'genre_index': 8, 'genre_count': 25, 'selected_genre_index': 6, 'song_index': 1, 'song_count': 10, 'songs_text': '> Bonnie Raitt - Something to Talk About\n  Creedence Clearwater Revival - Bad Moon Rising\n  Crosby, Stills & Nash - Suite Judy Blue Eyes\n  Dave Mason - Let It Go, Let It Flow\n  Jackson Browne - Doctor My Eyes\n  Neil Young - Heart of Gold\n  Simon & Garfunkel - Mrs. Robinson', 'random_selected': False}
2026-04-20 19:42:37,643 : INFO : EventManager : Event: ======'machine_var_audits_switches_s_flipper_right'====== Args={'value': 805, 'prev_value': 804, 'change': 1}
2026-04-20 19:42:37,775 : INFO : SwitchController : <<<<<<< 's_flipper_right' inactive >>>>>>>
2026-04-20 19:42:37,875 : INFO : SwitchController : <<<<<<< 's_flipper_right' active >>>>>>>
2026-04-20 19:42:37,876 : INFO : EventManager : Event: ======'song_select_updated'====== Args={'genre': 'Funk', 'song_title': 'Con Funk Shun - Ffun', 'sound_key': 'Con Funk Shun - Ffun', 'audio_path': 'res://sounds/music/Genres/Funk/Con Funk Shun - Ffun.mp3', 'song_bus': 'music', 'song_start_at': 0.0, 'has_audio': True, 'stage': 'genre', 'genres': ['?', 'Alternative', 'Brit Invasion', 'Disco', 'Doo Wop', 'Folk', 'Folk Rock', 'Funk', 'Glitter:Glam', 'Grunge', 'Hard Rock', 'Heavy Metal', 'Hip Hop', 'New Wave', 'Pop Rock', 'Prog Rock', 'Psychedelic', 'Punk (70s)', 'Punk (80s)', 'R+B', 'Rap', 'Rock-a-Billy', 'Soul', 'Southern Rock'], 'genre_index': 9, 'genre_count': 25, 'selected_genre_index': 7, 'song_index': 1, 'song_count': 6, 'songs_text': '> Con Funk Shun - Ffun\n  Funkadelic - Can You Get To That\n  Parliament - Give Up the Funk (Tear the Roof Off the Sucker)\n  Prince - Raspberry Beret\n  Rick James - Super Freak\n  The Isley Brothers - Between The Sheets', 'random_selected': False}
2026-04-20 19:42:37,876 : INFO : EventManager : Event: ======'machine_var_audits_switches_s_flipper_right'====== Args={'value': 806, 'prev_value': 805, 'change': 1}
2026-04-20 19:42:37,992 : INFO : SwitchController : <<<<<<< 's_flipper_right' inactive >>>>>>>
2026-04-20 19:42:38,276 : INFO : SwitchController : <<<<<<< 's_flipper_right' active >>>>>>>
2026-04-20 19:42:38,276 : INFO : EventManager : Event: ======'song_select_updated'====== Args={'genre': 'Glitter:Glam', 'song_title': "Alice Cooper - School's Out", 'sound_key': "Alice Cooper - School's Out", 'audio_path': "res://sounds/music/Genres/Glitter:Glam/Alice Cooper - School's Out.mp3", 'song_bus': 'music', 'song_start_at': 0.0, 'has_audio': True, 'stage': 'genre', 'genres': ['?', 'Alternative', 'Brit Invasion', 'Disco', 'Doo Wop', 'Folk', 'Folk Rock', 'Funk', 'Glitter:Glam', 'Grunge', 'Hard Rock', 'Heavy Metal', 'Hip Hop', 'New Wave', 'Pop Rock', 'Prog Rock', 'Psychedelic', 'Punk (70s)', 'Punk (80s)', 'R+B', 'Rap', 'Rock-a-Billy', 'Soul', 'Southern Rock'], 'genre_index': 10, 'genre_count': 25, 'selected_genre_index': 8, 'song_index': 1, 'song_count': 5, 'songs_text': "> Alice Cooper - School's Out\n  David Bowie - Suffragette City\n  KISS - I Was Made For Loving You\n  Roxy Music - More Than This\n  T. Rex - Bang a Gong (Get It On)", 'random_selected': False}
2026-04-20 19:42:38,276 : INFO : EventManager : Event: ======'machine_var_audits_switches_s_flipper_right'====== Args={'value': 807, 'prev_value': 806, 'change': 1}
2026-04-20 19:42:38,442 : INFO : SwitchController : <<<<<<< 's_flipper_right' inactive >>>>>>>
2026-04-20 19:42:39,459 : INFO : SwitchController : <<<<<<< 's_flipper_left' active >>>>>>>
2026-04-20 19:42:39,460 : INFO : EventManager : Event: ======'song_select_updated'====== Args={'genre': 'Funk', 'song_title': 'Con Funk Shun - Ffun', 'sound_key': 'Con Funk Shun - Ffun', 'audio_path': 'res://sounds/music/Genres/Funk/Con Funk Shun - Ffun.mp3', 'song_bus': 'music', 'song_start_at': 0.0, 'has_audio': True, 'stage': 'genre', 'genres': ['?', 'Alternative', 'Brit Invasion', 'Disco', 'Doo Wop', 'Folk', 'Folk Rock', 'Funk', 'Glitter:Glam', 'Grunge', 'Hard Rock', 'Heavy Metal', 'Hip Hop', 'New Wave', 'Pop Rock', 'Prog Rock', 'Psychedelic', 'Punk (70s)', 'Punk (80s)', 'R+B', 'Rap', 'Rock-a-Billy', 'Soul', 'Southern Rock'], 'genre_index': 9, 'genre_count': 25, 'selected_genre_index': 7, 'song_index': 1, 'song_count': 6, 'songs_text': '> Con Funk Shun - Ffun\n  Funkadelic - Can You Get To That\n  Parliament - Give Up the Funk (Tear the Roof Off the Sucker)\n  Prince - Raspberry Beret\n  Rick James - Super Freak\n  The Isley Brothers - Between The Sheets', 'random_selected': False}
2026-04-20 19:42:39,460 : INFO : EventManager : Event: ======'machine_var_audits_switches_s_flipper_left'====== Args={'value': 645, 'prev_value': 644, 'change': 1}
2026-04-20 19:42:39,559 : INFO : SwitchController : <<<<<<< 's_flipper_left' inactive >>>>>>>
2026-04-20 19:42:40,242 : INFO : SwitchController : <<<<<<< 's_flipper_left' active >>>>>>>
2026-04-20 19:42:40,243 : INFO : EventManager : Event: ======'song_select_updated'====== Args={'genre': 'Folk Rock', 'song_title': 'Bonnie Raitt - Something to Talk About', 'sound_key': 'Bonnie Raitt - Something to Talk About', 'audio_path': 'res://sounds/music/Genres/Folk Rock/Bonnie Raitt - Something to Talk About.mp3', 'song_bus': 'music', 'song_start_at': 0.0, 'has_audio': True, 'stage': 'genre', 'genres': ['?', 'Alternative', 'Brit Invasion', 'Disco', 'Doo Wop', 'Folk', 'Folk Rock', 'Funk', 'Glitter:Glam', 'Grunge', 'Hard Rock', 'Heavy Metal', 'Hip Hop', 'New Wave', 'Pop Rock', 'Prog Rock', 'Psychedelic', 'Punk (70s)', 'Punk (80s)', 'R+B', 'Rap', 'Rock-a-Billy', 'Soul', 'Southern Rock'], 'genre_index': 8, 'genre_count': 25, 'selected_genre_index': 6, 'song_index': 1, 'song_count': 10, 'songs_text': '> Bonnie Raitt - Something to Talk About\n  Creedence Clearwater Revival - Bad Moon Rising\n  Crosby, Stills & Nash - Suite Judy Blue Eyes\n  Dave Mason - Let It Go, Let It Flow\n  Jackson Browne - Doctor My Eyes\n  Neil Young - Heart of Gold\n  Simon & Garfunkel - Mrs. Robinson', 'random_selected': False}
2026-04-20 19:42:40,243 : INFO : EventManager : Event: ======'machine_var_audits_switches_s_flipper_left'====== Args={'value': 646, 'prev_value': 645, 'change': 1}
2026-04-20 19:42:40,359 : INFO : SwitchController : <<<<<<< 's_flipper_left' inactive >>>>>>>
2026-04-20 19:42:40,559 : INFO : SwitchController : <<<<<<< 's_flipper_left' active >>>>>>>
2026-04-20 19:42:40,560 : INFO : EventManager : Event: ======'song_select_updated'====== Args={'genre': 'Folk', 'song_title': "Bob Dylan - The Times They Are A-Changin'", 'sound_key': "Bob Dylan - The Times They Are A-Changin'", 'audio_path': "res://sounds/music/Genres/Folk/Bob Dylan - The Times They Are A-Changin'.mp3", 'song_bus': 'music', 'song_start_at': 0.0, 'has_audio': True, 'stage': 'genre', 'genres': ['?', 'Alternative', 'Brit Invasion', 'Disco', 'Doo Wop', 'Folk', 'Folk Rock', 'Funk', 'Glitter:Glam', 'Grunge', 'Hard Rock', 'Heavy Metal', 'Hip Hop', 'New Wave', 'Pop Rock', 'Prog Rock', 'Psychedelic', 'Punk (70s)', 'Punk (80s)', 'R+B', 'Rap', 'Rock-a-Billy', 'Soul', 'Southern Rock'], 'genre_index': 7, 'genre_count': 25, 'selected_genre_index': 5, 'song_index': 1, 'song_count': 4, 'songs_text': "> Bob Dylan - The Times They Are A-Changin'\n  Joan Baez - Silver Dagger\n  Peter, Paul and Mary - Puff, the Magic Dragon\n  The Kingston Trio - Where Have All the Flowers Gone", 'random_selected': False}
2026-04-20 19:42:40,560 : INFO : EventManager : Event: ======'machine_var_audits_switches_s_flipper_left'====== Args={'value': 647, 'prev_value': 646, 'change': 1}
2026-04-20 19:42:40,726 : INFO : SwitchController : <<<<<<< 's_flipper_left' inactive >>>>>>>
2026-04-20 19:42:40,776 : INFO : SwitchController : <<<<<<< 's_flipper_left' active >>>>>>>
2026-04-20 19:42:40,776 : INFO : EventManager : Event: ======'song_select_updated'====== Args={'genre': 'Doo Wop', 'song_title': 'The Coasters - Yakety Yak', 'sound_key': 'The Coasters - Yakety Yak', 'audio_path': 'res://sounds/music/Genres/Doo Wop/The Coasters - Yakety Yak.mp3', 'song_bus': 'music', 'song_start_at': 0.0, 'has_audio': True, 'stage': 'genre', 'genres': ['?', 'Alternative', 'Brit Invasion', 'Disco', 'Doo Wop', 'Folk', 'Folk Rock', 'Funk', 'Glitter:Glam', 'Grunge', 'Hard Rock', 'Heavy Metal', 'Hip Hop', 'New Wave', 'Pop Rock', 'Prog Rock', 'Psychedelic', 'Punk (70s)', 'Punk (80s)', 'R+B', 'Rap', 'Rock-a-Billy', 'Soul', 'Southern Rock'], 'genre_index': 6, 'genre_count': 25, 'selected_genre_index': 4, 'song_index': 1, 'song_count': 4, 'songs_text': '> The Coasters - Yakety Yak\n  The Drifters - Save the Last Dance for Me\n  The Platters - Only You\n  The Temptations - My Girl', 'random_selected': False}
2026-04-20 19:42:40,777 : INFO : EventManager : Event: ======'machine_var_audits_switches_s_flipper_left'====== Args={'value': 648, 'prev_value': 647, 'change': 1}
2026-04-20 19:42:40,842 : INFO : SwitchController : <<<<<<< 's_flipper_left' inactive >>>>>>>
2026-04-20 19:42:41,376 : INFO : SwitchController : <<<<<<< 's_flipper_right' active >>>>>>>
2026-04-20 19:42:41,377 : INFO : EventManager : Event: ======'song_select_updated'====== Args={'genre': 'Folk', 'song_title': "Bob Dylan - The Times They Are A-Changin'", 'sound_key': "Bob Dylan - The Times They Are A-Changin'", 'audio_path': "res://sounds/music/Genres/Folk/Bob Dylan - The Times They Are A-Changin'.mp3", 'song_bus': 'music', 'song_start_at': 0.0, 'has_audio': True, 'stage': 'genre', 'genres': ['?', 'Alternative', 'Brit Invasion', 'Disco', 'Doo Wop', 'Folk', 'Folk Rock', 'Funk', 'Glitter:Glam', 'Grunge', 'Hard Rock', 'Heavy Metal', 'Hip Hop', 'New Wave', 'Pop Rock', 'Prog Rock', 'Psychedelic', 'Punk (70s)', 'Punk (80s)', 'R+B', 'Rap', 'Rock-a-Billy', 'Soul', 'Southern Rock'], 'genre_index': 7, 'genre_count': 25, 'selected_genre_index': 5, 'song_index': 1, 'song_count': 4, 'songs_text': "> Bob Dylan - The Times They Are A-Changin'\n  Joan Baez - Silver Dagger\n  Peter, Paul and Mary - Puff, the Magic Dragon\n  The Kingston Trio - Where Have All the Flowers Gone", 'random_selected': False}
2026-04-20 19:42:41,377 : INFO : EventManager : Event: ======'machine_var_audits_switches_s_flipper_right'====== Args={'value': 808, 'prev_value': 807, 'change': 1}
2026-04-20 19:42:41,542 : INFO : SwitchController : <<<<<<< 's_flipper_right' inactive >>>>>>>
2026-04-20 19:42:42,180 : INFO : EventManager : Event: ======'balldevice_bd_trough_ball_eject_failed'====== Args={'target': <ball_device.bd_plunger>, 'balls': 1, 'retry': True, 'num_attempts': 1}
2026-04-20 19:42:42,181 : INFO : ball_device.bd_trough : State: waiting_for_target_ready
2026-04-20 19:42:42,181 : INFO : EventManager : Event: ======'balldevice_bd_trough_ball_eject_attempt'====== Args={'balls': 1, 'target': <ball_device.bd_plunger>, 'source': <ball_device.bd_trough>, 'mechanical_eject': False, 'num_attempts': 1}
2026-04-20 19:42:42,181 : INFO : ball_device.bd_trough : State: ejecting
2026-04-20 19:42:42,181 : INFO : ball_device.bd_trough : Ejecting ball to <ball_device.bd_plunger>
2026-04-20 19:42:42,181 : INFO : EventManager : Event: ======'balldevice_bd_trough_ejecting_ball'====== Args={'balls': 1, 'target': <ball_device.bd_plunger>, 'source': <ball_device.bd_trough>, 'mechanical_eject': False, 'num_attempts': 1}
2026-04-20 19:42:42,182 : INFO : ball_device.bd_trough : Wait for ball to leave device
2026-04-20 19:42:42,182 : INFO : coil.c_trough_eject : Pulsing Driver for 10ms (1.0 pulse_power)
2026-04-20 19:42:42,576 : INFO : SwitchController : <<<<<<< 's_action_button' active >>>>>>>
2026-04-20 19:42:42,576 : INFO : EventManager : Event: ======'song_select_updated'====== Args={'genre': 'Folk', 'song_title': "Bob Dylan - The Times They Are A-Changin'", 'sound_key': "Bob Dylan - The Times They Are A-Changin'", 'audio_path': "res://sounds/music/Genres/Folk/Bob Dylan - The Times They Are A-Changin'.mp3", 'song_bus': 'music', 'song_start_at': 0.0, 'has_audio': True, 'stage': 'song', 'genres': ['?', 'Alternative', 'Brit Invasion', 'Disco', 'Doo Wop', 'Folk', 'Folk Rock', 'Funk', 'Glitter:Glam', 'Grunge', 'Hard Rock', 'Heavy Metal', 'Hip Hop', 'New Wave', 'Pop Rock', 'Prog Rock', 'Psychedelic', 'Punk (70s)', 'Punk (80s)', 'R+B', 'Rap', 'Rock-a-Billy', 'Soul', 'Southern Rock'], 'genre_index': 6, 'genre_count': 24, 'selected_genre_index': 5, 'song_index': 1, 'song_count': 4, 'songs_text': "> Bob Dylan - The Times They Are A-Changin'\n  Joan Baez - Silver Dagger\n  Peter, Paul and Mary - Puff, the Magic Dragon\n  The Kingston Trio - Where Have All the Flowers Gone", 'random_selected': False}
2026-04-20 19:42:42,576 : INFO : EventManager : Event: ======'machine_var_audits_switches_s_action_button'====== Args={'value': 490, 'prev_value': 489, 'change': 1}
2026-04-20 19:42:42,710 : INFO : SwitchController : <<<<<<< 's_action_button' inactive >>>>>>>
2026-04-20 19:42:43,609 : INFO : SwitchController : <<<<<<< 's_flipper_right' active >>>>>>>
2026-04-20 19:42:43,610 : INFO : EventManager : Event: ======'song_select_updated'====== Args={'genre': 'Folk', 'song_title': 'Joan Baez - Silver Dagger', 'sound_key': 'Joan Baez - Silver Dagger', 'audio_path': 'res://sounds/music/Genres/Folk/Joan Baez - Silver Dagger.mp3', 'song_bus': 'music', 'song_start_at': 0.0, 'has_audio': True, 'stage': 'song', 'genres': ['?', 'Alternative', 'Brit Invasion', 'Disco', 'Doo Wop', 'Folk', 'Folk Rock', 'Funk', 'Glitter:Glam', 'Grunge', 'Hard Rock', 'Heavy Metal', 'Hip Hop', 'New Wave', 'Pop Rock', 'Prog Rock', 'Psychedelic', 'Punk (70s)', 'Punk (80s)', 'R+B', 'Rap', 'Rock-a-Billy', 'Soul', 'Southern Rock'], 'genre_index': 6, 'genre_count': 24, 'selected_genre_index': 5, 'song_index': 2, 'song_count': 4, 'songs_text': "  Bob Dylan - The Times They Are A-Changin'\n> Joan Baez - Silver Dagger\n  Peter, Paul and Mary - Puff, the Magic Dragon\n  The Kingston Trio - Where Have All the Flowers Gone", 'random_selected': False}
2026-04-20 19:42:43,610 : INFO : EventManager : Event: ======'machine_var_audits_switches_s_flipper_right'====== Args={'value': 809, 'prev_value': 808, 'change': 1}
2026-04-20 19:42:43,759 : INFO : SwitchController : <<<<<<< 's_flipper_right' inactive >>>>>>>
2026-04-20 19:42:45,442 : INFO : SwitchController : <<<<<<< 's_flipper_right' active >>>>>>>
2026-04-20 19:42:45,443 : INFO : EventManager : Event: ======'song_select_updated'====== Args={'genre': 'Folk', 'song_title': 'Peter, Paul and Mary - Puff, the Magic Dragon', 'sound_key': 'Peter, Paul and Mary - Puff, the Magic Dragon', 'audio_path': 'res://sounds/music/Genres/Folk/Peter, Paul and Mary - Puff, the Magic Dragon.mp3', 'song_bus': 'music', 'song_start_at': 0.0, 'has_audio': True, 'stage': 'song', 'genres': ['?', 'Alternative', 'Brit Invasion', 'Disco', 'Doo Wop', 'Folk', 'Folk Rock', 'Funk', 'Glitter:Glam', 'Grunge', 'Hard Rock', 'Heavy Metal', 'Hip Hop', 'New Wave', 'Pop Rock', 'Prog Rock', 'Psychedelic', 'Punk (70s)', 'Punk (80s)', 'R+B', 'Rap', 'Rock-a-Billy', 'Soul', 'Southern Rock'], 'genre_index': 6, 'genre_count': 24, 'selected_genre_index': 5, 'song_index': 3, 'song_count': 4, 'songs_text': "  Bob Dylan - The Times They Are A-Changin'\n  Joan Baez - Silver Dagger\n> Peter, Paul and Mary - Puff, the Magic Dragon\n  The Kingston Trio - Where Have All the Flowers Gone", 'random_selected': False}
2026-04-20 19:42:45,443 : INFO : EventManager : Event: ======'machine_var_audits_switches_s_flipper_right'====== Args={'value': 810, 'prev_value': 809, 'change': 1}
2026-04-20 19:42:45,542 : INFO : SwitchController : <<<<<<< 's_flipper_right' inactive >>>>>>>
2026-04-20 19:42:48,159 : INFO : SwitchController : <<<<<<< 's_flipper_right' active >>>>>>>
2026-04-20 19:42:48,160 : INFO : EventManager : Event: ======'song_select_updated'====== Args={'genre': 'Folk', 'song_title': 'The Kingston Trio - Where Have All the Flowers Gone', 'sound_key': 'The Kingston Trio - Where Have All the Flowers Gone', 'audio_path': 'res://sounds/music/Genres/Folk/The Kingston Trio - Where Have All the Flowers Gone.mp3', 'song_bus': 'music', 'song_start_at': 0.0, 'has_audio': True, 'stage': 'song', 'genres': ['?', 'Alternative', 'Brit Invasion', 'Disco', 'Doo Wop', 'Folk', 'Folk Rock', 'Funk', 'Glitter:Glam', 'Grunge', 'Hard Rock', 'Heavy Metal', 'Hip Hop', 'New Wave', 'Pop Rock', 'Prog Rock', 'Psychedelic', 'Punk (70s)', 'Punk (80s)', 'R+B', 'Rap', 'Rock-a-Billy', 'Soul', 'Southern Rock'], 'genre_index': 6, 'genre_count': 24, 'selected_genre_index': 5, 'song_index': 4, 'song_count': 4, 'songs_text': "  Bob Dylan - The Times They Are A-Changin'\n  Joan Baez - Silver Dagger\n  Peter, Paul and Mary - Puff, the Magic Dragon\n> The Kingston Trio - Where Have All the Flowers Gone", 'random_selected': False}
2026-04-20 19:42:48,160 : INFO : EventManager : Event: ======'machine_var_audits_switches_s_flipper_right'====== Args={'value': 811, 'prev_value': 810, 'change': 1}
2026-04-20 19:42:48,259 : INFO : SwitchController : <<<<<<< 's_flipper_right' inactive >>>>>>>
2026-04-20 19:42:52,183 : INFO : EventManager : Event: ======'balldevice_bd_trough_ball_eject_failed'====== Args={'target': <ball_device.bd_plunger>, 'balls': 1, 'retry': True, 'num_attempts': 2}
2026-04-20 19:42:52,184 : INFO : ball_device.bd_trough : State: waiting_for_target_ready
2026-04-20 19:42:52,184 : INFO : EventManager : Event: ======'balldevice_bd_trough_ball_eject_attempt'====== Args={'balls': 1, 'target': <ball_device.bd_plunger>, 'source': <ball_device.bd_trough>, 'mechanical_eject': False, 'num_attempts': 2}
2026-04-20 19:42:52,184 : INFO : ball_device.bd_trough : State: ejecting
2026-04-20 19:42:52,184 : INFO : ball_device.bd_trough : Ejecting ball to <ball_device.bd_plunger>
2026-04-20 19:42:52,184 : INFO : EventManager : Event: ======'balldevice_bd_trough_ejecting_ball'====== Args={'balls': 1, 'target': <ball_device.bd_plunger>, 'source': <ball_device.bd_trough>, 'mechanical_eject': False, 'num_attempts': 2}
2026-04-20 19:42:52,185 : INFO : ball_device.bd_trough : Wait for ball to leave device
2026-04-20 19:42:52,185 : INFO : coil.c_trough_eject : Pulsing Driver for 10ms (1.0 pulse_power)
2026-04-20 19:42:53,342 : INFO : SwitchController : <<<<<<< 's_action_button' active >>>>>>>
2026-04-20 19:42:53,343 : INFO : EventManager : Event: ======'player_selected_song_genre'====== Args={'value': 'Folk', 'prev_value': 0, 'change': True, 'player_num': 1}
2026-04-20 19:42:53,343 : INFO : EventManager : Event: ======'player_selected_song_title'====== Args={'value': 'The Kingston Trio - Where Have All the Flowers Gone', 'prev_value': 0, 'change': True, 'player_num': 1}
2026-04-20 19:42:53,343 : INFO : EventManager : Event: ======'player_selected_song_key'====== Args={'value': 'The Kingston Trio - Where Have All the Flowers Gone', 'prev_value': 0, 'change': True, 'player_num': 1}
2026-04-20 19:42:53,344 : INFO : EventManager : Event: ======'player_selected_song_path'====== Args={'value': 'res://sounds/music/Genres/Folk/The Kingston Trio - Where Have All the Flowers Gone.mp3', 'prev_value': 0, 'change': True, 'player_num': 1}
2026-04-20 19:42:53,344 : INFO : EventManager : Event: ======'player_selected_song_bus'====== Args={'value': 'music', 'prev_value': 0, 'change': True, 'player_num': 1}
2026-04-20 19:42:53,344 : INFO : EventManager : Event: ======'player_selected_song_start_at'====== Args={'value': 0.0, 'prev_value': 0, 'change': 0.0, 'player_num': 1}
2026-04-20 19:42:53,344 : INFO : EventManager : Event: ======'player_selected_song_resume_at'====== Args={'value': 0.0, 'prev_value': 0, 'change': 0.0, 'player_num': 1}
2026-04-20 19:42:53,344 : INFO : EventManager : Event: ======'song_select_confirmed'====== Args={'genre': 'Folk', 'song_title': 'The Kingston Trio - Where Have All the Flowers Gone', 'sound_key': 'The Kingston Trio - Where Have All the Flowers Gone', 'audio_path': 'res://sounds/music/Genres/Folk/The Kingston Trio - Where Have All the Flowers Gone.mp3', 'song_bus': 'music', 'song_start_at': 0.0, 'has_audio': True}
2026-04-20 19:42:53,344 : INFO : EventManager : Event: ======'machine_var_audits_switches_s_action_button'====== Args={'value': 491, 'prev_value': 490, 'change': 1}
2026-04-20 19:42:53,509 : INFO : SwitchController : <<<<<<< 's_action_button' inactive >>>>>>>
2026-04-20 19:42:53,595 : INFO : EventManager : Event: ======'song_select_complete'====== Args={}
2026-04-20 19:42:53,596 : INFO : EventManager : Event: ======'mode_song_select_will_stop'====== Args={}
2026-04-20 19:42:53,596 : INFO : EventManager : Event: ======'mode_song_select_stopping'====== Args={}
2026-04-20 19:42:53,596 : INFO : Mode.song_select : Stopped.
2026-04-20 19:42:53,596 : INFO : EventManager : Event: ======'modes_active_modes_changed'====== Args={}
2026-04-20 19:42:53,597 : INFO : EventManager : Event: ======'mode_song_select_stopped'====== Args={}
2026-04-20 19:42:53,597 : INFO : EventManager : Event: ======'clear'====== Args={'key': 'song_select'}
2026-04-20 19:42:53,642 : INFO : EventManager : Event: ======'slide_song_select_inactive'====== Args={'is_removing': True, '_from_bcp': True}
2026-04-20 19:42:53,643 : INFO : EventManager : Event: ======'slide_base_slide_active'====== Args={'_from_bcp': True}
2026-04-20 19:42:53,644 : INFO : EventManager : Event: ======'slide_song_select_removed'====== Args={'_from_bcp': True}
2026-04-20 19:42:57,668 : INFO : Machine : Shutting down...
2026-04-20 19:42:57,668 : INFO : EventManager : Event: ======'shutdown'====== Args={}
2026-04-20 19:42:57,669 : INFO : EventManager : Event: ======'mode_game_will_stop'====== Args={}
2026-04-20 19:42:57,669 : INFO : EventManager : Event: ======'mode_game_stopping'====== Args={}
2026-04-20 19:42:57,669 : INFO : EventManager : Event: ======'mode_base_will_stop'====== Args={}
2026-04-20 19:42:57,669 : INFO : EventManager : Event: ======'mode_base_stopping'====== Args={}
2026-04-20 19:42:57,669 : INFO : EventManager : Event: ======'mode_bumpers_will_stop'====== Args={}
2026-04-20 19:42:57,669 : INFO : EventManager : Event: ======'mode_bumpers_stopping'====== Args={}
2026-04-20 19:42:57,669 : INFO : EventManager : Event: ======'stop_mode_bumpers'====== Args={'priority': 0}
2026-04-20 19:42:57,670 : INFO : Mode.bumpers : Stopped.
2026-04-20 19:42:57,670 : INFO : EventManager : Event: ======'modes_active_modes_changed'====== Args={}
2026-04-20 19:42:57,670 : INFO : EventManager : Event: ======'mode_bumpers_stopped'====== Args={}
2026-04-20 19:42:57,670 : INFO : EventManager : Event: ======'clear'====== Args={'key': 'bumpers'}
2026-04-20 19:42:57,670 : INFO : Mode.base : Stopped.
2026-04-20 19:42:57,670 : INFO : EventManager : Event: ======'modes_active_modes_changed'====== Args={}
2026-04-20 19:42:57,670 : INFO : EventManager : Event: ======'mode_base_stopped'====== Args={}
2026-04-20 19:42:57,670 : INFO : EventManager : Event: ======'clear'====== Args={'key': 'base'}
2026-04-20 19:42:57,671 : INFO : Mode.game : Stopped.
2026-04-20 19:42:57,671 : INFO : EventManager : Event: ======'modes_active_modes_changed'====== Args={}
2026-04-20 19:42:57,671 : INFO : EventManager : Event: ======'mode_game_stopped'====== Args={}
2026-04-20 19:42:57,671 : INFO : EventManager : Event: ======'clear'====== Args={'key': 'game'}
2026-04-20 19:42:57,672 : INFO : root : MPF run loop ended.
