2026-04-16 15:07:55,517 : INFO : root : Loading config.
2026-04-16 15:07:55,565 : INFO : ConfigProcessor : Config spec file cache created: /var/folders/nw/6blj94p12ldcym3fj104vzlm0000gn/T/config_spec.mpf_cache
2026-04-16 15:07:55,565 : INFO : YamlMultifileConfigLoader : Machine config file #1: config.yaml
2026-04-16 15:07:55,565 : INFO : ConfigProcessor : Loading config from cache: /var/folders/nw/6blj94p12ldcym3fj104vzlm0000gn/T/b334f8a4e2121184f8a617378a4d1625.mpf_cache
2026-04-16 15:07:55,588 : INFO : ConfigProcessor : Loading config from cache: /var/folders/nw/6blj94p12ldcym3fj104vzlm0000gn/T/63da12c4cec82227b4c3859bbf3c7cd4.mpf_cache
2026-04-16 15:07:55,589 : INFO : ConfigProcessor : Loading config from cache: /var/folders/nw/6blj94p12ldcym3fj104vzlm0000gn/T/b8625db2ee8ad38c42d4f1c72235edc8.mpf_cache
2026-04-16 15:07:55,589 : INFO : ConfigProcessor : Loading config from cache: /var/folders/nw/6blj94p12ldcym3fj104vzlm0000gn/T/63da12c4cec82227b4c3859bbf3c7cd4.mpf_cache
2026-04-16 15:07:55,589 : INFO : ConfigProcessor : Loading config from cache: /var/folders/nw/6blj94p12ldcym3fj104vzlm0000gn/T/104947b35f87d581877cdaf02599b463.mpf_cache
2026-04-16 15:07:55,589 : INFO : ConfigProcessor : Loading config from cache: /var/folders/nw/6blj94p12ldcym3fj104vzlm0000gn/T/bc830d47d6fbb336561cc63e74edf2c9.mpf_cache
2026-04-16 15:07:55,589 : INFO : ConfigProcessor : Loading config from cache: /var/folders/nw/6blj94p12ldcym3fj104vzlm0000gn/T/4273c698423283a7843ff5c77ef69dc9.mpf_cache
2026-04-16 15:07:55,589 : INFO : ConfigProcessor : Loading config from cache: /var/folders/nw/6blj94p12ldcym3fj104vzlm0000gn/T/7424f2cce7b15e0b37e570d3514590c8.mpf_cache
2026-04-16 15:07:55,590 : INFO : Machine : Mission Pinball Framework Core Engine v0.80.0.dev13
2026-04-16 15:07:55,590 : INFO : Machine : Command line arguments: {'no_load_cache': False, 'create_config_cache': True, 'bcp': True, 'configfile': ['config.yaml'], 'force_assets_load': False, 'platform_integration_test': False, 'jsonlogging': False, 'logfile': 'logs/2026-04-16-15-07-55-mpf-Wills-MacBook-Pro-M5.local.log', 'pause': False, 'production': False, 'text_ui': False, 'loglevel': 15, 'consoleloglevel': 20, 'force_platform': 'virtual', 'syslog_address': None, 'full_logfile_path': '/Users/willrante/Documents/GitHub/pinball/logs/2026-04-16-15-07-55-mpf-Wills-MacBook-Pro-M5.local.log'}
2026-04-16 15:07:55,590 : INFO : Machine : MPF path: /Users/willrante/mpf-env/lib/python3.14/site-packages/mpf
2026-04-16 15:07:55,590 : INFO : Machine : Machine path: /Users/willrante/Documents/GitHub/pinball
2026-04-16 15:07:55,590 : INFO : Machine : Platform: darwin
2026-04-16 15:07:55,590 : INFO : Machine : Python executable location: /Users/willrante/mpf-env/bin/python3.14
2026-04-16 15:07:55,590 : INFO : Machine : Python version: 3.14.3 (64-bit)
2026-04-16 15:07:55,590 : INFO : Machine : Initializing MPF...
2026-04-16 15:07:55,617 : INFO : EventManager : Event: ======'machine_var_credits_string'====== Args={'value': 'FREE PLAY', 'prev_value': None, 'change': True}
2026-04-16 15:07:55,621 : INFO : EventManager : Event: ======'machine_var_master_volume'====== Args={'value': 0.5, 'prev_value': None, 'change': True}
2026-04-16 15:07:55,621 : INFO : EventManager : Event: ======'machine_var_mpf_version'====== Args={'value': 'Mission Pinball Framework v0.80.0.dev13', 'prev_value': None, 'change': True}
2026-04-16 15:07:55,621 : INFO : EventManager : Event: ======'machine_var_mpf_extended_version'====== Args={'value': 'Mission Pinball Framework v0.80.0.dev13, Config version:6, Show version: 6, BCP version:1.1', 'prev_value': None, 'change': True}
2026-04-16 15:07:55,621 : INFO : EventManager : Event: ======'machine_var_python_version'====== Args={'value': '3.14.3', 'prev_value': None, 'change': True}
2026-04-16 15:07:55,627 : INFO : EventManager : Event: ======'machine_var_platform'====== Args={'value': 'macOS-26.4.1-arm64-arm-64bit-Mach-O', 'prev_value': None, 'change': True}
2026-04-16 15:07:55,627 : INFO : EventManager : Event: ======'machine_var_platform_system'====== Args={'value': 'Darwin', 'prev_value': None, 'change': True}
2026-04-16 15:07:55,627 : INFO : EventManager : Event: ======'machine_var_platform_release'====== Args={'value': '25.4.0', 'prev_value': None, 'change': True}
2026-04-16 15:07:55,627 : INFO : EventManager : Event: ======'machine_var_platform_version'====== Args={'value': 'Darwin Kernel Version 25.4.0: Thu Mar 19 19:33:50 PDT 2026; root:xnu-12377.101.15~1/RELEASE_ARM64_T6050', 'prev_value': None, 'change': True}
2026-04-16 15:07:55,627 : INFO : EventManager : Event: ======'machine_var_platform_machine'====== Args={'value': 'arm64', 'prev_value': None, 'change': True}
2026-04-16 15:07:55,627 : INFO : EventManager : Event: ======'machine_var_log_file_path'====== Args={'value': '/Users/willrante/Documents/GitHub/pinball/logs/2026-04-16-15-07-55-mpf-Wills-MacBook-Pro-M5.local.log', 'prev_value': None, 'change': True}
2026-04-16 15:07:55,627 : INFO : EventManager : Event: ======'init_phase_1'====== Args={}
2026-04-16 15:07:55,633 : INFO : EventManager : Event: ======'init_phase_2'====== Args={}
2026-04-16 15:07:55,633 : INFO : SwitchController : Found active switch: (1007, <Platform.Virtual>) <switch.s_trough_1>
2026-04-16 15:07:55,633 : INFO : SwitchController : Found active switch: (1008, <Platform.Virtual>) <switch.s_trough_2>
2026-04-16 15:07:55,633 : INFO : SwitchController : Found active switch: (1009, <Platform.Virtual>) <switch.s_trough_3>
2026-04-16 15:07:55,634 : INFO : EventManager : Event: ======'bcp_connection_attempt'====== Args={'name': 'local_display', 'host': 'localhost', 'port': 5050}
2026-04-16 15:07:55,634 : INFO : BCPClientSocket : Connecting BCP to 'local_display' at localhost:5050...
2026-04-16 15:07:55,637 : INFO : BCPClientSocket : Connected BCP to 'local_display' localhost:5050
2026-04-16 15:07:55,637 : INFO : EventManager : Event: ======'bcp_clients_connected'====== Args={}
2026-04-16 15:07:55,637 : INFO : ball_device.bd_plunger : BCH: Initial count: 0
2026-04-16 15:07:55,637 : INFO : ball_device.bd_plunger : State: idle
2026-04-16 15:07:55,637 : INFO : ball_device.bd_trough : BCH: Initial count: 3
2026-04-16 15:07:55,638 : INFO : ball_device.bd_trough : State: idle
2026-04-16 15:07:55,641 : INFO : EventManager : Event: ======'init_phase_3'====== Args={}
2026-04-16 15:07:55,641 : INFO : EventManager : Event: ======'init_phase_4'====== Args={}
2026-04-16 15:07:55,641 : INFO : BallController : Initial balls found: 3
2026-04-16 15:07:55,642 : INFO : EventManager : Event: ======'machine_var_audits_events_game_ended'====== Args={'value': 0, 'prev_value': None, 'change': True}
2026-04-16 15:07:55,642 : INFO : EventManager : Event: ======'machine_var_audits_events_game_started'====== Args={'value': 25, 'prev_value': None, 'change': True}
2026-04-16 15:07:55,642 : INFO : EventManager : Event: ======'machine_var_audits_missing_switches_s_bumper_left'====== Args={'value': 14, 'prev_value': None, 'change': True}
2026-04-16 15:07:55,642 : INFO : EventManager : Event: ======'machine_var_audits_missing_switches_s_bumper_right'====== Args={'value': 14, 'prev_value': None, 'change': True}
2026-04-16 15:07:55,642 : INFO : EventManager : Event: ======'machine_var_audits_missing_switches_s_plunger_lane'====== Args={'value': 25, 'prev_value': None, 'change': True}
2026-04-16 15:07:55,642 : INFO : EventManager : Event: ======'machine_var_audits_missing_switches_s_start'====== Args={'value': 21, 'prev_value': None, 'change': True}
2026-04-16 15:07:55,642 : INFO : EventManager : Event: ======'machine_var_audits_missing_switches_s_trough_1'====== Args={'value': 25, 'prev_value': None, 'change': True}
2026-04-16 15:07:55,642 : INFO : EventManager : Event: ======'machine_var_audits_missing_switches_s_trough_2'====== Args={'value': 25, 'prev_value': None, 'change': True}
2026-04-16 15:07:55,642 : INFO : EventManager : Event: ======'machine_var_audits_missing_switches_s_trough_3'====== Args={'value': 25, 'prev_value': None, 'change': True}
2026-04-16 15:07:55,642 : INFO : EventManager : Event: ======'machine_var_audits_player_score'====== Args={'value': {'average': 0, 'top': [], 'total': 0}, 'prev_value': None, 'change': True}
2026-04-16 15:07:55,642 : INFO : EventManager : Event: ======'machine_var_audits_shots_bumper_left'====== Args={'value': 145, 'prev_value': None, 'change': True}
2026-04-16 15:07:55,642 : INFO : EventManager : Event: ======'machine_var_audits_shots_bumper_right'====== Args={'value': 144, 'prev_value': None, 'change': True}
2026-04-16 15:07:55,642 : INFO : EventManager : Event: ======'machine_var_audits_shots_hurryup'====== Args={'value': 3, 'prev_value': None, 'change': True}
2026-04-16 15:07:55,642 : INFO : EventManager : Event: ======'machine_var_audits_shots_left_lane'====== Args={'value': 33, 'prev_value': None, 'change': True}
2026-04-16 15:07:55,642 : INFO : EventManager : Event: ======'machine_var_audits_switches_s_action_button'====== Args={'value': 211, 'prev_value': None, 'change': True}
2026-04-16 15:07:55,642 : INFO : EventManager : Event: ======'machine_var_audits_switches_s_bumper_left'====== Args={'value': 145, 'prev_value': None, 'change': True}
2026-04-16 15:07:55,642 : INFO : EventManager : Event: ======'machine_var_audits_switches_s_bumper_right'====== Args={'value': 144, 'prev_value': None, 'change': True}
2026-04-16 15:07:55,642 : INFO : EventManager : Event: ======'machine_var_audits_switches_s_flipper_left'====== Args={'value': 246, 'prev_value': None, 'change': True}
2026-04-16 15:07:55,642 : INFO : EventManager : Event: ======'machine_var_audits_switches_s_flipper_right'====== Args={'value': 234, 'prev_value': None, 'change': True}
2026-04-16 15:07:55,642 : INFO : EventManager : Event: ======'machine_var_audits_switches_s_left_lane'====== Args={'value': 33, 'prev_value': None, 'change': True}
2026-04-16 15:07:55,642 : INFO : EventManager : Event: ======'machine_var_audits_switches_s_plunger_lane'====== Args={'value': 0, 'prev_value': None, 'change': True}
2026-04-16 15:07:55,642 : INFO : EventManager : Event: ======'machine_var_audits_switches_s_start'====== Args={'value': 3, 'prev_value': None, 'change': True}
2026-04-16 15:07:55,642 : INFO : EventManager : Event: ======'machine_var_audits_switches_s_trough_1'====== Args={'value': 0, 'prev_value': None, 'change': True}
2026-04-16 15:07:55,642 : INFO : EventManager : Event: ======'machine_var_audits_switches_s_trough_2'====== Args={'value': 0, 'prev_value': None, 'change': True}
2026-04-16 15:07:55,642 : INFO : EventManager : Event: ======'machine_var_audits_switches_s_trough_3'====== Args={'value': 0, 'prev_value': None, 'change': True}
2026-04-16 15:07:55,642 : INFO : EventManager : Event: ======'init_phase_5'====== Args={}
2026-04-16 15:07:55,643 : INFO : EventManager : Event: ======'init_done'====== Args={}
2026-04-16 15:07:55,643 : INFO : EventManager : Event: ======'machine_reset_phase_1'====== Args={}
2026-04-16 15:07:55,660 : INFO : EventManager : Event: ======'machine_reset_phase_2'====== Args={}
2026-04-16 15:07:55,660 : INFO : EventManager : Event: ======'machine_reset_phase_3'====== Args={}
2026-04-16 15:07:55,661 : INFO : EventManager : Event: ======'reset_complete'====== Args={}
2026-04-16 15:07:55,661 : INFO : EventManager : Event: ======'mode_attract_will_start'====== Args={}
2026-04-16 15:07:55,661 : INFO : Timer.attract_carousel_timer : Starting Timer.
2026-04-16 15:07:55,661 : INFO : EventManager : Event: ======'timer_attract_carousel_timer_started'====== Args={'ticks': 0, 'ticks_remaining': 1}
2026-04-16 15:07:55,661 : INFO : EventManager : Event: ======'timer_attract_carousel_timer_tick'====== Args={'ticks': 0, 'ticks_remaining': 1}
2026-04-16 15:07:55,661 : INFO : EventManager : Event: ======'mode_attract_starting'====== Args={}
2026-04-16 15:07:55,661 : INFO : Mode.attract : Started. Priority: 10
2026-04-16 15:07:55,661 : INFO : EventManager : Event: ======'modes_active_modes_changed'====== Args={}
2026-04-16 15:07:55,661 : INFO : EventManager : Event: ======'mode_attract_started'====== Args={}
2026-04-16 15:07:55,661 : INFO : EventManager : Event: ======'collecting_balls_complete'====== Args={}
2026-04-16 15:07:55,661 : INFO : EventManager : Event: ======'carousel_item_highlighted'====== Args={'carousel': 'attract', 'direction': None, 'item': 'title'}
2026-04-16 15:07:55,661 : INFO : EventManager : Event: ======'timer_attract_carousel_timer_tick'====== Args={'ticks': 0, 'ticks_remaining': 1}
2026-04-16 15:07:55,662 : INFO : Machine : Starting the main run loop with active modes: [<Mode.attract>]
2026-04-16 15:07:55,702 : INFO : EventManager : Event: ======'slide_attract_created'====== Args={'_from_bcp': True}
2026-04-16 15:07:55,702 : INFO : EventManager : Event: ======'slide__removed'====== Args={'_from_bcp': True}
2026-04-16 15:07:55,702 : INFO : EventManager : Event: ======'slide_attract_active'====== Args={'original_context': 'attract', 'original_calling_context': 'mode_attract_started', 'priority': 10.0, 'cmd': 'slides_play', '_from_bcp': True}
2026-04-16 15:08:00,662 : INFO : Timer.attract_carousel_timer : Timer Complete
2026-04-16 15:08:00,662 : INFO : Timer.attract_carousel_timer : Stopping Timer
2026-04-16 15:08:00,662 : INFO : EventManager : Event: ======'timer_attract_carousel_timer_stopped'====== Args={'ticks': 1, 'ticks_remaining': 1}
2026-04-16 15:08:00,662 : INFO : EventManager : Event: ======'timer_attract_carousel_timer_complete'====== Args={'ticks': 1, 'ticks_remaining': 1}
2026-04-16 15:08:00,663 : INFO : EventManager : Event: ======'carousel_item_highlighted'====== Args={'carousel': 'attract', 'direction': 'forwards', 'item': 'credits'}
2026-04-16 15:08:00,663 : INFO : Timer.attract_carousel_timer : Starting Timer.
2026-04-16 15:08:00,663 : INFO : EventManager : Event: ======'timer_attract_carousel_timer_started'====== Args={'ticks': 0, 'ticks_remaining': 1}
2026-04-16 15:08:00,663 : INFO : EventManager : Event: ======'timer_attract_carousel_timer_tick'====== Args={'ticks': 0, 'ticks_remaining': 1}
2026-04-16 15:08:04,574 : INFO : SwitchController : <<<<<<< 's_left_lane' active >>>>>>>
2026-04-16 15:08:04,574 : INFO : EventManager : Event: ======'playfield_active'====== Args={'source': 'left_lane'}
2026-04-16 15:08:04,574 : INFO : EventManager : Event: ======'unexpected_ball_on_playfield'====== Args={}
2026-04-16 15:08:04,574 : INFO : EventManager : Event: ======'playfield_active'====== Args={'source': 'hurryup'}
2026-04-16 15:08:04,574 : INFO : EventManager : Event: ======'unexpected_ball_on_playfield'====== Args={}
2026-04-16 15:08:04,724 : INFO : SwitchController : <<<<<<< 's_left_lane' inactive >>>>>>>
2026-04-16 15:08:05,664 : INFO : Timer.attract_carousel_timer : Timer Complete
2026-04-16 15:08:05,665 : INFO : Timer.attract_carousel_timer : Stopping Timer
2026-04-16 15:08:05,665 : INFO : EventManager : Event: ======'timer_attract_carousel_timer_stopped'====== Args={'ticks': 1, 'ticks_remaining': 1}
2026-04-16 15:08:05,665 : INFO : EventManager : Event: ======'timer_attract_carousel_timer_complete'====== Args={'ticks': 1, 'ticks_remaining': 1}
2026-04-16 15:08:05,665 : INFO : EventManager : Event: ======'carousel_item_highlighted'====== Args={'carousel': 'attract', 'direction': 'forwards', 'item': 'mpf_logo'}
2026-04-16 15:08:05,665 : INFO : Timer.attract_carousel_timer : Starting Timer.
2026-04-16 15:08:05,665 : INFO : EventManager : Event: ======'timer_attract_carousel_timer_started'====== Args={'ticks': 0, 'ticks_remaining': 1}
2026-04-16 15:08:05,665 : INFO : EventManager : Event: ======'timer_attract_carousel_timer_tick'====== Args={'ticks': 0, 'ticks_remaining': 1}
2026-04-16 15:08:07,491 : INFO : SwitchController : <<<<<<< 's_start' active >>>>>>>
2026-04-16 15:08:07,574 : INFO : SwitchController : <<<<<<< 's_start' inactive >>>>>>>
2026-04-16 15:08:07,574 : INFO : EventManager : Event: ======'request_to_start_game'====== Args={}
2026-04-16 15:08:07,575 : INFO : EventManager : Event: ======'game_start'====== Args={'buttons': [], 'hold_time': 0.08327149999968242}
2026-04-16 15:08:07,575 : INFO : EventManager : Event: ======'mode_game_will_start'====== Args={'buttons': [], 'hold_time': 0.08327149999968242}
2026-04-16 15:08:07,576 : INFO : EventManager : Event: ======'mode_game_starting'====== Args={'buttons': [], 'hold_time': 0.08327149999968242}
2026-04-16 15:08:07,576 : INFO : EventManager : Event: ======'mode_attract_will_stop'====== Args={}
2026-04-16 15:08:07,576 : INFO : EventManager : Event: ======'mode_attract_stopping'====== Args={}
2026-04-16 15:08:07,576 : INFO : Mode.attract : Stopped.
2026-04-16 15:08:07,576 : INFO : EventManager : Event: ======'modes_active_modes_changed'====== Args={}
2026-04-16 15:08:07,577 : INFO : EventManager : Event: ======'mode_attract_stopped'====== Args={}
2026-04-16 15:08:07,577 : INFO : EventManager : Event: ======'clear'====== Args={'key': 'attract'}
2026-04-16 15:08:07,577 : INFO : Timer.attract_carousel_timer : Stopping Timer
2026-04-16 15:08:07,577 : INFO : EventManager : Event: ======'timer_attract_carousel_timer_stopped'====== Args={'ticks': 0, 'ticks_remaining': 1}
2026-04-16 15:08:07,577 : INFO : Mode.game : Started. Priority: 20
2026-04-16 15:08:07,577 : INFO : EventManager : Event: ======'modes_active_modes_changed'====== Args={}
2026-04-16 15:08:07,577 : INFO : EventManager : Event: ======'mode_game_started'====== Args={'buttons': [], 'hold_time': 0.08327149999968242}
2026-04-16 15:08:07,578 : INFO : EventManager : Event: ======'game_will_start'====== Args={}
2026-04-16 15:08:07,578 : INFO : EventManager : Event: ======'game_starting'====== Args={'game': <Mode.game>}
2026-04-16 15:08:07,579 : INFO : EventManager : Unordered handler for class <Auditor> on event game_ended with priority 1. Handlers: [RegisteredHandler(callback=<bound method Auditor.disable of <Auditor>>, priority=1, kwargs={}, key=UUID('36a481a3-daed-4303-8e22-a2adaa4800ce'), condition=None, blocking_facility=None), RegisteredHandler(callback=<bound method Auditor._save_audits of <Auditor>>, priority=1, kwargs={}, key=UUID('a70f5f11-1a45-42d2-88b0-c5a0de821e53'), condition=None, blocking_facility=None)]. The order of those handlers is not defined and they will be executed in random order. This might lead to race conditions and potential bugs.
2026-04-16 15:08:07,579 : INFO : EventManager : Event: ======'player_add_request'====== Args={}
2026-04-16 15:08:07,579 : INFO : EventManager : Event: ======'player_will_add'====== Args={'number': 1}
2026-04-16 15:08:07,579 : INFO : EventManager : Event: ======'player_adding'====== Args={'player': <Player 1>, 'number': 1}
2026-04-16 15:08:07,579 : INFO : EventManager : Event: ======'player_added'====== Args={'player': <Player 1>, 'num': 1}
2026-04-16 15:08:07,579 : INFO : Mode.game : Player added successfully. Total players: 1
2026-04-16 15:08:07,579 : INFO : EventManager : Event: ======'player_index'====== Args={'value': 0, 'prev_value': 0, 'change': 0, 'player_num': 1}
2026-04-16 15:08:07,579 : INFO : EventManager : Event: ======'player_number'====== Args={'value': 1, 'prev_value': 1, 'change': 0, 'player_num': 1}
2026-04-16 15:08:07,580 : INFO : EventManager : Event: ======'player_score'====== Args={'value': 0, 'prev_value': 0, 'change': 0, 'player_num': 1}
2026-04-16 15:08:07,580 : INFO : EventManager : Event: ======'game_started'====== Args={}
2026-04-16 15:08:07,580 : INFO : EventManager : Event: ======'player_turn_will_start'====== Args={'player': <Player 1>, 'number': 1}
2026-04-16 15:08:07,580 : INFO : EventManager : Event: ======'player_turn_starting'====== Args={'player': <Player 1>, 'number': 1}
2026-04-16 15:08:07,581 : INFO : EventManager : Event: ======'player_ball'====== Args={'value': 1, 'prev_value': 0, 'change': 1, 'player_num': 1}
2026-04-16 15:08:07,584 : INFO : EventManager : Event: ======'player_turn_started'====== Args={'player': <Player 1>, 'number': 1}
2026-04-16 15:08:07,584 : INFO : EventManager : Event: ======'ball_will_start'====== Args={'player': 1, 'ball': 1, 'balls_remaining': 2, 'is_extra_ball': False}
2026-04-16 15:08:07,584 : INFO : EventManager : Event: ======'ball_starting'====== Args={'player': 1, 'ball': 1, 'balls_remaining': 2, 'is_extra_ball': False}
2026-04-16 15:08:07,585 : INFO : EventManager : Event: ======'mode_base_will_start'====== Args={'queue': <QueuedEvent>, 'player': 1, 'ball': 1, 'balls_remaining': 2, 'is_extra_ball': False}
2026-04-16 15:08:07,585 : INFO : EventManager : Event: ======'player_shot_left_lane_enabled'====== Args={'value': True, 'prev_value': 0, 'change': 1, 'player_num': 1}
2026-04-16 15:08:07,586 : INFO : EventManager : Event: ======'mode_base_starting'====== Args={'queue': <QueuedEvent>, 'player': 1, 'ball': 1, 'balls_remaining': 2, 'is_extra_ball': False}
2026-04-16 15:08:07,586 : INFO : Mode.base : Started. Priority: 100
2026-04-16 15:08:07,586 : INFO : EventManager : Event: ======'modes_active_modes_changed'====== Args={}
2026-04-16 15:08:07,586 : INFO : EventManager : Event: ======'mode_base_started'====== Args={'queue': <QueuedEvent>, 'player': 1, 'ball': 1, 'balls_remaining': 2, 'is_extra_ball': False}
2026-04-16 15:08:07,586 : INFO : EventManager : Event: ======'start_mode_bumpers'====== Args={'priority': 0}
2026-04-16 15:08:07,586 : INFO : EventManager : Event: ======'mode_bumpers_will_start'====== Args={'priority': 0}
2026-04-16 15:08:07,586 : INFO : EventManager : Event: ======'player_shot_bumper_left_enabled'====== Args={'value': True, 'prev_value': 0, 'change': 1, 'player_num': 1}
2026-04-16 15:08:07,587 : INFO : EventManager : Event: ======'player_shot_bumper_right_enabled'====== Args={'value': True, 'prev_value': 0, 'change': 1, 'player_num': 1}
2026-04-16 15:08:07,587 : INFO : EventManager : Event: ======'bumpers_complete'====== Args={'state': 'unlit'}
2026-04-16 15:08:07,587 : INFO : EventManager : Event: ======'bumpers_unlit_complete'====== Args={}
2026-04-16 15:08:07,588 : INFO : EventManager : Event: ======'mode_bumpers_starting'====== Args={'priority': 0}
2026-04-16 15:08:07,588 : INFO : Mode.bumpers : Started. Priority: 200
2026-04-16 15:08:07,588 : INFO : EventManager : Event: ======'modes_active_modes_changed'====== Args={}
2026-04-16 15:08:07,588 : INFO : EventManager : Event: ======'mode_bumpers_started'====== Args={'priority': 0}
2026-04-16 15:08:07,588 : INFO : EventManager : Event: ======'balls_in_play'====== Args={'balls': 1}
2026-04-16 15:08:07,588 : INFO : EventManager : Event: ======'ball_started'====== Args={'player': 1, 'ball': 1, 'balls_remaining': 2, 'is_extra_ball': False}
2026-04-16 15:08:07,588 : INFO : EventManager : Event: ======'single_player_ball_started'====== Args={}
2026-04-16 15:08:07,588 : INFO : EventManager : Event: ======'ball_start_target'====== Args={'target': 'playfield'}
2026-04-16 15:08:07,589 : INFO : ball_device.bd_trough : Setting up player-controlled eject. Balls: 1, Target: <playfield.playfield>, player_controlled_eject_event: None
2026-04-16 15:08:07,589 : INFO : ball_device.bd_trough : Adding 1 ball(s) to the eject_queue with target <playfield.playfield>.
2026-04-16 15:08:07,589 : INFO : EventManager : Event: ======'balldevice_balls_available'====== Args={}
2026-04-16 15:08:07,589 : INFO : ball_device.bd_trough : State: waiting_for_target_ready
2026-04-16 15:08:07,589 : INFO : EventManager : Event: ======'balldevice_bd_trough_ball_eject_attempt'====== Args={'balls': 1, 'target': <ball_device.bd_plunger>, 'source': <ball_device.bd_trough>, 'mechanical_eject': False, 'num_attempts': 0}
2026-04-16 15:08:07,589 : INFO : ball_device.bd_plunger : State: waiting_for_ball
2026-04-16 15:08:07,590 : INFO : ball_device.bd_trough : State: ejecting
2026-04-16 15:08:07,590 : INFO : ball_device.bd_trough : Ejecting ball to <ball_device.bd_plunger>
2026-04-16 15:08:07,590 : INFO : EventManager : Event: ======'balldevice_bd_trough_ejecting_ball'====== Args={'balls': 1, 'target': <ball_device.bd_plunger>, 'source': <ball_device.bd_trough>, 'mechanical_eject': False, 'num_attempts': 0}
2026-04-16 15:08:07,590 : INFO : ball_device.bd_trough : Wait for ball to leave device
2026-04-16 15:08:07,591 : INFO : coil.c_trough_eject : Pulsing Driver for 10ms (1.0 pulse_power)
2026-04-16 15:08:07,618 : INFO : EventManager : Event: ======'slide_base_slide_created'====== Args={'_from_bcp': True}
2026-04-16 15:08:07,619 : INFO : EventManager : Event: ======'slide_attract_inactive'====== Args={'is_removing': True, '_from_bcp': True}
2026-04-16 15:08:07,619 : INFO : EventManager : Event: ======'slide_base_slide_active'====== Args={'original_context': 'base', 'original_calling_context': 'mode_base_started', 'priority': 100.0, 'queue': '<QueuedEvent>', 'player': 1.0, 'ball': 1.0, 'balls_remaining': 2.0, 'is_extra_ball': False, 'cmd': 'slides_play', '_from_bcp': True}
2026-04-16 15:08:07,619 : INFO : EventManager : Event: ======'slide_attract_removed'====== Args={'_from_bcp': True}
2026-04-16 15:08:08,874 : INFO : SwitchController : <<<<<<< 's_left_lane' active >>>>>>>
2026-04-16 15:08:08,875 : INFO : EventManager : Event: ======'playfield_active'====== Args={'source': 'left_lane'}
2026-04-16 15:08:08,875 : INFO : EventManager : Event: ======'unexpected_ball_on_playfield'====== Args={}
2026-04-16 15:08:08,875 : INFO : EventManager : Event: ======'playfield_active'====== Args={'source': 'hurryup'}
2026-04-16 15:08:08,875 : INFO : EventManager : Event: ======'unexpected_ball_on_playfield'====== Args={}
2026-04-16 15:08:08,875 : INFO : EventManager : Event: ======'s_left_lane_active'====== Args={}
2026-04-16 15:08:08,875 : INFO : EventManager : Event: ======'machine_var_audits_switches_s_left_lane'====== Args={'value': 34, 'prev_value': 33, 'change': 1}
2026-04-16 15:08:08,876 : INFO : EventManager : Event: ======'player_shot_left_lane'====== Args={'value': 1, 'prev_value': 0, 'change': 1, 'player_num': 1}
2026-04-16 15:08:08,876 : INFO : EventManager : Event: ======'machine_var_audits_shots_left_lane'====== Args={'value': 34, 'prev_value': 33, 'change': 1}
2026-04-16 15:08:08,879 : INFO : EventManager : Event: ======'left_lane_hit'====== Args={'profile': 'default', 'state': 'unlit', 'advancing': True}
2026-04-16 15:08:08,879 : INFO : EventManager : Event: ======'left_lane_default_hit'====== Args={'profile': 'default', 'state': 'unlit', 'advancing': True}
2026-04-16 15:08:08,880 : INFO : EventManager : Event: ======'left_lane_default_unlit_hit'====== Args={'profile': 'default', 'state': 'unlit', 'advancing': True}
2026-04-16 15:08:08,880 : INFO : EventManager : Event: ======'left_lane_unlit_hit'====== Args={'profile': 'default', 'state': 'unlit', 'advancing': True}
2026-04-16 15:08:08,880 : INFO : EventManager : Event: ======'start_mode_rhythm'====== Args={'priority': 0}
2026-04-16 15:08:08,880 : INFO : EventManager : Event: ======'mode_rhythm_will_start'====== Args={'priority': 0}
2026-04-16 15:08:08,880 : INFO : EventManager : Event: ======'mode_rhythm_starting'====== Args={'priority': 0}
2026-04-16 15:08:08,880 : INFO : Mode.rhythm : Started. Priority: 1200
2026-04-16 15:08:08,880 : INFO : EventManager : Event: ======'modes_active_modes_changed'====== Args={}
2026-04-16 15:08:08,880 : INFO : EventManager : Event: ======'mode_rhythm_started'====== Args={'priority': 0}
2026-04-16 15:08:08,881 : INFO : EventManager : Event: ======'player_rhythm_mode_score'====== Args={'value': 0, 'prev_value': 0, 'change': 0, 'player_num': 1}
2026-04-16 15:08:08,881 : INFO : EventManager : Event: ======'player_rhythm_combo'====== Args={'value': 0, 'prev_value': 0, 'change': 0, 'player_num': 1}
2026-04-16 15:08:08,881 : INFO : EventManager : Event: ======'player_rhythm_best_combo'====== Args={'value': 0, 'prev_value': 0, 'change': 0, 'player_num': 1}
2026-04-16 15:08:08,881 : INFO : EventManager : Event: ======'player_rhythm_hits'====== Args={'value': 0, 'prev_value': 0, 'change': 0, 'player_num': 1}
2026-04-16 15:08:08,881 : INFO : EventManager : Event: ======'player_rhythm_misses'====== Args={'value': 0, 'prev_value': 0, 'change': 0, 'player_num': 1}
2026-04-16 15:08:08,881 : INFO : EventManager : Event: ======'player_rhythm_notes_total'====== Args={'value': 38, 'prev_value': 0, 'change': 38, 'player_num': 1}
2026-04-16 15:08:08,882 : INFO : EventManager : Event: ======'player_rhythm_accuracy'====== Args={'value': 0, 'prev_value': 0, 'change': 0, 'player_num': 1}
2026-04-16 15:08:08,882 : INFO : EventManager : Event: ======'player_rhythm_multiplier'====== Args={'value': 1, 'prev_value': 0, 'change': 1, 'player_num': 1}
2026-04-16 15:08:08,932 : INFO : EventManager : Event: ======'rhythm_chart_started'====== Args={'total_notes': 38, 'travel_ms': 1600, 'perfect_window_ms': 90, 'good_window_ms': 170, 'lead_in_ms': 1800, 'chart_started_delay_ms': 50, 'song_key': 'Deep Purple - Smoke On the Water (Official Music Video)', 'song_bus': 'music', 'audio_offset_ms': 0}
2026-04-16 15:08:08,933 : INFO : EventManager : Event: ======'slide_rhythm_created'====== Args={'_from_bcp': True}
2026-04-16 15:08:08,933 : INFO : EventManager : Event: ======'slide_base_slide_inactive'====== Args={'is_removing': False, '_from_bcp': True}
2026-04-16 15:08:08,933 : INFO : EventManager : Event: ======'slide_rhythm_active'====== Args={'original_context': 'rhythm', 'original_calling_context': 'mode_rhythm_started', 'priority': 1200.0, 'cmd': 'slides_play', '_from_bcp': True}
2026-04-16 15:08:09,024 : INFO : SwitchController : <<<<<<< 's_left_lane' inactive >>>>>>>
2026-04-16 15:08:09,683 : INFO : EventManager : Event: ======'rhythm_note_spawned'====== Args={'note_id': 0, 'lane': 'left', 'travel_ms': 1600, 'hit_time_ms': 2400}
2026-04-16 15:08:10,083 : INFO : EventManager : Event: ======'rhythm_note_spawned'====== Args={'note_id': 1, 'lane': 'center', 'travel_ms': 1600, 'hit_time_ms': 2800}
2026-04-16 15:08:10,483 : INFO : EventManager : Event: ======'rhythm_note_spawned'====== Args={'note_id': 2, 'lane': 'right', 'travel_ms': 1600, 'hit_time_ms': 3200}
2026-04-16 15:08:10,883 : INFO : EventManager : Event: ======'rhythm_note_spawned'====== Args={'note_id': 3, 'lane': 'left', 'travel_ms': 1600, 'hit_time_ms': 3600}
2026-04-16 15:08:11,282 : INFO : EventManager : Event: ======'rhythm_note_spawned'====== Args={'note_id': 4, 'lane': 'center', 'travel_ms': 1600, 'hit_time_ms': 4000}
2026-04-16 15:08:11,282 : INFO : EventManager : Event: ======'rhythm_note_spawned'====== Args={'note_id': 5, 'lane': 'right', 'travel_ms': 1600, 'hit_time_ms': 4000}
2026-04-16 15:08:11,325 : INFO : SwitchController : <<<<<<< 's_flipper_left' active >>>>>>>
2026-04-16 15:08:11,325 : INFO : EventManager : Event: ======'rhythm_lane_pressed'====== Args={'lane': 'left'}
2026-04-16 15:08:11,325 : INFO : EventManager : Event: ======'player_rhythm_combo'====== Args={'value': 1, 'prev_value': 0, 'change': 1, 'player_num': 1}
2026-04-16 15:08:11,326 : INFO : EventManager : Event: ======'player_rhythm_best_combo'====== Args={'value': 1, 'prev_value': 0, 'change': 1, 'player_num': 1}
2026-04-16 15:08:11,326 : INFO : EventManager : Event: ======'player_rhythm_hits'====== Args={'value': 1, 'prev_value': 0, 'change': 1, 'player_num': 1}
2026-04-16 15:08:11,326 : INFO : EventManager : Event: ======'player_rhythm_mode_score'====== Args={'value': 20000, 'prev_value': 0, 'change': 20000, 'player_num': 1}
2026-04-16 15:08:11,326 : INFO : EventManager : Event: ======'player_score'====== Args={'value': 20000, 'prev_value': 0, 'change': 20000, 'player_num': 1}
2026-04-16 15:08:11,326 : INFO : EventManager : Event: ======'rhythm_note_hit'====== Args={'note_id': 0, 'lane': 'left', 'judgment': 'perfect', 'combo': 1, 'multiplier': 1, 'award': 20000, 'delta_ms': 44, 'total_score': 20000}
2026-04-16 15:08:11,326 : INFO : EventManager : Event: ======'machine_var_audits_switches_s_flipper_left'====== Args={'value': 247, 'prev_value': 246, 'change': 1}
2026-04-16 15:08:11,492 : INFO : SwitchController : <<<<<<< 's_flipper_left' inactive >>>>>>>
2026-04-16 15:08:11,759 : INFO : SwitchController : <<<<<<< 's_action_button' active >>>>>>>
2026-04-16 15:08:11,759 : INFO : EventManager : Event: ======'rhythm_lane_pressed'====== Args={'lane': 'center'}
2026-04-16 15:08:11,759 : INFO : EventManager : Event: ======'player_rhythm_combo'====== Args={'value': 2, 'prev_value': 1, 'change': 1, 'player_num': 1}
2026-04-16 15:08:11,759 : INFO : EventManager : Event: ======'player_rhythm_best_combo'====== Args={'value': 2, 'prev_value': 1, 'change': 1, 'player_num': 1}
2026-04-16 15:08:11,760 : INFO : EventManager : Event: ======'player_rhythm_hits'====== Args={'value': 2, 'prev_value': 1, 'change': 1, 'player_num': 1}
2026-04-16 15:08:11,760 : INFO : EventManager : Event: ======'player_rhythm_mode_score'====== Args={'value': 40000, 'prev_value': 20000, 'change': 20000, 'player_num': 1}
2026-04-16 15:08:11,760 : INFO : EventManager : Event: ======'player_score'====== Args={'value': 40000, 'prev_value': 20000, 'change': 20000, 'player_num': 1}
2026-04-16 15:08:11,760 : INFO : EventManager : Event: ======'rhythm_note_hit'====== Args={'note_id': 1, 'lane': 'center', 'judgment': 'perfect', 'combo': 2, 'multiplier': 1, 'award': 20000, 'delta_ms': 78, 'total_score': 40000}
2026-04-16 15:08:11,760 : INFO : EventManager : Event: ======'machine_var_audits_switches_s_action_button'====== Args={'value': 212, 'prev_value': 211, 'change': 1}
2026-04-16 15:08:11,783 : INFO : EventManager : Event: ======'rhythm_note_spawned'====== Args={'note_id': 6, 'lane': 'left', 'travel_ms': 1600, 'hit_time_ms': 4500}
2026-04-16 15:08:11,927 : INFO : SwitchController : <<<<<<< 's_action_button' inactive >>>>>>>
2026-04-16 15:08:12,008 : INFO : SwitchController : <<<<<<< 's_flipper_right' active >>>>>>>
2026-04-16 15:08:12,009 : INFO : EventManager : Event: ======'rhythm_lane_pressed'====== Args={'lane': 'right'}
2026-04-16 15:08:12,009 : INFO : EventManager : Event: ======'player_rhythm_combo'====== Args={'value': 3, 'prev_value': 2, 'change': 1, 'player_num': 1}
2026-04-16 15:08:12,009 : INFO : EventManager : Event: ======'player_rhythm_best_combo'====== Args={'value': 3, 'prev_value': 2, 'change': 1, 'player_num': 1}
2026-04-16 15:08:12,009 : INFO : EventManager : Event: ======'player_rhythm_hits'====== Args={'value': 3, 'prev_value': 2, 'change': 1, 'player_num': 1}
2026-04-16 15:08:12,009 : INFO : EventManager : Event: ======'player_rhythm_mode_score'====== Args={'value': 60000, 'prev_value': 40000, 'change': 20000, 'player_num': 1}
2026-04-16 15:08:12,010 : INFO : EventManager : Event: ======'player_score'====== Args={'value': 60000, 'prev_value': 40000, 'change': 20000, 'player_num': 1}
2026-04-16 15:08:12,010 : INFO : EventManager : Event: ======'rhythm_note_hit'====== Args={'note_id': 2, 'lane': 'right', 'judgment': 'perfect', 'combo': 3, 'multiplier': 1, 'award': 20000, 'delta_ms': 72, 'total_score': 60000}
2026-04-16 15:08:12,010 : INFO : EventManager : Event: ======'machine_var_audits_switches_s_flipper_right'====== Args={'value': 235, 'prev_value': 234, 'change': 1}
2026-04-16 15:08:12,175 : INFO : SwitchController : <<<<<<< 's_flipper_right' inactive >>>>>>>
2026-04-16 15:08:12,183 : INFO : EventManager : Event: ======'rhythm_note_spawned'====== Args={'note_id': 7, 'lane': 'center', 'travel_ms': 1600, 'hit_time_ms': 4900}
2026-04-16 15:08:12,475 : INFO : SwitchController : <<<<<<< 's_flipper_left' active >>>>>>>
2026-04-16 15:08:12,475 : INFO : EventManager : Event: ======'rhythm_lane_pressed'====== Args={'lane': 'left'}
2026-04-16 15:08:12,476 : INFO : EventManager : Event: ======'player_rhythm_combo'====== Args={'value': 4, 'prev_value': 3, 'change': 1, 'player_num': 1}
2026-04-16 15:08:12,476 : INFO : EventManager : Event: ======'player_rhythm_best_combo'====== Args={'value': 4, 'prev_value': 3, 'change': 1, 'player_num': 1}
2026-04-16 15:08:12,476 : INFO : EventManager : Event: ======'player_rhythm_hits'====== Args={'value': 4, 'prev_value': 3, 'change': 1, 'player_num': 1}
2026-04-16 15:08:12,476 : INFO : EventManager : Event: ======'player_rhythm_mode_score'====== Args={'value': 80000, 'prev_value': 60000, 'change': 20000, 'player_num': 1}
2026-04-16 15:08:12,476 : INFO : EventManager : Event: ======'player_score'====== Args={'value': 80000, 'prev_value': 60000, 'change': 20000, 'player_num': 1}
2026-04-16 15:08:12,476 : INFO : EventManager : Event: ======'rhythm_note_hit'====== Args={'note_id': 3, 'lane': 'left', 'judgment': 'perfect', 'combo': 4, 'multiplier': 1, 'award': 20000, 'delta_ms': 5, 'total_score': 80000}
2026-04-16 15:08:12,476 : INFO : EventManager : Event: ======'machine_var_audits_switches_s_flipper_left'====== Args={'value': 248, 'prev_value': 247, 'change': 1}
2026-04-16 15:08:12,583 : INFO : EventManager : Event: ======'rhythm_note_spawned'====== Args={'note_id': 8, 'lane': 'right', 'travel_ms': 1600, 'hit_time_ms': 5300}
2026-04-16 15:08:12,608 : INFO : SwitchController : <<<<<<< 's_flipper_left' inactive >>>>>>>
2026-04-16 15:08:12,892 : INFO : SwitchController : <<<<<<< 's_action_button' active >>>>>>>
2026-04-16 15:08:12,892 : INFO : EventManager : Event: ======'rhythm_lane_pressed'====== Args={'lane': 'center'}
2026-04-16 15:08:12,892 : INFO : EventManager : Event: ======'player_rhythm_combo'====== Args={'value': 5, 'prev_value': 4, 'change': 1, 'player_num': 1}
2026-04-16 15:08:12,893 : INFO : EventManager : Event: ======'player_rhythm_best_combo'====== Args={'value': 5, 'prev_value': 4, 'change': 1, 'player_num': 1}
2026-04-16 15:08:12,893 : INFO : EventManager : Event: ======'player_rhythm_hits'====== Args={'value': 5, 'prev_value': 4, 'change': 1, 'player_num': 1}
2026-04-16 15:08:12,893 : INFO : EventManager : Event: ======'player_rhythm_mode_score'====== Args={'value': 100000, 'prev_value': 80000, 'change': 20000, 'player_num': 1}
2026-04-16 15:08:12,893 : INFO : EventManager : Event: ======'player_score'====== Args={'value': 100000, 'prev_value': 80000, 'change': 20000, 'player_num': 1}
2026-04-16 15:08:12,893 : INFO : EventManager : Event: ======'rhythm_note_hit'====== Args={'note_id': 4, 'lane': 'center', 'judgment': 'perfect', 'combo': 5, 'multiplier': 1, 'award': 20000, 'delta_ms': 11, 'total_score': 100000}
2026-04-16 15:08:12,893 : INFO : EventManager : Event: ======'machine_var_audits_switches_s_action_button'====== Args={'value': 213, 'prev_value': 212, 'change': 1}
2026-04-16 15:08:12,983 : INFO : EventManager : Event: ======'rhythm_note_spawned'====== Args={'note_id': 9, 'lane': 'left', 'travel_ms': 1600, 'hit_time_ms': 5700}
2026-04-16 15:08:13,025 : INFO : SwitchController : <<<<<<< 's_action_button' inactive >>>>>>>
2026-04-16 15:08:13,054 : INFO : EventManager : Event: ======'player_rhythm_combo'====== Args={'value': 0, 'prev_value': 5, 'change': -5, 'player_num': 1}
2026-04-16 15:08:13,054 : INFO : EventManager : Event: ======'player_rhythm_misses'====== Args={'value': 1, 'prev_value': 0, 'change': 1, 'player_num': 1}
2026-04-16 15:08:13,054 : INFO : EventManager : Event: ======'rhythm_note_missed'====== Args={'note_id': 5, 'lane': 'right', 'total_misses': 1}
2026-04-16 15:08:13,208 : INFO : SwitchController : <<<<<<< 's_flipper_right' active >>>>>>>
2026-04-16 15:08:13,208 : INFO : EventManager : Event: ======'rhythm_lane_pressed'====== Args={'lane': 'right'}
2026-04-16 15:08:13,209 : INFO : EventManager : Event: ======'machine_var_audits_switches_s_flipper_right'====== Args={'value': 236, 'prev_value': 235, 'change': 1}
2026-04-16 15:08:13,375 : INFO : SwitchController : <<<<<<< 's_flipper_right' inactive >>>>>>>
2026-04-16 15:08:13,383 : INFO : EventManager : Event: ======'rhythm_note_spawned'====== Args={'note_id': 10, 'lane': 'center', 'travel_ms': 1600, 'hit_time_ms': 6100}
2026-04-16 15:08:13,554 : INFO : EventManager : Event: ======'player_rhythm_misses'====== Args={'value': 2, 'prev_value': 1, 'change': 1, 'player_num': 1}
2026-04-16 15:08:13,555 : INFO : EventManager : Event: ======'rhythm_note_missed'====== Args={'note_id': 6, 'lane': 'left', 'total_misses': 2}
2026-04-16 15:08:13,783 : INFO : EventManager : Event: ======'rhythm_note_spawned'====== Args={'note_id': 11, 'lane': 'right', 'travel_ms': 1600, 'hit_time_ms': 6500}
2026-04-16 15:08:13,825 : INFO : SwitchController : <<<<<<< 's_action_button' active >>>>>>>
2026-04-16 15:08:13,825 : INFO : EventManager : Event: ======'rhythm_lane_pressed'====== Args={'lane': 'center'}
2026-04-16 15:08:13,825 : INFO : EventManager : Event: ======'player_rhythm_combo'====== Args={'value': 1, 'prev_value': 0, 'change': 1, 'player_num': 1}
2026-04-16 15:08:13,826 : INFO : EventManager : Event: ======'player_rhythm_hits'====== Args={'value': 6, 'prev_value': 5, 'change': 1, 'player_num': 1}
2026-04-16 15:08:13,826 : INFO : EventManager : Event: ======'player_rhythm_mode_score'====== Args={'value': 120000, 'prev_value': 100000, 'change': 20000, 'player_num': 1}
2026-04-16 15:08:13,826 : INFO : EventManager : Event: ======'player_score'====== Args={'value': 120000, 'prev_value': 100000, 'change': 20000, 'player_num': 1}
2026-04-16 15:08:13,826 : INFO : EventManager : Event: ======'rhythm_note_hit'====== Args={'note_id': 7, 'lane': 'center', 'judgment': 'perfect', 'combo': 1, 'multiplier': 1, 'award': 20000, 'delta_ms': 44, 'total_score': 120000}
2026-04-16 15:08:13,826 : INFO : EventManager : Event: ======'machine_var_audits_switches_s_action_button'====== Args={'value': 214, 'prev_value': 213, 'change': 1}
2026-04-16 15:08:13,975 : INFO : SwitchController : <<<<<<< 's_action_button' inactive >>>>>>>
2026-04-16 15:08:14,109 : INFO : SwitchController : <<<<<<< 's_flipper_right' active >>>>>>>
2026-04-16 15:08:14,109 : INFO : EventManager : Event: ======'rhythm_lane_pressed'====== Args={'lane': 'right'}
2026-04-16 15:08:14,109 : INFO : EventManager : Event: ======'player_rhythm_combo'====== Args={'value': 2, 'prev_value': 1, 'change': 1, 'player_num': 1}
2026-04-16 15:08:14,109 : INFO : EventManager : Event: ======'player_rhythm_hits'====== Args={'value': 7, 'prev_value': 6, 'change': 1, 'player_num': 1}
2026-04-16 15:08:14,110 : INFO : EventManager : Event: ======'player_rhythm_mode_score'====== Args={'value': 140000, 'prev_value': 120000, 'change': 20000, 'player_num': 1}
2026-04-16 15:08:14,110 : INFO : EventManager : Event: ======'player_score'====== Args={'value': 140000, 'prev_value': 120000, 'change': 20000, 'player_num': 1}
2026-04-16 15:08:14,110 : INFO : EventManager : Event: ======'rhythm_note_hit'====== Args={'note_id': 8, 'lane': 'right', 'judgment': 'perfect', 'combo': 2, 'multiplier': 1, 'award': 20000, 'delta_ms': 72, 'total_score': 140000}
2026-04-16 15:08:14,110 : INFO : EventManager : Event: ======'machine_var_audits_switches_s_flipper_right'====== Args={'value': 237, 'prev_value': 236, 'change': 1}
2026-04-16 15:08:14,183 : INFO : EventManager : Event: ======'rhythm_note_spawned'====== Args={'note_id': 12, 'lane': 'center', 'travel_ms': 1600, 'hit_time_ms': 6900}
2026-04-16 15:08:14,275 : INFO : SwitchController : <<<<<<< 's_flipper_right' inactive >>>>>>>
2026-04-16 15:08:14,582 : INFO : EventManager : Event: ======'rhythm_note_spawned'====== Args={'note_id': 13, 'lane': 'right', 'travel_ms': 1600, 'hit_time_ms': 7300}
2026-04-16 15:08:14,608 : INFO : SwitchController : <<<<<<< 's_flipper_left' active >>>>>>>
2026-04-16 15:08:14,608 : INFO : EventManager : Event: ======'rhythm_lane_pressed'====== Args={'lane': 'left'}
2026-04-16 15:08:14,608 : INFO : EventManager : Event: ======'player_rhythm_combo'====== Args={'value': 3, 'prev_value': 2, 'change': 1, 'player_num': 1}
2026-04-16 15:08:14,609 : INFO : EventManager : Event: ======'player_rhythm_hits'====== Args={'value': 8, 'prev_value': 7, 'change': 1, 'player_num': 1}
2026-04-16 15:08:14,609 : INFO : EventManager : Event: ======'player_rhythm_mode_score'====== Args={'value': 160000, 'prev_value': 140000, 'change': 20000, 'player_num': 1}
2026-04-16 15:08:14,609 : INFO : EventManager : Event: ======'player_score'====== Args={'value': 160000, 'prev_value': 140000, 'change': 20000, 'player_num': 1}
2026-04-16 15:08:14,609 : INFO : EventManager : Event: ======'rhythm_note_hit'====== Args={'note_id': 9, 'lane': 'left', 'judgment': 'perfect', 'combo': 3, 'multiplier': 1, 'award': 20000, 'delta_ms': 27, 'total_score': 160000}
2026-04-16 15:08:14,609 : INFO : EventManager : Event: ======'machine_var_audits_switches_s_flipper_left'====== Args={'value': 249, 'prev_value': 248, 'change': 1}
2026-04-16 15:08:14,725 : INFO : SwitchController : <<<<<<< 's_flipper_left' inactive >>>>>>>
2026-04-16 15:08:14,983 : INFO : EventManager : Event: ======'rhythm_note_spawned'====== Args={'note_id': 14, 'lane': 'left', 'travel_ms': 1600, 'hit_time_ms': 7700}
2026-04-16 15:08:14,983 : INFO : EventManager : Event: ======'rhythm_note_spawned'====== Args={'note_id': 15, 'lane': 'center', 'travel_ms': 1600, 'hit_time_ms': 7700}
2026-04-16 15:08:14,992 : INFO : SwitchController : <<<<<<< 's_action_button' active >>>>>>>
2026-04-16 15:08:14,992 : INFO : EventManager : Event: ======'rhythm_lane_pressed'====== Args={'lane': 'center'}
2026-04-16 15:08:14,992 : INFO : EventManager : Event: ======'player_rhythm_combo'====== Args={'value': 4, 'prev_value': 3, 'change': 1, 'player_num': 1}
2026-04-16 15:08:14,993 : INFO : EventManager : Event: ======'player_rhythm_hits'====== Args={'value': 9, 'prev_value': 8, 'change': 1, 'player_num': 1}
2026-04-16 15:08:14,993 : INFO : EventManager : Event: ======'player_rhythm_mode_score'====== Args={'value': 180000, 'prev_value': 160000, 'change': 20000, 'player_num': 1}
2026-04-16 15:08:14,993 : INFO : EventManager : Event: ======'player_score'====== Args={'value': 180000, 'prev_value': 160000, 'change': 20000, 'player_num': 1}
2026-04-16 15:08:14,993 : INFO : EventManager : Event: ======'rhythm_note_hit'====== Args={'note_id': 10, 'lane': 'center', 'judgment': 'perfect', 'combo': 4, 'multiplier': 1, 'award': 20000, 'delta_ms': 11, 'total_score': 180000}
2026-04-16 15:08:14,993 : INFO : EventManager : Event: ======'machine_var_audits_switches_s_action_button'====== Args={'value': 215, 'prev_value': 214, 'change': 1}
2026-04-16 15:08:15,126 : INFO : SwitchController : <<<<<<< 's_action_button' inactive >>>>>>>
2026-04-16 15:08:15,342 : INFO : SwitchController : <<<<<<< 's_flipper_right' active >>>>>>>
2026-04-16 15:08:15,342 : INFO : EventManager : Event: ======'rhythm_lane_pressed'====== Args={'lane': 'right'}
2026-04-16 15:08:15,342 : INFO : EventManager : Event: ======'player_rhythm_combo'====== Args={'value': 5, 'prev_value': 4, 'change': 1, 'player_num': 1}
2026-04-16 15:08:15,342 : INFO : EventManager : Event: ======'player_rhythm_hits'====== Args={'value': 10, 'prev_value': 9, 'change': 1, 'player_num': 1}
2026-04-16 15:08:15,343 : INFO : EventManager : Event: ======'player_rhythm_mode_score'====== Args={'value': 200000, 'prev_value': 180000, 'change': 20000, 'player_num': 1}
2026-04-16 15:08:15,343 : INFO : EventManager : Event: ======'player_score'====== Args={'value': 200000, 'prev_value': 180000, 'change': 20000, 'player_num': 1}
2026-04-16 15:08:15,343 : INFO : EventManager : Event: ======'rhythm_note_hit'====== Args={'note_id': 11, 'lane': 'right', 'judgment': 'perfect', 'combo': 5, 'multiplier': 1, 'award': 20000, 'delta_ms': 39, 'total_score': 200000}
2026-04-16 15:08:15,343 : INFO : EventManager : Event: ======'machine_var_audits_switches_s_flipper_right'====== Args={'value': 238, 'prev_value': 237, 'change': 1}
2026-04-16 15:08:15,475 : INFO : SwitchController : <<<<<<< 's_flipper_right' inactive >>>>>>>
2026-04-16 15:08:15,583 : INFO : EventManager : Event: ======'rhythm_note_spawned'====== Args={'note_id': 16, 'lane': 'left', 'travel_ms': 1600, 'hit_time_ms': 8300}
2026-04-16 15:08:15,792 : INFO : SwitchController : <<<<<<< 's_action_button' active >>>>>>>
2026-04-16 15:08:15,792 : INFO : EventManager : Event: ======'rhythm_lane_pressed'====== Args={'lane': 'center'}
2026-04-16 15:08:15,792 : INFO : EventManager : Event: ======'player_rhythm_combo'====== Args={'value': 6, 'prev_value': 5, 'change': 1, 'player_num': 1}
2026-04-16 15:08:15,792 : INFO : EventManager : Event: ======'player_rhythm_best_combo'====== Args={'value': 6, 'prev_value': 5, 'change': 1, 'player_num': 1}
2026-04-16 15:08:15,793 : INFO : EventManager : Event: ======'player_rhythm_hits'====== Args={'value': 11, 'prev_value': 10, 'change': 1, 'player_num': 1}
2026-04-16 15:08:15,793 : INFO : EventManager : Event: ======'player_rhythm_mode_score'====== Args={'value': 220000, 'prev_value': 200000, 'change': 20000, 'player_num': 1}
2026-04-16 15:08:15,793 : INFO : EventManager : Event: ======'player_score'====== Args={'value': 220000, 'prev_value': 200000, 'change': 20000, 'player_num': 1}
2026-04-16 15:08:15,793 : INFO : EventManager : Event: ======'rhythm_note_hit'====== Args={'note_id': 12, 'lane': 'center', 'judgment': 'perfect', 'combo': 6, 'multiplier': 1, 'award': 20000, 'delta_ms': 11, 'total_score': 220000}
2026-04-16 15:08:15,793 : INFO : EventManager : Event: ======'machine_var_audits_switches_s_action_button'====== Args={'value': 216, 'prev_value': 215, 'change': 1}
2026-04-16 15:08:15,925 : INFO : SwitchController : <<<<<<< 's_action_button' inactive >>>>>>>
2026-04-16 15:08:15,983 : INFO : EventManager : Event: ======'rhythm_note_spawned'====== Args={'note_id': 17, 'lane': 'center', 'travel_ms': 1600, 'hit_time_ms': 8700}
2026-04-16 15:08:16,125 : INFO : SwitchController : <<<<<<< 's_flipper_right' active >>>>>>>
2026-04-16 15:08:16,126 : INFO : EventManager : Event: ======'rhythm_lane_pressed'====== Args={'lane': 'right'}
2026-04-16 15:08:16,126 : INFO : EventManager : Event: ======'player_rhythm_combo'====== Args={'value': 7, 'prev_value': 6, 'change': 1, 'player_num': 1}
2026-04-16 15:08:16,126 : INFO : EventManager : Event: ======'player_rhythm_best_combo'====== Args={'value': 7, 'prev_value': 6, 'change': 1, 'player_num': 1}
2026-04-16 15:08:16,126 : INFO : EventManager : Event: ======'player_rhythm_hits'====== Args={'value': 12, 'prev_value': 11, 'change': 1, 'player_num': 1}
2026-04-16 15:08:16,126 : INFO : EventManager : Event: ======'player_rhythm_mode_score'====== Args={'value': 240000, 'prev_value': 220000, 'change': 20000, 'player_num': 1}
2026-04-16 15:08:16,126 : INFO : EventManager : Event: ======'player_score'====== Args={'value': 240000, 'prev_value': 220000, 'change': 20000, 'player_num': 1}
2026-04-16 15:08:16,127 : INFO : EventManager : Event: ======'rhythm_note_hit'====== Args={'note_id': 13, 'lane': 'right', 'judgment': 'perfect', 'combo': 7, 'multiplier': 1, 'award': 20000, 'delta_ms': 55, 'total_score': 240000}
2026-04-16 15:08:16,127 : INFO : EventManager : Event: ======'machine_var_audits_switches_s_flipper_right'====== Args={'value': 239, 'prev_value': 238, 'change': 1}
2026-04-16 15:08:16,275 : INFO : SwitchController : <<<<<<< 's_flipper_right' inactive >>>>>>>
2026-04-16 15:08:16,383 : INFO : EventManager : Event: ======'rhythm_note_spawned'====== Args={'note_id': 18, 'lane': 'right', 'travel_ms': 1600, 'hit_time_ms': 9100}
2026-04-16 15:08:16,542 : INFO : SwitchController : <<<<<<< 's_flipper_left' active >>>>>>>
2026-04-16 15:08:16,542 : INFO : EventManager : Event: ======'rhythm_lane_pressed'====== Args={'lane': 'left'}
2026-04-16 15:08:16,542 : INFO : EventManager : Event: ======'player_rhythm_combo'====== Args={'value': 8, 'prev_value': 7, 'change': 1, 'player_num': 1}
2026-04-16 15:08:16,542 : INFO : EventManager : Event: ======'player_rhythm_best_combo'====== Args={'value': 8, 'prev_value': 7, 'change': 1, 'player_num': 1}
2026-04-16 15:08:16,543 : INFO : EventManager : Event: ======'player_rhythm_hits'====== Args={'value': 13, 'prev_value': 12, 'change': 1, 'player_num': 1}
2026-04-16 15:08:16,543 : INFO : EventManager : Event: ======'player_rhythm_mode_score'====== Args={'value': 260000, 'prev_value': 240000, 'change': 20000, 'player_num': 1}
2026-04-16 15:08:16,543 : INFO : EventManager : Event: ======'player_score'====== Args={'value': 260000, 'prev_value': 240000, 'change': 20000, 'player_num': 1}
2026-04-16 15:08:16,543 : INFO : EventManager : Event: ======'rhythm_note_hit'====== Args={'note_id': 14, 'lane': 'left', 'judgment': 'perfect', 'combo': 8, 'multiplier': 1, 'award': 20000, 'delta_ms': 39, 'total_score': 260000}
2026-04-16 15:08:16,543 : INFO : EventManager : Event: ======'machine_var_audits_switches_s_flipper_left'====== Args={'value': 250, 'prev_value': 249, 'change': 1}
2026-04-16 15:08:16,558 : INFO : SwitchController : <<<<<<< 's_action_button' active >>>>>>>
2026-04-16 15:08:16,558 : INFO : EventManager : Event: ======'rhythm_lane_pressed'====== Args={'lane': 'center'}
2026-04-16 15:08:16,559 : INFO : EventManager : Event: ======'player_rhythm_combo'====== Args={'value': 9, 'prev_value': 8, 'change': 1, 'player_num': 1}
2026-04-16 15:08:16,559 : INFO : EventManager : Event: ======'player_rhythm_best_combo'====== Args={'value': 9, 'prev_value': 8, 'change': 1, 'player_num': 1}
2026-04-16 15:08:16,559 : INFO : EventManager : Event: ======'player_rhythm_hits'====== Args={'value': 14, 'prev_value': 13, 'change': 1, 'player_num': 1}
2026-04-16 15:08:16,559 : INFO : EventManager : Event: ======'player_rhythm_multiplier'====== Args={'value': 2, 'prev_value': 1, 'change': 1, 'player_num': 1}
2026-04-16 15:08:16,559 : INFO : EventManager : Event: ======'player_rhythm_mode_score'====== Args={'value': 300000, 'prev_value': 260000, 'change': 40000, 'player_num': 1}
2026-04-16 15:08:16,559 : INFO : EventManager : Event: ======'player_score'====== Args={'value': 300000, 'prev_value': 260000, 'change': 40000, 'player_num': 1}
2026-04-16 15:08:16,560 : INFO : EventManager : Event: ======'rhythm_note_hit'====== Args={'note_id': 15, 'lane': 'center', 'judgment': 'perfect', 'combo': 9, 'multiplier': 2, 'award': 40000, 'delta_ms': 22, 'total_score': 300000}
2026-04-16 15:08:16,560 : INFO : EventManager : Event: ======'machine_var_audits_switches_s_action_button'====== Args={'value': 217, 'prev_value': 216, 'change': 1}
2026-04-16 15:08:16,691 : INFO : SwitchController : <<<<<<< 's_flipper_left' inactive >>>>>>>
2026-04-16 15:08:16,708 : INFO : SwitchController : <<<<<<< 's_action_button' inactive >>>>>>>
2026-04-16 15:08:16,783 : INFO : EventManager : Event: ======'rhythm_note_spawned'====== Args={'note_id': 19, 'lane': 'center', 'travel_ms': 1600, 'hit_time_ms': 9500}
2026-04-16 15:08:17,092 : INFO : SwitchController : <<<<<<< 's_flipper_left' active >>>>>>>
2026-04-16 15:08:17,092 : INFO : EventManager : Event: ======'rhythm_lane_pressed'====== Args={'lane': 'left'}
2026-04-16 15:08:17,092 : INFO : EventManager : Event: ======'player_rhythm_combo'====== Args={'value': 10, 'prev_value': 9, 'change': 1, 'player_num': 1}
2026-04-16 15:08:17,092 : INFO : EventManager : Event: ======'player_rhythm_best_combo'====== Args={'value': 10, 'prev_value': 9, 'change': 1, 'player_num': 1}
2026-04-16 15:08:17,093 : INFO : EventManager : Event: ======'player_rhythm_hits'====== Args={'value': 15, 'prev_value': 14, 'change': 1, 'player_num': 1}
2026-04-16 15:08:17,093 : INFO : EventManager : Event: ======'player_rhythm_mode_score'====== Args={'value': 340000, 'prev_value': 300000, 'change': 40000, 'player_num': 1}
2026-04-16 15:08:17,093 : INFO : EventManager : Event: ======'player_score'====== Args={'value': 340000, 'prev_value': 300000, 'change': 40000, 'player_num': 1}
2026-04-16 15:08:17,093 : INFO : EventManager : Event: ======'rhythm_note_hit'====== Args={'note_id': 16, 'lane': 'left', 'judgment': 'perfect', 'combo': 10, 'multiplier': 2, 'award': 40000, 'delta_ms': 89, 'total_score': 340000}
2026-04-16 15:08:17,093 : INFO : EventManager : Event: ======'machine_var_audits_switches_s_flipper_left'====== Args={'value': 251, 'prev_value': 250, 'change': 1}
2026-04-16 15:08:17,183 : INFO : EventManager : Event: ======'rhythm_note_spawned'====== Args={'note_id': 20, 'lane': 'right', 'travel_ms': 1600, 'hit_time_ms': 9900}
2026-04-16 15:08:17,208 : INFO : SwitchController : <<<<<<< 's_flipper_left' inactive >>>>>>>
2026-04-16 15:08:17,575 : INFO : SwitchController : <<<<<<< 's_action_button' active >>>>>>>
2026-04-16 15:08:17,575 : INFO : EventManager : Event: ======'rhythm_lane_pressed'====== Args={'lane': 'center'}
2026-04-16 15:08:17,575 : INFO : EventManager : Event: ======'player_rhythm_combo'====== Args={'value': 11, 'prev_value': 10, 'change': 1, 'player_num': 1}
2026-04-16 15:08:17,576 : INFO : EventManager : Event: ======'player_rhythm_best_combo'====== Args={'value': 11, 'prev_value': 10, 'change': 1, 'player_num': 1}
2026-04-16 15:08:17,576 : INFO : EventManager : Event: ======'player_rhythm_hits'====== Args={'value': 16, 'prev_value': 15, 'change': 1, 'player_num': 1}
2026-04-16 15:08:17,576 : INFO : EventManager : Event: ======'player_rhythm_mode_score'====== Args={'value': 380000, 'prev_value': 340000, 'change': 40000, 'player_num': 1}
2026-04-16 15:08:17,576 : INFO : EventManager : Event: ======'player_score'====== Args={'value': 380000, 'prev_value': 340000, 'change': 40000, 'player_num': 1}
2026-04-16 15:08:17,576 : INFO : EventManager : Event: ======'rhythm_note_hit'====== Args={'note_id': 17, 'lane': 'center', 'judgment': 'perfect', 'combo': 11, 'multiplier': 2, 'award': 40000, 'delta_ms': 6, 'total_score': 380000}
2026-04-16 15:08:17,576 : INFO : EventManager : Event: ======'machine_var_audits_switches_s_action_button'====== Args={'value': 218, 'prev_value': 217, 'change': 1}
2026-04-16 15:08:17,583 : INFO : EventManager : Event: ======'rhythm_note_spawned'====== Args={'note_id': 21, 'lane': 'left', 'travel_ms': 1600, 'hit_time_ms': 10300}
2026-04-16 15:08:17,592 : INFO : EventManager : Event: ======'balldevice_bd_trough_ball_eject_failed'====== Args={'target': <ball_device.bd_plunger>, 'balls': 1, 'retry': True, 'num_attempts': 1}
2026-04-16 15:08:17,593 : INFO : ball_device.bd_trough : State: waiting_for_target_ready
2026-04-16 15:08:17,593 : INFO : EventManager : Event: ======'balldevice_bd_trough_ball_eject_attempt'====== Args={'balls': 1, 'target': <ball_device.bd_plunger>, 'source': <ball_device.bd_trough>, 'mechanical_eject': False, 'num_attempts': 1}
2026-04-16 15:08:17,593 : INFO : ball_device.bd_trough : State: ejecting
2026-04-16 15:08:17,593 : INFO : ball_device.bd_trough : Ejecting ball to <ball_device.bd_plunger>
2026-04-16 15:08:17,593 : INFO : EventManager : Event: ======'balldevice_bd_trough_ejecting_ball'====== Args={'balls': 1, 'target': <ball_device.bd_plunger>, 'source': <ball_device.bd_trough>, 'mechanical_eject': False, 'num_attempts': 1}
2026-04-16 15:08:17,594 : INFO : ball_device.bd_trough : Wait for ball to leave device
2026-04-16 15:08:17,594 : INFO : coil.c_trough_eject : Pulsing Driver for 10ms (1.0 pulse_power)
2026-04-16 15:08:17,708 : INFO : SwitchController : <<<<<<< 's_action_button' inactive >>>>>>>
2026-04-16 15:08:17,975 : INFO : SwitchController : <<<<<<< 's_flipper_right' active >>>>>>>
2026-04-16 15:08:17,975 : INFO : EventManager : Event: ======'rhythm_lane_pressed'====== Args={'lane': 'right'}
2026-04-16 15:08:17,976 : INFO : EventManager : Event: ======'player_rhythm_combo'====== Args={'value': 12, 'prev_value': 11, 'change': 1, 'player_num': 1}
2026-04-16 15:08:17,976 : INFO : EventManager : Event: ======'player_rhythm_best_combo'====== Args={'value': 12, 'prev_value': 11, 'change': 1, 'player_num': 1}
2026-04-16 15:08:17,976 : INFO : EventManager : Event: ======'player_rhythm_hits'====== Args={'value': 17, 'prev_value': 16, 'change': 1, 'player_num': 1}
2026-04-16 15:08:17,977 : INFO : EventManager : Event: ======'player_rhythm_mode_score'====== Args={'value': 420000, 'prev_value': 380000, 'change': 40000, 'player_num': 1}
2026-04-16 15:08:17,977 : INFO : EventManager : Event: ======'player_score'====== Args={'value': 420000, 'prev_value': 380000, 'change': 40000, 'player_num': 1}
2026-04-16 15:08:17,977 : INFO : EventManager : Event: ======'rhythm_note_hit'====== Args={'note_id': 18, 'lane': 'right', 'judgment': 'perfect', 'combo': 12, 'multiplier': 2, 'award': 40000, 'delta_ms': 5, 'total_score': 420000}
2026-04-16 15:08:17,977 : INFO : EventManager : Event: ======'machine_var_audits_switches_s_flipper_right'====== Args={'value': 240, 'prev_value': 239, 'change': 1}
2026-04-16 15:08:17,982 : INFO : EventManager : Event: ======'rhythm_note_spawned'====== Args={'note_id': 22, 'lane': 'center', 'travel_ms': 1600, 'hit_time_ms': 10700}
2026-04-16 15:08:17,983 : INFO : EventManager : Event: ======'rhythm_note_spawned'====== Args={'note_id': 23, 'lane': 'right', 'travel_ms': 1600, 'hit_time_ms': 10700}
2026-04-16 15:08:18,109 : INFO : SwitchController : <<<<<<< 's_flipper_right' inactive >>>>>>>
2026-04-16 15:08:18,292 : INFO : SwitchController : <<<<<<< 's_action_button' active >>>>>>>
2026-04-16 15:08:18,292 : INFO : EventManager : Event: ======'rhythm_lane_pressed'====== Args={'lane': 'center'}
2026-04-16 15:08:18,292 : INFO : EventManager : Event: ======'player_rhythm_combo'====== Args={'value': 13, 'prev_value': 12, 'change': 1, 'player_num': 1}
2026-04-16 15:08:18,293 : INFO : EventManager : Event: ======'player_rhythm_best_combo'====== Args={'value': 13, 'prev_value': 12, 'change': 1, 'player_num': 1}
2026-04-16 15:08:18,293 : INFO : EventManager : Event: ======'player_rhythm_hits'====== Args={'value': 18, 'prev_value': 17, 'change': 1, 'player_num': 1}
2026-04-16 15:08:18,293 : INFO : EventManager : Event: ======'player_rhythm_mode_score'====== Args={'value': 460000, 'prev_value': 420000, 'change': 40000, 'player_num': 1}
2026-04-16 15:08:18,293 : INFO : EventManager : Event: ======'player_score'====== Args={'value': 460000, 'prev_value': 420000, 'change': 40000, 'player_num': 1}
2026-04-16 15:08:18,293 : INFO : EventManager : Event: ======'rhythm_note_hit'====== Args={'note_id': 19, 'lane': 'center', 'judgment': 'perfect', 'combo': 13, 'multiplier': 2, 'award': 40000, 'delta_ms': 89, 'total_score': 460000}
2026-04-16 15:08:18,293 : INFO : EventManager : Event: ======'machine_var_audits_switches_s_action_button'====== Args={'value': 219, 'prev_value': 218, 'change': 1}
2026-04-16 15:08:18,425 : INFO : SwitchController : <<<<<<< 's_action_button' inactive >>>>>>>
2026-04-16 15:08:18,583 : INFO : EventManager : Event: ======'rhythm_note_spawned'====== Args={'note_id': 24, 'lane': 'left', 'travel_ms': 1600, 'hit_time_ms': 11300}
2026-04-16 15:08:18,758 : INFO : SwitchController : <<<<<<< 's_flipper_right' active >>>>>>>
2026-04-16 15:08:18,759 : INFO : EventManager : Event: ======'rhythm_lane_pressed'====== Args={'lane': 'right'}
2026-04-16 15:08:18,759 : INFO : EventManager : Event: ======'player_rhythm_combo'====== Args={'value': 14, 'prev_value': 13, 'change': 1, 'player_num': 1}
2026-04-16 15:08:18,759 : INFO : EventManager : Event: ======'player_rhythm_best_combo'====== Args={'value': 14, 'prev_value': 13, 'change': 1, 'player_num': 1}
2026-04-16 15:08:18,759 : INFO : EventManager : Event: ======'player_rhythm_hits'====== Args={'value': 19, 'prev_value': 18, 'change': 1, 'player_num': 1}
2026-04-16 15:08:18,760 : INFO : EventManager : Event: ======'player_rhythm_mode_score'====== Args={'value': 500000, 'prev_value': 460000, 'change': 40000, 'player_num': 1}
2026-04-16 15:08:18,760 : INFO : EventManager : Event: ======'player_score'====== Args={'value': 500000, 'prev_value': 460000, 'change': 40000, 'player_num': 1}
2026-04-16 15:08:18,760 : INFO : EventManager : Event: ======'rhythm_note_hit'====== Args={'note_id': 20, 'lane': 'right', 'judgment': 'perfect', 'combo': 14, 'multiplier': 2, 'award': 40000, 'delta_ms': 22, 'total_score': 500000}
2026-04-16 15:08:18,760 : INFO : EventManager : Event: ======'machine_var_audits_switches_s_flipper_right'====== Args={'value': 241, 'prev_value': 240, 'change': 1}
2026-04-16 15:08:18,875 : INFO : SwitchController : <<<<<<< 's_flipper_right' inactive >>>>>>>
2026-04-16 15:08:18,983 : INFO : EventManager : Event: ======'rhythm_note_spawned'====== Args={'note_id': 25, 'lane': 'center', 'travel_ms': 1600, 'hit_time_ms': 11700}
2026-04-16 15:08:19,192 : INFO : SwitchController : <<<<<<< 's_flipper_left' active >>>>>>>
2026-04-16 15:08:19,192 : INFO : EventManager : Event: ======'rhythm_lane_pressed'====== Args={'lane': 'left'}
2026-04-16 15:08:19,193 : INFO : EventManager : Event: ======'player_rhythm_combo'====== Args={'value': 15, 'prev_value': 14, 'change': 1, 'player_num': 1}
2026-04-16 15:08:19,193 : INFO : EventManager : Event: ======'player_rhythm_best_combo'====== Args={'value': 15, 'prev_value': 14, 'change': 1, 'player_num': 1}
2026-04-16 15:08:19,193 : INFO : EventManager : Event: ======'player_rhythm_hits'====== Args={'value': 20, 'prev_value': 19, 'change': 1, 'player_num': 1}
2026-04-16 15:08:19,193 : INFO : EventManager : Event: ======'player_rhythm_mode_score'====== Args={'value': 540000, 'prev_value': 500000, 'change': 40000, 'player_num': 1}
2026-04-16 15:08:19,193 : INFO : EventManager : Event: ======'player_score'====== Args={'value': 540000, 'prev_value': 500000, 'change': 40000, 'player_num': 1}
2026-04-16 15:08:19,193 : INFO : EventManager : Event: ======'rhythm_note_hit'====== Args={'note_id': 21, 'lane': 'left', 'judgment': 'perfect', 'combo': 15, 'multiplier': 2, 'award': 40000, 'delta_ms': 12, 'total_score': 540000}
2026-04-16 15:08:19,194 : INFO : EventManager : Event: ======'machine_var_audits_switches_s_flipper_left'====== Args={'value': 252, 'prev_value': 251, 'change': 1}
2026-04-16 15:08:19,292 : INFO : SwitchController : <<<<<<< 's_flipper_left' inactive >>>>>>>
2026-04-16 15:08:19,382 : INFO : EventManager : Event: ======'rhythm_note_spawned'====== Args={'note_id': 26, 'lane': 'left', 'travel_ms': 1600, 'hit_time_ms': 12100}
2026-04-16 15:08:19,592 : INFO : SwitchController : <<<<<<< 's_flipper_right' active >>>>>>>
2026-04-16 15:08:19,592 : INFO : EventManager : Event: ======'rhythm_lane_pressed'====== Args={'lane': 'right'}
2026-04-16 15:08:19,592 : INFO : EventManager : Event: ======'player_rhythm_combo'====== Args={'value': 16, 'prev_value': 15, 'change': 1, 'player_num': 1}
2026-04-16 15:08:19,593 : INFO : EventManager : Event: ======'player_rhythm_best_combo'====== Args={'value': 16, 'prev_value': 15, 'change': 1, 'player_num': 1}
2026-04-16 15:08:19,593 : INFO : EventManager : Event: ======'player_rhythm_hits'====== Args={'value': 21, 'prev_value': 20, 'change': 1, 'player_num': 1}
2026-04-16 15:08:19,593 : INFO : EventManager : Event: ======'player_rhythm_mode_score'====== Args={'value': 580000, 'prev_value': 540000, 'change': 40000, 'player_num': 1}
2026-04-16 15:08:19,593 : INFO : EventManager : Event: ======'player_score'====== Args={'value': 580000, 'prev_value': 540000, 'change': 40000, 'player_num': 1}
2026-04-16 15:08:19,593 : INFO : EventManager : Event: ======'rhythm_note_hit'====== Args={'note_id': 23, 'lane': 'right', 'judgment': 'perfect', 'combo': 16, 'multiplier': 2, 'award': 40000, 'delta_ms': 11, 'total_score': 580000}
2026-04-16 15:08:19,594 : INFO : EventManager : Event: ======'machine_var_audits_switches_s_flipper_right'====== Args={'value': 242, 'prev_value': 241, 'change': 1}
2026-04-16 15:08:19,594 : INFO : SwitchController : <<<<<<< 's_action_button' active >>>>>>>
2026-04-16 15:08:19,594 : INFO : EventManager : Event: ======'rhythm_lane_pressed'====== Args={'lane': 'center'}
2026-04-16 15:08:19,594 : INFO : EventManager : Event: ======'player_rhythm_combo'====== Args={'value': 17, 'prev_value': 16, 'change': 1, 'player_num': 1}
2026-04-16 15:08:19,594 : INFO : EventManager : Event: ======'player_rhythm_best_combo'====== Args={'value': 17, 'prev_value': 16, 'change': 1, 'player_num': 1}
2026-04-16 15:08:19,595 : INFO : EventManager : Event: ======'player_rhythm_hits'====== Args={'value': 22, 'prev_value': 21, 'change': 1, 'player_num': 1}
2026-04-16 15:08:19,595 : INFO : EventManager : Event: ======'player_rhythm_multiplier'====== Args={'value': 3, 'prev_value': 2, 'change': 1, 'player_num': 1}
2026-04-16 15:08:19,595 : INFO : EventManager : Event: ======'player_rhythm_mode_score'====== Args={'value': 640000, 'prev_value': 580000, 'change': 60000, 'player_num': 1}
2026-04-16 15:08:19,595 : INFO : EventManager : Event: ======'player_score'====== Args={'value': 640000, 'prev_value': 580000, 'change': 60000, 'player_num': 1}
2026-04-16 15:08:19,595 : INFO : EventManager : Event: ======'rhythm_note_hit'====== Args={'note_id': 22, 'lane': 'center', 'judgment': 'perfect', 'combo': 17, 'multiplier': 3, 'award': 60000, 'delta_ms': 13, 'total_score': 640000}
2026-04-16 15:08:19,595 : INFO : EventManager : Event: ======'machine_var_audits_switches_s_action_button'====== Args={'value': 220, 'prev_value': 219, 'change': 1}
2026-04-16 15:08:19,709 : INFO : SwitchController : <<<<<<< 's_action_button' inactive >>>>>>>
2026-04-16 15:08:19,725 : INFO : SwitchController : <<<<<<< 's_flipper_right' inactive >>>>>>>
2026-04-16 15:08:19,783 : INFO : EventManager : Event: ======'rhythm_note_spawned'====== Args={'note_id': 27, 'lane': 'right', 'travel_ms': 1600, 'hit_time_ms': 12500}
2026-04-16 15:08:20,075 : INFO : SwitchController : <<<<<<< 's_flipper_left' active >>>>>>>
2026-04-16 15:08:20,076 : INFO : EventManager : Event: ======'rhythm_lane_pressed'====== Args={'lane': 'left'}
2026-04-16 15:08:20,076 : INFO : EventManager : Event: ======'player_rhythm_combo'====== Args={'value': 18, 'prev_value': 17, 'change': 1, 'player_num': 1}
2026-04-16 15:08:20,076 : INFO : EventManager : Event: ======'player_rhythm_best_combo'====== Args={'value': 18, 'prev_value': 17, 'change': 1, 'player_num': 1}
2026-04-16 15:08:20,076 : INFO : EventManager : Event: ======'player_rhythm_hits'====== Args={'value': 23, 'prev_value': 22, 'change': 1, 'player_num': 1}
2026-04-16 15:08:20,076 : INFO : EventManager : Event: ======'player_rhythm_mode_score'====== Args={'value': 670000, 'prev_value': 640000, 'change': 30000, 'player_num': 1}
2026-04-16 15:08:20,077 : INFO : EventManager : Event: ======'player_score'====== Args={'value': 670000, 'prev_value': 640000, 'change': 30000, 'player_num': 1}
2026-04-16 15:08:20,077 : INFO : EventManager : Event: ======'rhythm_note_hit'====== Args={'note_id': 24, 'lane': 'left', 'judgment': 'good', 'combo': 18, 'multiplier': 3, 'award': 30000, 'delta_ms': 105, 'total_score': 670000}
2026-04-16 15:08:20,077 : INFO : EventManager : Event: ======'machine_var_audits_switches_s_flipper_left'====== Args={'value': 253, 'prev_value': 252, 'change': 1}
2026-04-16 15:08:20,183 : INFO : EventManager : Event: ======'rhythm_note_spawned'====== Args={'note_id': 28, 'lane': 'center', 'travel_ms': 1600, 'hit_time_ms': 12900}
2026-04-16 15:08:20,192 : INFO : SwitchController : <<<<<<< 's_flipper_left' inactive >>>>>>>
2026-04-16 15:08:20,508 : INFO : SwitchController : <<<<<<< 's_action_button' active >>>>>>>
2026-04-16 15:08:20,509 : INFO : EventManager : Event: ======'rhythm_lane_pressed'====== Args={'lane': 'center'}
2026-04-16 15:08:20,509 : INFO : EventManager : Event: ======'player_rhythm_combo'====== Args={'value': 19, 'prev_value': 18, 'change': 1, 'player_num': 1}
2026-04-16 15:08:20,510 : INFO : EventManager : Event: ======'player_rhythm_best_combo'====== Args={'value': 19, 'prev_value': 18, 'change': 1, 'player_num': 1}
2026-04-16 15:08:20,510 : INFO : EventManager : Event: ======'player_rhythm_hits'====== Args={'value': 24, 'prev_value': 23, 'change': 1, 'player_num': 1}
2026-04-16 15:08:20,510 : INFO : EventManager : Event: ======'player_rhythm_mode_score'====== Args={'value': 730000, 'prev_value': 670000, 'change': 60000, 'player_num': 1}
2026-04-16 15:08:20,510 : INFO : EventManager : Event: ======'player_score'====== Args={'value': 730000, 'prev_value': 670000, 'change': 60000, 'player_num': 1}
2026-04-16 15:08:20,510 : INFO : EventManager : Event: ======'rhythm_note_hit'====== Args={'note_id': 25, 'lane': 'center', 'judgment': 'perfect', 'combo': 19, 'multiplier': 3, 'award': 60000, 'delta_ms': 72, 'total_score': 730000}
2026-04-16 15:08:20,510 : INFO : EventManager : Event: ======'machine_var_audits_switches_s_action_button'====== Args={'value': 221, 'prev_value': 220, 'change': 1}
2026-04-16 15:08:20,583 : INFO : EventManager : Event: ======'rhythm_note_spawned'====== Args={'note_id': 29, 'lane': 'right', 'travel_ms': 1600, 'hit_time_ms': 13300}
2026-04-16 15:08:20,625 : INFO : SwitchController : <<<<<<< 's_action_button' inactive >>>>>>>
2026-04-16 15:08:20,958 : INFO : SwitchController : <<<<<<< 's_flipper_left' active >>>>>>>
2026-04-16 15:08:20,959 : INFO : EventManager : Event: ======'rhythm_lane_pressed'====== Args={'lane': 'left'}
2026-04-16 15:08:20,959 : INFO : EventManager : Event: ======'player_rhythm_combo'====== Args={'value': 20, 'prev_value': 19, 'change': 1, 'player_num': 1}
2026-04-16 15:08:20,960 : INFO : EventManager : Event: ======'player_rhythm_best_combo'====== Args={'value': 20, 'prev_value': 19, 'change': 1, 'player_num': 1}
2026-04-16 15:08:20,960 : INFO : EventManager : Event: ======'player_rhythm_hits'====== Args={'value': 25, 'prev_value': 24, 'change': 1, 'player_num': 1}
2026-04-16 15:08:20,960 : INFO : EventManager : Event: ======'player_rhythm_mode_score'====== Args={'value': 790000, 'prev_value': 730000, 'change': 60000, 'player_num': 1}
2026-04-16 15:08:20,960 : INFO : EventManager : Event: ======'player_score'====== Args={'value': 790000, 'prev_value': 730000, 'change': 60000, 'player_num': 1}
2026-04-16 15:08:20,960 : INFO : EventManager : Event: ======'rhythm_note_hit'====== Args={'note_id': 26, 'lane': 'left', 'judgment': 'perfect', 'combo': 20, 'multiplier': 3, 'award': 60000, 'delta_ms': 22, 'total_score': 790000}
2026-04-16 15:08:20,960 : INFO : EventManager : Event: ======'machine_var_audits_switches_s_flipper_left'====== Args={'value': 254, 'prev_value': 253, 'change': 1}
2026-04-16 15:08:20,983 : INFO : EventManager : Event: ======'rhythm_note_spawned'====== Args={'note_id': 30, 'lane': 'left', 'travel_ms': 1600, 'hit_time_ms': 13700}
2026-04-16 15:08:20,983 : INFO : EventManager : Event: ======'rhythm_note_spawned'====== Args={'note_id': 31, 'lane': 'center', 'travel_ms': 1600, 'hit_time_ms': 13700}
2026-04-16 15:08:21,075 : INFO : SwitchController : <<<<<<< 's_flipper_left' inactive >>>>>>>
2026-04-16 15:08:21,275 : INFO : SwitchController : <<<<<<< 's_flipper_right' active >>>>>>>
2026-04-16 15:08:21,275 : INFO : EventManager : Event: ======'rhythm_lane_pressed'====== Args={'lane': 'right'}
2026-04-16 15:08:21,275 : INFO : EventManager : Event: ======'player_rhythm_combo'====== Args={'value': 21, 'prev_value': 20, 'change': 1, 'player_num': 1}
2026-04-16 15:08:21,276 : INFO : EventManager : Event: ======'player_rhythm_best_combo'====== Args={'value': 21, 'prev_value': 20, 'change': 1, 'player_num': 1}
2026-04-16 15:08:21,276 : INFO : EventManager : Event: ======'player_rhythm_hits'====== Args={'value': 26, 'prev_value': 25, 'change': 1, 'player_num': 1}
2026-04-16 15:08:21,276 : INFO : EventManager : Event: ======'player_rhythm_mode_score'====== Args={'value': 820000, 'prev_value': 790000, 'change': 30000, 'player_num': 1}
2026-04-16 15:08:21,276 : INFO : EventManager : Event: ======'player_score'====== Args={'value': 820000, 'prev_value': 790000, 'change': 30000, 'player_num': 1}
2026-04-16 15:08:21,276 : INFO : EventManager : Event: ======'rhythm_note_hit'====== Args={'note_id': 27, 'lane': 'right', 'judgment': 'good', 'combo': 21, 'multiplier': 3, 'award': 30000, 'delta_ms': 106, 'total_score': 820000}
2026-04-16 15:08:21,277 : INFO : EventManager : Event: ======'machine_var_audits_switches_s_flipper_right'====== Args={'value': 243, 'prev_value': 242, 'change': 1}
2026-04-16 15:08:21,409 : INFO : SwitchController : <<<<<<< 's_flipper_right' inactive >>>>>>>
2026-04-16 15:08:21,583 : INFO : EventManager : Event: ======'rhythm_note_spawned'====== Args={'note_id': 32, 'lane': 'center', 'travel_ms': 1600, 'hit_time_ms': 14300}
2026-04-16 15:08:21,742 : INFO : SwitchController : <<<<<<< 's_action_button' active >>>>>>>
2026-04-16 15:08:21,742 : INFO : EventManager : Event: ======'rhythm_lane_pressed'====== Args={'lane': 'center'}
2026-04-16 15:08:21,742 : INFO : EventManager : Event: ======'player_rhythm_combo'====== Args={'value': 22, 'prev_value': 21, 'change': 1, 'player_num': 1}
2026-04-16 15:08:21,743 : INFO : EventManager : Event: ======'player_rhythm_best_combo'====== Args={'value': 22, 'prev_value': 21, 'change': 1, 'player_num': 1}
2026-04-16 15:08:21,743 : INFO : EventManager : Event: ======'player_rhythm_hits'====== Args={'value': 27, 'prev_value': 26, 'change': 1, 'player_num': 1}
2026-04-16 15:08:21,743 : INFO : EventManager : Event: ======'player_rhythm_mode_score'====== Args={'value': 880000, 'prev_value': 820000, 'change': 60000, 'player_num': 1}
2026-04-16 15:08:21,743 : INFO : EventManager : Event: ======'player_score'====== Args={'value': 880000, 'prev_value': 820000, 'change': 60000, 'player_num': 1}
2026-04-16 15:08:21,743 : INFO : EventManager : Event: ======'rhythm_note_hit'====== Args={'note_id': 28, 'lane': 'center', 'judgment': 'perfect', 'combo': 22, 'multiplier': 3, 'award': 60000, 'delta_ms': 39, 'total_score': 880000}
2026-04-16 15:08:21,744 : INFO : EventManager : Event: ======'machine_var_audits_switches_s_action_button'====== Args={'value': 222, 'prev_value': 221, 'change': 1}
2026-04-16 15:08:21,876 : INFO : SwitchController : <<<<<<< 's_action_button' inactive >>>>>>>
2026-04-16 15:08:21,983 : INFO : EventManager : Event: ======'rhythm_note_spawned'====== Args={'note_id': 33, 'lane': 'right', 'travel_ms': 1600, 'hit_time_ms': 14700}
2026-04-16 15:08:22,025 : INFO : SwitchController : <<<<<<< 's_flipper_right' active >>>>>>>
2026-04-16 15:08:22,026 : INFO : EventManager : Event: ======'rhythm_lane_pressed'====== Args={'lane': 'right'}
2026-04-16 15:08:22,026 : INFO : EventManager : Event: ======'player_rhythm_combo'====== Args={'value': 23, 'prev_value': 22, 'change': 1, 'player_num': 1}
2026-04-16 15:08:22,026 : INFO : EventManager : Event: ======'player_rhythm_best_combo'====== Args={'value': 23, 'prev_value': 22, 'change': 1, 'player_num': 1}
2026-04-16 15:08:22,026 : INFO : EventManager : Event: ======'player_rhythm_hits'====== Args={'value': 28, 'prev_value': 27, 'change': 1, 'player_num': 1}
2026-04-16 15:08:22,026 : INFO : EventManager : Event: ======'player_rhythm_mode_score'====== Args={'value': 910000, 'prev_value': 880000, 'change': 30000, 'player_num': 1}
2026-04-16 15:08:22,027 : INFO : EventManager : Event: ======'player_score'====== Args={'value': 910000, 'prev_value': 880000, 'change': 30000, 'player_num': 1}
2026-04-16 15:08:22,027 : INFO : EventManager : Event: ======'rhythm_note_hit'====== Args={'note_id': 29, 'lane': 'right', 'judgment': 'good', 'combo': 23, 'multiplier': 3, 'award': 30000, 'delta_ms': 155, 'total_score': 910000}
2026-04-16 15:08:22,027 : INFO : EventManager : Event: ======'machine_var_audits_switches_s_flipper_right'====== Args={'value': 244, 'prev_value': 243, 'change': 1}
2026-04-16 15:08:22,192 : INFO : SwitchController : <<<<<<< 's_flipper_right' inactive >>>>>>>
2026-04-16 15:08:22,383 : INFO : EventManager : Event: ======'rhythm_note_spawned'====== Args={'note_id': 34, 'lane': 'left', 'travel_ms': 1600, 'hit_time_ms': 15100}
2026-04-16 15:08:22,525 : INFO : SwitchController : <<<<<<< 's_action_button' active >>>>>>>
2026-04-16 15:08:22,525 : INFO : EventManager : Event: ======'rhythm_lane_pressed'====== Args={'lane': 'center'}
2026-04-16 15:08:22,526 : INFO : EventManager : Event: ======'player_rhythm_combo'====== Args={'value': 24, 'prev_value': 23, 'change': 1, 'player_num': 1}
2026-04-16 15:08:22,526 : INFO : EventManager : Event: ======'player_rhythm_best_combo'====== Args={'value': 24, 'prev_value': 23, 'change': 1, 'player_num': 1}
2026-04-16 15:08:22,526 : INFO : EventManager : Event: ======'player_rhythm_hits'====== Args={'value': 29, 'prev_value': 28, 'change': 1, 'player_num': 1}
2026-04-16 15:08:22,526 : INFO : EventManager : Event: ======'player_rhythm_mode_score'====== Args={'value': 970000, 'prev_value': 910000, 'change': 60000, 'player_num': 1}
2026-04-16 15:08:22,526 : INFO : EventManager : Event: ======'player_score'====== Args={'value': 970000, 'prev_value': 910000, 'change': 60000, 'player_num': 1}
2026-04-16 15:08:22,527 : INFO : EventManager : Event: ======'rhythm_note_hit'====== Args={'note_id': 31, 'lane': 'center', 'judgment': 'perfect', 'combo': 24, 'multiplier': 3, 'award': 60000, 'delta_ms': 55, 'total_score': 970000}
2026-04-16 15:08:22,527 : INFO : EventManager : Event: ======'machine_var_audits_switches_s_action_button'====== Args={'value': 223, 'prev_value': 222, 'change': 1}
2026-04-16 15:08:22,542 : INFO : SwitchController : <<<<<<< 's_flipper_left' active >>>>>>>
2026-04-16 15:08:22,542 : INFO : EventManager : Event: ======'rhythm_lane_pressed'====== Args={'lane': 'left'}
2026-04-16 15:08:22,542 : INFO : EventManager : Event: ======'player_rhythm_combo'====== Args={'value': 25, 'prev_value': 24, 'change': 1, 'player_num': 1}
2026-04-16 15:08:22,543 : INFO : EventManager : Event: ======'player_rhythm_best_combo'====== Args={'value': 25, 'prev_value': 24, 'change': 1, 'player_num': 1}
2026-04-16 15:08:22,543 : INFO : EventManager : Event: ======'player_rhythm_hits'====== Args={'value': 30, 'prev_value': 29, 'change': 1, 'player_num': 1}
2026-04-16 15:08:22,543 : INFO : EventManager : Event: ======'player_rhythm_multiplier'====== Args={'value': 4, 'prev_value': 3, 'change': 1, 'player_num': 1}
2026-04-16 15:08:22,543 : INFO : EventManager : Event: ======'player_rhythm_mode_score'====== Args={'value': 1050000, 'prev_value': 970000, 'change': 80000, 'player_num': 1}
2026-04-16 15:08:22,543 : INFO : EventManager : Event: ======'player_score'====== Args={'value': 1050000, 'prev_value': 970000, 'change': 80000, 'player_num': 1}
2026-04-16 15:08:22,543 : INFO : EventManager : Event: ======'rhythm_note_hit'====== Args={'note_id': 30, 'lane': 'left', 'judgment': 'perfect', 'combo': 25, 'multiplier': 4, 'award': 80000, 'delta_ms': 39, 'total_score': 1050000}
2026-04-16 15:08:22,543 : INFO : EventManager : Event: ======'machine_var_audits_switches_s_flipper_left'====== Args={'value': 255, 'prev_value': 254, 'change': 1}
2026-04-16 15:08:22,658 : INFO : SwitchController : <<<<<<< 's_flipper_left' inactive >>>>>>>
2026-04-16 15:08:22,675 : INFO : SwitchController : <<<<<<< 's_action_button' inactive >>>>>>>
2026-04-16 15:08:22,783 : INFO : EventManager : Event: ======'rhythm_note_spawned'====== Args={'note_id': 35, 'lane': 'center', 'travel_ms': 1600, 'hit_time_ms': 15500}
2026-04-16 15:08:23,158 : INFO : SwitchController : <<<<<<< 's_action_button' active >>>>>>>
2026-04-16 15:08:23,159 : INFO : EventManager : Event: ======'rhythm_lane_pressed'====== Args={'lane': 'center'}
2026-04-16 15:08:23,159 : INFO : EventManager : Event: ======'player_rhythm_combo'====== Args={'value': 26, 'prev_value': 25, 'change': 1, 'player_num': 1}
2026-04-16 15:08:23,159 : INFO : EventManager : Event: ======'player_rhythm_best_combo'====== Args={'value': 26, 'prev_value': 25, 'change': 1, 'player_num': 1}
2026-04-16 15:08:23,159 : INFO : EventManager : Event: ======'player_rhythm_hits'====== Args={'value': 31, 'prev_value': 30, 'change': 1, 'player_num': 1}
2026-04-16 15:08:23,159 : INFO : EventManager : Event: ======'player_rhythm_mode_score'====== Args={'value': 1130000, 'prev_value': 1050000, 'change': 80000, 'player_num': 1}
2026-04-16 15:08:23,160 : INFO : EventManager : Event: ======'player_score'====== Args={'value': 1130000, 'prev_value': 1050000, 'change': 80000, 'player_num': 1}
2026-04-16 15:08:23,160 : INFO : EventManager : Event: ======'rhythm_note_hit'====== Args={'note_id': 32, 'lane': 'center', 'judgment': 'perfect', 'combo': 26, 'multiplier': 4, 'award': 80000, 'delta_ms': 22, 'total_score': 1130000}
2026-04-16 15:08:23,160 : INFO : EventManager : Event: ======'machine_var_audits_switches_s_action_button'====== Args={'value': 224, 'prev_value': 223, 'change': 1}
2026-04-16 15:08:23,308 : INFO : SwitchController : <<<<<<< 's_action_button' inactive >>>>>>>
2026-04-16 15:08:23,383 : INFO : EventManager : Event: ======'rhythm_note_spawned'====== Args={'note_id': 36, 'lane': 'left', 'travel_ms': 1600, 'hit_time_ms': 16100}
2026-04-16 15:08:23,383 : INFO : EventManager : Event: ======'rhythm_note_spawned'====== Args={'note_id': 37, 'lane': 'right', 'travel_ms': 1600, 'hit_time_ms': 16100}
2026-04-16 15:08:23,575 : INFO : SwitchController : <<<<<<< 's_flipper_right' active >>>>>>>
2026-04-16 15:08:23,576 : INFO : EventManager : Event: ======'rhythm_lane_pressed'====== Args={'lane': 'right'}
2026-04-16 15:08:23,576 : INFO : EventManager : Event: ======'player_rhythm_combo'====== Args={'value': 27, 'prev_value': 26, 'change': 1, 'player_num': 1}
2026-04-16 15:08:23,576 : INFO : EventManager : Event: ======'player_rhythm_best_combo'====== Args={'value': 27, 'prev_value': 26, 'change': 1, 'player_num': 1}
2026-04-16 15:08:23,576 : INFO : EventManager : Event: ======'player_rhythm_hits'====== Args={'value': 32, 'prev_value': 31, 'change': 1, 'player_num': 1}
2026-04-16 15:08:23,576 : INFO : EventManager : Event: ======'player_rhythm_mode_score'====== Args={'value': 1210000, 'prev_value': 1130000, 'change': 80000, 'player_num': 1}
2026-04-16 15:08:23,576 : INFO : EventManager : Event: ======'player_score'====== Args={'value': 1210000, 'prev_value': 1130000, 'change': 80000, 'player_num': 1}
2026-04-16 15:08:23,576 : INFO : EventManager : Event: ======'rhythm_note_hit'====== Args={'note_id': 33, 'lane': 'right', 'judgment': 'perfect', 'combo': 27, 'multiplier': 4, 'award': 80000, 'delta_ms': 5, 'total_score': 1210000}
2026-04-16 15:08:23,576 : INFO : EventManager : Event: ======'machine_var_audits_switches_s_flipper_right'====== Args={'value': 245, 'prev_value': 244, 'change': 1}
2026-04-16 15:08:23,725 : INFO : SwitchController : <<<<<<< 's_flipper_right' inactive >>>>>>>
2026-04-16 15:08:23,992 : INFO : SwitchController : <<<<<<< 's_flipper_left' active >>>>>>>
2026-04-16 15:08:23,992 : INFO : EventManager : Event: ======'rhythm_lane_pressed'====== Args={'lane': 'left'}
2026-04-16 15:08:23,993 : INFO : EventManager : Event: ======'player_rhythm_combo'====== Args={'value': 28, 'prev_value': 27, 'change': 1, 'player_num': 1}
2026-04-16 15:08:23,993 : INFO : EventManager : Event: ======'player_rhythm_best_combo'====== Args={'value': 28, 'prev_value': 27, 'change': 1, 'player_num': 1}
2026-04-16 15:08:23,993 : INFO : EventManager : Event: ======'player_rhythm_hits'====== Args={'value': 33, 'prev_value': 32, 'change': 1, 'player_num': 1}
2026-04-16 15:08:23,993 : INFO : EventManager : Event: ======'player_rhythm_mode_score'====== Args={'value': 1290000, 'prev_value': 1210000, 'change': 80000, 'player_num': 1}
2026-04-16 15:08:23,993 : INFO : EventManager : Event: ======'player_score'====== Args={'value': 1290000, 'prev_value': 1210000, 'change': 80000, 'player_num': 1}
2026-04-16 15:08:23,993 : INFO : EventManager : Event: ======'rhythm_note_hit'====== Args={'note_id': 34, 'lane': 'left', 'judgment': 'perfect', 'combo': 28, 'multiplier': 4, 'award': 80000, 'delta_ms': 12, 'total_score': 1290000}
2026-04-16 15:08:23,993 : INFO : EventManager : Event: ======'machine_var_audits_switches_s_flipper_left'====== Args={'value': 256, 'prev_value': 255, 'change': 1}
2026-04-16 15:08:24,092 : INFO : SwitchController : <<<<<<< 's_flipper_left' inactive >>>>>>>
2026-04-16 15:08:24,391 : INFO : SwitchController : <<<<<<< 's_action_button' active >>>>>>>
2026-04-16 15:08:24,392 : INFO : EventManager : Event: ======'rhythm_lane_pressed'====== Args={'lane': 'center'}
2026-04-16 15:08:24,392 : INFO : EventManager : Event: ======'player_rhythm_combo'====== Args={'value': 29, 'prev_value': 28, 'change': 1, 'player_num': 1}
2026-04-16 15:08:24,392 : INFO : EventManager : Event: ======'player_rhythm_best_combo'====== Args={'value': 29, 'prev_value': 28, 'change': 1, 'player_num': 1}
2026-04-16 15:08:24,393 : INFO : EventManager : Event: ======'player_rhythm_hits'====== Args={'value': 34, 'prev_value': 33, 'change': 1, 'player_num': 1}
2026-04-16 15:08:24,393 : INFO : EventManager : Event: ======'player_rhythm_mode_score'====== Args={'value': 1370000, 'prev_value': 1290000, 'change': 80000, 'player_num': 1}
2026-04-16 15:08:24,393 : INFO : EventManager : Event: ======'player_score'====== Args={'value': 1370000, 'prev_value': 1290000, 'change': 80000, 'player_num': 1}
2026-04-16 15:08:24,393 : INFO : EventManager : Event: ======'rhythm_note_hit'====== Args={'note_id': 35, 'lane': 'center', 'judgment': 'perfect', 'combo': 29, 'multiplier': 4, 'award': 80000, 'delta_ms': 11, 'total_score': 1370000}
2026-04-16 15:08:24,393 : INFO : EventManager : Event: ======'machine_var_audits_switches_s_action_button'====== Args={'value': 225, 'prev_value': 224, 'change': 1}
2026-04-16 15:08:24,525 : INFO : SwitchController : <<<<<<< 's_action_button' inactive >>>>>>>
2026-04-16 15:08:24,925 : INFO : SwitchController : <<<<<<< 's_flipper_right' active >>>>>>>
2026-04-16 15:08:24,925 : INFO : EventManager : Event: ======'rhythm_lane_pressed'====== Args={'lane': 'right'}
2026-04-16 15:08:24,925 : INFO : EventManager : Event: ======'player_rhythm_combo'====== Args={'value': 30, 'prev_value': 29, 'change': 1, 'player_num': 1}
2026-04-16 15:08:24,926 : INFO : EventManager : Event: ======'player_rhythm_best_combo'====== Args={'value': 30, 'prev_value': 29, 'change': 1, 'player_num': 1}
2026-04-16 15:08:24,926 : INFO : EventManager : Event: ======'player_rhythm_hits'====== Args={'value': 35, 'prev_value': 34, 'change': 1, 'player_num': 1}
2026-04-16 15:08:24,926 : INFO : EventManager : Event: ======'player_rhythm_mode_score'====== Args={'value': 1450000, 'prev_value': 1370000, 'change': 80000, 'player_num': 1}
2026-04-16 15:08:24,926 : INFO : EventManager : Event: ======'player_score'====== Args={'value': 1450000, 'prev_value': 1370000, 'change': 80000, 'player_num': 1}
2026-04-16 15:08:24,926 : INFO : EventManager : Event: ======'rhythm_note_hit'====== Args={'note_id': 37, 'lane': 'right', 'judgment': 'perfect', 'combo': 30, 'multiplier': 4, 'award': 80000, 'delta_ms': 56, 'total_score': 1450000}
2026-04-16 15:08:24,926 : INFO : EventManager : Event: ======'machine_var_audits_switches_s_flipper_right'====== Args={'value': 246, 'prev_value': 245, 'change': 1}
2026-04-16 15:08:24,958 : INFO : SwitchController : <<<<<<< 's_flipper_left' active >>>>>>>
2026-04-16 15:08:24,958 : INFO : EventManager : Event: ======'flipper_cancel'====== Args={'triggering_group': 1, 'triggering_switch': 's_flipper_left'}
2026-04-16 15:08:24,958 : INFO : EventManager : Event: ======'rhythm_lane_pressed'====== Args={'lane': 'left'}
2026-04-16 15:08:24,958 : INFO : EventManager : Event: ======'player_rhythm_combo'====== Args={'value': 31, 'prev_value': 30, 'change': 1, 'player_num': 1}
2026-04-16 15:08:24,959 : INFO : EventManager : Event: ======'player_rhythm_best_combo'====== Args={'value': 31, 'prev_value': 30, 'change': 1, 'player_num': 1}
2026-04-16 15:08:24,959 : INFO : EventManager : Event: ======'player_rhythm_hits'====== Args={'value': 36, 'prev_value': 35, 'change': 1, 'player_num': 1}
2026-04-16 15:08:24,959 : INFO : EventManager : Event: ======'player_rhythm_mode_score'====== Args={'value': 1530000, 'prev_value': 1450000, 'change': 80000, 'player_num': 1}
2026-04-16 15:08:24,960 : INFO : EventManager : Event: ======'player_score'====== Args={'value': 1530000, 'prev_value': 1450000, 'change': 80000, 'player_num': 1}
2026-04-16 15:08:24,960 : INFO : EventManager : Event: ======'rhythm_note_hit'====== Args={'note_id': 36, 'lane': 'left', 'judgment': 'perfect', 'combo': 31, 'multiplier': 4, 'award': 80000, 'delta_ms': 23, 'total_score': 1530000}
2026-04-16 15:08:24,960 : INFO : EventManager : Event: ======'machine_var_audits_switches_s_flipper_left'====== Args={'value': 257, 'prev_value': 256, 'change': 1}
2026-04-16 15:08:25,074 : INFO : SwitchController : <<<<<<< 's_flipper_right' inactive >>>>>>>
2026-04-16 15:08:25,075 : INFO : EventManager : Event: ======'both_flippers_one'====== Args={'triggering_group': 2, 'triggering_switch': 's_flipper_right'}
2026-04-16 15:08:25,091 : INFO : SwitchController : <<<<<<< 's_flipper_left' inactive >>>>>>>
2026-04-16 15:08:25,091 : INFO : EventManager : Event: ======'both_flippers_inactive'====== Args={'triggering_group': 1, 'triggering_switch': 's_flipper_left'}
2026-04-16 15:08:25,403 : INFO : EventManager : Event: ======'player_rhythm_accuracy'====== Args={'value': 95, 'prev_value': 0, 'change': 95, 'player_num': 1}
2026-04-16 15:08:25,404 : INFO : EventManager : Event: ======'player_rhythm_multiplier'====== Args={'value': 1, 'prev_value': 4, 'change': -3, 'player_num': 1}
2026-04-16 15:08:25,404 : INFO : EventManager : Event: ======'rhythm_mode_finished'====== Args={'total_notes': 38, 'hits': 36, 'misses': 2, 'best_combo': 31, 'accuracy': 95, 'total_score': 1530000}
2026-04-16 15:08:27,005 : INFO : EventManager : Event: ======'mode_rhythm_will_stop'====== Args={}
2026-04-16 15:08:27,005 : INFO : EventManager : Event: ======'mode_rhythm_stopping'====== Args={}
2026-04-16 15:08:27,006 : INFO : Mode.rhythm : Stopped.
2026-04-16 15:08:27,006 : INFO : EventManager : Event: ======'modes_active_modes_changed'====== Args={}
2026-04-16 15:08:27,007 : INFO : EventManager : Event: ======'mode_rhythm_stopped'====== Args={}
2026-04-16 15:08:27,007 : INFO : EventManager : Event: ======'clear'====== Args={'key': 'rhythm'}
2026-04-16 15:08:27,026 : INFO : EventManager : Event: ======'slide_rhythm_inactive'====== Args={'is_removing': True, '_from_bcp': True}
2026-04-16 15:08:27,026 : INFO : EventManager : Event: ======'slide_base_slide_active'====== Args={'_from_bcp': True}
2026-04-16 15:08:27,026 : INFO : EventManager : Event: ======'slide_rhythm_removed'====== Args={'_from_bcp': True}
2026-04-16 15:08:27,596 : INFO : EventManager : Event: ======'balldevice_bd_trough_ball_eject_failed'====== Args={'target': <ball_device.bd_plunger>, 'balls': 1, 'retry': True, 'num_attempts': 2}
2026-04-16 15:08:27,596 : INFO : ball_device.bd_trough : State: waiting_for_target_ready
2026-04-16 15:08:27,596 : INFO : EventManager : Event: ======'balldevice_bd_trough_ball_eject_attempt'====== Args={'balls': 1, 'target': <ball_device.bd_plunger>, 'source': <ball_device.bd_trough>, 'mechanical_eject': False, 'num_attempts': 2}
2026-04-16 15:08:27,597 : INFO : ball_device.bd_trough : State: ejecting
2026-04-16 15:08:27,597 : INFO : ball_device.bd_trough : Ejecting ball to <ball_device.bd_plunger>
2026-04-16 15:08:27,597 : INFO : EventManager : Event: ======'balldevice_bd_trough_ejecting_ball'====== Args={'balls': 1, 'target': <ball_device.bd_plunger>, 'source': <ball_device.bd_trough>, 'mechanical_eject': False, 'num_attempts': 2}
2026-04-16 15:08:27,597 : INFO : ball_device.bd_trough : Wait for ball to leave device
2026-04-16 15:08:27,597 : INFO : coil.c_trough_eject : Pulsing Driver for 10ms (1.0 pulse_power)
2026-04-16 15:08:37,599 : INFO : EventManager : Event: ======'balldevice_bd_trough_ball_eject_failed'====== Args={'target': <ball_device.bd_plunger>, 'balls': 1, 'retry': True, 'num_attempts': 3}
2026-04-16 15:08:37,600 : INFO : ball_device.bd_trough : State: waiting_for_target_ready
2026-04-16 15:08:37,600 : INFO : EventManager : Event: ======'balldevice_bd_trough_ball_eject_attempt'====== Args={'balls': 1, 'target': <ball_device.bd_plunger>, 'source': <ball_device.bd_trough>, 'mechanical_eject': False, 'num_attempts': 3}
2026-04-16 15:08:37,600 : INFO : ball_device.bd_trough : State: ejecting
2026-04-16 15:08:37,600 : INFO : ball_device.bd_trough : Ejecting ball to <ball_device.bd_plunger>
2026-04-16 15:08:37,600 : INFO : EventManager : Event: ======'balldevice_bd_trough_ejecting_ball'====== Args={'balls': 1, 'target': <ball_device.bd_plunger>, 'source': <ball_device.bd_trough>, 'mechanical_eject': False, 'num_attempts': 3}
2026-04-16 15:08:37,601 : INFO : ball_device.bd_trough : Wait for ball to leave device
2026-04-16 15:08:37,601 : INFO : coil.c_trough_eject : Pulsing Driver for 10ms (1.0 pulse_power)
2026-04-16 15:08:43,109 : INFO : Machine : Shutting down...
2026-04-16 15:08:43,109 : INFO : EventManager : Event: ======'shutdown'====== Args={}
2026-04-16 15:08:43,110 : INFO : EventManager : Event: ======'mode_game_will_stop'====== Args={}
2026-04-16 15:08:43,110 : INFO : EventManager : Event: ======'mode_game_stopping'====== Args={}
2026-04-16 15:08:43,110 : INFO : EventManager : Event: ======'mode_base_will_stop'====== Args={}
2026-04-16 15:08:43,110 : INFO : EventManager : Event: ======'mode_base_stopping'====== Args={}
2026-04-16 15:08:43,111 : INFO : EventManager : Event: ======'mode_bumpers_will_stop'====== Args={}
2026-04-16 15:08:43,111 : INFO : EventManager : Event: ======'mode_bumpers_stopping'====== Args={}
2026-04-16 15:08:43,111 : INFO : EventManager : Event: ======'stop_mode_bumpers'====== Args={'priority': 0}
2026-04-16 15:08:43,111 : INFO : Mode.bumpers : Stopped.
2026-04-16 15:08:43,111 : INFO : EventManager : Event: ======'modes_active_modes_changed'====== Args={}
2026-04-16 15:08:43,111 : INFO : EventManager : Event: ======'mode_bumpers_stopped'====== Args={}
2026-04-16 15:08:43,111 : INFO : EventManager : Event: ======'clear'====== Args={'key': 'bumpers'}
2026-04-16 15:08:43,111 : INFO : Mode.base : Stopped.
2026-04-16 15:08:43,111 : INFO : EventManager : Event: ======'modes_active_modes_changed'====== Args={}
2026-04-16 15:08:43,111 : INFO : EventManager : Event: ======'mode_base_stopped'====== Args={}
2026-04-16 15:08:43,111 : INFO : EventManager : Event: ======'clear'====== Args={'key': 'base'}
2026-04-16 15:08:43,112 : INFO : Mode.game : Stopped.
2026-04-16 15:08:43,112 : INFO : EventManager : Event: ======'modes_active_modes_changed'====== Args={}
2026-04-16 15:08:43,112 : INFO : EventManager : Event: ======'mode_game_stopped'====== Args={}
2026-04-16 15:08:43,112 : INFO : EventManager : Event: ======'clear'====== Args={'key': 'game'}
2026-04-16 15:08:43,113 : INFO : root : MPF run loop ended.
