2026-04-16 14:37:59,277 : INFO : root : Loading config.
2026-04-16 14:37:59,325 : INFO : ConfigProcessor : Config spec file cache created: /var/folders/nw/6blj94p12ldcym3fj104vzlm0000gn/T/config_spec.mpf_cache
2026-04-16 14:37:59,325 : INFO : YamlMultifileConfigLoader : Machine config file #1: config.yaml
2026-04-16 14:37:59,325 : INFO : ConfigProcessor : Loading config from cache: /var/folders/nw/6blj94p12ldcym3fj104vzlm0000gn/T/b334f8a4e2121184f8a617378a4d1625.mpf_cache
2026-04-16 14:37:59,336 : INFO : ConfigProcessor : Loading config from cache: /var/folders/nw/6blj94p12ldcym3fj104vzlm0000gn/T/63da12c4cec82227b4c3859bbf3c7cd4.mpf_cache
2026-04-16 14:37:59,337 : INFO : ConfigProcessor : Loading config from cache: /var/folders/nw/6blj94p12ldcym3fj104vzlm0000gn/T/b8625db2ee8ad38c42d4f1c72235edc8.mpf_cache
2026-04-16 14:37:59,337 : INFO : ConfigProcessor : Loading config from cache: /var/folders/nw/6blj94p12ldcym3fj104vzlm0000gn/T/63da12c4cec82227b4c3859bbf3c7cd4.mpf_cache
2026-04-16 14:37:59,337 : INFO : ConfigProcessor : Loading config from cache: /var/folders/nw/6blj94p12ldcym3fj104vzlm0000gn/T/104947b35f87d581877cdaf02599b463.mpf_cache
2026-04-16 14:37:59,337 : INFO : ConfigProcessor : Loading config from cache: /var/folders/nw/6blj94p12ldcym3fj104vzlm0000gn/T/bc830d47d6fbb336561cc63e74edf2c9.mpf_cache
2026-04-16 14:37:59,337 : INFO : ConfigProcessor : Loading config from cache: /var/folders/nw/6blj94p12ldcym3fj104vzlm0000gn/T/4273c698423283a7843ff5c77ef69dc9.mpf_cache
2026-04-16 14:37:59,337 : INFO : ConfigProcessor : Loading config from cache: /var/folders/nw/6blj94p12ldcym3fj104vzlm0000gn/T/7424f2cce7b15e0b37e570d3514590c8.mpf_cache
2026-04-16 14:37:59,337 : INFO : Machine : Mission Pinball Framework Core Engine v0.80.0.dev13
2026-04-16 14:37:59,337 : INFO : Machine : Command line arguments: {'no_load_cache': False, 'create_config_cache': True, 'bcp': True, 'configfile': ['config.yaml'], 'force_assets_load': False, 'platform_integration_test': False, 'jsonlogging': False, 'logfile': 'logs/2026-04-16-14-37-59-mpf-Wills-MacBook-Pro-M5.local.log', 'pause': False, 'production': False, 'text_ui': False, 'loglevel': 15, 'consoleloglevel': 20, 'force_platform': 'virtual', 'syslog_address': None, 'full_logfile_path': '/Users/willrante/Documents/GitHub/pinball/logs/2026-04-16-14-37-59-mpf-Wills-MacBook-Pro-M5.local.log'}
2026-04-16 14:37:59,337 : INFO : Machine : MPF path: /Users/willrante/mpf-env/lib/python3.14/site-packages/mpf
2026-04-16 14:37:59,337 : INFO : Machine : Machine path: /Users/willrante/Documents/GitHub/pinball
2026-04-16 14:37:59,337 : INFO : Machine : Platform: darwin
2026-04-16 14:37:59,337 : INFO : Machine : Python executable location: /Users/willrante/mpf-env/bin/python3.14
2026-04-16 14:37:59,337 : INFO : Machine : Python version: 3.14.3 (64-bit)
2026-04-16 14:37:59,338 : INFO : Machine : Initializing MPF...
2026-04-16 14:37:59,350 : INFO : EventManager : Event: ======'machine_var_credits_string'====== Args={'value': 'FREE PLAY', 'prev_value': None, 'change': True}
2026-04-16 14:37:59,353 : INFO : EventManager : Event: ======'machine_var_master_volume'====== Args={'value': 0.5, 'prev_value': None, 'change': True}
2026-04-16 14:37:59,353 : INFO : EventManager : Event: ======'machine_var_mpf_version'====== Args={'value': 'Mission Pinball Framework v0.80.0.dev13', 'prev_value': None, 'change': True}
2026-04-16 14:37:59,353 : INFO : EventManager : Event: ======'machine_var_mpf_extended_version'====== Args={'value': 'Mission Pinball Framework v0.80.0.dev13, Config version:6, Show version: 6, BCP version:1.1', 'prev_value': None, 'change': True}
2026-04-16 14:37:59,353 : INFO : EventManager : Event: ======'machine_var_python_version'====== Args={'value': '3.14.3', 'prev_value': None, 'change': True}
2026-04-16 14:37:59,359 : INFO : EventManager : Event: ======'machine_var_platform'====== Args={'value': 'macOS-26.4.1-arm64-arm-64bit-Mach-O', 'prev_value': None, 'change': True}
2026-04-16 14:37:59,359 : INFO : EventManager : Event: ======'machine_var_platform_system'====== Args={'value': 'Darwin', 'prev_value': None, 'change': True}
2026-04-16 14:37:59,359 : INFO : EventManager : Event: ======'machine_var_platform_release'====== Args={'value': '25.4.0', 'prev_value': None, 'change': True}
2026-04-16 14:37:59,359 : INFO : EventManager : Event: ======'machine_var_platform_version'====== Args={'value': 'Darwin Kernel Version 25.4.0: Thu Mar 19 19:33:50 PDT 2026; root:xnu-12377.101.15~1/RELEASE_ARM64_T6050', 'prev_value': None, 'change': True}
2026-04-16 14:37:59,359 : INFO : EventManager : Event: ======'machine_var_platform_machine'====== Args={'value': 'arm64', 'prev_value': None, 'change': True}
2026-04-16 14:37:59,359 : INFO : EventManager : Event: ======'machine_var_log_file_path'====== Args={'value': '/Users/willrante/Documents/GitHub/pinball/logs/2026-04-16-14-37-59-mpf-Wills-MacBook-Pro-M5.local.log', 'prev_value': None, 'change': True}
2026-04-16 14:37:59,359 : INFO : EventManager : Event: ======'init_phase_1'====== Args={}
2026-04-16 14:37:59,363 : INFO : EventManager : Event: ======'init_phase_2'====== Args={}
2026-04-16 14:37:59,363 : INFO : SwitchController : Found active switch: (1007, <Platform.Virtual>) <switch.s_trough_1>
2026-04-16 14:37:59,363 : INFO : SwitchController : Found active switch: (1008, <Platform.Virtual>) <switch.s_trough_2>
2026-04-16 14:37:59,363 : INFO : SwitchController : Found active switch: (1009, <Platform.Virtual>) <switch.s_trough_3>
2026-04-16 14:37:59,364 : INFO : EventManager : Event: ======'bcp_connection_attempt'====== Args={'name': 'local_display', 'host': 'localhost', 'port': 5050}
2026-04-16 14:37:59,364 : INFO : BCPClientSocket : Connecting BCP to 'local_display' at localhost:5050...
2026-04-16 14:37:59,367 : INFO : BCPClientSocket : Connected BCP to 'local_display' localhost:5050
2026-04-16 14:37:59,367 : INFO : EventManager : Event: ======'bcp_clients_connected'====== Args={}
2026-04-16 14:37:59,367 : INFO : ball_device.bd_plunger : BCH: Initial count: 0
2026-04-16 14:37:59,367 : INFO : ball_device.bd_plunger : State: idle
2026-04-16 14:37:59,367 : INFO : ball_device.bd_trough : BCH: Initial count: 3
2026-04-16 14:37:59,367 : INFO : ball_device.bd_trough : State: idle
2026-04-16 14:37:59,369 : INFO : EventManager : Event: ======'init_phase_3'====== Args={}
2026-04-16 14:37:59,370 : INFO : EventManager : Event: ======'init_phase_4'====== Args={}
2026-04-16 14:37:59,370 : INFO : BallController : Initial balls found: 3
2026-04-16 14:37:59,371 : INFO : EventManager : Event: ======'machine_var_audits_events_game_ended'====== Args={'value': 0, 'prev_value': None, 'change': True}
2026-04-16 14:37:59,371 : INFO : EventManager : Event: ======'machine_var_audits_events_game_started'====== Args={'value': 20, 'prev_value': None, 'change': True}
2026-04-16 14:37:59,371 : INFO : EventManager : Event: ======'machine_var_audits_missing_switches_s_bumper_left'====== Args={'value': 9, 'prev_value': None, 'change': True}
2026-04-16 14:37:59,371 : INFO : EventManager : Event: ======'machine_var_audits_missing_switches_s_bumper_right'====== Args={'value': 9, 'prev_value': None, 'change': True}
2026-04-16 14:37:59,371 : INFO : EventManager : Event: ======'machine_var_audits_missing_switches_s_plunger_lane'====== Args={'value': 20, 'prev_value': None, 'change': True}
2026-04-16 14:37:59,371 : INFO : EventManager : Event: ======'machine_var_audits_missing_switches_s_start'====== Args={'value': 16, 'prev_value': None, 'change': True}
2026-04-16 14:37:59,371 : INFO : EventManager : Event: ======'machine_var_audits_missing_switches_s_trough_1'====== Args={'value': 20, 'prev_value': None, 'change': True}
2026-04-16 14:37:59,371 : INFO : EventManager : Event: ======'machine_var_audits_missing_switches_s_trough_2'====== Args={'value': 20, 'prev_value': None, 'change': True}
2026-04-16 14:37:59,371 : INFO : EventManager : Event: ======'machine_var_audits_missing_switches_s_trough_3'====== Args={'value': 20, 'prev_value': None, 'change': True}
2026-04-16 14:37:59,371 : INFO : EventManager : Event: ======'machine_var_audits_player_score'====== Args={'value': {'average': 0, 'top': [], 'total': 0}, 'prev_value': None, 'change': True}
2026-04-16 14:37:59,371 : INFO : EventManager : Event: ======'machine_var_audits_shots_bumper_left'====== Args={'value': 145, 'prev_value': None, 'change': True}
2026-04-16 14:37:59,371 : INFO : EventManager : Event: ======'machine_var_audits_shots_bumper_right'====== Args={'value': 144, 'prev_value': None, 'change': True}
2026-04-16 14:37:59,371 : INFO : EventManager : Event: ======'machine_var_audits_shots_hurryup'====== Args={'value': 3, 'prev_value': None, 'change': True}
2026-04-16 14:37:59,371 : INFO : EventManager : Event: ======'machine_var_audits_shots_left_lane'====== Args={'value': 28, 'prev_value': None, 'change': True}
2026-04-16 14:37:59,371 : INFO : EventManager : Event: ======'machine_var_audits_switches_s_action_button'====== Args={'value': 137, 'prev_value': None, 'change': True}
2026-04-16 14:37:59,371 : INFO : EventManager : Event: ======'machine_var_audits_switches_s_bumper_left'====== Args={'value': 145, 'prev_value': None, 'change': True}
2026-04-16 14:37:59,371 : INFO : EventManager : Event: ======'machine_var_audits_switches_s_bumper_right'====== Args={'value': 144, 'prev_value': None, 'change': True}
2026-04-16 14:37:59,371 : INFO : EventManager : Event: ======'machine_var_audits_switches_s_flipper_left'====== Args={'value': 189, 'prev_value': None, 'change': True}
2026-04-16 14:37:59,371 : INFO : EventManager : Event: ======'machine_var_audits_switches_s_flipper_right'====== Args={'value': 179, 'prev_value': None, 'change': True}
2026-04-16 14:37:59,371 : INFO : EventManager : Event: ======'machine_var_audits_switches_s_left_lane'====== Args={'value': 28, 'prev_value': None, 'change': True}
2026-04-16 14:37:59,371 : INFO : EventManager : Event: ======'machine_var_audits_switches_s_plunger_lane'====== Args={'value': 0, 'prev_value': None, 'change': True}
2026-04-16 14:37:59,371 : INFO : EventManager : Event: ======'machine_var_audits_switches_s_start'====== Args={'value': 3, 'prev_value': None, 'change': True}
2026-04-16 14:37:59,371 : INFO : EventManager : Event: ======'machine_var_audits_switches_s_trough_1'====== Args={'value': 0, 'prev_value': None, 'change': True}
2026-04-16 14:37:59,371 : INFO : EventManager : Event: ======'machine_var_audits_switches_s_trough_2'====== Args={'value': 0, 'prev_value': None, 'change': True}
2026-04-16 14:37:59,371 : INFO : EventManager : Event: ======'machine_var_audits_switches_s_trough_3'====== Args={'value': 0, 'prev_value': None, 'change': True}
2026-04-16 14:37:59,371 : INFO : EventManager : Event: ======'init_phase_5'====== Args={}
2026-04-16 14:37:59,371 : INFO : EventManager : Event: ======'init_done'====== Args={}
2026-04-16 14:37:59,371 : INFO : EventManager : Event: ======'machine_reset_phase_1'====== Args={}
2026-04-16 14:37:59,375 : INFO : EventManager : Event: ======'machine_reset_phase_2'====== Args={}
2026-04-16 14:37:59,375 : INFO : EventManager : Event: ======'machine_reset_phase_3'====== Args={}
2026-04-16 14:37:59,375 : INFO : EventManager : Event: ======'reset_complete'====== Args={}
2026-04-16 14:37:59,375 : INFO : EventManager : Event: ======'mode_attract_will_start'====== Args={}
2026-04-16 14:37:59,375 : INFO : Timer.attract_carousel_timer : Starting Timer.
2026-04-16 14:37:59,375 : INFO : EventManager : Event: ======'timer_attract_carousel_timer_started'====== Args={'ticks': 0, 'ticks_remaining': 1}
2026-04-16 14:37:59,375 : INFO : EventManager : Event: ======'timer_attract_carousel_timer_tick'====== Args={'ticks': 0, 'ticks_remaining': 1}
2026-04-16 14:37:59,375 : INFO : EventManager : Event: ======'mode_attract_starting'====== Args={}
2026-04-16 14:37:59,375 : INFO : Mode.attract : Started. Priority: 10
2026-04-16 14:37:59,375 : INFO : EventManager : Event: ======'modes_active_modes_changed'====== Args={}
2026-04-16 14:37:59,375 : INFO : EventManager : Event: ======'mode_attract_started'====== Args={}
2026-04-16 14:37:59,376 : INFO : EventManager : Event: ======'collecting_balls_complete'====== Args={}
2026-04-16 14:37:59,376 : INFO : EventManager : Event: ======'carousel_item_highlighted'====== Args={'carousel': 'attract', 'direction': None, 'item': 'title'}
2026-04-16 14:37:59,376 : INFO : EventManager : Event: ======'timer_attract_carousel_timer_tick'====== Args={'ticks': 0, 'ticks_remaining': 1}
2026-04-16 14:37:59,376 : INFO : Machine : Starting the main run loop with active modes: [<Mode.attract>]
2026-04-16 14:37:59,435 : INFO : EventManager : Event: ======'slide_attract_created'====== Args={'_from_bcp': True}
2026-04-16 14:37:59,435 : INFO : EventManager : Event: ======'slide__removed'====== Args={'_from_bcp': True}
2026-04-16 14:37:59,435 : INFO : EventManager : Event: ======'slide_attract_active'====== Args={'original_context': 'attract', 'original_calling_context': 'mode_attract_started', 'priority': 10.0, 'cmd': 'slides_play', '_from_bcp': True}
2026-04-16 14:38:01,824 : INFO : SwitchController : <<<<<<< 's_start' active >>>>>>>
2026-04-16 14:38:01,941 : INFO : SwitchController : <<<<<<< 's_start' inactive >>>>>>>
2026-04-16 14:38:01,941 : INFO : EventManager : Event: ======'request_to_start_game'====== Args={}
2026-04-16 14:38:01,941 : INFO : EventManager : Event: ======'game_start'====== Args={'buttons': [], 'hold_time': 0.11615179199998238}
2026-04-16 14:38:01,942 : INFO : EventManager : Event: ======'mode_game_will_start'====== Args={'buttons': [], 'hold_time': 0.11615179199998238}
2026-04-16 14:38:01,942 : INFO : EventManager : Event: ======'mode_game_starting'====== Args={'buttons': [], 'hold_time': 0.11615179199998238}
2026-04-16 14:38:01,943 : INFO : EventManager : Event: ======'mode_attract_will_stop'====== Args={}
2026-04-16 14:38:01,943 : INFO : EventManager : Event: ======'mode_attract_stopping'====== Args={}
2026-04-16 14:38:01,943 : INFO : Mode.attract : Stopped.
2026-04-16 14:38:01,943 : INFO : EventManager : Event: ======'modes_active_modes_changed'====== Args={}
2026-04-16 14:38:01,943 : INFO : EventManager : Event: ======'mode_attract_stopped'====== Args={}
2026-04-16 14:38:01,943 : INFO : EventManager : Event: ======'clear'====== Args={'key': 'attract'}
2026-04-16 14:38:01,944 : INFO : Timer.attract_carousel_timer : Stopping Timer
2026-04-16 14:38:01,944 : INFO : EventManager : Event: ======'timer_attract_carousel_timer_stopped'====== Args={'ticks': 0, 'ticks_remaining': 1}
2026-04-16 14:38:01,944 : INFO : Mode.game : Started. Priority: 20
2026-04-16 14:38:01,944 : INFO : EventManager : Event: ======'modes_active_modes_changed'====== Args={}
2026-04-16 14:38:01,944 : INFO : EventManager : Event: ======'mode_game_started'====== Args={'buttons': [], 'hold_time': 0.11615179199998238}
2026-04-16 14:38:01,945 : INFO : EventManager : Event: ======'game_will_start'====== Args={}
2026-04-16 14:38:01,945 : INFO : EventManager : Event: ======'game_starting'====== Args={'game': <Mode.game>}
2026-04-16 14:38:01,946 : INFO : EventManager : Unordered handler for class <Auditor> on event game_ended with priority 1. Handlers: [RegisteredHandler(callback=<bound method Auditor.disable of <Auditor>>, priority=1, kwargs={}, key=UUID('f68b55d3-d55b-49f7-91fe-e4f849f4b0e7'), condition=None, blocking_facility=None), RegisteredHandler(callback=<bound method Auditor._save_audits of <Auditor>>, priority=1, kwargs={}, key=UUID('8c18a534-360d-48c8-aba7-a4b96fb020f2'), condition=None, blocking_facility=None)]. The order of those handlers is not defined and they will be executed in random order. This might lead to race conditions and potential bugs.
2026-04-16 14:38:01,946 : INFO : EventManager : Event: ======'player_add_request'====== Args={}
2026-04-16 14:38:01,946 : INFO : EventManager : Event: ======'player_will_add'====== Args={'number': 1}
2026-04-16 14:38:01,946 : INFO : EventManager : Event: ======'player_adding'====== Args={'player': <Player 1>, 'number': 1}
2026-04-16 14:38:01,946 : INFO : EventManager : Event: ======'player_added'====== Args={'player': <Player 1>, 'num': 1}
2026-04-16 14:38:01,946 : INFO : Mode.game : Player added successfully. Total players: 1
2026-04-16 14:38:01,946 : INFO : EventManager : Event: ======'player_index'====== Args={'value': 0, 'prev_value': 0, 'change': 0, 'player_num': 1}
2026-04-16 14:38:01,946 : INFO : EventManager : Event: ======'player_number'====== Args={'value': 1, 'prev_value': 1, 'change': 0, 'player_num': 1}
2026-04-16 14:38:01,947 : INFO : EventManager : Event: ======'player_score'====== Args={'value': 0, 'prev_value': 0, 'change': 0, 'player_num': 1}
2026-04-16 14:38:01,947 : INFO : EventManager : Event: ======'game_started'====== Args={}
2026-04-16 14:38:01,947 : INFO : EventManager : Event: ======'player_turn_will_start'====== Args={'player': <Player 1>, 'number': 1}
2026-04-16 14:38:01,947 : INFO : EventManager : Event: ======'player_turn_starting'====== Args={'player': <Player 1>, 'number': 1}
2026-04-16 14:38:01,951 : INFO : EventManager : Event: ======'player_ball'====== Args={'value': 1, 'prev_value': 0, 'change': 1, 'player_num': 1}
2026-04-16 14:38:01,951 : INFO : EventManager : Event: ======'player_turn_started'====== Args={'player': <Player 1>, 'number': 1}
2026-04-16 14:38:01,951 : INFO : EventManager : Event: ======'ball_will_start'====== Args={'player': 1, 'ball': 1, 'balls_remaining': 2, 'is_extra_ball': False}
2026-04-16 14:38:01,952 : INFO : EventManager : Event: ======'ball_starting'====== Args={'player': 1, 'ball': 1, 'balls_remaining': 2, 'is_extra_ball': False}
2026-04-16 14:38:01,952 : INFO : EventManager : Event: ======'mode_base_will_start'====== Args={'queue': <QueuedEvent>, 'player': 1, 'ball': 1, 'balls_remaining': 2, 'is_extra_ball': False}
2026-04-16 14:38:01,952 : INFO : EventManager : Event: ======'player_shot_left_lane_enabled'====== Args={'value': True, 'prev_value': 0, 'change': 1, 'player_num': 1}
2026-04-16 14:38:01,953 : INFO : EventManager : Event: ======'mode_base_starting'====== Args={'queue': <QueuedEvent>, 'player': 1, 'ball': 1, 'balls_remaining': 2, 'is_extra_ball': False}
2026-04-16 14:38:01,953 : INFO : Mode.base : Started. Priority: 100
2026-04-16 14:38:01,953 : INFO : EventManager : Event: ======'modes_active_modes_changed'====== Args={}
2026-04-16 14:38:01,953 : INFO : EventManager : Event: ======'mode_base_started'====== Args={'queue': <QueuedEvent>, 'player': 1, 'ball': 1, 'balls_remaining': 2, 'is_extra_ball': False}
2026-04-16 14:38:01,953 : INFO : EventManager : Event: ======'start_mode_bumpers'====== Args={'priority': 0}
2026-04-16 14:38:01,954 : INFO : EventManager : Event: ======'mode_bumpers_will_start'====== Args={'priority': 0}
2026-04-16 14:38:01,954 : INFO : EventManager : Event: ======'player_shot_bumper_left_enabled'====== Args={'value': True, 'prev_value': 0, 'change': 1, 'player_num': 1}
2026-04-16 14:38:01,954 : INFO : EventManager : Event: ======'player_shot_bumper_right_enabled'====== Args={'value': True, 'prev_value': 0, 'change': 1, 'player_num': 1}
2026-04-16 14:38:01,954 : INFO : EventManager : Event: ======'bumpers_complete'====== Args={'state': 'unlit'}
2026-04-16 14:38:01,954 : INFO : EventManager : Event: ======'bumpers_unlit_complete'====== Args={}
2026-04-16 14:38:01,955 : INFO : EventManager : Event: ======'mode_bumpers_starting'====== Args={'priority': 0}
2026-04-16 14:38:01,955 : INFO : Mode.bumpers : Started. Priority: 200
2026-04-16 14:38:01,955 : INFO : EventManager : Event: ======'modes_active_modes_changed'====== Args={}
2026-04-16 14:38:01,955 : INFO : EventManager : Event: ======'mode_bumpers_started'====== Args={'priority': 0}
2026-04-16 14:38:01,955 : INFO : EventManager : Event: ======'balls_in_play'====== Args={'balls': 1}
2026-04-16 14:38:01,955 : INFO : EventManager : Event: ======'ball_started'====== Args={'player': 1, 'ball': 1, 'balls_remaining': 2, 'is_extra_ball': False}
2026-04-16 14:38:01,956 : INFO : EventManager : Event: ======'single_player_ball_started'====== Args={}
2026-04-16 14:38:01,956 : INFO : EventManager : Event: ======'ball_start_target'====== Args={'target': 'playfield'}
2026-04-16 14:38:01,956 : INFO : ball_device.bd_trough : Setting up player-controlled eject. Balls: 1, Target: <playfield.playfield>, player_controlled_eject_event: None
2026-04-16 14:38:01,956 : INFO : ball_device.bd_trough : Adding 1 ball(s) to the eject_queue with target <playfield.playfield>.
2026-04-16 14:38:01,956 : INFO : EventManager : Event: ======'balldevice_balls_available'====== Args={}
2026-04-16 14:38:01,957 : INFO : ball_device.bd_trough : State: waiting_for_target_ready
2026-04-16 14:38:01,957 : INFO : EventManager : Event: ======'balldevice_bd_trough_ball_eject_attempt'====== Args={'balls': 1, 'target': <ball_device.bd_plunger>, 'source': <ball_device.bd_trough>, 'mechanical_eject': False, 'num_attempts': 0}
2026-04-16 14:38:01,957 : INFO : ball_device.bd_plunger : State: waiting_for_ball
2026-04-16 14:38:01,957 : INFO : ball_device.bd_trough : State: ejecting
2026-04-16 14:38:01,957 : INFO : ball_device.bd_trough : Ejecting ball to <ball_device.bd_plunger>
2026-04-16 14:38:01,957 : INFO : EventManager : Event: ======'balldevice_bd_trough_ejecting_ball'====== Args={'balls': 1, 'target': <ball_device.bd_plunger>, 'source': <ball_device.bd_trough>, 'mechanical_eject': False, 'num_attempts': 0}
2026-04-16 14:38:01,958 : INFO : ball_device.bd_trough : Wait for ball to leave device
2026-04-16 14:38:01,958 : INFO : coil.c_trough_eject : Pulsing Driver for 10ms (1.0 pulse_power)
2026-04-16 14:38:01,984 : INFO : EventManager : Event: ======'slide_base_slide_created'====== Args={'_from_bcp': True}
2026-04-16 14:38:01,984 : INFO : EventManager : Event: ======'slide_attract_inactive'====== Args={'is_removing': True, '_from_bcp': True}
2026-04-16 14:38:01,985 : INFO : EventManager : Event: ======'slide_base_slide_active'====== Args={'original_context': 'base', 'original_calling_context': 'mode_base_started', 'priority': 100.0, 'queue': '<QueuedEvent>', 'player': 1.0, 'ball': 1.0, 'balls_remaining': 2.0, 'is_extra_ball': False, 'cmd': 'slides_play', '_from_bcp': True}
2026-04-16 14:38:01,985 : INFO : EventManager : Event: ======'slide_attract_removed'====== Args={'_from_bcp': True}
2026-04-16 14:38:03,041 : INFO : SwitchController : <<<<<<< 's_left_lane' active >>>>>>>
2026-04-16 14:38:03,041 : INFO : EventManager : Event: ======'playfield_active'====== Args={'source': 'hurryup'}
2026-04-16 14:38:03,041 : INFO : EventManager : Event: ======'unexpected_ball_on_playfield'====== Args={}
2026-04-16 14:38:03,041 : INFO : EventManager : Event: ======'playfield_active'====== Args={'source': 'left_lane'}
2026-04-16 14:38:03,041 : INFO : EventManager : Event: ======'unexpected_ball_on_playfield'====== Args={}
2026-04-16 14:38:03,041 : INFO : EventManager : Event: ======'s_left_lane_active'====== Args={}
2026-04-16 14:38:03,041 : INFO : EventManager : Event: ======'machine_var_audits_switches_s_left_lane'====== Args={'value': 29, 'prev_value': 28, 'change': 1}
2026-04-16 14:38:03,042 : INFO : EventManager : Event: ======'player_shot_left_lane'====== Args={'value': 1, 'prev_value': 0, 'change': 1, 'player_num': 1}
2026-04-16 14:38:03,042 : INFO : EventManager : Event: ======'machine_var_audits_shots_left_lane'====== Args={'value': 29, 'prev_value': 28, 'change': 1}
2026-04-16 14:38:03,042 : INFO : EventManager : Event: ======'left_lane_hit'====== Args={'profile': 'default', 'state': 'unlit', 'advancing': True}
2026-04-16 14:38:03,042 : INFO : EventManager : Event: ======'left_lane_default_hit'====== Args={'profile': 'default', 'state': 'unlit', 'advancing': True}
2026-04-16 14:38:03,043 : INFO : EventManager : Event: ======'left_lane_default_unlit_hit'====== Args={'profile': 'default', 'state': 'unlit', 'advancing': True}
2026-04-16 14:38:03,043 : INFO : EventManager : Event: ======'left_lane_unlit_hit'====== Args={'profile': 'default', 'state': 'unlit', 'advancing': True}
2026-04-16 14:38:03,043 : INFO : EventManager : Event: ======'start_mode_rhythm'====== Args={'priority': 0}
2026-04-16 14:38:03,043 : INFO : EventManager : Event: ======'mode_rhythm_will_start'====== Args={'priority': 0}
2026-04-16 14:38:03,047 : INFO : EventManager : Event: ======'mode_rhythm_starting'====== Args={'priority': 0}
2026-04-16 14:38:03,047 : INFO : Mode.rhythm : Started. Priority: 1200
2026-04-16 14:38:03,047 : INFO : EventManager : Event: ======'modes_active_modes_changed'====== Args={}
2026-04-16 14:38:03,047 : INFO : EventManager : Event: ======'mode_rhythm_started'====== Args={'priority': 0}
2026-04-16 14:38:03,048 : INFO : EventManager : Event: ======'player_rhythm_mode_score'====== Args={'value': 0, 'prev_value': 0, 'change': 0, 'player_num': 1}
2026-04-16 14:38:03,048 : INFO : EventManager : Event: ======'player_rhythm_combo'====== Args={'value': 0, 'prev_value': 0, 'change': 0, 'player_num': 1}
2026-04-16 14:38:03,048 : INFO : EventManager : Event: ======'player_rhythm_best_combo'====== Args={'value': 0, 'prev_value': 0, 'change': 0, 'player_num': 1}
2026-04-16 14:38:03,049 : INFO : EventManager : Event: ======'player_rhythm_hits'====== Args={'value': 0, 'prev_value': 0, 'change': 0, 'player_num': 1}
2026-04-16 14:38:03,049 : INFO : EventManager : Event: ======'player_rhythm_misses'====== Args={'value': 0, 'prev_value': 0, 'change': 0, 'player_num': 1}
2026-04-16 14:38:03,049 : INFO : EventManager : Event: ======'player_rhythm_notes_total'====== Args={'value': 38, 'prev_value': 0, 'change': 38, 'player_num': 1}
2026-04-16 14:38:03,049 : INFO : EventManager : Event: ======'player_rhythm_accuracy'====== Args={'value': 0, 'prev_value': 0, 'change': 0, 'player_num': 1}
2026-04-16 14:38:03,049 : INFO : EventManager : Event: ======'player_rhythm_multiplier'====== Args={'value': 1, 'prev_value': 0, 'change': 1, 'player_num': 1}
2026-04-16 14:38:03,096 : INFO : EventManager : Event: ======'slide_rhythm_created'====== Args={'_from_bcp': True}
2026-04-16 14:38:03,096 : INFO : EventManager : Event: ======'slide_base_slide_inactive'====== Args={'is_removing': False, '_from_bcp': True}
2026-04-16 14:38:03,097 : INFO : EventManager : Event: ======'slide_rhythm_active'====== Args={'original_context': 'rhythm', 'original_calling_context': 'mode_rhythm_started', 'priority': 1200.0, 'cmd': 'slides_play', '_from_bcp': True}
2026-04-16 14:38:03,100 : INFO : EventManager : Event: ======'rhythm_chart_started'====== Args={'total_notes': 38, 'travel_ms': 1600, 'perfect_window_ms': 90, 'good_window_ms': 170, 'lead_in_ms': 1800, 'chart_started_delay_ms': 50, 'song_key': 'Deep Purple - Smoke On the Water (Official Music Video)', 'song_bus': 'music', 'audio_offset_ms': 0}
2026-04-16 14:38:03,159 : INFO : SwitchController : <<<<<<< 's_left_lane' inactive >>>>>>>
2026-04-16 14:38:03,851 : INFO : EventManager : Event: ======'rhythm_note_spawned'====== Args={'note_id': 0, 'lane': 'left', 'travel_ms': 1600, 'hit_time_ms': 2400}
2026-04-16 14:38:04,250 : INFO : EventManager : Event: ======'rhythm_note_spawned'====== Args={'note_id': 1, 'lane': 'center', 'travel_ms': 1600, 'hit_time_ms': 2800}
2026-04-16 14:38:04,651 : INFO : EventManager : Event: ======'rhythm_note_spawned'====== Args={'note_id': 2, 'lane': 'right', 'travel_ms': 1600, 'hit_time_ms': 3200}
2026-04-16 14:38:05,051 : INFO : EventManager : Event: ======'rhythm_note_spawned'====== Args={'note_id': 3, 'lane': 'left', 'travel_ms': 1600, 'hit_time_ms': 3600}
2026-04-16 14:38:05,058 : INFO : SwitchController : <<<<<<< 's_flipper_left' active >>>>>>>
2026-04-16 14:38:05,058 : INFO : EventManager : Event: ======'rhythm_lane_pressed'====== Args={'lane': 'left'}
2026-04-16 14:38:05,058 : INFO : EventManager : Event: ======'machine_var_audits_switches_s_flipper_left'====== Args={'value': 190, 'prev_value': 189, 'change': 1}
2026-04-16 14:38:05,207 : INFO : SwitchController : <<<<<<< 's_flipper_left' inactive >>>>>>>
2026-04-16 14:38:05,441 : INFO : SwitchController : <<<<<<< 's_action_button' active >>>>>>>
2026-04-16 14:38:05,441 : INFO : EventManager : Event: ======'rhythm_lane_pressed'====== Args={'lane': 'center'}
2026-04-16 14:38:05,441 : INFO : EventManager : Event: ======'machine_var_audits_switches_s_action_button'====== Args={'value': 138, 'prev_value': 137, 'change': 1}
2026-04-16 14:38:05,451 : INFO : EventManager : Event: ======'rhythm_note_spawned'====== Args={'note_id': 4, 'lane': 'center', 'travel_ms': 1600, 'hit_time_ms': 4000}
2026-04-16 14:38:05,451 : INFO : EventManager : Event: ======'rhythm_note_spawned'====== Args={'note_id': 5, 'lane': 'right', 'travel_ms': 1600, 'hit_time_ms': 4000}
2026-04-16 14:38:05,622 : INFO : EventManager : Event: ======'player_rhythm_misses'====== Args={'value': 1, 'prev_value': 0, 'change': 1, 'player_num': 1}
2026-04-16 14:38:05,622 : INFO : EventManager : Event: ======'rhythm_note_missed'====== Args={'note_id': 0, 'lane': 'left', 'total_misses': 1}
2026-04-16 14:38:05,624 : INFO : SwitchController : <<<<<<< 's_action_button' inactive >>>>>>>
2026-04-16 14:38:05,708 : INFO : SwitchController : <<<<<<< 's_flipper_right' active >>>>>>>
2026-04-16 14:38:05,708 : INFO : EventManager : Event: ======'rhythm_lane_pressed'====== Args={'lane': 'right'}
2026-04-16 14:38:05,708 : INFO : EventManager : Event: ======'machine_var_audits_switches_s_flipper_right'====== Args={'value': 180, 'prev_value': 179, 'change': 1}
2026-04-16 14:38:05,895 : INFO : SwitchController : <<<<<<< 's_flipper_right' inactive >>>>>>>
2026-04-16 14:38:05,950 : INFO : EventManager : Event: ======'rhythm_note_spawned'====== Args={'note_id': 6, 'lane': 'left', 'travel_ms': 1600, 'hit_time_ms': 4500}
2026-04-16 14:38:06,021 : INFO : EventManager : Event: ======'player_rhythm_misses'====== Args={'value': 2, 'prev_value': 1, 'change': 1, 'player_num': 1}
2026-04-16 14:38:06,021 : INFO : EventManager : Event: ======'rhythm_note_missed'====== Args={'note_id': 1, 'lane': 'center', 'total_misses': 2}
2026-04-16 14:38:06,042 : INFO : SwitchController : <<<<<<< 's_flipper_left' active >>>>>>>
2026-04-16 14:38:06,042 : INFO : EventManager : Event: ======'rhythm_lane_pressed'====== Args={'lane': 'left'}
2026-04-16 14:38:06,042 : INFO : EventManager : Event: ======'machine_var_audits_switches_s_flipper_left'====== Args={'value': 191, 'prev_value': 190, 'change': 1}
2026-04-16 14:38:06,176 : INFO : SwitchController : <<<<<<< 's_flipper_left' inactive >>>>>>>
2026-04-16 14:38:06,351 : INFO : EventManager : Event: ======'rhythm_note_spawned'====== Args={'note_id': 7, 'lane': 'center', 'travel_ms': 1600, 'hit_time_ms': 4900}
2026-04-16 14:38:06,422 : INFO : EventManager : Event: ======'player_rhythm_misses'====== Args={'value': 3, 'prev_value': 2, 'change': 1, 'player_num': 1}
2026-04-16 14:38:06,422 : INFO : EventManager : Event: ======'rhythm_note_missed'====== Args={'note_id': 2, 'lane': 'right', 'total_misses': 3}
2026-04-16 14:38:06,426 : INFO : SwitchController : <<<<<<< 's_action_button' active >>>>>>>
2026-04-16 14:38:06,426 : INFO : EventManager : Event: ======'rhythm_lane_pressed'====== Args={'lane': 'center'}
2026-04-16 14:38:06,427 : INFO : EventManager : Event: ======'machine_var_audits_switches_s_action_button'====== Args={'value': 139, 'prev_value': 138, 'change': 1}
2026-04-16 14:38:06,593 : INFO : SwitchController : <<<<<<< 's_action_button' inactive >>>>>>>
2026-04-16 14:38:06,658 : INFO : SwitchController : <<<<<<< 's_flipper_right' active >>>>>>>
2026-04-16 14:38:06,659 : INFO : EventManager : Event: ======'rhythm_lane_pressed'====== Args={'lane': 'right'}
2026-04-16 14:38:06,659 : INFO : EventManager : Event: ======'machine_var_audits_switches_s_flipper_right'====== Args={'value': 181, 'prev_value': 180, 'change': 1}
2026-04-16 14:38:06,751 : INFO : EventManager : Event: ======'rhythm_note_spawned'====== Args={'note_id': 8, 'lane': 'right', 'travel_ms': 1600, 'hit_time_ms': 5300}
2026-04-16 14:38:06,822 : INFO : EventManager : Event: ======'player_rhythm_misses'====== Args={'value': 4, 'prev_value': 3, 'change': 1, 'player_num': 1}
2026-04-16 14:38:06,822 : INFO : EventManager : Event: ======'rhythm_note_missed'====== Args={'note_id': 3, 'lane': 'left', 'total_misses': 4}
2026-04-16 14:38:06,824 : INFO : SwitchController : <<<<<<< 's_flipper_right' inactive >>>>>>>
2026-04-16 14:38:07,151 : INFO : EventManager : Event: ======'rhythm_note_spawned'====== Args={'note_id': 9, 'lane': 'left', 'travel_ms': 1600, 'hit_time_ms': 5700}
2026-04-16 14:38:07,222 : INFO : EventManager : Event: ======'player_rhythm_misses'====== Args={'value': 5, 'prev_value': 4, 'change': 1, 'player_num': 1}
2026-04-16 14:38:07,222 : INFO : EventManager : Event: ======'rhythm_note_missed'====== Args={'note_id': 4, 'lane': 'center', 'total_misses': 5}
2026-04-16 14:38:07,223 : INFO : EventManager : Event: ======'player_rhythm_misses'====== Args={'value': 6, 'prev_value': 5, 'change': 1, 'player_num': 1}
2026-04-16 14:38:07,223 : INFO : EventManager : Event: ======'rhythm_note_missed'====== Args={'note_id': 5, 'lane': 'right', 'total_misses': 6}
2026-04-16 14:38:07,224 : INFO : SwitchController : <<<<<<< 's_flipper_left' active >>>>>>>
2026-04-16 14:38:07,224 : INFO : EventManager : Event: ======'rhythm_lane_pressed'====== Args={'lane': 'left'}
2026-04-16 14:38:07,224 : INFO : EventManager : Event: ======'machine_var_audits_switches_s_flipper_left'====== Args={'value': 192, 'prev_value': 191, 'change': 1}
2026-04-16 14:38:07,391 : INFO : SwitchController : <<<<<<< 's_flipper_left' inactive >>>>>>>
2026-04-16 14:38:07,508 : INFO : SwitchController : <<<<<<< 's_action_button' active >>>>>>>
2026-04-16 14:38:07,508 : INFO : EventManager : Event: ======'rhythm_lane_pressed'====== Args={'lane': 'center'}
2026-04-16 14:38:07,508 : INFO : EventManager : Event: ======'machine_var_audits_switches_s_action_button'====== Args={'value': 140, 'prev_value': 139, 'change': 1}
2026-04-16 14:38:07,551 : INFO : EventManager : Event: ======'rhythm_note_spawned'====== Args={'note_id': 10, 'lane': 'center', 'travel_ms': 1600, 'hit_time_ms': 6100}
2026-04-16 14:38:07,624 : INFO : SwitchController : <<<<<<< 's_action_button' inactive >>>>>>>
2026-04-16 14:38:07,721 : INFO : EventManager : Event: ======'player_rhythm_misses'====== Args={'value': 7, 'prev_value': 6, 'change': 1, 'player_num': 1}
2026-04-16 14:38:07,721 : INFO : EventManager : Event: ======'rhythm_note_missed'====== Args={'note_id': 6, 'lane': 'left', 'total_misses': 7}
2026-04-16 14:38:07,808 : INFO : SwitchController : <<<<<<< 's_flipper_right' active >>>>>>>
2026-04-16 14:38:07,808 : INFO : EventManager : Event: ======'rhythm_lane_pressed'====== Args={'lane': 'right'}
2026-04-16 14:38:07,808 : INFO : EventManager : Event: ======'machine_var_audits_switches_s_flipper_right'====== Args={'value': 182, 'prev_value': 181, 'change': 1}
2026-04-16 14:38:07,951 : INFO : EventManager : Event: ======'rhythm_note_spawned'====== Args={'note_id': 11, 'lane': 'right', 'travel_ms': 1600, 'hit_time_ms': 6500}
2026-04-16 14:38:07,991 : INFO : SwitchController : <<<<<<< 's_flipper_right' inactive >>>>>>>
2026-04-16 14:38:08,122 : INFO : EventManager : Event: ======'player_rhythm_misses'====== Args={'value': 8, 'prev_value': 7, 'change': 1, 'player_num': 1}
2026-04-16 14:38:08,122 : INFO : EventManager : Event: ======'rhythm_note_missed'====== Args={'note_id': 7, 'lane': 'center', 'total_misses': 8}
2026-04-16 14:38:08,241 : INFO : SwitchController : <<<<<<< 's_flipper_left' active >>>>>>>
2026-04-16 14:38:08,241 : INFO : EventManager : Event: ======'rhythm_lane_pressed'====== Args={'lane': 'left'}
2026-04-16 14:38:08,242 : INFO : EventManager : Event: ======'machine_var_audits_switches_s_flipper_left'====== Args={'value': 193, 'prev_value': 192, 'change': 1}
2026-04-16 14:38:08,351 : INFO : EventManager : Event: ======'rhythm_note_spawned'====== Args={'note_id': 12, 'lane': 'center', 'travel_ms': 1600, 'hit_time_ms': 6900}
2026-04-16 14:38:08,374 : INFO : SwitchController : <<<<<<< 's_flipper_left' inactive >>>>>>>
2026-04-16 14:38:08,522 : INFO : EventManager : Event: ======'player_rhythm_misses'====== Args={'value': 9, 'prev_value': 8, 'change': 1, 'player_num': 1}
2026-04-16 14:38:08,522 : INFO : EventManager : Event: ======'rhythm_note_missed'====== Args={'note_id': 8, 'lane': 'right', 'total_misses': 9}
2026-04-16 14:38:08,641 : INFO : SwitchController : <<<<<<< 's_action_button' active >>>>>>>
2026-04-16 14:38:08,642 : INFO : EventManager : Event: ======'rhythm_lane_pressed'====== Args={'lane': 'center'}
2026-04-16 14:38:08,642 : INFO : EventManager : Event: ======'machine_var_audits_switches_s_action_button'====== Args={'value': 141, 'prev_value': 140, 'change': 1}
2026-04-16 14:38:08,751 : INFO : EventManager : Event: ======'rhythm_note_spawned'====== Args={'note_id': 13, 'lane': 'right', 'travel_ms': 1600, 'hit_time_ms': 7300}
2026-04-16 14:38:08,808 : INFO : SwitchController : <<<<<<< 's_action_button' inactive >>>>>>>
2026-04-16 14:38:08,922 : INFO : EventManager : Event: ======'player_rhythm_misses'====== Args={'value': 10, 'prev_value': 9, 'change': 1, 'player_num': 1}
2026-04-16 14:38:08,922 : INFO : EventManager : Event: ======'rhythm_note_missed'====== Args={'note_id': 9, 'lane': 'left', 'total_misses': 10}
2026-04-16 14:38:09,151 : INFO : EventManager : Event: ======'rhythm_note_spawned'====== Args={'note_id': 14, 'lane': 'left', 'travel_ms': 1600, 'hit_time_ms': 7700}
2026-04-16 14:38:09,151 : INFO : EventManager : Event: ======'rhythm_note_spawned'====== Args={'note_id': 15, 'lane': 'center', 'travel_ms': 1600, 'hit_time_ms': 7700}
2026-04-16 14:38:09,158 : INFO : SwitchController : <<<<<<< 's_flipper_right' active >>>>>>>
2026-04-16 14:38:09,158 : INFO : EventManager : Event: ======'rhythm_lane_pressed'====== Args={'lane': 'right'}
2026-04-16 14:38:09,158 : INFO : EventManager : Event: ======'machine_var_audits_switches_s_flipper_right'====== Args={'value': 183, 'prev_value': 182, 'change': 1}
2026-04-16 14:38:09,274 : INFO : SwitchController : <<<<<<< 's_flipper_right' inactive >>>>>>>
2026-04-16 14:38:09,321 : INFO : EventManager : Event: ======'player_rhythm_misses'====== Args={'value': 11, 'prev_value': 10, 'change': 1, 'player_num': 1}
2026-04-16 14:38:09,321 : INFO : EventManager : Event: ======'rhythm_note_missed'====== Args={'note_id': 10, 'lane': 'center', 'total_misses': 11}
2026-04-16 14:38:09,641 : INFO : SwitchController : <<<<<<< 's_action_button' active >>>>>>>
2026-04-16 14:38:09,641 : INFO : EventManager : Event: ======'rhythm_lane_pressed'====== Args={'lane': 'center'}
2026-04-16 14:38:09,642 : INFO : EventManager : Event: ======'machine_var_audits_switches_s_action_button'====== Args={'value': 142, 'prev_value': 141, 'change': 1}
2026-04-16 14:38:09,722 : INFO : EventManager : Event: ======'player_rhythm_misses'====== Args={'value': 12, 'prev_value': 11, 'change': 1, 'player_num': 1}
2026-04-16 14:38:09,722 : INFO : EventManager : Event: ======'rhythm_note_missed'====== Args={'note_id': 11, 'lane': 'right', 'total_misses': 12}
2026-04-16 14:38:09,751 : INFO : EventManager : Event: ======'rhythm_note_spawned'====== Args={'note_id': 16, 'lane': 'left', 'travel_ms': 1600, 'hit_time_ms': 8300}
2026-04-16 14:38:09,775 : INFO : SwitchController : <<<<<<< 's_action_button' inactive >>>>>>>
2026-04-16 14:38:10,024 : INFO : SwitchController : <<<<<<< 's_flipper_right' active >>>>>>>
2026-04-16 14:38:10,024 : INFO : EventManager : Event: ======'rhythm_lane_pressed'====== Args={'lane': 'right'}
2026-04-16 14:38:10,025 : INFO : EventManager : Event: ======'machine_var_audits_switches_s_flipper_right'====== Args={'value': 184, 'prev_value': 183, 'change': 1}
2026-04-16 14:38:10,122 : INFO : EventManager : Event: ======'player_rhythm_misses'====== Args={'value': 13, 'prev_value': 12, 'change': 1, 'player_num': 1}
2026-04-16 14:38:10,122 : INFO : EventManager : Event: ======'rhythm_note_missed'====== Args={'note_id': 12, 'lane': 'center', 'total_misses': 13}
2026-04-16 14:38:10,151 : INFO : EventManager : Event: ======'rhythm_note_spawned'====== Args={'note_id': 17, 'lane': 'center', 'travel_ms': 1600, 'hit_time_ms': 8700}
2026-04-16 14:38:10,191 : INFO : SwitchController : <<<<<<< 's_flipper_right' inactive >>>>>>>
2026-04-16 14:38:10,357 : INFO : SwitchController : <<<<<<< 's_flipper_left' active >>>>>>>
2026-04-16 14:38:10,358 : INFO : EventManager : Event: ======'rhythm_lane_pressed'====== Args={'lane': 'left'}
2026-04-16 14:38:10,358 : INFO : EventManager : Event: ======'machine_var_audits_switches_s_flipper_left'====== Args={'value': 194, 'prev_value': 193, 'change': 1}
2026-04-16 14:38:10,508 : INFO : SwitchController : <<<<<<< 's_flipper_left' inactive >>>>>>>
2026-04-16 14:38:10,522 : INFO : EventManager : Event: ======'player_rhythm_misses'====== Args={'value': 14, 'prev_value': 13, 'change': 1, 'player_num': 1}
2026-04-16 14:38:10,523 : INFO : EventManager : Event: ======'rhythm_note_missed'====== Args={'note_id': 13, 'lane': 'right', 'total_misses': 14}
2026-04-16 14:38:10,524 : INFO : SwitchController : <<<<<<< 's_flipper_left' active >>>>>>>
2026-04-16 14:38:10,524 : INFO : EventManager : Event: ======'rhythm_lane_pressed'====== Args={'lane': 'left'}
2026-04-16 14:38:10,524 : INFO : EventManager : Event: ======'machine_var_audits_switches_s_flipper_left'====== Args={'value': 195, 'prev_value': 194, 'change': 1}
2026-04-16 14:38:10,525 : INFO : SwitchController : <<<<<<< 's_action_button' active >>>>>>>
2026-04-16 14:38:10,525 : INFO : EventManager : Event: ======'rhythm_lane_pressed'====== Args={'lane': 'center'}
2026-04-16 14:38:10,525 : INFO : EventManager : Event: ======'machine_var_audits_switches_s_action_button'====== Args={'value': 143, 'prev_value': 142, 'change': 1}
2026-04-16 14:38:10,551 : INFO : EventManager : Event: ======'rhythm_note_spawned'====== Args={'note_id': 18, 'lane': 'right', 'travel_ms': 1600, 'hit_time_ms': 9100}
2026-04-16 14:38:10,675 : INFO : SwitchController : <<<<<<< 's_flipper_left' inactive >>>>>>>
2026-04-16 14:38:10,707 : INFO : SwitchController : <<<<<<< 's_action_button' inactive >>>>>>>
2026-04-16 14:38:10,921 : INFO : EventManager : Event: ======'player_rhythm_misses'====== Args={'value': 15, 'prev_value': 14, 'change': 1, 'player_num': 1}
2026-04-16 14:38:10,922 : INFO : EventManager : Event: ======'rhythm_note_missed'====== Args={'note_id': 14, 'lane': 'left', 'total_misses': 15}
2026-04-16 14:38:10,922 : INFO : EventManager : Event: ======'player_rhythm_misses'====== Args={'value': 16, 'prev_value': 15, 'change': 1, 'player_num': 1}
2026-04-16 14:38:10,922 : INFO : EventManager : Event: ======'rhythm_note_missed'====== Args={'note_id': 15, 'lane': 'center', 'total_misses': 16}
2026-04-16 14:38:10,951 : INFO : EventManager : Event: ======'rhythm_note_spawned'====== Args={'note_id': 19, 'lane': 'center', 'travel_ms': 1600, 'hit_time_ms': 9500}
2026-04-16 14:38:11,158 : INFO : SwitchController : <<<<<<< 's_action_button' active >>>>>>>
2026-04-16 14:38:11,159 : INFO : EventManager : Event: ======'rhythm_lane_pressed'====== Args={'lane': 'center'}
2026-04-16 14:38:11,159 : INFO : EventManager : Event: ======'machine_var_audits_switches_s_action_button'====== Args={'value': 144, 'prev_value': 143, 'change': 1}
2026-04-16 14:38:11,325 : INFO : SwitchController : <<<<<<< 's_action_button' inactive >>>>>>>
2026-04-16 14:38:11,351 : INFO : EventManager : Event: ======'rhythm_note_spawned'====== Args={'note_id': 20, 'lane': 'right', 'travel_ms': 1600, 'hit_time_ms': 9900}
2026-04-16 14:38:11,424 : INFO : SwitchController : <<<<<<< 's_flipper_right' active >>>>>>>
2026-04-16 14:38:11,425 : INFO : EventManager : Event: ======'rhythm_lane_pressed'====== Args={'lane': 'right'}
2026-04-16 14:38:11,425 : INFO : EventManager : Event: ======'machine_var_audits_switches_s_flipper_right'====== Args={'value': 185, 'prev_value': 184, 'change': 1}
2026-04-16 14:38:11,522 : INFO : EventManager : Event: ======'player_rhythm_misses'====== Args={'value': 17, 'prev_value': 16, 'change': 1, 'player_num': 1}
2026-04-16 14:38:11,522 : INFO : EventManager : Event: ======'rhythm_note_missed'====== Args={'note_id': 16, 'lane': 'left', 'total_misses': 17}
2026-04-16 14:38:11,591 : INFO : SwitchController : <<<<<<< 's_flipper_right' inactive >>>>>>>
2026-04-16 14:38:11,751 : INFO : EventManager : Event: ======'rhythm_note_spawned'====== Args={'note_id': 21, 'lane': 'left', 'travel_ms': 1600, 'hit_time_ms': 10300}
2026-04-16 14:38:11,922 : INFO : EventManager : Event: ======'player_rhythm_misses'====== Args={'value': 18, 'prev_value': 17, 'change': 1, 'player_num': 1}
2026-04-16 14:38:11,922 : INFO : EventManager : Event: ======'rhythm_note_missed'====== Args={'note_id': 17, 'lane': 'center', 'total_misses': 18}
2026-04-16 14:38:11,958 : INFO : SwitchController : <<<<<<< 's_action_button' active >>>>>>>
2026-04-16 14:38:11,958 : INFO : EventManager : Event: ======'rhythm_lane_pressed'====== Args={'lane': 'center'}
2026-04-16 14:38:11,958 : INFO : EventManager : Event: ======'machine_var_audits_switches_s_action_button'====== Args={'value': 145, 'prev_value': 144, 'change': 1}
2026-04-16 14:38:11,959 : INFO : EventManager : Event: ======'balldevice_bd_trough_ball_eject_failed'====== Args={'target': <ball_device.bd_plunger>, 'balls': 1, 'retry': True, 'num_attempts': 1}
2026-04-16 14:38:11,960 : INFO : ball_device.bd_trough : State: waiting_for_target_ready
2026-04-16 14:38:11,960 : INFO : EventManager : Event: ======'balldevice_bd_trough_ball_eject_attempt'====== Args={'balls': 1, 'target': <ball_device.bd_plunger>, 'source': <ball_device.bd_trough>, 'mechanical_eject': False, 'num_attempts': 1}
2026-04-16 14:38:11,960 : INFO : ball_device.bd_trough : State: ejecting
2026-04-16 14:38:11,960 : INFO : ball_device.bd_trough : Ejecting ball to <ball_device.bd_plunger>
2026-04-16 14:38:11,960 : INFO : EventManager : Event: ======'balldevice_bd_trough_ejecting_ball'====== Args={'balls': 1, 'target': <ball_device.bd_plunger>, 'source': <ball_device.bd_trough>, 'mechanical_eject': False, 'num_attempts': 1}
2026-04-16 14:38:11,961 : INFO : ball_device.bd_trough : Wait for ball to leave device
2026-04-16 14:38:11,961 : INFO : coil.c_trough_eject : Pulsing Driver for 10ms (1.0 pulse_power)
2026-04-16 14:38:12,124 : INFO : SwitchController : <<<<<<< 's_action_button' inactive >>>>>>>
2026-04-16 14:38:12,151 : INFO : EventManager : Event: ======'rhythm_note_spawned'====== Args={'note_id': 22, 'lane': 'center', 'travel_ms': 1600, 'hit_time_ms': 10700}
2026-04-16 14:38:12,152 : INFO : EventManager : Event: ======'rhythm_note_spawned'====== Args={'note_id': 23, 'lane': 'right', 'travel_ms': 1600, 'hit_time_ms': 10700}
2026-04-16 14:38:12,322 : INFO : EventManager : Event: ======'player_rhythm_misses'====== Args={'value': 19, 'prev_value': 18, 'change': 1, 'player_num': 1}
2026-04-16 14:38:12,322 : INFO : EventManager : Event: ======'rhythm_note_missed'====== Args={'note_id': 18, 'lane': 'right', 'total_misses': 19}
2026-04-16 14:38:12,391 : INFO : SwitchController : <<<<<<< 's_flipper_right' active >>>>>>>
2026-04-16 14:38:12,391 : INFO : EventManager : Event: ======'rhythm_lane_pressed'====== Args={'lane': 'right'}
2026-04-16 14:38:12,391 : INFO : EventManager : Event: ======'machine_var_audits_switches_s_flipper_right'====== Args={'value': 186, 'prev_value': 185, 'change': 1}
2026-04-16 14:38:12,524 : INFO : SwitchController : <<<<<<< 's_flipper_right' inactive >>>>>>>
2026-04-16 14:38:12,722 : INFO : EventManager : Event: ======'player_rhythm_misses'====== Args={'value': 20, 'prev_value': 19, 'change': 1, 'player_num': 1}
2026-04-16 14:38:12,722 : INFO : EventManager : Event: ======'rhythm_note_missed'====== Args={'note_id': 19, 'lane': 'center', 'total_misses': 20}
2026-04-16 14:38:12,750 : INFO : EventManager : Event: ======'rhythm_note_spawned'====== Args={'note_id': 24, 'lane': 'left', 'travel_ms': 1600, 'hit_time_ms': 11300}
2026-04-16 14:38:12,758 : INFO : SwitchController : <<<<<<< 's_flipper_left' active >>>>>>>
2026-04-16 14:38:12,758 : INFO : EventManager : Event: ======'rhythm_lane_pressed'====== Args={'lane': 'left'}
2026-04-16 14:38:12,758 : INFO : EventManager : Event: ======'machine_var_audits_switches_s_flipper_left'====== Args={'value': 196, 'prev_value': 195, 'change': 1}
2026-04-16 14:38:12,924 : INFO : SwitchController : <<<<<<< 's_flipper_left' inactive >>>>>>>
2026-04-16 14:38:13,121 : INFO : EventManager : Event: ======'player_rhythm_misses'====== Args={'value': 21, 'prev_value': 20, 'change': 1, 'player_num': 1}
2026-04-16 14:38:13,122 : INFO : EventManager : Event: ======'rhythm_note_missed'====== Args={'note_id': 20, 'lane': 'right', 'total_misses': 21}
2026-04-16 14:38:13,151 : INFO : EventManager : Event: ======'rhythm_note_spawned'====== Args={'note_id': 25, 'lane': 'center', 'travel_ms': 1600, 'hit_time_ms': 11700}
2026-04-16 14:38:13,210 : INFO : SwitchController : <<<<<<< 's_action_button' active >>>>>>>
2026-04-16 14:38:13,211 : INFO : EventManager : Event: ======'rhythm_lane_pressed'====== Args={'lane': 'center'}
2026-04-16 14:38:13,211 : INFO : EventManager : Event: ======'machine_var_audits_switches_s_action_button'====== Args={'value': 146, 'prev_value': 145, 'change': 1}
2026-04-16 14:38:13,242 : INFO : SwitchController : <<<<<<< 's_flipper_right' active >>>>>>>
2026-04-16 14:38:13,242 : INFO : EventManager : Event: ======'rhythm_lane_pressed'====== Args={'lane': 'right'}
2026-04-16 14:38:13,242 : INFO : EventManager : Event: ======'machine_var_audits_switches_s_flipper_right'====== Args={'value': 187, 'prev_value': 186, 'change': 1}
2026-04-16 14:38:13,442 : INFO : SwitchController : <<<<<<< 's_action_button' inactive >>>>>>>
2026-04-16 14:38:13,494 : INFO : SwitchController : <<<<<<< 's_flipper_right' inactive >>>>>>>
2026-04-16 14:38:13,522 : INFO : EventManager : Event: ======'player_rhythm_misses'====== Args={'value': 22, 'prev_value': 21, 'change': 1, 'player_num': 1}
2026-04-16 14:38:13,522 : INFO : EventManager : Event: ======'rhythm_note_missed'====== Args={'note_id': 21, 'lane': 'left', 'total_misses': 22}
2026-04-16 14:38:13,551 : INFO : EventManager : Event: ======'rhythm_note_spawned'====== Args={'note_id': 26, 'lane': 'left', 'travel_ms': 1600, 'hit_time_ms': 12100}
2026-04-16 14:38:13,759 : INFO : SwitchController : <<<<<<< 's_flipper_left' active >>>>>>>
2026-04-16 14:38:13,759 : INFO : EventManager : Event: ======'rhythm_lane_pressed'====== Args={'lane': 'left'}
2026-04-16 14:38:13,759 : INFO : EventManager : Event: ======'machine_var_audits_switches_s_flipper_left'====== Args={'value': 197, 'prev_value': 196, 'change': 1}
2026-04-16 14:38:13,891 : INFO : SwitchController : <<<<<<< 's_flipper_left' inactive >>>>>>>
2026-04-16 14:38:13,922 : INFO : EventManager : Event: ======'player_rhythm_misses'====== Args={'value': 23, 'prev_value': 22, 'change': 1, 'player_num': 1}
2026-04-16 14:38:13,922 : INFO : EventManager : Event: ======'rhythm_note_missed'====== Args={'note_id': 22, 'lane': 'center', 'total_misses': 23}
2026-04-16 14:38:13,923 : INFO : EventManager : Event: ======'player_rhythm_misses'====== Args={'value': 24, 'prev_value': 23, 'change': 1, 'player_num': 1}
2026-04-16 14:38:13,923 : INFO : EventManager : Event: ======'rhythm_note_missed'====== Args={'note_id': 23, 'lane': 'right', 'total_misses': 24}
2026-04-16 14:38:13,950 : INFO : EventManager : Event: ======'rhythm_note_spawned'====== Args={'note_id': 27, 'lane': 'right', 'travel_ms': 1600, 'hit_time_ms': 12500}
2026-04-16 14:38:14,057 : INFO : SwitchController : <<<<<<< 's_action_button' active >>>>>>>
2026-04-16 14:38:14,058 : INFO : EventManager : Event: ======'rhythm_lane_pressed'====== Args={'lane': 'center'}
2026-04-16 14:38:14,058 : INFO : EventManager : Event: ======'machine_var_audits_switches_s_action_button'====== Args={'value': 147, 'prev_value': 146, 'change': 1}
2026-04-16 14:38:14,208 : INFO : SwitchController : <<<<<<< 's_action_button' inactive >>>>>>>
2026-04-16 14:38:14,351 : INFO : EventManager : Event: ======'rhythm_note_spawned'====== Args={'note_id': 28, 'lane': 'center', 'travel_ms': 1600, 'hit_time_ms': 12900}
2026-04-16 14:38:14,521 : INFO : EventManager : Event: ======'player_rhythm_misses'====== Args={'value': 25, 'prev_value': 24, 'change': 1, 'player_num': 1}
2026-04-16 14:38:14,521 : INFO : EventManager : Event: ======'rhythm_note_missed'====== Args={'note_id': 24, 'lane': 'left', 'total_misses': 25}
2026-04-16 14:38:14,751 : INFO : EventManager : Event: ======'rhythm_note_spawned'====== Args={'note_id': 29, 'lane': 'right', 'travel_ms': 1600, 'hit_time_ms': 13300}
2026-04-16 14:38:14,921 : INFO : EventManager : Event: ======'player_rhythm_misses'====== Args={'value': 26, 'prev_value': 25, 'change': 1, 'player_num': 1}
2026-04-16 14:38:14,922 : INFO : EventManager : Event: ======'rhythm_note_missed'====== Args={'note_id': 25, 'lane': 'center', 'total_misses': 26}
2026-04-16 14:38:15,151 : INFO : EventManager : Event: ======'rhythm_note_spawned'====== Args={'note_id': 30, 'lane': 'left', 'travel_ms': 1600, 'hit_time_ms': 13700}
2026-04-16 14:38:15,152 : INFO : EventManager : Event: ======'rhythm_note_spawned'====== Args={'note_id': 31, 'lane': 'center', 'travel_ms': 1600, 'hit_time_ms': 13700}
2026-04-16 14:38:15,322 : INFO : EventManager : Event: ======'player_rhythm_misses'====== Args={'value': 27, 'prev_value': 26, 'change': 1, 'player_num': 1}
2026-04-16 14:38:15,323 : INFO : EventManager : Event: ======'rhythm_note_missed'====== Args={'note_id': 26, 'lane': 'left', 'total_misses': 27}
2026-04-16 14:38:15,508 : INFO : SwitchController : <<<<<<< 's_action_button' active >>>>>>>
2026-04-16 14:38:15,508 : INFO : EventManager : Event: ======'rhythm_lane_pressed'====== Args={'lane': 'center'}
2026-04-16 14:38:15,508 : INFO : EventManager : Event: ======'machine_var_audits_switches_s_action_button'====== Args={'value': 148, 'prev_value': 147, 'change': 1}
2026-04-16 14:38:15,641 : INFO : SwitchController : <<<<<<< 's_action_button' inactive >>>>>>>
2026-04-16 14:38:15,721 : INFO : EventManager : Event: ======'player_rhythm_misses'====== Args={'value': 28, 'prev_value': 27, 'change': 1, 'player_num': 1}
2026-04-16 14:38:15,721 : INFO : EventManager : Event: ======'rhythm_note_missed'====== Args={'note_id': 27, 'lane': 'right', 'total_misses': 28}
2026-04-16 14:38:15,750 : INFO : EventManager : Event: ======'rhythm_note_spawned'====== Args={'note_id': 32, 'lane': 'center', 'travel_ms': 1600, 'hit_time_ms': 14300}
2026-04-16 14:38:16,122 : INFO : EventManager : Event: ======'player_rhythm_misses'====== Args={'value': 29, 'prev_value': 28, 'change': 1, 'player_num': 1}
2026-04-16 14:38:16,123 : INFO : EventManager : Event: ======'rhythm_note_missed'====== Args={'note_id': 28, 'lane': 'center', 'total_misses': 29}
2026-04-16 14:38:16,151 : INFO : EventManager : Event: ======'rhythm_note_spawned'====== Args={'note_id': 33, 'lane': 'right', 'travel_ms': 1600, 'hit_time_ms': 14700}
2026-04-16 14:38:16,407 : INFO : SwitchController : <<<<<<< 's_action_button' active >>>>>>>
2026-04-16 14:38:16,408 : INFO : EventManager : Event: ======'rhythm_lane_pressed'====== Args={'lane': 'center'}
2026-04-16 14:38:16,408 : INFO : EventManager : Event: ======'machine_var_audits_switches_s_action_button'====== Args={'value': 149, 'prev_value': 148, 'change': 1}
2026-04-16 14:38:16,522 : INFO : EventManager : Event: ======'player_rhythm_misses'====== Args={'value': 30, 'prev_value': 29, 'change': 1, 'player_num': 1}
2026-04-16 14:38:16,522 : INFO : EventManager : Event: ======'rhythm_note_missed'====== Args={'note_id': 29, 'lane': 'right', 'total_misses': 30}
2026-04-16 14:38:16,541 : INFO : SwitchController : <<<<<<< 's_action_button' inactive >>>>>>>
2026-04-16 14:38:16,551 : INFO : EventManager : Event: ======'rhythm_note_spawned'====== Args={'note_id': 34, 'lane': 'left', 'travel_ms': 1600, 'hit_time_ms': 15100}
2026-04-16 14:38:16,908 : INFO : SwitchController : <<<<<<< 's_action_button' active >>>>>>>
2026-04-16 14:38:16,908 : INFO : EventManager : Event: ======'rhythm_lane_pressed'====== Args={'lane': 'center'}
2026-04-16 14:38:16,908 : INFO : EventManager : Event: ======'player_rhythm_combo'====== Args={'value': 1, 'prev_value': 0, 'change': 1, 'player_num': 1}
2026-04-16 14:38:16,909 : INFO : EventManager : Event: ======'player_rhythm_best_combo'====== Args={'value': 1, 'prev_value': 0, 'change': 1, 'player_num': 1}
2026-04-16 14:38:16,909 : INFO : EventManager : Event: ======'player_rhythm_hits'====== Args={'value': 1, 'prev_value': 0, 'change': 1, 'player_num': 1}
2026-04-16 14:38:16,909 : INFO : EventManager : Event: ======'player_rhythm_mode_score'====== Args={'value': 10000, 'prev_value': 0, 'change': 10000, 'player_num': 1}
2026-04-16 14:38:16,909 : INFO : EventManager : Event: ======'player_score'====== Args={'value': 10000, 'prev_value': 0, 'change': 10000, 'player_num': 1}
2026-04-16 14:38:16,910 : INFO : EventManager : Event: ======'rhythm_note_hit'====== Args={'note_id': 31, 'lane': 'center', 'judgment': 'good', 'combo': 1, 'multiplier': 1, 'award': 10000, 'delta_ms': 160, 'total_score': 10000}
2026-04-16 14:38:16,910 : INFO : EventManager : Event: ======'machine_var_audits_switches_s_action_button'====== Args={'value': 150, 'prev_value': 149, 'change': 1}
2026-04-16 14:38:16,922 : INFO : EventManager : Event: ======'player_rhythm_combo'====== Args={'value': 0, 'prev_value': 1, 'change': -1, 'player_num': 1}
2026-04-16 14:38:16,922 : INFO : EventManager : Event: ======'player_rhythm_misses'====== Args={'value': 31, 'prev_value': 30, 'change': 1, 'player_num': 1}
2026-04-16 14:38:16,923 : INFO : EventManager : Event: ======'rhythm_note_missed'====== Args={'note_id': 30, 'lane': 'left', 'total_misses': 31}
2026-04-16 14:38:16,951 : INFO : EventManager : Event: ======'rhythm_note_spawned'====== Args={'note_id': 35, 'lane': 'center', 'travel_ms': 1600, 'hit_time_ms': 15500}
2026-04-16 14:38:17,057 : INFO : SwitchController : <<<<<<< 's_action_button' inactive >>>>>>>
2026-04-16 14:38:17,341 : INFO : SwitchController : <<<<<<< 's_action_button' active >>>>>>>
2026-04-16 14:38:17,341 : INFO : EventManager : Event: ======'rhythm_lane_pressed'====== Args={'lane': 'center'}
2026-04-16 14:38:17,341 : INFO : EventManager : Event: ======'player_rhythm_combo'====== Args={'value': 1, 'prev_value': 0, 'change': 1, 'player_num': 1}
2026-04-16 14:38:17,341 : INFO : EventManager : Event: ======'player_rhythm_hits'====== Args={'value': 2, 'prev_value': 1, 'change': 1, 'player_num': 1}
2026-04-16 14:38:17,342 : INFO : EventManager : Event: ======'player_rhythm_mode_score'====== Args={'value': 30000, 'prev_value': 10000, 'change': 20000, 'player_num': 1}
2026-04-16 14:38:17,342 : INFO : EventManager : Event: ======'player_score'====== Args={'value': 30000, 'prev_value': 10000, 'change': 20000, 'player_num': 1}
2026-04-16 14:38:17,342 : INFO : EventManager : Event: ======'rhythm_note_hit'====== Args={'note_id': 32, 'lane': 'center', 'judgment': 'perfect', 'combo': 1, 'multiplier': 1, 'award': 20000, 'delta_ms': 7, 'total_score': 30000}
2026-04-16 14:38:17,342 : INFO : EventManager : Event: ======'machine_var_audits_switches_s_action_button'====== Args={'value': 151, 'prev_value': 150, 'change': 1}
2026-04-16 14:38:17,550 : INFO : EventManager : Event: ======'rhythm_note_spawned'====== Args={'note_id': 36, 'lane': 'left', 'travel_ms': 1600, 'hit_time_ms': 16100}
2026-04-16 14:38:17,551 : INFO : EventManager : Event: ======'rhythm_note_spawned'====== Args={'note_id': 37, 'lane': 'right', 'travel_ms': 1600, 'hit_time_ms': 16100}
2026-04-16 14:38:17,575 : INFO : SwitchController : <<<<<<< 's_action_button' inactive >>>>>>>
2026-04-16 14:38:17,922 : INFO : EventManager : Event: ======'player_rhythm_combo'====== Args={'value': 0, 'prev_value': 1, 'change': -1, 'player_num': 1}
2026-04-16 14:38:17,922 : INFO : EventManager : Event: ======'player_rhythm_misses'====== Args={'value': 32, 'prev_value': 31, 'change': 1, 'player_num': 1}
2026-04-16 14:38:17,923 : INFO : EventManager : Event: ======'rhythm_note_missed'====== Args={'note_id': 33, 'lane': 'right', 'total_misses': 32}
2026-04-16 14:38:18,322 : INFO : EventManager : Event: ======'player_rhythm_misses'====== Args={'value': 33, 'prev_value': 32, 'change': 1, 'player_num': 1}
2026-04-16 14:38:18,323 : INFO : EventManager : Event: ======'rhythm_note_missed'====== Args={'note_id': 34, 'lane': 'left', 'total_misses': 33}
2026-04-16 14:38:18,475 : INFO : SwitchController : <<<<<<< 's_action_button' active >>>>>>>
2026-04-16 14:38:18,475 : INFO : EventManager : Event: ======'rhythm_lane_pressed'====== Args={'lane': 'center'}
2026-04-16 14:38:18,475 : INFO : EventManager : Event: ======'player_rhythm_combo'====== Args={'value': 1, 'prev_value': 0, 'change': 1, 'player_num': 1}
2026-04-16 14:38:18,475 : INFO : EventManager : Event: ======'player_rhythm_hits'====== Args={'value': 3, 'prev_value': 2, 'change': 1, 'player_num': 1}
2026-04-16 14:38:18,476 : INFO : EventManager : Event: ======'player_rhythm_mode_score'====== Args={'value': 50000, 'prev_value': 30000, 'change': 20000, 'player_num': 1}
2026-04-16 14:38:18,476 : INFO : EventManager : Event: ======'player_score'====== Args={'value': 50000, 'prev_value': 30000, 'change': 20000, 'player_num': 1}
2026-04-16 14:38:18,476 : INFO : EventManager : Event: ======'rhythm_note_hit'====== Args={'note_id': 35, 'lane': 'center', 'judgment': 'perfect', 'combo': 1, 'multiplier': 1, 'award': 20000, 'delta_ms': 73, 'total_score': 50000}
2026-04-16 14:38:18,476 : INFO : EventManager : Event: ======'machine_var_audits_switches_s_action_button'====== Args={'value': 152, 'prev_value': 151, 'change': 1}
2026-04-16 14:38:18,641 : INFO : SwitchController : <<<<<<< 's_action_button' inactive >>>>>>>
2026-04-16 14:38:19,321 : INFO : EventManager : Event: ======'player_rhythm_combo'====== Args={'value': 0, 'prev_value': 1, 'change': -1, 'player_num': 1}
2026-04-16 14:38:19,322 : INFO : EventManager : Event: ======'player_rhythm_misses'====== Args={'value': 34, 'prev_value': 33, 'change': 1, 'player_num': 1}
2026-04-16 14:38:19,322 : INFO : EventManager : Event: ======'rhythm_note_missed'====== Args={'note_id': 36, 'lane': 'left', 'total_misses': 34}
2026-04-16 14:38:19,323 : INFO : EventManager : Event: ======'player_rhythm_misses'====== Args={'value': 35, 'prev_value': 34, 'change': 1, 'player_num': 1}
2026-04-16 14:38:19,323 : INFO : EventManager : Event: ======'rhythm_note_missed'====== Args={'note_id': 37, 'lane': 'right', 'total_misses': 35}
2026-04-16 14:38:19,571 : INFO : EventManager : Event: ======'player_rhythm_accuracy'====== Args={'value': 8, 'prev_value': 0, 'change': 8, 'player_num': 1}
2026-04-16 14:38:19,572 : INFO : EventManager : Event: ======'rhythm_mode_finished'====== Args={'total_notes': 38, 'hits': 3, 'misses': 35, 'best_combo': 1, 'accuracy': 8, 'total_score': 50000}
2026-04-16 14:38:19,708 : INFO : SwitchController : <<<<<<< 's_action_button' active >>>>>>>
2026-04-16 14:38:19,708 : INFO : EventManager : Event: ======'rhythm_lane_pressed'====== Args={'lane': 'center'}
2026-04-16 14:38:19,708 : INFO : EventManager : Event: ======'machine_var_audits_switches_s_action_button'====== Args={'value': 153, 'prev_value': 152, 'change': 1}
2026-04-16 14:38:19,891 : INFO : SwitchController : <<<<<<< 's_action_button' inactive >>>>>>>
2026-04-16 14:38:21,173 : INFO : EventManager : Event: ======'mode_rhythm_will_stop'====== Args={}
2026-04-16 14:38:21,173 : INFO : EventManager : Event: ======'mode_rhythm_stopping'====== Args={}
2026-04-16 14:38:21,175 : INFO : Mode.rhythm : Stopped.
2026-04-16 14:38:21,175 : INFO : EventManager : Event: ======'modes_active_modes_changed'====== Args={}
2026-04-16 14:38:21,176 : INFO : EventManager : Event: ======'mode_rhythm_stopped'====== Args={}
2026-04-16 14:38:21,176 : INFO : EventManager : Event: ======'clear'====== Args={'key': 'rhythm'}
2026-04-16 14:38:21,192 : INFO : EventManager : Event: ======'slide_rhythm_inactive'====== Args={'is_removing': True, '_from_bcp': True}
2026-04-16 14:38:21,192 : INFO : EventManager : Event: ======'slide_base_slide_active'====== Args={'_from_bcp': True}
2026-04-16 14:38:21,193 : INFO : EventManager : Event: ======'slide_rhythm_removed'====== Args={'_from_bcp': True}
2026-04-16 14:38:21,962 : INFO : EventManager : Event: ======'balldevice_bd_trough_ball_eject_failed'====== Args={'target': <ball_device.bd_plunger>, 'balls': 1, 'retry': True, 'num_attempts': 2}
2026-04-16 14:38:21,963 : INFO : ball_device.bd_trough : State: waiting_for_target_ready
2026-04-16 14:38:21,963 : INFO : EventManager : Event: ======'balldevice_bd_trough_ball_eject_attempt'====== Args={'balls': 1, 'target': <ball_device.bd_plunger>, 'source': <ball_device.bd_trough>, 'mechanical_eject': False, 'num_attempts': 2}
2026-04-16 14:38:21,964 : INFO : ball_device.bd_trough : State: ejecting
2026-04-16 14:38:21,964 : INFO : ball_device.bd_trough : Ejecting ball to <ball_device.bd_plunger>
2026-04-16 14:38:21,964 : INFO : EventManager : Event: ======'balldevice_bd_trough_ejecting_ball'====== Args={'balls': 1, 'target': <ball_device.bd_plunger>, 'source': <ball_device.bd_trough>, 'mechanical_eject': False, 'num_attempts': 2}
2026-04-16 14:38:21,964 : INFO : ball_device.bd_trough : Wait for ball to leave device
2026-04-16 14:38:21,964 : INFO : coil.c_trough_eject : Pulsing Driver for 10ms (1.0 pulse_power)
2026-04-16 14:38:23,457 : INFO : Machine : Shutting down...
2026-04-16 14:38:23,457 : INFO : EventManager : Event: ======'shutdown'====== Args={}
2026-04-16 14:38:23,458 : INFO : EventManager : Event: ======'mode_game_will_stop'====== Args={}
2026-04-16 14:38:23,458 : INFO : EventManager : Event: ======'mode_game_stopping'====== Args={}
2026-04-16 14:38:23,459 : INFO : EventManager : Event: ======'mode_bumpers_will_stop'====== Args={}
2026-04-16 14:38:23,459 : INFO : EventManager : Event: ======'mode_bumpers_stopping'====== Args={}
2026-04-16 14:38:23,459 : INFO : EventManager : Event: ======'mode_base_will_stop'====== Args={}
2026-04-16 14:38:23,459 : INFO : EventManager : Event: ======'mode_base_stopping'====== Args={}
2026-04-16 14:38:23,459 : INFO : EventManager : Event: ======'stop_mode_bumpers'====== Args={'priority': 0}
2026-04-16 14:38:23,459 : INFO : Mode.base : Stopped.
2026-04-16 14:38:23,459 : INFO : EventManager : Event: ======'modes_active_modes_changed'====== Args={}
2026-04-16 14:38:23,459 : INFO : EventManager : Event: ======'mode_base_stopped'====== Args={}
2026-04-16 14:38:23,459 : INFO : EventManager : Event: ======'clear'====== Args={'key': 'base'}
2026-04-16 14:38:23,460 : INFO : Mode.bumpers : Stopped.
2026-04-16 14:38:23,460 : INFO : EventManager : Event: ======'modes_active_modes_changed'====== Args={}
2026-04-16 14:38:23,460 : INFO : EventManager : Event: ======'mode_bumpers_stopped'====== Args={}
2026-04-16 14:38:23,460 : INFO : EventManager : Event: ======'clear'====== Args={'key': 'bumpers'}
2026-04-16 14:38:23,460 : INFO : Mode.game : Stopped.
2026-04-16 14:38:23,460 : INFO : EventManager : Event: ======'modes_active_modes_changed'====== Args={}
2026-04-16 14:38:23,460 : INFO : EventManager : Event: ======'mode_game_stopped'====== Args={}
2026-04-16 14:38:23,460 : INFO : EventManager : Event: ======'clear'====== Args={'key': 'game'}
2026-04-16 14:38:23,462 : INFO : root : MPF run loop ended.
