2026-04-16 14:54:23,885 : INFO : root : Loading config.
2026-04-16 14:54:23,934 : INFO : ConfigProcessor : Config spec file cache created: /var/folders/nw/6blj94p12ldcym3fj104vzlm0000gn/T/config_spec.mpf_cache
2026-04-16 14:54:23,934 : INFO : YamlMultifileConfigLoader : Machine config file #1: config.yaml
2026-04-16 14:54:23,934 : INFO : ConfigProcessor : Loading config from cache: /var/folders/nw/6blj94p12ldcym3fj104vzlm0000gn/T/b334f8a4e2121184f8a617378a4d1625.mpf_cache
2026-04-16 14:54:23,946 : INFO : ConfigProcessor : Loading config from cache: /var/folders/nw/6blj94p12ldcym3fj104vzlm0000gn/T/63da12c4cec82227b4c3859bbf3c7cd4.mpf_cache
2026-04-16 14:54:23,946 : INFO : ConfigProcessor : Loading config from cache: /var/folders/nw/6blj94p12ldcym3fj104vzlm0000gn/T/b8625db2ee8ad38c42d4f1c72235edc8.mpf_cache
2026-04-16 14:54:23,946 : INFO : ConfigProcessor : Loading config from cache: /var/folders/nw/6blj94p12ldcym3fj104vzlm0000gn/T/63da12c4cec82227b4c3859bbf3c7cd4.mpf_cache
2026-04-16 14:54:23,946 : INFO : ConfigProcessor : Loading config from cache: /var/folders/nw/6blj94p12ldcym3fj104vzlm0000gn/T/104947b35f87d581877cdaf02599b463.mpf_cache
2026-04-16 14:54:23,946 : INFO : ConfigProcessor : Loading config from cache: /var/folders/nw/6blj94p12ldcym3fj104vzlm0000gn/T/bc830d47d6fbb336561cc63e74edf2c9.mpf_cache
2026-04-16 14:54:23,946 : INFO : ConfigProcessor : Loading config from cache: /var/folders/nw/6blj94p12ldcym3fj104vzlm0000gn/T/4273c698423283a7843ff5c77ef69dc9.mpf_cache
2026-04-16 14:54:23,946 : INFO : ConfigProcessor : Loading config from cache: /var/folders/nw/6blj94p12ldcym3fj104vzlm0000gn/T/7424f2cce7b15e0b37e570d3514590c8.mpf_cache
2026-04-16 14:54:23,946 : INFO : Machine : Mission Pinball Framework Core Engine v0.80.0.dev13
2026-04-16 14:54:23,946 : INFO : Machine : Command line arguments: {'no_load_cache': False, 'create_config_cache': True, 'bcp': True, 'configfile': ['config.yaml'], 'force_assets_load': False, 'platform_integration_test': False, 'jsonlogging': False, 'logfile': 'logs/2026-04-16-14-54-23-mpf-Wills-MacBook-Pro-M5.local.log', 'pause': False, 'production': False, 'text_ui': False, 'loglevel': 15, 'consoleloglevel': 20, 'force_platform': 'virtual', 'syslog_address': None, 'full_logfile_path': '/Users/willrante/Documents/GitHub/pinball/logs/2026-04-16-14-54-23-mpf-Wills-MacBook-Pro-M5.local.log'}
2026-04-16 14:54:23,946 : INFO : Machine : MPF path: /Users/willrante/mpf-env/lib/python3.14/site-packages/mpf
2026-04-16 14:54:23,947 : INFO : Machine : Machine path: /Users/willrante/Documents/GitHub/pinball
2026-04-16 14:54:23,947 : INFO : Machine : Platform: darwin
2026-04-16 14:54:23,947 : INFO : Machine : Python executable location: /Users/willrante/mpf-env/bin/python3.14
2026-04-16 14:54:23,947 : INFO : Machine : Python version: 3.14.3 (64-bit)
2026-04-16 14:54:23,947 : INFO : Machine : Initializing MPF...
2026-04-16 14:54:23,960 : INFO : EventManager : Event: ======'machine_var_credits_string'====== Args={'value': 'FREE PLAY', 'prev_value': None, 'change': True}
2026-04-16 14:54:23,962 : INFO : EventManager : Event: ======'machine_var_master_volume'====== Args={'value': 0.5, 'prev_value': None, 'change': True}
2026-04-16 14:54:23,962 : INFO : EventManager : Event: ======'machine_var_mpf_version'====== Args={'value': 'Mission Pinball Framework v0.80.0.dev13', 'prev_value': None, 'change': True}
2026-04-16 14:54:23,962 : INFO : EventManager : Event: ======'machine_var_mpf_extended_version'====== Args={'value': 'Mission Pinball Framework v0.80.0.dev13, Config version:6, Show version: 6, BCP version:1.1', 'prev_value': None, 'change': True}
2026-04-16 14:54:23,962 : INFO : EventManager : Event: ======'machine_var_python_version'====== Args={'value': '3.14.3', 'prev_value': None, 'change': True}
2026-04-16 14:54:23,968 : INFO : EventManager : Event: ======'machine_var_platform'====== Args={'value': 'macOS-26.4.1-arm64-arm-64bit-Mach-O', 'prev_value': None, 'change': True}
2026-04-16 14:54:23,968 : INFO : EventManager : Event: ======'machine_var_platform_system'====== Args={'value': 'Darwin', 'prev_value': None, 'change': True}
2026-04-16 14:54:23,968 : INFO : EventManager : Event: ======'machine_var_platform_release'====== Args={'value': '25.4.0', 'prev_value': None, 'change': True}
2026-04-16 14:54:23,968 : INFO : EventManager : Event: ======'machine_var_platform_version'====== Args={'value': 'Darwin Kernel Version 25.4.0: Thu Mar 19 19:33:50 PDT 2026; root:xnu-12377.101.15~1/RELEASE_ARM64_T6050', 'prev_value': None, 'change': True}
2026-04-16 14:54:23,968 : INFO : EventManager : Event: ======'machine_var_platform_machine'====== Args={'value': 'arm64', 'prev_value': None, 'change': True}
2026-04-16 14:54:23,968 : INFO : EventManager : Event: ======'machine_var_log_file_path'====== Args={'value': '/Users/willrante/Documents/GitHub/pinball/logs/2026-04-16-14-54-23-mpf-Wills-MacBook-Pro-M5.local.log', 'prev_value': None, 'change': True}
2026-04-16 14:54:23,968 : INFO : EventManager : Event: ======'init_phase_1'====== Args={}
2026-04-16 14:54:23,973 : INFO : EventManager : Event: ======'init_phase_2'====== Args={}
2026-04-16 14:54:23,973 : INFO : SwitchController : Found active switch: (1007, <Platform.Virtual>) <switch.s_trough_1>
2026-04-16 14:54:23,973 : INFO : SwitchController : Found active switch: (1008, <Platform.Virtual>) <switch.s_trough_2>
2026-04-16 14:54:23,973 : INFO : SwitchController : Found active switch: (1009, <Platform.Virtual>) <switch.s_trough_3>
2026-04-16 14:54:23,973 : INFO : EventManager : Event: ======'bcp_connection_attempt'====== Args={'name': 'local_display', 'host': 'localhost', 'port': 5050}
2026-04-16 14:54:23,974 : INFO : BCPClientSocket : Connecting BCP to 'local_display' at localhost:5050...
2026-04-16 14:54:23,976 : INFO : BCPClientSocket : Connected BCP to 'local_display' localhost:5050
2026-04-16 14:54:23,976 : INFO : EventManager : Event: ======'bcp_clients_connected'====== Args={}
2026-04-16 14:54:23,976 : INFO : ball_device.bd_plunger : BCH: Initial count: 0
2026-04-16 14:54:23,976 : INFO : ball_device.bd_plunger : State: idle
2026-04-16 14:54:23,977 : INFO : ball_device.bd_trough : BCH: Initial count: 3
2026-04-16 14:54:23,977 : INFO : ball_device.bd_trough : State: idle
2026-04-16 14:54:23,979 : INFO : EventManager : Event: ======'init_phase_3'====== Args={}
2026-04-16 14:54:23,979 : INFO : EventManager : Event: ======'init_phase_4'====== Args={}
2026-04-16 14:54:23,979 : INFO : BallController : Initial balls found: 3
2026-04-16 14:54:23,980 : INFO : EventManager : Event: ======'machine_var_audits_events_game_ended'====== Args={'value': 0, 'prev_value': None, 'change': True}
2026-04-16 14:54:23,980 : INFO : EventManager : Event: ======'machine_var_audits_events_game_started'====== Args={'value': 23, 'prev_value': None, 'change': True}
2026-04-16 14:54:23,980 : INFO : EventManager : Event: ======'machine_var_audits_missing_switches_s_bumper_left'====== Args={'value': 12, 'prev_value': None, 'change': True}
2026-04-16 14:54:23,980 : INFO : EventManager : Event: ======'machine_var_audits_missing_switches_s_bumper_right'====== Args={'value': 12, 'prev_value': None, 'change': True}
2026-04-16 14:54:23,980 : INFO : EventManager : Event: ======'machine_var_audits_missing_switches_s_plunger_lane'====== Args={'value': 23, 'prev_value': None, 'change': True}
2026-04-16 14:54:23,980 : INFO : EventManager : Event: ======'machine_var_audits_missing_switches_s_start'====== Args={'value': 19, 'prev_value': None, 'change': True}
2026-04-16 14:54:23,980 : INFO : EventManager : Event: ======'machine_var_audits_missing_switches_s_trough_1'====== Args={'value': 23, 'prev_value': None, 'change': True}
2026-04-16 14:54:23,980 : INFO : EventManager : Event: ======'machine_var_audits_missing_switches_s_trough_2'====== Args={'value': 23, 'prev_value': None, 'change': True}
2026-04-16 14:54:23,980 : INFO : EventManager : Event: ======'machine_var_audits_missing_switches_s_trough_3'====== Args={'value': 23, 'prev_value': None, 'change': True}
2026-04-16 14:54:23,980 : INFO : EventManager : Event: ======'machine_var_audits_player_score'====== Args={'value': {'average': 0, 'top': [], 'total': 0}, 'prev_value': None, 'change': True}
2026-04-16 14:54:23,980 : INFO : EventManager : Event: ======'machine_var_audits_shots_bumper_left'====== Args={'value': 145, 'prev_value': None, 'change': True}
2026-04-16 14:54:23,980 : INFO : EventManager : Event: ======'machine_var_audits_shots_bumper_right'====== Args={'value': 144, 'prev_value': None, 'change': True}
2026-04-16 14:54:23,980 : INFO : EventManager : Event: ======'machine_var_audits_shots_hurryup'====== Args={'value': 3, 'prev_value': None, 'change': True}
2026-04-16 14:54:23,980 : INFO : EventManager : Event: ======'machine_var_audits_shots_left_lane'====== Args={'value': 31, 'prev_value': None, 'change': True}
2026-04-16 14:54:23,980 : INFO : EventManager : Event: ======'machine_var_audits_switches_s_action_button'====== Args={'value': 181, 'prev_value': None, 'change': True}
2026-04-16 14:54:23,980 : INFO : EventManager : Event: ======'machine_var_audits_switches_s_bumper_left'====== Args={'value': 145, 'prev_value': None, 'change': True}
2026-04-16 14:54:23,980 : INFO : EventManager : Event: ======'machine_var_audits_switches_s_bumper_right'====== Args={'value': 144, 'prev_value': None, 'change': True}
2026-04-16 14:54:23,980 : INFO : EventManager : Event: ======'machine_var_audits_switches_s_flipper_left'====== Args={'value': 221, 'prev_value': None, 'change': True}
2026-04-16 14:54:23,980 : INFO : EventManager : Event: ======'machine_var_audits_switches_s_flipper_right'====== Args={'value': 211, 'prev_value': None, 'change': True}
2026-04-16 14:54:23,980 : INFO : EventManager : Event: ======'machine_var_audits_switches_s_left_lane'====== Args={'value': 31, 'prev_value': None, 'change': True}
2026-04-16 14:54:23,980 : INFO : EventManager : Event: ======'machine_var_audits_switches_s_plunger_lane'====== Args={'value': 0, 'prev_value': None, 'change': True}
2026-04-16 14:54:23,980 : INFO : EventManager : Event: ======'machine_var_audits_switches_s_start'====== Args={'value': 3, 'prev_value': None, 'change': True}
2026-04-16 14:54:23,980 : INFO : EventManager : Event: ======'machine_var_audits_switches_s_trough_1'====== Args={'value': 0, 'prev_value': None, 'change': True}
2026-04-16 14:54:23,980 : INFO : EventManager : Event: ======'machine_var_audits_switches_s_trough_2'====== Args={'value': 0, 'prev_value': None, 'change': True}
2026-04-16 14:54:23,980 : INFO : EventManager : Event: ======'machine_var_audits_switches_s_trough_3'====== Args={'value': 0, 'prev_value': None, 'change': True}
2026-04-16 14:54:23,981 : INFO : EventManager : Event: ======'init_phase_5'====== Args={}
2026-04-16 14:54:23,981 : INFO : EventManager : Event: ======'init_done'====== Args={}
2026-04-16 14:54:23,981 : INFO : EventManager : Event: ======'machine_reset_phase_1'====== Args={}
2026-04-16 14:54:24,019 : INFO : EventManager : Event: ======'machine_reset_phase_2'====== Args={}
2026-04-16 14:54:24,019 : INFO : EventManager : Event: ======'machine_reset_phase_3'====== Args={}
2026-04-16 14:54:24,019 : INFO : EventManager : Event: ======'reset_complete'====== Args={}
2026-04-16 14:54:24,019 : INFO : EventManager : Event: ======'mode_attract_will_start'====== Args={}
2026-04-16 14:54:24,019 : INFO : Timer.attract_carousel_timer : Starting Timer.
2026-04-16 14:54:24,019 : INFO : EventManager : Event: ======'timer_attract_carousel_timer_started'====== Args={'ticks': 0, 'ticks_remaining': 1}
2026-04-16 14:54:24,019 : INFO : EventManager : Event: ======'timer_attract_carousel_timer_tick'====== Args={'ticks': 0, 'ticks_remaining': 1}
2026-04-16 14:54:24,020 : INFO : EventManager : Event: ======'mode_attract_starting'====== Args={}
2026-04-16 14:54:24,020 : INFO : Mode.attract : Started. Priority: 10
2026-04-16 14:54:24,020 : INFO : EventManager : Event: ======'modes_active_modes_changed'====== Args={}
2026-04-16 14:54:24,020 : INFO : EventManager : Event: ======'mode_attract_started'====== Args={}
2026-04-16 14:54:24,020 : INFO : EventManager : Event: ======'collecting_balls_complete'====== Args={}
2026-04-16 14:54:24,020 : INFO : EventManager : Event: ======'carousel_item_highlighted'====== Args={'carousel': 'attract', 'direction': None, 'item': 'title'}
2026-04-16 14:54:24,020 : INFO : EventManager : Event: ======'timer_attract_carousel_timer_tick'====== Args={'ticks': 0, 'ticks_remaining': 1}
2026-04-16 14:54:24,020 : INFO : Machine : Starting the main run loop with active modes: [<Mode.attract>]
2026-04-16 14:54:24,055 : INFO : EventManager : Event: ======'slide_attract_created'====== Args={'_from_bcp': True}
2026-04-16 14:54:24,055 : INFO : EventManager : Event: ======'slide__removed'====== Args={'_from_bcp': True}
2026-04-16 14:54:24,055 : INFO : EventManager : Event: ======'slide_attract_active'====== Args={'original_context': 'attract', 'original_calling_context': 'mode_attract_started', 'priority': 10.0, 'cmd': 'slides_play', '_from_bcp': True}
2026-04-16 14:54:26,263 : INFO : SwitchController : <<<<<<< 's_left_lane' active >>>>>>>
2026-04-16 14:54:26,263 : INFO : EventManager : Event: ======'playfield_active'====== Args={'source': 'left_lane'}
2026-04-16 14:54:26,263 : INFO : EventManager : Event: ======'unexpected_ball_on_playfield'====== Args={}
2026-04-16 14:54:26,263 : INFO : EventManager : Event: ======'playfield_active'====== Args={'source': 'hurryup'}
2026-04-16 14:54:26,263 : INFO : EventManager : Event: ======'unexpected_ball_on_playfield'====== Args={}
2026-04-16 14:54:26,362 : INFO : SwitchController : <<<<<<< 's_left_lane' inactive >>>>>>>
2026-04-16 14:54:28,345 : INFO : SwitchController : <<<<<<< 's_start' active >>>>>>>
2026-04-16 14:54:28,496 : INFO : SwitchController : <<<<<<< 's_start' inactive >>>>>>>
2026-04-16 14:54:28,496 : INFO : EventManager : Event: ======'request_to_start_game'====== Args={}
2026-04-16 14:54:28,497 : INFO : EventManager : Event: ======'game_start'====== Args={'buttons': [], 'hold_time': 0.15041187499991793}
2026-04-16 14:54:28,497 : INFO : EventManager : Event: ======'mode_game_will_start'====== Args={'buttons': [], 'hold_time': 0.15041187499991793}
2026-04-16 14:54:28,498 : INFO : EventManager : Event: ======'mode_game_starting'====== Args={'buttons': [], 'hold_time': 0.15041187499991793}
2026-04-16 14:54:28,498 : INFO : EventManager : Event: ======'mode_attract_will_stop'====== Args={}
2026-04-16 14:54:28,498 : INFO : EventManager : Event: ======'mode_attract_stopping'====== Args={}
2026-04-16 14:54:28,498 : INFO : Mode.attract : Stopped.
2026-04-16 14:54:28,498 : INFO : EventManager : Event: ======'modes_active_modes_changed'====== Args={}
2026-04-16 14:54:28,498 : INFO : EventManager : Event: ======'mode_attract_stopped'====== Args={}
2026-04-16 14:54:28,498 : INFO : EventManager : Event: ======'clear'====== Args={'key': 'attract'}
2026-04-16 14:54:28,499 : INFO : Timer.attract_carousel_timer : Stopping Timer
2026-04-16 14:54:28,499 : INFO : EventManager : Event: ======'timer_attract_carousel_timer_stopped'====== Args={'ticks': 0, 'ticks_remaining': 1}
2026-04-16 14:54:28,499 : INFO : Mode.game : Started. Priority: 20
2026-04-16 14:54:28,499 : INFO : EventManager : Event: ======'modes_active_modes_changed'====== Args={}
2026-04-16 14:54:28,499 : INFO : EventManager : Event: ======'mode_game_started'====== Args={'buttons': [], 'hold_time': 0.15041187499991793}
2026-04-16 14:54:28,500 : INFO : EventManager : Event: ======'game_will_start'====== Args={}
2026-04-16 14:54:28,500 : INFO : EventManager : Event: ======'game_starting'====== Args={'game': <Mode.game>}
2026-04-16 14:54:28,501 : INFO : EventManager : Unordered handler for class <Auditor> on event game_ended with priority 1. Handlers: [RegisteredHandler(callback=<bound method Auditor.disable of <Auditor>>, priority=1, kwargs={}, key=UUID('d0da6d12-cc8a-4474-a824-e7e6a1a2c48d'), condition=None, blocking_facility=None), RegisteredHandler(callback=<bound method Auditor._save_audits of <Auditor>>, priority=1, kwargs={}, key=UUID('3c1bc6dc-2acf-4662-956e-8f4584ce2dd5'), condition=None, blocking_facility=None)]. The order of those handlers is not defined and they will be executed in random order. This might lead to race conditions and potential bugs.
2026-04-16 14:54:28,501 : INFO : EventManager : Event: ======'player_add_request'====== Args={}
2026-04-16 14:54:28,501 : INFO : EventManager : Event: ======'player_will_add'====== Args={'number': 1}
2026-04-16 14:54:28,501 : INFO : EventManager : Event: ======'player_adding'====== Args={'player': <Player 1>, 'number': 1}
2026-04-16 14:54:28,501 : INFO : EventManager : Event: ======'player_added'====== Args={'player': <Player 1>, 'num': 1}
2026-04-16 14:54:28,501 : INFO : Mode.game : Player added successfully. Total players: 1
2026-04-16 14:54:28,501 : INFO : EventManager : Event: ======'player_index'====== Args={'value': 0, 'prev_value': 0, 'change': 0, 'player_num': 1}
2026-04-16 14:54:28,502 : INFO : EventManager : Event: ======'player_number'====== Args={'value': 1, 'prev_value': 1, 'change': 0, 'player_num': 1}
2026-04-16 14:54:28,502 : INFO : EventManager : Event: ======'player_score'====== Args={'value': 0, 'prev_value': 0, 'change': 0, 'player_num': 1}
2026-04-16 14:54:28,502 : INFO : EventManager : Event: ======'game_started'====== Args={}
2026-04-16 14:54:28,503 : INFO : EventManager : Event: ======'player_turn_will_start'====== Args={'player': <Player 1>, 'number': 1}
2026-04-16 14:54:28,506 : INFO : EventManager : Event: ======'player_turn_starting'====== Args={'player': <Player 1>, 'number': 1}
2026-04-16 14:54:28,507 : INFO : EventManager : Event: ======'player_ball'====== Args={'value': 1, 'prev_value': 0, 'change': 1, 'player_num': 1}
2026-04-16 14:54:28,507 : INFO : EventManager : Event: ======'player_turn_started'====== Args={'player': <Player 1>, 'number': 1}
2026-04-16 14:54:28,507 : INFO : EventManager : Event: ======'ball_will_start'====== Args={'player': 1, 'ball': 1, 'balls_remaining': 2, 'is_extra_ball': False}
2026-04-16 14:54:28,507 : INFO : EventManager : Event: ======'ball_starting'====== Args={'player': 1, 'ball': 1, 'balls_remaining': 2, 'is_extra_ball': False}
2026-04-16 14:54:28,507 : INFO : EventManager : Event: ======'mode_base_will_start'====== Args={'queue': <QueuedEvent>, 'player': 1, 'ball': 1, 'balls_remaining': 2, 'is_extra_ball': False}
2026-04-16 14:54:28,508 : INFO : EventManager : Event: ======'player_shot_left_lane_enabled'====== Args={'value': True, 'prev_value': 0, 'change': 1, 'player_num': 1}
2026-04-16 14:54:28,508 : INFO : EventManager : Event: ======'mode_base_starting'====== Args={'queue': <QueuedEvent>, 'player': 1, 'ball': 1, 'balls_remaining': 2, 'is_extra_ball': False}
2026-04-16 14:54:28,508 : INFO : Mode.base : Started. Priority: 100
2026-04-16 14:54:28,508 : INFO : EventManager : Event: ======'modes_active_modes_changed'====== Args={}
2026-04-16 14:54:28,508 : INFO : EventManager : Event: ======'mode_base_started'====== Args={'queue': <QueuedEvent>, 'player': 1, 'ball': 1, 'balls_remaining': 2, 'is_extra_ball': False}
2026-04-16 14:54:28,509 : INFO : EventManager : Event: ======'start_mode_bumpers'====== Args={'priority': 0}
2026-04-16 14:54:28,509 : INFO : EventManager : Event: ======'mode_bumpers_will_start'====== Args={'priority': 0}
2026-04-16 14:54:28,509 : INFO : EventManager : Event: ======'player_shot_bumper_left_enabled'====== Args={'value': True, 'prev_value': 0, 'change': 1, 'player_num': 1}
2026-04-16 14:54:28,509 : INFO : EventManager : Event: ======'player_shot_bumper_right_enabled'====== Args={'value': True, 'prev_value': 0, 'change': 1, 'player_num': 1}
2026-04-16 14:54:28,509 : INFO : EventManager : Event: ======'bumpers_complete'====== Args={'state': 'unlit'}
2026-04-16 14:54:28,509 : INFO : EventManager : Event: ======'bumpers_unlit_complete'====== Args={}
2026-04-16 14:54:28,510 : INFO : EventManager : Event: ======'mode_bumpers_starting'====== Args={'priority': 0}
2026-04-16 14:54:28,510 : INFO : Mode.bumpers : Started. Priority: 200
2026-04-16 14:54:28,510 : INFO : EventManager : Event: ======'modes_active_modes_changed'====== Args={}
2026-04-16 14:54:28,510 : INFO : EventManager : Event: ======'mode_bumpers_started'====== Args={'priority': 0}
2026-04-16 14:54:28,510 : INFO : EventManager : Event: ======'balls_in_play'====== Args={'balls': 1}
2026-04-16 14:54:28,510 : INFO : EventManager : Event: ======'ball_started'====== Args={'player': 1, 'ball': 1, 'balls_remaining': 2, 'is_extra_ball': False}
2026-04-16 14:54:28,510 : INFO : EventManager : Event: ======'single_player_ball_started'====== Args={}
2026-04-16 14:54:28,510 : INFO : EventManager : Event: ======'ball_start_target'====== Args={'target': 'playfield'}
2026-04-16 14:54:28,510 : INFO : ball_device.bd_trough : Setting up player-controlled eject. Balls: 1, Target: <playfield.playfield>, player_controlled_eject_event: None
2026-04-16 14:54:28,510 : INFO : ball_device.bd_trough : Adding 1 ball(s) to the eject_queue with target <playfield.playfield>.
2026-04-16 14:54:28,510 : INFO : EventManager : Event: ======'balldevice_balls_available'====== Args={}
2026-04-16 14:54:28,511 : INFO : ball_device.bd_trough : State: waiting_for_target_ready
2026-04-16 14:54:28,511 : INFO : EventManager : Event: ======'balldevice_bd_trough_ball_eject_attempt'====== Args={'balls': 1, 'target': <ball_device.bd_plunger>, 'source': <ball_device.bd_trough>, 'mechanical_eject': False, 'num_attempts': 0}
2026-04-16 14:54:28,511 : INFO : ball_device.bd_plunger : State: waiting_for_ball
2026-04-16 14:54:28,512 : INFO : ball_device.bd_trough : State: ejecting
2026-04-16 14:54:28,512 : INFO : ball_device.bd_trough : Ejecting ball to <ball_device.bd_plunger>
2026-04-16 14:54:28,512 : INFO : EventManager : Event: ======'balldevice_bd_trough_ejecting_ball'====== Args={'balls': 1, 'target': <ball_device.bd_plunger>, 'source': <ball_device.bd_trough>, 'mechanical_eject': False, 'num_attempts': 0}
2026-04-16 14:54:28,512 : INFO : ball_device.bd_trough : Wait for ball to leave device
2026-04-16 14:54:28,512 : INFO : coil.c_trough_eject : Pulsing Driver for 10ms (1.0 pulse_power)
2026-04-16 14:54:28,539 : INFO : EventManager : Event: ======'slide_base_slide_created'====== Args={'_from_bcp': True}
2026-04-16 14:54:28,539 : INFO : EventManager : Event: ======'slide_attract_inactive'====== Args={'is_removing': True, '_from_bcp': True}
2026-04-16 14:54:28,539 : INFO : EventManager : Event: ======'slide_base_slide_active'====== Args={'original_context': 'base', 'original_calling_context': 'mode_base_started', 'priority': 100.0, 'queue': '<QueuedEvent>', 'player': 1.0, 'ball': 1.0, 'balls_remaining': 2.0, 'is_extra_ball': False, 'cmd': 'slides_play', '_from_bcp': True}
2026-04-16 14:54:28,539 : INFO : EventManager : Event: ======'slide_attract_removed'====== Args={'_from_bcp': True}
2026-04-16 14:54:29,279 : INFO : SwitchController : <<<<<<< 's_left_lane' active >>>>>>>
2026-04-16 14:54:29,279 : INFO : EventManager : Event: ======'playfield_active'====== Args={'source': 'left_lane'}
2026-04-16 14:54:29,279 : INFO : EventManager : Event: ======'unexpected_ball_on_playfield'====== Args={}
2026-04-16 14:54:29,279 : INFO : EventManager : Event: ======'playfield_active'====== Args={'source': 'hurryup'}
2026-04-16 14:54:29,279 : INFO : EventManager : Event: ======'unexpected_ball_on_playfield'====== Args={}
2026-04-16 14:54:29,279 : INFO : EventManager : Event: ======'s_left_lane_active'====== Args={}
2026-04-16 14:54:29,279 : INFO : EventManager : Event: ======'machine_var_audits_switches_s_left_lane'====== Args={'value': 32, 'prev_value': 31, 'change': 1}
2026-04-16 14:54:29,280 : INFO : EventManager : Event: ======'player_shot_left_lane'====== Args={'value': 1, 'prev_value': 0, 'change': 1, 'player_num': 1}
2026-04-16 14:54:29,280 : INFO : EventManager : Event: ======'machine_var_audits_shots_left_lane'====== Args={'value': 32, 'prev_value': 31, 'change': 1}
2026-04-16 14:54:29,281 : INFO : EventManager : Event: ======'left_lane_hit'====== Args={'profile': 'default', 'state': 'unlit', 'advancing': True}
2026-04-16 14:54:29,281 : INFO : EventManager : Event: ======'left_lane_default_hit'====== Args={'profile': 'default', 'state': 'unlit', 'advancing': True}
2026-04-16 14:54:29,281 : INFO : EventManager : Event: ======'left_lane_default_unlit_hit'====== Args={'profile': 'default', 'state': 'unlit', 'advancing': True}
2026-04-16 14:54:29,281 : INFO : EventManager : Event: ======'left_lane_unlit_hit'====== Args={'profile': 'default', 'state': 'unlit', 'advancing': True}
2026-04-16 14:54:29,281 : INFO : EventManager : Event: ======'start_mode_rhythm'====== Args={'priority': 0}
2026-04-16 14:54:29,281 : INFO : EventManager : Event: ======'mode_rhythm_will_start'====== Args={'priority': 0}
2026-04-16 14:54:29,282 : INFO : EventManager : Event: ======'mode_rhythm_starting'====== Args={'priority': 0}
2026-04-16 14:54:29,282 : INFO : Mode.rhythm : Started. Priority: 1200
2026-04-16 14:54:29,282 : INFO : EventManager : Event: ======'modes_active_modes_changed'====== Args={}
2026-04-16 14:54:29,282 : INFO : EventManager : Event: ======'mode_rhythm_started'====== Args={'priority': 0}
2026-04-16 14:54:29,282 : INFO : EventManager : Event: ======'player_rhythm_mode_score'====== Args={'value': 0, 'prev_value': 0, 'change': 0, 'player_num': 1}
2026-04-16 14:54:29,282 : INFO : EventManager : Event: ======'player_rhythm_combo'====== Args={'value': 0, 'prev_value': 0, 'change': 0, 'player_num': 1}
2026-04-16 14:54:29,282 : INFO : EventManager : Event: ======'player_rhythm_best_combo'====== Args={'value': 0, 'prev_value': 0, 'change': 0, 'player_num': 1}
2026-04-16 14:54:29,282 : INFO : EventManager : Event: ======'player_rhythm_hits'====== Args={'value': 0, 'prev_value': 0, 'change': 0, 'player_num': 1}
2026-04-16 14:54:29,282 : INFO : EventManager : Event: ======'player_rhythm_misses'====== Args={'value': 0, 'prev_value': 0, 'change': 0, 'player_num': 1}
2026-04-16 14:54:29,283 : INFO : EventManager : Event: ======'player_rhythm_notes_total'====== Args={'value': 38, 'prev_value': 0, 'change': 38, 'player_num': 1}
2026-04-16 14:54:29,283 : INFO : EventManager : Event: ======'player_rhythm_accuracy'====== Args={'value': 0, 'prev_value': 0, 'change': 0, 'player_num': 1}
2026-04-16 14:54:29,283 : INFO : EventManager : Event: ======'player_rhythm_multiplier'====== Args={'value': 1, 'prev_value': 0, 'change': 1, 'player_num': 1}
2026-04-16 14:54:29,334 : INFO : EventManager : Event: ======'rhythm_chart_started'====== Args={'total_notes': 38, 'travel_ms': 1600, 'perfect_window_ms': 90, 'good_window_ms': 170, 'lead_in_ms': 1800, 'chart_started_delay_ms': 50, 'song_key': 'Deep Purple - Smoke On the Water (Official Music Video)', 'song_bus': 'music', 'audio_offset_ms': 0}
2026-04-16 14:54:29,337 : INFO : EventManager : Event: ======'slide_rhythm_created'====== Args={'_from_bcp': True}
2026-04-16 14:54:29,338 : INFO : EventManager : Event: ======'slide_base_slide_inactive'====== Args={'is_removing': False, '_from_bcp': True}
2026-04-16 14:54:29,338 : INFO : EventManager : Event: ======'slide_rhythm_active'====== Args={'original_context': 'rhythm', 'original_calling_context': 'mode_rhythm_started', 'priority': 1200.0, 'cmd': 'slides_play', '_from_bcp': True}
2026-04-16 14:54:29,414 : INFO : SwitchController : <<<<<<< 's_left_lane' inactive >>>>>>>
2026-04-16 14:54:30,084 : INFO : EventManager : Event: ======'rhythm_note_spawned'====== Args={'note_id': 0, 'lane': 'left', 'travel_ms': 1600, 'hit_time_ms': 2400}
2026-04-16 14:54:30,484 : INFO : EventManager : Event: ======'rhythm_note_spawned'====== Args={'note_id': 1, 'lane': 'center', 'travel_ms': 1600, 'hit_time_ms': 2800}
2026-04-16 14:54:30,884 : INFO : EventManager : Event: ======'rhythm_note_spawned'====== Args={'note_id': 2, 'lane': 'right', 'travel_ms': 1600, 'hit_time_ms': 3200}
2026-04-16 14:54:31,284 : INFO : EventManager : Event: ======'rhythm_note_spawned'====== Args={'note_id': 3, 'lane': 'left', 'travel_ms': 1600, 'hit_time_ms': 3600}
2026-04-16 14:54:31,684 : INFO : EventManager : Event: ======'rhythm_note_spawned'====== Args={'note_id': 4, 'lane': 'center', 'travel_ms': 1600, 'hit_time_ms': 4000}
2026-04-16 14:54:31,684 : INFO : EventManager : Event: ======'rhythm_note_spawned'====== Args={'note_id': 5, 'lane': 'right', 'travel_ms': 1600, 'hit_time_ms': 4000}
2026-04-16 14:54:31,779 : INFO : SwitchController : <<<<<<< 's_flipper_left' active >>>>>>>
2026-04-16 14:54:31,779 : INFO : EventManager : Event: ======'rhythm_lane_pressed'====== Args={'lane': 'left'}
2026-04-16 14:54:31,779 : INFO : EventManager : Event: ======'player_rhythm_combo'====== Args={'value': 1, 'prev_value': 0, 'change': 1, 'player_num': 1}
2026-04-16 14:54:31,780 : INFO : EventManager : Event: ======'player_rhythm_best_combo'====== Args={'value': 1, 'prev_value': 0, 'change': 1, 'player_num': 1}
2026-04-16 14:54:31,780 : INFO : EventManager : Event: ======'player_rhythm_hits'====== Args={'value': 1, 'prev_value': 0, 'change': 1, 'player_num': 1}
2026-04-16 14:54:31,780 : INFO : EventManager : Event: ======'player_rhythm_mode_score'====== Args={'value': 10000, 'prev_value': 0, 'change': 10000, 'player_num': 1}
2026-04-16 14:54:31,780 : INFO : EventManager : Event: ======'player_score'====== Args={'value': 10000, 'prev_value': 0, 'change': 10000, 'player_num': 1}
2026-04-16 14:54:31,780 : INFO : EventManager : Event: ======'rhythm_note_hit'====== Args={'note_id': 0, 'lane': 'left', 'judgment': 'good', 'combo': 1, 'multiplier': 1, 'award': 10000, 'delta_ms': 97, 'total_score': 10000}
2026-04-16 14:54:31,780 : INFO : EventManager : Event: ======'machine_var_audits_switches_s_flipper_left'====== Args={'value': 222, 'prev_value': 221, 'change': 1}
2026-04-16 14:54:31,979 : INFO : SwitchController : <<<<<<< 's_flipper_left' inactive >>>>>>>
2026-04-16 14:54:32,184 : INFO : EventManager : Event: ======'rhythm_note_spawned'====== Args={'note_id': 6, 'lane': 'left', 'travel_ms': 1600, 'hit_time_ms': 4500}
2026-04-16 14:54:32,255 : INFO : EventManager : Event: ======'player_rhythm_combo'====== Args={'value': 0, 'prev_value': 1, 'change': -1, 'player_num': 1}
2026-04-16 14:54:32,255 : INFO : EventManager : Event: ======'player_rhythm_misses'====== Args={'value': 1, 'prev_value': 0, 'change': 1, 'player_num': 1}
2026-04-16 14:54:32,256 : INFO : EventManager : Event: ======'rhythm_note_missed'====== Args={'note_id': 1, 'lane': 'center', 'total_misses': 1}
2026-04-16 14:54:32,295 : INFO : SwitchController : <<<<<<< 's_action_button' active >>>>>>>
2026-04-16 14:54:32,296 : INFO : EventManager : Event: ======'rhythm_lane_pressed'====== Args={'lane': 'center'}
2026-04-16 14:54:32,296 : INFO : EventManager : Event: ======'machine_var_audits_switches_s_action_button'====== Args={'value': 182, 'prev_value': 181, 'change': 1}
2026-04-16 14:54:32,413 : INFO : SwitchController : <<<<<<< 's_action_button' inactive >>>>>>>
2026-04-16 14:54:32,545 : INFO : SwitchController : <<<<<<< 's_flipper_right' active >>>>>>>
2026-04-16 14:54:32,545 : INFO : EventManager : Event: ======'rhythm_lane_pressed'====== Args={'lane': 'right'}
2026-04-16 14:54:32,545 : INFO : EventManager : Event: ======'player_rhythm_combo'====== Args={'value': 1, 'prev_value': 0, 'change': 1, 'player_num': 1}
2026-04-16 14:54:32,546 : INFO : EventManager : Event: ======'player_rhythm_hits'====== Args={'value': 2, 'prev_value': 1, 'change': 1, 'player_num': 1}
2026-04-16 14:54:32,546 : INFO : EventManager : Event: ======'player_rhythm_mode_score'====== Args={'value': 30000, 'prev_value': 10000, 'change': 20000, 'player_num': 1}
2026-04-16 14:54:32,546 : INFO : EventManager : Event: ======'player_score'====== Args={'value': 30000, 'prev_value': 10000, 'change': 20000, 'player_num': 1}
2026-04-16 14:54:32,546 : INFO : EventManager : Event: ======'rhythm_note_hit'====== Args={'note_id': 2, 'lane': 'right', 'judgment': 'perfect', 'combo': 1, 'multiplier': 1, 'award': 20000, 'delta_ms': 63, 'total_score': 30000}
2026-04-16 14:54:32,546 : INFO : EventManager : Event: ======'machine_var_audits_switches_s_flipper_right'====== Args={'value': 212, 'prev_value': 211, 'change': 1}
2026-04-16 14:54:32,584 : INFO : EventManager : Event: ======'rhythm_note_spawned'====== Args={'note_id': 7, 'lane': 'center', 'travel_ms': 1600, 'hit_time_ms': 4900}
2026-04-16 14:54:32,695 : INFO : SwitchController : <<<<<<< 's_flipper_right' inactive >>>>>>>
2026-04-16 14:54:32,984 : INFO : EventManager : Event: ======'rhythm_note_spawned'====== Args={'note_id': 8, 'lane': 'right', 'travel_ms': 1600, 'hit_time_ms': 5300}
2026-04-16 14:54:32,996 : INFO : SwitchController : <<<<<<< 's_flipper_left' active >>>>>>>
2026-04-16 14:54:32,996 : INFO : EventManager : Event: ======'rhythm_lane_pressed'====== Args={'lane': 'left'}
2026-04-16 14:54:32,996 : INFO : EventManager : Event: ======'player_rhythm_combo'====== Args={'value': 2, 'prev_value': 1, 'change': 1, 'player_num': 1}
2026-04-16 14:54:32,996 : INFO : EventManager : Event: ======'player_rhythm_best_combo'====== Args={'value': 2, 'prev_value': 1, 'change': 1, 'player_num': 1}
2026-04-16 14:54:32,997 : INFO : EventManager : Event: ======'player_rhythm_hits'====== Args={'value': 3, 'prev_value': 2, 'change': 1, 'player_num': 1}
2026-04-16 14:54:32,997 : INFO : EventManager : Event: ======'player_rhythm_mode_score'====== Args={'value': 40000, 'prev_value': 30000, 'change': 10000, 'player_num': 1}
2026-04-16 14:54:32,997 : INFO : EventManager : Event: ======'player_score'====== Args={'value': 40000, 'prev_value': 30000, 'change': 10000, 'player_num': 1}
2026-04-16 14:54:32,997 : INFO : EventManager : Event: ======'rhythm_note_hit'====== Args={'note_id': 3, 'lane': 'left', 'judgment': 'good', 'combo': 2, 'multiplier': 1, 'award': 10000, 'delta_ms': 114, 'total_score': 40000}
2026-04-16 14:54:32,997 : INFO : EventManager : Event: ======'machine_var_audits_switches_s_flipper_left'====== Args={'value': 223, 'prev_value': 222, 'change': 1}
2026-04-16 14:54:33,163 : INFO : SwitchController : <<<<<<< 's_flipper_left' inactive >>>>>>>
2026-04-16 14:54:33,347 : INFO : SwitchController : <<<<<<< 's_action_button' active >>>>>>>
2026-04-16 14:54:33,347 : INFO : EventManager : Event: ======'rhythm_lane_pressed'====== Args={'lane': 'center'}
2026-04-16 14:54:33,347 : INFO : EventManager : Event: ======'player_rhythm_combo'====== Args={'value': 3, 'prev_value': 2, 'change': 1, 'player_num': 1}
2026-04-16 14:54:33,347 : INFO : EventManager : Event: ======'player_rhythm_best_combo'====== Args={'value': 3, 'prev_value': 2, 'change': 1, 'player_num': 1}
2026-04-16 14:54:33,347 : INFO : EventManager : Event: ======'player_rhythm_hits'====== Args={'value': 4, 'prev_value': 3, 'change': 1, 'player_num': 1}
2026-04-16 14:54:33,347 : INFO : EventManager : Event: ======'player_rhythm_mode_score'====== Args={'value': 60000, 'prev_value': 40000, 'change': 20000, 'player_num': 1}
2026-04-16 14:54:33,348 : INFO : EventManager : Event: ======'player_score'====== Args={'value': 60000, 'prev_value': 40000, 'change': 20000, 'player_num': 1}
2026-04-16 14:54:33,348 : INFO : EventManager : Event: ======'rhythm_note_hit'====== Args={'note_id': 4, 'lane': 'center', 'judgment': 'perfect', 'combo': 3, 'multiplier': 1, 'award': 20000, 'delta_ms': 65, 'total_score': 60000}
2026-04-16 14:54:33,348 : INFO : EventManager : Event: ======'machine_var_audits_switches_s_action_button'====== Args={'value': 183, 'prev_value': 182, 'change': 1}
2026-04-16 14:54:33,384 : INFO : EventManager : Event: ======'rhythm_note_spawned'====== Args={'note_id': 9, 'lane': 'left', 'travel_ms': 1600, 'hit_time_ms': 5700}
2026-04-16 14:54:33,456 : INFO : EventManager : Event: ======'player_rhythm_combo'====== Args={'value': 0, 'prev_value': 3, 'change': -3, 'player_num': 1}
2026-04-16 14:54:33,456 : INFO : EventManager : Event: ======'player_rhythm_misses'====== Args={'value': 2, 'prev_value': 1, 'change': 1, 'player_num': 1}
2026-04-16 14:54:33,456 : INFO : EventManager : Event: ======'rhythm_note_missed'====== Args={'note_id': 5, 'lane': 'right', 'total_misses': 2}
2026-04-16 14:54:33,513 : INFO : SwitchController : <<<<<<< 's_action_button' inactive >>>>>>>
2026-04-16 14:54:33,663 : INFO : SwitchController : <<<<<<< 's_flipper_right' active >>>>>>>
2026-04-16 14:54:33,663 : INFO : EventManager : Event: ======'rhythm_lane_pressed'====== Args={'lane': 'right'}
2026-04-16 14:54:33,663 : INFO : EventManager : Event: ======'machine_var_audits_switches_s_flipper_right'====== Args={'value': 213, 'prev_value': 212, 'change': 1}
2026-04-16 14:54:33,664 : INFO : SwitchController : <<<<<<< 's_action_button' active >>>>>>>
2026-04-16 14:54:33,664 : INFO : EventManager : Event: ======'rhythm_lane_pressed'====== Args={'lane': 'center'}
2026-04-16 14:54:33,664 : INFO : EventManager : Event: ======'machine_var_audits_switches_s_action_button'====== Args={'value': 184, 'prev_value': 183, 'change': 1}
2026-04-16 14:54:33,784 : INFO : EventManager : Event: ======'rhythm_note_spawned'====== Args={'note_id': 10, 'lane': 'center', 'travel_ms': 1600, 'hit_time_ms': 6100}
2026-04-16 14:54:33,863 : INFO : SwitchController : <<<<<<< 's_flipper_right' inactive >>>>>>>
2026-04-16 14:54:33,863 : INFO : SwitchController : <<<<<<< 's_action_button' inactive >>>>>>>
2026-04-16 14:54:33,954 : INFO : EventManager : Event: ======'player_rhythm_misses'====== Args={'value': 3, 'prev_value': 2, 'change': 1, 'player_num': 1}
2026-04-16 14:54:33,955 : INFO : EventManager : Event: ======'rhythm_note_missed'====== Args={'note_id': 6, 'lane': 'left', 'total_misses': 3}
2026-04-16 14:54:34,079 : INFO : SwitchController : <<<<<<< 's_flipper_left' active >>>>>>>
2026-04-16 14:54:34,079 : INFO : EventManager : Event: ======'rhythm_lane_pressed'====== Args={'lane': 'left'}
2026-04-16 14:54:34,079 : INFO : EventManager : Event: ======'machine_var_audits_switches_s_flipper_left'====== Args={'value': 224, 'prev_value': 223, 'change': 1}
2026-04-16 14:54:34,183 : INFO : EventManager : Event: ======'rhythm_note_spawned'====== Args={'note_id': 11, 'lane': 'right', 'travel_ms': 1600, 'hit_time_ms': 6500}
2026-04-16 14:54:34,214 : INFO : SwitchController : <<<<<<< 's_flipper_left' inactive >>>>>>>
2026-04-16 14:54:34,295 : INFO : SwitchController : <<<<<<< 's_action_button' active >>>>>>>
2026-04-16 14:54:34,296 : INFO : EventManager : Event: ======'rhythm_lane_pressed'====== Args={'lane': 'center'}
2026-04-16 14:54:34,296 : INFO : EventManager : Event: ======'player_rhythm_combo'====== Args={'value': 1, 'prev_value': 0, 'change': 1, 'player_num': 1}
2026-04-16 14:54:34,296 : INFO : EventManager : Event: ======'player_rhythm_hits'====== Args={'value': 5, 'prev_value': 4, 'change': 1, 'player_num': 1}
2026-04-16 14:54:34,296 : INFO : EventManager : Event: ======'player_rhythm_mode_score'====== Args={'value': 70000, 'prev_value': 60000, 'change': 10000, 'player_num': 1}
2026-04-16 14:54:34,296 : INFO : EventManager : Event: ======'player_score'====== Args={'value': 70000, 'prev_value': 60000, 'change': 10000, 'player_num': 1}
2026-04-16 14:54:34,297 : INFO : EventManager : Event: ======'rhythm_note_hit'====== Args={'note_id': 7, 'lane': 'center', 'judgment': 'good', 'combo': 1, 'multiplier': 1, 'award': 10000, 'delta_ms': 114, 'total_score': 70000}
2026-04-16 14:54:34,297 : INFO : EventManager : Event: ======'machine_var_audits_switches_s_action_button'====== Args={'value': 185, 'prev_value': 184, 'change': 1}
2026-04-16 14:54:34,445 : INFO : SwitchController : <<<<<<< 's_action_button' inactive >>>>>>>
2026-04-16 14:54:34,563 : INFO : SwitchController : <<<<<<< 's_flipper_right' active >>>>>>>
2026-04-16 14:54:34,563 : INFO : EventManager : Event: ======'rhythm_lane_pressed'====== Args={'lane': 'right'}
2026-04-16 14:54:34,563 : INFO : EventManager : Event: ======'player_rhythm_combo'====== Args={'value': 2, 'prev_value': 1, 'change': 1, 'player_num': 1}
2026-04-16 14:54:34,564 : INFO : EventManager : Event: ======'player_rhythm_hits'====== Args={'value': 6, 'prev_value': 5, 'change': 1, 'player_num': 1}
2026-04-16 14:54:34,564 : INFO : EventManager : Event: ======'player_rhythm_mode_score'====== Args={'value': 90000, 'prev_value': 70000, 'change': 20000, 'player_num': 1}
2026-04-16 14:54:34,564 : INFO : EventManager : Event: ======'player_score'====== Args={'value': 90000, 'prev_value': 70000, 'change': 20000, 'player_num': 1}
2026-04-16 14:54:34,564 : INFO : EventManager : Event: ======'rhythm_note_hit'====== Args={'note_id': 8, 'lane': 'right', 'judgment': 'perfect', 'combo': 2, 'multiplier': 1, 'award': 20000, 'delta_ms': 19, 'total_score': 90000}
2026-04-16 14:54:34,564 : INFO : EventManager : Event: ======'machine_var_audits_switches_s_flipper_right'====== Args={'value': 214, 'prev_value': 213, 'change': 1}
2026-04-16 14:54:34,584 : INFO : EventManager : Event: ======'rhythm_note_spawned'====== Args={'note_id': 12, 'lane': 'center', 'travel_ms': 1600, 'hit_time_ms': 6900}
2026-04-16 14:54:34,713 : INFO : SwitchController : <<<<<<< 's_flipper_right' inactive >>>>>>>
2026-04-16 14:54:34,984 : INFO : EventManager : Event: ======'rhythm_note_spawned'====== Args={'note_id': 13, 'lane': 'right', 'travel_ms': 1600, 'hit_time_ms': 7300}
2026-04-16 14:54:35,155 : INFO : EventManager : Event: ======'player_rhythm_combo'====== Args={'value': 0, 'prev_value': 2, 'change': -2, 'player_num': 1}
2026-04-16 14:54:35,156 : INFO : EventManager : Event: ======'player_rhythm_misses'====== Args={'value': 4, 'prev_value': 3, 'change': 1, 'player_num': 1}
2026-04-16 14:54:35,156 : INFO : EventManager : Event: ======'rhythm_note_missed'====== Args={'note_id': 9, 'lane': 'left', 'total_misses': 4}
2026-04-16 14:54:35,163 : INFO : SwitchController : <<<<<<< 's_flipper_left' active >>>>>>>
2026-04-16 14:54:35,163 : INFO : EventManager : Event: ======'rhythm_lane_pressed'====== Args={'lane': 'left'}
2026-04-16 14:54:35,163 : INFO : EventManager : Event: ======'machine_var_audits_switches_s_flipper_left'====== Args={'value': 225, 'prev_value': 224, 'change': 1}
2026-04-16 14:54:35,295 : INFO : SwitchController : <<<<<<< 's_flipper_left' inactive >>>>>>>
2026-04-16 14:54:35,384 : INFO : EventManager : Event: ======'rhythm_note_spawned'====== Args={'note_id': 14, 'lane': 'left', 'travel_ms': 1600, 'hit_time_ms': 7700}
2026-04-16 14:54:35,384 : INFO : EventManager : Event: ======'rhythm_note_spawned'====== Args={'note_id': 15, 'lane': 'center', 'travel_ms': 1600, 'hit_time_ms': 7700}
2026-04-16 14:54:35,429 : INFO : SwitchController : <<<<<<< 's_action_button' active >>>>>>>
2026-04-16 14:54:35,429 : INFO : EventManager : Event: ======'rhythm_lane_pressed'====== Args={'lane': 'center'}
2026-04-16 14:54:35,429 : INFO : EventManager : Event: ======'player_rhythm_combo'====== Args={'value': 1, 'prev_value': 0, 'change': 1, 'player_num': 1}
2026-04-16 14:54:35,429 : INFO : EventManager : Event: ======'player_rhythm_hits'====== Args={'value': 7, 'prev_value': 6, 'change': 1, 'player_num': 1}
2026-04-16 14:54:35,429 : INFO : EventManager : Event: ======'player_rhythm_mode_score'====== Args={'value': 110000, 'prev_value': 90000, 'change': 20000, 'player_num': 1}
2026-04-16 14:54:35,430 : INFO : EventManager : Event: ======'player_score'====== Args={'value': 110000, 'prev_value': 90000, 'change': 20000, 'player_num': 1}
2026-04-16 14:54:35,430 : INFO : EventManager : Event: ======'rhythm_note_hit'====== Args={'note_id': 10, 'lane': 'center', 'judgment': 'perfect', 'combo': 1, 'multiplier': 1, 'award': 20000, 'delta_ms': 47, 'total_score': 110000}
2026-04-16 14:54:35,430 : INFO : EventManager : Event: ======'machine_var_audits_switches_s_action_button'====== Args={'value': 186, 'prev_value': 185, 'change': 1}
2026-04-16 14:54:35,614 : INFO : SwitchController : <<<<<<< 's_action_button' inactive >>>>>>>
2026-04-16 14:54:35,830 : INFO : SwitchController : <<<<<<< 's_flipper_right' active >>>>>>>
2026-04-16 14:54:35,830 : INFO : EventManager : Event: ======'rhythm_lane_pressed'====== Args={'lane': 'right'}
2026-04-16 14:54:35,830 : INFO : EventManager : Event: ======'player_rhythm_combo'====== Args={'value': 2, 'prev_value': 1, 'change': 1, 'player_num': 1}
2026-04-16 14:54:35,830 : INFO : EventManager : Event: ======'player_rhythm_hits'====== Args={'value': 8, 'prev_value': 7, 'change': 1, 'player_num': 1}
2026-04-16 14:54:35,831 : INFO : EventManager : Event: ======'player_rhythm_mode_score'====== Args={'value': 130000, 'prev_value': 110000, 'change': 20000, 'player_num': 1}
2026-04-16 14:54:35,831 : INFO : EventManager : Event: ======'player_score'====== Args={'value': 130000, 'prev_value': 110000, 'change': 20000, 'player_num': 1}
2026-04-16 14:54:35,831 : INFO : EventManager : Event: ======'rhythm_note_hit'====== Args={'note_id': 11, 'lane': 'right', 'judgment': 'perfect', 'combo': 2, 'multiplier': 1, 'award': 20000, 'delta_ms': 48, 'total_score': 130000}
2026-04-16 14:54:35,831 : INFO : EventManager : Event: ======'machine_var_audits_switches_s_flipper_right'====== Args={'value': 215, 'prev_value': 214, 'change': 1}
2026-04-16 14:54:35,979 : INFO : SwitchController : <<<<<<< 's_flipper_right' inactive >>>>>>>
2026-04-16 14:54:35,983 : INFO : EventManager : Event: ======'rhythm_note_spawned'====== Args={'note_id': 16, 'lane': 'left', 'travel_ms': 1600, 'hit_time_ms': 8300}
2026-04-16 14:54:36,146 : INFO : SwitchController : <<<<<<< 's_action_button' active >>>>>>>
2026-04-16 14:54:36,147 : INFO : EventManager : Event: ======'rhythm_lane_pressed'====== Args={'lane': 'center'}
2026-04-16 14:54:36,147 : INFO : EventManager : Event: ======'player_rhythm_combo'====== Args={'value': 3, 'prev_value': 2, 'change': 1, 'player_num': 1}
2026-04-16 14:54:36,147 : INFO : EventManager : Event: ======'player_rhythm_hits'====== Args={'value': 9, 'prev_value': 8, 'change': 1, 'player_num': 1}
2026-04-16 14:54:36,147 : INFO : EventManager : Event: ======'player_rhythm_mode_score'====== Args={'value': 150000, 'prev_value': 130000, 'change': 20000, 'player_num': 1}
2026-04-16 14:54:36,147 : INFO : EventManager : Event: ======'player_score'====== Args={'value': 150000, 'prev_value': 130000, 'change': 20000, 'player_num': 1}
2026-04-16 14:54:36,148 : INFO : EventManager : Event: ======'rhythm_note_hit'====== Args={'note_id': 12, 'lane': 'center', 'judgment': 'perfect', 'combo': 3, 'multiplier': 1, 'award': 20000, 'delta_ms': 35, 'total_score': 150000}
2026-04-16 14:54:36,148 : INFO : EventManager : Event: ======'machine_var_audits_switches_s_action_button'====== Args={'value': 187, 'prev_value': 186, 'change': 1}
2026-04-16 14:54:36,296 : INFO : SwitchController : <<<<<<< 's_action_button' inactive >>>>>>>
2026-04-16 14:54:36,384 : INFO : EventManager : Event: ======'rhythm_note_spawned'====== Args={'note_id': 17, 'lane': 'center', 'travel_ms': 1600, 'hit_time_ms': 8700}
2026-04-16 14:54:36,579 : INFO : SwitchController : <<<<<<< 's_flipper_right' active >>>>>>>
2026-04-16 14:54:36,580 : INFO : EventManager : Event: ======'rhythm_lane_pressed'====== Args={'lane': 'right'}
2026-04-16 14:54:36,580 : INFO : EventManager : Event: ======'player_rhythm_combo'====== Args={'value': 4, 'prev_value': 3, 'change': 1, 'player_num': 1}
2026-04-16 14:54:36,580 : INFO : EventManager : Event: ======'player_rhythm_best_combo'====== Args={'value': 4, 'prev_value': 3, 'change': 1, 'player_num': 1}
2026-04-16 14:54:36,580 : INFO : EventManager : Event: ======'player_rhythm_hits'====== Args={'value': 10, 'prev_value': 9, 'change': 1, 'player_num': 1}
2026-04-16 14:54:36,581 : INFO : EventManager : Event: ======'player_rhythm_mode_score'====== Args={'value': 170000, 'prev_value': 150000, 'change': 20000, 'player_num': 1}
2026-04-16 14:54:36,581 : INFO : EventManager : Event: ======'player_score'====== Args={'value': 170000, 'prev_value': 150000, 'change': 20000, 'player_num': 1}
2026-04-16 14:54:36,581 : INFO : EventManager : Event: ======'rhythm_note_hit'====== Args={'note_id': 13, 'lane': 'right', 'judgment': 'perfect', 'combo': 4, 'multiplier': 1, 'award': 20000, 'delta_ms': 2, 'total_score': 170000}
2026-04-16 14:54:36,581 : INFO : EventManager : Event: ======'machine_var_audits_switches_s_flipper_right'====== Args={'value': 216, 'prev_value': 215, 'change': 1}
2026-04-16 14:54:36,762 : INFO : SwitchController : <<<<<<< 's_flipper_right' inactive >>>>>>>
2026-04-16 14:54:36,784 : INFO : EventManager : Event: ======'rhythm_note_spawned'====== Args={'note_id': 18, 'lane': 'right', 'travel_ms': 1600, 'hit_time_ms': 9100}
2026-04-16 14:54:36,929 : INFO : SwitchController : <<<<<<< 's_flipper_left' active >>>>>>>
2026-04-16 14:54:36,929 : INFO : EventManager : Event: ======'rhythm_lane_pressed'====== Args={'lane': 'left'}
2026-04-16 14:54:36,929 : INFO : EventManager : Event: ======'player_rhythm_combo'====== Args={'value': 5, 'prev_value': 4, 'change': 1, 'player_num': 1}
2026-04-16 14:54:36,929 : INFO : EventManager : Event: ======'player_rhythm_best_combo'====== Args={'value': 5, 'prev_value': 4, 'change': 1, 'player_num': 1}
2026-04-16 14:54:36,930 : INFO : EventManager : Event: ======'player_rhythm_hits'====== Args={'value': 11, 'prev_value': 10, 'change': 1, 'player_num': 1}
2026-04-16 14:54:36,930 : INFO : EventManager : Event: ======'player_rhythm_mode_score'====== Args={'value': 190000, 'prev_value': 170000, 'change': 20000, 'player_num': 1}
2026-04-16 14:54:36,930 : INFO : EventManager : Event: ======'player_score'====== Args={'value': 190000, 'prev_value': 170000, 'change': 20000, 'player_num': 1}
2026-04-16 14:54:36,930 : INFO : EventManager : Event: ======'rhythm_note_hit'====== Args={'note_id': 14, 'lane': 'left', 'judgment': 'perfect', 'combo': 5, 'multiplier': 1, 'award': 20000, 'delta_ms': 53, 'total_score': 190000}
2026-04-16 14:54:36,930 : INFO : EventManager : Event: ======'machine_var_audits_switches_s_flipper_left'====== Args={'value': 226, 'prev_value': 225, 'change': 1}
2026-04-16 14:54:37,030 : INFO : SwitchController : <<<<<<< 's_action_button' active >>>>>>>
2026-04-16 14:54:37,030 : INFO : EventManager : Event: ======'rhythm_lane_pressed'====== Args={'lane': 'center'}
2026-04-16 14:54:37,030 : INFO : EventManager : Event: ======'player_rhythm_combo'====== Args={'value': 6, 'prev_value': 5, 'change': 1, 'player_num': 1}
2026-04-16 14:54:37,030 : INFO : EventManager : Event: ======'player_rhythm_best_combo'====== Args={'value': 6, 'prev_value': 5, 'change': 1, 'player_num': 1}
2026-04-16 14:54:37,030 : INFO : EventManager : Event: ======'player_rhythm_hits'====== Args={'value': 12, 'prev_value': 11, 'change': 1, 'player_num': 1}
2026-04-16 14:54:37,031 : INFO : EventManager : Event: ======'player_rhythm_mode_score'====== Args={'value': 210000, 'prev_value': 190000, 'change': 20000, 'player_num': 1}
2026-04-16 14:54:37,031 : INFO : EventManager : Event: ======'player_score'====== Args={'value': 210000, 'prev_value': 190000, 'change': 20000, 'player_num': 1}
2026-04-16 14:54:37,031 : INFO : EventManager : Event: ======'rhythm_note_hit'====== Args={'note_id': 15, 'lane': 'center', 'judgment': 'perfect', 'combo': 6, 'multiplier': 1, 'award': 20000, 'delta_ms': 48, 'total_score': 210000}
2026-04-16 14:54:37,031 : INFO : EventManager : Event: ======'machine_var_audits_switches_s_action_button'====== Args={'value': 188, 'prev_value': 187, 'change': 1}
2026-04-16 14:54:37,180 : INFO : SwitchController : <<<<<<< 's_flipper_left' inactive >>>>>>>
2026-04-16 14:54:37,183 : INFO : EventManager : Event: ======'rhythm_note_spawned'====== Args={'note_id': 19, 'lane': 'center', 'travel_ms': 1600, 'hit_time_ms': 9500}
2026-04-16 14:54:37,197 : INFO : SwitchController : <<<<<<< 's_action_button' inactive >>>>>>>
2026-04-16 14:54:37,563 : INFO : SwitchController : <<<<<<< 's_flipper_left' active >>>>>>>
2026-04-16 14:54:37,564 : INFO : EventManager : Event: ======'rhythm_lane_pressed'====== Args={'lane': 'left'}
2026-04-16 14:54:37,564 : INFO : EventManager : Event: ======'player_rhythm_combo'====== Args={'value': 7, 'prev_value': 6, 'change': 1, 'player_num': 1}
2026-04-16 14:54:37,564 : INFO : EventManager : Event: ======'player_rhythm_best_combo'====== Args={'value': 7, 'prev_value': 6, 'change': 1, 'player_num': 1}
2026-04-16 14:54:37,564 : INFO : EventManager : Event: ======'player_rhythm_hits'====== Args={'value': 13, 'prev_value': 12, 'change': 1, 'player_num': 1}
2026-04-16 14:54:37,564 : INFO : EventManager : Event: ======'player_rhythm_mode_score'====== Args={'value': 230000, 'prev_value': 210000, 'change': 20000, 'player_num': 1}
2026-04-16 14:54:37,564 : INFO : EventManager : Event: ======'player_score'====== Args={'value': 230000, 'prev_value': 210000, 'change': 20000, 'player_num': 1}
2026-04-16 14:54:37,565 : INFO : EventManager : Event: ======'rhythm_note_hit'====== Args={'note_id': 16, 'lane': 'left', 'judgment': 'perfect', 'combo': 7, 'multiplier': 1, 'award': 20000, 'delta_ms': 18, 'total_score': 230000}
2026-04-16 14:54:37,565 : INFO : EventManager : Event: ======'machine_var_audits_switches_s_flipper_left'====== Args={'value': 227, 'prev_value': 226, 'change': 1}
2026-04-16 14:54:37,584 : INFO : EventManager : Event: ======'rhythm_note_spawned'====== Args={'note_id': 20, 'lane': 'right', 'travel_ms': 1600, 'hit_time_ms': 9900}
2026-04-16 14:54:37,696 : INFO : SwitchController : <<<<<<< 's_flipper_left' inactive >>>>>>>
2026-04-16 14:54:37,984 : INFO : EventManager : Event: ======'rhythm_note_spawned'====== Args={'note_id': 21, 'lane': 'left', 'travel_ms': 1600, 'hit_time_ms': 10300}
2026-04-16 14:54:38,064 : INFO : SwitchController : <<<<<<< 's_action_button' active >>>>>>>
2026-04-16 14:54:38,064 : INFO : EventManager : Event: ======'rhythm_lane_pressed'====== Args={'lane': 'center'}
2026-04-16 14:54:38,064 : INFO : EventManager : Event: ======'player_rhythm_combo'====== Args={'value': 8, 'prev_value': 7, 'change': 1, 'player_num': 1}
2026-04-16 14:54:38,064 : INFO : EventManager : Event: ======'player_rhythm_best_combo'====== Args={'value': 8, 'prev_value': 7, 'change': 1, 'player_num': 1}
2026-04-16 14:54:38,064 : INFO : EventManager : Event: ======'player_rhythm_hits'====== Args={'value': 14, 'prev_value': 13, 'change': 1, 'player_num': 1}
2026-04-16 14:54:38,065 : INFO : EventManager : Event: ======'player_rhythm_mode_score'====== Args={'value': 250000, 'prev_value': 230000, 'change': 20000, 'player_num': 1}
2026-04-16 14:54:38,065 : INFO : EventManager : Event: ======'player_score'====== Args={'value': 250000, 'prev_value': 230000, 'change': 20000, 'player_num': 1}
2026-04-16 14:54:38,065 : INFO : EventManager : Event: ======'rhythm_note_hit'====== Args={'note_id': 17, 'lane': 'center', 'judgment': 'perfect', 'combo': 8, 'multiplier': 1, 'award': 20000, 'delta_ms': 82, 'total_score': 250000}
2026-04-16 14:54:38,065 : INFO : EventManager : Event: ======'machine_var_audits_switches_s_action_button'====== Args={'value': 189, 'prev_value': 188, 'change': 1}
2026-04-16 14:54:38,163 : INFO : SwitchController : <<<<<<< 's_action_button' inactive >>>>>>>
2026-04-16 14:54:38,384 : INFO : EventManager : Event: ======'rhythm_note_spawned'====== Args={'note_id': 22, 'lane': 'center', 'travel_ms': 1600, 'hit_time_ms': 10700}
2026-04-16 14:54:38,385 : INFO : EventManager : Event: ======'rhythm_note_spawned'====== Args={'note_id': 23, 'lane': 'right', 'travel_ms': 1600, 'hit_time_ms': 10700}
2026-04-16 14:54:38,396 : INFO : SwitchController : <<<<<<< 's_flipper_right' active >>>>>>>
2026-04-16 14:54:38,397 : INFO : EventManager : Event: ======'rhythm_lane_pressed'====== Args={'lane': 'right'}
2026-04-16 14:54:38,397 : INFO : EventManager : Event: ======'player_rhythm_combo'====== Args={'value': 9, 'prev_value': 8, 'change': 1, 'player_num': 1}
2026-04-16 14:54:38,397 : INFO : EventManager : Event: ======'player_rhythm_best_combo'====== Args={'value': 9, 'prev_value': 8, 'change': 1, 'player_num': 1}
2026-04-16 14:54:38,397 : INFO : EventManager : Event: ======'player_rhythm_hits'====== Args={'value': 15, 'prev_value': 14, 'change': 1, 'player_num': 1}
2026-04-16 14:54:38,398 : INFO : EventManager : Event: ======'player_rhythm_multiplier'====== Args={'value': 2, 'prev_value': 1, 'change': 1, 'player_num': 1}
2026-04-16 14:54:38,398 : INFO : EventManager : Event: ======'player_rhythm_mode_score'====== Args={'value': 290000, 'prev_value': 250000, 'change': 40000, 'player_num': 1}
2026-04-16 14:54:38,398 : INFO : EventManager : Event: ======'player_score'====== Args={'value': 290000, 'prev_value': 250000, 'change': 40000, 'player_num': 1}
2026-04-16 14:54:38,398 : INFO : EventManager : Event: ======'rhythm_note_hit'====== Args={'note_id': 18, 'lane': 'right', 'judgment': 'perfect', 'combo': 9, 'multiplier': 2, 'award': 40000, 'delta_ms': 15, 'total_score': 290000}
2026-04-16 14:54:38,399 : INFO : EventManager : Event: ======'machine_var_audits_switches_s_flipper_right'====== Args={'value': 217, 'prev_value': 216, 'change': 1}
2026-04-16 14:54:38,513 : INFO : EventManager : Event: ======'balldevice_bd_trough_ball_eject_failed'====== Args={'target': <ball_device.bd_plunger>, 'balls': 1, 'retry': True, 'num_attempts': 1}
2026-04-16 14:54:38,514 : INFO : ball_device.bd_trough : State: waiting_for_target_ready
2026-04-16 14:54:38,514 : INFO : EventManager : Event: ======'balldevice_bd_trough_ball_eject_attempt'====== Args={'balls': 1, 'target': <ball_device.bd_plunger>, 'source': <ball_device.bd_trough>, 'mechanical_eject': False, 'num_attempts': 1}
2026-04-16 14:54:38,514 : INFO : ball_device.bd_trough : State: ejecting
2026-04-16 14:54:38,514 : INFO : ball_device.bd_trough : Ejecting ball to <ball_device.bd_plunger>
2026-04-16 14:54:38,514 : INFO : EventManager : Event: ======'balldevice_bd_trough_ejecting_ball'====== Args={'balls': 1, 'target': <ball_device.bd_plunger>, 'source': <ball_device.bd_trough>, 'mechanical_eject': False, 'num_attempts': 1}
2026-04-16 14:54:38,515 : INFO : ball_device.bd_trough : Wait for ball to leave device
2026-04-16 14:54:38,515 : INFO : coil.c_trough_eject : Pulsing Driver for 10ms (1.0 pulse_power)
2026-04-16 14:54:38,546 : INFO : SwitchController : <<<<<<< 's_flipper_right' inactive >>>>>>>
2026-04-16 14:54:38,763 : INFO : SwitchController : <<<<<<< 's_action_button' active >>>>>>>
2026-04-16 14:54:38,764 : INFO : EventManager : Event: ======'rhythm_lane_pressed'====== Args={'lane': 'center'}
2026-04-16 14:54:38,764 : INFO : EventManager : Event: ======'player_rhythm_combo'====== Args={'value': 10, 'prev_value': 9, 'change': 1, 'player_num': 1}
2026-04-16 14:54:38,764 : INFO : EventManager : Event: ======'player_rhythm_best_combo'====== Args={'value': 10, 'prev_value': 9, 'change': 1, 'player_num': 1}
2026-04-16 14:54:38,764 : INFO : EventManager : Event: ======'player_rhythm_hits'====== Args={'value': 16, 'prev_value': 15, 'change': 1, 'player_num': 1}
2026-04-16 14:54:38,764 : INFO : EventManager : Event: ======'player_rhythm_mode_score'====== Args={'value': 330000, 'prev_value': 290000, 'change': 40000, 'player_num': 1}
2026-04-16 14:54:38,764 : INFO : EventManager : Event: ======'player_score'====== Args={'value': 330000, 'prev_value': 290000, 'change': 40000, 'player_num': 1}
2026-04-16 14:54:38,764 : INFO : EventManager : Event: ======'rhythm_note_hit'====== Args={'note_id': 19, 'lane': 'center', 'judgment': 'perfect', 'combo': 10, 'multiplier': 2, 'award': 40000, 'delta_ms': 18, 'total_score': 330000}
2026-04-16 14:54:38,765 : INFO : EventManager : Event: ======'machine_var_audits_switches_s_action_button'====== Args={'value': 190, 'prev_value': 189, 'change': 1}
2026-04-16 14:54:38,930 : INFO : SwitchController : <<<<<<< 's_action_button' inactive >>>>>>>
2026-04-16 14:54:38,984 : INFO : EventManager : Event: ======'rhythm_note_spawned'====== Args={'note_id': 24, 'lane': 'left', 'travel_ms': 1600, 'hit_time_ms': 11300}
2026-04-16 14:54:39,247 : INFO : SwitchController : <<<<<<< 's_flipper_right' active >>>>>>>
2026-04-16 14:54:39,247 : INFO : EventManager : Event: ======'rhythm_lane_pressed'====== Args={'lane': 'right'}
2026-04-16 14:54:39,247 : INFO : EventManager : Event: ======'player_rhythm_combo'====== Args={'value': 11, 'prev_value': 10, 'change': 1, 'player_num': 1}
2026-04-16 14:54:39,247 : INFO : EventManager : Event: ======'player_rhythm_best_combo'====== Args={'value': 11, 'prev_value': 10, 'change': 1, 'player_num': 1}
2026-04-16 14:54:39,247 : INFO : EventManager : Event: ======'player_rhythm_hits'====== Args={'value': 17, 'prev_value': 16, 'change': 1, 'player_num': 1}
2026-04-16 14:54:39,248 : INFO : EventManager : Event: ======'player_rhythm_mode_score'====== Args={'value': 370000, 'prev_value': 330000, 'change': 40000, 'player_num': 1}
2026-04-16 14:54:39,248 : INFO : EventManager : Event: ======'player_score'====== Args={'value': 370000, 'prev_value': 330000, 'change': 40000, 'player_num': 1}
2026-04-16 14:54:39,248 : INFO : EventManager : Event: ======'rhythm_note_hit'====== Args={'note_id': 20, 'lane': 'right', 'judgment': 'perfect', 'combo': 11, 'multiplier': 2, 'award': 40000, 'delta_ms': 65, 'total_score': 370000}
2026-04-16 14:54:39,248 : INFO : EventManager : Event: ======'machine_var_audits_switches_s_flipper_right'====== Args={'value': 218, 'prev_value': 217, 'change': 1}
2026-04-16 14:54:39,379 : INFO : SwitchController : <<<<<<< 's_flipper_right' inactive >>>>>>>
2026-04-16 14:54:39,384 : INFO : EventManager : Event: ======'rhythm_note_spawned'====== Args={'note_id': 25, 'lane': 'center', 'travel_ms': 1600, 'hit_time_ms': 11700}
2026-04-16 14:54:39,530 : INFO : SwitchController : <<<<<<< 's_flipper_left' active >>>>>>>
2026-04-16 14:54:39,530 : INFO : EventManager : Event: ======'rhythm_lane_pressed'====== Args={'lane': 'left'}
2026-04-16 14:54:39,530 : INFO : EventManager : Event: ======'player_rhythm_combo'====== Args={'value': 12, 'prev_value': 11, 'change': 1, 'player_num': 1}
2026-04-16 14:54:39,530 : INFO : EventManager : Event: ======'player_rhythm_best_combo'====== Args={'value': 12, 'prev_value': 11, 'change': 1, 'player_num': 1}
2026-04-16 14:54:39,531 : INFO : EventManager : Event: ======'player_rhythm_hits'====== Args={'value': 18, 'prev_value': 17, 'change': 1, 'player_num': 1}
2026-04-16 14:54:39,531 : INFO : EventManager : Event: ======'player_rhythm_mode_score'====== Args={'value': 410000, 'prev_value': 370000, 'change': 40000, 'player_num': 1}
2026-04-16 14:54:39,531 : INFO : EventManager : Event: ======'player_score'====== Args={'value': 410000, 'prev_value': 370000, 'change': 40000, 'player_num': 1}
2026-04-16 14:54:39,531 : INFO : EventManager : Event: ======'rhythm_note_hit'====== Args={'note_id': 21, 'lane': 'left', 'judgment': 'perfect', 'combo': 12, 'multiplier': 2, 'award': 40000, 'delta_ms': 52, 'total_score': 410000}
2026-04-16 14:54:39,531 : INFO : EventManager : Event: ======'machine_var_audits_switches_s_flipper_left'====== Args={'value': 228, 'prev_value': 227, 'change': 1}
2026-04-16 14:54:39,696 : INFO : SwitchController : <<<<<<< 's_flipper_left' inactive >>>>>>>
2026-04-16 14:54:39,784 : INFO : EventManager : Event: ======'rhythm_note_spawned'====== Args={'note_id': 26, 'lane': 'left', 'travel_ms': 1600, 'hit_time_ms': 12100}
2026-04-16 14:54:40,113 : INFO : SwitchController : <<<<<<< 's_flipper_right' active >>>>>>>
2026-04-16 14:54:40,113 : INFO : EventManager : Event: ======'rhythm_lane_pressed'====== Args={'lane': 'right'}
2026-04-16 14:54:40,114 : INFO : EventManager : Event: ======'player_rhythm_combo'====== Args={'value': 13, 'prev_value': 12, 'change': 1, 'player_num': 1}
2026-04-16 14:54:40,114 : INFO : EventManager : Event: ======'player_rhythm_best_combo'====== Args={'value': 13, 'prev_value': 12, 'change': 1, 'player_num': 1}
2026-04-16 14:54:40,114 : INFO : EventManager : Event: ======'player_rhythm_hits'====== Args={'value': 19, 'prev_value': 18, 'change': 1, 'player_num': 1}
2026-04-16 14:54:40,114 : INFO : EventManager : Event: ======'player_rhythm_mode_score'====== Args={'value': 430000, 'prev_value': 410000, 'change': 20000, 'player_num': 1}
2026-04-16 14:54:40,114 : INFO : EventManager : Event: ======'player_score'====== Args={'value': 430000, 'prev_value': 410000, 'change': 20000, 'player_num': 1}
2026-04-16 14:54:40,114 : INFO : EventManager : Event: ======'rhythm_note_hit'====== Args={'note_id': 23, 'lane': 'right', 'judgment': 'good', 'combo': 13, 'multiplier': 2, 'award': 20000, 'delta_ms': 131, 'total_score': 430000}
2026-04-16 14:54:40,114 : INFO : EventManager : Event: ======'machine_var_audits_switches_s_flipper_right'====== Args={'value': 219, 'prev_value': 218, 'change': 1}
2026-04-16 14:54:40,129 : INFO : SwitchController : <<<<<<< 's_action_button' active >>>>>>>
2026-04-16 14:54:40,130 : INFO : EventManager : Event: ======'rhythm_lane_pressed'====== Args={'lane': 'center'}
2026-04-16 14:54:40,130 : INFO : EventManager : Event: ======'player_rhythm_combo'====== Args={'value': 14, 'prev_value': 13, 'change': 1, 'player_num': 1}
2026-04-16 14:54:40,130 : INFO : EventManager : Event: ======'player_rhythm_best_combo'====== Args={'value': 14, 'prev_value': 13, 'change': 1, 'player_num': 1}
2026-04-16 14:54:40,130 : INFO : EventManager : Event: ======'player_rhythm_hits'====== Args={'value': 20, 'prev_value': 19, 'change': 1, 'player_num': 1}
2026-04-16 14:54:40,131 : INFO : EventManager : Event: ======'player_rhythm_mode_score'====== Args={'value': 450000, 'prev_value': 430000, 'change': 20000, 'player_num': 1}
2026-04-16 14:54:40,131 : INFO : EventManager : Event: ======'player_score'====== Args={'value': 450000, 'prev_value': 430000, 'change': 20000, 'player_num': 1}
2026-04-16 14:54:40,131 : INFO : EventManager : Event: ======'rhythm_note_hit'====== Args={'note_id': 22, 'lane': 'center', 'judgment': 'good', 'combo': 14, 'multiplier': 2, 'award': 20000, 'delta_ms': 148, 'total_score': 450000}
2026-04-16 14:54:40,131 : INFO : EventManager : Event: ======'machine_var_audits_switches_s_action_button'====== Args={'value': 191, 'prev_value': 190, 'change': 1}
2026-04-16 14:54:40,184 : INFO : EventManager : Event: ======'rhythm_note_spawned'====== Args={'note_id': 27, 'lane': 'right', 'travel_ms': 1600, 'hit_time_ms': 12500}
2026-04-16 14:54:40,263 : INFO : SwitchController : <<<<<<< 's_action_button' inactive >>>>>>>
2026-04-16 14:54:40,280 : INFO : SwitchController : <<<<<<< 's_flipper_right' inactive >>>>>>>
2026-04-16 14:54:40,584 : INFO : EventManager : Event: ======'rhythm_note_spawned'====== Args={'note_id': 28, 'lane': 'center', 'travel_ms': 1600, 'hit_time_ms': 12900}
2026-04-16 14:54:40,596 : INFO : SwitchController : <<<<<<< 's_flipper_left' active >>>>>>>
2026-04-16 14:54:40,597 : INFO : EventManager : Event: ======'rhythm_lane_pressed'====== Args={'lane': 'left'}
2026-04-16 14:54:40,597 : INFO : EventManager : Event: ======'player_rhythm_combo'====== Args={'value': 15, 'prev_value': 14, 'change': 1, 'player_num': 1}
2026-04-16 14:54:40,597 : INFO : EventManager : Event: ======'player_rhythm_best_combo'====== Args={'value': 15, 'prev_value': 14, 'change': 1, 'player_num': 1}
2026-04-16 14:54:40,597 : INFO : EventManager : Event: ======'player_rhythm_hits'====== Args={'value': 21, 'prev_value': 20, 'change': 1, 'player_num': 1}
2026-04-16 14:54:40,597 : INFO : EventManager : Event: ======'player_rhythm_mode_score'====== Args={'value': 490000, 'prev_value': 450000, 'change': 40000, 'player_num': 1}
2026-04-16 14:54:40,598 : INFO : EventManager : Event: ======'player_score'====== Args={'value': 490000, 'prev_value': 450000, 'change': 40000, 'player_num': 1}
2026-04-16 14:54:40,598 : INFO : EventManager : Event: ======'rhythm_note_hit'====== Args={'note_id': 24, 'lane': 'left', 'judgment': 'perfect', 'combo': 15, 'multiplier': 2, 'award': 40000, 'delta_ms': 15, 'total_score': 490000}
2026-04-16 14:54:40,598 : INFO : EventManager : Event: ======'machine_var_audits_switches_s_flipper_left'====== Args={'value': 229, 'prev_value': 228, 'change': 1}
2026-04-16 14:54:40,730 : INFO : SwitchController : <<<<<<< 's_flipper_left' inactive >>>>>>>
2026-04-16 14:54:40,984 : INFO : EventManager : Event: ======'rhythm_note_spawned'====== Args={'note_id': 29, 'lane': 'right', 'travel_ms': 1600, 'hit_time_ms': 13300}
2026-04-16 14:54:41,096 : INFO : SwitchController : <<<<<<< 's_action_button' active >>>>>>>
2026-04-16 14:54:41,096 : INFO : EventManager : Event: ======'rhythm_lane_pressed'====== Args={'lane': 'center'}
2026-04-16 14:54:41,096 : INFO : EventManager : Event: ======'player_rhythm_combo'====== Args={'value': 16, 'prev_value': 15, 'change': 1, 'player_num': 1}
2026-04-16 14:54:41,097 : INFO : EventManager : Event: ======'player_rhythm_best_combo'====== Args={'value': 16, 'prev_value': 15, 'change': 1, 'player_num': 1}
2026-04-16 14:54:41,097 : INFO : EventManager : Event: ======'player_rhythm_hits'====== Args={'value': 22, 'prev_value': 21, 'change': 1, 'player_num': 1}
2026-04-16 14:54:41,097 : INFO : EventManager : Event: ======'player_rhythm_mode_score'====== Args={'value': 510000, 'prev_value': 490000, 'change': 20000, 'player_num': 1}
2026-04-16 14:54:41,097 : INFO : EventManager : Event: ======'player_score'====== Args={'value': 510000, 'prev_value': 490000, 'change': 20000, 'player_num': 1}
2026-04-16 14:54:41,097 : INFO : EventManager : Event: ======'rhythm_note_hit'====== Args={'note_id': 25, 'lane': 'center', 'judgment': 'good', 'combo': 16, 'multiplier': 2, 'award': 20000, 'delta_ms': 114, 'total_score': 510000}
2026-04-16 14:54:41,097 : INFO : EventManager : Event: ======'machine_var_audits_switches_s_action_button'====== Args={'value': 192, 'prev_value': 191, 'change': 1}
2026-04-16 14:54:41,229 : INFO : SwitchController : <<<<<<< 's_action_button' inactive >>>>>>>
2026-04-16 14:54:41,384 : INFO : EventManager : Event: ======'rhythm_note_spawned'====== Args={'note_id': 30, 'lane': 'left', 'travel_ms': 1600, 'hit_time_ms': 13700}
2026-04-16 14:54:41,385 : INFO : EventManager : Event: ======'rhythm_note_spawned'====== Args={'note_id': 31, 'lane': 'center', 'travel_ms': 1600, 'hit_time_ms': 13700}
2026-04-16 14:54:41,555 : INFO : EventManager : Event: ======'player_rhythm_combo'====== Args={'value': 0, 'prev_value': 16, 'change': -16, 'player_num': 1}
2026-04-16 14:54:41,556 : INFO : EventManager : Event: ======'player_rhythm_misses'====== Args={'value': 5, 'prev_value': 4, 'change': 1, 'player_num': 1}
2026-04-16 14:54:41,556 : INFO : EventManager : Event: ======'player_rhythm_multiplier'====== Args={'value': 1, 'prev_value': 2, 'change': -1, 'player_num': 1}
2026-04-16 14:54:41,556 : INFO : EventManager : Event: ======'rhythm_note_missed'====== Args={'note_id': 26, 'lane': 'left', 'total_misses': 5}
2026-04-16 14:54:41,596 : INFO : SwitchController : <<<<<<< 's_flipper_left' active >>>>>>>
2026-04-16 14:54:41,596 : INFO : EventManager : Event: ======'rhythm_lane_pressed'====== Args={'lane': 'left'}
2026-04-16 14:54:41,596 : INFO : EventManager : Event: ======'machine_var_audits_switches_s_flipper_left'====== Args={'value': 230, 'prev_value': 229, 'change': 1}
2026-04-16 14:54:41,696 : INFO : SwitchController : <<<<<<< 's_flipper_left' inactive >>>>>>>
2026-04-16 14:54:41,955 : INFO : EventManager : Event: ======'player_rhythm_misses'====== Args={'value': 6, 'prev_value': 5, 'change': 1, 'player_num': 1}
2026-04-16 14:54:41,956 : INFO : EventManager : Event: ======'rhythm_note_missed'====== Args={'note_id': 27, 'lane': 'right', 'total_misses': 6}
2026-04-16 14:54:41,984 : INFO : EventManager : Event: ======'rhythm_note_spawned'====== Args={'note_id': 32, 'lane': 'center', 'travel_ms': 1600, 'hit_time_ms': 14300}
2026-04-16 14:54:42,013 : INFO : SwitchController : <<<<<<< 's_flipper_right' active >>>>>>>
2026-04-16 14:54:42,014 : INFO : EventManager : Event: ======'rhythm_lane_pressed'====== Args={'lane': 'right'}
2026-04-16 14:54:42,014 : INFO : EventManager : Event: ======'machine_var_audits_switches_s_flipper_right'====== Args={'value': 220, 'prev_value': 219, 'change': 1}
2026-04-16 14:54:42,163 : INFO : SwitchController : <<<<<<< 's_flipper_right' inactive >>>>>>>
2026-04-16 14:54:42,214 : INFO : SwitchController : <<<<<<< 's_flipper_left' active >>>>>>>
2026-04-16 14:54:42,214 : INFO : EventManager : Event: ======'rhythm_lane_pressed'====== Args={'lane': 'left'}
2026-04-16 14:54:42,214 : INFO : EventManager : Event: ======'machine_var_audits_switches_s_flipper_left'====== Args={'value': 231, 'prev_value': 230, 'change': 1}
2026-04-16 14:54:42,355 : INFO : EventManager : Event: ======'player_rhythm_misses'====== Args={'value': 7, 'prev_value': 6, 'change': 1, 'player_num': 1}
2026-04-16 14:54:42,356 : INFO : EventManager : Event: ======'rhythm_note_missed'====== Args={'note_id': 28, 'lane': 'center', 'total_misses': 7}
2026-04-16 14:54:42,363 : INFO : SwitchController : <<<<<<< 's_flipper_left' inactive >>>>>>>
2026-04-16 14:54:42,384 : INFO : EventManager : Event: ======'rhythm_note_spawned'====== Args={'note_id': 33, 'lane': 'right', 'travel_ms': 1600, 'hit_time_ms': 14700}
2026-04-16 14:54:42,512 : INFO : SwitchController : <<<<<<< 's_action_button' active >>>>>>>
2026-04-16 14:54:42,513 : INFO : EventManager : Event: ======'rhythm_lane_pressed'====== Args={'lane': 'center'}
2026-04-16 14:54:42,513 : INFO : EventManager : Event: ======'machine_var_audits_switches_s_action_button'====== Args={'value': 193, 'prev_value': 192, 'change': 1}
2026-04-16 14:54:42,663 : INFO : SwitchController : <<<<<<< 's_action_button' inactive >>>>>>>
2026-04-16 14:54:42,755 : INFO : EventManager : Event: ======'player_rhythm_misses'====== Args={'value': 8, 'prev_value': 7, 'change': 1, 'player_num': 1}
2026-04-16 14:54:42,756 : INFO : EventManager : Event: ======'rhythm_note_missed'====== Args={'note_id': 29, 'lane': 'right', 'total_misses': 8}
2026-04-16 14:54:42,763 : INFO : SwitchController : <<<<<<< 's_flipper_right' active >>>>>>>
2026-04-16 14:54:42,763 : INFO : EventManager : Event: ======'rhythm_lane_pressed'====== Args={'lane': 'right'}
2026-04-16 14:54:42,764 : INFO : EventManager : Event: ======'machine_var_audits_switches_s_flipper_right'====== Args={'value': 221, 'prev_value': 220, 'change': 1}
2026-04-16 14:54:42,783 : INFO : EventManager : Event: ======'rhythm_note_spawned'====== Args={'note_id': 34, 'lane': 'left', 'travel_ms': 1600, 'hit_time_ms': 15100}
2026-04-16 14:54:42,896 : INFO : SwitchController : <<<<<<< 's_action_button' active >>>>>>>
2026-04-16 14:54:42,896 : INFO : EventManager : Event: ======'rhythm_lane_pressed'====== Args={'lane': 'center'}
2026-04-16 14:54:42,896 : INFO : EventManager : Event: ======'player_rhythm_combo'====== Args={'value': 1, 'prev_value': 0, 'change': 1, 'player_num': 1}
2026-04-16 14:54:42,897 : INFO : EventManager : Event: ======'player_rhythm_hits'====== Args={'value': 23, 'prev_value': 22, 'change': 1, 'player_num': 1}
2026-04-16 14:54:42,897 : INFO : EventManager : Event: ======'player_rhythm_mode_score'====== Args={'value': 530000, 'prev_value': 510000, 'change': 20000, 'player_num': 1}
2026-04-16 14:54:42,897 : INFO : EventManager : Event: ======'player_score'====== Args={'value': 530000, 'prev_value': 510000, 'change': 20000, 'player_num': 1}
2026-04-16 14:54:42,897 : INFO : EventManager : Event: ======'rhythm_note_hit'====== Args={'note_id': 31, 'lane': 'center', 'judgment': 'perfect', 'combo': 1, 'multiplier': 1, 'award': 20000, 'delta_ms': 86, 'total_score': 530000}
2026-04-16 14:54:42,897 : INFO : EventManager : Event: ======'machine_var_audits_switches_s_action_button'====== Args={'value': 194, 'prev_value': 193, 'change': 1}
2026-04-16 14:54:42,912 : INFO : SwitchController : <<<<<<< 's_flipper_right' inactive >>>>>>>
2026-04-16 14:54:42,964 : INFO : SwitchController : <<<<<<< 's_action_button' inactive >>>>>>>
2026-04-16 14:54:42,964 : INFO : SwitchController : <<<<<<< 's_action_button' active >>>>>>>
2026-04-16 14:54:42,964 : INFO : EventManager : Event: ======'rhythm_lane_pressed'====== Args={'lane': 'center'}
2026-04-16 14:54:42,964 : INFO : EventManager : Event: ======'machine_var_audits_switches_s_action_button'====== Args={'value': 195, 'prev_value': 194, 'change': 1}
2026-04-16 14:54:43,113 : INFO : SwitchController : <<<<<<< 's_flipper_left' active >>>>>>>
2026-04-16 14:54:43,113 : INFO : EventManager : Event: ======'rhythm_lane_pressed'====== Args={'lane': 'left'}
2026-04-16 14:54:43,114 : INFO : EventManager : Event: ======'player_rhythm_combo'====== Args={'value': 2, 'prev_value': 1, 'change': 1, 'player_num': 1}
2026-04-16 14:54:43,114 : INFO : EventManager : Event: ======'player_rhythm_hits'====== Args={'value': 24, 'prev_value': 23, 'change': 1, 'player_num': 1}
2026-04-16 14:54:43,114 : INFO : EventManager : Event: ======'player_rhythm_mode_score'====== Args={'value': 540000, 'prev_value': 530000, 'change': 10000, 'player_num': 1}
2026-04-16 14:54:43,114 : INFO : EventManager : Event: ======'player_score'====== Args={'value': 540000, 'prev_value': 530000, 'change': 10000, 'player_num': 1}
2026-04-16 14:54:43,115 : INFO : EventManager : Event: ======'rhythm_note_hit'====== Args={'note_id': 30, 'lane': 'left', 'judgment': 'good', 'combo': 2, 'multiplier': 1, 'award': 10000, 'delta_ms': 131, 'total_score': 540000}
2026-04-16 14:54:43,115 : INFO : EventManager : Event: ======'machine_var_audits_switches_s_flipper_left'====== Args={'value': 232, 'prev_value': 231, 'change': 1}
2026-04-16 14:54:43,184 : INFO : EventManager : Event: ======'rhythm_note_spawned'====== Args={'note_id': 35, 'lane': 'center', 'travel_ms': 1600, 'hit_time_ms': 15500}
2026-04-16 14:54:43,280 : INFO : SwitchController : <<<<<<< 's_flipper_left' inactive >>>>>>>
2026-04-16 14:54:43,280 : INFO : SwitchController : <<<<<<< 's_action_button' inactive >>>>>>>
2026-04-16 14:54:43,579 : INFO : SwitchController : <<<<<<< 's_action_button' active >>>>>>>
2026-04-16 14:54:43,580 : INFO : EventManager : Event: ======'rhythm_lane_pressed'====== Args={'lane': 'center'}
2026-04-16 14:54:43,580 : INFO : EventManager : Event: ======'player_rhythm_combo'====== Args={'value': 3, 'prev_value': 2, 'change': 1, 'player_num': 1}
2026-04-16 14:54:43,580 : INFO : EventManager : Event: ======'player_rhythm_hits'====== Args={'value': 25, 'prev_value': 24, 'change': 1, 'player_num': 1}
2026-04-16 14:54:43,581 : INFO : EventManager : Event: ======'player_rhythm_mode_score'====== Args={'value': 560000, 'prev_value': 540000, 'change': 20000, 'player_num': 1}
2026-04-16 14:54:43,581 : INFO : EventManager : Event: ======'player_score'====== Args={'value': 560000, 'prev_value': 540000, 'change': 20000, 'player_num': 1}
2026-04-16 14:54:43,581 : INFO : EventManager : Event: ======'rhythm_note_hit'====== Args={'note_id': 32, 'lane': 'center', 'judgment': 'perfect', 'combo': 3, 'multiplier': 1, 'award': 20000, 'delta_ms': 2, 'total_score': 560000}
2026-04-16 14:54:43,581 : INFO : EventManager : Event: ======'machine_var_audits_switches_s_action_button'====== Args={'value': 196, 'prev_value': 195, 'change': 1}
2026-04-16 14:54:43,729 : INFO : SwitchController : <<<<<<< 's_action_button' inactive >>>>>>>
2026-04-16 14:54:43,783 : INFO : EventManager : Event: ======'rhythm_note_spawned'====== Args={'note_id': 36, 'lane': 'left', 'travel_ms': 1600, 'hit_time_ms': 16100}
2026-04-16 14:54:43,784 : INFO : EventManager : Event: ======'rhythm_note_spawned'====== Args={'note_id': 37, 'lane': 'right', 'travel_ms': 1600, 'hit_time_ms': 16100}
2026-04-16 14:54:43,979 : INFO : SwitchController : <<<<<<< 's_flipper_right' active >>>>>>>
2026-04-16 14:54:43,980 : INFO : EventManager : Event: ======'rhythm_lane_pressed'====== Args={'lane': 'right'}
2026-04-16 14:54:43,980 : INFO : EventManager : Event: ======'player_rhythm_combo'====== Args={'value': 4, 'prev_value': 3, 'change': 1, 'player_num': 1}
2026-04-16 14:54:43,980 : INFO : EventManager : Event: ======'player_rhythm_hits'====== Args={'value': 26, 'prev_value': 25, 'change': 1, 'player_num': 1}
2026-04-16 14:54:43,980 : INFO : EventManager : Event: ======'player_rhythm_mode_score'====== Args={'value': 580000, 'prev_value': 560000, 'change': 20000, 'player_num': 1}
2026-04-16 14:54:43,981 : INFO : EventManager : Event: ======'player_score'====== Args={'value': 580000, 'prev_value': 560000, 'change': 20000, 'player_num': 1}
2026-04-16 14:54:43,981 : INFO : EventManager : Event: ======'rhythm_note_hit'====== Args={'note_id': 33, 'lane': 'right', 'judgment': 'perfect', 'combo': 4, 'multiplier': 1, 'award': 20000, 'delta_ms': 2, 'total_score': 580000}
2026-04-16 14:54:43,981 : INFO : EventManager : Event: ======'machine_var_audits_switches_s_flipper_right'====== Args={'value': 222, 'prev_value': 221, 'change': 1}
2026-04-16 14:54:44,147 : INFO : SwitchController : <<<<<<< 's_flipper_right' inactive >>>>>>>
2026-04-16 14:54:44,346 : INFO : SwitchController : <<<<<<< 's_flipper_left' active >>>>>>>
2026-04-16 14:54:44,347 : INFO : EventManager : Event: ======'rhythm_lane_pressed'====== Args={'lane': 'left'}
2026-04-16 14:54:44,347 : INFO : EventManager : Event: ======'player_rhythm_combo'====== Args={'value': 5, 'prev_value': 4, 'change': 1, 'player_num': 1}
2026-04-16 14:54:44,347 : INFO : EventManager : Event: ======'player_rhythm_hits'====== Args={'value': 27, 'prev_value': 26, 'change': 1, 'player_num': 1}
2026-04-16 14:54:44,347 : INFO : EventManager : Event: ======'player_rhythm_mode_score'====== Args={'value': 600000, 'prev_value': 580000, 'change': 20000, 'player_num': 1}
2026-04-16 14:54:44,347 : INFO : EventManager : Event: ======'player_score'====== Args={'value': 600000, 'prev_value': 580000, 'change': 20000, 'player_num': 1}
2026-04-16 14:54:44,348 : INFO : EventManager : Event: ======'rhythm_note_hit'====== Args={'note_id': 34, 'lane': 'left', 'judgment': 'perfect', 'combo': 5, 'multiplier': 1, 'award': 20000, 'delta_ms': 35, 'total_score': 600000}
2026-04-16 14:54:44,348 : INFO : EventManager : Event: ======'machine_var_audits_switches_s_flipper_left'====== Args={'value': 233, 'prev_value': 232, 'change': 1}
2026-04-16 14:54:44,514 : INFO : SwitchController : <<<<<<< 's_flipper_left' inactive >>>>>>>
2026-04-16 14:54:44,796 : INFO : SwitchController : <<<<<<< 's_action_button' active >>>>>>>
2026-04-16 14:54:44,797 : INFO : EventManager : Event: ======'rhythm_lane_pressed'====== Args={'lane': 'center'}
2026-04-16 14:54:44,797 : INFO : EventManager : Event: ======'player_rhythm_combo'====== Args={'value': 6, 'prev_value': 5, 'change': 1, 'player_num': 1}
2026-04-16 14:54:44,797 : INFO : EventManager : Event: ======'player_rhythm_hits'====== Args={'value': 28, 'prev_value': 27, 'change': 1, 'player_num': 1}
2026-04-16 14:54:44,797 : INFO : EventManager : Event: ======'player_rhythm_mode_score'====== Args={'value': 620000, 'prev_value': 600000, 'change': 20000, 'player_num': 1}
2026-04-16 14:54:44,798 : INFO : EventManager : Event: ======'player_score'====== Args={'value': 620000, 'prev_value': 600000, 'change': 20000, 'player_num': 1}
2026-04-16 14:54:44,798 : INFO : EventManager : Event: ======'rhythm_note_hit'====== Args={'note_id': 35, 'lane': 'center', 'judgment': 'perfect', 'combo': 6, 'multiplier': 1, 'award': 20000, 'delta_ms': 15, 'total_score': 620000}
2026-04-16 14:54:44,798 : INFO : EventManager : Event: ======'machine_var_audits_switches_s_action_button'====== Args={'value': 197, 'prev_value': 196, 'change': 1}
2026-04-16 14:54:44,896 : INFO : SwitchController : <<<<<<< 's_action_button' inactive >>>>>>>
2026-04-16 14:54:45,330 : INFO : SwitchController : <<<<<<< 's_flipper_right' active >>>>>>>
2026-04-16 14:54:45,330 : INFO : EventManager : Event: ======'rhythm_lane_pressed'====== Args={'lane': 'right'}
2026-04-16 14:54:45,330 : INFO : EventManager : Event: ======'player_rhythm_combo'====== Args={'value': 7, 'prev_value': 6, 'change': 1, 'player_num': 1}
2026-04-16 14:54:45,330 : INFO : EventManager : Event: ======'player_rhythm_hits'====== Args={'value': 29, 'prev_value': 28, 'change': 1, 'player_num': 1}
2026-04-16 14:54:45,331 : INFO : EventManager : Event: ======'player_rhythm_mode_score'====== Args={'value': 640000, 'prev_value': 620000, 'change': 20000, 'player_num': 1}
2026-04-16 14:54:45,331 : INFO : EventManager : Event: ======'player_score'====== Args={'value': 640000, 'prev_value': 620000, 'change': 20000, 'player_num': 1}
2026-04-16 14:54:45,331 : INFO : EventManager : Event: ======'rhythm_note_hit'====== Args={'note_id': 37, 'lane': 'right', 'judgment': 'perfect', 'combo': 7, 'multiplier': 1, 'award': 20000, 'delta_ms': 52, 'total_score': 640000}
2026-04-16 14:54:45,331 : INFO : EventManager : Event: ======'machine_var_audits_switches_s_flipper_right'====== Args={'value': 223, 'prev_value': 222, 'change': 1}
2026-04-16 14:54:45,332 : INFO : SwitchController : <<<<<<< 's_flipper_left' active >>>>>>>
2026-04-16 14:54:45,332 : INFO : EventManager : Event: ======'flipper_cancel'====== Args={'triggering_group': 1, 'triggering_switch': 's_flipper_left'}
2026-04-16 14:54:45,332 : INFO : EventManager : Event: ======'rhythm_lane_pressed'====== Args={'lane': 'left'}
2026-04-16 14:54:45,332 : INFO : EventManager : Event: ======'player_rhythm_combo'====== Args={'value': 8, 'prev_value': 7, 'change': 1, 'player_num': 1}
2026-04-16 14:54:45,332 : INFO : EventManager : Event: ======'player_rhythm_hits'====== Args={'value': 30, 'prev_value': 29, 'change': 1, 'player_num': 1}
2026-04-16 14:54:45,332 : INFO : EventManager : Event: ======'player_rhythm_mode_score'====== Args={'value': 660000, 'prev_value': 640000, 'change': 20000, 'player_num': 1}
2026-04-16 14:54:45,332 : INFO : EventManager : Event: ======'player_score'====== Args={'value': 660000, 'prev_value': 640000, 'change': 20000, 'player_num': 1}
2026-04-16 14:54:45,332 : INFO : EventManager : Event: ======'rhythm_note_hit'====== Args={'note_id': 36, 'lane': 'left', 'judgment': 'perfect', 'combo': 8, 'multiplier': 1, 'award': 20000, 'delta_ms': 50, 'total_score': 660000}
2026-04-16 14:54:45,332 : INFO : EventManager : Event: ======'machine_var_audits_switches_s_flipper_left'====== Args={'value': 234, 'prev_value': 233, 'change': 1}
2026-04-16 14:54:45,496 : INFO : SwitchController : <<<<<<< 's_flipper_right' inactive >>>>>>>
2026-04-16 14:54:45,496 : INFO : EventManager : Event: ======'both_flippers_one'====== Args={'triggering_group': 2, 'triggering_switch': 's_flipper_right'}
2026-04-16 14:54:45,513 : INFO : SwitchController : <<<<<<< 's_flipper_left' inactive >>>>>>>
2026-04-16 14:54:45,514 : INFO : EventManager : Event: ======'both_flippers_inactive'====== Args={'triggering_group': 1, 'triggering_switch': 's_flipper_left'}
2026-04-16 14:54:45,804 : INFO : EventManager : Event: ======'player_rhythm_accuracy'====== Args={'value': 79, 'prev_value': 0, 'change': 79, 'player_num': 1}
2026-04-16 14:54:45,805 : INFO : EventManager : Event: ======'rhythm_mode_finished'====== Args={'total_notes': 38, 'hits': 30, 'misses': 8, 'best_combo': 16, 'accuracy': 79, 'total_score': 660000}
2026-04-16 14:54:47,405 : INFO : EventManager : Event: ======'mode_rhythm_will_stop'====== Args={}
2026-04-16 14:54:47,406 : INFO : EventManager : Event: ======'mode_rhythm_stopping'====== Args={}
2026-04-16 14:54:47,406 : INFO : Mode.rhythm : Stopped.
2026-04-16 14:54:47,406 : INFO : EventManager : Event: ======'modes_active_modes_changed'====== Args={}
2026-04-16 14:54:47,407 : INFO : EventManager : Event: ======'mode_rhythm_stopped'====== Args={}
2026-04-16 14:54:47,407 : INFO : EventManager : Event: ======'clear'====== Args={'key': 'rhythm'}
2026-04-16 14:54:47,447 : INFO : EventManager : Event: ======'slide_rhythm_inactive'====== Args={'is_removing': True, '_from_bcp': True}
2026-04-16 14:54:47,447 : INFO : EventManager : Event: ======'slide_base_slide_active'====== Args={'_from_bcp': True}
2026-04-16 14:54:47,449 : INFO : EventManager : Event: ======'slide_rhythm_removed'====== Args={'_from_bcp': True}
2026-04-16 14:54:48,516 : INFO : EventManager : Event: ======'balldevice_bd_trough_ball_eject_failed'====== Args={'target': <ball_device.bd_plunger>, 'balls': 1, 'retry': True, 'num_attempts': 2}
2026-04-16 14:54:48,517 : INFO : ball_device.bd_trough : State: waiting_for_target_ready
2026-04-16 14:54:48,517 : INFO : EventManager : Event: ======'balldevice_bd_trough_ball_eject_attempt'====== Args={'balls': 1, 'target': <ball_device.bd_plunger>, 'source': <ball_device.bd_trough>, 'mechanical_eject': False, 'num_attempts': 2}
2026-04-16 14:54:48,517 : INFO : ball_device.bd_trough : State: ejecting
2026-04-16 14:54:48,517 : INFO : ball_device.bd_trough : Ejecting ball to <ball_device.bd_plunger>
2026-04-16 14:54:48,517 : INFO : EventManager : Event: ======'balldevice_bd_trough_ejecting_ball'====== Args={'balls': 1, 'target': <ball_device.bd_plunger>, 'source': <ball_device.bd_trough>, 'mechanical_eject': False, 'num_attempts': 2}
2026-04-16 14:54:48,517 : INFO : ball_device.bd_trough : Wait for ball to leave device
2026-04-16 14:54:48,518 : INFO : coil.c_trough_eject : Pulsing Driver for 10ms (1.0 pulse_power)
2026-04-16 14:54:53,830 : INFO : Machine : Shutting down...
2026-04-16 14:54:53,830 : INFO : EventManager : Event: ======'shutdown'====== Args={}
2026-04-16 14:54:53,831 : INFO : EventManager : Event: ======'mode_game_will_stop'====== Args={}
2026-04-16 14:54:53,831 : INFO : EventManager : Event: ======'mode_game_stopping'====== Args={}
2026-04-16 14:54:53,831 : INFO : EventManager : Event: ======'mode_base_will_stop'====== Args={}
2026-04-16 14:54:53,831 : INFO : EventManager : Event: ======'mode_base_stopping'====== Args={}
2026-04-16 14:54:53,831 : INFO : EventManager : Event: ======'mode_bumpers_will_stop'====== Args={}
2026-04-16 14:54:53,831 : INFO : EventManager : Event: ======'mode_bumpers_stopping'====== Args={}
2026-04-16 14:54:53,832 : INFO : EventManager : Event: ======'stop_mode_bumpers'====== Args={'priority': 0}
2026-04-16 14:54:53,832 : INFO : Mode.bumpers : Stopped.
2026-04-16 14:54:53,832 : INFO : EventManager : Event: ======'modes_active_modes_changed'====== Args={}
2026-04-16 14:54:53,832 : INFO : EventManager : Event: ======'mode_bumpers_stopped'====== Args={}
2026-04-16 14:54:53,832 : INFO : EventManager : Event: ======'clear'====== Args={'key': 'bumpers'}
2026-04-16 14:54:53,832 : INFO : Mode.base : Stopped.
2026-04-16 14:54:53,832 : INFO : EventManager : Event: ======'modes_active_modes_changed'====== Args={}
2026-04-16 14:54:53,833 : INFO : EventManager : Event: ======'mode_base_stopped'====== Args={}
2026-04-16 14:54:53,833 : INFO : EventManager : Event: ======'clear'====== Args={'key': 'base'}
2026-04-16 14:54:53,833 : INFO : Mode.game : Stopped.
2026-04-16 14:54:53,833 : INFO : EventManager : Event: ======'modes_active_modes_changed'====== Args={}
2026-04-16 14:54:53,833 : INFO : EventManager : Event: ======'mode_game_stopped'====== Args={}
2026-04-16 14:54:53,833 : INFO : EventManager : Event: ======'clear'====== Args={'key': 'game'}
2026-04-16 14:54:53,835 : INFO : root : MPF run loop ended.
