2026-04-16 14:09:47,261 : INFO : root : Loading config.
2026-04-16 14:09:47,308 : INFO : ConfigProcessor : Config spec file cache created: /var/folders/nw/6blj94p12ldcym3fj104vzlm0000gn/T/config_spec.mpf_cache
2026-04-16 14:09:47,308 : INFO : YamlMultifileConfigLoader : Machine config file #1: config.yaml
2026-04-16 14:09:47,308 : INFO : ConfigProcessor : Loading config from cache: /var/folders/nw/6blj94p12ldcym3fj104vzlm0000gn/T/b334f8a4e2121184f8a617378a4d1625.mpf_cache
2026-04-16 14:09:47,333 : INFO : ConfigProcessor : Loading config from cache: /var/folders/nw/6blj94p12ldcym3fj104vzlm0000gn/T/63da12c4cec82227b4c3859bbf3c7cd4.mpf_cache
2026-04-16 14:09:47,333 : INFO : ConfigProcessor : Loading config from cache: /var/folders/nw/6blj94p12ldcym3fj104vzlm0000gn/T/b8625db2ee8ad38c42d4f1c72235edc8.mpf_cache
2026-04-16 14:09:47,333 : INFO : ConfigProcessor : Loading config from cache: /var/folders/nw/6blj94p12ldcym3fj104vzlm0000gn/T/63da12c4cec82227b4c3859bbf3c7cd4.mpf_cache
2026-04-16 14:09:47,333 : INFO : ConfigProcessor : Loading config from cache: /var/folders/nw/6blj94p12ldcym3fj104vzlm0000gn/T/104947b35f87d581877cdaf02599b463.mpf_cache
2026-04-16 14:09:47,334 : INFO : ConfigProcessor : Loading config from cache: /var/folders/nw/6blj94p12ldcym3fj104vzlm0000gn/T/bc830d47d6fbb336561cc63e74edf2c9.mpf_cache
2026-04-16 14:09:47,334 : INFO : ConfigProcessor : Loading config from cache: /var/folders/nw/6blj94p12ldcym3fj104vzlm0000gn/T/4273c698423283a7843ff5c77ef69dc9.mpf_cache
2026-04-16 14:09:47,334 : INFO : ConfigProcessor : Loading config from cache: /var/folders/nw/6blj94p12ldcym3fj104vzlm0000gn/T/7424f2cce7b15e0b37e570d3514590c8.mpf_cache
2026-04-16 14:09:47,334 : INFO : Machine : Mission Pinball Framework Core Engine v0.80.0.dev13
2026-04-16 14:09:47,334 : INFO : Machine : Command line arguments: {'no_load_cache': False, 'create_config_cache': True, 'bcp': True, 'configfile': ['config.yaml'], 'force_assets_load': False, 'platform_integration_test': False, 'jsonlogging': False, 'logfile': 'logs/2026-04-16-14-09-47-mpf-Wills-MacBook-Pro-M5.local.log', 'pause': False, 'production': False, 'text_ui': False, 'loglevel': 15, 'consoleloglevel': 20, 'force_platform': 'virtual', 'syslog_address': None, 'full_logfile_path': '/Users/willrante/Documents/GitHub/pinball/logs/2026-04-16-14-09-47-mpf-Wills-MacBook-Pro-M5.local.log'}
2026-04-16 14:09:47,334 : INFO : Machine : MPF path: /Users/willrante/mpf-env/lib/python3.14/site-packages/mpf
2026-04-16 14:09:47,334 : INFO : Machine : Machine path: /Users/willrante/Documents/GitHub/pinball
2026-04-16 14:09:47,334 : INFO : Machine : Platform: darwin
2026-04-16 14:09:47,334 : INFO : Machine : Python executable location: /Users/willrante/mpf-env/bin/python3.14
2026-04-16 14:09:47,334 : INFO : Machine : Python version: 3.14.3 (64-bit)
2026-04-16 14:09:47,335 : INFO : Machine : Initializing MPF...
2026-04-16 14:09:47,362 : INFO : EventManager : Event: ======'machine_var_credits_string'====== Args={'value': 'FREE PLAY', 'prev_value': None, 'change': True}
2026-04-16 14:09:47,366 : INFO : EventManager : Event: ======'machine_var_master_volume'====== Args={'value': 0.5, 'prev_value': None, 'change': True}
2026-04-16 14:09:47,366 : INFO : EventManager : Event: ======'machine_var_mpf_version'====== Args={'value': 'Mission Pinball Framework v0.80.0.dev13', 'prev_value': None, 'change': True}
2026-04-16 14:09:47,366 : INFO : EventManager : Event: ======'machine_var_mpf_extended_version'====== Args={'value': 'Mission Pinball Framework v0.80.0.dev13, Config version:6, Show version: 6, BCP version:1.1', 'prev_value': None, 'change': True}
2026-04-16 14:09:47,366 : INFO : EventManager : Event: ======'machine_var_python_version'====== Args={'value': '3.14.3', 'prev_value': None, 'change': True}
2026-04-16 14:09:47,374 : INFO : EventManager : Event: ======'machine_var_platform'====== Args={'value': 'macOS-26.4.1-arm64-arm-64bit-Mach-O', 'prev_value': None, 'change': True}
2026-04-16 14:09:47,374 : INFO : EventManager : Event: ======'machine_var_platform_system'====== Args={'value': 'Darwin', 'prev_value': None, 'change': True}
2026-04-16 14:09:47,374 : INFO : EventManager : Event: ======'machine_var_platform_release'====== Args={'value': '25.4.0', 'prev_value': None, 'change': True}
2026-04-16 14:09:47,374 : INFO : EventManager : Event: ======'machine_var_platform_version'====== Args={'value': 'Darwin Kernel Version 25.4.0: Thu Mar 19 19:33:50 PDT 2026; root:xnu-12377.101.15~1/RELEASE_ARM64_T6050', 'prev_value': None, 'change': True}
2026-04-16 14:09:47,374 : INFO : EventManager : Event: ======'machine_var_platform_machine'====== Args={'value': 'arm64', 'prev_value': None, 'change': True}
2026-04-16 14:09:47,374 : INFO : EventManager : Event: ======'machine_var_log_file_path'====== Args={'value': '/Users/willrante/Documents/GitHub/pinball/logs/2026-04-16-14-09-47-mpf-Wills-MacBook-Pro-M5.local.log', 'prev_value': None, 'change': True}
2026-04-16 14:09:47,374 : INFO : EventManager : Event: ======'init_phase_1'====== Args={}
2026-04-16 14:09:47,381 : INFO : EventManager : Event: ======'init_phase_2'====== Args={}
2026-04-16 14:09:47,381 : INFO : SwitchController : Found active switch: (1007, <Platform.Virtual>) <switch.s_trough_1>
2026-04-16 14:09:47,381 : INFO : SwitchController : Found active switch: (1008, <Platform.Virtual>) <switch.s_trough_2>
2026-04-16 14:09:47,381 : INFO : SwitchController : Found active switch: (1009, <Platform.Virtual>) <switch.s_trough_3>
2026-04-16 14:09:47,381 : INFO : EventManager : Event: ======'bcp_connection_attempt'====== Args={'name': 'local_display', 'host': 'localhost', 'port': 5050}
2026-04-16 14:09:47,382 : INFO : BCPClientSocket : Connecting BCP to 'local_display' at localhost:5050...
2026-04-16 14:09:47,385 : INFO : BCPClientSocket : Connected BCP to 'local_display' localhost:5050
2026-04-16 14:09:47,385 : INFO : EventManager : Event: ======'bcp_clients_connected'====== Args={}
2026-04-16 14:09:47,385 : INFO : ball_device.bd_plunger : BCH: Initial count: 0
2026-04-16 14:09:47,385 : INFO : ball_device.bd_plunger : State: idle
2026-04-16 14:09:47,385 : INFO : ball_device.bd_trough : BCH: Initial count: 3
2026-04-16 14:09:47,385 : INFO : ball_device.bd_trough : State: idle
2026-04-16 14:09:47,388 : INFO : EventManager : Event: ======'init_phase_3'====== Args={}
2026-04-16 14:09:47,389 : INFO : EventManager : Event: ======'init_phase_4'====== Args={}
2026-04-16 14:09:47,389 : INFO : BallController : Initial balls found: 3
2026-04-16 14:09:47,390 : INFO : EventManager : Event: ======'machine_var_audits_events_game_ended'====== Args={'value': 0, 'prev_value': None, 'change': True}
2026-04-16 14:09:47,390 : INFO : EventManager : Event: ======'machine_var_audits_events_game_started'====== Args={'value': 13, 'prev_value': None, 'change': True}
2026-04-16 14:09:47,390 : INFO : EventManager : Event: ======'machine_var_audits_missing_switches_s_bumper_left'====== Args={'value': 2, 'prev_value': None, 'change': True}
2026-04-16 14:09:47,390 : INFO : EventManager : Event: ======'machine_var_audits_missing_switches_s_bumper_right'====== Args={'value': 2, 'prev_value': None, 'change': True}
2026-04-16 14:09:47,390 : INFO : EventManager : Event: ======'machine_var_audits_missing_switches_s_plunger_lane'====== Args={'value': 13, 'prev_value': None, 'change': True}
2026-04-16 14:09:47,390 : INFO : EventManager : Event: ======'machine_var_audits_missing_switches_s_start'====== Args={'value': 9, 'prev_value': None, 'change': True}
2026-04-16 14:09:47,390 : INFO : EventManager : Event: ======'machine_var_audits_missing_switches_s_trough_1'====== Args={'value': 13, 'prev_value': None, 'change': True}
2026-04-16 14:09:47,390 : INFO : EventManager : Event: ======'machine_var_audits_missing_switches_s_trough_2'====== Args={'value': 13, 'prev_value': None, 'change': True}
2026-04-16 14:09:47,390 : INFO : EventManager : Event: ======'machine_var_audits_missing_switches_s_trough_3'====== Args={'value': 13, 'prev_value': None, 'change': True}
2026-04-16 14:09:47,390 : INFO : EventManager : Event: ======'machine_var_audits_player_score'====== Args={'value': {'average': 0, 'top': [], 'total': 0}, 'prev_value': None, 'change': True}
2026-04-16 14:09:47,390 : INFO : EventManager : Event: ======'machine_var_audits_shots_bumper_left'====== Args={'value': 145, 'prev_value': None, 'change': True}
2026-04-16 14:09:47,390 : INFO : EventManager : Event: ======'machine_var_audits_shots_bumper_right'====== Args={'value': 144, 'prev_value': None, 'change': True}
2026-04-16 14:09:47,390 : INFO : EventManager : Event: ======'machine_var_audits_shots_hurryup'====== Args={'value': 3, 'prev_value': None, 'change': True}
2026-04-16 14:09:47,390 : INFO : EventManager : Event: ======'machine_var_audits_shots_left_lane'====== Args={'value': 20, 'prev_value': None, 'change': True}
2026-04-16 14:09:47,390 : INFO : EventManager : Event: ======'machine_var_audits_switches_s_action_button'====== Args={'value': 68, 'prev_value': None, 'change': True}
2026-04-16 14:09:47,390 : INFO : EventManager : Event: ======'machine_var_audits_switches_s_bumper_left'====== Args={'value': 145, 'prev_value': None, 'change': True}
2026-04-16 14:09:47,390 : INFO : EventManager : Event: ======'machine_var_audits_switches_s_bumper_right'====== Args={'value': 144, 'prev_value': None, 'change': True}
2026-04-16 14:09:47,390 : INFO : EventManager : Event: ======'machine_var_audits_switches_s_flipper_left'====== Args={'value': 132, 'prev_value': None, 'change': True}
2026-04-16 14:09:47,390 : INFO : EventManager : Event: ======'machine_var_audits_switches_s_flipper_right'====== Args={'value': 122, 'prev_value': None, 'change': True}
2026-04-16 14:09:47,390 : INFO : EventManager : Event: ======'machine_var_audits_switches_s_left_lane'====== Args={'value': 20, 'prev_value': None, 'change': True}
2026-04-16 14:09:47,390 : INFO : EventManager : Event: ======'machine_var_audits_switches_s_plunger_lane'====== Args={'value': 0, 'prev_value': None, 'change': True}
2026-04-16 14:09:47,390 : INFO : EventManager : Event: ======'machine_var_audits_switches_s_start'====== Args={'value': 3, 'prev_value': None, 'change': True}
2026-04-16 14:09:47,390 : INFO : EventManager : Event: ======'machine_var_audits_switches_s_trough_1'====== Args={'value': 0, 'prev_value': None, 'change': True}
2026-04-16 14:09:47,390 : INFO : EventManager : Event: ======'machine_var_audits_switches_s_trough_2'====== Args={'value': 0, 'prev_value': None, 'change': True}
2026-04-16 14:09:47,390 : INFO : EventManager : Event: ======'machine_var_audits_switches_s_trough_3'====== Args={'value': 0, 'prev_value': None, 'change': True}
2026-04-16 14:09:47,390 : INFO : EventManager : Event: ======'init_phase_5'====== Args={}
2026-04-16 14:09:47,390 : INFO : EventManager : Event: ======'init_done'====== Args={}
2026-04-16 14:09:47,390 : INFO : EventManager : Event: ======'machine_reset_phase_1'====== Args={}
2026-04-16 14:09:47,401 : INFO : EventManager : Event: ======'machine_reset_phase_2'====== Args={}
2026-04-16 14:09:47,401 : INFO : EventManager : Event: ======'machine_reset_phase_3'====== Args={}
2026-04-16 14:09:47,401 : INFO : EventManager : Event: ======'reset_complete'====== Args={}
2026-04-16 14:09:47,401 : INFO : EventManager : Event: ======'mode_attract_will_start'====== Args={}
2026-04-16 14:09:47,401 : INFO : Timer.attract_carousel_timer : Starting Timer.
2026-04-16 14:09:47,401 : INFO : EventManager : Event: ======'timer_attract_carousel_timer_started'====== Args={'ticks': 0, 'ticks_remaining': 1}
2026-04-16 14:09:47,401 : INFO : EventManager : Event: ======'timer_attract_carousel_timer_tick'====== Args={'ticks': 0, 'ticks_remaining': 1}
2026-04-16 14:09:47,401 : INFO : EventManager : Event: ======'mode_attract_starting'====== Args={}
2026-04-16 14:09:47,401 : INFO : Mode.attract : Started. Priority: 10
2026-04-16 14:09:47,401 : INFO : EventManager : Event: ======'modes_active_modes_changed'====== Args={}
2026-04-16 14:09:47,401 : INFO : EventManager : Event: ======'mode_attract_started'====== Args={}
2026-04-16 14:09:47,401 : INFO : EventManager : Event: ======'collecting_balls_complete'====== Args={}
2026-04-16 14:09:47,402 : INFO : EventManager : Event: ======'carousel_item_highlighted'====== Args={'carousel': 'attract', 'direction': None, 'item': 'title'}
2026-04-16 14:09:47,402 : INFO : EventManager : Event: ======'timer_attract_carousel_timer_tick'====== Args={'ticks': 0, 'ticks_remaining': 1}
2026-04-16 14:09:47,402 : INFO : Machine : Starting the main run loop with active modes: [<Mode.attract>]
2026-04-16 14:09:47,443 : INFO : EventManager : Event: ======'slide_attract_created'====== Args={'_from_bcp': True}
2026-04-16 14:09:47,443 : INFO : EventManager : Event: ======'slide__removed'====== Args={'_from_bcp': True}
2026-04-16 14:09:47,444 : INFO : EventManager : Event: ======'slide_attract_active'====== Args={'original_context': 'attract', 'original_calling_context': 'mode_attract_started', 'priority': 10.0, 'cmd': 'slides_play', '_from_bcp': True}
2026-04-16 14:09:49,100 : INFO : SwitchController : <<<<<<< 's_start' active >>>>>>>
2026-04-16 14:09:49,199 : INFO : SwitchController : <<<<<<< 's_start' inactive >>>>>>>
2026-04-16 14:09:49,200 : INFO : EventManager : Event: ======'request_to_start_game'====== Args={}
2026-04-16 14:09:49,200 : INFO : EventManager : Event: ======'game_start'====== Args={'buttons': [], 'hold_time': 0.09934920799969404}
2026-04-16 14:09:49,200 : INFO : EventManager : Event: ======'mode_game_will_start'====== Args={'buttons': [], 'hold_time': 0.09934920799969404}
2026-04-16 14:09:49,201 : INFO : EventManager : Event: ======'mode_game_starting'====== Args={'buttons': [], 'hold_time': 0.09934920799969404}
2026-04-16 14:09:49,201 : INFO : EventManager : Event: ======'mode_attract_will_stop'====== Args={}
2026-04-16 14:09:49,201 : INFO : EventManager : Event: ======'mode_attract_stopping'====== Args={}
2026-04-16 14:09:49,201 : INFO : Mode.attract : Stopped.
2026-04-16 14:09:49,201 : INFO : EventManager : Event: ======'modes_active_modes_changed'====== Args={}
2026-04-16 14:09:49,201 : INFO : EventManager : Event: ======'mode_attract_stopped'====== Args={}
2026-04-16 14:09:49,201 : INFO : EventManager : Event: ======'clear'====== Args={'key': 'attract'}
2026-04-16 14:09:49,202 : INFO : Timer.attract_carousel_timer : Stopping Timer
2026-04-16 14:09:49,202 : INFO : EventManager : Event: ======'timer_attract_carousel_timer_stopped'====== Args={'ticks': 0, 'ticks_remaining': 1}
2026-04-16 14:09:49,202 : INFO : Mode.game : Started. Priority: 20
2026-04-16 14:09:49,202 : INFO : EventManager : Event: ======'modes_active_modes_changed'====== Args={}
2026-04-16 14:09:49,202 : INFO : EventManager : Event: ======'mode_game_started'====== Args={'buttons': [], 'hold_time': 0.09934920799969404}
2026-04-16 14:09:49,203 : INFO : EventManager : Event: ======'game_will_start'====== Args={}
2026-04-16 14:09:49,203 : INFO : EventManager : Event: ======'game_starting'====== Args={'game': <Mode.game>}
2026-04-16 14:09:49,203 : INFO : EventManager : Unordered handler for class <Auditor> on event game_ended with priority 1. Handlers: [RegisteredHandler(callback=<bound method Auditor.disable of <Auditor>>, priority=1, kwargs={}, key=UUID('59dfe996-df3f-4041-975e-e517946cd232'), condition=None, blocking_facility=None), RegisteredHandler(callback=<bound method Auditor._save_audits of <Auditor>>, priority=1, kwargs={}, key=UUID('f7aa950e-e1bb-40ec-b71b-67463b02880c'), condition=None, blocking_facility=None)]. The order of those handlers is not defined and they will be executed in random order. This might lead to race conditions and potential bugs.
2026-04-16 14:09:49,203 : INFO : EventManager : Event: ======'player_add_request'====== Args={}
2026-04-16 14:09:49,204 : INFO : EventManager : Event: ======'player_will_add'====== Args={'number': 1}
2026-04-16 14:09:49,204 : INFO : EventManager : Event: ======'player_adding'====== Args={'player': <Player 1>, 'number': 1}
2026-04-16 14:09:49,204 : INFO : EventManager : Event: ======'player_added'====== Args={'player': <Player 1>, 'num': 1}
2026-04-16 14:09:49,204 : INFO : Mode.game : Player added successfully. Total players: 1
2026-04-16 14:09:49,204 : INFO : EventManager : Event: ======'player_index'====== Args={'value': 0, 'prev_value': 0, 'change': 0, 'player_num': 1}
2026-04-16 14:09:49,204 : INFO : EventManager : Event: ======'player_number'====== Args={'value': 1, 'prev_value': 1, 'change': 0, 'player_num': 1}
2026-04-16 14:09:49,205 : INFO : EventManager : Event: ======'player_score'====== Args={'value': 0, 'prev_value': 0, 'change': 0, 'player_num': 1}
2026-04-16 14:09:49,205 : INFO : EventManager : Event: ======'game_started'====== Args={}
2026-04-16 14:09:49,205 : INFO : EventManager : Event: ======'player_turn_will_start'====== Args={'player': <Player 1>, 'number': 1}
2026-04-16 14:09:49,205 : INFO : EventManager : Event: ======'player_turn_starting'====== Args={'player': <Player 1>, 'number': 1}
2026-04-16 14:09:49,206 : INFO : EventManager : Event: ======'player_ball'====== Args={'value': 1, 'prev_value': 0, 'change': 1, 'player_num': 1}
2026-04-16 14:09:49,209 : INFO : EventManager : Event: ======'player_turn_started'====== Args={'player': <Player 1>, 'number': 1}
2026-04-16 14:09:49,209 : INFO : EventManager : Event: ======'ball_will_start'====== Args={'player': 1, 'ball': 1, 'balls_remaining': 2, 'is_extra_ball': False}
2026-04-16 14:09:49,210 : INFO : EventManager : Event: ======'ball_starting'====== Args={'player': 1, 'ball': 1, 'balls_remaining': 2, 'is_extra_ball': False}
2026-04-16 14:09:49,210 : INFO : EventManager : Event: ======'mode_base_will_start'====== Args={'queue': <QueuedEvent>, 'player': 1, 'ball': 1, 'balls_remaining': 2, 'is_extra_ball': False}
2026-04-16 14:09:49,210 : INFO : EventManager : Event: ======'player_shot_left_lane_enabled'====== Args={'value': True, 'prev_value': 0, 'change': 1, 'player_num': 1}
2026-04-16 14:09:49,211 : INFO : EventManager : Event: ======'mode_base_starting'====== Args={'queue': <QueuedEvent>, 'player': 1, 'ball': 1, 'balls_remaining': 2, 'is_extra_ball': False}
2026-04-16 14:09:49,211 : INFO : Mode.base : Started. Priority: 100
2026-04-16 14:09:49,211 : INFO : EventManager : Event: ======'modes_active_modes_changed'====== Args={}
2026-04-16 14:09:49,211 : INFO : EventManager : Event: ======'mode_base_started'====== Args={'queue': <QueuedEvent>, 'player': 1, 'ball': 1, 'balls_remaining': 2, 'is_extra_ball': False}
2026-04-16 14:09:49,211 : INFO : EventManager : Event: ======'start_mode_bumpers'====== Args={'priority': 0}
2026-04-16 14:09:49,212 : INFO : EventManager : Event: ======'mode_bumpers_will_start'====== Args={'priority': 0}
2026-04-16 14:09:49,212 : INFO : EventManager : Event: ======'player_shot_bumper_left_enabled'====== Args={'value': True, 'prev_value': 0, 'change': 1, 'player_num': 1}
2026-04-16 14:09:49,212 : INFO : EventManager : Event: ======'player_shot_bumper_right_enabled'====== Args={'value': True, 'prev_value': 0, 'change': 1, 'player_num': 1}
2026-04-16 14:09:49,212 : INFO : EventManager : Event: ======'bumpers_complete'====== Args={'state': 'unlit'}
2026-04-16 14:09:49,212 : INFO : EventManager : Event: ======'bumpers_unlit_complete'====== Args={}
2026-04-16 14:09:49,213 : INFO : EventManager : Event: ======'mode_bumpers_starting'====== Args={'priority': 0}
2026-04-16 14:09:49,213 : INFO : Mode.bumpers : Started. Priority: 200
2026-04-16 14:09:49,213 : INFO : EventManager : Event: ======'modes_active_modes_changed'====== Args={}
2026-04-16 14:09:49,213 : INFO : EventManager : Event: ======'mode_bumpers_started'====== Args={'priority': 0}
2026-04-16 14:09:49,213 : INFO : EventManager : Event: ======'balls_in_play'====== Args={'balls': 1}
2026-04-16 14:09:49,213 : INFO : EventManager : Event: ======'ball_started'====== Args={'player': 1, 'ball': 1, 'balls_remaining': 2, 'is_extra_ball': False}
2026-04-16 14:09:49,213 : INFO : EventManager : Event: ======'single_player_ball_started'====== Args={}
2026-04-16 14:09:49,213 : INFO : EventManager : Event: ======'ball_start_target'====== Args={'target': 'playfield'}
2026-04-16 14:09:49,214 : INFO : ball_device.bd_trough : Setting up player-controlled eject. Balls: 1, Target: <playfield.playfield>, player_controlled_eject_event: None
2026-04-16 14:09:49,214 : INFO : ball_device.bd_trough : Adding 1 ball(s) to the eject_queue with target <playfield.playfield>.
2026-04-16 14:09:49,214 : INFO : EventManager : Event: ======'balldevice_balls_available'====== Args={}
2026-04-16 14:09:49,214 : INFO : ball_device.bd_trough : State: waiting_for_target_ready
2026-04-16 14:09:49,214 : INFO : EventManager : Event: ======'balldevice_bd_trough_ball_eject_attempt'====== Args={'balls': 1, 'target': <ball_device.bd_plunger>, 'source': <ball_device.bd_trough>, 'mechanical_eject': False, 'num_attempts': 0}
2026-04-16 14:09:49,214 : INFO : ball_device.bd_plunger : State: waiting_for_ball
2026-04-16 14:09:49,215 : INFO : ball_device.bd_trough : State: ejecting
2026-04-16 14:09:49,215 : INFO : ball_device.bd_trough : Ejecting ball to <ball_device.bd_plunger>
2026-04-16 14:09:49,215 : INFO : EventManager : Event: ======'balldevice_bd_trough_ejecting_ball'====== Args={'balls': 1, 'target': <ball_device.bd_plunger>, 'source': <ball_device.bd_trough>, 'mechanical_eject': False, 'num_attempts': 0}
2026-04-16 14:09:49,215 : INFO : ball_device.bd_trough : Wait for ball to leave device
2026-04-16 14:09:49,215 : INFO : coil.c_trough_eject : Pulsing Driver for 10ms (1.0 pulse_power)
2026-04-16 14:09:49,243 : INFO : EventManager : Event: ======'slide_base_slide_created'====== Args={'_from_bcp': True}
2026-04-16 14:09:49,243 : INFO : EventManager : Event: ======'slide_attract_inactive'====== Args={'is_removing': True, '_from_bcp': True}
2026-04-16 14:09:49,243 : INFO : EventManager : Event: ======'slide_base_slide_active'====== Args={'original_context': 'base', 'original_calling_context': 'mode_base_started', 'priority': 100.0, 'queue': '<QueuedEvent>', 'player': 1.0, 'ball': 1.0, 'balls_remaining': 2.0, 'is_extra_ball': False, 'cmd': 'slides_play', '_from_bcp': True}
2026-04-16 14:09:49,244 : INFO : EventManager : Event: ======'slide_attract_removed'====== Args={'_from_bcp': True}
2026-04-16 14:09:50,433 : INFO : SwitchController : <<<<<<< 's_left_lane' active >>>>>>>
2026-04-16 14:09:50,433 : INFO : EventManager : Event: ======'playfield_active'====== Args={'source': 'hurryup'}
2026-04-16 14:09:50,433 : INFO : EventManager : Event: ======'unexpected_ball_on_playfield'====== Args={}
2026-04-16 14:09:50,434 : INFO : EventManager : Event: ======'playfield_active'====== Args={'source': 'left_lane'}
2026-04-16 14:09:50,434 : INFO : EventManager : Event: ======'unexpected_ball_on_playfield'====== Args={}
2026-04-16 14:09:50,434 : INFO : EventManager : Event: ======'s_left_lane_active'====== Args={}
2026-04-16 14:09:50,434 : INFO : EventManager : Event: ======'machine_var_audits_switches_s_left_lane'====== Args={'value': 21, 'prev_value': 20, 'change': 1}
2026-04-16 14:09:50,434 : INFO : EventManager : Event: ======'player_shot_left_lane'====== Args={'value': 1, 'prev_value': 0, 'change': 1, 'player_num': 1}
2026-04-16 14:09:50,435 : INFO : EventManager : Event: ======'machine_var_audits_shots_left_lane'====== Args={'value': 21, 'prev_value': 20, 'change': 1}
2026-04-16 14:09:50,435 : INFO : EventManager : Event: ======'left_lane_hit'====== Args={'profile': 'default', 'state': 'unlit', 'advancing': True}
2026-04-16 14:09:50,435 : INFO : EventManager : Event: ======'left_lane_default_hit'====== Args={'profile': 'default', 'state': 'unlit', 'advancing': True}
2026-04-16 14:09:50,435 : INFO : EventManager : Event: ======'left_lane_default_unlit_hit'====== Args={'profile': 'default', 'state': 'unlit', 'advancing': True}
2026-04-16 14:09:50,435 : INFO : EventManager : Event: ======'left_lane_unlit_hit'====== Args={'profile': 'default', 'state': 'unlit', 'advancing': True}
2026-04-16 14:09:50,435 : INFO : EventManager : Event: ======'start_mode_rhythm'====== Args={'priority': 0}
2026-04-16 14:09:50,435 : INFO : EventManager : Event: ======'mode_rhythm_will_start'====== Args={'priority': 0}
2026-04-16 14:09:50,439 : INFO : EventManager : Event: ======'mode_rhythm_starting'====== Args={'priority': 0}
2026-04-16 14:09:50,439 : INFO : Mode.rhythm : Started. Priority: 1200
2026-04-16 14:09:50,440 : INFO : EventManager : Event: ======'modes_active_modes_changed'====== Args={}
2026-04-16 14:09:50,440 : INFO : EventManager : Event: ======'mode_rhythm_started'====== Args={'priority': 0}
2026-04-16 14:09:50,440 : INFO : EventManager : Event: ======'player_rhythm_mode_score'====== Args={'value': 0, 'prev_value': 0, 'change': 0, 'player_num': 1}
2026-04-16 14:09:50,440 : INFO : EventManager : Event: ======'player_rhythm_combo'====== Args={'value': 0, 'prev_value': 0, 'change': 0, 'player_num': 1}
2026-04-16 14:09:50,440 : INFO : EventManager : Event: ======'player_rhythm_best_combo'====== Args={'value': 0, 'prev_value': 0, 'change': 0, 'player_num': 1}
2026-04-16 14:09:50,441 : INFO : EventManager : Event: ======'player_rhythm_hits'====== Args={'value': 0, 'prev_value': 0, 'change': 0, 'player_num': 1}
2026-04-16 14:09:50,441 : INFO : EventManager : Event: ======'player_rhythm_misses'====== Args={'value': 0, 'prev_value': 0, 'change': 0, 'player_num': 1}
2026-04-16 14:09:50,441 : INFO : EventManager : Event: ======'player_rhythm_notes_total'====== Args={'value': 38, 'prev_value': 0, 'change': 38, 'player_num': 1}
2026-04-16 14:09:50,441 : INFO : EventManager : Event: ======'player_rhythm_accuracy'====== Args={'value': 0, 'prev_value': 0, 'change': 0, 'player_num': 1}
2026-04-16 14:09:50,441 : INFO : EventManager : Event: ======'player_rhythm_multiplier'====== Args={'value': 1, 'prev_value': 0, 'change': 1, 'player_num': 1}
2026-04-16 14:09:50,493 : INFO : EventManager : Event: ======'rhythm_chart_started'====== Args={'total_notes': 38, 'travel_ms': 1600, 'perfect_window_ms': 90, 'good_window_ms': 170, 'lead_in_ms': 1800, 'chart_started_delay_ms': 50, 'song_key': 'Deep Purple - Smoke On the Water (Official Music Video)', 'song_bus': 'music', 'audio_offset_ms': 0}
2026-04-16 14:09:50,514 : INFO : EventManager : Event: ======'slide_rhythm_created'====== Args={'_from_bcp': True}
2026-04-16 14:09:50,514 : INFO : EventManager : Event: ======'slide_base_slide_inactive'====== Args={'is_removing': False, '_from_bcp': True}
2026-04-16 14:09:50,514 : INFO : EventManager : Event: ======'slide_rhythm_active'====== Args={'original_context': 'rhythm', 'original_calling_context': 'mode_rhythm_started', 'priority': 1200.0, 'cmd': 'slides_play', '_from_bcp': True}
2026-04-16 14:09:50,584 : INFO : SwitchController : <<<<<<< 's_left_lane' inactive >>>>>>>
2026-04-16 14:09:51,242 : INFO : EventManager : Event: ======'rhythm_note_spawned'====== Args={'note_id': 0, 'lane': 'left', 'travel_ms': 1600, 'hit_time_ms': 2400}
2026-04-16 14:09:51,643 : INFO : EventManager : Event: ======'rhythm_note_spawned'====== Args={'note_id': 1, 'lane': 'center', 'travel_ms': 1600, 'hit_time_ms': 2800}
2026-04-16 14:09:52,042 : INFO : EventManager : Event: ======'rhythm_note_spawned'====== Args={'note_id': 2, 'lane': 'right', 'travel_ms': 1600, 'hit_time_ms': 3200}
2026-04-16 14:09:52,443 : INFO : EventManager : Event: ======'rhythm_note_spawned'====== Args={'note_id': 3, 'lane': 'left', 'travel_ms': 1600, 'hit_time_ms': 3600}
2026-04-16 14:09:52,843 : INFO : EventManager : Event: ======'rhythm_note_spawned'====== Args={'note_id': 4, 'lane': 'center', 'travel_ms': 1600, 'hit_time_ms': 4000}
2026-04-16 14:09:52,843 : INFO : EventManager : Event: ======'rhythm_note_spawned'====== Args={'note_id': 5, 'lane': 'right', 'travel_ms': 1600, 'hit_time_ms': 4000}
2026-04-16 14:09:52,933 : INFO : SwitchController : <<<<<<< 's_flipper_left' active >>>>>>>
2026-04-16 14:09:52,934 : INFO : EventManager : Event: ======'rhythm_lane_pressed'====== Args={'lane': 'left'}
2026-04-16 14:09:52,934 : INFO : EventManager : Event: ======'player_rhythm_combo'====== Args={'value': 1, 'prev_value': 0, 'change': 1, 'player_num': 1}
2026-04-16 14:09:52,934 : INFO : EventManager : Event: ======'player_rhythm_best_combo'====== Args={'value': 1, 'prev_value': 0, 'change': 1, 'player_num': 1}
2026-04-16 14:09:52,934 : INFO : EventManager : Event: ======'player_rhythm_hits'====== Args={'value': 1, 'prev_value': 0, 'change': 1, 'player_num': 1}
2026-04-16 14:09:52,935 : INFO : EventManager : Event: ======'player_rhythm_mode_score'====== Args={'value': 10000, 'prev_value': 0, 'change': 10000, 'player_num': 1}
2026-04-16 14:09:52,935 : INFO : EventManager : Event: ======'player_score'====== Args={'value': 10000, 'prev_value': 0, 'change': 10000, 'player_num': 1}
2026-04-16 14:09:52,935 : INFO : EventManager : Event: ======'rhythm_note_hit'====== Args={'note_id': 0, 'lane': 'left', 'judgment': 'good', 'combo': 1, 'multiplier': 1, 'award': 10000, 'delta_ms': 94, 'total_score': 10000}
2026-04-16 14:09:52,935 : INFO : EventManager : Event: ======'machine_var_audits_switches_s_flipper_left'====== Args={'value': 133, 'prev_value': 132, 'change': 1}
2026-04-16 14:09:53,083 : INFO : SwitchController : <<<<<<< 's_flipper_left' inactive >>>>>>>
2026-04-16 14:09:53,333 : INFO : SwitchController : <<<<<<< 's_action_button' active >>>>>>>
2026-04-16 14:09:53,333 : INFO : EventManager : Event: ======'rhythm_lane_pressed'====== Args={'lane': 'center'}
2026-04-16 14:09:53,333 : INFO : EventManager : Event: ======'player_rhythm_combo'====== Args={'value': 2, 'prev_value': 1, 'change': 1, 'player_num': 1}
2026-04-16 14:09:53,334 : INFO : EventManager : Event: ======'player_rhythm_best_combo'====== Args={'value': 2, 'prev_value': 1, 'change': 1, 'player_num': 1}
2026-04-16 14:09:53,334 : INFO : EventManager : Event: ======'player_rhythm_hits'====== Args={'value': 2, 'prev_value': 1, 'change': 1, 'player_num': 1}
2026-04-16 14:09:53,334 : INFO : EventManager : Event: ======'player_rhythm_mode_score'====== Args={'value': 20000, 'prev_value': 10000, 'change': 10000, 'player_num': 1}
2026-04-16 14:09:53,334 : INFO : EventManager : Event: ======'player_score'====== Args={'value': 20000, 'prev_value': 10000, 'change': 10000, 'player_num': 1}
2026-04-16 14:09:53,335 : INFO : EventManager : Event: ======'rhythm_note_hit'====== Args={'note_id': 1, 'lane': 'center', 'judgment': 'good', 'combo': 2, 'multiplier': 1, 'award': 10000, 'delta_ms': 93, 'total_score': 20000}
2026-04-16 14:09:53,335 : INFO : EventManager : Event: ======'machine_var_audits_switches_s_action_button'====== Args={'value': 69, 'prev_value': 68, 'change': 1}
2026-04-16 14:09:53,342 : INFO : EventManager : Event: ======'rhythm_note_spawned'====== Args={'note_id': 6, 'lane': 'left', 'travel_ms': 1600, 'hit_time_ms': 4500}
2026-04-16 14:09:53,500 : INFO : SwitchController : <<<<<<< 's_action_button' inactive >>>>>>>
2026-04-16 14:09:53,667 : INFO : SwitchController : <<<<<<< 's_flipper_right' active >>>>>>>
2026-04-16 14:09:53,667 : INFO : EventManager : Event: ======'rhythm_lane_pressed'====== Args={'lane': 'right'}
2026-04-16 14:09:53,667 : INFO : EventManager : Event: ======'player_rhythm_combo'====== Args={'value': 3, 'prev_value': 2, 'change': 1, 'player_num': 1}
2026-04-16 14:09:53,667 : INFO : EventManager : Event: ======'player_rhythm_best_combo'====== Args={'value': 3, 'prev_value': 2, 'change': 1, 'player_num': 1}
2026-04-16 14:09:53,668 : INFO : EventManager : Event: ======'player_rhythm_hits'====== Args={'value': 3, 'prev_value': 2, 'change': 1, 'player_num': 1}
2026-04-16 14:09:53,668 : INFO : EventManager : Event: ======'player_rhythm_mode_score'====== Args={'value': 40000, 'prev_value': 20000, 'change': 20000, 'player_num': 1}
2026-04-16 14:09:53,668 : INFO : EventManager : Event: ======'player_score'====== Args={'value': 40000, 'prev_value': 20000, 'change': 20000, 'player_num': 1}
2026-04-16 14:09:53,668 : INFO : EventManager : Event: ======'rhythm_note_hit'====== Args={'note_id': 2, 'lane': 'right', 'judgment': 'perfect', 'combo': 3, 'multiplier': 1, 'award': 20000, 'delta_ms': 27, 'total_score': 40000}
2026-04-16 14:09:53,668 : INFO : EventManager : Event: ======'machine_var_audits_switches_s_flipper_right'====== Args={'value': 123, 'prev_value': 122, 'change': 1}
2026-04-16 14:09:53,743 : INFO : EventManager : Event: ======'rhythm_note_spawned'====== Args={'note_id': 7, 'lane': 'center', 'travel_ms': 1600, 'hit_time_ms': 4900}
2026-04-16 14:09:53,816 : INFO : SwitchController : <<<<<<< 's_flipper_right' inactive >>>>>>>
2026-04-16 14:09:54,100 : INFO : SwitchController : <<<<<<< 's_flipper_left' active >>>>>>>
2026-04-16 14:09:54,100 : INFO : EventManager : Event: ======'rhythm_lane_pressed'====== Args={'lane': 'left'}
2026-04-16 14:09:54,100 : INFO : EventManager : Event: ======'player_rhythm_combo'====== Args={'value': 4, 'prev_value': 3, 'change': 1, 'player_num': 1}
2026-04-16 14:09:54,101 : INFO : EventManager : Event: ======'player_rhythm_best_combo'====== Args={'value': 4, 'prev_value': 3, 'change': 1, 'player_num': 1}
2026-04-16 14:09:54,101 : INFO : EventManager : Event: ======'player_rhythm_hits'====== Args={'value': 4, 'prev_value': 3, 'change': 1, 'player_num': 1}
2026-04-16 14:09:54,101 : INFO : EventManager : Event: ======'player_rhythm_mode_score'====== Args={'value': 60000, 'prev_value': 40000, 'change': 20000, 'player_num': 1}
2026-04-16 14:09:54,102 : INFO : EventManager : Event: ======'player_score'====== Args={'value': 60000, 'prev_value': 40000, 'change': 20000, 'player_num': 1}
2026-04-16 14:09:54,102 : INFO : EventManager : Event: ======'rhythm_note_hit'====== Args={'note_id': 3, 'lane': 'left', 'judgment': 'perfect', 'combo': 4, 'multiplier': 1, 'award': 20000, 'delta_ms': 60, 'total_score': 60000}
2026-04-16 14:09:54,102 : INFO : EventManager : Event: ======'machine_var_audits_switches_s_flipper_left'====== Args={'value': 134, 'prev_value': 133, 'change': 1}
2026-04-16 14:09:54,143 : INFO : EventManager : Event: ======'rhythm_note_spawned'====== Args={'note_id': 8, 'lane': 'right', 'travel_ms': 1600, 'hit_time_ms': 5300}
2026-04-16 14:09:54,217 : INFO : SwitchController : <<<<<<< 's_flipper_left' inactive >>>>>>>
2026-04-16 14:09:54,416 : INFO : SwitchController : <<<<<<< 's_action_button' active >>>>>>>
2026-04-16 14:09:54,416 : INFO : EventManager : Event: ======'rhythm_lane_pressed'====== Args={'lane': 'center'}
2026-04-16 14:09:54,416 : INFO : EventManager : Event: ======'player_rhythm_combo'====== Args={'value': 5, 'prev_value': 4, 'change': 1, 'player_num': 1}
2026-04-16 14:09:54,417 : INFO : EventManager : Event: ======'player_rhythm_best_combo'====== Args={'value': 5, 'prev_value': 4, 'change': 1, 'player_num': 1}
2026-04-16 14:09:54,417 : INFO : EventManager : Event: ======'player_rhythm_hits'====== Args={'value': 5, 'prev_value': 4, 'change': 1, 'player_num': 1}
2026-04-16 14:09:54,417 : INFO : EventManager : Event: ======'player_rhythm_mode_score'====== Args={'value': 80000, 'prev_value': 60000, 'change': 20000, 'player_num': 1}
2026-04-16 14:09:54,417 : INFO : EventManager : Event: ======'player_score'====== Args={'value': 80000, 'prev_value': 60000, 'change': 20000, 'player_num': 1}
2026-04-16 14:09:54,418 : INFO : EventManager : Event: ======'rhythm_note_hit'====== Args={'note_id': 4, 'lane': 'center', 'judgment': 'perfect', 'combo': 5, 'multiplier': 1, 'award': 20000, 'delta_ms': 24, 'total_score': 80000}
2026-04-16 14:09:54,418 : INFO : EventManager : Event: ======'machine_var_audits_switches_s_action_button'====== Args={'value': 70, 'prev_value': 69, 'change': 1}
2026-04-16 14:09:54,533 : INFO : SwitchController : <<<<<<< 's_action_button' inactive >>>>>>>
2026-04-16 14:09:54,543 : INFO : EventManager : Event: ======'rhythm_note_spawned'====== Args={'note_id': 9, 'lane': 'left', 'travel_ms': 1600, 'hit_time_ms': 5700}
2026-04-16 14:09:54,615 : INFO : EventManager : Event: ======'player_rhythm_combo'====== Args={'value': 0, 'prev_value': 5, 'change': -5, 'player_num': 1}
2026-04-16 14:09:54,615 : INFO : EventManager : Event: ======'player_rhythm_misses'====== Args={'value': 1, 'prev_value': 0, 'change': 1, 'player_num': 1}
2026-04-16 14:09:54,615 : INFO : EventManager : Event: ======'rhythm_note_missed'====== Args={'note_id': 5, 'lane': 'right', 'total_misses': 1}
2026-04-16 14:09:54,650 : INFO : SwitchController : <<<<<<< 's_flipper_right' active >>>>>>>
2026-04-16 14:09:54,650 : INFO : EventManager : Event: ======'rhythm_lane_pressed'====== Args={'lane': 'right'}
2026-04-16 14:09:54,650 : INFO : EventManager : Event: ======'machine_var_audits_switches_s_flipper_right'====== Args={'value': 124, 'prev_value': 123, 'change': 1}
2026-04-16 14:09:54,817 : INFO : SwitchController : <<<<<<< 's_flipper_right' inactive >>>>>>>
2026-04-16 14:09:54,943 : INFO : EventManager : Event: ======'rhythm_note_spawned'====== Args={'note_id': 10, 'lane': 'center', 'travel_ms': 1600, 'hit_time_ms': 6100}
2026-04-16 14:09:55,114 : INFO : EventManager : Event: ======'player_rhythm_misses'====== Args={'value': 2, 'prev_value': 1, 'change': 1, 'player_num': 1}
2026-04-16 14:09:55,114 : INFO : EventManager : Event: ======'rhythm_note_missed'====== Args={'note_id': 6, 'lane': 'left', 'total_misses': 2}
2026-04-16 14:09:55,217 : INFO : SwitchController : <<<<<<< 's_flipper_left' active >>>>>>>
2026-04-16 14:09:55,217 : INFO : EventManager : Event: ======'rhythm_lane_pressed'====== Args={'lane': 'left'}
2026-04-16 14:09:55,217 : INFO : EventManager : Event: ======'machine_var_audits_switches_s_flipper_left'====== Args={'value': 135, 'prev_value': 134, 'change': 1}
2026-04-16 14:09:55,343 : INFO : EventManager : Event: ======'rhythm_note_spawned'====== Args={'note_id': 11, 'lane': 'right', 'travel_ms': 1600, 'hit_time_ms': 6500}
2026-04-16 14:09:55,383 : INFO : SwitchController : <<<<<<< 's_flipper_left' inactive >>>>>>>
2026-04-16 14:09:55,467 : INFO : SwitchController : <<<<<<< 's_action_button' active >>>>>>>
2026-04-16 14:09:55,467 : INFO : EventManager : Event: ======'rhythm_lane_pressed'====== Args={'lane': 'center'}
2026-04-16 14:09:55,467 : INFO : EventManager : Event: ======'player_rhythm_combo'====== Args={'value': 1, 'prev_value': 0, 'change': 1, 'player_num': 1}
2026-04-16 14:09:55,467 : INFO : EventManager : Event: ======'player_rhythm_hits'====== Args={'value': 6, 'prev_value': 5, 'change': 1, 'player_num': 1}
2026-04-16 14:09:55,468 : INFO : EventManager : Event: ======'player_rhythm_mode_score'====== Args={'value': 90000, 'prev_value': 80000, 'change': 10000, 'player_num': 1}
2026-04-16 14:09:55,468 : INFO : EventManager : Event: ======'player_score'====== Args={'value': 90000, 'prev_value': 80000, 'change': 10000, 'player_num': 1}
2026-04-16 14:09:55,468 : INFO : EventManager : Event: ======'rhythm_note_hit'====== Args={'note_id': 7, 'lane': 'center', 'judgment': 'good', 'combo': 1, 'multiplier': 1, 'award': 10000, 'delta_ms': 127, 'total_score': 90000}
2026-04-16 14:09:55,468 : INFO : EventManager : Event: ======'machine_var_audits_switches_s_action_button'====== Args={'value': 71, 'prev_value': 70, 'change': 1}
2026-04-16 14:09:55,600 : INFO : SwitchController : <<<<<<< 's_action_button' inactive >>>>>>>
2026-04-16 14:09:55,743 : INFO : EventManager : Event: ======'rhythm_note_spawned'====== Args={'note_id': 12, 'lane': 'center', 'travel_ms': 1600, 'hit_time_ms': 6900}
2026-04-16 14:09:55,750 : INFO : SwitchController : <<<<<<< 's_flipper_right' active >>>>>>>
2026-04-16 14:09:55,750 : INFO : EventManager : Event: ======'rhythm_lane_pressed'====== Args={'lane': 'right'}
2026-04-16 14:09:55,750 : INFO : EventManager : Event: ======'player_rhythm_combo'====== Args={'value': 2, 'prev_value': 1, 'change': 1, 'player_num': 1}
2026-04-16 14:09:55,750 : INFO : EventManager : Event: ======'player_rhythm_hits'====== Args={'value': 7, 'prev_value': 6, 'change': 1, 'player_num': 1}
2026-04-16 14:09:55,751 : INFO : EventManager : Event: ======'player_rhythm_mode_score'====== Args={'value': 110000, 'prev_value': 90000, 'change': 20000, 'player_num': 1}
2026-04-16 14:09:55,751 : INFO : EventManager : Event: ======'player_score'====== Args={'value': 110000, 'prev_value': 90000, 'change': 20000, 'player_num': 1}
2026-04-16 14:09:55,751 : INFO : EventManager : Event: ======'rhythm_note_hit'====== Args={'note_id': 8, 'lane': 'right', 'judgment': 'perfect', 'combo': 2, 'multiplier': 1, 'award': 20000, 'delta_ms': 10, 'total_score': 110000}
2026-04-16 14:09:55,751 : INFO : EventManager : Event: ======'machine_var_audits_switches_s_flipper_right'====== Args={'value': 125, 'prev_value': 124, 'change': 1}
2026-04-16 14:09:55,917 : INFO : SwitchController : <<<<<<< 's_flipper_right' inactive >>>>>>>
2026-04-16 14:09:56,050 : INFO : SwitchController : <<<<<<< 's_flipper_left' active >>>>>>>
2026-04-16 14:09:56,050 : INFO : EventManager : Event: ======'rhythm_lane_pressed'====== Args={'lane': 'left'}
2026-04-16 14:09:56,050 : INFO : EventManager : Event: ======'player_rhythm_combo'====== Args={'value': 3, 'prev_value': 2, 'change': 1, 'player_num': 1}
2026-04-16 14:09:56,050 : INFO : EventManager : Event: ======'player_rhythm_hits'====== Args={'value': 8, 'prev_value': 7, 'change': 1, 'player_num': 1}
2026-04-16 14:09:56,051 : INFO : EventManager : Event: ======'player_rhythm_mode_score'====== Args={'value': 130000, 'prev_value': 110000, 'change': 20000, 'player_num': 1}
2026-04-16 14:09:56,051 : INFO : EventManager : Event: ======'player_score'====== Args={'value': 130000, 'prev_value': 110000, 'change': 20000, 'player_num': 1}
2026-04-16 14:09:56,051 : INFO : EventManager : Event: ======'rhythm_note_hit'====== Args={'note_id': 9, 'lane': 'left', 'judgment': 'perfect', 'combo': 3, 'multiplier': 1, 'award': 20000, 'delta_ms': 90, 'total_score': 130000}
2026-04-16 14:09:56,051 : INFO : EventManager : Event: ======'machine_var_audits_switches_s_flipper_left'====== Args={'value': 136, 'prev_value': 135, 'change': 1}
2026-04-16 14:09:56,143 : INFO : EventManager : Event: ======'rhythm_note_spawned'====== Args={'note_id': 13, 'lane': 'right', 'travel_ms': 1600, 'hit_time_ms': 7300}
2026-04-16 14:09:56,183 : INFO : SwitchController : <<<<<<< 's_flipper_left' inactive >>>>>>>
2026-04-16 14:09:56,517 : INFO : SwitchController : <<<<<<< 's_action_button' active >>>>>>>
2026-04-16 14:09:56,517 : INFO : EventManager : Event: ======'rhythm_lane_pressed'====== Args={'lane': 'center'}
2026-04-16 14:09:56,517 : INFO : EventManager : Event: ======'player_rhythm_combo'====== Args={'value': 4, 'prev_value': 3, 'change': 1, 'player_num': 1}
2026-04-16 14:09:56,517 : INFO : EventManager : Event: ======'player_rhythm_hits'====== Args={'value': 9, 'prev_value': 8, 'change': 1, 'player_num': 1}
2026-04-16 14:09:56,518 : INFO : EventManager : Event: ======'player_rhythm_mode_score'====== Args={'value': 150000, 'prev_value': 130000, 'change': 20000, 'player_num': 1}
2026-04-16 14:09:56,518 : INFO : EventManager : Event: ======'player_score'====== Args={'value': 150000, 'prev_value': 130000, 'change': 20000, 'player_num': 1}
2026-04-16 14:09:56,518 : INFO : EventManager : Event: ======'rhythm_note_hit'====== Args={'note_id': 10, 'lane': 'center', 'judgment': 'perfect', 'combo': 4, 'multiplier': 1, 'award': 20000, 'delta_ms': 23, 'total_score': 150000}
2026-04-16 14:09:56,518 : INFO : EventManager : Event: ======'machine_var_audits_switches_s_action_button'====== Args={'value': 72, 'prev_value': 71, 'change': 1}
2026-04-16 14:09:56,543 : INFO : EventManager : Event: ======'rhythm_note_spawned'====== Args={'note_id': 14, 'lane': 'left', 'travel_ms': 1600, 'hit_time_ms': 7700}
2026-04-16 14:09:56,543 : INFO : EventManager : Event: ======'rhythm_note_spawned'====== Args={'note_id': 15, 'lane': 'center', 'travel_ms': 1600, 'hit_time_ms': 7700}
2026-04-16 14:09:56,683 : INFO : SwitchController : <<<<<<< 's_action_button' inactive >>>>>>>
2026-04-16 14:09:56,950 : INFO : SwitchController : <<<<<<< 's_flipper_right' active >>>>>>>
2026-04-16 14:09:56,950 : INFO : EventManager : Event: ======'rhythm_lane_pressed'====== Args={'lane': 'right'}
2026-04-16 14:09:56,950 : INFO : EventManager : Event: ======'player_rhythm_combo'====== Args={'value': 5, 'prev_value': 4, 'change': 1, 'player_num': 1}
2026-04-16 14:09:56,951 : INFO : EventManager : Event: ======'player_rhythm_hits'====== Args={'value': 10, 'prev_value': 9, 'change': 1, 'player_num': 1}
2026-04-16 14:09:56,951 : INFO : EventManager : Event: ======'player_rhythm_mode_score'====== Args={'value': 170000, 'prev_value': 150000, 'change': 20000, 'player_num': 1}
2026-04-16 14:09:56,951 : INFO : EventManager : Event: ======'player_score'====== Args={'value': 170000, 'prev_value': 150000, 'change': 20000, 'player_num': 1}
2026-04-16 14:09:56,951 : INFO : EventManager : Event: ======'rhythm_note_hit'====== Args={'note_id': 11, 'lane': 'right', 'judgment': 'perfect', 'combo': 5, 'multiplier': 1, 'award': 20000, 'delta_ms': 10, 'total_score': 170000}
2026-04-16 14:09:56,951 : INFO : EventManager : Event: ======'machine_var_audits_switches_s_flipper_right'====== Args={'value': 126, 'prev_value': 125, 'change': 1}
2026-04-16 14:09:57,067 : INFO : SwitchController : <<<<<<< 's_flipper_right' inactive >>>>>>>
2026-04-16 14:09:57,143 : INFO : EventManager : Event: ======'rhythm_note_spawned'====== Args={'note_id': 16, 'lane': 'left', 'travel_ms': 1600, 'hit_time_ms': 8300}
2026-04-16 14:09:57,334 : INFO : SwitchController : <<<<<<< 's_action_button' active >>>>>>>
2026-04-16 14:09:57,334 : INFO : EventManager : Event: ======'rhythm_lane_pressed'====== Args={'lane': 'center'}
2026-04-16 14:09:57,334 : INFO : EventManager : Event: ======'player_rhythm_combo'====== Args={'value': 6, 'prev_value': 5, 'change': 1, 'player_num': 1}
2026-04-16 14:09:57,334 : INFO : EventManager : Event: ======'player_rhythm_best_combo'====== Args={'value': 6, 'prev_value': 5, 'change': 1, 'player_num': 1}
2026-04-16 14:09:57,334 : INFO : EventManager : Event: ======'player_rhythm_hits'====== Args={'value': 11, 'prev_value': 10, 'change': 1, 'player_num': 1}
2026-04-16 14:09:57,334 : INFO : EventManager : Event: ======'player_rhythm_mode_score'====== Args={'value': 190000, 'prev_value': 170000, 'change': 20000, 'player_num': 1}
2026-04-16 14:09:57,334 : INFO : EventManager : Event: ======'player_score'====== Args={'value': 190000, 'prev_value': 170000, 'change': 20000, 'player_num': 1}
2026-04-16 14:09:57,335 : INFO : EventManager : Event: ======'rhythm_note_hit'====== Args={'note_id': 12, 'lane': 'center', 'judgment': 'perfect', 'combo': 6, 'multiplier': 1, 'award': 20000, 'delta_ms': 6, 'total_score': 190000}
2026-04-16 14:09:57,335 : INFO : EventManager : Event: ======'machine_var_audits_switches_s_action_button'====== Args={'value': 73, 'prev_value': 72, 'change': 1}
2026-04-16 14:09:57,450 : INFO : SwitchController : <<<<<<< 's_action_button' inactive >>>>>>>
2026-04-16 14:09:57,542 : INFO : EventManager : Event: ======'rhythm_note_spawned'====== Args={'note_id': 17, 'lane': 'center', 'travel_ms': 1600, 'hit_time_ms': 8700}
2026-04-16 14:09:57,817 : INFO : SwitchController : <<<<<<< 's_flipper_right' active >>>>>>>
2026-04-16 14:09:57,817 : INFO : EventManager : Event: ======'rhythm_lane_pressed'====== Args={'lane': 'right'}
2026-04-16 14:09:57,817 : INFO : EventManager : Event: ======'player_rhythm_combo'====== Args={'value': 7, 'prev_value': 6, 'change': 1, 'player_num': 1}
2026-04-16 14:09:57,817 : INFO : EventManager : Event: ======'player_rhythm_best_combo'====== Args={'value': 7, 'prev_value': 6, 'change': 1, 'player_num': 1}
2026-04-16 14:09:57,818 : INFO : EventManager : Event: ======'player_rhythm_hits'====== Args={'value': 12, 'prev_value': 11, 'change': 1, 'player_num': 1}
2026-04-16 14:09:57,818 : INFO : EventManager : Event: ======'player_rhythm_mode_score'====== Args={'value': 210000, 'prev_value': 190000, 'change': 20000, 'player_num': 1}
2026-04-16 14:09:57,818 : INFO : EventManager : Event: ======'player_score'====== Args={'value': 210000, 'prev_value': 190000, 'change': 20000, 'player_num': 1}
2026-04-16 14:09:57,818 : INFO : EventManager : Event: ======'rhythm_note_hit'====== Args={'note_id': 13, 'lane': 'right', 'judgment': 'perfect', 'combo': 7, 'multiplier': 1, 'award': 20000, 'delta_ms': 77, 'total_score': 210000}
2026-04-16 14:09:57,818 : INFO : EventManager : Event: ======'machine_var_audits_switches_s_flipper_right'====== Args={'value': 127, 'prev_value': 126, 'change': 1}
2026-04-16 14:09:57,943 : INFO : EventManager : Event: ======'rhythm_note_spawned'====== Args={'note_id': 18, 'lane': 'right', 'travel_ms': 1600, 'hit_time_ms': 9100}
2026-04-16 14:09:57,984 : INFO : SwitchController : <<<<<<< 's_flipper_right' inactive >>>>>>>
2026-04-16 14:09:58,150 : INFO : SwitchController : <<<<<<< 's_flipper_left' active >>>>>>>
2026-04-16 14:09:58,150 : INFO : EventManager : Event: ======'rhythm_lane_pressed'====== Args={'lane': 'left'}
2026-04-16 14:09:58,151 : INFO : EventManager : Event: ======'player_rhythm_combo'====== Args={'value': 8, 'prev_value': 7, 'change': 1, 'player_num': 1}
2026-04-16 14:09:58,151 : INFO : EventManager : Event: ======'player_rhythm_best_combo'====== Args={'value': 8, 'prev_value': 7, 'change': 1, 'player_num': 1}
2026-04-16 14:09:58,151 : INFO : EventManager : Event: ======'player_rhythm_hits'====== Args={'value': 13, 'prev_value': 12, 'change': 1, 'player_num': 1}
2026-04-16 14:09:58,151 : INFO : EventManager : Event: ======'player_rhythm_mode_score'====== Args={'value': 230000, 'prev_value': 210000, 'change': 20000, 'player_num': 1}
2026-04-16 14:09:58,152 : INFO : EventManager : Event: ======'player_score'====== Args={'value': 230000, 'prev_value': 210000, 'change': 20000, 'player_num': 1}
2026-04-16 14:09:58,152 : INFO : EventManager : Event: ======'rhythm_note_hit'====== Args={'note_id': 14, 'lane': 'left', 'judgment': 'perfect', 'combo': 8, 'multiplier': 1, 'award': 20000, 'delta_ms': 10, 'total_score': 230000}
2026-04-16 14:09:58,152 : INFO : EventManager : Event: ======'machine_var_audits_switches_s_flipper_left'====== Args={'value': 137, 'prev_value': 136, 'change': 1}
2026-04-16 14:09:58,167 : INFO : SwitchController : <<<<<<< 's_action_button' active >>>>>>>
2026-04-16 14:09:58,167 : INFO : EventManager : Event: ======'rhythm_lane_pressed'====== Args={'lane': 'center'}
2026-04-16 14:09:58,167 : INFO : EventManager : Event: ======'player_rhythm_combo'====== Args={'value': 9, 'prev_value': 8, 'change': 1, 'player_num': 1}
2026-04-16 14:09:58,167 : INFO : EventManager : Event: ======'player_rhythm_best_combo'====== Args={'value': 9, 'prev_value': 8, 'change': 1, 'player_num': 1}
2026-04-16 14:09:58,168 : INFO : EventManager : Event: ======'player_rhythm_hits'====== Args={'value': 14, 'prev_value': 13, 'change': 1, 'player_num': 1}
2026-04-16 14:09:58,168 : INFO : EventManager : Event: ======'player_rhythm_multiplier'====== Args={'value': 2, 'prev_value': 1, 'change': 1, 'player_num': 1}
2026-04-16 14:09:58,168 : INFO : EventManager : Event: ======'player_rhythm_mode_score'====== Args={'value': 270000, 'prev_value': 230000, 'change': 40000, 'player_num': 1}
2026-04-16 14:09:58,168 : INFO : EventManager : Event: ======'player_score'====== Args={'value': 270000, 'prev_value': 230000, 'change': 40000, 'player_num': 1}
2026-04-16 14:09:58,168 : INFO : EventManager : Event: ======'rhythm_note_hit'====== Args={'note_id': 15, 'lane': 'center', 'judgment': 'perfect', 'combo': 9, 'multiplier': 2, 'award': 40000, 'delta_ms': 27, 'total_score': 270000}
2026-04-16 14:09:58,169 : INFO : EventManager : Event: ======'machine_var_audits_switches_s_action_button'====== Args={'value': 74, 'prev_value': 73, 'change': 1}
2026-04-16 14:09:58,333 : INFO : SwitchController : <<<<<<< 's_flipper_left' inactive >>>>>>>
2026-04-16 14:09:58,343 : INFO : EventManager : Event: ======'rhythm_note_spawned'====== Args={'note_id': 19, 'lane': 'center', 'travel_ms': 1600, 'hit_time_ms': 9500}
2026-04-16 14:09:58,350 : INFO : SwitchController : <<<<<<< 's_action_button' inactive >>>>>>>
2026-04-16 14:09:58,667 : INFO : SwitchController : <<<<<<< 's_flipper_left' active >>>>>>>
2026-04-16 14:09:58,667 : INFO : EventManager : Event: ======'rhythm_lane_pressed'====== Args={'lane': 'left'}
2026-04-16 14:09:58,667 : INFO : EventManager : Event: ======'player_rhythm_combo'====== Args={'value': 10, 'prev_value': 9, 'change': 1, 'player_num': 1}
2026-04-16 14:09:58,667 : INFO : EventManager : Event: ======'player_rhythm_best_combo'====== Args={'value': 10, 'prev_value': 9, 'change': 1, 'player_num': 1}
2026-04-16 14:09:58,667 : INFO : EventManager : Event: ======'player_rhythm_hits'====== Args={'value': 15, 'prev_value': 14, 'change': 1, 'player_num': 1}
2026-04-16 14:09:58,668 : INFO : EventManager : Event: ======'player_rhythm_mode_score'====== Args={'value': 310000, 'prev_value': 270000, 'change': 40000, 'player_num': 1}
2026-04-16 14:09:58,668 : INFO : EventManager : Event: ======'player_score'====== Args={'value': 310000, 'prev_value': 270000, 'change': 40000, 'player_num': 1}
2026-04-16 14:09:58,668 : INFO : EventManager : Event: ======'rhythm_note_hit'====== Args={'note_id': 16, 'lane': 'left', 'judgment': 'perfect', 'combo': 10, 'multiplier': 2, 'award': 40000, 'delta_ms': 73, 'total_score': 310000}
2026-04-16 14:09:58,668 : INFO : EventManager : Event: ======'machine_var_audits_switches_s_flipper_left'====== Args={'value': 138, 'prev_value': 137, 'change': 1}
2026-04-16 14:09:58,743 : INFO : EventManager : Event: ======'rhythm_note_spawned'====== Args={'note_id': 20, 'lane': 'right', 'travel_ms': 1600, 'hit_time_ms': 9900}
2026-04-16 14:09:58,800 : INFO : SwitchController : <<<<<<< 's_flipper_left' inactive >>>>>>>
2026-04-16 14:09:59,133 : INFO : SwitchController : <<<<<<< 's_action_button' active >>>>>>>
2026-04-16 14:09:59,133 : INFO : EventManager : Event: ======'rhythm_lane_pressed'====== Args={'lane': 'center'}
2026-04-16 14:09:59,134 : INFO : EventManager : Event: ======'player_rhythm_combo'====== Args={'value': 11, 'prev_value': 10, 'change': 1, 'player_num': 1}
2026-04-16 14:09:59,134 : INFO : EventManager : Event: ======'player_rhythm_best_combo'====== Args={'value': 11, 'prev_value': 10, 'change': 1, 'player_num': 1}
2026-04-16 14:09:59,134 : INFO : EventManager : Event: ======'player_rhythm_hits'====== Args={'value': 16, 'prev_value': 15, 'change': 1, 'player_num': 1}
2026-04-16 14:09:59,135 : INFO : EventManager : Event: ======'player_rhythm_mode_score'====== Args={'value': 350000, 'prev_value': 310000, 'change': 40000, 'player_num': 1}
2026-04-16 14:09:59,135 : INFO : EventManager : Event: ======'player_score'====== Args={'value': 350000, 'prev_value': 310000, 'change': 40000, 'player_num': 1}
2026-04-16 14:09:59,135 : INFO : EventManager : Event: ======'rhythm_note_hit'====== Args={'note_id': 17, 'lane': 'center', 'judgment': 'perfect', 'combo': 11, 'multiplier': 2, 'award': 40000, 'delta_ms': 7, 'total_score': 350000}
2026-04-16 14:09:59,135 : INFO : EventManager : Event: ======'machine_var_audits_switches_s_action_button'====== Args={'value': 75, 'prev_value': 74, 'change': 1}
2026-04-16 14:09:59,142 : INFO : EventManager : Event: ======'rhythm_note_spawned'====== Args={'note_id': 21, 'lane': 'left', 'travel_ms': 1600, 'hit_time_ms': 10300}
2026-04-16 14:09:59,217 : INFO : EventManager : Event: ======'balldevice_bd_trough_ball_eject_failed'====== Args={'target': <ball_device.bd_plunger>, 'balls': 1, 'retry': True, 'num_attempts': 1}
2026-04-16 14:09:59,218 : INFO : ball_device.bd_trough : State: waiting_for_target_ready
2026-04-16 14:09:59,218 : INFO : EventManager : Event: ======'balldevice_bd_trough_ball_eject_attempt'====== Args={'balls': 1, 'target': <ball_device.bd_plunger>, 'source': <ball_device.bd_trough>, 'mechanical_eject': False, 'num_attempts': 1}
2026-04-16 14:09:59,218 : INFO : ball_device.bd_trough : State: ejecting
2026-04-16 14:09:59,219 : INFO : ball_device.bd_trough : Ejecting ball to <ball_device.bd_plunger>
2026-04-16 14:09:59,219 : INFO : EventManager : Event: ======'balldevice_bd_trough_ejecting_ball'====== Args={'balls': 1, 'target': <ball_device.bd_plunger>, 'source': <ball_device.bd_trough>, 'mechanical_eject': False, 'num_attempts': 1}
2026-04-16 14:09:59,219 : INFO : ball_device.bd_trough : Wait for ball to leave device
2026-04-16 14:09:59,219 : INFO : coil.c_trough_eject : Pulsing Driver for 10ms (1.0 pulse_power)
2026-04-16 14:09:59,267 : INFO : SwitchController : <<<<<<< 's_action_button' inactive >>>>>>>
2026-04-16 14:09:59,433 : INFO : SwitchController : <<<<<<< 's_flipper_right' active >>>>>>>
2026-04-16 14:09:59,434 : INFO : EventManager : Event: ======'rhythm_lane_pressed'====== Args={'lane': 'right'}
2026-04-16 14:09:59,434 : INFO : EventManager : Event: ======'player_rhythm_combo'====== Args={'value': 12, 'prev_value': 11, 'change': 1, 'player_num': 1}
2026-04-16 14:09:59,434 : INFO : EventManager : Event: ======'player_rhythm_best_combo'====== Args={'value': 12, 'prev_value': 11, 'change': 1, 'player_num': 1}
2026-04-16 14:09:59,434 : INFO : EventManager : Event: ======'player_rhythm_hits'====== Args={'value': 17, 'prev_value': 16, 'change': 1, 'player_num': 1}
2026-04-16 14:09:59,435 : INFO : EventManager : Event: ======'player_rhythm_mode_score'====== Args={'value': 370000, 'prev_value': 350000, 'change': 20000, 'player_num': 1}
2026-04-16 14:09:59,435 : INFO : EventManager : Event: ======'player_score'====== Args={'value': 370000, 'prev_value': 350000, 'change': 20000, 'player_num': 1}
2026-04-16 14:09:59,435 : INFO : EventManager : Event: ======'rhythm_note_hit'====== Args={'note_id': 18, 'lane': 'right', 'judgment': 'good', 'combo': 12, 'multiplier': 2, 'award': 20000, 'delta_ms': 106, 'total_score': 370000}
2026-04-16 14:09:59,435 : INFO : EventManager : Event: ======'machine_var_audits_switches_s_flipper_right'====== Args={'value': 128, 'prev_value': 127, 'change': 1}
2026-04-16 14:09:59,543 : INFO : EventManager : Event: ======'rhythm_note_spawned'====== Args={'note_id': 22, 'lane': 'center', 'travel_ms': 1600, 'hit_time_ms': 10700}
2026-04-16 14:09:59,543 : INFO : EventManager : Event: ======'rhythm_note_spawned'====== Args={'note_id': 23, 'lane': 'right', 'travel_ms': 1600, 'hit_time_ms': 10700}
2026-04-16 14:09:59,583 : INFO : SwitchController : <<<<<<< 's_flipper_right' inactive >>>>>>>
2026-04-16 14:09:59,983 : INFO : SwitchController : <<<<<<< 's_action_button' active >>>>>>>
2026-04-16 14:09:59,983 : INFO : EventManager : Event: ======'rhythm_lane_pressed'====== Args={'lane': 'center'}
2026-04-16 14:09:59,984 : INFO : EventManager : Event: ======'player_rhythm_combo'====== Args={'value': 13, 'prev_value': 12, 'change': 1, 'player_num': 1}
2026-04-16 14:09:59,984 : INFO : EventManager : Event: ======'player_rhythm_best_combo'====== Args={'value': 13, 'prev_value': 12, 'change': 1, 'player_num': 1}
2026-04-16 14:09:59,984 : INFO : EventManager : Event: ======'player_rhythm_hits'====== Args={'value': 18, 'prev_value': 17, 'change': 1, 'player_num': 1}
2026-04-16 14:09:59,985 : INFO : EventManager : Event: ======'player_rhythm_mode_score'====== Args={'value': 410000, 'prev_value': 370000, 'change': 40000, 'player_num': 1}
2026-04-16 14:09:59,985 : INFO : EventManager : Event: ======'player_score'====== Args={'value': 410000, 'prev_value': 370000, 'change': 40000, 'player_num': 1}
2026-04-16 14:09:59,985 : INFO : EventManager : Event: ======'rhythm_note_hit'====== Args={'note_id': 19, 'lane': 'center', 'judgment': 'perfect', 'combo': 13, 'multiplier': 2, 'award': 40000, 'delta_ms': 43, 'total_score': 410000}
2026-04-16 14:09:59,985 : INFO : EventManager : Event: ======'machine_var_audits_switches_s_action_button'====== Args={'value': 76, 'prev_value': 75, 'change': 1}
2026-04-16 14:10:00,133 : INFO : SwitchController : <<<<<<< 's_action_button' inactive >>>>>>>
2026-04-16 14:10:00,143 : INFO : EventManager : Event: ======'rhythm_note_spawned'====== Args={'note_id': 24, 'lane': 'left', 'travel_ms': 1600, 'hit_time_ms': 11300}
2026-04-16 14:10:00,367 : INFO : SwitchController : <<<<<<< 's_flipper_right' active >>>>>>>
2026-04-16 14:10:00,367 : INFO : EventManager : Event: ======'rhythm_lane_pressed'====== Args={'lane': 'right'}
2026-04-16 14:10:00,367 : INFO : EventManager : Event: ======'player_rhythm_combo'====== Args={'value': 14, 'prev_value': 13, 'change': 1, 'player_num': 1}
2026-04-16 14:10:00,367 : INFO : EventManager : Event: ======'player_rhythm_best_combo'====== Args={'value': 14, 'prev_value': 13, 'change': 1, 'player_num': 1}
2026-04-16 14:10:00,368 : INFO : EventManager : Event: ======'player_rhythm_hits'====== Args={'value': 19, 'prev_value': 18, 'change': 1, 'player_num': 1}
2026-04-16 14:10:00,368 : INFO : EventManager : Event: ======'player_rhythm_mode_score'====== Args={'value': 450000, 'prev_value': 410000, 'change': 40000, 'player_num': 1}
2026-04-16 14:10:00,368 : INFO : EventManager : Event: ======'player_score'====== Args={'value': 450000, 'prev_value': 410000, 'change': 40000, 'player_num': 1}
2026-04-16 14:10:00,368 : INFO : EventManager : Event: ======'rhythm_note_hit'====== Args={'note_id': 20, 'lane': 'right', 'judgment': 'perfect', 'combo': 14, 'multiplier': 2, 'award': 40000, 'delta_ms': 27, 'total_score': 450000}
2026-04-16 14:10:00,369 : INFO : EventManager : Event: ======'machine_var_audits_switches_s_flipper_right'====== Args={'value': 129, 'prev_value': 128, 'change': 1}
2026-04-16 14:10:00,500 : INFO : SwitchController : <<<<<<< 's_flipper_right' inactive >>>>>>>
2026-04-16 14:10:00,543 : INFO : EventManager : Event: ======'rhythm_note_spawned'====== Args={'note_id': 25, 'lane': 'center', 'travel_ms': 1600, 'hit_time_ms': 11700}
2026-04-16 14:10:00,683 : INFO : SwitchController : <<<<<<< 's_flipper_left' active >>>>>>>
2026-04-16 14:10:00,684 : INFO : EventManager : Event: ======'rhythm_lane_pressed'====== Args={'lane': 'left'}
2026-04-16 14:10:00,684 : INFO : EventManager : Event: ======'player_rhythm_combo'====== Args={'value': 15, 'prev_value': 14, 'change': 1, 'player_num': 1}
2026-04-16 14:10:00,684 : INFO : EventManager : Event: ======'player_rhythm_best_combo'====== Args={'value': 15, 'prev_value': 14, 'change': 1, 'player_num': 1}
2026-04-16 14:10:00,684 : INFO : EventManager : Event: ======'player_rhythm_hits'====== Args={'value': 20, 'prev_value': 19, 'change': 1, 'player_num': 1}
2026-04-16 14:10:00,685 : INFO : EventManager : Event: ======'player_rhythm_mode_score'====== Args={'value': 490000, 'prev_value': 450000, 'change': 40000, 'player_num': 1}
2026-04-16 14:10:00,685 : INFO : EventManager : Event: ======'player_score'====== Args={'value': 490000, 'prev_value': 450000, 'change': 40000, 'player_num': 1}
2026-04-16 14:10:00,685 : INFO : EventManager : Event: ======'rhythm_note_hit'====== Args={'note_id': 21, 'lane': 'left', 'judgment': 'perfect', 'combo': 15, 'multiplier': 2, 'award': 40000, 'delta_ms': 56, 'total_score': 490000}
2026-04-16 14:10:00,685 : INFO : EventManager : Event: ======'machine_var_audits_switches_s_flipper_left'====== Args={'value': 139, 'prev_value': 138, 'change': 1}
2026-04-16 14:10:00,800 : INFO : SwitchController : <<<<<<< 's_flipper_left' inactive >>>>>>>
2026-04-16 14:10:00,943 : INFO : EventManager : Event: ======'rhythm_note_spawned'====== Args={'note_id': 26, 'lane': 'left', 'travel_ms': 1600, 'hit_time_ms': 12100}
2026-04-16 14:10:01,200 : INFO : SwitchController : <<<<<<< 's_action_button' active >>>>>>>
2026-04-16 14:10:01,200 : INFO : EventManager : Event: ======'rhythm_lane_pressed'====== Args={'lane': 'center'}
2026-04-16 14:10:01,200 : INFO : EventManager : Event: ======'player_rhythm_combo'====== Args={'value': 16, 'prev_value': 15, 'change': 1, 'player_num': 1}
2026-04-16 14:10:01,201 : INFO : EventManager : Event: ======'player_rhythm_best_combo'====== Args={'value': 16, 'prev_value': 15, 'change': 1, 'player_num': 1}
2026-04-16 14:10:01,201 : INFO : EventManager : Event: ======'player_rhythm_hits'====== Args={'value': 21, 'prev_value': 20, 'change': 1, 'player_num': 1}
2026-04-16 14:10:01,201 : INFO : EventManager : Event: ======'player_rhythm_mode_score'====== Args={'value': 530000, 'prev_value': 490000, 'change': 40000, 'player_num': 1}
2026-04-16 14:10:01,201 : INFO : EventManager : Event: ======'player_score'====== Args={'value': 530000, 'prev_value': 490000, 'change': 40000, 'player_num': 1}
2026-04-16 14:10:01,201 : INFO : EventManager : Event: ======'rhythm_note_hit'====== Args={'note_id': 22, 'lane': 'center', 'judgment': 'perfect', 'combo': 16, 'multiplier': 2, 'award': 40000, 'delta_ms': 60, 'total_score': 530000}
2026-04-16 14:10:01,201 : INFO : EventManager : Event: ======'machine_var_audits_switches_s_action_button'====== Args={'value': 77, 'prev_value': 76, 'change': 1}
2026-04-16 14:10:01,233 : INFO : SwitchController : <<<<<<< 's_flipper_right' active >>>>>>>
2026-04-16 14:10:01,234 : INFO : EventManager : Event: ======'rhythm_lane_pressed'====== Args={'lane': 'right'}
2026-04-16 14:10:01,234 : INFO : EventManager : Event: ======'player_rhythm_combo'====== Args={'value': 17, 'prev_value': 16, 'change': 1, 'player_num': 1}
2026-04-16 14:10:01,234 : INFO : EventManager : Event: ======'player_rhythm_best_combo'====== Args={'value': 17, 'prev_value': 16, 'change': 1, 'player_num': 1}
2026-04-16 14:10:01,234 : INFO : EventManager : Event: ======'player_rhythm_hits'====== Args={'value': 22, 'prev_value': 21, 'change': 1, 'player_num': 1}
2026-04-16 14:10:01,235 : INFO : EventManager : Event: ======'player_rhythm_multiplier'====== Args={'value': 3, 'prev_value': 2, 'change': 1, 'player_num': 1}
2026-04-16 14:10:01,235 : INFO : EventManager : Event: ======'player_rhythm_mode_score'====== Args={'value': 560000, 'prev_value': 530000, 'change': 30000, 'player_num': 1}
2026-04-16 14:10:01,235 : INFO : EventManager : Event: ======'player_score'====== Args={'value': 560000, 'prev_value': 530000, 'change': 30000, 'player_num': 1}
2026-04-16 14:10:01,235 : INFO : EventManager : Event: ======'rhythm_note_hit'====== Args={'note_id': 23, 'lane': 'right', 'judgment': 'good', 'combo': 17, 'multiplier': 3, 'award': 30000, 'delta_ms': 94, 'total_score': 560000}
2026-04-16 14:10:01,235 : INFO : EventManager : Event: ======'machine_var_audits_switches_s_flipper_right'====== Args={'value': 130, 'prev_value': 129, 'change': 1}
2026-04-16 14:10:01,343 : INFO : EventManager : Event: ======'rhythm_note_spawned'====== Args={'note_id': 27, 'lane': 'right', 'travel_ms': 1600, 'hit_time_ms': 12500}
2026-04-16 14:10:01,367 : INFO : SwitchController : <<<<<<< 's_action_button' inactive >>>>>>>
2026-04-16 14:10:01,400 : INFO : SwitchController : <<<<<<< 's_flipper_right' inactive >>>>>>>
2026-04-16 14:10:01,700 : INFO : SwitchController : <<<<<<< 's_flipper_left' active >>>>>>>
2026-04-16 14:10:01,700 : INFO : EventManager : Event: ======'rhythm_lane_pressed'====== Args={'lane': 'left'}
2026-04-16 14:10:01,700 : INFO : EventManager : Event: ======'player_rhythm_combo'====== Args={'value': 18, 'prev_value': 17, 'change': 1, 'player_num': 1}
2026-04-16 14:10:01,701 : INFO : EventManager : Event: ======'player_rhythm_best_combo'====== Args={'value': 18, 'prev_value': 17, 'change': 1, 'player_num': 1}
2026-04-16 14:10:01,701 : INFO : EventManager : Event: ======'player_rhythm_hits'====== Args={'value': 23, 'prev_value': 22, 'change': 1, 'player_num': 1}
2026-04-16 14:10:01,701 : INFO : EventManager : Event: ======'player_rhythm_mode_score'====== Args={'value': 620000, 'prev_value': 560000, 'change': 60000, 'player_num': 1}
2026-04-16 14:10:01,701 : INFO : EventManager : Event: ======'player_score'====== Args={'value': 620000, 'prev_value': 560000, 'change': 60000, 'player_num': 1}
2026-04-16 14:10:01,702 : INFO : EventManager : Event: ======'rhythm_note_hit'====== Args={'note_id': 24, 'lane': 'left', 'judgment': 'perfect', 'combo': 18, 'multiplier': 3, 'award': 60000, 'delta_ms': 40, 'total_score': 620000}
2026-04-16 14:10:01,702 : INFO : EventManager : Event: ======'machine_var_audits_switches_s_flipper_left'====== Args={'value': 140, 'prev_value': 139, 'change': 1}
2026-04-16 14:10:01,743 : INFO : EventManager : Event: ======'rhythm_note_spawned'====== Args={'note_id': 28, 'lane': 'center', 'travel_ms': 1600, 'hit_time_ms': 12900}
2026-04-16 14:10:01,833 : INFO : SwitchController : <<<<<<< 's_flipper_left' inactive >>>>>>>
2026-04-16 14:10:02,117 : INFO : SwitchController : <<<<<<< 's_action_button' active >>>>>>>
2026-04-16 14:10:02,117 : INFO : EventManager : Event: ======'rhythm_lane_pressed'====== Args={'lane': 'center'}
2026-04-16 14:10:02,117 : INFO : EventManager : Event: ======'player_rhythm_combo'====== Args={'value': 19, 'prev_value': 18, 'change': 1, 'player_num': 1}
2026-04-16 14:10:02,118 : INFO : EventManager : Event: ======'player_rhythm_best_combo'====== Args={'value': 19, 'prev_value': 18, 'change': 1, 'player_num': 1}
2026-04-16 14:10:02,118 : INFO : EventManager : Event: ======'player_rhythm_hits'====== Args={'value': 24, 'prev_value': 23, 'change': 1, 'player_num': 1}
2026-04-16 14:10:02,118 : INFO : EventManager : Event: ======'player_rhythm_mode_score'====== Args={'value': 680000, 'prev_value': 620000, 'change': 60000, 'player_num': 1}
2026-04-16 14:10:02,118 : INFO : EventManager : Event: ======'player_score'====== Args={'value': 680000, 'prev_value': 620000, 'change': 60000, 'player_num': 1}
2026-04-16 14:10:02,119 : INFO : EventManager : Event: ======'rhythm_note_hit'====== Args={'note_id': 25, 'lane': 'center', 'judgment': 'perfect', 'combo': 19, 'multiplier': 3, 'award': 60000, 'delta_ms': 23, 'total_score': 680000}
2026-04-16 14:10:02,119 : INFO : EventManager : Event: ======'machine_var_audits_switches_s_action_button'====== Args={'value': 78, 'prev_value': 77, 'change': 1}
2026-04-16 14:10:02,143 : INFO : EventManager : Event: ======'rhythm_note_spawned'====== Args={'note_id': 29, 'lane': 'right', 'travel_ms': 1600, 'hit_time_ms': 13300}
2026-04-16 14:10:02,234 : INFO : SwitchController : <<<<<<< 's_action_button' inactive >>>>>>>
2026-04-16 14:10:02,500 : INFO : SwitchController : <<<<<<< 's_flipper_left' active >>>>>>>
2026-04-16 14:10:02,500 : INFO : EventManager : Event: ======'rhythm_lane_pressed'====== Args={'lane': 'left'}
2026-04-16 14:10:02,501 : INFO : EventManager : Event: ======'player_rhythm_combo'====== Args={'value': 20, 'prev_value': 19, 'change': 1, 'player_num': 1}
2026-04-16 14:10:02,501 : INFO : EventManager : Event: ======'player_rhythm_best_combo'====== Args={'value': 20, 'prev_value': 19, 'change': 1, 'player_num': 1}
2026-04-16 14:10:02,501 : INFO : EventManager : Event: ======'player_rhythm_hits'====== Args={'value': 25, 'prev_value': 24, 'change': 1, 'player_num': 1}
2026-04-16 14:10:02,501 : INFO : EventManager : Event: ======'player_rhythm_mode_score'====== Args={'value': 740000, 'prev_value': 680000, 'change': 60000, 'player_num': 1}
2026-04-16 14:10:02,502 : INFO : EventManager : Event: ======'player_score'====== Args={'value': 740000, 'prev_value': 680000, 'change': 60000, 'player_num': 1}
2026-04-16 14:10:02,502 : INFO : EventManager : Event: ======'rhythm_note_hit'====== Args={'note_id': 26, 'lane': 'left', 'judgment': 'perfect', 'combo': 20, 'multiplier': 3, 'award': 60000, 'delta_ms': 40, 'total_score': 740000}
2026-04-16 14:10:02,502 : INFO : EventManager : Event: ======'machine_var_audits_switches_s_flipper_left'====== Args={'value': 141, 'prev_value': 140, 'change': 1}
2026-04-16 14:10:02,543 : INFO : EventManager : Event: ======'rhythm_note_spawned'====== Args={'note_id': 30, 'lane': 'left', 'travel_ms': 1600, 'hit_time_ms': 13700}
2026-04-16 14:10:02,543 : INFO : EventManager : Event: ======'rhythm_note_spawned'====== Args={'note_id': 31, 'lane': 'center', 'travel_ms': 1600, 'hit_time_ms': 13700}
2026-04-16 14:10:02,617 : INFO : SwitchController : <<<<<<< 's_flipper_left' inactive >>>>>>>
2026-04-16 14:10:02,917 : INFO : SwitchController : <<<<<<< 's_flipper_right' active >>>>>>>
2026-04-16 14:10:02,917 : INFO : EventManager : Event: ======'rhythm_lane_pressed'====== Args={'lane': 'right'}
2026-04-16 14:10:02,917 : INFO : EventManager : Event: ======'player_rhythm_combo'====== Args={'value': 21, 'prev_value': 20, 'change': 1, 'player_num': 1}
2026-04-16 14:10:02,918 : INFO : EventManager : Event: ======'player_rhythm_best_combo'====== Args={'value': 21, 'prev_value': 20, 'change': 1, 'player_num': 1}
2026-04-16 14:10:02,918 : INFO : EventManager : Event: ======'player_rhythm_hits'====== Args={'value': 26, 'prev_value': 25, 'change': 1, 'player_num': 1}
2026-04-16 14:10:02,918 : INFO : EventManager : Event: ======'player_rhythm_mode_score'====== Args={'value': 800000, 'prev_value': 740000, 'change': 60000, 'player_num': 1}
2026-04-16 14:10:02,918 : INFO : EventManager : Event: ======'player_score'====== Args={'value': 800000, 'prev_value': 740000, 'change': 60000, 'player_num': 1}
2026-04-16 14:10:02,919 : INFO : EventManager : Event: ======'rhythm_note_hit'====== Args={'note_id': 27, 'lane': 'right', 'judgment': 'perfect', 'combo': 21, 'multiplier': 3, 'award': 60000, 'delta_ms': 23, 'total_score': 800000}
2026-04-16 14:10:02,919 : INFO : EventManager : Event: ======'machine_var_audits_switches_s_flipper_right'====== Args={'value': 131, 'prev_value': 130, 'change': 1}
2026-04-16 14:10:03,033 : INFO : SwitchController : <<<<<<< 's_flipper_right' inactive >>>>>>>
2026-04-16 14:10:03,143 : INFO : EventManager : Event: ======'rhythm_note_spawned'====== Args={'note_id': 32, 'lane': 'center', 'travel_ms': 1600, 'hit_time_ms': 14300}
2026-04-16 14:10:03,366 : INFO : SwitchController : <<<<<<< 's_action_button' active >>>>>>>
2026-04-16 14:10:03,367 : INFO : EventManager : Event: ======'rhythm_lane_pressed'====== Args={'lane': 'center'}
2026-04-16 14:10:03,367 : INFO : EventManager : Event: ======'player_rhythm_combo'====== Args={'value': 22, 'prev_value': 21, 'change': 1, 'player_num': 1}
2026-04-16 14:10:03,367 : INFO : EventManager : Event: ======'player_rhythm_best_combo'====== Args={'value': 22, 'prev_value': 21, 'change': 1, 'player_num': 1}
2026-04-16 14:10:03,368 : INFO : EventManager : Event: ======'player_rhythm_hits'====== Args={'value': 27, 'prev_value': 26, 'change': 1, 'player_num': 1}
2026-04-16 14:10:03,368 : INFO : EventManager : Event: ======'player_rhythm_mode_score'====== Args={'value': 860000, 'prev_value': 800000, 'change': 60000, 'player_num': 1}
2026-04-16 14:10:03,368 : INFO : EventManager : Event: ======'player_score'====== Args={'value': 860000, 'prev_value': 800000, 'change': 60000, 'player_num': 1}
2026-04-16 14:10:03,368 : INFO : EventManager : Event: ======'rhythm_note_hit'====== Args={'note_id': 28, 'lane': 'center', 'judgment': 'perfect', 'combo': 22, 'multiplier': 3, 'award': 60000, 'delta_ms': 27, 'total_score': 860000}
2026-04-16 14:10:03,368 : INFO : EventManager : Event: ======'machine_var_audits_switches_s_action_button'====== Args={'value': 79, 'prev_value': 78, 'change': 1}
2026-04-16 14:10:03,483 : INFO : SwitchController : <<<<<<< 's_action_button' inactive >>>>>>>
2026-04-16 14:10:03,543 : INFO : EventManager : Event: ======'rhythm_note_spawned'====== Args={'note_id': 33, 'lane': 'right', 'travel_ms': 1600, 'hit_time_ms': 14700}
2026-04-16 14:10:03,767 : INFO : SwitchController : <<<<<<< 's_flipper_right' active >>>>>>>
2026-04-16 14:10:03,767 : INFO : EventManager : Event: ======'rhythm_lane_pressed'====== Args={'lane': 'right'}
2026-04-16 14:10:03,767 : INFO : EventManager : Event: ======'player_rhythm_combo'====== Args={'value': 23, 'prev_value': 22, 'change': 1, 'player_num': 1}
2026-04-16 14:10:03,767 : INFO : EventManager : Event: ======'player_rhythm_best_combo'====== Args={'value': 23, 'prev_value': 22, 'change': 1, 'player_num': 1}
2026-04-16 14:10:03,768 : INFO : EventManager : Event: ======'player_rhythm_hits'====== Args={'value': 28, 'prev_value': 27, 'change': 1, 'player_num': 1}
2026-04-16 14:10:03,768 : INFO : EventManager : Event: ======'player_rhythm_mode_score'====== Args={'value': 920000, 'prev_value': 860000, 'change': 60000, 'player_num': 1}
2026-04-16 14:10:03,768 : INFO : EventManager : Event: ======'player_score'====== Args={'value': 920000, 'prev_value': 860000, 'change': 60000, 'player_num': 1}
2026-04-16 14:10:03,769 : INFO : EventManager : Event: ======'rhythm_note_hit'====== Args={'note_id': 29, 'lane': 'right', 'judgment': 'perfect', 'combo': 23, 'multiplier': 3, 'award': 60000, 'delta_ms': 27, 'total_score': 920000}
2026-04-16 14:10:03,769 : INFO : EventManager : Event: ======'machine_var_audits_switches_s_flipper_right'====== Args={'value': 132, 'prev_value': 131, 'change': 1}
2026-04-16 14:10:03,933 : INFO : SwitchController : <<<<<<< 's_flipper_right' inactive >>>>>>>
2026-04-16 14:10:03,943 : INFO : EventManager : Event: ======'rhythm_note_spawned'====== Args={'note_id': 34, 'lane': 'left', 'travel_ms': 1600, 'hit_time_ms': 15100}
2026-04-16 14:10:04,200 : INFO : SwitchController : <<<<<<< 's_flipper_left' active >>>>>>>
2026-04-16 14:10:04,200 : INFO : EventManager : Event: ======'rhythm_lane_pressed'====== Args={'lane': 'left'}
2026-04-16 14:10:04,200 : INFO : EventManager : Event: ======'player_rhythm_combo'====== Args={'value': 24, 'prev_value': 23, 'change': 1, 'player_num': 1}
2026-04-16 14:10:04,201 : INFO : EventManager : Event: ======'player_rhythm_best_combo'====== Args={'value': 24, 'prev_value': 23, 'change': 1, 'player_num': 1}
2026-04-16 14:10:04,201 : INFO : EventManager : Event: ======'player_rhythm_hits'====== Args={'value': 29, 'prev_value': 28, 'change': 1, 'player_num': 1}
2026-04-16 14:10:04,201 : INFO : EventManager : Event: ======'player_rhythm_mode_score'====== Args={'value': 980000, 'prev_value': 920000, 'change': 60000, 'player_num': 1}
2026-04-16 14:10:04,201 : INFO : EventManager : Event: ======'player_score'====== Args={'value': 980000, 'prev_value': 920000, 'change': 60000, 'player_num': 1}
2026-04-16 14:10:04,202 : INFO : EventManager : Event: ======'rhythm_note_hit'====== Args={'note_id': 30, 'lane': 'left', 'judgment': 'perfect', 'combo': 24, 'multiplier': 3, 'award': 60000, 'delta_ms': 60, 'total_score': 980000}
2026-04-16 14:10:04,202 : INFO : EventManager : Event: ======'machine_var_audits_switches_s_flipper_left'====== Args={'value': 142, 'prev_value': 141, 'change': 1}
2026-04-16 14:10:04,203 : INFO : SwitchController : <<<<<<< 's_action_button' active >>>>>>>
2026-04-16 14:10:04,203 : INFO : EventManager : Event: ======'rhythm_lane_pressed'====== Args={'lane': 'center'}
2026-04-16 14:10:04,203 : INFO : EventManager : Event: ======'player_rhythm_combo'====== Args={'value': 25, 'prev_value': 24, 'change': 1, 'player_num': 1}
2026-04-16 14:10:04,203 : INFO : EventManager : Event: ======'player_rhythm_best_combo'====== Args={'value': 25, 'prev_value': 24, 'change': 1, 'player_num': 1}
2026-04-16 14:10:04,203 : INFO : EventManager : Event: ======'player_rhythm_hits'====== Args={'value': 30, 'prev_value': 29, 'change': 1, 'player_num': 1}
2026-04-16 14:10:04,203 : INFO : EventManager : Event: ======'player_rhythm_multiplier'====== Args={'value': 4, 'prev_value': 3, 'change': 1, 'player_num': 1}
2026-04-16 14:10:04,204 : INFO : EventManager : Event: ======'player_rhythm_mode_score'====== Args={'value': 1060000, 'prev_value': 980000, 'change': 80000, 'player_num': 1}
2026-04-16 14:10:04,204 : INFO : EventManager : Event: ======'player_score'====== Args={'value': 1060000, 'prev_value': 980000, 'change': 80000, 'player_num': 1}
2026-04-16 14:10:04,204 : INFO : EventManager : Event: ======'rhythm_note_hit'====== Args={'note_id': 31, 'lane': 'center', 'judgment': 'perfect', 'combo': 25, 'multiplier': 4, 'award': 80000, 'delta_ms': 63, 'total_score': 1060000}
2026-04-16 14:10:04,204 : INFO : EventManager : Event: ======'machine_var_audits_switches_s_action_button'====== Args={'value': 80, 'prev_value': 79, 'change': 1}
2026-04-16 14:10:04,343 : INFO : EventManager : Event: ======'rhythm_note_spawned'====== Args={'note_id': 35, 'lane': 'center', 'travel_ms': 1600, 'hit_time_ms': 15500}
2026-04-16 14:10:04,350 : INFO : SwitchController : <<<<<<< 's_flipper_left' inactive >>>>>>>
2026-04-16 14:10:04,366 : INFO : SwitchController : <<<<<<< 's_action_button' inactive >>>>>>>
2026-04-16 14:10:04,650 : INFO : SwitchController : <<<<<<< 's_action_button' active >>>>>>>
2026-04-16 14:10:04,650 : INFO : EventManager : Event: ======'rhythm_lane_pressed'====== Args={'lane': 'center'}
2026-04-16 14:10:04,650 : INFO : EventManager : Event: ======'player_rhythm_combo'====== Args={'value': 26, 'prev_value': 25, 'change': 1, 'player_num': 1}
2026-04-16 14:10:04,651 : INFO : EventManager : Event: ======'player_rhythm_best_combo'====== Args={'value': 26, 'prev_value': 25, 'change': 1, 'player_num': 1}
2026-04-16 14:10:04,651 : INFO : EventManager : Event: ======'player_rhythm_hits'====== Args={'value': 31, 'prev_value': 30, 'change': 1, 'player_num': 1}
2026-04-16 14:10:04,651 : INFO : EventManager : Event: ======'player_rhythm_mode_score'====== Args={'value': 1140000, 'prev_value': 1060000, 'change': 80000, 'player_num': 1}
2026-04-16 14:10:04,651 : INFO : EventManager : Event: ======'player_score'====== Args={'value': 1140000, 'prev_value': 1060000, 'change': 80000, 'player_num': 1}
2026-04-16 14:10:04,652 : INFO : EventManager : Event: ======'rhythm_note_hit'====== Args={'note_id': 32, 'lane': 'center', 'judgment': 'perfect', 'combo': 26, 'multiplier': 4, 'award': 80000, 'delta_ms': 90, 'total_score': 1140000}
2026-04-16 14:10:04,652 : INFO : EventManager : Event: ======'machine_var_audits_switches_s_action_button'====== Args={'value': 81, 'prev_value': 80, 'change': 1}
2026-04-16 14:10:04,800 : INFO : SwitchController : <<<<<<< 's_action_button' inactive >>>>>>>
2026-04-16 14:10:04,943 : INFO : EventManager : Event: ======'rhythm_note_spawned'====== Args={'note_id': 36, 'lane': 'left', 'travel_ms': 1600, 'hit_time_ms': 16100}
2026-04-16 14:10:04,943 : INFO : EventManager : Event: ======'rhythm_note_spawned'====== Args={'note_id': 37, 'lane': 'right', 'travel_ms': 1600, 'hit_time_ms': 16100}
2026-04-16 14:10:05,033 : INFO : SwitchController : <<<<<<< 's_flipper_right' active >>>>>>>
2026-04-16 14:10:05,034 : INFO : EventManager : Event: ======'rhythm_lane_pressed'====== Args={'lane': 'right'}
2026-04-16 14:10:05,034 : INFO : EventManager : Event: ======'player_rhythm_combo'====== Args={'value': 27, 'prev_value': 26, 'change': 1, 'player_num': 1}
2026-04-16 14:10:05,034 : INFO : EventManager : Event: ======'player_rhythm_best_combo'====== Args={'value': 27, 'prev_value': 26, 'change': 1, 'player_num': 1}
2026-04-16 14:10:05,034 : INFO : EventManager : Event: ======'player_rhythm_hits'====== Args={'value': 32, 'prev_value': 31, 'change': 1, 'player_num': 1}
2026-04-16 14:10:05,035 : INFO : EventManager : Event: ======'player_rhythm_mode_score'====== Args={'value': 1180000, 'prev_value': 1140000, 'change': 40000, 'player_num': 1}
2026-04-16 14:10:05,035 : INFO : EventManager : Event: ======'player_score'====== Args={'value': 1180000, 'prev_value': 1140000, 'change': 40000, 'player_num': 1}
2026-04-16 14:10:05,035 : INFO : EventManager : Event: ======'rhythm_note_hit'====== Args={'note_id': 33, 'lane': 'right', 'judgment': 'good', 'combo': 27, 'multiplier': 4, 'award': 40000, 'delta_ms': 106, 'total_score': 1180000}
2026-04-16 14:10:05,035 : INFO : EventManager : Event: ======'machine_var_audits_switches_s_flipper_right'====== Args={'value': 133, 'prev_value': 132, 'change': 1}
2026-04-16 14:10:05,250 : INFO : SwitchController : <<<<<<< 's_flipper_right' inactive >>>>>>>
2026-04-16 14:10:05,500 : INFO : SwitchController : <<<<<<< 's_flipper_left' active >>>>>>>
2026-04-16 14:10:05,500 : INFO : EventManager : Event: ======'rhythm_lane_pressed'====== Args={'lane': 'left'}
2026-04-16 14:10:05,500 : INFO : EventManager : Event: ======'player_rhythm_combo'====== Args={'value': 28, 'prev_value': 27, 'change': 1, 'player_num': 1}
2026-04-16 14:10:05,501 : INFO : EventManager : Event: ======'player_rhythm_best_combo'====== Args={'value': 28, 'prev_value': 27, 'change': 1, 'player_num': 1}
2026-04-16 14:10:05,501 : INFO : EventManager : Event: ======'player_rhythm_hits'====== Args={'value': 33, 'prev_value': 32, 'change': 1, 'player_num': 1}
2026-04-16 14:10:05,501 : INFO : EventManager : Event: ======'player_rhythm_mode_score'====== Args={'value': 1260000, 'prev_value': 1180000, 'change': 80000, 'player_num': 1}
2026-04-16 14:10:05,501 : INFO : EventManager : Event: ======'player_score'====== Args={'value': 1260000, 'prev_value': 1180000, 'change': 80000, 'player_num': 1}
2026-04-16 14:10:05,502 : INFO : EventManager : Event: ======'rhythm_note_hit'====== Args={'note_id': 34, 'lane': 'left', 'judgment': 'perfect', 'combo': 28, 'multiplier': 4, 'award': 80000, 'delta_ms': 40, 'total_score': 1260000}
2026-04-16 14:10:05,502 : INFO : EventManager : Event: ======'machine_var_audits_switches_s_flipper_left'====== Args={'value': 143, 'prev_value': 142, 'change': 1}
2026-04-16 14:10:05,634 : INFO : SwitchController : <<<<<<< 's_flipper_left' inactive >>>>>>>
2026-04-16 14:10:05,917 : INFO : SwitchController : <<<<<<< 's_action_button' active >>>>>>>
2026-04-16 14:10:05,917 : INFO : EventManager : Event: ======'rhythm_lane_pressed'====== Args={'lane': 'center'}
2026-04-16 14:10:05,917 : INFO : EventManager : Event: ======'player_rhythm_combo'====== Args={'value': 29, 'prev_value': 28, 'change': 1, 'player_num': 1}
2026-04-16 14:10:05,917 : INFO : EventManager : Event: ======'player_rhythm_best_combo'====== Args={'value': 29, 'prev_value': 28, 'change': 1, 'player_num': 1}
2026-04-16 14:10:05,917 : INFO : EventManager : Event: ======'player_rhythm_hits'====== Args={'value': 34, 'prev_value': 33, 'change': 1, 'player_num': 1}
2026-04-16 14:10:05,917 : INFO : EventManager : Event: ======'player_rhythm_mode_score'====== Args={'value': 1340000, 'prev_value': 1260000, 'change': 80000, 'player_num': 1}
2026-04-16 14:10:05,917 : INFO : EventManager : Event: ======'player_score'====== Args={'value': 1340000, 'prev_value': 1260000, 'change': 80000, 'player_num': 1}
2026-04-16 14:10:05,918 : INFO : EventManager : Event: ======'rhythm_note_hit'====== Args={'note_id': 35, 'lane': 'center', 'judgment': 'perfect', 'combo': 29, 'multiplier': 4, 'award': 80000, 'delta_ms': 23, 'total_score': 1340000}
2026-04-16 14:10:05,918 : INFO : EventManager : Event: ======'machine_var_audits_switches_s_action_button'====== Args={'value': 82, 'prev_value': 81, 'change': 1}
2026-04-16 14:10:06,036 : INFO : SwitchController : <<<<<<< 's_action_button' inactive >>>>>>>
2026-04-16 14:10:06,567 : INFO : SwitchController : <<<<<<< 's_flipper_right' active >>>>>>>
2026-04-16 14:10:06,567 : INFO : EventManager : Event: ======'rhythm_lane_pressed'====== Args={'lane': 'right'}
2026-04-16 14:10:06,567 : INFO : EventManager : Event: ======'player_rhythm_combo'====== Args={'value': 30, 'prev_value': 29, 'change': 1, 'player_num': 1}
2026-04-16 14:10:06,568 : INFO : EventManager : Event: ======'player_rhythm_best_combo'====== Args={'value': 30, 'prev_value': 29, 'change': 1, 'player_num': 1}
2026-04-16 14:10:06,568 : INFO : EventManager : Event: ======'player_rhythm_hits'====== Args={'value': 35, 'prev_value': 34, 'change': 1, 'player_num': 1}
2026-04-16 14:10:06,568 : INFO : EventManager : Event: ======'player_rhythm_mode_score'====== Args={'value': 1420000, 'prev_value': 1340000, 'change': 80000, 'player_num': 1}
2026-04-16 14:10:06,568 : INFO : EventManager : Event: ======'player_score'====== Args={'value': 1420000, 'prev_value': 1340000, 'change': 80000, 'player_num': 1}
2026-04-16 14:10:06,568 : INFO : EventManager : Event: ======'rhythm_note_hit'====== Args={'note_id': 37, 'lane': 'right', 'judgment': 'perfect', 'combo': 30, 'multiplier': 4, 'award': 80000, 'delta_ms': 27, 'total_score': 1420000}
2026-04-16 14:10:06,568 : INFO : EventManager : Event: ======'machine_var_audits_switches_s_flipper_right'====== Args={'value': 134, 'prev_value': 133, 'change': 1}
2026-04-16 14:10:06,569 : INFO : SwitchController : <<<<<<< 's_flipper_left' active >>>>>>>
2026-04-16 14:10:06,569 : INFO : EventManager : Event: ======'flipper_cancel'====== Args={'triggering_group': 1, 'triggering_switch': 's_flipper_left'}
2026-04-16 14:10:06,569 : INFO : EventManager : Event: ======'rhythm_lane_pressed'====== Args={'lane': 'left'}
2026-04-16 14:10:06,569 : INFO : EventManager : Event: ======'player_rhythm_combo'====== Args={'value': 31, 'prev_value': 30, 'change': 1, 'player_num': 1}
2026-04-16 14:10:06,569 : INFO : EventManager : Event: ======'player_rhythm_best_combo'====== Args={'value': 31, 'prev_value': 30, 'change': 1, 'player_num': 1}
2026-04-16 14:10:06,569 : INFO : EventManager : Event: ======'player_rhythm_hits'====== Args={'value': 36, 'prev_value': 35, 'change': 1, 'player_num': 1}
2026-04-16 14:10:06,569 : INFO : EventManager : Event: ======'player_rhythm_mode_score'====== Args={'value': 1500000, 'prev_value': 1420000, 'change': 80000, 'player_num': 1}
2026-04-16 14:10:06,569 : INFO : EventManager : Event: ======'player_score'====== Args={'value': 1500000, 'prev_value': 1420000, 'change': 80000, 'player_num': 1}
2026-04-16 14:10:06,569 : INFO : EventManager : Event: ======'rhythm_note_hit'====== Args={'note_id': 36, 'lane': 'left', 'judgment': 'perfect', 'combo': 31, 'multiplier': 4, 'award': 80000, 'delta_ms': 29, 'total_score': 1500000}
2026-04-16 14:10:06,569 : INFO : EventManager : Event: ======'machine_var_audits_switches_s_flipper_left'====== Args={'value': 144, 'prev_value': 143, 'change': 1}
2026-04-16 14:10:06,700 : INFO : SwitchController : <<<<<<< 's_flipper_left' inactive >>>>>>>
2026-04-16 14:10:06,700 : INFO : EventManager : Event: ======'both_flippers_one'====== Args={'triggering_group': 1, 'triggering_switch': 's_flipper_left'}
2026-04-16 14:10:06,716 : INFO : SwitchController : <<<<<<< 's_flipper_right' inactive >>>>>>>
2026-04-16 14:10:06,717 : INFO : EventManager : Event: ======'both_flippers_inactive'====== Args={'triggering_group': 2, 'triggering_switch': 's_flipper_right'}
2026-04-16 14:10:06,963 : INFO : EventManager : Event: ======'player_rhythm_accuracy'====== Args={'value': 95, 'prev_value': 0, 'change': 95, 'player_num': 1}
2026-04-16 14:10:06,963 : INFO : EventManager : Event: ======'player_rhythm_multiplier'====== Args={'value': 1, 'prev_value': 4, 'change': -3, 'player_num': 1}
2026-04-16 14:10:06,964 : INFO : EventManager : Event: ======'rhythm_mode_finished'====== Args={'total_notes': 38, 'hits': 36, 'misses': 2, 'best_combo': 31, 'accuracy': 95, 'total_score': 1500000}
2026-04-16 14:10:08,565 : INFO : EventManager : Event: ======'mode_rhythm_will_stop'====== Args={}
2026-04-16 14:10:08,565 : INFO : EventManager : Event: ======'mode_rhythm_stopping'====== Args={}
2026-04-16 14:10:08,566 : INFO : Mode.rhythm : Stopped.
2026-04-16 14:10:08,566 : INFO : EventManager : Event: ======'modes_active_modes_changed'====== Args={}
2026-04-16 14:10:08,566 : INFO : EventManager : Event: ======'mode_rhythm_stopped'====== Args={}
2026-04-16 14:10:08,567 : INFO : EventManager : Event: ======'clear'====== Args={'key': 'rhythm'}
2026-04-16 14:10:08,583 : INFO : EventManager : Event: ======'slide_rhythm_inactive'====== Args={'is_removing': True, '_from_bcp': True}
2026-04-16 14:10:08,583 : INFO : EventManager : Event: ======'slide_base_slide_active'====== Args={'_from_bcp': True}
2026-04-16 14:10:08,584 : INFO : EventManager : Event: ======'slide_rhythm_removed'====== Args={'_from_bcp': True}
2026-04-16 14:10:09,221 : INFO : EventManager : Event: ======'balldevice_bd_trough_ball_eject_failed'====== Args={'target': <ball_device.bd_plunger>, 'balls': 1, 'retry': True, 'num_attempts': 2}
2026-04-16 14:10:09,221 : INFO : ball_device.bd_trough : State: waiting_for_target_ready
2026-04-16 14:10:09,222 : INFO : EventManager : Event: ======'balldevice_bd_trough_ball_eject_attempt'====== Args={'balls': 1, 'target': <ball_device.bd_plunger>, 'source': <ball_device.bd_trough>, 'mechanical_eject': False, 'num_attempts': 2}
2026-04-16 14:10:09,222 : INFO : ball_device.bd_trough : State: ejecting
2026-04-16 14:10:09,222 : INFO : ball_device.bd_trough : Ejecting ball to <ball_device.bd_plunger>
2026-04-16 14:10:09,222 : INFO : EventManager : Event: ======'balldevice_bd_trough_ejecting_ball'====== Args={'balls': 1, 'target': <ball_device.bd_plunger>, 'source': <ball_device.bd_trough>, 'mechanical_eject': False, 'num_attempts': 2}
2026-04-16 14:10:09,223 : INFO : ball_device.bd_trough : Wait for ball to leave device
2026-04-16 14:10:09,223 : INFO : coil.c_trough_eject : Pulsing Driver for 10ms (1.0 pulse_power)
2026-04-16 14:10:10,351 : INFO : Machine : Shutting down...
2026-04-16 14:10:10,351 : INFO : EventManager : Event: ======'shutdown'====== Args={}
2026-04-16 14:10:10,352 : INFO : EventManager : Event: ======'mode_game_will_stop'====== Args={}
2026-04-16 14:10:10,352 : INFO : EventManager : Event: ======'mode_game_stopping'====== Args={}
2026-04-16 14:10:10,352 : INFO : EventManager : Event: ======'mode_bumpers_will_stop'====== Args={}
2026-04-16 14:10:10,352 : INFO : EventManager : Event: ======'mode_bumpers_stopping'====== Args={}
2026-04-16 14:10:10,352 : INFO : EventManager : Event: ======'mode_base_will_stop'====== Args={}
2026-04-16 14:10:10,352 : INFO : EventManager : Event: ======'mode_base_stopping'====== Args={}
2026-04-16 14:10:10,353 : INFO : EventManager : Event: ======'stop_mode_bumpers'====== Args={'priority': 0}
2026-04-16 14:10:10,353 : INFO : Mode.base : Stopped.
2026-04-16 14:10:10,353 : INFO : EventManager : Event: ======'modes_active_modes_changed'====== Args={}
2026-04-16 14:10:10,353 : INFO : EventManager : Event: ======'mode_base_stopped'====== Args={}
2026-04-16 14:10:10,353 : INFO : EventManager : Event: ======'clear'====== Args={'key': 'base'}
2026-04-16 14:10:10,353 : INFO : Mode.bumpers : Stopped.
2026-04-16 14:10:10,353 : INFO : EventManager : Event: ======'modes_active_modes_changed'====== Args={}
2026-04-16 14:10:10,353 : INFO : EventManager : Event: ======'mode_bumpers_stopped'====== Args={}
2026-04-16 14:10:10,353 : INFO : EventManager : Event: ======'clear'====== Args={'key': 'bumpers'}
2026-04-16 14:10:10,354 : INFO : Mode.game : Stopped.
2026-04-16 14:10:10,354 : INFO : EventManager : Event: ======'modes_active_modes_changed'====== Args={}
2026-04-16 14:10:10,354 : INFO : EventManager : Event: ======'mode_game_stopped'====== Args={}
2026-04-16 14:10:10,354 : INFO : EventManager : Event: ======'clear'====== Args={'key': 'game'}
2026-04-16 14:10:10,356 : INFO : root : MPF run loop ended.
