2026-03-26 19:01:46,082 : INFO : root : Loading config.
2026-03-26 19:01:46,130 : INFO : ConfigProcessor : Config spec file cache created: /var/folders/nw/6blj94p12ldcym3fj104vzlm0000gn/T/config_spec.mpf_cache
2026-03-26 19:01:46,130 : INFO : YamlMultifileConfigLoader : Machine config file #1: config.yaml
2026-03-26 19:01:46,130 : INFO : ConfigProcessor : Loading config from cache: /var/folders/nw/6blj94p12ldcym3fj104vzlm0000gn/T/b334f8a4e2121184f8a617378a4d1625.mpf_cache
2026-03-26 19:01:46,131 : WARNING : ConfigProcessor : Config file in cache changed: /Users/willrante/Documents/GitHub/pinball/config/config_switches.yaml
2026-03-26 19:01:46,131 : INFO : ConfigProcessor : Loading config from file /Users/willrante/mpf-env/lib/python3.14/site-packages/mpf/mpfconfig.yaml.
2026-03-26 19:01:46,141 : INFO : ConfigProcessor : Loading config: /Users/willrante/mpf-env/lib/python3.14/site-packages/mpf/mpfconfig.yaml
2026-03-26 19:01:46,141 : INFO : ConfigProcessor : Loading config from file /Users/willrante/Documents/GitHub/pinball/config/config.yaml.
2026-03-26 19:01:46,142 : INFO : ConfigProcessor : Loading config: /Users/willrante/Documents/GitHub/pinball/config/config.yaml
2026-03-26 19:01:46,142 : INFO : ConfigProcessor : Loading config: /Users/willrante/Documents/GitHub/pinball/config/config_ball_devices.yaml
2026-03-26 19:01:46,142 : INFO : ConfigProcessor : Loading config: /Users/willrante/Documents/GitHub/pinball/config/config_coils.yaml
2026-03-26 19:01:46,143 : INFO : ConfigProcessor : Loading config: /Users/willrante/Documents/GitHub/pinball/config/config_switches.yaml
2026-03-26 19:01:46,143 : INFO : ConfigProcessor : Config file cache created: /var/folders/nw/6blj94p12ldcym3fj104vzlm0000gn/T/b334f8a4e2121184f8a617378a4d1625.mpf_cache
2026-03-26 19:01:46,155 : INFO : ConfigProcessor : Loading config from cache: /var/folders/nw/6blj94p12ldcym3fj104vzlm0000gn/T/63da12c4cec82227b4c3859bbf3c7cd4.mpf_cache
2026-03-26 19:01:46,155 : INFO : ConfigProcessor : Loading config from cache: /var/folders/nw/6blj94p12ldcym3fj104vzlm0000gn/T/b8625db2ee8ad38c42d4f1c72235edc8.mpf_cache
2026-03-26 19:01:46,155 : INFO : ConfigProcessor : Loading config from cache: /var/folders/nw/6blj94p12ldcym3fj104vzlm0000gn/T/63da12c4cec82227b4c3859bbf3c7cd4.mpf_cache
2026-03-26 19:01:46,155 : INFO : ConfigProcessor : Loading config from cache: /var/folders/nw/6blj94p12ldcym3fj104vzlm0000gn/T/104947b35f87d581877cdaf02599b463.mpf_cache
2026-03-26 19:01:46,155 : INFO : ConfigProcessor : Loading config from cache: /var/folders/nw/6blj94p12ldcym3fj104vzlm0000gn/T/bc830d47d6fbb336561cc63e74edf2c9.mpf_cache
2026-03-26 19:01:46,155 : INFO : Machine : Mission Pinball Framework Core Engine v0.80.0.dev13
2026-03-26 19:01:46,155 : INFO : Machine : Command line arguments: {'no_load_cache': False, 'create_config_cache': True, 'bcp': True, 'configfile': ['config.yaml'], 'force_assets_load': False, 'platform_integration_test': False, 'jsonlogging': False, 'logfile': 'logs/2026-03-26-19-01-46-mpf-Wills-MacBook-Pro-M5.local.log', 'pause': False, 'production': False, 'text_ui': False, 'loglevel': 15, 'consoleloglevel': 20, 'force_platform': 'virtual', 'syslog_address': None, 'full_logfile_path': '/Users/willrante/Documents/GitHub/pinball/logs/2026-03-26-19-01-46-mpf-Wills-MacBook-Pro-M5.local.log'}
2026-03-26 19:01:46,155 : INFO : Machine : MPF path: /Users/willrante/mpf-env/lib/python3.14/site-packages/mpf
2026-03-26 19:01:46,155 : INFO : Machine : Machine path: /Users/willrante/Documents/GitHub/pinball
2026-03-26 19:01:46,155 : INFO : Machine : Platform: darwin
2026-03-26 19:01:46,155 : INFO : Machine : Python executable location: /Users/willrante/mpf-env/bin/python3.14
2026-03-26 19:01:46,155 : INFO : Machine : Python version: 3.14.3 (64-bit)
2026-03-26 19:01:46,156 : INFO : Machine : Initializing MPF...
2026-03-26 19:01:46,170 : INFO : EventManager : Event: ======'machine_var_credits_string'====== Args={'value': 'FREE PLAY', 'prev_value': None, 'change': True}
2026-03-26 19:01:46,172 : INFO : EventManager : Event: ======'machine_var_master_volume'====== Args={'value': 0.5, 'prev_value': None, 'change': True}
2026-03-26 19:01:46,172 : INFO : EventManager : Event: ======'machine_var_mpf_version'====== Args={'value': 'Mission Pinball Framework v0.80.0.dev13', 'prev_value': None, 'change': True}
2026-03-26 19:01:46,172 : INFO : EventManager : Event: ======'machine_var_mpf_extended_version'====== Args={'value': 'Mission Pinball Framework v0.80.0.dev13, Config version:6, Show version: 6, BCP version:1.1', 'prev_value': None, 'change': True}
2026-03-26 19:01:46,174 : INFO : EventManager : Event: ======'machine_var_python_version'====== Args={'value': '3.14.3', 'prev_value': None, 'change': True}
2026-03-26 19:01:46,180 : INFO : EventManager : Event: ======'machine_var_platform'====== Args={'value': 'macOS-26.3.1-arm64-arm-64bit-Mach-O', 'prev_value': None, 'change': True}
2026-03-26 19:01:46,180 : INFO : EventManager : Event: ======'machine_var_platform_system'====== Args={'value': 'Darwin', 'prev_value': None, 'change': True}
2026-03-26 19:01:46,180 : INFO : EventManager : Event: ======'machine_var_platform_release'====== Args={'value': '25.3.0', 'prev_value': None, 'change': True}
2026-03-26 19:01:46,180 : INFO : EventManager : Event: ======'machine_var_platform_version'====== Args={'value': 'Darwin Kernel Version 25.3.0: Wed Jan 28 20:54:38 PST 2026; root:xnu-12377.91.3~2/RELEASE_ARM64_T6050', 'prev_value': None, 'change': True}
2026-03-26 19:01:46,180 : INFO : EventManager : Event: ======'machine_var_platform_machine'====== Args={'value': 'arm64', 'prev_value': None, 'change': True}
2026-03-26 19:01:46,180 : INFO : EventManager : Event: ======'machine_var_log_file_path'====== Args={'value': '/Users/willrante/Documents/GitHub/pinball/logs/2026-03-26-19-01-46-mpf-Wills-MacBook-Pro-M5.local.log', 'prev_value': None, 'change': True}
2026-03-26 19:01:46,180 : INFO : EventManager : Event: ======'init_phase_1'====== Args={}
2026-03-26 19:01:46,184 : INFO : EventManager : Event: ======'init_phase_2'====== Args={}
2026-03-26 19:01:46,184 : INFO : EventManager : Event: ======'bcp_connection_attempt'====== Args={'name': 'local_display', 'host': 'localhost', 'port': 5050}
2026-03-26 19:01:46,185 : INFO : BCPClientSocket : Connecting BCP to 'local_display' at localhost:5050...
2026-03-26 19:01:56,090 : INFO : BCPClientSocket : Connected BCP to 'local_display' localhost:5050
2026-03-26 19:01:56,090 : INFO : EventManager : Event: ======'bcp_clients_connected'====== Args={}
2026-03-26 19:01:56,091 : INFO : ball_device.bd_plunger : BCH: Initial count: 0
2026-03-26 19:01:56,091 : INFO : ball_device.bd_plunger : State: idle
2026-03-26 19:01:56,092 : INFO : ball_device.bd_trough : BCH: Initial count: 0
2026-03-26 19:01:56,092 : INFO : ball_device.bd_trough : State: idle
2026-03-26 19:01:56,096 : INFO : EventManager : Event: ======'init_phase_3'====== Args={}
2026-03-26 19:01:56,098 : INFO : EventManager : Event: ======'init_phase_4'====== Args={}
2026-03-26 19:01:56,098 : INFO : BallController : Initial balls found: 0
2026-03-26 19:01:56,099 : INFO : EventManager : Event: ======'machine_var_audits_switches_s_trough_3'====== Args={'value': 0, 'prev_value': None, 'change': True}
2026-03-26 19:01:56,099 : INFO : EventManager : Event: ======'machine_var_audits_switches_s_start'====== Args={'value': 0, 'prev_value': None, 'change': True}
2026-03-26 19:01:56,099 : INFO : EventManager : Event: ======'machine_var_audits_switches_s_bumper_left'====== Args={'value': 0, 'prev_value': None, 'change': True}
2026-03-26 19:01:56,099 : INFO : EventManager : Event: ======'machine_var_audits_switches_s_plunger_lane'====== Args={'value': 0, 'prev_value': None, 'change': True}
2026-03-26 19:01:56,099 : INFO : EventManager : Event: ======'machine_var_audits_switches_s_left_lane'====== Args={'value': 0, 'prev_value': None, 'change': True}
2026-03-26 19:01:56,099 : INFO : EventManager : Event: ======'machine_var_audits_switches_s_trough_1'====== Args={'value': 0, 'prev_value': None, 'change': True}
2026-03-26 19:01:56,099 : INFO : EventManager : Event: ======'machine_var_audits_switches_s_trough_2'====== Args={'value': 0, 'prev_value': None, 'change': True}
2026-03-26 19:01:56,099 : INFO : EventManager : Event: ======'machine_var_audits_switches_s_bumper_right'====== Args={'value': 0, 'prev_value': None, 'change': True}
2026-03-26 19:01:56,099 : INFO : EventManager : Event: ======'machine_var_audits_switches_s_flipper_left'====== Args={'value': 0, 'prev_value': None, 'change': True}
2026-03-26 19:01:56,099 : INFO : EventManager : Event: ======'machine_var_audits_switches_s_flipper_right'====== Args={'value': 0, 'prev_value': None, 'change': True}
2026-03-26 19:01:56,099 : INFO : EventManager : Event: ======'machine_var_audits_events_game_started'====== Args={'value': 0, 'prev_value': None, 'change': True}
2026-03-26 19:01:56,099 : INFO : EventManager : Event: ======'machine_var_audits_events_game_ended'====== Args={'value': 0, 'prev_value': None, 'change': True}
2026-03-26 19:01:56,099 : INFO : EventManager : Event: ======'machine_var_audits_player_score'====== Args={'value': {'top': [], 'average': 0, 'total': 0}, 'prev_value': None, 'change': True}
2026-03-26 19:01:56,100 : INFO : EventManager : Event: ======'init_phase_5'====== Args={}
2026-03-26 19:01:56,100 : INFO : EventManager : Event: ======'init_done'====== Args={}
2026-03-26 19:01:56,100 : INFO : EventManager : Event: ======'machine_reset_phase_1'====== Args={}
2026-03-26 19:01:56,106 : INFO : EventManager : Event: ======'machine_reset_phase_2'====== Args={}
2026-03-26 19:01:56,106 : INFO : EventManager : Event: ======'machine_reset_phase_3'====== Args={}
2026-03-26 19:01:56,106 : INFO : EventManager : Event: ======'reset_complete'====== Args={}
2026-03-26 19:01:56,106 : INFO : EventManager : Event: ======'mode_attract_will_start'====== Args={}
2026-03-26 19:01:56,106 : INFO : Timer.attract_carousel_timer : Starting Timer.
2026-03-26 19:01:56,107 : INFO : EventManager : Event: ======'timer_attract_carousel_timer_started'====== Args={'ticks': 0, 'ticks_remaining': 1}
2026-03-26 19:01:56,107 : INFO : EventManager : Event: ======'timer_attract_carousel_timer_tick'====== Args={'ticks': 0, 'ticks_remaining': 1}
2026-03-26 19:01:56,107 : INFO : EventManager : Event: ======'mode_attract_starting'====== Args={}
2026-03-26 19:01:56,107 : INFO : Mode.attract : Started. Priority: 10
2026-03-26 19:01:56,107 : INFO : EventManager : Event: ======'modes_active_modes_changed'====== Args={}
2026-03-26 19:01:56,107 : INFO : EventManager : Event: ======'mode_attract_started'====== Args={}
2026-03-26 19:01:56,108 : INFO : EventManager : Event: ======'collecting_balls_complete'====== Args={}
2026-03-26 19:01:56,108 : INFO : EventManager : Event: ======'carousel_item_highlighted'====== Args={'carousel': 'attract', 'direction': None, 'item': 'title'}
2026-03-26 19:01:56,109 : INFO : EventManager : Event: ======'timer_attract_carousel_timer_tick'====== Args={'ticks': 0, 'ticks_remaining': 1}
2026-03-26 19:01:56,109 : INFO : Machine : Starting the main run loop with active modes: [<Mode.attract>]
2026-03-26 19:01:56,158 : INFO : EventManager : Event: ======'slide_attract_created'====== Args={'_from_bcp': True}
2026-03-26 19:01:56,158 : INFO : EventManager : Event: ======'slide__removed'====== Args={'_from_bcp': True}
2026-03-26 19:01:56,159 : INFO : EventManager : Event: ======'slide_attract_active'====== Args={'original_context': 'attract', 'original_calling_context': 'mode_attract_started', 'priority': 10.0, 'cmd': 'slides_play', '_from_bcp': True}
2026-03-26 19:02:01,109 : INFO : Timer.attract_carousel_timer : Timer Complete
2026-03-26 19:02:01,109 : INFO : Timer.attract_carousel_timer : Stopping Timer
2026-03-26 19:02:01,109 : INFO : EventManager : Event: ======'timer_attract_carousel_timer_stopped'====== Args={'ticks': 1, 'ticks_remaining': 1}
2026-03-26 19:02:01,109 : INFO : EventManager : Event: ======'timer_attract_carousel_timer_complete'====== Args={'ticks': 1, 'ticks_remaining': 1}
2026-03-26 19:02:01,110 : INFO : EventManager : Event: ======'carousel_item_highlighted'====== Args={'carousel': 'attract', 'direction': 'forwards', 'item': 'credits'}
2026-03-26 19:02:01,110 : INFO : Timer.attract_carousel_timer : Starting Timer.
2026-03-26 19:02:01,110 : INFO : EventManager : Event: ======'timer_attract_carousel_timer_started'====== Args={'ticks': 0, 'ticks_remaining': 1}
2026-03-26 19:02:01,110 : INFO : EventManager : Event: ======'timer_attract_carousel_timer_tick'====== Args={'ticks': 0, 'ticks_remaining': 1}
2026-03-26 19:02:01,988 : INFO : SwitchController : <<<<<<< 's_start' active >>>>>>>
2026-03-26 19:02:02,137 : INFO : SwitchController : <<<<<<< 's_start' inactive >>>>>>>
2026-03-26 19:02:02,138 : INFO : EventManager : Event: ======'request_to_start_game'====== Args={}
2026-03-26 19:02:02,138 : INFO : BallController : Known balls: 0
2026-03-26 19:02:02,138 : INFO : BallController : bd_plunger contains 0 balls. Tags []
2026-03-26 19:02:02,138 : INFO : BallController : bd_trough contains 0 balls. Tags ['trough', 'home', 'drain']
2026-03-26 19:02:02,138 : INFO : BallController : playfield contains 0 balls. Tags ['default']
2026-03-26 19:02:02,139 : WARNING : BallController : BallController denies game start. Not enough balls. 0 found. 1 required
2026-03-26 19:02:02,139 : INFO : BallController : Triggering ball search.
2026-03-26 19:02:06,111 : INFO : Timer.attract_carousel_timer : Timer Complete
2026-03-26 19:02:06,111 : INFO : Timer.attract_carousel_timer : Stopping Timer
2026-03-26 19:02:06,111 : INFO : EventManager : Event: ======'timer_attract_carousel_timer_stopped'====== Args={'ticks': 1, 'ticks_remaining': 1}
2026-03-26 19:02:06,111 : INFO : EventManager : Event: ======'timer_attract_carousel_timer_complete'====== Args={'ticks': 1, 'ticks_remaining': 1}
2026-03-26 19:02:06,111 : INFO : EventManager : Event: ======'carousel_item_highlighted'====== Args={'carousel': 'attract', 'direction': 'forwards', 'item': 'mpf_logo'}
2026-03-26 19:02:06,112 : INFO : Timer.attract_carousel_timer : Starting Timer.
2026-03-26 19:02:06,112 : INFO : EventManager : Event: ======'timer_attract_carousel_timer_started'====== Args={'ticks': 0, 'ticks_remaining': 1}
2026-03-26 19:02:06,112 : INFO : EventManager : Event: ======'timer_attract_carousel_timer_tick'====== Args={'ticks': 0, 'ticks_remaining': 1}
2026-03-26 19:02:06,204 : INFO : SwitchController : <<<<<<< 's_start' active >>>>>>>
2026-03-26 19:02:06,288 : INFO : SwitchController : <<<<<<< 's_start' inactive >>>>>>>
2026-03-26 19:02:06,288 : INFO : EventManager : Event: ======'request_to_start_game'====== Args={}
2026-03-26 19:02:06,288 : INFO : BallController : Known balls: 0
2026-03-26 19:02:06,288 : INFO : BallController : bd_plunger contains 0 balls. Tags []
2026-03-26 19:02:06,288 : INFO : BallController : bd_trough contains 0 balls. Tags ['trough', 'home', 'drain']
2026-03-26 19:02:06,289 : INFO : BallController : playfield contains 0 balls. Tags ['default']
2026-03-26 19:02:06,289 : WARNING : BallController : BallController denies game start. Not enough balls. 0 found. 1 required
2026-03-26 19:02:06,289 : INFO : BallController : Triggering ball search.
2026-03-26 19:02:11,113 : INFO : Timer.attract_carousel_timer : Timer Complete
2026-03-26 19:02:11,113 : INFO : Timer.attract_carousel_timer : Stopping Timer
2026-03-26 19:02:11,113 : INFO : EventManager : Event: ======'timer_attract_carousel_timer_stopped'====== Args={'ticks': 1, 'ticks_remaining': 1}
2026-03-26 19:02:11,113 : INFO : EventManager : Event: ======'timer_attract_carousel_timer_complete'====== Args={'ticks': 1, 'ticks_remaining': 1}
2026-03-26 19:02:11,114 : INFO : EventManager : Event: ======'carousel_item_highlighted'====== Args={'carousel': 'attract', 'direction': 'forwards', 'item': 'title'}
2026-03-26 19:02:11,114 : INFO : Timer.attract_carousel_timer : Starting Timer.
2026-03-26 19:02:11,114 : INFO : EventManager : Event: ======'timer_attract_carousel_timer_started'====== Args={'ticks': 0, 'ticks_remaining': 1}
2026-03-26 19:02:11,114 : INFO : EventManager : Event: ======'timer_attract_carousel_timer_tick'====== Args={'ticks': 0, 'ticks_remaining': 1}
2026-03-26 19:02:11,255 : INFO : Machine : Shutting down...
2026-03-26 19:02:11,256 : INFO : EventManager : Event: ======'shutdown'====== Args={}
2026-03-26 19:02:11,257 : INFO : root : MPF run loop ended.
