2026-04-20 15:57:22,110 : INFO : root : Loading config.
2026-04-20 15:57:22,158 : INFO : ConfigProcessor : Config spec file cache created: /var/folders/nw/6blj94p12ldcym3fj104vzlm0000gn/T/config_spec.mpf_cache
2026-04-20 15:57:22,158 : INFO : YamlMultifileConfigLoader : Machine config file #1: config.yaml
2026-04-20 15:57:22,158 : INFO : ConfigProcessor : Loading config from cache: /var/folders/nw/6blj94p12ldcym3fj104vzlm0000gn/T/b334f8a4e2121184f8a617378a4d1625.mpf_cache
2026-04-20 15:57:22,183 : INFO : ConfigProcessor : Loading config from cache: /var/folders/nw/6blj94p12ldcym3fj104vzlm0000gn/T/63da12c4cec82227b4c3859bbf3c7cd4.mpf_cache
2026-04-20 15:57:22,183 : INFO : ConfigProcessor : Loading config from cache: /var/folders/nw/6blj94p12ldcym3fj104vzlm0000gn/T/b8625db2ee8ad38c42d4f1c72235edc8.mpf_cache
2026-04-20 15:57:22,183 : INFO : ConfigProcessor : Loading config from cache: /var/folders/nw/6blj94p12ldcym3fj104vzlm0000gn/T/63da12c4cec82227b4c3859bbf3c7cd4.mpf_cache
2026-04-20 15:57:22,184 : INFO : ConfigProcessor : Loading config from cache: /var/folders/nw/6blj94p12ldcym3fj104vzlm0000gn/T/cfdfcb64dba57a34ef9374db95e57645.mpf_cache
2026-04-20 15:57:22,184 : INFO : ConfigProcessor : Loading config from cache: /var/folders/nw/6blj94p12ldcym3fj104vzlm0000gn/T/104947b35f87d581877cdaf02599b463.mpf_cache
2026-04-20 15:57:22,184 : INFO : ConfigProcessor : Loading config from cache: /var/folders/nw/6blj94p12ldcym3fj104vzlm0000gn/T/bc830d47d6fbb336561cc63e74edf2c9.mpf_cache
2026-04-20 15:57:22,184 : INFO : ConfigProcessor : Loading config from cache: /var/folders/nw/6blj94p12ldcym3fj104vzlm0000gn/T/4273c698423283a7843ff5c77ef69dc9.mpf_cache
2026-04-20 15:57:22,184 : INFO : ConfigProcessor : Loading config from cache: /var/folders/nw/6blj94p12ldcym3fj104vzlm0000gn/T/7424f2cce7b15e0b37e570d3514590c8.mpf_cache
2026-04-20 15:57:22,184 : INFO : Machine : Mission Pinball Framework Core Engine v0.80.0.dev13
2026-04-20 15:57:22,184 : INFO : Machine : Command line arguments: {'no_load_cache': False, 'create_config_cache': True, 'bcp': True, 'configfile': ['config.yaml'], 'force_assets_load': False, 'platform_integration_test': False, 'jsonlogging': False, 'logfile': 'logs/2026-04-20-15-57-22-mpf-Wills-MacBook-Pro-M5.local.log', 'pause': False, 'production': False, 'text_ui': False, 'loglevel': 15, 'consoleloglevel': 20, 'force_platform': 'virtual', 'syslog_address': None, 'full_logfile_path': '/Users/willrante/Documents/GitHub/pinball/logs/2026-04-20-15-57-22-mpf-Wills-MacBook-Pro-M5.local.log'}
2026-04-20 15:57:22,184 : INFO : Machine : MPF path: /Users/willrante/mpf-env/lib/python3.14/site-packages/mpf
2026-04-20 15:57:22,184 : INFO : Machine : Machine path: /Users/willrante/Documents/GitHub/pinball
2026-04-20 15:57:22,184 : INFO : Machine : Platform: darwin
2026-04-20 15:57:22,184 : INFO : Machine : Python executable location: /Users/willrante/mpf-env/bin/python3.14
2026-04-20 15:57:22,184 : INFO : Machine : Python version: 3.14.3 (64-bit)
2026-04-20 15:57:22,185 : INFO : Machine : Initializing MPF...
2026-04-20 15:57:22,211 : INFO : EventManager : Event: ======'machine_var_credits_string'====== Args={'value': 'FREE PLAY', 'prev_value': None, 'change': True}
2026-04-20 15:57:22,216 : INFO : EventManager : Event: ======'machine_var_master_volume'====== Args={'value': 0.5, 'prev_value': None, 'change': True}
2026-04-20 15:57:22,216 : INFO : EventManager : Event: ======'machine_var_mpf_version'====== Args={'value': 'Mission Pinball Framework v0.80.0.dev13', 'prev_value': None, 'change': True}
2026-04-20 15:57:22,216 : INFO : EventManager : Event: ======'machine_var_mpf_extended_version'====== Args={'value': 'Mission Pinball Framework v0.80.0.dev13, Config version:6, Show version: 6, BCP version:1.1', 'prev_value': None, 'change': True}
2026-04-20 15:57:22,216 : INFO : EventManager : Event: ======'machine_var_python_version'====== Args={'value': '3.14.3', 'prev_value': None, 'change': True}
2026-04-20 15:57:22,223 : INFO : EventManager : Event: ======'machine_var_platform'====== Args={'value': 'macOS-26.4.1-arm64-arm-64bit-Mach-O', 'prev_value': None, 'change': True}
2026-04-20 15:57:22,223 : INFO : EventManager : Event: ======'machine_var_platform_system'====== Args={'value': 'Darwin', 'prev_value': None, 'change': True}
2026-04-20 15:57:22,223 : INFO : EventManager : Event: ======'machine_var_platform_release'====== Args={'value': '25.4.0', 'prev_value': None, 'change': True}
2026-04-20 15:57:22,223 : INFO : EventManager : Event: ======'machine_var_platform_version'====== Args={'value': 'Darwin Kernel Version 25.4.0: Thu Mar 19 19:33:50 PDT 2026; root:xnu-12377.101.15~1/RELEASE_ARM64_T6050', 'prev_value': None, 'change': True}
2026-04-20 15:57:22,223 : INFO : EventManager : Event: ======'machine_var_platform_machine'====== Args={'value': 'arm64', 'prev_value': None, 'change': True}
2026-04-20 15:57:22,223 : INFO : EventManager : Event: ======'machine_var_log_file_path'====== Args={'value': '/Users/willrante/Documents/GitHub/pinball/logs/2026-04-20-15-57-22-mpf-Wills-MacBook-Pro-M5.local.log', 'prev_value': None, 'change': True}
2026-04-20 15:57:22,223 : INFO : EventManager : Event: ======'init_phase_1'====== Args={}
2026-04-20 15:57:22,231 : INFO : EventManager : Event: ======'init_phase_2'====== Args={}
2026-04-20 15:57:22,232 : INFO : SwitchController : Found active switch: (1007, <Platform.Virtual>) <switch.s_trough_1>
2026-04-20 15:57:22,232 : INFO : SwitchController : Found active switch: (1008, <Platform.Virtual>) <switch.s_trough_2>
2026-04-20 15:57:22,232 : INFO : SwitchController : Found active switch: (1009, <Platform.Virtual>) <switch.s_trough_3>
2026-04-20 15:57:22,232 : INFO : EventManager : Event: ======'bcp_connection_attempt'====== Args={'name': 'local_display', 'host': 'localhost', 'port': 5050}
2026-04-20 15:57:22,233 : INFO : BCPClientSocket : Connecting BCP to 'local_display' at localhost:5050...
2026-04-20 15:57:22,235 : INFO : BCPClientSocket : Connected BCP to 'local_display' localhost:5050
2026-04-20 15:57:22,236 : INFO : EventManager : Event: ======'bcp_clients_connected'====== Args={}
2026-04-20 15:57:22,236 : INFO : ball_device.bd_plunger : BCH: Initial count: 0
2026-04-20 15:57:22,236 : INFO : ball_device.bd_plunger : State: idle
2026-04-20 15:57:22,236 : INFO : ball_device.bd_trough : BCH: Initial count: 3
2026-04-20 15:57:22,236 : INFO : ball_device.bd_trough : State: idle
2026-04-20 15:57:22,239 : INFO : EventManager : Event: ======'init_phase_3'====== Args={}
2026-04-20 15:57:22,240 : INFO : EventManager : Event: ======'init_phase_4'====== Args={}
2026-04-20 15:57:22,240 : INFO : BallController : Initial balls found: 3
2026-04-20 15:57:22,240 : INFO : EventManager : Event: ======'machine_var_audits_events_game_ended'====== Args={'value': 0, 'prev_value': None, 'change': True}
2026-04-20 15:57:22,240 : INFO : EventManager : Event: ======'machine_var_audits_events_game_started'====== Args={'value': 38, 'prev_value': None, 'change': True}
2026-04-20 15:57:22,240 : INFO : EventManager : Event: ======'machine_var_audits_missing_switches_s_bumper_left'====== Args={'value': 4, 'prev_value': None, 'change': True}
2026-04-20 15:57:22,240 : INFO : EventManager : Event: ======'machine_var_audits_missing_switches_s_bumper_right'====== Args={'value': 4, 'prev_value': None, 'change': True}
2026-04-20 15:57:22,240 : INFO : EventManager : Event: ======'machine_var_audits_missing_switches_s_plunger_lane'====== Args={'value': 38, 'prev_value': None, 'change': True}
2026-04-20 15:57:22,240 : INFO : EventManager : Event: ======'machine_var_audits_missing_switches_s_start'====== Args={'value': 3, 'prev_value': None, 'change': True}
2026-04-20 15:57:22,240 : INFO : EventManager : Event: ======'machine_var_audits_missing_switches_s_trough_1'====== Args={'value': 38, 'prev_value': None, 'change': True}
2026-04-20 15:57:22,240 : INFO : EventManager : Event: ======'machine_var_audits_missing_switches_s_trough_2'====== Args={'value': 38, 'prev_value': None, 'change': True}
2026-04-20 15:57:22,240 : INFO : EventManager : Event: ======'machine_var_audits_missing_switches_s_trough_3'====== Args={'value': 38, 'prev_value': None, 'change': True}
2026-04-20 15:57:22,240 : INFO : EventManager : Event: ======'machine_var_audits_player_score'====== Args={'value': {'average': 0, 'top': [], 'total': 0}, 'prev_value': None, 'change': True}
2026-04-20 15:57:22,240 : INFO : EventManager : Event: ======'machine_var_audits_shots_bumper_left'====== Args={'value': 182, 'prev_value': None, 'change': True}
2026-04-20 15:57:22,240 : INFO : EventManager : Event: ======'machine_var_audits_shots_bumper_right'====== Args={'value': 184, 'prev_value': None, 'change': True}
2026-04-20 15:57:22,240 : INFO : EventManager : Event: ======'machine_var_audits_shots_hurryup'====== Args={'value': 3, 'prev_value': None, 'change': True}
2026-04-20 15:57:22,240 : INFO : EventManager : Event: ======'machine_var_audits_shots_left_lane'====== Args={'value': 49, 'prev_value': None, 'change': True}
2026-04-20 15:57:22,240 : INFO : EventManager : Event: ======'machine_var_audits_switches_s_action_button'====== Args={'value': 454, 'prev_value': None, 'change': True}
2026-04-20 15:57:22,240 : INFO : EventManager : Event: ======'machine_var_audits_switches_s_bumper_left'====== Args={'value': 182, 'prev_value': None, 'change': True}
2026-04-20 15:57:22,240 : INFO : EventManager : Event: ======'machine_var_audits_switches_s_bumper_right'====== Args={'value': 184, 'prev_value': None, 'change': True}
2026-04-20 15:57:22,240 : INFO : EventManager : Event: ======'machine_var_audits_switches_s_flipper_left'====== Args={'value': 502, 'prev_value': None, 'change': True}
2026-04-20 15:57:22,240 : INFO : EventManager : Event: ======'machine_var_audits_switches_s_flipper_right'====== Args={'value': 567, 'prev_value': None, 'change': True}
2026-04-20 15:57:22,240 : INFO : EventManager : Event: ======'machine_var_audits_switches_s_left_lane'====== Args={'value': 49, 'prev_value': None, 'change': True}
2026-04-20 15:57:22,240 : INFO : EventManager : Event: ======'machine_var_audits_switches_s_plunger_lane'====== Args={'value': 0, 'prev_value': None, 'change': True}
2026-04-20 15:57:22,240 : INFO : EventManager : Event: ======'machine_var_audits_switches_s_start'====== Args={'value': 8, 'prev_value': None, 'change': True}
2026-04-20 15:57:22,240 : INFO : EventManager : Event: ======'machine_var_audits_switches_s_trough_1'====== Args={'value': 0, 'prev_value': None, 'change': True}
2026-04-20 15:57:22,240 : INFO : EventManager : Event: ======'machine_var_audits_switches_s_trough_2'====== Args={'value': 0, 'prev_value': None, 'change': True}
2026-04-20 15:57:22,240 : INFO : EventManager : Event: ======'machine_var_audits_switches_s_trough_3'====== Args={'value': 0, 'prev_value': None, 'change': True}
2026-04-20 15:57:22,241 : INFO : EventManager : Event: ======'init_phase_5'====== Args={}
2026-04-20 15:57:22,241 : INFO : EventManager : Event: ======'init_done'====== Args={}
2026-04-20 15:57:22,241 : INFO : EventManager : Event: ======'machine_reset_phase_1'====== Args={}
2026-04-20 15:57:22,243 : INFO : EventManager : Event: ======'machine_reset_phase_2'====== Args={}
2026-04-20 15:57:22,243 : INFO : EventManager : Event: ======'machine_reset_phase_3'====== Args={}
2026-04-20 15:57:22,243 : INFO : EventManager : Event: ======'reset_complete'====== Args={}
2026-04-20 15:57:22,243 : INFO : EventManager : Event: ======'mode_attract_will_start'====== Args={}
2026-04-20 15:57:22,243 : INFO : Timer.attract_carousel_timer : Starting Timer.
2026-04-20 15:57:22,243 : INFO : EventManager : Event: ======'timer_attract_carousel_timer_started'====== Args={'ticks': 0, 'ticks_remaining': 1}
2026-04-20 15:57:22,243 : INFO : EventManager : Event: ======'timer_attract_carousel_timer_tick'====== Args={'ticks': 0, 'ticks_remaining': 1}
2026-04-20 15:57:22,243 : INFO : EventManager : Event: ======'mode_attract_starting'====== Args={}
2026-04-20 15:57:22,243 : INFO : Mode.attract : Started. Priority: 10
2026-04-20 15:57:22,243 : INFO : EventManager : Event: ======'modes_active_modes_changed'====== Args={}
2026-04-20 15:57:22,243 : INFO : EventManager : Event: ======'mode_attract_started'====== Args={}
2026-04-20 15:57:22,244 : INFO : EventManager : Event: ======'collecting_balls_complete'====== Args={}
2026-04-20 15:57:22,244 : INFO : EventManager : Event: ======'carousel_item_highlighted'====== Args={'carousel': 'attract', 'direction': None, 'item': 'title'}
2026-04-20 15:57:22,244 : INFO : EventManager : Event: ======'timer_attract_carousel_timer_tick'====== Args={'ticks': 0, 'ticks_remaining': 1}
2026-04-20 15:57:22,244 : INFO : Machine : Starting the main run loop with active modes: [<Mode.attract>]
2026-04-20 15:57:22,307 : INFO : EventManager : Event: ======'slide_attract_created'====== Args={'_from_bcp': True}
2026-04-20 15:57:22,307 : INFO : EventManager : Event: ======'slide__removed'====== Args={'_from_bcp': True}
2026-04-20 15:57:22,307 : INFO : EventManager : Event: ======'slide_attract_active'====== Args={'original_context': 'attract', 'original_calling_context': 'mode_attract_started', 'priority': 10.0, 'cmd': 'slides_play', '_from_bcp': True}
2026-04-20 15:57:24,060 : INFO : SwitchController : <<<<<<< 's_start' active >>>>>>>
2026-04-20 15:57:24,144 : INFO : SwitchController : <<<<<<< 's_start' inactive >>>>>>>
2026-04-20 15:57:24,144 : INFO : EventManager : Event: ======'request_to_start_game'====== Args={}
2026-04-20 15:57:24,144 : INFO : EventManager : Event: ======'game_start'====== Args={'buttons': [], 'hold_time': 0.08380862500052899}
2026-04-20 15:57:24,144 : INFO : EventManager : Event: ======'mode_game_will_start'====== Args={'buttons': [], 'hold_time': 0.08380862500052899}
2026-04-20 15:57:24,145 : INFO : EventManager : Event: ======'mode_game_starting'====== Args={'buttons': [], 'hold_time': 0.08380862500052899}
2026-04-20 15:57:24,145 : INFO : EventManager : Event: ======'mode_attract_will_stop'====== Args={}
2026-04-20 15:57:24,145 : INFO : EventManager : Event: ======'mode_attract_stopping'====== Args={}
2026-04-20 15:57:24,145 : INFO : Mode.attract : Stopped.
2026-04-20 15:57:24,145 : INFO : EventManager : Event: ======'modes_active_modes_changed'====== Args={}
2026-04-20 15:57:24,146 : INFO : EventManager : Event: ======'mode_attract_stopped'====== Args={}
2026-04-20 15:57:24,146 : INFO : EventManager : Event: ======'clear'====== Args={'key': 'attract'}
2026-04-20 15:57:24,146 : INFO : Timer.attract_carousel_timer : Stopping Timer
2026-04-20 15:57:24,147 : INFO : EventManager : Event: ======'timer_attract_carousel_timer_stopped'====== Args={'ticks': 0, 'ticks_remaining': 1}
2026-04-20 15:57:24,147 : INFO : Mode.game : Started. Priority: 20
2026-04-20 15:57:24,147 : INFO : EventManager : Event: ======'modes_active_modes_changed'====== Args={}
2026-04-20 15:57:24,147 : INFO : EventManager : Event: ======'mode_game_started'====== Args={'buttons': [], 'hold_time': 0.08380862500052899}
2026-04-20 15:57:24,148 : INFO : EventManager : Event: ======'game_will_start'====== Args={}
2026-04-20 15:57:24,148 : INFO : EventManager : Event: ======'game_starting'====== Args={'game': <Mode.game>}
2026-04-20 15:57:24,148 : INFO : EventManager : Unordered handler for class <Auditor> on event game_ended with priority 1. Handlers: [RegisteredHandler(callback=<bound method Auditor.disable of <Auditor>>, priority=1, kwargs={}, key=UUID('5a4b5ad0-ade3-4c49-a595-6647388f4d41'), condition=None, blocking_facility=None), RegisteredHandler(callback=<bound method Auditor._save_audits of <Auditor>>, priority=1, kwargs={}, key=UUID('f9e7ff1f-337b-4859-975f-aad2ac9547d6'), condition=None, blocking_facility=None)]. The order of those handlers is not defined and they will be executed in random order. This might lead to race conditions and potential bugs.
2026-04-20 15:57:24,149 : INFO : EventManager : Event: ======'player_add_request'====== Args={}
2026-04-20 15:57:24,149 : INFO : EventManager : Event: ======'player_will_add'====== Args={'number': 1}
2026-04-20 15:57:24,149 : INFO : EventManager : Event: ======'player_adding'====== Args={'player': <Player 1>, 'number': 1}
2026-04-20 15:57:24,149 : INFO : EventManager : Event: ======'player_added'====== Args={'player': <Player 1>, 'num': 1}
2026-04-20 15:57:24,149 : INFO : Mode.game : Player added successfully. Total players: 1
2026-04-20 15:57:24,149 : INFO : EventManager : Event: ======'player_index'====== Args={'value': 0, 'prev_value': 0, 'change': 0, 'player_num': 1}
2026-04-20 15:57:24,149 : INFO : EventManager : Event: ======'player_number'====== Args={'value': 1, 'prev_value': 1, 'change': 0, 'player_num': 1}
2026-04-20 15:57:24,149 : INFO : EventManager : Event: ======'player_score'====== Args={'value': 0, 'prev_value': 0, 'change': 0, 'player_num': 1}
2026-04-20 15:57:24,150 : INFO : EventManager : Event: ======'game_started'====== Args={}
2026-04-20 15:57:24,150 : INFO : EventManager : Event: ======'player_turn_will_start'====== Args={'player': <Player 1>, 'number': 1}
2026-04-20 15:57:24,150 : INFO : EventManager : Event: ======'player_turn_starting'====== Args={'player': <Player 1>, 'number': 1}
2026-04-20 15:57:24,150 : INFO : EventManager : Event: ======'player_ball'====== Args={'value': 1, 'prev_value': 0, 'change': 1, 'player_num': 1}
2026-04-20 15:57:24,154 : INFO : EventManager : Event: ======'player_turn_started'====== Args={'player': <Player 1>, 'number': 1}
2026-04-20 15:57:24,154 : INFO : EventManager : Event: ======'ball_will_start'====== Args={'player': 1, 'ball': 1, 'balls_remaining': 2, 'is_extra_ball': False}
2026-04-20 15:57:24,154 : INFO : EventManager : Event: ======'ball_starting'====== Args={'player': 1, 'ball': 1, 'balls_remaining': 2, 'is_extra_ball': False}
2026-04-20 15:57:24,155 : INFO : EventManager : Event: ======'mode_song_select_will_start'====== Args={'queue': <QueuedEvent>, 'player': 1, 'ball': 1, 'balls_remaining': 2, 'is_extra_ball': False}
2026-04-20 15:57:24,155 : INFO : EventManager : Event: ======'mode_song_select_starting'====== Args={'queue': <QueuedEvent>, 'player': 1, 'ball': 1, 'balls_remaining': 2, 'is_extra_ball': False}
2026-04-20 15:57:24,155 : INFO : EventManager : Event: ======'mode_base_will_start'====== Args={'queue': <QueuedEvent>, 'player': 1, 'ball': 1, 'balls_remaining': 2, 'is_extra_ball': False}
2026-04-20 15:57:24,155 : INFO : EventManager : Event: ======'player_shot_left_lane_enabled'====== Args={'value': True, 'prev_value': 0, 'change': 1, 'player_num': 1}
2026-04-20 15:57:24,156 : INFO : EventManager : Event: ======'mode_base_starting'====== Args={'queue': <QueuedEvent>, 'player': 1, 'ball': 1, 'balls_remaining': 2, 'is_extra_ball': False}
2026-04-20 15:57:24,156 : INFO : Mode.base : Started. Priority: 100
2026-04-20 15:57:24,156 : INFO : EventManager : Event: ======'modes_active_modes_changed'====== Args={}
2026-04-20 15:57:24,156 : INFO : EventManager : Event: ======'mode_base_started'====== Args={'queue': <QueuedEvent>, 'player': 1, 'ball': 1, 'balls_remaining': 2, 'is_extra_ball': False}
2026-04-20 15:57:24,157 : INFO : EventManager : Event: ======'start_mode_bumpers'====== Args={'priority': 0}
2026-04-20 15:57:24,157 : INFO : EventManager : Event: ======'mode_bumpers_will_start'====== Args={'priority': 0}
2026-04-20 15:57:24,157 : INFO : EventManager : Event: ======'player_shot_bumper_left_enabled'====== Args={'value': True, 'prev_value': 0, 'change': 1, 'player_num': 1}
2026-04-20 15:57:24,158 : INFO : EventManager : Event: ======'player_shot_bumper_right_enabled'====== Args={'value': True, 'prev_value': 0, 'change': 1, 'player_num': 1}
2026-04-20 15:57:24,158 : INFO : EventManager : Event: ======'bumpers_complete'====== Args={'state': 'unlit'}
2026-04-20 15:57:24,158 : INFO : EventManager : Event: ======'bumpers_unlit_complete'====== Args={}
2026-04-20 15:57:24,158 : INFO : EventManager : Event: ======'mode_bumpers_starting'====== Args={'priority': 0}
2026-04-20 15:57:24,159 : INFO : Mode.bumpers : Started. Priority: 200
2026-04-20 15:57:24,159 : INFO : EventManager : Event: ======'modes_active_modes_changed'====== Args={}
2026-04-20 15:57:24,159 : INFO : EventManager : Event: ======'mode_bumpers_started'====== Args={'priority': 0}
2026-04-20 15:57:24,159 : INFO : Mode.song_select : Started. Priority: 1500
2026-04-20 15:57:24,159 : INFO : EventManager : Event: ======'modes_active_modes_changed'====== Args={}
2026-04-20 15:57:24,159 : INFO : EventManager : Event: ======'mode_song_select_started'====== Args={'queue': <QueuedEvent>, 'player': 1, 'ball': 1, 'balls_remaining': 2, 'is_extra_ball': False}
2026-04-20 15:57:24,184 : INFO : EventManager : Event: ======'song_select_updated'====== Args={'stage': 'genre', 'genres': ['?', 'Alternative', 'Brit Invasion', 'Disco', 'Doo Wop', 'Folk', 'Folk Rock', 'Funk', 'Glitter:Glam', 'Grunge', 'Hard Rock', 'Heavy Metal', 'Hip Hop', 'New Wave', 'Pop Rock', 'Prog Rock', 'Psychedelic', 'Punk (70s)', 'Punk (80s)', 'R+B', 'Rap', 'Rock-a-Billy', 'Soul', 'Southern Rock'], 'genre': 'Pick a song!', 'song_title': '', 'genre_index': 1, 'genre_count': 25, 'selected_genre_index': -1, 'song_index': 0, 'song_count': 0, 'songs_text': '', 'has_audio': True, 'random_selected': True}
2026-04-20 15:57:24,184 : INFO : EventManager : Event: ======'balls_in_play'====== Args={'balls': 1}
2026-04-20 15:57:24,184 : INFO : EventManager : Event: ======'ball_started'====== Args={'player': 1, 'ball': 1, 'balls_remaining': 2, 'is_extra_ball': False}
2026-04-20 15:57:24,185 : INFO : EventManager : Event: ======'single_player_ball_started'====== Args={}
2026-04-20 15:57:24,185 : INFO : EventManager : Event: ======'ball_start_target'====== Args={'target': 'playfield'}
2026-04-20 15:57:24,185 : INFO : ball_device.bd_trough : Setting up player-controlled eject. Balls: 1, Target: <playfield.playfield>, player_controlled_eject_event: None
2026-04-20 15:57:24,185 : INFO : ball_device.bd_trough : Adding 1 ball(s) to the eject_queue with target <playfield.playfield>.
2026-04-20 15:57:24,185 : INFO : EventManager : Event: ======'balldevice_balls_available'====== Args={}
2026-04-20 15:57:24,186 : INFO : ball_device.bd_trough : State: waiting_for_target_ready
2026-04-20 15:57:24,186 : INFO : EventManager : Event: ======'balldevice_bd_trough_ball_eject_attempt'====== Args={'balls': 1, 'target': <ball_device.bd_plunger>, 'source': <ball_device.bd_trough>, 'mechanical_eject': False, 'num_attempts': 0}
2026-04-20 15:57:24,186 : INFO : ball_device.bd_plunger : State: waiting_for_ball
2026-04-20 15:57:24,186 : INFO : ball_device.bd_trough : State: ejecting
2026-04-20 15:57:24,186 : INFO : ball_device.bd_trough : Ejecting ball to <ball_device.bd_plunger>
2026-04-20 15:57:24,186 : INFO : EventManager : Event: ======'balldevice_bd_trough_ejecting_ball'====== Args={'balls': 1, 'target': <ball_device.bd_plunger>, 'source': <ball_device.bd_trough>, 'mechanical_eject': False, 'num_attempts': 0}
2026-04-20 15:57:24,186 : INFO : ball_device.bd_trough : Wait for ball to leave device
2026-04-20 15:57:24,186 : INFO : coil.c_trough_eject : Pulsing Driver for 10ms (1.0 pulse_power)
2026-04-20 15:57:24,199 : INFO : EventManager : Event: ======'slide_base_slide_created'====== Args={'_from_bcp': True}
2026-04-20 15:57:24,199 : INFO : EventManager : Event: ======'slide_attract_inactive'====== Args={'is_removing': True, '_from_bcp': True}
2026-04-20 15:57:24,199 : INFO : EventManager : Event: ======'slide_base_slide_active'====== Args={'original_context': 'base', 'original_calling_context': 'mode_base_started', 'priority': 100.0, 'queue': '<QueuedEvent>', 'player': 1.0, 'ball': 1.0, 'balls_remaining': 2.0, 'is_extra_ball': False, 'cmd': 'slides_play', '_from_bcp': True}
2026-04-20 15:57:24,199 : INFO : EventManager : Event: ======'slide_attract_removed'====== Args={'_from_bcp': True}
2026-04-20 15:57:24,215 : INFO : EventManager : Event: ======'slide_song_select_created'====== Args={'_from_bcp': True}
2026-04-20 15:57:24,215 : INFO : EventManager : Event: ======'slide_base_slide_inactive'====== Args={'is_removing': False, '_from_bcp': True}
2026-04-20 15:57:24,216 : INFO : EventManager : Event: ======'slide_song_select_active'====== Args={'original_context': 'song_select', 'original_calling_context': 'mode_song_select_started', 'priority': 1500.0, 'queue': '<QueuedEvent>', 'player': 1.0, 'ball': 1.0, 'balls_remaining': 2.0, 'is_extra_ball': False, 'cmd': 'slides_play', '_from_bcp': True}
2026-04-20 15:57:26,510 : INFO : SwitchController : <<<<<<< 's_flipper_right' active >>>>>>>
2026-04-20 15:57:26,510 : INFO : EventManager : Event: ======'song_select_updated'====== Args={'stage': 'genre', 'genres': ['?', 'Alternative', 'Brit Invasion', 'Disco', 'Doo Wop', 'Folk', 'Folk Rock', 'Funk', 'Glitter:Glam', 'Grunge', 'Hard Rock', 'Heavy Metal', 'Hip Hop', 'New Wave', 'Pop Rock', 'Prog Rock', 'Psychedelic', 'Punk (70s)', 'Punk (80s)', 'R+B', 'Rap', 'Rock-a-Billy', 'Soul', 'Southern Rock'], 'genre': '?', 'song_title': 'CAN - Vitamin C', 'genre_index': 2, 'genre_count': 25, 'selected_genre_index': 0, 'song_index': 1, 'song_count': 5, 'songs_text': '> CAN - Vitamin C\n  Captain Beefheart - Muffin Man\n  Captain Beefheart - Too Much Time\n  Frank Zappa - Willie the Pimp\n  Frank Zappa, Captain Beefheart, the Mothers - Her Eyes Are A Blue Million Miles', 'has_audio': True, 'random_selected': False}
2026-04-20 15:57:26,510 : INFO : EventManager : Event: ======'machine_var_audits_switches_s_flipper_right'====== Args={'value': 568, 'prev_value': 567, 'change': 1}
2026-04-20 15:57:26,609 : INFO : SwitchController : <<<<<<< 's_flipper_right' inactive >>>>>>>
2026-04-20 15:57:27,176 : INFO : SwitchController : <<<<<<< 's_flipper_left' active >>>>>>>
2026-04-20 15:57:27,177 : INFO : EventManager : Event: ======'song_select_updated'====== Args={'stage': 'genre', 'genres': ['?', 'Alternative', 'Brit Invasion', 'Disco', 'Doo Wop', 'Folk', 'Folk Rock', 'Funk', 'Glitter:Glam', 'Grunge', 'Hard Rock', 'Heavy Metal', 'Hip Hop', 'New Wave', 'Pop Rock', 'Prog Rock', 'Psychedelic', 'Punk (70s)', 'Punk (80s)', 'R+B', 'Rap', 'Rock-a-Billy', 'Soul', 'Southern Rock'], 'genre': 'Pick a song!', 'song_title': '', 'genre_index': 1, 'genre_count': 25, 'selected_genre_index': -1, 'song_index': 0, 'song_count': 0, 'songs_text': '', 'has_audio': True, 'random_selected': True}
2026-04-20 15:57:27,177 : INFO : EventManager : Event: ======'machine_var_audits_switches_s_flipper_left'====== Args={'value': 503, 'prev_value': 502, 'change': 1}
2026-04-20 15:57:27,292 : INFO : SwitchController : <<<<<<< 's_flipper_left' inactive >>>>>>>
2026-04-20 15:57:28,109 : INFO : SwitchController : <<<<<<< 's_flipper_left' active >>>>>>>
2026-04-20 15:57:28,109 : INFO : EventManager : Event: ======'song_select_updated'====== Args={'stage': 'genre', 'genres': ['?', 'Alternative', 'Brit Invasion', 'Disco', 'Doo Wop', 'Folk', 'Folk Rock', 'Funk', 'Glitter:Glam', 'Grunge', 'Hard Rock', 'Heavy Metal', 'Hip Hop', 'New Wave', 'Pop Rock', 'Prog Rock', 'Psychedelic', 'Punk (70s)', 'Punk (80s)', 'R+B', 'Rap', 'Rock-a-Billy', 'Soul', 'Southern Rock'], 'genre': 'Southern Rock', 'song_title': 'Black Oak Arkansas - Hot And Nasty', 'genre_index': 25, 'genre_count': 25, 'selected_genre_index': 23, 'song_index': 1, 'song_count': 7, 'songs_text': "> Black Oak Arkansas - Hot And Nasty\n  Little Feat - Dixie Chicken\n  Lynyrd Skynyrd - Sweet Home Alabama\n  Molly Hatchet - Flirtin' with Disaster\n  The Allman Brothers Band - Ramblin' Man\n  The Ozark Mountain Daredevils - Jackie Blue\n  ZZ Top - La Grange", 'has_audio': True, 'random_selected': False}
2026-04-20 15:57:28,109 : INFO : EventManager : Event: ======'machine_var_audits_switches_s_flipper_left'====== Args={'value': 504, 'prev_value': 503, 'change': 1}
2026-04-20 15:57:28,228 : INFO : SwitchController : <<<<<<< 's_flipper_left' inactive >>>>>>>
2026-04-20 15:57:28,642 : INFO : SwitchController : <<<<<<< 's_flipper_right' active >>>>>>>
2026-04-20 15:57:28,642 : INFO : EventManager : Event: ======'song_select_updated'====== Args={'stage': 'genre', 'genres': ['?', 'Alternative', 'Brit Invasion', 'Disco', 'Doo Wop', 'Folk', 'Folk Rock', 'Funk', 'Glitter:Glam', 'Grunge', 'Hard Rock', 'Heavy Metal', 'Hip Hop', 'New Wave', 'Pop Rock', 'Prog Rock', 'Psychedelic', 'Punk (70s)', 'Punk (80s)', 'R+B', 'Rap', 'Rock-a-Billy', 'Soul', 'Southern Rock'], 'genre': 'Pick a song!', 'song_title': '', 'genre_index': 1, 'genre_count': 25, 'selected_genre_index': -1, 'song_index': 0, 'song_count': 0, 'songs_text': '', 'has_audio': True, 'random_selected': True}
2026-04-20 15:57:28,643 : INFO : EventManager : Event: ======'machine_var_audits_switches_s_flipper_right'====== Args={'value': 569, 'prev_value': 568, 'change': 1}
2026-04-20 15:57:28,794 : INFO : SwitchController : <<<<<<< 's_flipper_right' inactive >>>>>>>
2026-04-20 15:57:29,075 : INFO : SwitchController : <<<<<<< 's_flipper_right' active >>>>>>>
2026-04-20 15:57:29,076 : INFO : EventManager : Event: ======'song_select_updated'====== Args={'stage': 'genre', 'genres': ['?', 'Alternative', 'Brit Invasion', 'Disco', 'Doo Wop', 'Folk', 'Folk Rock', 'Funk', 'Glitter:Glam', 'Grunge', 'Hard Rock', 'Heavy Metal', 'Hip Hop', 'New Wave', 'Pop Rock', 'Prog Rock', 'Psychedelic', 'Punk (70s)', 'Punk (80s)', 'R+B', 'Rap', 'Rock-a-Billy', 'Soul', 'Southern Rock'], 'genre': '?', 'song_title': 'CAN - Vitamin C', 'genre_index': 2, 'genre_count': 25, 'selected_genre_index': 0, 'song_index': 1, 'song_count': 5, 'songs_text': '> CAN - Vitamin C\n  Captain Beefheart - Muffin Man\n  Captain Beefheart - Too Much Time\n  Frank Zappa - Willie the Pimp\n  Frank Zappa, Captain Beefheart, the Mothers - Her Eyes Are A Blue Million Miles', 'has_audio': True, 'random_selected': False}
2026-04-20 15:57:29,076 : INFO : EventManager : Event: ======'machine_var_audits_switches_s_flipper_right'====== Args={'value': 570, 'prev_value': 569, 'change': 1}
2026-04-20 15:57:29,225 : INFO : SwitchController : <<<<<<< 's_flipper_right' inactive >>>>>>>
2026-04-20 15:57:29,992 : INFO : SwitchController : <<<<<<< 's_flipper_right' active >>>>>>>
2026-04-20 15:57:29,993 : INFO : EventManager : Event: ======'song_select_updated'====== Args={'stage': 'genre', 'genres': ['?', 'Alternative', 'Brit Invasion', 'Disco', 'Doo Wop', 'Folk', 'Folk Rock', 'Funk', 'Glitter:Glam', 'Grunge', 'Hard Rock', 'Heavy Metal', 'Hip Hop', 'New Wave', 'Pop Rock', 'Prog Rock', 'Psychedelic', 'Punk (70s)', 'Punk (80s)', 'R+B', 'Rap', 'Rock-a-Billy', 'Soul', 'Southern Rock'], 'genre': 'Alternative', 'song_title': 'Green Day - Basket Case', 'genre_index': 3, 'genre_count': 25, 'selected_genre_index': 1, 'song_index': 1, 'song_count': 7, 'songs_text': '> Green Day - Basket Case\n  Radiohead - Creep\n  Red Hot Chili Peppers - Give It Away\n  The Black Keys - Set You Free\n  The Strokes - Last Nite\n  The Walkmen - The Rat\n  The White Stripes - Fell In Love With a Girl', 'has_audio': True, 'random_selected': False}
2026-04-20 15:57:29,993 : INFO : EventManager : Event: ======'machine_var_audits_switches_s_flipper_right'====== Args={'value': 571, 'prev_value': 570, 'change': 1}
2026-04-20 15:57:30,108 : INFO : SwitchController : <<<<<<< 's_flipper_right' inactive >>>>>>>
2026-04-20 15:57:30,259 : INFO : SwitchController : <<<<<<< 's_flipper_right' active >>>>>>>
2026-04-20 15:57:30,259 : INFO : EventManager : Event: ======'song_select_updated'====== Args={'stage': 'genre', 'genres': ['?', 'Alternative', 'Brit Invasion', 'Disco', 'Doo Wop', 'Folk', 'Folk Rock', 'Funk', 'Glitter:Glam', 'Grunge', 'Hard Rock', 'Heavy Metal', 'Hip Hop', 'New Wave', 'Pop Rock', 'Prog Rock', 'Psychedelic', 'Punk (70s)', 'Punk (80s)', 'R+B', 'Rap', 'Rock-a-Billy', 'Soul', 'Southern Rock'], 'genre': 'Brit Invasion', 'song_title': 'Cream - Sunshine Of Your Love', 'genre_index': 4, 'genre_count': 25, 'selected_genre_index': 2, 'song_index': 1, 'song_count': 6, 'songs_text': "> Cream - Sunshine Of Your Love\n  The Animals Don't Let Me Be Misunderstood\n  The Beatles - I Want To Hold Your Hand\n  The Kinks- You Really Got Me\n  The Rolling Stones - Start Me Up\n  The Yardbirds - For Your Love", 'has_audio': True, 'random_selected': False}
2026-04-20 15:57:30,259 : INFO : EventManager : Event: ======'machine_var_audits_switches_s_flipper_right'====== Args={'value': 572, 'prev_value': 571, 'change': 1}
2026-04-20 15:57:30,342 : INFO : SwitchController : <<<<<<< 's_flipper_right' inactive >>>>>>>
2026-04-20 15:57:30,659 : INFO : SwitchController : <<<<<<< 's_flipper_right' active >>>>>>>
2026-04-20 15:57:30,659 : INFO : EventManager : Event: ======'song_select_updated'====== Args={'stage': 'genre', 'genres': ['?', 'Alternative', 'Brit Invasion', 'Disco', 'Doo Wop', 'Folk', 'Folk Rock', 'Funk', 'Glitter:Glam', 'Grunge', 'Hard Rock', 'Heavy Metal', 'Hip Hop', 'New Wave', 'Pop Rock', 'Prog Rock', 'Psychedelic', 'Punk (70s)', 'Punk (80s)', 'R+B', 'Rap', 'Rock-a-Billy', 'Soul', 'Southern Rock'], 'genre': 'Disco', 'song_title': "Bee Gees - Stayin' Alive", 'genre_index': 5, 'genre_count': 25, 'selected_genre_index': 3, 'song_index': 1, 'song_count': 4, 'songs_text': "> Bee Gees - Stayin' Alive\n  Donna Summer - Bad Girls\n  KC and the Sunshine Band - That's the Way (I Like It)\n  Village People - Macho Man", 'has_audio': True, 'random_selected': False}
2026-04-20 15:57:30,660 : INFO : EventManager : Event: ======'machine_var_audits_switches_s_flipper_right'====== Args={'value': 573, 'prev_value': 572, 'change': 1}
2026-04-20 15:57:30,761 : INFO : SwitchController : <<<<<<< 's_flipper_right' inactive >>>>>>>
2026-04-20 15:57:30,875 : INFO : SwitchController : <<<<<<< 's_flipper_right' active >>>>>>>
2026-04-20 15:57:30,876 : INFO : EventManager : Event: ======'song_select_updated'====== Args={'stage': 'genre', 'genres': ['?', 'Alternative', 'Brit Invasion', 'Disco', 'Doo Wop', 'Folk', 'Folk Rock', 'Funk', 'Glitter:Glam', 'Grunge', 'Hard Rock', 'Heavy Metal', 'Hip Hop', 'New Wave', 'Pop Rock', 'Prog Rock', 'Psychedelic', 'Punk (70s)', 'Punk (80s)', 'R+B', 'Rap', 'Rock-a-Billy', 'Soul', 'Southern Rock'], 'genre': 'Doo Wop', 'song_title': 'The Coasters - Yakety Yak', 'genre_index': 6, 'genre_count': 25, 'selected_genre_index': 4, 'song_index': 1, 'song_count': 4, 'songs_text': '> The Coasters - Yakety Yak\n  The Drifters - Save the Last Dance for Me\n  The Platters - Only You\n  The Temptations - My Girl', 'has_audio': True, 'random_selected': False}
2026-04-20 15:57:30,876 : INFO : EventManager : Event: ======'machine_var_audits_switches_s_flipper_right'====== Args={'value': 574, 'prev_value': 573, 'change': 1}
2026-04-20 15:57:30,979 : INFO : SwitchController : <<<<<<< 's_flipper_right' inactive >>>>>>>
2026-04-20 15:57:31,077 : INFO : SwitchController : <<<<<<< 's_flipper_right' active >>>>>>>
2026-04-20 15:57:31,077 : INFO : EventManager : Event: ======'song_select_updated'====== Args={'stage': 'genre', 'genres': ['?', 'Alternative', 'Brit Invasion', 'Disco', 'Doo Wop', 'Folk', 'Folk Rock', 'Funk', 'Glitter:Glam', 'Grunge', 'Hard Rock', 'Heavy Metal', 'Hip Hop', 'New Wave', 'Pop Rock', 'Prog Rock', 'Psychedelic', 'Punk (70s)', 'Punk (80s)', 'R+B', 'Rap', 'Rock-a-Billy', 'Soul', 'Southern Rock'], 'genre': 'Folk', 'song_title': "Bob Dylan - The Times They Are A-Changin'", 'genre_index': 7, 'genre_count': 25, 'selected_genre_index': 5, 'song_index': 1, 'song_count': 4, 'songs_text': "> Bob Dylan - The Times They Are A-Changin'\n  Joan Baez - Silver Dagger\n  Peter, Paul and Mary - Puff, the Magic Dragon\n  The Kingston Trio - Where Have All the Flowers Gone", 'has_audio': True, 'random_selected': False}
2026-04-20 15:57:31,078 : INFO : EventManager : Event: ======'machine_var_audits_switches_s_flipper_right'====== Args={'value': 575, 'prev_value': 574, 'change': 1}
2026-04-20 15:57:31,175 : INFO : SwitchController : <<<<<<< 's_flipper_right' inactive >>>>>>>
2026-04-20 15:57:31,276 : INFO : SwitchController : <<<<<<< 's_flipper_left' active >>>>>>>
2026-04-20 15:57:31,276 : INFO : EventManager : Event: ======'song_select_updated'====== Args={'stage': 'genre', 'genres': ['?', 'Alternative', 'Brit Invasion', 'Disco', 'Doo Wop', 'Folk', 'Folk Rock', 'Funk', 'Glitter:Glam', 'Grunge', 'Hard Rock', 'Heavy Metal', 'Hip Hop', 'New Wave', 'Pop Rock', 'Prog Rock', 'Psychedelic', 'Punk (70s)', 'Punk (80s)', 'R+B', 'Rap', 'Rock-a-Billy', 'Soul', 'Southern Rock'], 'genre': 'Doo Wop', 'song_title': 'The Coasters - Yakety Yak', 'genre_index': 6, 'genre_count': 25, 'selected_genre_index': 4, 'song_index': 1, 'song_count': 4, 'songs_text': '> The Coasters - Yakety Yak\n  The Drifters - Save the Last Dance for Me\n  The Platters - Only You\n  The Temptations - My Girl', 'has_audio': True, 'random_selected': False}
2026-04-20 15:57:31,276 : INFO : EventManager : Event: ======'machine_var_audits_switches_s_flipper_left'====== Args={'value': 505, 'prev_value': 504, 'change': 1}
2026-04-20 15:57:31,377 : INFO : SwitchController : <<<<<<< 's_flipper_left' inactive >>>>>>>
2026-04-20 15:57:31,459 : INFO : SwitchController : <<<<<<< 's_flipper_left' active >>>>>>>
2026-04-20 15:57:31,459 : INFO : EventManager : Event: ======'song_select_updated'====== Args={'stage': 'genre', 'genres': ['?', 'Alternative', 'Brit Invasion', 'Disco', 'Doo Wop', 'Folk', 'Folk Rock', 'Funk', 'Glitter:Glam', 'Grunge', 'Hard Rock', 'Heavy Metal', 'Hip Hop', 'New Wave', 'Pop Rock', 'Prog Rock', 'Psychedelic', 'Punk (70s)', 'Punk (80s)', 'R+B', 'Rap', 'Rock-a-Billy', 'Soul', 'Southern Rock'], 'genre': 'Disco', 'song_title': "Bee Gees - Stayin' Alive", 'genre_index': 5, 'genre_count': 25, 'selected_genre_index': 3, 'song_index': 1, 'song_count': 4, 'songs_text': "> Bee Gees - Stayin' Alive\n  Donna Summer - Bad Girls\n  KC and the Sunshine Band - That's the Way (I Like It)\n  Village People - Macho Man", 'has_audio': True, 'random_selected': False}
2026-04-20 15:57:31,459 : INFO : EventManager : Event: ======'machine_var_audits_switches_s_flipper_left'====== Args={'value': 506, 'prev_value': 505, 'change': 1}
2026-04-20 15:57:31,542 : INFO : SwitchController : <<<<<<< 's_flipper_left' inactive >>>>>>>
2026-04-20 15:57:31,628 : INFO : SwitchController : <<<<<<< 's_flipper_left' active >>>>>>>
2026-04-20 15:57:31,628 : INFO : EventManager : Event: ======'song_select_updated'====== Args={'stage': 'genre', 'genres': ['?', 'Alternative', 'Brit Invasion', 'Disco', 'Doo Wop', 'Folk', 'Folk Rock', 'Funk', 'Glitter:Glam', 'Grunge', 'Hard Rock', 'Heavy Metal', 'Hip Hop', 'New Wave', 'Pop Rock', 'Prog Rock', 'Psychedelic', 'Punk (70s)', 'Punk (80s)', 'R+B', 'Rap', 'Rock-a-Billy', 'Soul', 'Southern Rock'], 'genre': 'Brit Invasion', 'song_title': 'Cream - Sunshine Of Your Love', 'genre_index': 4, 'genre_count': 25, 'selected_genre_index': 2, 'song_index': 1, 'song_count': 6, 'songs_text': "> Cream - Sunshine Of Your Love\n  The Animals Don't Let Me Be Misunderstood\n  The Beatles - I Want To Hold Your Hand\n  The Kinks- You Really Got Me\n  The Rolling Stones - Start Me Up\n  The Yardbirds - For Your Love", 'has_audio': True, 'random_selected': False}
2026-04-20 15:57:31,628 : INFO : EventManager : Event: ======'machine_var_audits_switches_s_flipper_left'====== Args={'value': 507, 'prev_value': 506, 'change': 1}
2026-04-20 15:57:31,709 : INFO : SwitchController : <<<<<<< 's_flipper_left' inactive >>>>>>>
2026-04-20 15:57:31,775 : INFO : SwitchController : <<<<<<< 's_flipper_left' active >>>>>>>
2026-04-20 15:57:31,775 : INFO : EventManager : Event: ======'song_select_updated'====== Args={'stage': 'genre', 'genres': ['?', 'Alternative', 'Brit Invasion', 'Disco', 'Doo Wop', 'Folk', 'Folk Rock', 'Funk', 'Glitter:Glam', 'Grunge', 'Hard Rock', 'Heavy Metal', 'Hip Hop', 'New Wave', 'Pop Rock', 'Prog Rock', 'Psychedelic', 'Punk (70s)', 'Punk (80s)', 'R+B', 'Rap', 'Rock-a-Billy', 'Soul', 'Southern Rock'], 'genre': 'Alternative', 'song_title': 'Green Day - Basket Case', 'genre_index': 3, 'genre_count': 25, 'selected_genre_index': 1, 'song_index': 1, 'song_count': 7, 'songs_text': '> Green Day - Basket Case\n  Radiohead - Creep\n  Red Hot Chili Peppers - Give It Away\n  The Black Keys - Set You Free\n  The Strokes - Last Nite\n  The Walkmen - The Rat\n  The White Stripes - Fell In Love With a Girl', 'has_audio': True, 'random_selected': False}
2026-04-20 15:57:31,775 : INFO : EventManager : Event: ======'machine_var_audits_switches_s_flipper_left'====== Args={'value': 508, 'prev_value': 507, 'change': 1}
2026-04-20 15:57:31,909 : INFO : SwitchController : <<<<<<< 's_flipper_left' inactive >>>>>>>
2026-04-20 15:57:31,960 : INFO : SwitchController : <<<<<<< 's_flipper_left' active >>>>>>>
2026-04-20 15:57:31,960 : INFO : EventManager : Event: ======'song_select_updated'====== Args={'stage': 'genre', 'genres': ['?', 'Alternative', 'Brit Invasion', 'Disco', 'Doo Wop', 'Folk', 'Folk Rock', 'Funk', 'Glitter:Glam', 'Grunge', 'Hard Rock', 'Heavy Metal', 'Hip Hop', 'New Wave', 'Pop Rock', 'Prog Rock', 'Psychedelic', 'Punk (70s)', 'Punk (80s)', 'R+B', 'Rap', 'Rock-a-Billy', 'Soul', 'Southern Rock'], 'genre': '?', 'song_title': 'CAN - Vitamin C', 'genre_index': 2, 'genre_count': 25, 'selected_genre_index': 0, 'song_index': 1, 'song_count': 5, 'songs_text': '> CAN - Vitamin C\n  Captain Beefheart - Muffin Man\n  Captain Beefheart - Too Much Time\n  Frank Zappa - Willie the Pimp\n  Frank Zappa, Captain Beefheart, the Mothers - Her Eyes Are A Blue Million Miles', 'has_audio': True, 'random_selected': False}
2026-04-20 15:57:31,961 : INFO : EventManager : Event: ======'machine_var_audits_switches_s_flipper_left'====== Args={'value': 509, 'prev_value': 508, 'change': 1}
2026-04-20 15:57:32,077 : INFO : SwitchController : <<<<<<< 's_flipper_left' inactive >>>>>>>
2026-04-20 15:57:32,394 : INFO : SwitchController : <<<<<<< 's_flipper_left' active >>>>>>>
2026-04-20 15:57:32,394 : INFO : EventManager : Event: ======'song_select_updated'====== Args={'stage': 'genre', 'genres': ['?', 'Alternative', 'Brit Invasion', 'Disco', 'Doo Wop', 'Folk', 'Folk Rock', 'Funk', 'Glitter:Glam', 'Grunge', 'Hard Rock', 'Heavy Metal', 'Hip Hop', 'New Wave', 'Pop Rock', 'Prog Rock', 'Psychedelic', 'Punk (70s)', 'Punk (80s)', 'R+B', 'Rap', 'Rock-a-Billy', 'Soul', 'Southern Rock'], 'genre': 'Pick a song!', 'song_title': '', 'genre_index': 1, 'genre_count': 25, 'selected_genre_index': -1, 'song_index': 0, 'song_count': 0, 'songs_text': '', 'has_audio': True, 'random_selected': True}
2026-04-20 15:57:32,394 : INFO : EventManager : Event: ======'machine_var_audits_switches_s_flipper_left'====== Args={'value': 510, 'prev_value': 509, 'change': 1}
2026-04-20 15:57:32,543 : INFO : SwitchController : <<<<<<< 's_flipper_left' inactive >>>>>>>
2026-04-20 15:57:34,188 : INFO : EventManager : Event: ======'balldevice_bd_trough_ball_eject_failed'====== Args={'target': <ball_device.bd_plunger>, 'balls': 1, 'retry': True, 'num_attempts': 1}
2026-04-20 15:57:34,188 : INFO : ball_device.bd_trough : State: waiting_for_target_ready
2026-04-20 15:57:34,189 : INFO : EventManager : Event: ======'balldevice_bd_trough_ball_eject_attempt'====== Args={'balls': 1, 'target': <ball_device.bd_plunger>, 'source': <ball_device.bd_trough>, 'mechanical_eject': False, 'num_attempts': 1}
2026-04-20 15:57:34,189 : INFO : ball_device.bd_trough : State: ejecting
2026-04-20 15:57:34,189 : INFO : ball_device.bd_trough : Ejecting ball to <ball_device.bd_plunger>
2026-04-20 15:57:34,189 : INFO : EventManager : Event: ======'balldevice_bd_trough_ejecting_ball'====== Args={'balls': 1, 'target': <ball_device.bd_plunger>, 'source': <ball_device.bd_trough>, 'mechanical_eject': False, 'num_attempts': 1}
2026-04-20 15:57:34,190 : INFO : ball_device.bd_trough : Wait for ball to leave device
2026-04-20 15:57:34,190 : INFO : coil.c_trough_eject : Pulsing Driver for 10ms (1.0 pulse_power)
2026-04-20 15:57:34,309 : INFO : SwitchController : <<<<<<< 's_action_button' active >>>>>>>
2026-04-20 15:57:34,309 : INFO : EventManager : Event: ======'player_selected_song_genre'====== Args={'value': 'Pop Rock', 'prev_value': 0, 'change': True, 'player_num': 1}
2026-04-20 15:57:34,309 : INFO : EventManager : Event: ======'player_selected_song_title'====== Args={'value': 'Fleetwood Mac - Dreams', 'prev_value': 0, 'change': True, 'player_num': 1}
2026-04-20 15:57:34,310 : INFO : EventManager : Event: ======'player_selected_song_key'====== Args={'value': 'Fleetwood Mac - Dreams', 'prev_value': 0, 'change': True, 'player_num': 1}
2026-04-20 15:57:34,310 : INFO : EventManager : Event: ======'player_selected_song_path'====== Args={'value': 'res://sounds/music/Genres/Pop Rock/Fleetwood Mac - Dreams.mp3', 'prev_value': 0, 'change': True, 'player_num': 1}
2026-04-20 15:57:34,310 : INFO : EventManager : Event: ======'player_selected_song_bus'====== Args={'value': 'music', 'prev_value': 0, 'change': True, 'player_num': 1}
2026-04-20 15:57:34,310 : INFO : EventManager : Event: ======'player_selected_song_start_at'====== Args={'value': 0.0, 'prev_value': 0, 'change': 0.0, 'player_num': 1}
2026-04-20 15:57:34,311 : INFO : EventManager : Event: ======'player_selected_song_resume_at'====== Args={'value': 0.0, 'prev_value': 0, 'change': 0.0, 'player_num': 1}
2026-04-20 15:57:34,311 : INFO : EventManager : Event: ======'song_select_confirmed'====== Args={'genre': 'Pop Rock', 'song_title': 'Fleetwood Mac - Dreams', 'sound_key': 'Fleetwood Mac - Dreams', 'audio_path': 'res://sounds/music/Genres/Pop Rock/Fleetwood Mac - Dreams.mp3', 'has_audio': True, 'song_bus': 'music', 'song_start_at': 0.0}
2026-04-20 15:57:34,311 : INFO : EventManager : Event: ======'machine_var_audits_switches_s_action_button'====== Args={'value': 455, 'prev_value': 454, 'change': 1}
2026-04-20 15:57:34,409 : INFO : SwitchController : <<<<<<< 's_action_button' inactive >>>>>>>
2026-04-20 15:57:34,562 : INFO : EventManager : Event: ======'song_select_complete'====== Args={}
2026-04-20 15:57:34,562 : INFO : EventManager : Event: ======'mode_song_select_will_stop'====== Args={}
2026-04-20 15:57:34,562 : INFO : EventManager : Event: ======'mode_song_select_stopping'====== Args={}
2026-04-20 15:57:34,562 : INFO : Mode.song_select : Stopped.
2026-04-20 15:57:34,562 : INFO : EventManager : Event: ======'modes_active_modes_changed'====== Args={}
2026-04-20 15:57:34,563 : INFO : EventManager : Event: ======'mode_song_select_stopped'====== Args={}
2026-04-20 15:57:34,563 : INFO : EventManager : Event: ======'clear'====== Args={'key': 'song_select'}
2026-04-20 15:57:34,609 : INFO : EventManager : Event: ======'slide_song_select_inactive'====== Args={'is_removing': True, '_from_bcp': True}
2026-04-20 15:57:34,610 : INFO : EventManager : Event: ======'slide_base_slide_active'====== Args={'_from_bcp': True}
2026-04-20 15:57:34,610 : INFO : EventManager : Event: ======'slide_song_select_removed'====== Args={'_from_bcp': True}
2026-04-20 15:57:44,191 : INFO : EventManager : Event: ======'balldevice_bd_trough_ball_eject_failed'====== Args={'target': <ball_device.bd_plunger>, 'balls': 1, 'retry': True, 'num_attempts': 2}
2026-04-20 15:57:44,193 : INFO : ball_device.bd_trough : State: waiting_for_target_ready
2026-04-20 15:57:44,193 : INFO : EventManager : Event: ======'balldevice_bd_trough_ball_eject_attempt'====== Args={'balls': 1, 'target': <ball_device.bd_plunger>, 'source': <ball_device.bd_trough>, 'mechanical_eject': False, 'num_attempts': 2}
2026-04-20 15:57:44,193 : INFO : ball_device.bd_trough : State: ejecting
2026-04-20 15:57:44,193 : INFO : ball_device.bd_trough : Ejecting ball to <ball_device.bd_plunger>
2026-04-20 15:57:44,193 : INFO : EventManager : Event: ======'balldevice_bd_trough_ejecting_ball'====== Args={'balls': 1, 'target': <ball_device.bd_plunger>, 'source': <ball_device.bd_trough>, 'mechanical_eject': False, 'num_attempts': 2}
2026-04-20 15:57:44,194 : INFO : ball_device.bd_trough : Wait for ball to leave device
2026-04-20 15:57:44,194 : INFO : coil.c_trough_eject : Pulsing Driver for 10ms (1.0 pulse_power)
2026-04-20 15:57:54,195 : INFO : EventManager : Event: ======'balldevice_bd_trough_ball_eject_failed'====== Args={'target': <ball_device.bd_plunger>, 'balls': 1, 'retry': True, 'num_attempts': 3}
2026-04-20 15:57:54,196 : INFO : ball_device.bd_trough : State: waiting_for_target_ready
2026-04-20 15:57:54,196 : INFO : EventManager : Event: ======'balldevice_bd_trough_ball_eject_attempt'====== Args={'balls': 1, 'target': <ball_device.bd_plunger>, 'source': <ball_device.bd_trough>, 'mechanical_eject': False, 'num_attempts': 3}
2026-04-20 15:57:54,196 : INFO : ball_device.bd_trough : State: ejecting
2026-04-20 15:57:54,196 : INFO : ball_device.bd_trough : Ejecting ball to <ball_device.bd_plunger>
2026-04-20 15:57:54,196 : INFO : EventManager : Event: ======'balldevice_bd_trough_ejecting_ball'====== Args={'balls': 1, 'target': <ball_device.bd_plunger>, 'source': <ball_device.bd_trough>, 'mechanical_eject': False, 'num_attempts': 3}
2026-04-20 15:57:54,197 : INFO : ball_device.bd_trough : Wait for ball to leave device
2026-04-20 15:57:54,197 : INFO : coil.c_trough_eject : Pulsing Driver for 10ms (1.0 pulse_power)
2026-04-20 15:58:04,198 : INFO : EventManager : Event: ======'balldevice_bd_trough_ball_eject_failed'====== Args={'target': <ball_device.bd_plunger>, 'balls': 1, 'retry': True, 'num_attempts': 4}
2026-04-20 15:58:04,199 : INFO : ball_device.bd_trough : State: waiting_for_target_ready
2026-04-20 15:58:04,199 : INFO : EventManager : Event: ======'balldevice_bd_trough_ball_eject_attempt'====== Args={'balls': 1, 'target': <ball_device.bd_plunger>, 'source': <ball_device.bd_trough>, 'mechanical_eject': False, 'num_attempts': 4}
2026-04-20 15:58:04,199 : INFO : ball_device.bd_trough : State: ejecting
2026-04-20 15:58:04,199 : INFO : ball_device.bd_trough : Ejecting ball to <ball_device.bd_plunger>
2026-04-20 15:58:04,200 : INFO : EventManager : Event: ======'balldevice_bd_trough_ejecting_ball'====== Args={'balls': 1, 'target': <ball_device.bd_plunger>, 'source': <ball_device.bd_trough>, 'mechanical_eject': False, 'num_attempts': 4}
2026-04-20 15:58:04,200 : INFO : ball_device.bd_trough : Wait for ball to leave device
2026-04-20 15:58:04,200 : INFO : coil.c_trough_eject : Pulsing Driver for 10ms (1.0 pulse_power)
2026-04-20 15:58:10,793 : INFO : Machine : Shutting down...
2026-04-20 15:58:10,794 : INFO : EventManager : Event: ======'shutdown'====== Args={}
2026-04-20 15:58:10,794 : INFO : EventManager : Event: ======'mode_game_will_stop'====== Args={}
2026-04-20 15:58:10,794 : INFO : EventManager : Event: ======'mode_game_stopping'====== Args={}
2026-04-20 15:58:10,795 : INFO : EventManager : Event: ======'mode_base_will_stop'====== Args={}
2026-04-20 15:58:10,795 : INFO : EventManager : Event: ======'mode_base_stopping'====== Args={}
2026-04-20 15:58:10,795 : INFO : EventManager : Event: ======'mode_bumpers_will_stop'====== Args={}
2026-04-20 15:58:10,795 : INFO : EventManager : Event: ======'mode_bumpers_stopping'====== Args={}
2026-04-20 15:58:10,795 : INFO : EventManager : Event: ======'stop_mode_bumpers'====== Args={'priority': 0}
2026-04-20 15:58:10,795 : INFO : Mode.bumpers : Stopped.
2026-04-20 15:58:10,795 : INFO : EventManager : Event: ======'modes_active_modes_changed'====== Args={}
2026-04-20 15:58:10,795 : INFO : EventManager : Event: ======'mode_bumpers_stopped'====== Args={}
2026-04-20 15:58:10,795 : INFO : EventManager : Event: ======'clear'====== Args={'key': 'bumpers'}
2026-04-20 15:58:10,796 : INFO : Mode.base : Stopped.
2026-04-20 15:58:10,796 : INFO : EventManager : Event: ======'modes_active_modes_changed'====== Args={}
2026-04-20 15:58:10,796 : INFO : EventManager : Event: ======'mode_base_stopped'====== Args={}
2026-04-20 15:58:10,796 : INFO : EventManager : Event: ======'clear'====== Args={'key': 'base'}
2026-04-20 15:58:10,797 : INFO : Mode.game : Stopped.
2026-04-20 15:58:10,797 : INFO : EventManager : Event: ======'modes_active_modes_changed'====== Args={}
2026-04-20 15:58:10,797 : INFO : EventManager : Event: ======'mode_game_stopped'====== Args={}
2026-04-20 15:58:10,797 : INFO : EventManager : Event: ======'clear'====== Args={'key': 'game'}
2026-04-20 15:58:10,798 : INFO : root : MPF run loop ended.
