2026-04-20 19:45:14,531 : INFO : root : Loading config.
2026-04-20 19:45:14,579 : INFO : ConfigProcessor : Config spec file cache created: /var/folders/nw/6blj94p12ldcym3fj104vzlm0000gn/T/config_spec.mpf_cache
2026-04-20 19:45:14,579 : INFO : YamlMultifileConfigLoader : Machine config file #1: config.yaml
2026-04-20 19:45:14,580 : INFO : ConfigProcessor : Loading config from cache: /var/folders/nw/6blj94p12ldcym3fj104vzlm0000gn/T/b334f8a4e2121184f8a617378a4d1625.mpf_cache
2026-04-20 19:45:14,591 : INFO : ConfigProcessor : Loading config from cache: /var/folders/nw/6blj94p12ldcym3fj104vzlm0000gn/T/63da12c4cec82227b4c3859bbf3c7cd4.mpf_cache
2026-04-20 19:45:14,591 : INFO : ConfigProcessor : Loading config from cache: /var/folders/nw/6blj94p12ldcym3fj104vzlm0000gn/T/b8625db2ee8ad38c42d4f1c72235edc8.mpf_cache
2026-04-20 19:45:14,591 : INFO : ConfigProcessor : Loading config from cache: /var/folders/nw/6blj94p12ldcym3fj104vzlm0000gn/T/63da12c4cec82227b4c3859bbf3c7cd4.mpf_cache
2026-04-20 19:45:14,592 : WARNING : ConfigProcessor : Config file in cache changed: /Users/willrante/Documents/GitHub/pinball/modes/song_select/config/song_select.yaml
2026-04-20 19:45:14,592 : INFO : ConfigProcessor : Loading config from file /Users/willrante/Documents/GitHub/pinball/modes/song_select/config/song_select.yaml.
2026-04-20 19:45:14,592 : INFO : ConfigProcessor : Loading config: /Users/willrante/Documents/GitHub/pinball/modes/song_select/config/song_select.yaml
2026-04-20 19:45:14,593 : INFO : ConfigProcessor : Config file cache created: /var/folders/nw/6blj94p12ldcym3fj104vzlm0000gn/T/cfdfcb64dba57a34ef9374db95e57645.mpf_cache
2026-04-20 19:45:14,593 : INFO : ConfigProcessor : Loading config from cache: /var/folders/nw/6blj94p12ldcym3fj104vzlm0000gn/T/104947b35f87d581877cdaf02599b463.mpf_cache
2026-04-20 19:45:14,593 : INFO : ConfigProcessor : Loading config from cache: /var/folders/nw/6blj94p12ldcym3fj104vzlm0000gn/T/bc830d47d6fbb336561cc63e74edf2c9.mpf_cache
2026-04-20 19:45:14,593 : INFO : ConfigProcessor : Loading config from cache: /var/folders/nw/6blj94p12ldcym3fj104vzlm0000gn/T/4273c698423283a7843ff5c77ef69dc9.mpf_cache
2026-04-20 19:45:14,593 : INFO : ConfigProcessor : Loading config from cache: /var/folders/nw/6blj94p12ldcym3fj104vzlm0000gn/T/7424f2cce7b15e0b37e570d3514590c8.mpf_cache
2026-04-20 19:45:14,593 : INFO : Machine : Mission Pinball Framework Core Engine v0.80.0.dev13
2026-04-20 19:45:14,593 : INFO : Machine : Command line arguments: {'no_load_cache': False, 'create_config_cache': True, 'bcp': True, 'configfile': ['config.yaml'], 'force_assets_load': False, 'platform_integration_test': False, 'jsonlogging': False, 'logfile': 'logs/2026-04-20-19-45-14-mpf-Wills-MacBook-Pro-M5.local.log', 'pause': False, 'production': False, 'text_ui': False, 'loglevel': 15, 'consoleloglevel': 20, 'force_platform': 'virtual', 'syslog_address': None, 'full_logfile_path': '/Users/willrante/Documents/GitHub/pinball/logs/2026-04-20-19-45-14-mpf-Wills-MacBook-Pro-M5.local.log'}
2026-04-20 19:45:14,593 : INFO : Machine : MPF path: /Users/willrante/mpf-env/lib/python3.14/site-packages/mpf
2026-04-20 19:45:14,593 : INFO : Machine : Machine path: /Users/willrante/Documents/GitHub/pinball
2026-04-20 19:45:14,593 : INFO : Machine : Platform: darwin
2026-04-20 19:45:14,593 : INFO : Machine : Python executable location: /Users/willrante/mpf-env/bin/python3.14
2026-04-20 19:45:14,593 : INFO : Machine : Python version: 3.14.3 (64-bit)
2026-04-20 19:45:14,594 : INFO : Machine : Initializing MPF...
2026-04-20 19:45:14,607 : INFO : EventManager : Event: ======'machine_var_credits_string'====== Args={'value': 'FREE PLAY', 'prev_value': None, 'change': True}
2026-04-20 19:45:14,609 : INFO : EventManager : Event: ======'machine_var_master_volume'====== Args={'value': 0.5, 'prev_value': None, 'change': True}
2026-04-20 19:45:14,609 : INFO : EventManager : Event: ======'machine_var_mpf_version'====== Args={'value': 'Mission Pinball Framework v0.80.0.dev13', 'prev_value': None, 'change': True}
2026-04-20 19:45:14,609 : INFO : EventManager : Event: ======'machine_var_mpf_extended_version'====== Args={'value': 'Mission Pinball Framework v0.80.0.dev13, Config version:6, Show version: 6, BCP version:1.1', 'prev_value': None, 'change': True}
2026-04-20 19:45:14,609 : INFO : EventManager : Event: ======'machine_var_python_version'====== Args={'value': '3.14.3', 'prev_value': None, 'change': True}
2026-04-20 19:45:14,615 : INFO : EventManager : Event: ======'machine_var_platform'====== Args={'value': 'macOS-26.4.1-arm64-arm-64bit-Mach-O', 'prev_value': None, 'change': True}
2026-04-20 19:45:14,615 : INFO : EventManager : Event: ======'machine_var_platform_system'====== Args={'value': 'Darwin', 'prev_value': None, 'change': True}
2026-04-20 19:45:14,615 : INFO : EventManager : Event: ======'machine_var_platform_release'====== Args={'value': '25.4.0', 'prev_value': None, 'change': True}
2026-04-20 19:45:14,615 : INFO : EventManager : Event: ======'machine_var_platform_version'====== Args={'value': 'Darwin Kernel Version 25.4.0: Thu Mar 19 19:33:50 PDT 2026; root:xnu-12377.101.15~1/RELEASE_ARM64_T6050', 'prev_value': None, 'change': True}
2026-04-20 19:45:14,615 : INFO : EventManager : Event: ======'machine_var_platform_machine'====== Args={'value': 'arm64', 'prev_value': None, 'change': True}
2026-04-20 19:45:14,615 : INFO : EventManager : Event: ======'machine_var_log_file_path'====== Args={'value': '/Users/willrante/Documents/GitHub/pinball/logs/2026-04-20-19-45-14-mpf-Wills-MacBook-Pro-M5.local.log', 'prev_value': None, 'change': True}
2026-04-20 19:45:14,615 : INFO : EventManager : Event: ======'init_phase_1'====== Args={}
2026-04-20 19:45:14,620 : INFO : EventManager : Event: ======'init_phase_2'====== Args={}
2026-04-20 19:45:14,620 : INFO : SwitchController : Found active switch: (1007, <Platform.Virtual>) <switch.s_trough_1>
2026-04-20 19:45:14,620 : INFO : SwitchController : Found active switch: (1008, <Platform.Virtual>) <switch.s_trough_2>
2026-04-20 19:45:14,620 : INFO : SwitchController : Found active switch: (1009, <Platform.Virtual>) <switch.s_trough_3>
2026-04-20 19:45:14,621 : INFO : EventManager : Event: ======'bcp_connection_attempt'====== Args={'name': 'local_display', 'host': 'localhost', 'port': 5050}
2026-04-20 19:45:14,621 : INFO : BCPClientSocket : Connecting BCP to 'local_display' at localhost:5050...
2026-04-20 19:45:18,714 : INFO : BCPClientSocket : Connected BCP to 'local_display' localhost:5050
2026-04-20 19:45:18,715 : INFO : EventManager : Event: ======'bcp_clients_connected'====== Args={}
2026-04-20 19:45:18,716 : INFO : ball_device.bd_plunger : BCH: Initial count: 0
2026-04-20 19:45:18,716 : INFO : ball_device.bd_plunger : State: idle
2026-04-20 19:45:18,717 : INFO : ball_device.bd_trough : BCH: Initial count: 3
2026-04-20 19:45:18,717 : INFO : ball_device.bd_trough : State: idle
2026-04-20 19:45:18,727 : INFO : EventManager : Event: ======'init_phase_3'====== Args={}
2026-04-20 19:45:18,729 : INFO : EventManager : Event: ======'init_phase_4'====== Args={}
2026-04-20 19:45:18,730 : INFO : BallController : Initial balls found: 3
2026-04-20 19:45:18,730 : INFO : EventManager : Event: ======'machine_var_audits_events_game_ended'====== Args={'value': 0, 'prev_value': None, 'change': True}
2026-04-20 19:45:18,730 : INFO : EventManager : Event: ======'machine_var_audits_events_game_started'====== Args={'value': 49, 'prev_value': None, 'change': True}
2026-04-20 19:45:18,730 : INFO : EventManager : Event: ======'machine_var_audits_missing_switches_s_bumper_left'====== Args={'value': 4, 'prev_value': None, 'change': True}
2026-04-20 19:45:18,730 : INFO : EventManager : Event: ======'machine_var_audits_missing_switches_s_bumper_right'====== Args={'value': 4, 'prev_value': None, 'change': True}
2026-04-20 19:45:18,730 : INFO : EventManager : Event: ======'machine_var_audits_missing_switches_s_left_lane'====== Args={'value': 1, 'prev_value': None, 'change': True}
2026-04-20 19:45:18,730 : INFO : EventManager : Event: ======'machine_var_audits_missing_switches_s_plunger_lane'====== Args={'value': 49, 'prev_value': None, 'change': True}
2026-04-20 19:45:18,730 : INFO : EventManager : Event: ======'machine_var_audits_missing_switches_s_start'====== Args={'value': 4, 'prev_value': None, 'change': True}
2026-04-20 19:45:18,731 : INFO : EventManager : Event: ======'machine_var_audits_missing_switches_s_trough_1'====== Args={'value': 49, 'prev_value': None, 'change': True}
2026-04-20 19:45:18,731 : INFO : EventManager : Event: ======'machine_var_audits_missing_switches_s_trough_2'====== Args={'value': 49, 'prev_value': None, 'change': True}
2026-04-20 19:45:18,731 : INFO : EventManager : Event: ======'machine_var_audits_missing_switches_s_trough_3'====== Args={'value': 49, 'prev_value': None, 'change': True}
2026-04-20 19:45:18,731 : INFO : EventManager : Event: ======'machine_var_audits_player_score'====== Args={'value': {'average': 0, 'top': [], 'total': 0}, 'prev_value': None, 'change': True}
2026-04-20 19:45:18,731 : INFO : EventManager : Event: ======'machine_var_audits_shots_bumper_left'====== Args={'value': 220, 'prev_value': None, 'change': True}
2026-04-20 19:45:18,731 : INFO : EventManager : Event: ======'machine_var_audits_shots_bumper_right'====== Args={'value': 208, 'prev_value': None, 'change': True}
2026-04-20 19:45:18,731 : INFO : EventManager : Event: ======'machine_var_audits_shots_hurryup'====== Args={'value': 3, 'prev_value': None, 'change': True}
2026-04-20 19:45:18,731 : INFO : EventManager : Event: ======'machine_var_audits_shots_left_lane'====== Args={'value': 51, 'prev_value': None, 'change': True}
2026-04-20 19:45:18,731 : INFO : EventManager : Event: ======'machine_var_audits_switches_s_action_button'====== Args={'value': 491, 'prev_value': None, 'change': True}
2026-04-20 19:45:18,731 : INFO : EventManager : Event: ======'machine_var_audits_switches_s_bumper_left'====== Args={'value': 220, 'prev_value': None, 'change': True}
2026-04-20 19:45:18,731 : INFO : EventManager : Event: ======'machine_var_audits_switches_s_bumper_right'====== Args={'value': 208, 'prev_value': None, 'change': True}
2026-04-20 19:45:18,731 : INFO : EventManager : Event: ======'machine_var_audits_switches_s_flipper_left'====== Args={'value': 648, 'prev_value': None, 'change': True}
2026-04-20 19:45:18,731 : INFO : EventManager : Event: ======'machine_var_audits_switches_s_flipper_right'====== Args={'value': 811, 'prev_value': None, 'change': True}
2026-04-20 19:45:18,731 : INFO : EventManager : Event: ======'machine_var_audits_switches_s_left_lane'====== Args={'value': 51, 'prev_value': None, 'change': True}
2026-04-20 19:45:18,731 : INFO : EventManager : Event: ======'machine_var_audits_switches_s_plunger_lane'====== Args={'value': 0, 'prev_value': None, 'change': True}
2026-04-20 19:45:18,731 : INFO : EventManager : Event: ======'machine_var_audits_switches_s_start'====== Args={'value': 11, 'prev_value': None, 'change': True}
2026-04-20 19:45:18,731 : INFO : EventManager : Event: ======'machine_var_audits_switches_s_trough_1'====== Args={'value': 0, 'prev_value': None, 'change': True}
2026-04-20 19:45:18,731 : INFO : EventManager : Event: ======'machine_var_audits_switches_s_trough_2'====== Args={'value': 0, 'prev_value': None, 'change': True}
2026-04-20 19:45:18,731 : INFO : EventManager : Event: ======'machine_var_audits_switches_s_trough_3'====== Args={'value': 0, 'prev_value': None, 'change': True}
2026-04-20 19:45:18,732 : INFO : EventManager : Event: ======'init_phase_5'====== Args={}
2026-04-20 19:45:18,732 : INFO : EventManager : Event: ======'init_done'====== Args={}
2026-04-20 19:45:18,732 : INFO : EventManager : Event: ======'machine_reset_phase_1'====== Args={}
2026-04-20 19:45:18,750 : INFO : EventManager : Event: ======'machine_reset_phase_2'====== Args={}
2026-04-20 19:45:18,750 : INFO : EventManager : Event: ======'machine_reset_phase_3'====== Args={}
2026-04-20 19:45:18,751 : INFO : EventManager : Event: ======'reset_complete'====== Args={}
2026-04-20 19:45:18,751 : INFO : EventManager : Event: ======'mode_attract_will_start'====== Args={}
2026-04-20 19:45:18,751 : INFO : Timer.attract_carousel_timer : Starting Timer.
2026-04-20 19:45:18,751 : INFO : EventManager : Event: ======'timer_attract_carousel_timer_started'====== Args={'ticks': 0, 'ticks_remaining': 1}
2026-04-20 19:45:18,751 : INFO : EventManager : Event: ======'timer_attract_carousel_timer_tick'====== Args={'ticks': 0, 'ticks_remaining': 1}
2026-04-20 19:45:18,752 : INFO : EventManager : Event: ======'mode_attract_starting'====== Args={}
2026-04-20 19:45:18,752 : INFO : Mode.attract : Started. Priority: 10
2026-04-20 19:45:18,752 : INFO : EventManager : Event: ======'modes_active_modes_changed'====== Args={}
2026-04-20 19:45:18,752 : INFO : EventManager : Event: ======'mode_attract_started'====== Args={}
2026-04-20 19:45:18,753 : INFO : EventManager : Event: ======'collecting_balls_complete'====== Args={}
2026-04-20 19:45:18,753 : INFO : EventManager : Event: ======'carousel_item_highlighted'====== Args={'carousel': 'attract', 'direction': None, 'item': 'title'}
2026-04-20 19:45:18,753 : INFO : EventManager : Event: ======'timer_attract_carousel_timer_tick'====== Args={'ticks': 0, 'ticks_remaining': 1}
2026-04-20 19:45:18,754 : INFO : Machine : Starting the main run loop with active modes: [<Mode.attract>]
2026-04-20 19:45:18,835 : INFO : EventManager : Event: ======'slide_attract_created'====== Args={'_from_bcp': True}
2026-04-20 19:45:18,835 : INFO : EventManager : Event: ======'slide__removed'====== Args={'_from_bcp': True}
2026-04-20 19:45:18,835 : INFO : EventManager : Event: ======'slide_attract_active'====== Args={'original_context': 'attract', 'original_calling_context': 'mode_attract_started', 'priority': 10.0, 'cmd': 'slides_play', '_from_bcp': True}
2026-04-20 19:45:21,356 : INFO : SwitchController : <<<<<<< 's_start' active >>>>>>>
2026-04-20 19:45:21,440 : INFO : SwitchController : <<<<<<< 's_start' inactive >>>>>>>
2026-04-20 19:45:21,440 : INFO : EventManager : Event: ======'request_to_start_game'====== Args={}
2026-04-20 19:45:21,441 : INFO : EventManager : Event: ======'game_start'====== Args={'buttons': [], 'hold_time': 0.08315175003372133}
2026-04-20 19:45:21,441 : INFO : EventManager : Event: ======'mode_game_will_start'====== Args={'buttons': [], 'hold_time': 0.08315175003372133}
2026-04-20 19:45:21,442 : INFO : EventManager : Event: ======'mode_game_starting'====== Args={'buttons': [], 'hold_time': 0.08315175003372133}
2026-04-20 19:45:21,442 : INFO : EventManager : Event: ======'mode_attract_will_stop'====== Args={}
2026-04-20 19:45:21,442 : INFO : EventManager : Event: ======'mode_attract_stopping'====== Args={}
2026-04-20 19:45:21,442 : INFO : Mode.attract : Stopped.
2026-04-20 19:45:21,442 : INFO : EventManager : Event: ======'modes_active_modes_changed'====== Args={}
2026-04-20 19:45:21,443 : INFO : EventManager : Event: ======'mode_attract_stopped'====== Args={}
2026-04-20 19:45:21,443 : INFO : EventManager : Event: ======'clear'====== Args={'key': 'attract'}
2026-04-20 19:45:21,443 : INFO : Timer.attract_carousel_timer : Stopping Timer
2026-04-20 19:45:21,443 : INFO : EventManager : Event: ======'timer_attract_carousel_timer_stopped'====== Args={'ticks': 0, 'ticks_remaining': 1}
2026-04-20 19:45:21,443 : INFO : Mode.game : Started. Priority: 20
2026-04-20 19:45:21,443 : INFO : EventManager : Event: ======'modes_active_modes_changed'====== Args={}
2026-04-20 19:45:21,443 : INFO : EventManager : Event: ======'mode_game_started'====== Args={'buttons': [], 'hold_time': 0.08315175003372133}
2026-04-20 19:45:21,444 : INFO : EventManager : Event: ======'game_will_start'====== Args={}
2026-04-20 19:45:21,444 : INFO : EventManager : Event: ======'game_starting'====== Args={'game': <Mode.game>}
2026-04-20 19:45:21,445 : INFO : EventManager : Unordered handler for class <Auditor> on event game_ended with priority 1. Handlers: [RegisteredHandler(callback=<bound method Auditor.disable of <Auditor>>, priority=1, kwargs={}, key=UUID('36e90ee1-1223-4683-8f98-6ec9d2d3717f'), condition=None, blocking_facility=None), RegisteredHandler(callback=<bound method Auditor._save_audits of <Auditor>>, priority=1, kwargs={}, key=UUID('599e1f16-f13c-42b9-8732-8015657bd776'), condition=None, blocking_facility=None)]. The order of those handlers is not defined and they will be executed in random order. This might lead to race conditions and potential bugs.
2026-04-20 19:45:21,445 : INFO : EventManager : Event: ======'player_add_request'====== Args={}
2026-04-20 19:45:21,445 : INFO : EventManager : Event: ======'player_will_add'====== Args={'number': 1}
2026-04-20 19:45:21,445 : INFO : EventManager : Event: ======'player_adding'====== Args={'player': <Player 1>, 'number': 1}
2026-04-20 19:45:21,445 : INFO : EventManager : Event: ======'player_added'====== Args={'player': <Player 1>, 'num': 1}
2026-04-20 19:45:21,445 : INFO : Mode.game : Player added successfully. Total players: 1
2026-04-20 19:45:21,446 : INFO : EventManager : Event: ======'player_index'====== Args={'value': 0, 'prev_value': 0, 'change': 0, 'player_num': 1}
2026-04-20 19:45:21,446 : INFO : EventManager : Event: ======'player_number'====== Args={'value': 1, 'prev_value': 1, 'change': 0, 'player_num': 1}
2026-04-20 19:45:21,446 : INFO : EventManager : Event: ======'player_score'====== Args={'value': 0, 'prev_value': 0, 'change': 0, 'player_num': 1}
2026-04-20 19:45:21,446 : INFO : EventManager : Event: ======'game_started'====== Args={}
2026-04-20 19:45:21,447 : INFO : EventManager : Event: ======'player_turn_will_start'====== Args={'player': <Player 1>, 'number': 1}
2026-04-20 19:45:21,447 : INFO : EventManager : Event: ======'player_turn_starting'====== Args={'player': <Player 1>, 'number': 1}
2026-04-20 19:45:21,451 : INFO : EventManager : Event: ======'player_ball'====== Args={'value': 1, 'prev_value': 0, 'change': 1, 'player_num': 1}
2026-04-20 19:45:21,451 : INFO : EventManager : Event: ======'player_turn_started'====== Args={'player': <Player 1>, 'number': 1}
2026-04-20 19:45:21,451 : INFO : EventManager : Event: ======'ball_will_start'====== Args={'player': 1, 'ball': 1, 'balls_remaining': 2, 'is_extra_ball': False}
2026-04-20 19:45:21,452 : INFO : EventManager : Event: ======'ball_starting'====== Args={'player': 1, 'ball': 1, 'balls_remaining': 2, 'is_extra_ball': False}
2026-04-20 19:45:21,452 : INFO : EventManager : Event: ======'mode_song_select_will_start'====== Args={'queue': <QueuedEvent>, 'player': 1, 'ball': 1, 'balls_remaining': 2, 'is_extra_ball': False}
2026-04-20 19:45:21,452 : INFO : EventManager : Event: ======'mode_song_select_starting'====== Args={'queue': <QueuedEvent>, 'player': 1, 'ball': 1, 'balls_remaining': 2, 'is_extra_ball': False}
2026-04-20 19:45:21,452 : INFO : EventManager : Event: ======'mode_base_will_start'====== Args={'queue': <QueuedEvent>, 'player': 1, 'ball': 1, 'balls_remaining': 2, 'is_extra_ball': False}
2026-04-20 19:45:21,452 : INFO : EventManager : Event: ======'player_shot_left_lane_enabled'====== Args={'value': True, 'prev_value': 0, 'change': 1, 'player_num': 1}
2026-04-20 19:45:21,453 : INFO : EventManager : Event: ======'mode_base_starting'====== Args={'queue': <QueuedEvent>, 'player': 1, 'ball': 1, 'balls_remaining': 2, 'is_extra_ball': False}
2026-04-20 19:45:21,453 : INFO : Mode.base : Started. Priority: 100
2026-04-20 19:45:21,453 : INFO : EventManager : Event: ======'modes_active_modes_changed'====== Args={}
2026-04-20 19:45:21,453 : INFO : EventManager : Event: ======'mode_base_started'====== Args={'queue': <QueuedEvent>, 'player': 1, 'ball': 1, 'balls_remaining': 2, 'is_extra_ball': False}
2026-04-20 19:45:21,454 : INFO : EventManager : Event: ======'start_mode_bumpers'====== Args={'priority': 0}
2026-04-20 19:45:21,454 : INFO : EventManager : Event: ======'mode_bumpers_will_start'====== Args={'priority': 0}
2026-04-20 19:45:21,454 : INFO : EventManager : Event: ======'player_shot_bumper_left_enabled'====== Args={'value': True, 'prev_value': 0, 'change': 1, 'player_num': 1}
2026-04-20 19:45:21,454 : INFO : EventManager : Event: ======'player_shot_bumper_right_enabled'====== Args={'value': True, 'prev_value': 0, 'change': 1, 'player_num': 1}
2026-04-20 19:45:21,454 : INFO : EventManager : Event: ======'bumpers_complete'====== Args={'state': 'unlit'}
2026-04-20 19:45:21,454 : INFO : EventManager : Event: ======'bumpers_unlit_complete'====== Args={}
2026-04-20 19:45:21,455 : INFO : EventManager : Event: ======'mode_bumpers_starting'====== Args={'priority': 0}
2026-04-20 19:45:21,455 : INFO : Mode.bumpers : Started. Priority: 200
2026-04-20 19:45:21,455 : INFO : EventManager : Event: ======'modes_active_modes_changed'====== Args={}
2026-04-20 19:45:21,455 : INFO : EventManager : Event: ======'mode_bumpers_started'====== Args={'priority': 0}
2026-04-20 19:45:21,455 : INFO : Mode.song_select : Started. Priority: 1500
2026-04-20 19:45:21,455 : INFO : EventManager : Event: ======'modes_active_modes_changed'====== Args={}
2026-04-20 19:45:21,455 : INFO : EventManager : Event: ======'mode_song_select_started'====== Args={'queue': <QueuedEvent>, 'player': 1, 'ball': 1, 'balls_remaining': 2, 'is_extra_ball': False}
2026-04-20 19:45:21,475 : INFO : EventManager : Event: ======'song_select_updated'====== Args={'stage': 'genre', 'genres': ['?', 'Alternative', 'Brit Invasion', 'Disco', 'Doo Wop', 'Folk', 'Folk Rock', 'Funk', 'Glitter:Glam', 'Grunge', 'Hard Rock', 'Heavy Metal', 'Hip Hop', 'New Wave', 'Pop Rock', 'Prog Rock', 'Psychedelic', 'Punk (70s)', 'Punk (80s)', 'R+B', 'Rap', 'Rock-a-Billy', 'Soul', 'Southern Rock'], 'genre': 'Pick a song!', 'song_title': '', 'genre_index': 1, 'genre_count': 25, 'selected_genre_index': -1, 'song_index': 0, 'song_count': 0, 'songs_text': '', 'sound_key': '', 'audio_path': '', 'song_bus': 'music', 'song_start_at': 0.0, 'has_audio': True, 'random_selected': True}
2026-04-20 19:45:21,475 : INFO : EventManager : Event: ======'balls_in_play'====== Args={'balls': 1}
2026-04-20 19:45:21,475 : INFO : EventManager : Event: ======'ball_started'====== Args={'player': 1, 'ball': 1, 'balls_remaining': 2, 'is_extra_ball': False}
2026-04-20 19:45:21,476 : INFO : EventManager : Event: ======'single_player_ball_started'====== Args={}
2026-04-20 19:45:21,476 : INFO : EventManager : Event: ======'ball_start_target'====== Args={'target': 'playfield'}
2026-04-20 19:45:21,476 : INFO : ball_device.bd_trough : Setting up player-controlled eject. Balls: 1, Target: <playfield.playfield>, player_controlled_eject_event: None
2026-04-20 19:45:21,476 : INFO : ball_device.bd_trough : Adding 1 ball(s) to the eject_queue with target <playfield.playfield>.
2026-04-20 19:45:21,476 : INFO : EventManager : Event: ======'balldevice_balls_available'====== Args={}
2026-04-20 19:45:21,477 : INFO : ball_device.bd_trough : State: waiting_for_target_ready
2026-04-20 19:45:21,477 : INFO : EventManager : Event: ======'balldevice_bd_trough_ball_eject_attempt'====== Args={'balls': 1, 'target': <ball_device.bd_plunger>, 'source': <ball_device.bd_trough>, 'mechanical_eject': False, 'num_attempts': 0}
2026-04-20 19:45:21,477 : INFO : ball_device.bd_plunger : State: waiting_for_ball
2026-04-20 19:45:21,477 : INFO : ball_device.bd_trough : State: ejecting
2026-04-20 19:45:21,477 : INFO : ball_device.bd_trough : Ejecting ball to <ball_device.bd_plunger>
2026-04-20 19:45:21,477 : INFO : EventManager : Event: ======'balldevice_bd_trough_ejecting_ball'====== Args={'balls': 1, 'target': <ball_device.bd_plunger>, 'source': <ball_device.bd_trough>, 'mechanical_eject': False, 'num_attempts': 0}
2026-04-20 19:45:21,478 : INFO : ball_device.bd_trough : Wait for ball to leave device
2026-04-20 19:45:21,478 : INFO : coil.c_trough_eject : Pulsing Driver for 10ms (1.0 pulse_power)
2026-04-20 19:45:21,507 : INFO : EventManager : Event: ======'slide_base_slide_created'====== Args={'_from_bcp': True}
2026-04-20 19:45:21,507 : INFO : EventManager : Event: ======'slide_attract_inactive'====== Args={'is_removing': True, '_from_bcp': True}
2026-04-20 19:45:21,507 : INFO : EventManager : Event: ======'slide_base_slide_active'====== Args={'original_context': 'base', 'original_calling_context': 'mode_base_started', 'priority': 100.0, 'queue': '<QueuedEvent>', 'player': 1.0, 'ball': 1.0, 'balls_remaining': 2.0, 'is_extra_ball': False, 'cmd': 'slides_play', '_from_bcp': True}
2026-04-20 19:45:21,507 : INFO : EventManager : Event: ======'slide_attract_removed'====== Args={'_from_bcp': True}
2026-04-20 19:45:21,517 : INFO : EventManager : Event: ======'slide_song_select_created'====== Args={'_from_bcp': True}
2026-04-20 19:45:21,517 : INFO : EventManager : Event: ======'slide_base_slide_inactive'====== Args={'is_removing': False, '_from_bcp': True}
2026-04-20 19:45:21,517 : INFO : EventManager : Event: ======'slide_song_select_active'====== Args={'original_context': 'song_select', 'original_calling_context': 'mode_song_select_started', 'priority': 1500.0, 'queue': '<QueuedEvent>', 'player': 1.0, 'ball': 1.0, 'balls_remaining': 2.0, 'is_extra_ball': False, 'cmd': 'slides_play', '_from_bcp': True}
2026-04-20 19:45:23,107 : INFO : SwitchController : <<<<<<< 's_flipper_right' active >>>>>>>
2026-04-20 19:45:23,107 : INFO : EventManager : Event: ======'song_select_updated'====== Args={'genre': '?', 'song_title': 'CAN - Vitamin C', 'sound_key': 'CAN - Vitamin C', 'audio_path': 'res://sounds/music/Genres/?/CAN - Vitamin C.mp3', 'song_bus': 'music', 'song_start_at': 0.0, 'has_audio': True, 'stage': 'genre', 'genres': ['?', 'Alternative', 'Brit Invasion', 'Disco', 'Doo Wop', 'Folk', 'Folk Rock', 'Funk', 'Glitter:Glam', 'Grunge', 'Hard Rock', 'Heavy Metal', 'Hip Hop', 'New Wave', 'Pop Rock', 'Prog Rock', 'Psychedelic', 'Punk (70s)', 'Punk (80s)', 'R+B', 'Rap', 'Rock-a-Billy', 'Soul', 'Southern Rock'], 'genre_index': 2, 'genre_count': 25, 'selected_genre_index': 0, 'song_index': 1, 'song_count': 5, 'songs_text': '> CAN - Vitamin C\n  Captain Beefheart - Muffin Man\n  Captain Beefheart - Too Much Time\n  Frank Zappa - Willie the Pimp\n  Frank Zappa, Captain Beefheart, the Mothers - Her Eyes Are A Blue Million Miles', 'random_selected': False}
2026-04-20 19:45:23,107 : INFO : EventManager : Event: ======'machine_var_audits_switches_s_flipper_right'====== Args={'value': 812, 'prev_value': 811, 'change': 1}
2026-04-20 19:45:23,207 : INFO : SwitchController : <<<<<<< 's_flipper_right' inactive >>>>>>>
2026-04-20 19:45:23,840 : INFO : SwitchController : <<<<<<< 's_flipper_right' active >>>>>>>
2026-04-20 19:45:23,841 : INFO : EventManager : Event: ======'song_select_updated'====== Args={'genre': 'Alternative', 'song_title': 'Green Day - Basket Case', 'sound_key': 'Green Day - Basket Case', 'audio_path': 'res://sounds/music/Genres/Alternative/Green Day - Basket Case.mp3', 'song_bus': 'music', 'song_start_at': 0.0, 'has_audio': True, 'stage': 'genre', 'genres': ['?', 'Alternative', 'Brit Invasion', 'Disco', 'Doo Wop', 'Folk', 'Folk Rock', 'Funk', 'Glitter:Glam', 'Grunge', 'Hard Rock', 'Heavy Metal', 'Hip Hop', 'New Wave', 'Pop Rock', 'Prog Rock', 'Psychedelic', 'Punk (70s)', 'Punk (80s)', 'R+B', 'Rap', 'Rock-a-Billy', 'Soul', 'Southern Rock'], 'genre_index': 3, 'genre_count': 25, 'selected_genre_index': 1, 'song_index': 1, 'song_count': 7, 'songs_text': '> Green Day - Basket Case\n  Radiohead - Creep\n  Red Hot Chili Peppers - Give It Away\n  The Black Keys - Set You Free\n  The Strokes - Last Nite\n  The Walkmen - The Rat\n  The White Stripes - Fell In Love With a Girl', 'random_selected': False}
2026-04-20 19:45:23,841 : INFO : EventManager : Event: ======'machine_var_audits_switches_s_flipper_right'====== Args={'value': 813, 'prev_value': 812, 'change': 1}
2026-04-20 19:45:23,956 : INFO : SwitchController : <<<<<<< 's_flipper_right' inactive >>>>>>>
2026-04-20 19:45:24,156 : INFO : SwitchController : <<<<<<< 's_flipper_right' active >>>>>>>
2026-04-20 19:45:24,157 : INFO : EventManager : Event: ======'song_select_updated'====== Args={'genre': 'Brit Invasion', 'song_title': 'Cream - Sunshine Of Your Love', 'sound_key': 'Cream - Sunshine Of Your Love', 'audio_path': 'res://sounds/music/Genres/Brit Invasion/Cream - Sunshine Of Your Love.mp3', 'song_bus': 'music', 'song_start_at': 0.0, 'has_audio': True, 'stage': 'genre', 'genres': ['?', 'Alternative', 'Brit Invasion', 'Disco', 'Doo Wop', 'Folk', 'Folk Rock', 'Funk', 'Glitter:Glam', 'Grunge', 'Hard Rock', 'Heavy Metal', 'Hip Hop', 'New Wave', 'Pop Rock', 'Prog Rock', 'Psychedelic', 'Punk (70s)', 'Punk (80s)', 'R+B', 'Rap', 'Rock-a-Billy', 'Soul', 'Southern Rock'], 'genre_index': 4, 'genre_count': 25, 'selected_genre_index': 2, 'song_index': 1, 'song_count': 6, 'songs_text': "> Cream - Sunshine Of Your Love\n  The Animals Don't Let Me Be Misunderstood\n  The Beatles - I Want To Hold Your Hand\n  The Kinks- You Really Got Me\n  The Rolling Stones - Start Me Up\n  The Yardbirds - For Your Love", 'random_selected': False}
2026-04-20 19:45:24,157 : INFO : EventManager : Event: ======'machine_var_audits_switches_s_flipper_right'====== Args={'value': 814, 'prev_value': 813, 'change': 1}
2026-04-20 19:45:24,324 : INFO : SwitchController : <<<<<<< 's_flipper_right' inactive >>>>>>>
2026-04-20 19:45:24,356 : INFO : SwitchController : <<<<<<< 's_flipper_right' active >>>>>>>
2026-04-20 19:45:24,357 : INFO : EventManager : Event: ======'song_select_updated'====== Args={'genre': 'Disco', 'song_title': "Bee Gees - Stayin' Alive", 'sound_key': "Bee Gees - Stayin' Alive", 'audio_path': "res://sounds/music/Genres/Disco/Bee Gees - Stayin' Alive.mp3", 'song_bus': 'music', 'song_start_at': 0.0, 'has_audio': True, 'stage': 'genre', 'genres': ['?', 'Alternative', 'Brit Invasion', 'Disco', 'Doo Wop', 'Folk', 'Folk Rock', 'Funk', 'Glitter:Glam', 'Grunge', 'Hard Rock', 'Heavy Metal', 'Hip Hop', 'New Wave', 'Pop Rock', 'Prog Rock', 'Psychedelic', 'Punk (70s)', 'Punk (80s)', 'R+B', 'Rap', 'Rock-a-Billy', 'Soul', 'Southern Rock'], 'genre_index': 5, 'genre_count': 25, 'selected_genre_index': 3, 'song_index': 1, 'song_count': 4, 'songs_text': "> Bee Gees - Stayin' Alive\n  Donna Summer - Bad Girls\n  KC and the Sunshine Band - That's the Way (I Like It)\n  Village People - Macho Man", 'random_selected': False}
2026-04-20 19:45:24,357 : INFO : EventManager : Event: ======'machine_var_audits_switches_s_flipper_right'====== Args={'value': 815, 'prev_value': 814, 'change': 1}
2026-04-20 19:45:24,456 : INFO : SwitchController : <<<<<<< 's_flipper_right' inactive >>>>>>>
2026-04-20 19:45:24,723 : INFO : SwitchController : <<<<<<< 's_flipper_right' active >>>>>>>
2026-04-20 19:45:24,724 : INFO : EventManager : Event: ======'song_select_updated'====== Args={'genre': 'Doo Wop', 'song_title': 'The Coasters - Yakety Yak', 'sound_key': 'The Coasters - Yakety Yak', 'audio_path': 'res://sounds/music/Genres/Doo Wop/The Coasters - Yakety Yak.mp3', 'song_bus': 'music', 'song_start_at': 0.0, 'has_audio': True, 'stage': 'genre', 'genres': ['?', 'Alternative', 'Brit Invasion', 'Disco', 'Doo Wop', 'Folk', 'Folk Rock', 'Funk', 'Glitter:Glam', 'Grunge', 'Hard Rock', 'Heavy Metal', 'Hip Hop', 'New Wave', 'Pop Rock', 'Prog Rock', 'Psychedelic', 'Punk (70s)', 'Punk (80s)', 'R+B', 'Rap', 'Rock-a-Billy', 'Soul', 'Southern Rock'], 'genre_index': 6, 'genre_count': 25, 'selected_genre_index': 4, 'song_index': 1, 'song_count': 4, 'songs_text': '> The Coasters - Yakety Yak\n  The Drifters - Save the Last Dance for Me\n  The Platters - Only You\n  The Temptations - My Girl', 'random_selected': False}
2026-04-20 19:45:24,724 : INFO : EventManager : Event: ======'machine_var_audits_switches_s_flipper_right'====== Args={'value': 816, 'prev_value': 815, 'change': 1}
2026-04-20 19:45:24,840 : INFO : SwitchController : <<<<<<< 's_flipper_right' inactive >>>>>>>
2026-04-20 19:45:24,973 : INFO : SwitchController : <<<<<<< 's_flipper_right' active >>>>>>>
2026-04-20 19:45:24,973 : INFO : EventManager : Event: ======'song_select_updated'====== Args={'genre': 'Folk', 'song_title': "Bob Dylan - The Times They Are A-Changin'", 'sound_key': "Bob Dylan - The Times They Are A-Changin'", 'audio_path': "res://sounds/music/Genres/Folk/Bob Dylan - The Times They Are A-Changin'.mp3", 'song_bus': 'music', 'song_start_at': 0.0, 'has_audio': True, 'stage': 'genre', 'genres': ['?', 'Alternative', 'Brit Invasion', 'Disco', 'Doo Wop', 'Folk', 'Folk Rock', 'Funk', 'Glitter:Glam', 'Grunge', 'Hard Rock', 'Heavy Metal', 'Hip Hop', 'New Wave', 'Pop Rock', 'Prog Rock', 'Psychedelic', 'Punk (70s)', 'Punk (80s)', 'R+B', 'Rap', 'Rock-a-Billy', 'Soul', 'Southern Rock'], 'genre_index': 7, 'genre_count': 25, 'selected_genre_index': 5, 'song_index': 1, 'song_count': 4, 'songs_text': "> Bob Dylan - The Times They Are A-Changin'\n  Joan Baez - Silver Dagger\n  Peter, Paul and Mary - Puff, the Magic Dragon\n  The Kingston Trio - Where Have All the Flowers Gone", 'random_selected': False}
2026-04-20 19:45:24,974 : INFO : EventManager : Event: ======'machine_var_audits_switches_s_flipper_right'====== Args={'value': 817, 'prev_value': 816, 'change': 1}
2026-04-20 19:45:25,090 : INFO : SwitchController : <<<<<<< 's_flipper_right' inactive >>>>>>>
2026-04-20 19:45:25,240 : INFO : SwitchController : <<<<<<< 's_flipper_right' active >>>>>>>
2026-04-20 19:45:25,240 : INFO : EventManager : Event: ======'song_select_updated'====== Args={'genre': 'Folk Rock', 'song_title': 'Bonnie Raitt - Something to Talk About', 'sound_key': 'Bonnie Raitt - Something to Talk About', 'audio_path': 'res://sounds/music/Genres/Folk Rock/Bonnie Raitt - Something to Talk About.mp3', 'song_bus': 'music', 'song_start_at': 0.0, 'has_audio': True, 'stage': 'genre', 'genres': ['?', 'Alternative', 'Brit Invasion', 'Disco', 'Doo Wop', 'Folk', 'Folk Rock', 'Funk', 'Glitter:Glam', 'Grunge', 'Hard Rock', 'Heavy Metal', 'Hip Hop', 'New Wave', 'Pop Rock', 'Prog Rock', 'Psychedelic', 'Punk (70s)', 'Punk (80s)', 'R+B', 'Rap', 'Rock-a-Billy', 'Soul', 'Southern Rock'], 'genre_index': 8, 'genre_count': 25, 'selected_genre_index': 6, 'song_index': 1, 'song_count': 10, 'songs_text': '> Bonnie Raitt - Something to Talk About\n  Creedence Clearwater Revival - Bad Moon Rising\n  Crosby, Stills & Nash - Suite Judy Blue Eyes\n  Dave Mason - Let It Go, Let It Flow\n  Jackson Browne - Doctor My Eyes\n  Neil Young - Heart of Gold\n  Simon & Garfunkel - Mrs. Robinson', 'random_selected': False}
2026-04-20 19:45:25,240 : INFO : EventManager : Event: ======'machine_var_audits_switches_s_flipper_right'====== Args={'value': 818, 'prev_value': 817, 'change': 1}
2026-04-20 19:45:25,307 : INFO : SwitchController : <<<<<<< 's_flipper_right' inactive >>>>>>>
2026-04-20 19:45:25,440 : INFO : SwitchController : <<<<<<< 's_flipper_right' active >>>>>>>
2026-04-20 19:45:25,440 : INFO : EventManager : Event: ======'song_select_updated'====== Args={'genre': 'Funk', 'song_title': 'Con Funk Shun - Ffun', 'sound_key': 'Con Funk Shun - Ffun', 'audio_path': 'res://sounds/music/Genres/Funk/Con Funk Shun - Ffun.mp3', 'song_bus': 'music', 'song_start_at': 0.0, 'has_audio': True, 'stage': 'genre', 'genres': ['?', 'Alternative', 'Brit Invasion', 'Disco', 'Doo Wop', 'Folk', 'Folk Rock', 'Funk', 'Glitter:Glam', 'Grunge', 'Hard Rock', 'Heavy Metal', 'Hip Hop', 'New Wave', 'Pop Rock', 'Prog Rock', 'Psychedelic', 'Punk (70s)', 'Punk (80s)', 'R+B', 'Rap', 'Rock-a-Billy', 'Soul', 'Southern Rock'], 'genre_index': 9, 'genre_count': 25, 'selected_genre_index': 7, 'song_index': 1, 'song_count': 6, 'songs_text': '> Con Funk Shun - Ffun\n  Funkadelic - Can You Get To That\n  Parliament - Give Up the Funk (Tear the Roof Off the Sucker)\n  Prince - Raspberry Beret\n  Rick James - Super Freak\n  The Isley Brothers - Between The Sheets', 'random_selected': False}
2026-04-20 19:45:25,441 : INFO : EventManager : Event: ======'machine_var_audits_switches_s_flipper_right'====== Args={'value': 819, 'prev_value': 818, 'change': 1}
2026-04-20 19:45:25,524 : INFO : SwitchController : <<<<<<< 's_flipper_right' inactive >>>>>>>
2026-04-20 19:45:25,889 : INFO : SwitchController : <<<<<<< 's_flipper_right' active >>>>>>>
2026-04-20 19:45:25,890 : INFO : EventManager : Event: ======'song_select_updated'====== Args={'genre': 'Glitter:Glam', 'song_title': "Alice Cooper - School's Out", 'sound_key': "Alice Cooper - School's Out", 'audio_path': "res://sounds/music/Genres/Glitter:Glam/Alice Cooper - School's Out.mp3", 'song_bus': 'music', 'song_start_at': 0.0, 'has_audio': True, 'stage': 'genre', 'genres': ['?', 'Alternative', 'Brit Invasion', 'Disco', 'Doo Wop', 'Folk', 'Folk Rock', 'Funk', 'Glitter:Glam', 'Grunge', 'Hard Rock', 'Heavy Metal', 'Hip Hop', 'New Wave', 'Pop Rock', 'Prog Rock', 'Psychedelic', 'Punk (70s)', 'Punk (80s)', 'R+B', 'Rap', 'Rock-a-Billy', 'Soul', 'Southern Rock'], 'genre_index': 10, 'genre_count': 25, 'selected_genre_index': 8, 'song_index': 1, 'song_count': 5, 'songs_text': "> Alice Cooper - School's Out\n  David Bowie - Suffragette City\n  KISS - I Was Made For Loving You\n  Roxy Music - More Than This\n  T. Rex - Bang a Gong (Get It On)", 'random_selected': False}
2026-04-20 19:45:25,890 : INFO : EventManager : Event: ======'machine_var_audits_switches_s_flipper_right'====== Args={'value': 820, 'prev_value': 819, 'change': 1}
2026-04-20 19:45:26,023 : INFO : SwitchController : <<<<<<< 's_flipper_right' inactive >>>>>>>
2026-04-20 19:45:26,373 : INFO : SwitchController : <<<<<<< 's_flipper_right' active >>>>>>>
2026-04-20 19:45:26,374 : INFO : EventManager : Event: ======'song_select_updated'====== Args={'genre': 'Grunge', 'song_title': 'Alice in Chains - Man in the Box', 'sound_key': 'Alice in Chains - Man in the Box', 'audio_path': 'res://sounds/music/Genres/Grunge/Alice in Chains - Man in the Box.mp3', 'song_bus': 'music', 'song_start_at': 0.0, 'has_audio': True, 'stage': 'genre', 'genres': ['?', 'Alternative', 'Brit Invasion', 'Disco', 'Doo Wop', 'Folk', 'Folk Rock', 'Funk', 'Glitter:Glam', 'Grunge', 'Hard Rock', 'Heavy Metal', 'Hip Hop', 'New Wave', 'Pop Rock', 'Prog Rock', 'Psychedelic', 'Punk (70s)', 'Punk (80s)', 'R+B', 'Rap', 'Rock-a-Billy', 'Soul', 'Southern Rock'], 'genre_index': 11, 'genre_count': 25, 'selected_genre_index': 9, 'song_index': 1, 'song_count': 5, 'songs_text': '> Alice in Chains - Man in the Box\n  Mudhoney - Overblown\n  Nirvana - Smells Like Teen Spirit\n  Pearl Jam - Even Flow\n  Soundgarden - Spoonman', 'random_selected': False}
2026-04-20 19:45:26,374 : INFO : EventManager : Event: ======'machine_var_audits_switches_s_flipper_right'====== Args={'value': 821, 'prev_value': 820, 'change': 1}
2026-04-20 19:45:26,490 : INFO : SwitchController : <<<<<<< 's_flipper_right' inactive >>>>>>>
2026-04-20 19:45:26,923 : INFO : SwitchController : <<<<<<< 's_flipper_right' active >>>>>>>
2026-04-20 19:45:26,924 : INFO : EventManager : Event: ======'song_select_updated'====== Args={'genre': 'Hard Rock', 'song_title': 'AC:DC - Back In Black', 'sound_key': 'AC:DC - Back In Black', 'audio_path': 'res://sounds/music/Genres/Hard Rock/AC:DC - Back In Black.mp3', 'song_bus': 'music', 'song_start_at': 0.0, 'has_audio': True, 'stage': 'genre', 'genres': ['?', 'Alternative', 'Brit Invasion', 'Disco', 'Doo Wop', 'Folk', 'Folk Rock', 'Funk', 'Glitter:Glam', 'Grunge', 'Hard Rock', 'Heavy Metal', 'Hip Hop', 'New Wave', 'Pop Rock', 'Prog Rock', 'Psychedelic', 'Punk (70s)', 'Punk (80s)', 'R+B', 'Rap', 'Rock-a-Billy', 'Soul', 'Southern Rock'], 'genre_index': 12, 'genre_count': 25, 'selected_genre_index': 10, 'song_index': 1, 'song_count': 9, 'songs_text': "> AC:DC - Back In Black\n  Aerosmith - Same Old Song and Dance\n  Deep Purple - Smoke On The Water\n  Grand Funk Railroad - We're An American Band\n  Heart - Barracuda\n  Led Zeppelin - Immigrant Song\n  Ted Nugent - Stranglehold", 'random_selected': False}
2026-04-20 19:45:26,924 : INFO : EventManager : Event: ======'machine_var_audits_switches_s_flipper_right'====== Args={'value': 822, 'prev_value': 821, 'change': 1}
2026-04-20 19:45:27,040 : INFO : SwitchController : <<<<<<< 's_flipper_right' inactive >>>>>>>
2026-04-20 19:45:27,157 : INFO : SwitchController : <<<<<<< 's_flipper_right' active >>>>>>>
2026-04-20 19:45:27,157 : INFO : EventManager : Event: ======'song_select_updated'====== Args={'genre': 'Heavy Metal', 'song_title': 'Black Sabbath - Paranoid', 'sound_key': 'Black Sabbath - Paranoid', 'audio_path': 'res://sounds/music/Genres/Heavy Metal/Black Sabbath - Paranoid.mp3', 'song_bus': 'music', 'song_start_at': 0.0, 'has_audio': True, 'stage': 'genre', 'genres': ['?', 'Alternative', 'Brit Invasion', 'Disco', 'Doo Wop', 'Folk', 'Folk Rock', 'Funk', 'Glitter:Glam', 'Grunge', 'Hard Rock', 'Heavy Metal', 'Hip Hop', 'New Wave', 'Pop Rock', 'Prog Rock', 'Psychedelic', 'Punk (70s)', 'Punk (80s)', 'R+B', 'Rap', 'Rock-a-Billy', 'Soul', 'Southern Rock'], 'genre_index': 13, 'genre_count': 25, 'selected_genre_index': 11, 'song_index': 1, 'song_count': 6, 'songs_text': '> Black Sabbath - Paranoid\n  Dio - Rainbow In the Dark\n  Iron Maiden - The Trooper\n  Judas Priest - Breaking The Law\n  Metallica - The Wait\n  Motorhead - Ace of Spades', 'random_selected': False}
2026-04-20 19:45:27,158 : INFO : EventManager : Event: ======'machine_var_audits_switches_s_flipper_right'====== Args={'value': 823, 'prev_value': 822, 'change': 1}
2026-04-20 19:45:27,273 : INFO : SwitchController : <<<<<<< 's_flipper_right' inactive >>>>>>>
2026-04-20 19:45:27,389 : INFO : SwitchController : <<<<<<< 's_flipper_right' active >>>>>>>
2026-04-20 19:45:27,390 : INFO : EventManager : Event: ======'song_select_updated'====== Args={'genre': 'Hip Hop', 'song_title': 'Boogie Down Productions - The Bridge Is Over', 'sound_key': 'Boogie Down Productions - The Bridge Is Over', 'audio_path': 'res://sounds/music/Genres/Hip Hop/Boogie Down Productions - The Bridge Is Over.mp3', 'song_bus': 'music', 'song_start_at': 0.0, 'has_audio': True, 'stage': 'genre', 'genres': ['?', 'Alternative', 'Brit Invasion', 'Disco', 'Doo Wop', 'Folk', 'Folk Rock', 'Funk', 'Glitter:Glam', 'Grunge', 'Hard Rock', 'Heavy Metal', 'Hip Hop', 'New Wave', 'Pop Rock', 'Prog Rock', 'Psychedelic', 'Punk (70s)', 'Punk (80s)', 'R+B', 'Rap', 'Rock-a-Billy', 'Soul', 'Southern Rock'], 'genre_index': 14, 'genre_count': 25, 'selected_genre_index': 12, 'song_index': 1, 'song_count': 5, 'songs_text': "> Boogie Down Productions - The Bridge Is Over\n  Doug E. Fresh - The Show\n  Eric B. & Rakim - Don't Sweat the Technique\n  Salt-N-Pepa - Whatta Man\n  The Sugarhill Gang - Rapper's Delight", 'random_selected': False}
2026-04-20 19:45:27,390 : INFO : EventManager : Event: ======'machine_var_audits_switches_s_flipper_right'====== Args={'value': 824, 'prev_value': 823, 'change': 1}
2026-04-20 19:45:27,473 : INFO : SwitchController : <<<<<<< 's_flipper_right' inactive >>>>>>>
2026-04-20 19:45:29,756 : INFO : SwitchController : <<<<<<< 's_flipper_left' active >>>>>>>
2026-04-20 19:45:29,757 : INFO : EventManager : Event: ======'song_select_updated'====== Args={'genre': 'Heavy Metal', 'song_title': 'Black Sabbath - Paranoid', 'sound_key': 'Black Sabbath - Paranoid', 'audio_path': 'res://sounds/music/Genres/Heavy Metal/Black Sabbath - Paranoid.mp3', 'song_bus': 'music', 'song_start_at': 0.0, 'has_audio': True, 'stage': 'genre', 'genres': ['?', 'Alternative', 'Brit Invasion', 'Disco', 'Doo Wop', 'Folk', 'Folk Rock', 'Funk', 'Glitter:Glam', 'Grunge', 'Hard Rock', 'Heavy Metal', 'Hip Hop', 'New Wave', 'Pop Rock', 'Prog Rock', 'Psychedelic', 'Punk (70s)', 'Punk (80s)', 'R+B', 'Rap', 'Rock-a-Billy', 'Soul', 'Southern Rock'], 'genre_index': 13, 'genre_count': 25, 'selected_genre_index': 11, 'song_index': 1, 'song_count': 6, 'songs_text': '> Black Sabbath - Paranoid\n  Dio - Rainbow In the Dark\n  Iron Maiden - The Trooper\n  Judas Priest - Breaking The Law\n  Metallica - The Wait\n  Motorhead - Ace of Spades', 'random_selected': False}
2026-04-20 19:45:29,757 : INFO : EventManager : Event: ======'machine_var_audits_switches_s_flipper_left'====== Args={'value': 649, 'prev_value': 648, 'change': 1}
2026-04-20 19:45:29,873 : INFO : SwitchController : <<<<<<< 's_flipper_left' inactive >>>>>>>
2026-04-20 19:45:29,956 : INFO : SwitchController : <<<<<<< 's_flipper_left' active >>>>>>>
2026-04-20 19:45:29,956 : INFO : EventManager : Event: ======'song_select_updated'====== Args={'genre': 'Hard Rock', 'song_title': 'AC:DC - Back In Black', 'sound_key': 'AC:DC - Back In Black', 'audio_path': 'res://sounds/music/Genres/Hard Rock/AC:DC - Back In Black.mp3', 'song_bus': 'music', 'song_start_at': 0.0, 'has_audio': True, 'stage': 'genre', 'genres': ['?', 'Alternative', 'Brit Invasion', 'Disco', 'Doo Wop', 'Folk', 'Folk Rock', 'Funk', 'Glitter:Glam', 'Grunge', 'Hard Rock', 'Heavy Metal', 'Hip Hop', 'New Wave', 'Pop Rock', 'Prog Rock', 'Psychedelic', 'Punk (70s)', 'Punk (80s)', 'R+B', 'Rap', 'Rock-a-Billy', 'Soul', 'Southern Rock'], 'genre_index': 12, 'genre_count': 25, 'selected_genre_index': 10, 'song_index': 1, 'song_count': 9, 'songs_text': "> AC:DC - Back In Black\n  Aerosmith - Same Old Song and Dance\n  Deep Purple - Smoke On The Water\n  Grand Funk Railroad - We're An American Band\n  Heart - Barracuda\n  Led Zeppelin - Immigrant Song\n  Ted Nugent - Stranglehold", 'random_selected': False}
2026-04-20 19:45:29,956 : INFO : EventManager : Event: ======'machine_var_audits_switches_s_flipper_left'====== Args={'value': 650, 'prev_value': 649, 'change': 1}
2026-04-20 19:45:30,039 : INFO : SwitchController : <<<<<<< 's_flipper_left' inactive >>>>>>>
2026-04-20 19:45:30,123 : INFO : SwitchController : <<<<<<< 's_flipper_left' active >>>>>>>
2026-04-20 19:45:30,123 : INFO : EventManager : Event: ======'song_select_updated'====== Args={'genre': 'Grunge', 'song_title': 'Alice in Chains - Man in the Box', 'sound_key': 'Alice in Chains - Man in the Box', 'audio_path': 'res://sounds/music/Genres/Grunge/Alice in Chains - Man in the Box.mp3', 'song_bus': 'music', 'song_start_at': 0.0, 'has_audio': True, 'stage': 'genre', 'genres': ['?', 'Alternative', 'Brit Invasion', 'Disco', 'Doo Wop', 'Folk', 'Folk Rock', 'Funk', 'Glitter:Glam', 'Grunge', 'Hard Rock', 'Heavy Metal', 'Hip Hop', 'New Wave', 'Pop Rock', 'Prog Rock', 'Psychedelic', 'Punk (70s)', 'Punk (80s)', 'R+B', 'Rap', 'Rock-a-Billy', 'Soul', 'Southern Rock'], 'genre_index': 11, 'genre_count': 25, 'selected_genre_index': 9, 'song_index': 1, 'song_count': 5, 'songs_text': '> Alice in Chains - Man in the Box\n  Mudhoney - Overblown\n  Nirvana - Smells Like Teen Spirit\n  Pearl Jam - Even Flow\n  Soundgarden - Spoonman', 'random_selected': False}
2026-04-20 19:45:30,123 : INFO : EventManager : Event: ======'machine_var_audits_switches_s_flipper_left'====== Args={'value': 651, 'prev_value': 650, 'change': 1}
2026-04-20 19:45:30,206 : INFO : SwitchController : <<<<<<< 's_flipper_left' inactive >>>>>>>
2026-04-20 19:45:30,289 : INFO : SwitchController : <<<<<<< 's_flipper_left' active >>>>>>>
2026-04-20 19:45:30,290 : INFO : EventManager : Event: ======'song_select_updated'====== Args={'genre': 'Glitter:Glam', 'song_title': "Alice Cooper - School's Out", 'sound_key': "Alice Cooper - School's Out", 'audio_path': "res://sounds/music/Genres/Glitter:Glam/Alice Cooper - School's Out.mp3", 'song_bus': 'music', 'song_start_at': 0.0, 'has_audio': True, 'stage': 'genre', 'genres': ['?', 'Alternative', 'Brit Invasion', 'Disco', 'Doo Wop', 'Folk', 'Folk Rock', 'Funk', 'Glitter:Glam', 'Grunge', 'Hard Rock', 'Heavy Metal', 'Hip Hop', 'New Wave', 'Pop Rock', 'Prog Rock', 'Psychedelic', 'Punk (70s)', 'Punk (80s)', 'R+B', 'Rap', 'Rock-a-Billy', 'Soul', 'Southern Rock'], 'genre_index': 10, 'genre_count': 25, 'selected_genre_index': 8, 'song_index': 1, 'song_count': 5, 'songs_text': "> Alice Cooper - School's Out\n  David Bowie - Suffragette City\n  KISS - I Was Made For Loving You\n  Roxy Music - More Than This\n  T. Rex - Bang a Gong (Get It On)", 'random_selected': False}
2026-04-20 19:45:30,290 : INFO : EventManager : Event: ======'machine_var_audits_switches_s_flipper_left'====== Args={'value': 652, 'prev_value': 651, 'change': 1}
2026-04-20 19:45:30,373 : INFO : SwitchController : <<<<<<< 's_flipper_left' inactive >>>>>>>
2026-04-20 19:45:30,440 : INFO : SwitchController : <<<<<<< 's_flipper_left' active >>>>>>>
2026-04-20 19:45:30,440 : INFO : EventManager : Event: ======'song_select_updated'====== Args={'genre': 'Funk', 'song_title': 'Con Funk Shun - Ffun', 'sound_key': 'Con Funk Shun - Ffun', 'audio_path': 'res://sounds/music/Genres/Funk/Con Funk Shun - Ffun.mp3', 'song_bus': 'music', 'song_start_at': 0.0, 'has_audio': True, 'stage': 'genre', 'genres': ['?', 'Alternative', 'Brit Invasion', 'Disco', 'Doo Wop', 'Folk', 'Folk Rock', 'Funk', 'Glitter:Glam', 'Grunge', 'Hard Rock', 'Heavy Metal', 'Hip Hop', 'New Wave', 'Pop Rock', 'Prog Rock', 'Psychedelic', 'Punk (70s)', 'Punk (80s)', 'R+B', 'Rap', 'Rock-a-Billy', 'Soul', 'Southern Rock'], 'genre_index': 9, 'genre_count': 25, 'selected_genre_index': 7, 'song_index': 1, 'song_count': 6, 'songs_text': '> Con Funk Shun - Ffun\n  Funkadelic - Can You Get To That\n  Parliament - Give Up the Funk (Tear the Roof Off the Sucker)\n  Prince - Raspberry Beret\n  Rick James - Super Freak\n  The Isley Brothers - Between The Sheets', 'random_selected': False}
2026-04-20 19:45:30,441 : INFO : EventManager : Event: ======'machine_var_audits_switches_s_flipper_left'====== Args={'value': 653, 'prev_value': 652, 'change': 1}
2026-04-20 19:45:30,523 : INFO : SwitchController : <<<<<<< 's_flipper_left' inactive >>>>>>>
2026-04-20 19:45:30,606 : INFO : SwitchController : <<<<<<< 's_flipper_left' active >>>>>>>
2026-04-20 19:45:30,606 : INFO : EventManager : Event: ======'song_select_updated'====== Args={'genre': 'Folk Rock', 'song_title': 'Bonnie Raitt - Something to Talk About', 'sound_key': 'Bonnie Raitt - Something to Talk About', 'audio_path': 'res://sounds/music/Genres/Folk Rock/Bonnie Raitt - Something to Talk About.mp3', 'song_bus': 'music', 'song_start_at': 0.0, 'has_audio': True, 'stage': 'genre', 'genres': ['?', 'Alternative', 'Brit Invasion', 'Disco', 'Doo Wop', 'Folk', 'Folk Rock', 'Funk', 'Glitter:Glam', 'Grunge', 'Hard Rock', 'Heavy Metal', 'Hip Hop', 'New Wave', 'Pop Rock', 'Prog Rock', 'Psychedelic', 'Punk (70s)', 'Punk (80s)', 'R+B', 'Rap', 'Rock-a-Billy', 'Soul', 'Southern Rock'], 'genre_index': 8, 'genre_count': 25, 'selected_genre_index': 6, 'song_index': 1, 'song_count': 10, 'songs_text': '> Bonnie Raitt - Something to Talk About\n  Creedence Clearwater Revival - Bad Moon Rising\n  Crosby, Stills & Nash - Suite Judy Blue Eyes\n  Dave Mason - Let It Go, Let It Flow\n  Jackson Browne - Doctor My Eyes\n  Neil Young - Heart of Gold\n  Simon & Garfunkel - Mrs. Robinson', 'random_selected': False}
2026-04-20 19:45:30,607 : INFO : EventManager : Event: ======'machine_var_audits_switches_s_flipper_left'====== Args={'value': 654, 'prev_value': 653, 'change': 1}
2026-04-20 19:45:30,673 : INFO : SwitchController : <<<<<<< 's_flipper_left' inactive >>>>>>>
2026-04-20 19:45:30,756 : INFO : SwitchController : <<<<<<< 's_flipper_left' active >>>>>>>
2026-04-20 19:45:30,757 : INFO : EventManager : Event: ======'song_select_updated'====== Args={'genre': 'Folk', 'song_title': "Bob Dylan - The Times They Are A-Changin'", 'sound_key': "Bob Dylan - The Times They Are A-Changin'", 'audio_path': "res://sounds/music/Genres/Folk/Bob Dylan - The Times They Are A-Changin'.mp3", 'song_bus': 'music', 'song_start_at': 0.0, 'has_audio': True, 'stage': 'genre', 'genres': ['?', 'Alternative', 'Brit Invasion', 'Disco', 'Doo Wop', 'Folk', 'Folk Rock', 'Funk', 'Glitter:Glam', 'Grunge', 'Hard Rock', 'Heavy Metal', 'Hip Hop', 'New Wave', 'Pop Rock', 'Prog Rock', 'Psychedelic', 'Punk (70s)', 'Punk (80s)', 'R+B', 'Rap', 'Rock-a-Billy', 'Soul', 'Southern Rock'], 'genre_index': 7, 'genre_count': 25, 'selected_genre_index': 5, 'song_index': 1, 'song_count': 4, 'songs_text': "> Bob Dylan - The Times They Are A-Changin'\n  Joan Baez - Silver Dagger\n  Peter, Paul and Mary - Puff, the Magic Dragon\n  The Kingston Trio - Where Have All the Flowers Gone", 'random_selected': False}
2026-04-20 19:45:30,757 : INFO : EventManager : Event: ======'machine_var_audits_switches_s_flipper_left'====== Args={'value': 655, 'prev_value': 654, 'change': 1}
2026-04-20 19:45:30,840 : INFO : SwitchController : <<<<<<< 's_flipper_left' inactive >>>>>>>
2026-04-20 19:45:31,256 : INFO : SwitchController : <<<<<<< 's_flipper_left' active >>>>>>>
2026-04-20 19:45:31,257 : INFO : EventManager : Event: ======'song_select_updated'====== Args={'genre': 'Doo Wop', 'song_title': 'The Coasters - Yakety Yak', 'sound_key': 'The Coasters - Yakety Yak', 'audio_path': 'res://sounds/music/Genres/Doo Wop/The Coasters - Yakety Yak.mp3', 'song_bus': 'music', 'song_start_at': 0.0, 'has_audio': True, 'stage': 'genre', 'genres': ['?', 'Alternative', 'Brit Invasion', 'Disco', 'Doo Wop', 'Folk', 'Folk Rock', 'Funk', 'Glitter:Glam', 'Grunge', 'Hard Rock', 'Heavy Metal', 'Hip Hop', 'New Wave', 'Pop Rock', 'Prog Rock', 'Psychedelic', 'Punk (70s)', 'Punk (80s)', 'R+B', 'Rap', 'Rock-a-Billy', 'Soul', 'Southern Rock'], 'genre_index': 6, 'genre_count': 25, 'selected_genre_index': 4, 'song_index': 1, 'song_count': 4, 'songs_text': '> The Coasters - Yakety Yak\n  The Drifters - Save the Last Dance for Me\n  The Platters - Only You\n  The Temptations - My Girl', 'random_selected': False}
2026-04-20 19:45:31,257 : INFO : EventManager : Event: ======'machine_var_audits_switches_s_flipper_left'====== Args={'value': 656, 'prev_value': 655, 'change': 1}
2026-04-20 19:45:31,373 : INFO : SwitchController : <<<<<<< 's_flipper_left' inactive >>>>>>>
2026-04-20 19:45:31,440 : INFO : SwitchController : <<<<<<< 's_flipper_left' active >>>>>>>
2026-04-20 19:45:31,440 : INFO : EventManager : Event: ======'song_select_updated'====== Args={'genre': 'Disco', 'song_title': "Bee Gees - Stayin' Alive", 'sound_key': "Bee Gees - Stayin' Alive", 'audio_path': "res://sounds/music/Genres/Disco/Bee Gees - Stayin' Alive.mp3", 'song_bus': 'music', 'song_start_at': 0.0, 'has_audio': True, 'stage': 'genre', 'genres': ['?', 'Alternative', 'Brit Invasion', 'Disco', 'Doo Wop', 'Folk', 'Folk Rock', 'Funk', 'Glitter:Glam', 'Grunge', 'Hard Rock', 'Heavy Metal', 'Hip Hop', 'New Wave', 'Pop Rock', 'Prog Rock', 'Psychedelic', 'Punk (70s)', 'Punk (80s)', 'R+B', 'Rap', 'Rock-a-Billy', 'Soul', 'Southern Rock'], 'genre_index': 5, 'genre_count': 25, 'selected_genre_index': 3, 'song_index': 1, 'song_count': 4, 'songs_text': "> Bee Gees - Stayin' Alive\n  Donna Summer - Bad Girls\n  KC and the Sunshine Band - That's the Way (I Like It)\n  Village People - Macho Man", 'random_selected': False}
2026-04-20 19:45:31,440 : INFO : EventManager : Event: ======'machine_var_audits_switches_s_flipper_left'====== Args={'value': 657, 'prev_value': 656, 'change': 1}
2026-04-20 19:45:31,479 : INFO : EventManager : Event: ======'balldevice_bd_trough_ball_eject_failed'====== Args={'target': <ball_device.bd_plunger>, 'balls': 1, 'retry': True, 'num_attempts': 1}
2026-04-20 19:45:31,480 : INFO : ball_device.bd_trough : State: waiting_for_target_ready
2026-04-20 19:45:31,480 : INFO : EventManager : Event: ======'balldevice_bd_trough_ball_eject_attempt'====== Args={'balls': 1, 'target': <ball_device.bd_plunger>, 'source': <ball_device.bd_trough>, 'mechanical_eject': False, 'num_attempts': 1}
2026-04-20 19:45:31,480 : INFO : ball_device.bd_trough : State: ejecting
2026-04-20 19:45:31,480 : INFO : ball_device.bd_trough : Ejecting ball to <ball_device.bd_plunger>
2026-04-20 19:45:31,480 : INFO : EventManager : Event: ======'balldevice_bd_trough_ejecting_ball'====== Args={'balls': 1, 'target': <ball_device.bd_plunger>, 'source': <ball_device.bd_trough>, 'mechanical_eject': False, 'num_attempts': 1}
2026-04-20 19:45:31,481 : INFO : ball_device.bd_trough : Wait for ball to leave device
2026-04-20 19:45:31,481 : INFO : coil.c_trough_eject : Pulsing Driver for 10ms (1.0 pulse_power)
2026-04-20 19:45:31,539 : INFO : SwitchController : <<<<<<< 's_flipper_left' inactive >>>>>>>
2026-04-20 19:45:31,623 : INFO : SwitchController : <<<<<<< 's_flipper_left' active >>>>>>>
2026-04-20 19:45:31,623 : INFO : EventManager : Event: ======'song_select_updated'====== Args={'genre': 'Brit Invasion', 'song_title': 'Cream - Sunshine Of Your Love', 'sound_key': 'Cream - Sunshine Of Your Love', 'audio_path': 'res://sounds/music/Genres/Brit Invasion/Cream - Sunshine Of Your Love.mp3', 'song_bus': 'music', 'song_start_at': 0.0, 'has_audio': True, 'stage': 'genre', 'genres': ['?', 'Alternative', 'Brit Invasion', 'Disco', 'Doo Wop', 'Folk', 'Folk Rock', 'Funk', 'Glitter:Glam', 'Grunge', 'Hard Rock', 'Heavy Metal', 'Hip Hop', 'New Wave', 'Pop Rock', 'Prog Rock', 'Psychedelic', 'Punk (70s)', 'Punk (80s)', 'R+B', 'Rap', 'Rock-a-Billy', 'Soul', 'Southern Rock'], 'genre_index': 4, 'genre_count': 25, 'selected_genre_index': 2, 'song_index': 1, 'song_count': 6, 'songs_text': "> Cream - Sunshine Of Your Love\n  The Animals Don't Let Me Be Misunderstood\n  The Beatles - I Want To Hold Your Hand\n  The Kinks- You Really Got Me\n  The Rolling Stones - Start Me Up\n  The Yardbirds - For Your Love", 'random_selected': False}
2026-04-20 19:45:31,624 : INFO : EventManager : Event: ======'machine_var_audits_switches_s_flipper_left'====== Args={'value': 658, 'prev_value': 657, 'change': 1}
2026-04-20 19:45:31,706 : INFO : SwitchController : <<<<<<< 's_flipper_left' inactive >>>>>>>
2026-04-20 19:45:32,006 : INFO : SwitchController : <<<<<<< 's_flipper_right' active >>>>>>>
2026-04-20 19:45:32,006 : INFO : EventManager : Event: ======'song_select_updated'====== Args={'genre': 'Disco', 'song_title': "Bee Gees - Stayin' Alive", 'sound_key': "Bee Gees - Stayin' Alive", 'audio_path': "res://sounds/music/Genres/Disco/Bee Gees - Stayin' Alive.mp3", 'song_bus': 'music', 'song_start_at': 0.0, 'has_audio': True, 'stage': 'genre', 'genres': ['?', 'Alternative', 'Brit Invasion', 'Disco', 'Doo Wop', 'Folk', 'Folk Rock', 'Funk', 'Glitter:Glam', 'Grunge', 'Hard Rock', 'Heavy Metal', 'Hip Hop', 'New Wave', 'Pop Rock', 'Prog Rock', 'Psychedelic', 'Punk (70s)', 'Punk (80s)', 'R+B', 'Rap', 'Rock-a-Billy', 'Soul', 'Southern Rock'], 'genre_index': 5, 'genre_count': 25, 'selected_genre_index': 3, 'song_index': 1, 'song_count': 4, 'songs_text': "> Bee Gees - Stayin' Alive\n  Donna Summer - Bad Girls\n  KC and the Sunshine Band - That's the Way (I Like It)\n  Village People - Macho Man", 'random_selected': False}
2026-04-20 19:45:32,007 : INFO : EventManager : Event: ======'machine_var_audits_switches_s_flipper_right'====== Args={'value': 825, 'prev_value': 824, 'change': 1}
2026-04-20 19:45:32,106 : INFO : SwitchController : <<<<<<< 's_flipper_right' inactive >>>>>>>
2026-04-20 19:45:32,239 : INFO : SwitchController : <<<<<<< 's_flipper_right' active >>>>>>>
2026-04-20 19:45:32,240 : INFO : EventManager : Event: ======'song_select_updated'====== Args={'genre': 'Doo Wop', 'song_title': 'The Coasters - Yakety Yak', 'sound_key': 'The Coasters - Yakety Yak', 'audio_path': 'res://sounds/music/Genres/Doo Wop/The Coasters - Yakety Yak.mp3', 'song_bus': 'music', 'song_start_at': 0.0, 'has_audio': True, 'stage': 'genre', 'genres': ['?', 'Alternative', 'Brit Invasion', 'Disco', 'Doo Wop', 'Folk', 'Folk Rock', 'Funk', 'Glitter:Glam', 'Grunge', 'Hard Rock', 'Heavy Metal', 'Hip Hop', 'New Wave', 'Pop Rock', 'Prog Rock', 'Psychedelic', 'Punk (70s)', 'Punk (80s)', 'R+B', 'Rap', 'Rock-a-Billy', 'Soul', 'Southern Rock'], 'genre_index': 6, 'genre_count': 25, 'selected_genre_index': 4, 'song_index': 1, 'song_count': 4, 'songs_text': '> The Coasters - Yakety Yak\n  The Drifters - Save the Last Dance for Me\n  The Platters - Only You\n  The Temptations - My Girl', 'random_selected': False}
2026-04-20 19:45:32,240 : INFO : EventManager : Event: ======'machine_var_audits_switches_s_flipper_right'====== Args={'value': 826, 'prev_value': 825, 'change': 1}
2026-04-20 19:45:32,323 : INFO : SwitchController : <<<<<<< 's_flipper_right' inactive >>>>>>>
2026-04-20 19:45:32,407 : INFO : SwitchController : <<<<<<< 's_flipper_right' active >>>>>>>
2026-04-20 19:45:32,407 : INFO : EventManager : Event: ======'song_select_updated'====== Args={'genre': 'Folk', 'song_title': "Bob Dylan - The Times They Are A-Changin'", 'sound_key': "Bob Dylan - The Times They Are A-Changin'", 'audio_path': "res://sounds/music/Genres/Folk/Bob Dylan - The Times They Are A-Changin'.mp3", 'song_bus': 'music', 'song_start_at': 0.0, 'has_audio': True, 'stage': 'genre', 'genres': ['?', 'Alternative', 'Brit Invasion', 'Disco', 'Doo Wop', 'Folk', 'Folk Rock', 'Funk', 'Glitter:Glam', 'Grunge', 'Hard Rock', 'Heavy Metal', 'Hip Hop', 'New Wave', 'Pop Rock', 'Prog Rock', 'Psychedelic', 'Punk (70s)', 'Punk (80s)', 'R+B', 'Rap', 'Rock-a-Billy', 'Soul', 'Southern Rock'], 'genre_index': 7, 'genre_count': 25, 'selected_genre_index': 5, 'song_index': 1, 'song_count': 4, 'songs_text': "> Bob Dylan - The Times They Are A-Changin'\n  Joan Baez - Silver Dagger\n  Peter, Paul and Mary - Puff, the Magic Dragon\n  The Kingston Trio - Where Have All the Flowers Gone", 'random_selected': False}
2026-04-20 19:45:32,407 : INFO : EventManager : Event: ======'machine_var_audits_switches_s_flipper_right'====== Args={'value': 827, 'prev_value': 826, 'change': 1}
2026-04-20 19:45:32,490 : INFO : SwitchController : <<<<<<< 's_flipper_right' inactive >>>>>>>
2026-04-20 19:45:32,589 : INFO : SwitchController : <<<<<<< 's_flipper_right' active >>>>>>>
2026-04-20 19:45:32,590 : INFO : EventManager : Event: ======'song_select_updated'====== Args={'genre': 'Folk Rock', 'song_title': 'Bonnie Raitt - Something to Talk About', 'sound_key': 'Bonnie Raitt - Something to Talk About', 'audio_path': 'res://sounds/music/Genres/Folk Rock/Bonnie Raitt - Something to Talk About.mp3', 'song_bus': 'music', 'song_start_at': 0.0, 'has_audio': True, 'stage': 'genre', 'genres': ['?', 'Alternative', 'Brit Invasion', 'Disco', 'Doo Wop', 'Folk', 'Folk Rock', 'Funk', 'Glitter:Glam', 'Grunge', 'Hard Rock', 'Heavy Metal', 'Hip Hop', 'New Wave', 'Pop Rock', 'Prog Rock', 'Psychedelic', 'Punk (70s)', 'Punk (80s)', 'R+B', 'Rap', 'Rock-a-Billy', 'Soul', 'Southern Rock'], 'genre_index': 8, 'genre_count': 25, 'selected_genre_index': 6, 'song_index': 1, 'song_count': 10, 'songs_text': '> Bonnie Raitt - Something to Talk About\n  Creedence Clearwater Revival - Bad Moon Rising\n  Crosby, Stills & Nash - Suite Judy Blue Eyes\n  Dave Mason - Let It Go, Let It Flow\n  Jackson Browne - Doctor My Eyes\n  Neil Young - Heart of Gold\n  Simon & Garfunkel - Mrs. Robinson', 'random_selected': False}
2026-04-20 19:45:32,590 : INFO : EventManager : Event: ======'machine_var_audits_switches_s_flipper_right'====== Args={'value': 828, 'prev_value': 827, 'change': 1}
2026-04-20 19:45:32,656 : INFO : SwitchController : <<<<<<< 's_flipper_right' inactive >>>>>>>
2026-04-20 19:45:32,778 : INFO : SwitchController : <<<<<<< 's_flipper_right' active >>>>>>>
2026-04-20 19:45:32,778 : INFO : EventManager : Event: ======'song_select_updated'====== Args={'genre': 'Funk', 'song_title': 'Con Funk Shun - Ffun', 'sound_key': 'Con Funk Shun - Ffun', 'audio_path': 'res://sounds/music/Genres/Funk/Con Funk Shun - Ffun.mp3', 'song_bus': 'music', 'song_start_at': 0.0, 'has_audio': True, 'stage': 'genre', 'genres': ['?', 'Alternative', 'Brit Invasion', 'Disco', 'Doo Wop', 'Folk', 'Folk Rock', 'Funk', 'Glitter:Glam', 'Grunge', 'Hard Rock', 'Heavy Metal', 'Hip Hop', 'New Wave', 'Pop Rock', 'Prog Rock', 'Psychedelic', 'Punk (70s)', 'Punk (80s)', 'R+B', 'Rap', 'Rock-a-Billy', 'Soul', 'Southern Rock'], 'genre_index': 9, 'genre_count': 25, 'selected_genre_index': 7, 'song_index': 1, 'song_count': 6, 'songs_text': '> Con Funk Shun - Ffun\n  Funkadelic - Can You Get To That\n  Parliament - Give Up the Funk (Tear the Roof Off the Sucker)\n  Prince - Raspberry Beret\n  Rick James - Super Freak\n  The Isley Brothers - Between The Sheets', 'random_selected': False}
2026-04-20 19:45:32,778 : INFO : EventManager : Event: ======'machine_var_audits_switches_s_flipper_right'====== Args={'value': 829, 'prev_value': 828, 'change': 1}
2026-04-20 19:45:32,856 : INFO : SwitchController : <<<<<<< 's_flipper_right' inactive >>>>>>>
2026-04-20 19:45:33,306 : INFO : SwitchController : <<<<<<< 's_flipper_left' active >>>>>>>
2026-04-20 19:45:33,307 : INFO : EventManager : Event: ======'song_select_updated'====== Args={'genre': 'Folk Rock', 'song_title': 'Bonnie Raitt - Something to Talk About', 'sound_key': 'Bonnie Raitt - Something to Talk About', 'audio_path': 'res://sounds/music/Genres/Folk Rock/Bonnie Raitt - Something to Talk About.mp3', 'song_bus': 'music', 'song_start_at': 0.0, 'has_audio': True, 'stage': 'genre', 'genres': ['?', 'Alternative', 'Brit Invasion', 'Disco', 'Doo Wop', 'Folk', 'Folk Rock', 'Funk', 'Glitter:Glam', 'Grunge', 'Hard Rock', 'Heavy Metal', 'Hip Hop', 'New Wave', 'Pop Rock', 'Prog Rock', 'Psychedelic', 'Punk (70s)', 'Punk (80s)', 'R+B', 'Rap', 'Rock-a-Billy', 'Soul', 'Southern Rock'], 'genre_index': 8, 'genre_count': 25, 'selected_genre_index': 6, 'song_index': 1, 'song_count': 10, 'songs_text': '> Bonnie Raitt - Something to Talk About\n  Creedence Clearwater Revival - Bad Moon Rising\n  Crosby, Stills & Nash - Suite Judy Blue Eyes\n  Dave Mason - Let It Go, Let It Flow\n  Jackson Browne - Doctor My Eyes\n  Neil Young - Heart of Gold\n  Simon & Garfunkel - Mrs. Robinson', 'random_selected': False}
2026-04-20 19:45:33,307 : INFO : EventManager : Event: ======'machine_var_audits_switches_s_flipper_left'====== Args={'value': 659, 'prev_value': 658, 'change': 1}
2026-04-20 19:45:33,456 : INFO : SwitchController : <<<<<<< 's_flipper_left' inactive >>>>>>>
2026-04-20 19:45:33,523 : INFO : SwitchController : <<<<<<< 's_flipper_left' active >>>>>>>
2026-04-20 19:45:33,524 : INFO : EventManager : Event: ======'song_select_updated'====== Args={'genre': 'Folk', 'song_title': "Bob Dylan - The Times They Are A-Changin'", 'sound_key': "Bob Dylan - The Times They Are A-Changin'", 'audio_path': "res://sounds/music/Genres/Folk/Bob Dylan - The Times They Are A-Changin'.mp3", 'song_bus': 'music', 'song_start_at': 0.0, 'has_audio': True, 'stage': 'genre', 'genres': ['?', 'Alternative', 'Brit Invasion', 'Disco', 'Doo Wop', 'Folk', 'Folk Rock', 'Funk', 'Glitter:Glam', 'Grunge', 'Hard Rock', 'Heavy Metal', 'Hip Hop', 'New Wave', 'Pop Rock', 'Prog Rock', 'Psychedelic', 'Punk (70s)', 'Punk (80s)', 'R+B', 'Rap', 'Rock-a-Billy', 'Soul', 'Southern Rock'], 'genre_index': 7, 'genre_count': 25, 'selected_genre_index': 5, 'song_index': 1, 'song_count': 4, 'songs_text': "> Bob Dylan - The Times They Are A-Changin'\n  Joan Baez - Silver Dagger\n  Peter, Paul and Mary - Puff, the Magic Dragon\n  The Kingston Trio - Where Have All the Flowers Gone", 'random_selected': False}
2026-04-20 19:45:33,524 : INFO : EventManager : Event: ======'machine_var_audits_switches_s_flipper_left'====== Args={'value': 660, 'prev_value': 659, 'change': 1}
2026-04-20 19:45:33,623 : INFO : SwitchController : <<<<<<< 's_flipper_left' inactive >>>>>>>
2026-04-20 19:45:33,789 : INFO : SwitchController : <<<<<<< 's_flipper_left' active >>>>>>>
2026-04-20 19:45:33,790 : INFO : EventManager : Event: ======'song_select_updated'====== Args={'genre': 'Doo Wop', 'song_title': 'The Coasters - Yakety Yak', 'sound_key': 'The Coasters - Yakety Yak', 'audio_path': 'res://sounds/music/Genres/Doo Wop/The Coasters - Yakety Yak.mp3', 'song_bus': 'music', 'song_start_at': 0.0, 'has_audio': True, 'stage': 'genre', 'genres': ['?', 'Alternative', 'Brit Invasion', 'Disco', 'Doo Wop', 'Folk', 'Folk Rock', 'Funk', 'Glitter:Glam', 'Grunge', 'Hard Rock', 'Heavy Metal', 'Hip Hop', 'New Wave', 'Pop Rock', 'Prog Rock', 'Psychedelic', 'Punk (70s)', 'Punk (80s)', 'R+B', 'Rap', 'Rock-a-Billy', 'Soul', 'Southern Rock'], 'genre_index': 6, 'genre_count': 25, 'selected_genre_index': 4, 'song_index': 1, 'song_count': 4, 'songs_text': '> The Coasters - Yakety Yak\n  The Drifters - Save the Last Dance for Me\n  The Platters - Only You\n  The Temptations - My Girl', 'random_selected': False}
2026-04-20 19:45:33,790 : INFO : EventManager : Event: ======'machine_var_audits_switches_s_flipper_left'====== Args={'value': 661, 'prev_value': 660, 'change': 1}
2026-04-20 19:45:33,940 : INFO : SwitchController : <<<<<<< 's_flipper_left' inactive >>>>>>>
2026-04-20 19:45:34,223 : INFO : SwitchController : <<<<<<< 's_flipper_right' active >>>>>>>
2026-04-20 19:45:34,223 : INFO : EventManager : Event: ======'song_select_updated'====== Args={'genre': 'Folk', 'song_title': "Bob Dylan - The Times They Are A-Changin'", 'sound_key': "Bob Dylan - The Times They Are A-Changin'", 'audio_path': "res://sounds/music/Genres/Folk/Bob Dylan - The Times They Are A-Changin'.mp3", 'song_bus': 'music', 'song_start_at': 0.0, 'has_audio': True, 'stage': 'genre', 'genres': ['?', 'Alternative', 'Brit Invasion', 'Disco', 'Doo Wop', 'Folk', 'Folk Rock', 'Funk', 'Glitter:Glam', 'Grunge', 'Hard Rock', 'Heavy Metal', 'Hip Hop', 'New Wave', 'Pop Rock', 'Prog Rock', 'Psychedelic', 'Punk (70s)', 'Punk (80s)', 'R+B', 'Rap', 'Rock-a-Billy', 'Soul', 'Southern Rock'], 'genre_index': 7, 'genre_count': 25, 'selected_genre_index': 5, 'song_index': 1, 'song_count': 4, 'songs_text': "> Bob Dylan - The Times They Are A-Changin'\n  Joan Baez - Silver Dagger\n  Peter, Paul and Mary - Puff, the Magic Dragon\n  The Kingston Trio - Where Have All the Flowers Gone", 'random_selected': False}
2026-04-20 19:45:34,223 : INFO : EventManager : Event: ======'machine_var_audits_switches_s_flipper_right'====== Args={'value': 830, 'prev_value': 829, 'change': 1}
2026-04-20 19:45:34,356 : INFO : SwitchController : <<<<<<< 's_flipper_right' inactive >>>>>>>
2026-04-20 19:45:34,440 : INFO : SwitchController : <<<<<<< 's_flipper_right' active >>>>>>>
2026-04-20 19:45:34,440 : INFO : EventManager : Event: ======'song_select_updated'====== Args={'genre': 'Folk Rock', 'song_title': 'Bonnie Raitt - Something to Talk About', 'sound_key': 'Bonnie Raitt - Something to Talk About', 'audio_path': 'res://sounds/music/Genres/Folk Rock/Bonnie Raitt - Something to Talk About.mp3', 'song_bus': 'music', 'song_start_at': 0.0, 'has_audio': True, 'stage': 'genre', 'genres': ['?', 'Alternative', 'Brit Invasion', 'Disco', 'Doo Wop', 'Folk', 'Folk Rock', 'Funk', 'Glitter:Glam', 'Grunge', 'Hard Rock', 'Heavy Metal', 'Hip Hop', 'New Wave', 'Pop Rock', 'Prog Rock', 'Psychedelic', 'Punk (70s)', 'Punk (80s)', 'R+B', 'Rap', 'Rock-a-Billy', 'Soul', 'Southern Rock'], 'genre_index': 8, 'genre_count': 25, 'selected_genre_index': 6, 'song_index': 1, 'song_count': 10, 'songs_text': '> Bonnie Raitt - Something to Talk About\n  Creedence Clearwater Revival - Bad Moon Rising\n  Crosby, Stills & Nash - Suite Judy Blue Eyes\n  Dave Mason - Let It Go, Let It Flow\n  Jackson Browne - Doctor My Eyes\n  Neil Young - Heart of Gold\n  Simon & Garfunkel - Mrs. Robinson', 'random_selected': False}
2026-04-20 19:45:34,441 : INFO : EventManager : Event: ======'machine_var_audits_switches_s_flipper_right'====== Args={'value': 831, 'prev_value': 830, 'change': 1}
2026-04-20 19:45:34,573 : INFO : SwitchController : <<<<<<< 's_flipper_right' inactive >>>>>>>
2026-04-20 19:45:34,689 : INFO : SwitchController : <<<<<<< 's_flipper_right' active >>>>>>>
2026-04-20 19:45:34,690 : INFO : EventManager : Event: ======'song_select_updated'====== Args={'genre': 'Funk', 'song_title': 'Con Funk Shun - Ffun', 'sound_key': 'Con Funk Shun - Ffun', 'audio_path': 'res://sounds/music/Genres/Funk/Con Funk Shun - Ffun.mp3', 'song_bus': 'music', 'song_start_at': 0.0, 'has_audio': True, 'stage': 'genre', 'genres': ['?', 'Alternative', 'Brit Invasion', 'Disco', 'Doo Wop', 'Folk', 'Folk Rock', 'Funk', 'Glitter:Glam', 'Grunge', 'Hard Rock', 'Heavy Metal', 'Hip Hop', 'New Wave', 'Pop Rock', 'Prog Rock', 'Psychedelic', 'Punk (70s)', 'Punk (80s)', 'R+B', 'Rap', 'Rock-a-Billy', 'Soul', 'Southern Rock'], 'genre_index': 9, 'genre_count': 25, 'selected_genre_index': 7, 'song_index': 1, 'song_count': 6, 'songs_text': '> Con Funk Shun - Ffun\n  Funkadelic - Can You Get To That\n  Parliament - Give Up the Funk (Tear the Roof Off the Sucker)\n  Prince - Raspberry Beret\n  Rick James - Super Freak\n  The Isley Brothers - Between The Sheets', 'random_selected': False}
2026-04-20 19:45:34,690 : INFO : EventManager : Event: ======'machine_var_audits_switches_s_flipper_right'====== Args={'value': 832, 'prev_value': 831, 'change': 1}
2026-04-20 19:45:34,806 : INFO : SwitchController : <<<<<<< 's_flipper_right' inactive >>>>>>>
2026-04-20 19:45:35,140 : INFO : SwitchController : <<<<<<< 's_flipper_right' active >>>>>>>
2026-04-20 19:45:35,140 : INFO : EventManager : Event: ======'song_select_updated'====== Args={'genre': 'Glitter:Glam', 'song_title': "Alice Cooper - School's Out", 'sound_key': "Alice Cooper - School's Out", 'audio_path': "res://sounds/music/Genres/Glitter:Glam/Alice Cooper - School's Out.mp3", 'song_bus': 'music', 'song_start_at': 0.0, 'has_audio': True, 'stage': 'genre', 'genres': ['?', 'Alternative', 'Brit Invasion', 'Disco', 'Doo Wop', 'Folk', 'Folk Rock', 'Funk', 'Glitter:Glam', 'Grunge', 'Hard Rock', 'Heavy Metal', 'Hip Hop', 'New Wave', 'Pop Rock', 'Prog Rock', 'Psychedelic', 'Punk (70s)', 'Punk (80s)', 'R+B', 'Rap', 'Rock-a-Billy', 'Soul', 'Southern Rock'], 'genre_index': 10, 'genre_count': 25, 'selected_genre_index': 8, 'song_index': 1, 'song_count': 5, 'songs_text': "> Alice Cooper - School's Out\n  David Bowie - Suffragette City\n  KISS - I Was Made For Loving You\n  Roxy Music - More Than This\n  T. Rex - Bang a Gong (Get It On)", 'random_selected': False}
2026-04-20 19:45:35,140 : INFO : EventManager : Event: ======'machine_var_audits_switches_s_flipper_right'====== Args={'value': 833, 'prev_value': 832, 'change': 1}
2026-04-20 19:45:35,290 : INFO : SwitchController : <<<<<<< 's_flipper_right' inactive >>>>>>>
2026-04-20 19:45:35,673 : INFO : SwitchController : <<<<<<< 's_flipper_left' active >>>>>>>
2026-04-20 19:45:35,674 : INFO : EventManager : Event: ======'song_select_updated'====== Args={'genre': 'Funk', 'song_title': 'Con Funk Shun - Ffun', 'sound_key': 'Con Funk Shun - Ffun', 'audio_path': 'res://sounds/music/Genres/Funk/Con Funk Shun - Ffun.mp3', 'song_bus': 'music', 'song_start_at': 0.0, 'has_audio': True, 'stage': 'genre', 'genres': ['?', 'Alternative', 'Brit Invasion', 'Disco', 'Doo Wop', 'Folk', 'Folk Rock', 'Funk', 'Glitter:Glam', 'Grunge', 'Hard Rock', 'Heavy Metal', 'Hip Hop', 'New Wave', 'Pop Rock', 'Prog Rock', 'Psychedelic', 'Punk (70s)', 'Punk (80s)', 'R+B', 'Rap', 'Rock-a-Billy', 'Soul', 'Southern Rock'], 'genre_index': 9, 'genre_count': 25, 'selected_genre_index': 7, 'song_index': 1, 'song_count': 6, 'songs_text': '> Con Funk Shun - Ffun\n  Funkadelic - Can You Get To That\n  Parliament - Give Up the Funk (Tear the Roof Off the Sucker)\n  Prince - Raspberry Beret\n  Rick James - Super Freak\n  The Isley Brothers - Between The Sheets', 'random_selected': False}
2026-04-20 19:45:35,674 : INFO : EventManager : Event: ======'machine_var_audits_switches_s_flipper_left'====== Args={'value': 662, 'prev_value': 661, 'change': 1}
2026-04-20 19:45:35,790 : INFO : SwitchController : <<<<<<< 's_flipper_left' inactive >>>>>>>
2026-04-20 19:45:35,857 : INFO : SwitchController : <<<<<<< 's_flipper_left' active >>>>>>>
2026-04-20 19:45:35,857 : INFO : EventManager : Event: ======'song_select_updated'====== Args={'genre': 'Folk Rock', 'song_title': 'Bonnie Raitt - Something to Talk About', 'sound_key': 'Bonnie Raitt - Something to Talk About', 'audio_path': 'res://sounds/music/Genres/Folk Rock/Bonnie Raitt - Something to Talk About.mp3', 'song_bus': 'music', 'song_start_at': 0.0, 'has_audio': True, 'stage': 'genre', 'genres': ['?', 'Alternative', 'Brit Invasion', 'Disco', 'Doo Wop', 'Folk', 'Folk Rock', 'Funk', 'Glitter:Glam', 'Grunge', 'Hard Rock', 'Heavy Metal', 'Hip Hop', 'New Wave', 'Pop Rock', 'Prog Rock', 'Psychedelic', 'Punk (70s)', 'Punk (80s)', 'R+B', 'Rap', 'Rock-a-Billy', 'Soul', 'Southern Rock'], 'genre_index': 8, 'genre_count': 25, 'selected_genre_index': 6, 'song_index': 1, 'song_count': 10, 'songs_text': '> Bonnie Raitt - Something to Talk About\n  Creedence Clearwater Revival - Bad Moon Rising\n  Crosby, Stills & Nash - Suite Judy Blue Eyes\n  Dave Mason - Let It Go, Let It Flow\n  Jackson Browne - Doctor My Eyes\n  Neil Young - Heart of Gold\n  Simon & Garfunkel - Mrs. Robinson', 'random_selected': False}
2026-04-20 19:45:35,857 : INFO : EventManager : Event: ======'machine_var_audits_switches_s_flipper_left'====== Args={'value': 663, 'prev_value': 662, 'change': 1}
2026-04-20 19:45:35,973 : INFO : SwitchController : <<<<<<< 's_flipper_left' inactive >>>>>>>
2026-04-20 19:45:36,039 : INFO : SwitchController : <<<<<<< 's_flipper_left' active >>>>>>>
2026-04-20 19:45:36,040 : INFO : EventManager : Event: ======'song_select_updated'====== Args={'genre': 'Folk', 'song_title': "Bob Dylan - The Times They Are A-Changin'", 'sound_key': "Bob Dylan - The Times They Are A-Changin'", 'audio_path': "res://sounds/music/Genres/Folk/Bob Dylan - The Times They Are A-Changin'.mp3", 'song_bus': 'music', 'song_start_at': 0.0, 'has_audio': True, 'stage': 'genre', 'genres': ['?', 'Alternative', 'Brit Invasion', 'Disco', 'Doo Wop', 'Folk', 'Folk Rock', 'Funk', 'Glitter:Glam', 'Grunge', 'Hard Rock', 'Heavy Metal', 'Hip Hop', 'New Wave', 'Pop Rock', 'Prog Rock', 'Psychedelic', 'Punk (70s)', 'Punk (80s)', 'R+B', 'Rap', 'Rock-a-Billy', 'Soul', 'Southern Rock'], 'genre_index': 7, 'genre_count': 25, 'selected_genre_index': 5, 'song_index': 1, 'song_count': 4, 'songs_text': "> Bob Dylan - The Times They Are A-Changin'\n  Joan Baez - Silver Dagger\n  Peter, Paul and Mary - Puff, the Magic Dragon\n  The Kingston Trio - Where Have All the Flowers Gone", 'random_selected': False}
2026-04-20 19:45:36,040 : INFO : EventManager : Event: ======'machine_var_audits_switches_s_flipper_left'====== Args={'value': 664, 'prev_value': 663, 'change': 1}
2026-04-20 19:45:36,140 : INFO : SwitchController : <<<<<<< 's_flipper_left' inactive >>>>>>>
2026-04-20 19:45:36,273 : INFO : SwitchController : <<<<<<< 's_flipper_left' active >>>>>>>
2026-04-20 19:45:36,273 : INFO : EventManager : Event: ======'song_select_updated'====== Args={'genre': 'Doo Wop', 'song_title': 'The Coasters - Yakety Yak', 'sound_key': 'The Coasters - Yakety Yak', 'audio_path': 'res://sounds/music/Genres/Doo Wop/The Coasters - Yakety Yak.mp3', 'song_bus': 'music', 'song_start_at': 0.0, 'has_audio': True, 'stage': 'genre', 'genres': ['?', 'Alternative', 'Brit Invasion', 'Disco', 'Doo Wop', 'Folk', 'Folk Rock', 'Funk', 'Glitter:Glam', 'Grunge', 'Hard Rock', 'Heavy Metal', 'Hip Hop', 'New Wave', 'Pop Rock', 'Prog Rock', 'Psychedelic', 'Punk (70s)', 'Punk (80s)', 'R+B', 'Rap', 'Rock-a-Billy', 'Soul', 'Southern Rock'], 'genre_index': 6, 'genre_count': 25, 'selected_genre_index': 4, 'song_index': 1, 'song_count': 4, 'songs_text': '> The Coasters - Yakety Yak\n  The Drifters - Save the Last Dance for Me\n  The Platters - Only You\n  The Temptations - My Girl', 'random_selected': False}
2026-04-20 19:45:36,273 : INFO : EventManager : Event: ======'machine_var_audits_switches_s_flipper_left'====== Args={'value': 665, 'prev_value': 664, 'change': 1}
2026-04-20 19:45:36,373 : INFO : SwitchController : <<<<<<< 's_flipper_left' inactive >>>>>>>
2026-04-20 19:45:36,756 : INFO : SwitchController : <<<<<<< 's_flipper_right' active >>>>>>>
2026-04-20 19:45:36,757 : INFO : EventManager : Event: ======'song_select_updated'====== Args={'genre': 'Folk', 'song_title': "Bob Dylan - The Times They Are A-Changin'", 'sound_key': "Bob Dylan - The Times They Are A-Changin'", 'audio_path': "res://sounds/music/Genres/Folk/Bob Dylan - The Times They Are A-Changin'.mp3", 'song_bus': 'music', 'song_start_at': 0.0, 'has_audio': True, 'stage': 'genre', 'genres': ['?', 'Alternative', 'Brit Invasion', 'Disco', 'Doo Wop', 'Folk', 'Folk Rock', 'Funk', 'Glitter:Glam', 'Grunge', 'Hard Rock', 'Heavy Metal', 'Hip Hop', 'New Wave', 'Pop Rock', 'Prog Rock', 'Psychedelic', 'Punk (70s)', 'Punk (80s)', 'R+B', 'Rap', 'Rock-a-Billy', 'Soul', 'Southern Rock'], 'genre_index': 7, 'genre_count': 25, 'selected_genre_index': 5, 'song_index': 1, 'song_count': 4, 'songs_text': "> Bob Dylan - The Times They Are A-Changin'\n  Joan Baez - Silver Dagger\n  Peter, Paul and Mary - Puff, the Magic Dragon\n  The Kingston Trio - Where Have All the Flowers Gone", 'random_selected': False}
2026-04-20 19:45:36,757 : INFO : EventManager : Event: ======'machine_var_audits_switches_s_flipper_right'====== Args={'value': 834, 'prev_value': 833, 'change': 1}
2026-04-20 19:45:36,857 : INFO : SwitchController : <<<<<<< 's_flipper_right' inactive >>>>>>>
2026-04-20 19:45:36,956 : INFO : SwitchController : <<<<<<< 's_flipper_right' active >>>>>>>
2026-04-20 19:45:36,956 : INFO : EventManager : Event: ======'song_select_updated'====== Args={'genre': 'Folk Rock', 'song_title': 'Bonnie Raitt - Something to Talk About', 'sound_key': 'Bonnie Raitt - Something to Talk About', 'audio_path': 'res://sounds/music/Genres/Folk Rock/Bonnie Raitt - Something to Talk About.mp3', 'song_bus': 'music', 'song_start_at': 0.0, 'has_audio': True, 'stage': 'genre', 'genres': ['?', 'Alternative', 'Brit Invasion', 'Disco', 'Doo Wop', 'Folk', 'Folk Rock', 'Funk', 'Glitter:Glam', 'Grunge', 'Hard Rock', 'Heavy Metal', 'Hip Hop', 'New Wave', 'Pop Rock', 'Prog Rock', 'Psychedelic', 'Punk (70s)', 'Punk (80s)', 'R+B', 'Rap', 'Rock-a-Billy', 'Soul', 'Southern Rock'], 'genre_index': 8, 'genre_count': 25, 'selected_genre_index': 6, 'song_index': 1, 'song_count': 10, 'songs_text': '> Bonnie Raitt - Something to Talk About\n  Creedence Clearwater Revival - Bad Moon Rising\n  Crosby, Stills & Nash - Suite Judy Blue Eyes\n  Dave Mason - Let It Go, Let It Flow\n  Jackson Browne - Doctor My Eyes\n  Neil Young - Heart of Gold\n  Simon & Garfunkel - Mrs. Robinson', 'random_selected': False}
2026-04-20 19:45:36,957 : INFO : EventManager : Event: ======'machine_var_audits_switches_s_flipper_right'====== Args={'value': 835, 'prev_value': 834, 'change': 1}
2026-04-20 19:45:37,090 : INFO : SwitchController : <<<<<<< 's_flipper_right' inactive >>>>>>>
2026-04-20 19:45:37,340 : INFO : SwitchController : <<<<<<< 's_flipper_left' active >>>>>>>
2026-04-20 19:45:37,341 : INFO : EventManager : Event: ======'song_select_updated'====== Args={'genre': 'Folk', 'song_title': "Bob Dylan - The Times They Are A-Changin'", 'sound_key': "Bob Dylan - The Times They Are A-Changin'", 'audio_path': "res://sounds/music/Genres/Folk/Bob Dylan - The Times They Are A-Changin'.mp3", 'song_bus': 'music', 'song_start_at': 0.0, 'has_audio': True, 'stage': 'genre', 'genres': ['?', 'Alternative', 'Brit Invasion', 'Disco', 'Doo Wop', 'Folk', 'Folk Rock', 'Funk', 'Glitter:Glam', 'Grunge', 'Hard Rock', 'Heavy Metal', 'Hip Hop', 'New Wave', 'Pop Rock', 'Prog Rock', 'Psychedelic', 'Punk (70s)', 'Punk (80s)', 'R+B', 'Rap', 'Rock-a-Billy', 'Soul', 'Southern Rock'], 'genre_index': 7, 'genre_count': 25, 'selected_genre_index': 5, 'song_index': 1, 'song_count': 4, 'songs_text': "> Bob Dylan - The Times They Are A-Changin'\n  Joan Baez - Silver Dagger\n  Peter, Paul and Mary - Puff, the Magic Dragon\n  The Kingston Trio - Where Have All the Flowers Gone", 'random_selected': False}
2026-04-20 19:45:37,341 : INFO : EventManager : Event: ======'machine_var_audits_switches_s_flipper_left'====== Args={'value': 666, 'prev_value': 665, 'change': 1}
2026-04-20 19:45:37,439 : INFO : SwitchController : <<<<<<< 's_flipper_left' inactive >>>>>>>
2026-04-20 19:45:37,540 : INFO : SwitchController : <<<<<<< 's_flipper_left' active >>>>>>>
2026-04-20 19:45:37,540 : INFO : EventManager : Event: ======'song_select_updated'====== Args={'genre': 'Doo Wop', 'song_title': 'The Coasters - Yakety Yak', 'sound_key': 'The Coasters - Yakety Yak', 'audio_path': 'res://sounds/music/Genres/Doo Wop/The Coasters - Yakety Yak.mp3', 'song_bus': 'music', 'song_start_at': 0.0, 'has_audio': True, 'stage': 'genre', 'genres': ['?', 'Alternative', 'Brit Invasion', 'Disco', 'Doo Wop', 'Folk', 'Folk Rock', 'Funk', 'Glitter:Glam', 'Grunge', 'Hard Rock', 'Heavy Metal', 'Hip Hop', 'New Wave', 'Pop Rock', 'Prog Rock', 'Psychedelic', 'Punk (70s)', 'Punk (80s)', 'R+B', 'Rap', 'Rock-a-Billy', 'Soul', 'Southern Rock'], 'genre_index': 6, 'genre_count': 25, 'selected_genre_index': 4, 'song_index': 1, 'song_count': 4, 'songs_text': '> The Coasters - Yakety Yak\n  The Drifters - Save the Last Dance for Me\n  The Platters - Only You\n  The Temptations - My Girl', 'random_selected': False}
2026-04-20 19:45:37,540 : INFO : EventManager : Event: ======'machine_var_audits_switches_s_flipper_left'====== Args={'value': 667, 'prev_value': 666, 'change': 1}
2026-04-20 19:45:37,623 : INFO : SwitchController : <<<<<<< 's_flipper_left' inactive >>>>>>>
2026-04-20 19:45:38,907 : INFO : SwitchController : <<<<<<< 's_action_button' active >>>>>>>
2026-04-20 19:45:38,907 : INFO : EventManager : Event: ======'song_select_updated'====== Args={'genre': 'Doo Wop', 'song_title': 'The Coasters - Yakety Yak', 'sound_key': 'The Coasters - Yakety Yak', 'audio_path': 'res://sounds/music/Genres/Doo Wop/The Coasters - Yakety Yak.mp3', 'song_bus': 'music', 'song_start_at': 0.0, 'has_audio': True, 'stage': 'song', 'genres': ['?', 'Alternative', 'Brit Invasion', 'Disco', 'Doo Wop', 'Folk', 'Folk Rock', 'Funk', 'Glitter:Glam', 'Grunge', 'Hard Rock', 'Heavy Metal', 'Hip Hop', 'New Wave', 'Pop Rock', 'Prog Rock', 'Psychedelic', 'Punk (70s)', 'Punk (80s)', 'R+B', 'Rap', 'Rock-a-Billy', 'Soul', 'Southern Rock'], 'genre_index': 5, 'genre_count': 24, 'selected_genre_index': 4, 'song_index': 1, 'song_count': 4, 'songs_text': '> The Coasters - Yakety Yak\n  The Drifters - Save the Last Dance for Me\n  The Platters - Only You\n  The Temptations - My Girl', 'random_selected': False}
2026-04-20 19:45:38,907 : INFO : EventManager : Event: ======'machine_var_audits_switches_s_action_button'====== Args={'value': 492, 'prev_value': 491, 'change': 1}
2026-04-20 19:45:39,023 : INFO : SwitchController : <<<<<<< 's_action_button' inactive >>>>>>>
2026-04-20 19:45:40,273 : INFO : SwitchController : <<<<<<< 's_flipper_right' active >>>>>>>
2026-04-20 19:45:40,274 : INFO : EventManager : Event: ======'song_select_updated'====== Args={'genre': 'Doo Wop', 'song_title': 'The Drifters - Save the Last Dance for Me', 'sound_key': 'The Drifters - Save the Last Dance for Me', 'audio_path': 'res://sounds/music/Genres/Doo Wop/The Drifters - Save the Last Dance for Me.mp3', 'song_bus': 'music', 'song_start_at': 0.0, 'has_audio': True, 'stage': 'song', 'genres': ['?', 'Alternative', 'Brit Invasion', 'Disco', 'Doo Wop', 'Folk', 'Folk Rock', 'Funk', 'Glitter:Glam', 'Grunge', 'Hard Rock', 'Heavy Metal', 'Hip Hop', 'New Wave', 'Pop Rock', 'Prog Rock', 'Psychedelic', 'Punk (70s)', 'Punk (80s)', 'R+B', 'Rap', 'Rock-a-Billy', 'Soul', 'Southern Rock'], 'genre_index': 5, 'genre_count': 24, 'selected_genre_index': 4, 'song_index': 2, 'song_count': 4, 'songs_text': '  The Coasters - Yakety Yak\n> The Drifters - Save the Last Dance for Me\n  The Platters - Only You\n  The Temptations - My Girl', 'random_selected': False}
2026-04-20 19:45:40,274 : INFO : EventManager : Event: ======'machine_var_audits_switches_s_flipper_right'====== Args={'value': 836, 'prev_value': 835, 'change': 1}
2026-04-20 19:45:40,407 : INFO : SwitchController : <<<<<<< 's_flipper_right' inactive >>>>>>>
2026-04-20 19:45:41,482 : INFO : EventManager : Event: ======'balldevice_bd_trough_ball_eject_failed'====== Args={'target': <ball_device.bd_plunger>, 'balls': 1, 'retry': True, 'num_attempts': 2}
2026-04-20 19:45:41,483 : INFO : ball_device.bd_trough : State: waiting_for_target_ready
2026-04-20 19:45:41,483 : INFO : EventManager : Event: ======'balldevice_bd_trough_ball_eject_attempt'====== Args={'balls': 1, 'target': <ball_device.bd_plunger>, 'source': <ball_device.bd_trough>, 'mechanical_eject': False, 'num_attempts': 2}
2026-04-20 19:45:41,483 : INFO : ball_device.bd_trough : State: ejecting
2026-04-20 19:45:41,483 : INFO : ball_device.bd_trough : Ejecting ball to <ball_device.bd_plunger>
2026-04-20 19:45:41,484 : INFO : EventManager : Event: ======'balldevice_bd_trough_ejecting_ball'====== Args={'balls': 1, 'target': <ball_device.bd_plunger>, 'source': <ball_device.bd_trough>, 'mechanical_eject': False, 'num_attempts': 2}
2026-04-20 19:45:41,484 : INFO : ball_device.bd_trough : Wait for ball to leave device
2026-04-20 19:45:41,484 : INFO : coil.c_trough_eject : Pulsing Driver for 10ms (1.0 pulse_power)
2026-04-20 19:45:42,424 : INFO : SwitchController : <<<<<<< 's_action_button' active >>>>>>>
2026-04-20 19:45:42,424 : INFO : EventManager : Event: ======'player_selected_song_genre'====== Args={'value': 'Doo Wop', 'prev_value': 0, 'change': True, 'player_num': 1}
2026-04-20 19:45:42,425 : INFO : EventManager : Event: ======'player_selected_song_title'====== Args={'value': 'The Drifters - Save the Last Dance for Me', 'prev_value': 0, 'change': True, 'player_num': 1}
2026-04-20 19:45:42,425 : INFO : EventManager : Event: ======'player_selected_song_key'====== Args={'value': 'The Drifters - Save the Last Dance for Me', 'prev_value': 0, 'change': True, 'player_num': 1}
2026-04-20 19:45:42,426 : INFO : EventManager : Event: ======'player_selected_song_path'====== Args={'value': 'res://sounds/music/Genres/Doo Wop/The Drifters - Save the Last Dance for Me.mp3', 'prev_value': 0, 'change': True, 'player_num': 1}
2026-04-20 19:45:42,426 : INFO : EventManager : Event: ======'player_selected_song_bus'====== Args={'value': 'music', 'prev_value': 0, 'change': True, 'player_num': 1}
2026-04-20 19:45:42,426 : INFO : EventManager : Event: ======'player_selected_song_start_at'====== Args={'value': 0.0, 'prev_value': 0, 'change': 0.0, 'player_num': 1}
2026-04-20 19:45:42,426 : INFO : EventManager : Event: ======'player_selected_song_resume_at'====== Args={'value': 0.0, 'prev_value': 0, 'change': 0.0, 'player_num': 1}
2026-04-20 19:45:42,426 : INFO : EventManager : Event: ======'song_select_confirmed'====== Args={'genre': 'Doo Wop', 'song_title': 'The Drifters - Save the Last Dance for Me', 'sound_key': 'The Drifters - Save the Last Dance for Me', 'audio_path': 'res://sounds/music/Genres/Doo Wop/The Drifters - Save the Last Dance for Me.mp3', 'song_bus': 'music', 'song_start_at': 0.0, 'has_audio': True}
2026-04-20 19:45:42,427 : INFO : EventManager : Event: ======'machine_var_audits_switches_s_action_button'====== Args={'value': 493, 'prev_value': 492, 'change': 1}
2026-04-20 19:45:42,524 : INFO : SwitchController : <<<<<<< 's_action_button' inactive >>>>>>>
2026-04-20 19:45:42,677 : INFO : EventManager : Event: ======'song_select_complete'====== Args={}
2026-04-20 19:45:42,677 : INFO : EventManager : Event: ======'mode_song_select_will_stop'====== Args={}
2026-04-20 19:45:42,677 : INFO : EventManager : Event: ======'mode_song_select_stopping'====== Args={}
2026-04-20 19:45:42,678 : INFO : Mode.song_select : Stopped.
2026-04-20 19:45:42,678 : INFO : EventManager : Event: ======'modes_active_modes_changed'====== Args={}
2026-04-20 19:45:42,678 : INFO : EventManager : Event: ======'mode_song_select_stopped'====== Args={}
2026-04-20 19:45:42,678 : INFO : EventManager : Event: ======'clear'====== Args={'key': 'song_select'}
2026-04-20 19:45:42,723 : INFO : EventManager : Event: ======'slide_song_select_inactive'====== Args={'is_removing': True, '_from_bcp': True}
2026-04-20 19:45:42,724 : INFO : EventManager : Event: ======'slide_base_slide_active'====== Args={'_from_bcp': True}
2026-04-20 19:45:42,724 : INFO : EventManager : Event: ======'slide_song_select_removed'====== Args={'_from_bcp': True}
2026-04-20 19:45:48,678 : INFO : Machine : Shutting down...
2026-04-20 19:45:48,678 : INFO : EventManager : Event: ======'shutdown'====== Args={}
2026-04-20 19:45:48,679 : INFO : EventManager : Event: ======'mode_game_will_stop'====== Args={}
2026-04-20 19:45:48,679 : INFO : EventManager : Event: ======'mode_game_stopping'====== Args={}
2026-04-20 19:45:48,679 : INFO : EventManager : Event: ======'mode_base_will_stop'====== Args={}
2026-04-20 19:45:48,679 : INFO : EventManager : Event: ======'mode_base_stopping'====== Args={}
2026-04-20 19:45:48,679 : INFO : EventManager : Event: ======'mode_bumpers_will_stop'====== Args={}
2026-04-20 19:45:48,679 : INFO : EventManager : Event: ======'mode_bumpers_stopping'====== Args={}
2026-04-20 19:45:48,680 : INFO : EventManager : Event: ======'stop_mode_bumpers'====== Args={'priority': 0}
2026-04-20 19:45:48,680 : INFO : Mode.bumpers : Stopped.
2026-04-20 19:45:48,680 : INFO : EventManager : Event: ======'modes_active_modes_changed'====== Args={}
2026-04-20 19:45:48,680 : INFO : EventManager : Event: ======'mode_bumpers_stopped'====== Args={}
2026-04-20 19:45:48,680 : INFO : EventManager : Event: ======'clear'====== Args={'key': 'bumpers'}
2026-04-20 19:45:48,680 : INFO : Mode.base : Stopped.
2026-04-20 19:45:48,680 : INFO : EventManager : Event: ======'modes_active_modes_changed'====== Args={}
2026-04-20 19:45:48,680 : INFO : EventManager : Event: ======'mode_base_stopped'====== Args={}
2026-04-20 19:45:48,680 : INFO : EventManager : Event: ======'clear'====== Args={'key': 'base'}
2026-04-20 19:45:48,680 : INFO : Mode.game : Stopped.
2026-04-20 19:45:48,680 : INFO : EventManager : Event: ======'modes_active_modes_changed'====== Args={}
2026-04-20 19:45:48,680 : INFO : EventManager : Event: ======'mode_game_stopped'====== Args={}
2026-04-20 19:45:48,680 : INFO : EventManager : Event: ======'clear'====== Args={'key': 'game'}
2026-04-20 19:45:48,681 : INFO : root : MPF run loop ended.
