2026-04-16 13:42:46,656 : INFO : root : Loading config.
2026-04-16 13:42:46,703 : INFO : ConfigProcessor : Config spec file cache created: /var/folders/nw/6blj94p12ldcym3fj104vzlm0000gn/T/config_spec.mpf_cache
2026-04-16 13:42:46,703 : INFO : YamlMultifileConfigLoader : Machine config file #1: config.yaml
2026-04-16 13:42:46,703 : INFO : ConfigProcessor : Loading config from cache: /var/folders/nw/6blj94p12ldcym3fj104vzlm0000gn/T/b334f8a4e2121184f8a617378a4d1625.mpf_cache
2026-04-16 13:42:46,726 : INFO : ConfigProcessor : Loading config from cache: /var/folders/nw/6blj94p12ldcym3fj104vzlm0000gn/T/63da12c4cec82227b4c3859bbf3c7cd4.mpf_cache
2026-04-16 13:42:46,727 : INFO : ConfigProcessor : Loading config from cache: /var/folders/nw/6blj94p12ldcym3fj104vzlm0000gn/T/b8625db2ee8ad38c42d4f1c72235edc8.mpf_cache
2026-04-16 13:42:46,727 : INFO : ConfigProcessor : Loading config from cache: /var/folders/nw/6blj94p12ldcym3fj104vzlm0000gn/T/63da12c4cec82227b4c3859bbf3c7cd4.mpf_cache
2026-04-16 13:42:46,727 : INFO : ConfigProcessor : Loading config from cache: /var/folders/nw/6blj94p12ldcym3fj104vzlm0000gn/T/104947b35f87d581877cdaf02599b463.mpf_cache
2026-04-16 13:42:46,727 : INFO : ConfigProcessor : Loading config from cache: /var/folders/nw/6blj94p12ldcym3fj104vzlm0000gn/T/bc830d47d6fbb336561cc63e74edf2c9.mpf_cache
2026-04-16 13:42:46,727 : INFO : ConfigProcessor : Loading config from cache: /var/folders/nw/6blj94p12ldcym3fj104vzlm0000gn/T/4273c698423283a7843ff5c77ef69dc9.mpf_cache
2026-04-16 13:42:46,727 : INFO : ConfigProcessor : Loading config from cache: /var/folders/nw/6blj94p12ldcym3fj104vzlm0000gn/T/7424f2cce7b15e0b37e570d3514590c8.mpf_cache
2026-04-16 13:42:46,728 : INFO : Machine : Mission Pinball Framework Core Engine v0.80.0.dev13
2026-04-16 13:42:46,728 : INFO : Machine : Command line arguments: {'no_load_cache': False, 'create_config_cache': True, 'bcp': True, 'configfile': ['config.yaml'], 'force_assets_load': False, 'platform_integration_test': False, 'jsonlogging': False, 'logfile': 'logs/2026-04-16-13-42-46-mpf-Wills-MacBook-Pro-M5.local.log', 'pause': False, 'production': False, 'text_ui': False, 'loglevel': 15, 'consoleloglevel': 20, 'force_platform': 'virtual', 'syslog_address': None, 'full_logfile_path': '/Users/willrante/Documents/GitHub/pinball/logs/2026-04-16-13-42-46-mpf-Wills-MacBook-Pro-M5.local.log'}
2026-04-16 13:42:46,728 : INFO : Machine : MPF path: /Users/willrante/mpf-env/lib/python3.14/site-packages/mpf
2026-04-16 13:42:46,728 : INFO : Machine : Machine path: /Users/willrante/Documents/GitHub/pinball
2026-04-16 13:42:46,728 : INFO : Machine : Platform: darwin
2026-04-16 13:42:46,728 : INFO : Machine : Python executable location: /Users/willrante/mpf-env/bin/python3.14
2026-04-16 13:42:46,728 : INFO : Machine : Python version: 3.14.3 (64-bit)
2026-04-16 13:42:46,728 : INFO : Machine : Initializing MPF...
2026-04-16 13:42:46,754 : INFO : EventManager : Event: ======'machine_var_credits_string'====== Args={'value': 'FREE PLAY', 'prev_value': None, 'change': True}
2026-04-16 13:42:46,759 : INFO : EventManager : Event: ======'machine_var_master_volume'====== Args={'value': 0.5, 'prev_value': None, 'change': True}
2026-04-16 13:42:46,759 : INFO : EventManager : Event: ======'machine_var_mpf_version'====== Args={'value': 'Mission Pinball Framework v0.80.0.dev13', 'prev_value': None, 'change': True}
2026-04-16 13:42:46,759 : INFO : EventManager : Event: ======'machine_var_mpf_extended_version'====== Args={'value': 'Mission Pinball Framework v0.80.0.dev13, Config version:6, Show version: 6, BCP version:1.1', 'prev_value': None, 'change': True}
2026-04-16 13:42:46,759 : INFO : EventManager : Event: ======'machine_var_python_version'====== Args={'value': '3.14.3', 'prev_value': None, 'change': True}
2026-04-16 13:42:46,766 : INFO : EventManager : Event: ======'machine_var_platform'====== Args={'value': 'macOS-26.4.1-arm64-arm-64bit-Mach-O', 'prev_value': None, 'change': True}
2026-04-16 13:42:46,766 : INFO : EventManager : Event: ======'machine_var_platform_system'====== Args={'value': 'Darwin', 'prev_value': None, 'change': True}
2026-04-16 13:42:46,766 : INFO : EventManager : Event: ======'machine_var_platform_release'====== Args={'value': '25.4.0', 'prev_value': None, 'change': True}
2026-04-16 13:42:46,766 : INFO : EventManager : Event: ======'machine_var_platform_version'====== Args={'value': 'Darwin Kernel Version 25.4.0: Thu Mar 19 19:33:50 PDT 2026; root:xnu-12377.101.15~1/RELEASE_ARM64_T6050', 'prev_value': None, 'change': True}
2026-04-16 13:42:46,766 : INFO : EventManager : Event: ======'machine_var_platform_machine'====== Args={'value': 'arm64', 'prev_value': None, 'change': True}
2026-04-16 13:42:46,766 : INFO : EventManager : Event: ======'machine_var_log_file_path'====== Args={'value': '/Users/willrante/Documents/GitHub/pinball/logs/2026-04-16-13-42-46-mpf-Wills-MacBook-Pro-M5.local.log', 'prev_value': None, 'change': True}
2026-04-16 13:42:46,766 : INFO : EventManager : Event: ======'init_phase_1'====== Args={}
2026-04-16 13:42:46,772 : INFO : EventManager : Event: ======'init_phase_2'====== Args={}
2026-04-16 13:42:46,772 : INFO : SwitchController : Found active switch: (1007, <Platform.Virtual>) <switch.s_trough_1>
2026-04-16 13:42:46,772 : INFO : SwitchController : Found active switch: (1008, <Platform.Virtual>) <switch.s_trough_2>
2026-04-16 13:42:46,772 : INFO : SwitchController : Found active switch: (1009, <Platform.Virtual>) <switch.s_trough_3>
2026-04-16 13:42:46,773 : INFO : EventManager : Event: ======'bcp_connection_attempt'====== Args={'name': 'local_display', 'host': 'localhost', 'port': 5050}
2026-04-16 13:42:46,773 : INFO : BCPClientSocket : Connecting BCP to 'local_display' at localhost:5050...
2026-04-16 13:42:46,775 : INFO : BCPClientSocket : Connected BCP to 'local_display' localhost:5050
2026-04-16 13:42:46,776 : INFO : EventManager : Event: ======'bcp_clients_connected'====== Args={}
2026-04-16 13:42:46,776 : INFO : ball_device.bd_plunger : BCH: Initial count: 0
2026-04-16 13:42:46,776 : INFO : ball_device.bd_plunger : State: idle
2026-04-16 13:42:46,776 : INFO : ball_device.bd_trough : BCH: Initial count: 3
2026-04-16 13:42:46,776 : INFO : ball_device.bd_trough : State: idle
2026-04-16 13:42:46,779 : INFO : EventManager : Event: ======'init_phase_3'====== Args={}
2026-04-16 13:42:46,780 : INFO : EventManager : Event: ======'init_phase_4'====== Args={}
2026-04-16 13:42:46,780 : INFO : BallController : Initial balls found: 3
2026-04-16 13:42:46,781 : INFO : EventManager : Event: ======'machine_var_audits_events_game_ended'====== Args={'value': 0, 'prev_value': None, 'change': True}
2026-04-16 13:42:46,781 : INFO : EventManager : Event: ======'machine_var_audits_events_game_started'====== Args={'value': 9, 'prev_value': None, 'change': True}
2026-04-16 13:42:46,781 : INFO : EventManager : Event: ======'machine_var_audits_missing_switches_s_bumper_left'====== Args={'value': 2, 'prev_value': None, 'change': True}
2026-04-16 13:42:46,781 : INFO : EventManager : Event: ======'machine_var_audits_missing_switches_s_bumper_right'====== Args={'value': 2, 'prev_value': None, 'change': True}
2026-04-16 13:42:46,781 : INFO : EventManager : Event: ======'machine_var_audits_missing_switches_s_plunger_lane'====== Args={'value': 9, 'prev_value': None, 'change': True}
2026-04-16 13:42:46,781 : INFO : EventManager : Event: ======'machine_var_audits_missing_switches_s_start'====== Args={'value': 5, 'prev_value': None, 'change': True}
2026-04-16 13:42:46,781 : INFO : EventManager : Event: ======'machine_var_audits_missing_switches_s_trough_1'====== Args={'value': 9, 'prev_value': None, 'change': True}
2026-04-16 13:42:46,781 : INFO : EventManager : Event: ======'machine_var_audits_missing_switches_s_trough_2'====== Args={'value': 9, 'prev_value': None, 'change': True}
2026-04-16 13:42:46,781 : INFO : EventManager : Event: ======'machine_var_audits_missing_switches_s_trough_3'====== Args={'value': 9, 'prev_value': None, 'change': True}
2026-04-16 13:42:46,781 : INFO : EventManager : Event: ======'machine_var_audits_player_score'====== Args={'value': {'average': 0, 'top': [], 'total': 0}, 'prev_value': None, 'change': True}
2026-04-16 13:42:46,781 : INFO : EventManager : Event: ======'machine_var_audits_shots_bumper_left'====== Args={'value': 118, 'prev_value': None, 'change': True}
2026-04-16 13:42:46,781 : INFO : EventManager : Event: ======'machine_var_audits_shots_bumper_right'====== Args={'value': 120, 'prev_value': None, 'change': True}
2026-04-16 13:42:46,781 : INFO : EventManager : Event: ======'machine_var_audits_shots_hurryup'====== Args={'value': 3, 'prev_value': None, 'change': True}
2026-04-16 13:42:46,781 : INFO : EventManager : Event: ======'machine_var_audits_shots_left_lane'====== Args={'value': 16, 'prev_value': None, 'change': True}
2026-04-16 13:42:46,781 : INFO : EventManager : Event: ======'machine_var_audits_switches_s_action_button'====== Args={'value': 20, 'prev_value': None, 'change': True}
2026-04-16 13:42:46,781 : INFO : EventManager : Event: ======'machine_var_audits_switches_s_bumper_left'====== Args={'value': 118, 'prev_value': None, 'change': True}
2026-04-16 13:42:46,781 : INFO : EventManager : Event: ======'machine_var_audits_switches_s_bumper_right'====== Args={'value': 120, 'prev_value': None, 'change': True}
2026-04-16 13:42:46,781 : INFO : EventManager : Event: ======'machine_var_audits_switches_s_flipper_left'====== Args={'value': 87, 'prev_value': None, 'change': True}
2026-04-16 13:42:46,781 : INFO : EventManager : Event: ======'machine_var_audits_switches_s_flipper_right'====== Args={'value': 80, 'prev_value': None, 'change': True}
2026-04-16 13:42:46,781 : INFO : EventManager : Event: ======'machine_var_audits_switches_s_left_lane'====== Args={'value': 16, 'prev_value': None, 'change': True}
2026-04-16 13:42:46,781 : INFO : EventManager : Event: ======'machine_var_audits_switches_s_plunger_lane'====== Args={'value': 0, 'prev_value': None, 'change': True}
2026-04-16 13:42:46,781 : INFO : EventManager : Event: ======'machine_var_audits_switches_s_start'====== Args={'value': 3, 'prev_value': None, 'change': True}
2026-04-16 13:42:46,781 : INFO : EventManager : Event: ======'machine_var_audits_switches_s_trough_1'====== Args={'value': 0, 'prev_value': None, 'change': True}
2026-04-16 13:42:46,781 : INFO : EventManager : Event: ======'machine_var_audits_switches_s_trough_2'====== Args={'value': 0, 'prev_value': None, 'change': True}
2026-04-16 13:42:46,781 : INFO : EventManager : Event: ======'machine_var_audits_switches_s_trough_3'====== Args={'value': 0, 'prev_value': None, 'change': True}
2026-04-16 13:42:46,781 : INFO : EventManager : Event: ======'init_phase_5'====== Args={}
2026-04-16 13:42:46,781 : INFO : EventManager : Event: ======'init_done'====== Args={}
2026-04-16 13:42:46,781 : INFO : EventManager : Event: ======'machine_reset_phase_1'====== Args={}
2026-04-16 13:42:46,792 : INFO : EventManager : Event: ======'machine_reset_phase_2'====== Args={}
2026-04-16 13:42:46,792 : INFO : EventManager : Event: ======'machine_reset_phase_3'====== Args={}
2026-04-16 13:42:46,792 : INFO : EventManager : Event: ======'reset_complete'====== Args={}
2026-04-16 13:42:46,792 : INFO : EventManager : Event: ======'mode_attract_will_start'====== Args={}
2026-04-16 13:42:46,792 : INFO : Timer.attract_carousel_timer : Starting Timer.
2026-04-16 13:42:46,792 : INFO : EventManager : Event: ======'timer_attract_carousel_timer_started'====== Args={'ticks': 0, 'ticks_remaining': 1}
2026-04-16 13:42:46,792 : INFO : EventManager : Event: ======'timer_attract_carousel_timer_tick'====== Args={'ticks': 0, 'ticks_remaining': 1}
2026-04-16 13:42:46,792 : INFO : EventManager : Event: ======'mode_attract_starting'====== Args={}
2026-04-16 13:42:46,792 : INFO : Mode.attract : Started. Priority: 10
2026-04-16 13:42:46,792 : INFO : EventManager : Event: ======'modes_active_modes_changed'====== Args={}
2026-04-16 13:42:46,792 : INFO : EventManager : Event: ======'mode_attract_started'====== Args={}
2026-04-16 13:42:46,792 : INFO : EventManager : Event: ======'collecting_balls_complete'====== Args={}
2026-04-16 13:42:46,792 : INFO : EventManager : Event: ======'carousel_item_highlighted'====== Args={'carousel': 'attract', 'direction': None, 'item': 'title'}
2026-04-16 13:42:46,793 : INFO : EventManager : Event: ======'timer_attract_carousel_timer_tick'====== Args={'ticks': 0, 'ticks_remaining': 1}
2026-04-16 13:42:46,793 : INFO : Machine : Starting the main run loop with active modes: [<Mode.attract>]
2026-04-16 13:42:46,839 : INFO : EventManager : Event: ======'slide_attract_created'====== Args={'_from_bcp': True}
2026-04-16 13:42:46,839 : INFO : EventManager : Event: ======'slide__removed'====== Args={'_from_bcp': True}
2026-04-16 13:42:46,839 : INFO : EventManager : Event: ======'slide_attract_active'====== Args={'original_context': 'attract', 'original_calling_context': 'mode_attract_started', 'priority': 10.0, 'cmd': 'slides_play', '_from_bcp': True}
2026-04-16 13:42:50,762 : INFO : SwitchController : <<<<<<< 's_start' active >>>>>>>
2026-04-16 13:42:50,845 : INFO : SwitchController : <<<<<<< 's_start' inactive >>>>>>>
2026-04-16 13:42:50,845 : INFO : EventManager : Event: ======'request_to_start_game'====== Args={}
2026-04-16 13:42:50,846 : INFO : EventManager : Event: ======'game_start'====== Args={'buttons': [], 'hold_time': 0.08321370800013028}
2026-04-16 13:42:50,846 : INFO : EventManager : Event: ======'mode_game_will_start'====== Args={'buttons': [], 'hold_time': 0.08321370800013028}
2026-04-16 13:42:50,847 : INFO : EventManager : Event: ======'mode_game_starting'====== Args={'buttons': [], 'hold_time': 0.08321370800013028}
2026-04-16 13:42:50,847 : INFO : EventManager : Event: ======'mode_attract_will_stop'====== Args={}
2026-04-16 13:42:50,847 : INFO : EventManager : Event: ======'mode_attract_stopping'====== Args={}
2026-04-16 13:42:50,847 : INFO : Mode.attract : Stopped.
2026-04-16 13:42:50,847 : INFO : EventManager : Event: ======'modes_active_modes_changed'====== Args={}
2026-04-16 13:42:50,848 : INFO : EventManager : Event: ======'mode_attract_stopped'====== Args={}
2026-04-16 13:42:50,848 : INFO : EventManager : Event: ======'clear'====== Args={'key': 'attract'}
2026-04-16 13:42:50,848 : INFO : Timer.attract_carousel_timer : Stopping Timer
2026-04-16 13:42:50,848 : INFO : EventManager : Event: ======'timer_attract_carousel_timer_stopped'====== Args={'ticks': 0, 'ticks_remaining': 1}
2026-04-16 13:42:50,849 : INFO : Mode.game : Started. Priority: 20
2026-04-16 13:42:50,849 : INFO : EventManager : Event: ======'modes_active_modes_changed'====== Args={}
2026-04-16 13:42:50,849 : INFO : EventManager : Event: ======'mode_game_started'====== Args={'buttons': [], 'hold_time': 0.08321370800013028}
2026-04-16 13:42:50,849 : INFO : EventManager : Event: ======'game_will_start'====== Args={}
2026-04-16 13:42:50,849 : INFO : EventManager : Event: ======'game_starting'====== Args={'game': <Mode.game>}
2026-04-16 13:42:50,850 : INFO : EventManager : Unordered handler for class <Auditor> on event game_ended with priority 1. Handlers: [RegisteredHandler(callback=<bound method Auditor.disable of <Auditor>>, priority=1, kwargs={}, key=UUID('b8a1d601-1f79-4c7e-a64c-25486d203558'), condition=None, blocking_facility=None), RegisteredHandler(callback=<bound method Auditor._save_audits of <Auditor>>, priority=1, kwargs={}, key=UUID('936624cd-b89d-45d1-af3d-d48e743bf4d3'), condition=None, blocking_facility=None)]. The order of those handlers is not defined and they will be executed in random order. This might lead to race conditions and potential bugs.
2026-04-16 13:42:50,850 : INFO : EventManager : Event: ======'player_add_request'====== Args={}
2026-04-16 13:42:50,850 : INFO : EventManager : Event: ======'player_will_add'====== Args={'number': 1}
2026-04-16 13:42:50,851 : INFO : EventManager : Event: ======'player_adding'====== Args={'player': <Player 1>, 'number': 1}
2026-04-16 13:42:50,851 : INFO : EventManager : Event: ======'player_added'====== Args={'player': <Player 1>, 'num': 1}
2026-04-16 13:42:50,851 : INFO : Mode.game : Player added successfully. Total players: 1
2026-04-16 13:42:50,851 : INFO : EventManager : Event: ======'player_index'====== Args={'value': 0, 'prev_value': 0, 'change': 0, 'player_num': 1}
2026-04-16 13:42:50,851 : INFO : EventManager : Event: ======'player_number'====== Args={'value': 1, 'prev_value': 1, 'change': 0, 'player_num': 1}
2026-04-16 13:42:50,851 : INFO : EventManager : Event: ======'player_score'====== Args={'value': 0, 'prev_value': 0, 'change': 0, 'player_num': 1}
2026-04-16 13:42:50,851 : INFO : EventManager : Event: ======'game_started'====== Args={}
2026-04-16 13:42:50,852 : INFO : EventManager : Event: ======'player_turn_will_start'====== Args={'player': <Player 1>, 'number': 1}
2026-04-16 13:42:50,852 : INFO : EventManager : Event: ======'player_turn_starting'====== Args={'player': <Player 1>, 'number': 1}
2026-04-16 13:42:50,852 : INFO : EventManager : Event: ======'player_ball'====== Args={'value': 1, 'prev_value': 0, 'change': 1, 'player_num': 1}
2026-04-16 13:42:50,852 : INFO : EventManager : Event: ======'player_turn_started'====== Args={'player': <Player 1>, 'number': 1}
2026-04-16 13:42:50,856 : INFO : EventManager : Event: ======'ball_will_start'====== Args={'player': 1, 'ball': 1, 'balls_remaining': 2, 'is_extra_ball': False}
2026-04-16 13:42:50,856 : INFO : EventManager : Event: ======'ball_starting'====== Args={'player': 1, 'ball': 1, 'balls_remaining': 2, 'is_extra_ball': False}
2026-04-16 13:42:50,857 : INFO : EventManager : Event: ======'mode_base_will_start'====== Args={'queue': <QueuedEvent>, 'player': 1, 'ball': 1, 'balls_remaining': 2, 'is_extra_ball': False}
2026-04-16 13:42:50,857 : INFO : EventManager : Event: ======'player_shot_left_lane_enabled'====== Args={'value': True, 'prev_value': 0, 'change': 1, 'player_num': 1}
2026-04-16 13:42:50,858 : INFO : EventManager : Event: ======'mode_base_starting'====== Args={'queue': <QueuedEvent>, 'player': 1, 'ball': 1, 'balls_remaining': 2, 'is_extra_ball': False}
2026-04-16 13:42:50,858 : INFO : Mode.base : Started. Priority: 100
2026-04-16 13:42:50,858 : INFO : EventManager : Event: ======'modes_active_modes_changed'====== Args={}
2026-04-16 13:42:50,858 : INFO : EventManager : Event: ======'mode_base_started'====== Args={'queue': <QueuedEvent>, 'player': 1, 'ball': 1, 'balls_remaining': 2, 'is_extra_ball': False}
2026-04-16 13:42:50,858 : INFO : EventManager : Event: ======'start_mode_bumpers'====== Args={'priority': 0}
2026-04-16 13:42:50,858 : INFO : EventManager : Event: ======'mode_bumpers_will_start'====== Args={'priority': 0}
2026-04-16 13:42:50,859 : INFO : EventManager : Event: ======'player_shot_bumper_left_enabled'====== Args={'value': True, 'prev_value': 0, 'change': 1, 'player_num': 1}
2026-04-16 13:42:50,859 : INFO : EventManager : Event: ======'player_shot_bumper_right_enabled'====== Args={'value': True, 'prev_value': 0, 'change': 1, 'player_num': 1}
2026-04-16 13:42:50,859 : INFO : EventManager : Event: ======'bumpers_complete'====== Args={'state': 'unlit'}
2026-04-16 13:42:50,859 : INFO : EventManager : Event: ======'bumpers_unlit_complete'====== Args={}
2026-04-16 13:42:50,860 : INFO : EventManager : Event: ======'mode_bumpers_starting'====== Args={'priority': 0}
2026-04-16 13:42:50,860 : INFO : Mode.bumpers : Started. Priority: 200
2026-04-16 13:42:50,860 : INFO : EventManager : Event: ======'modes_active_modes_changed'====== Args={}
2026-04-16 13:42:50,860 : INFO : EventManager : Event: ======'mode_bumpers_started'====== Args={'priority': 0}
2026-04-16 13:42:50,860 : INFO : EventManager : Event: ======'balls_in_play'====== Args={'balls': 1}
2026-04-16 13:42:50,860 : INFO : EventManager : Event: ======'ball_started'====== Args={'player': 1, 'ball': 1, 'balls_remaining': 2, 'is_extra_ball': False}
2026-04-16 13:42:50,860 : INFO : EventManager : Event: ======'single_player_ball_started'====== Args={}
2026-04-16 13:42:50,861 : INFO : EventManager : Event: ======'ball_start_target'====== Args={'target': 'playfield'}
2026-04-16 13:42:50,861 : INFO : ball_device.bd_trough : Setting up player-controlled eject. Balls: 1, Target: <playfield.playfield>, player_controlled_eject_event: None
2026-04-16 13:42:50,861 : INFO : ball_device.bd_trough : Adding 1 ball(s) to the eject_queue with target <playfield.playfield>.
2026-04-16 13:42:50,861 : INFO : EventManager : Event: ======'balldevice_balls_available'====== Args={}
2026-04-16 13:42:50,862 : INFO : ball_device.bd_trough : State: waiting_for_target_ready
2026-04-16 13:42:50,862 : INFO : EventManager : Event: ======'balldevice_bd_trough_ball_eject_attempt'====== Args={'balls': 1, 'target': <ball_device.bd_plunger>, 'source': <ball_device.bd_trough>, 'mechanical_eject': False, 'num_attempts': 0}
2026-04-16 13:42:50,862 : INFO : ball_device.bd_plunger : State: waiting_for_ball
2026-04-16 13:42:50,862 : INFO : ball_device.bd_trough : State: ejecting
2026-04-16 13:42:50,862 : INFO : ball_device.bd_trough : Ejecting ball to <ball_device.bd_plunger>
2026-04-16 13:42:50,863 : INFO : EventManager : Event: ======'balldevice_bd_trough_ejecting_ball'====== Args={'balls': 1, 'target': <ball_device.bd_plunger>, 'source': <ball_device.bd_trough>, 'mechanical_eject': False, 'num_attempts': 0}
2026-04-16 13:42:50,863 : INFO : ball_device.bd_trough : Wait for ball to leave device
2026-04-16 13:42:50,863 : INFO : coil.c_trough_eject : Pulsing Driver for 10ms (1.0 pulse_power)
2026-04-16 13:42:50,889 : INFO : EventManager : Event: ======'slide_base_slide_created'====== Args={'_from_bcp': True}
2026-04-16 13:42:50,889 : INFO : EventManager : Event: ======'slide_attract_inactive'====== Args={'is_removing': True, '_from_bcp': True}
2026-04-16 13:42:50,890 : INFO : EventManager : Event: ======'slide_base_slide_active'====== Args={'original_context': 'base', 'original_calling_context': 'mode_base_started', 'priority': 100.0, 'queue': '<QueuedEvent>', 'player': 1.0, 'ball': 1.0, 'balls_remaining': 2.0, 'is_extra_ball': False, 'cmd': 'slides_play', '_from_bcp': True}
2026-04-16 13:42:50,890 : INFO : EventManager : Event: ======'slide_attract_removed'====== Args={'_from_bcp': True}
2026-04-16 13:42:52,028 : INFO : SwitchController : <<<<<<< 's_bumper_left' active >>>>>>>
2026-04-16 13:42:52,028 : INFO : EventManager : Event: ======'playfield_active'====== Args={'source': 'bumper_left'}
2026-04-16 13:42:52,029 : INFO : EventManager : Event: ======'unexpected_ball_on_playfield'====== Args={}
2026-04-16 13:42:52,029 : INFO : EventManager : Event: ======'s_bumper_left_active'====== Args={}
2026-04-16 13:42:52,029 : INFO : EventManager : Event: ======'machine_var_audits_switches_s_bumper_left'====== Args={'value': 119, 'prev_value': 118, 'change': 1}
2026-04-16 13:42:52,029 : INFO : EventManager : Event: ======'player_shot_bumper_left'====== Args={'value': 1, 'prev_value': 0, 'change': 1, 'player_num': 1}
2026-04-16 13:42:52,030 : INFO : EventManager : Event: ======'machine_var_audits_shots_bumper_left'====== Args={'value': 119, 'prev_value': 118, 'change': 1}
2026-04-16 13:42:52,030 : INFO : EventManager : Event: ======'bumper_left_hit'====== Args={'profile': 'default', 'state': 'unlit', 'advancing': True}
2026-04-16 13:42:52,030 : INFO : EventManager : Event: ======'bumper_left_default_hit'====== Args={'profile': 'default', 'state': 'unlit', 'advancing': True}
2026-04-16 13:42:52,030 : INFO : EventManager : Event: ======'bumper_left_default_unlit_hit'====== Args={'profile': 'default', 'state': 'unlit', 'advancing': True}
2026-04-16 13:42:52,031 : INFO : EventManager : Event: ======'bumper_left_unlit_hit'====== Args={'profile': 'default', 'state': 'unlit', 'advancing': True}
2026-04-16 13:42:52,031 : INFO : EventManager : Event: ======'bumpers_hit'====== Args={'shot': 'bumper_left'}
2026-04-16 13:42:52,031 : INFO : EventManager : Event: ======'bumpers_unlit_hit'====== Args={'shot': 'bumper_left'}
2026-04-16 13:42:52,031 : INFO : EventManager : Event: ======'player_score'====== Args={'value': 1000, 'prev_value': 0, 'change': 1000, 'player_num': 1, 'source': 'bumpers'}
2026-04-16 13:42:52,128 : INFO : SwitchController : <<<<<<< 's_bumper_left' inactive >>>>>>>
2026-04-16 13:42:52,129 : INFO : SwitchController : <<<<<<< 's_bumper_right' active >>>>>>>
2026-04-16 13:42:52,129 : INFO : EventManager : Event: ======'playfield_active'====== Args={'source': 'bumper_right'}
2026-04-16 13:42:52,129 : INFO : EventManager : Event: ======'unexpected_ball_on_playfield'====== Args={}
2026-04-16 13:42:52,130 : INFO : EventManager : Event: ======'s_bumper_right_active'====== Args={}
2026-04-16 13:42:52,130 : INFO : EventManager : Event: ======'machine_var_audits_switches_s_bumper_right'====== Args={'value': 121, 'prev_value': 120, 'change': 1}
2026-04-16 13:42:52,130 : INFO : EventManager : Event: ======'player_shot_bumper_right'====== Args={'value': 1, 'prev_value': 0, 'change': 1, 'player_num': 1}
2026-04-16 13:42:52,130 : INFO : EventManager : Event: ======'machine_var_audits_shots_bumper_right'====== Args={'value': 121, 'prev_value': 120, 'change': 1}
2026-04-16 13:42:52,131 : INFO : EventManager : Event: ======'bumper_right_hit'====== Args={'profile': 'default', 'state': 'unlit', 'advancing': True}
2026-04-16 13:42:52,131 : INFO : EventManager : Event: ======'bumper_right_default_hit'====== Args={'profile': 'default', 'state': 'unlit', 'advancing': True}
2026-04-16 13:42:52,131 : INFO : EventManager : Event: ======'bumper_right_default_unlit_hit'====== Args={'profile': 'default', 'state': 'unlit', 'advancing': True}
2026-04-16 13:42:52,131 : INFO : EventManager : Event: ======'bumper_right_unlit_hit'====== Args={'profile': 'default', 'state': 'unlit', 'advancing': True}
2026-04-16 13:42:52,131 : INFO : EventManager : Event: ======'bumpers_complete'====== Args={'state': 'lit'}
2026-04-16 13:42:52,131 : INFO : EventManager : Event: ======'bumpers_lit_complete'====== Args={}
2026-04-16 13:42:52,131 : INFO : EventManager : Event: ======'bumpers_hit'====== Args={'shot': 'bumper_right'}
2026-04-16 13:42:52,131 : INFO : EventManager : Event: ======'bumpers_unlit_hit'====== Args={'shot': 'bumper_right'}
2026-04-16 13:42:52,131 : INFO : EventManager : Event: ======'player_score'====== Args={'value': 2000, 'prev_value': 1000, 'change': 1000, 'player_num': 1, 'source': 'bumpers'}
2026-04-16 13:42:52,212 : INFO : SwitchController : <<<<<<< 's_bumper_right' inactive >>>>>>>
2026-04-16 13:42:52,245 : INFO : SwitchController : <<<<<<< 's_bumper_left' active >>>>>>>
2026-04-16 13:42:52,245 : INFO : EventManager : Event: ======'playfield_active'====== Args={'source': 'bumper_left'}
2026-04-16 13:42:52,245 : INFO : EventManager : Event: ======'unexpected_ball_on_playfield'====== Args={}
2026-04-16 13:42:52,245 : INFO : EventManager : Event: ======'s_bumper_left_active'====== Args={}
2026-04-16 13:42:52,245 : INFO : EventManager : Event: ======'machine_var_audits_switches_s_bumper_left'====== Args={'value': 120, 'prev_value': 119, 'change': 1}
2026-04-16 13:42:52,246 : INFO : EventManager : Event: ======'machine_var_audits_shots_bumper_left'====== Args={'value': 120, 'prev_value': 119, 'change': 1}
2026-04-16 13:42:52,246 : INFO : EventManager : Event: ======'bumper_left_hit'====== Args={'profile': 'default', 'state': 'lit', 'advancing': False}
2026-04-16 13:42:52,246 : INFO : EventManager : Event: ======'bumper_left_default_hit'====== Args={'profile': 'default', 'state': 'lit', 'advancing': False}
2026-04-16 13:42:52,246 : INFO : EventManager : Event: ======'bumper_left_default_lit_hit'====== Args={'profile': 'default', 'state': 'lit', 'advancing': False}
2026-04-16 13:42:52,246 : INFO : EventManager : Event: ======'bumper_left_lit_hit'====== Args={'profile': 'default', 'state': 'lit', 'advancing': False}
2026-04-16 13:42:52,246 : INFO : EventManager : Event: ======'bumpers_hit'====== Args={'shot': 'bumper_left'}
2026-04-16 13:42:52,247 : INFO : EventManager : Event: ======'bumpers_lit_hit'====== Args={'shot': 'bumper_left'}
2026-04-16 13:42:52,247 : INFO : EventManager : Event: ======'player_score'====== Args={'value': 3000, 'prev_value': 2000, 'change': 1000, 'player_num': 1, 'source': 'bumpers'}
2026-04-16 13:42:52,328 : INFO : SwitchController : <<<<<<< 's_bumper_left' inactive >>>>>>>
2026-04-16 13:42:52,561 : INFO : SwitchController : <<<<<<< 's_bumper_right' active >>>>>>>
2026-04-16 13:42:52,561 : INFO : EventManager : Event: ======'playfield_active'====== Args={'source': 'bumper_right'}
2026-04-16 13:42:52,561 : INFO : EventManager : Event: ======'unexpected_ball_on_playfield'====== Args={}
2026-04-16 13:42:52,561 : INFO : EventManager : Event: ======'s_bumper_right_active'====== Args={}
2026-04-16 13:42:52,562 : INFO : EventManager : Event: ======'machine_var_audits_switches_s_bumper_right'====== Args={'value': 122, 'prev_value': 121, 'change': 1}
2026-04-16 13:42:52,562 : INFO : EventManager : Event: ======'machine_var_audits_shots_bumper_right'====== Args={'value': 122, 'prev_value': 121, 'change': 1}
2026-04-16 13:42:52,562 : INFO : EventManager : Event: ======'bumper_right_hit'====== Args={'profile': 'default', 'state': 'lit', 'advancing': False}
2026-04-16 13:42:52,562 : INFO : EventManager : Event: ======'bumper_right_default_hit'====== Args={'profile': 'default', 'state': 'lit', 'advancing': False}
2026-04-16 13:42:52,562 : INFO : EventManager : Event: ======'bumper_right_default_lit_hit'====== Args={'profile': 'default', 'state': 'lit', 'advancing': False}
2026-04-16 13:42:52,562 : INFO : EventManager : Event: ======'bumper_right_lit_hit'====== Args={'profile': 'default', 'state': 'lit', 'advancing': False}
2026-04-16 13:42:52,562 : INFO : EventManager : Event: ======'bumpers_hit'====== Args={'shot': 'bumper_right'}
2026-04-16 13:42:52,562 : INFO : EventManager : Event: ======'bumpers_lit_hit'====== Args={'shot': 'bumper_right'}
2026-04-16 13:42:52,562 : INFO : EventManager : Event: ======'player_score'====== Args={'value': 4000, 'prev_value': 3000, 'change': 1000, 'player_num': 1, 'source': 'bumpers'}
2026-04-16 13:42:52,645 : INFO : SwitchController : <<<<<<< 's_bumper_right' inactive >>>>>>>
2026-04-16 13:42:52,711 : INFO : SwitchController : <<<<<<< 's_bumper_right' active >>>>>>>
2026-04-16 13:42:52,712 : INFO : EventManager : Event: ======'playfield_active'====== Args={'source': 'bumper_right'}
2026-04-16 13:42:52,712 : INFO : EventManager : Event: ======'unexpected_ball_on_playfield'====== Args={}
2026-04-16 13:42:52,712 : INFO : EventManager : Event: ======'s_bumper_right_active'====== Args={}
2026-04-16 13:42:52,712 : INFO : EventManager : Event: ======'machine_var_audits_switches_s_bumper_right'====== Args={'value': 123, 'prev_value': 122, 'change': 1}
2026-04-16 13:42:52,713 : INFO : EventManager : Event: ======'machine_var_audits_shots_bumper_right'====== Args={'value': 123, 'prev_value': 122, 'change': 1}
2026-04-16 13:42:52,713 : INFO : EventManager : Event: ======'bumper_right_hit'====== Args={'profile': 'default', 'state': 'lit', 'advancing': False}
2026-04-16 13:42:52,713 : INFO : EventManager : Event: ======'bumper_right_default_hit'====== Args={'profile': 'default', 'state': 'lit', 'advancing': False}
2026-04-16 13:42:52,713 : INFO : EventManager : Event: ======'bumper_right_default_lit_hit'====== Args={'profile': 'default', 'state': 'lit', 'advancing': False}
2026-04-16 13:42:52,713 : INFO : EventManager : Event: ======'bumper_right_lit_hit'====== Args={'profile': 'default', 'state': 'lit', 'advancing': False}
2026-04-16 13:42:52,713 : INFO : EventManager : Event: ======'bumpers_hit'====== Args={'shot': 'bumper_right'}
2026-04-16 13:42:52,713 : INFO : EventManager : Event: ======'bumpers_lit_hit'====== Args={'shot': 'bumper_right'}
2026-04-16 13:42:52,713 : INFO : EventManager : Event: ======'player_score'====== Args={'value': 5000, 'prev_value': 4000, 'change': 1000, 'player_num': 1, 'source': 'bumpers'}
2026-04-16 13:42:52,762 : INFO : SwitchController : <<<<<<< 's_bumper_right' inactive >>>>>>>
2026-04-16 13:42:52,828 : INFO : SwitchController : <<<<<<< 's_bumper_right' active >>>>>>>
2026-04-16 13:42:52,828 : INFO : EventManager : Event: ======'playfield_active'====== Args={'source': 'bumper_right'}
2026-04-16 13:42:52,828 : INFO : EventManager : Event: ======'unexpected_ball_on_playfield'====== Args={}
2026-04-16 13:42:52,828 : INFO : EventManager : Event: ======'s_bumper_right_active'====== Args={}
2026-04-16 13:42:52,828 : INFO : EventManager : Event: ======'machine_var_audits_switches_s_bumper_right'====== Args={'value': 124, 'prev_value': 123, 'change': 1}
2026-04-16 13:42:52,829 : INFO : EventManager : Event: ======'machine_var_audits_shots_bumper_right'====== Args={'value': 124, 'prev_value': 123, 'change': 1}
2026-04-16 13:42:52,829 : INFO : EventManager : Event: ======'bumper_right_hit'====== Args={'profile': 'default', 'state': 'lit', 'advancing': False}
2026-04-16 13:42:52,829 : INFO : EventManager : Event: ======'bumper_right_default_hit'====== Args={'profile': 'default', 'state': 'lit', 'advancing': False}
2026-04-16 13:42:52,829 : INFO : EventManager : Event: ======'bumper_right_default_lit_hit'====== Args={'profile': 'default', 'state': 'lit', 'advancing': False}
2026-04-16 13:42:52,829 : INFO : EventManager : Event: ======'bumper_right_lit_hit'====== Args={'profile': 'default', 'state': 'lit', 'advancing': False}
2026-04-16 13:42:52,829 : INFO : EventManager : Event: ======'bumpers_hit'====== Args={'shot': 'bumper_right'}
2026-04-16 13:42:52,829 : INFO : EventManager : Event: ======'bumpers_lit_hit'====== Args={'shot': 'bumper_right'}
2026-04-16 13:42:52,829 : INFO : EventManager : Event: ======'player_score'====== Args={'value': 6000, 'prev_value': 5000, 'change': 1000, 'player_num': 1, 'source': 'bumpers'}
2026-04-16 13:42:52,928 : INFO : SwitchController : <<<<<<< 's_bumper_right' inactive >>>>>>>
2026-04-16 13:42:52,978 : INFO : SwitchController : <<<<<<< 's_bumper_right' active >>>>>>>
2026-04-16 13:42:52,978 : INFO : EventManager : Event: ======'playfield_active'====== Args={'source': 'bumper_right'}
2026-04-16 13:42:52,978 : INFO : EventManager : Event: ======'unexpected_ball_on_playfield'====== Args={}
2026-04-16 13:42:52,978 : INFO : EventManager : Event: ======'s_bumper_right_active'====== Args={}
2026-04-16 13:42:52,978 : INFO : EventManager : Event: ======'machine_var_audits_switches_s_bumper_right'====== Args={'value': 125, 'prev_value': 124, 'change': 1}
2026-04-16 13:42:52,978 : INFO : EventManager : Event: ======'machine_var_audits_shots_bumper_right'====== Args={'value': 125, 'prev_value': 124, 'change': 1}
2026-04-16 13:42:52,979 : INFO : EventManager : Event: ======'bumper_right_hit'====== Args={'profile': 'default', 'state': 'lit', 'advancing': False}
2026-04-16 13:42:52,979 : INFO : EventManager : Event: ======'bumper_right_default_hit'====== Args={'profile': 'default', 'state': 'lit', 'advancing': False}
2026-04-16 13:42:52,979 : INFO : EventManager : Event: ======'bumper_right_default_lit_hit'====== Args={'profile': 'default', 'state': 'lit', 'advancing': False}
2026-04-16 13:42:52,979 : INFO : EventManager : Event: ======'bumper_right_lit_hit'====== Args={'profile': 'default', 'state': 'lit', 'advancing': False}
2026-04-16 13:42:52,979 : INFO : EventManager : Event: ======'bumpers_hit'====== Args={'shot': 'bumper_right'}
2026-04-16 13:42:52,979 : INFO : EventManager : Event: ======'bumpers_lit_hit'====== Args={'shot': 'bumper_right'}
2026-04-16 13:42:52,979 : INFO : EventManager : Event: ======'player_score'====== Args={'value': 7000, 'prev_value': 6000, 'change': 1000, 'player_num': 1, 'source': 'bumpers'}
2026-04-16 13:42:53,045 : INFO : SwitchController : <<<<<<< 's_bumper_right' inactive >>>>>>>
2026-04-16 13:42:53,095 : INFO : SwitchController : <<<<<<< 's_bumper_left' active >>>>>>>
2026-04-16 13:42:53,095 : INFO : EventManager : Event: ======'playfield_active'====== Args={'source': 'bumper_left'}
2026-04-16 13:42:53,095 : INFO : EventManager : Event: ======'unexpected_ball_on_playfield'====== Args={}
2026-04-16 13:42:53,095 : INFO : EventManager : Event: ======'s_bumper_left_active'====== Args={}
2026-04-16 13:42:53,095 : INFO : EventManager : Event: ======'machine_var_audits_switches_s_bumper_left'====== Args={'value': 121, 'prev_value': 120, 'change': 1}
2026-04-16 13:42:53,095 : INFO : EventManager : Event: ======'machine_var_audits_shots_bumper_left'====== Args={'value': 121, 'prev_value': 120, 'change': 1}
2026-04-16 13:42:53,096 : INFO : EventManager : Event: ======'bumper_left_hit'====== Args={'profile': 'default', 'state': 'lit', 'advancing': False}
2026-04-16 13:42:53,096 : INFO : EventManager : Event: ======'bumper_left_default_hit'====== Args={'profile': 'default', 'state': 'lit', 'advancing': False}
2026-04-16 13:42:53,096 : INFO : EventManager : Event: ======'bumper_left_default_lit_hit'====== Args={'profile': 'default', 'state': 'lit', 'advancing': False}
2026-04-16 13:42:53,096 : INFO : EventManager : Event: ======'bumper_left_lit_hit'====== Args={'profile': 'default', 'state': 'lit', 'advancing': False}
2026-04-16 13:42:53,096 : INFO : EventManager : Event: ======'bumpers_hit'====== Args={'shot': 'bumper_left'}
2026-04-16 13:42:53,096 : INFO : EventManager : Event: ======'bumpers_lit_hit'====== Args={'shot': 'bumper_left'}
2026-04-16 13:42:53,096 : INFO : EventManager : Event: ======'player_score'====== Args={'value': 8000, 'prev_value': 7000, 'change': 1000, 'player_num': 1, 'source': 'bumpers'}
2026-04-16 13:42:53,162 : INFO : SwitchController : <<<<<<< 's_bumper_left' inactive >>>>>>>
2026-04-16 13:42:53,245 : INFO : SwitchController : <<<<<<< 's_bumper_left' active >>>>>>>
2026-04-16 13:42:53,245 : INFO : EventManager : Event: ======'playfield_active'====== Args={'source': 'bumper_left'}
2026-04-16 13:42:53,245 : INFO : EventManager : Event: ======'unexpected_ball_on_playfield'====== Args={}
2026-04-16 13:42:53,245 : INFO : EventManager : Event: ======'s_bumper_left_active'====== Args={}
2026-04-16 13:42:53,245 : INFO : EventManager : Event: ======'machine_var_audits_switches_s_bumper_left'====== Args={'value': 122, 'prev_value': 121, 'change': 1}
2026-04-16 13:42:53,245 : INFO : EventManager : Event: ======'machine_var_audits_shots_bumper_left'====== Args={'value': 122, 'prev_value': 121, 'change': 1}
2026-04-16 13:42:53,245 : INFO : EventManager : Event: ======'bumper_left_hit'====== Args={'profile': 'default', 'state': 'lit', 'advancing': False}
2026-04-16 13:42:53,245 : INFO : EventManager : Event: ======'bumper_left_default_hit'====== Args={'profile': 'default', 'state': 'lit', 'advancing': False}
2026-04-16 13:42:53,246 : INFO : EventManager : Event: ======'bumper_left_default_lit_hit'====== Args={'profile': 'default', 'state': 'lit', 'advancing': False}
2026-04-16 13:42:53,246 : INFO : EventManager : Event: ======'bumper_left_lit_hit'====== Args={'profile': 'default', 'state': 'lit', 'advancing': False}
2026-04-16 13:42:53,246 : INFO : EventManager : Event: ======'bumpers_hit'====== Args={'shot': 'bumper_left'}
2026-04-16 13:42:53,246 : INFO : EventManager : Event: ======'bumpers_lit_hit'====== Args={'shot': 'bumper_left'}
2026-04-16 13:42:53,246 : INFO : EventManager : Event: ======'player_score'====== Args={'value': 9000, 'prev_value': 8000, 'change': 1000, 'player_num': 1, 'source': 'bumpers'}
2026-04-16 13:42:53,328 : INFO : SwitchController : <<<<<<< 's_bumper_left' inactive >>>>>>>
2026-04-16 13:42:53,378 : INFO : SwitchController : <<<<<<< 's_bumper_left' active >>>>>>>
2026-04-16 13:42:53,378 : INFO : EventManager : Event: ======'playfield_active'====== Args={'source': 'bumper_left'}
2026-04-16 13:42:53,378 : INFO : EventManager : Event: ======'unexpected_ball_on_playfield'====== Args={}
2026-04-16 13:42:53,378 : INFO : EventManager : Event: ======'s_bumper_left_active'====== Args={}
2026-04-16 13:42:53,378 : INFO : EventManager : Event: ======'machine_var_audits_switches_s_bumper_left'====== Args={'value': 123, 'prev_value': 122, 'change': 1}
2026-04-16 13:42:53,379 : INFO : EventManager : Event: ======'machine_var_audits_shots_bumper_left'====== Args={'value': 123, 'prev_value': 122, 'change': 1}
2026-04-16 13:42:53,379 : INFO : EventManager : Event: ======'bumper_left_hit'====== Args={'profile': 'default', 'state': 'lit', 'advancing': False}
2026-04-16 13:42:53,379 : INFO : EventManager : Event: ======'bumper_left_default_hit'====== Args={'profile': 'default', 'state': 'lit', 'advancing': False}
2026-04-16 13:42:53,379 : INFO : EventManager : Event: ======'bumper_left_default_lit_hit'====== Args={'profile': 'default', 'state': 'lit', 'advancing': False}
2026-04-16 13:42:53,379 : INFO : EventManager : Event: ======'bumper_left_lit_hit'====== Args={'profile': 'default', 'state': 'lit', 'advancing': False}
2026-04-16 13:42:53,379 : INFO : EventManager : Event: ======'bumpers_hit'====== Args={'shot': 'bumper_left'}
2026-04-16 13:42:53,379 : INFO : EventManager : Event: ======'bumpers_lit_hit'====== Args={'shot': 'bumper_left'}
2026-04-16 13:42:53,379 : INFO : EventManager : Event: ======'player_score'====== Args={'value': 10000, 'prev_value': 9000, 'change': 1000, 'player_num': 1, 'source': 'bumpers'}
2026-04-16 13:42:53,445 : INFO : SwitchController : <<<<<<< 's_bumper_left' inactive >>>>>>>
2026-04-16 13:42:53,495 : INFO : SwitchController : <<<<<<< 's_bumper_left' active >>>>>>>
2026-04-16 13:42:53,495 : INFO : EventManager : Event: ======'playfield_active'====== Args={'source': 'bumper_left'}
2026-04-16 13:42:53,495 : INFO : EventManager : Event: ======'unexpected_ball_on_playfield'====== Args={}
2026-04-16 13:42:53,495 : INFO : EventManager : Event: ======'s_bumper_left_active'====== Args={}
2026-04-16 13:42:53,495 : INFO : EventManager : Event: ======'machine_var_audits_switches_s_bumper_left'====== Args={'value': 124, 'prev_value': 123, 'change': 1}
2026-04-16 13:42:53,496 : INFO : EventManager : Event: ======'machine_var_audits_shots_bumper_left'====== Args={'value': 124, 'prev_value': 123, 'change': 1}
2026-04-16 13:42:53,496 : INFO : EventManager : Event: ======'bumper_left_hit'====== Args={'profile': 'default', 'state': 'lit', 'advancing': False}
2026-04-16 13:42:53,496 : INFO : EventManager : Event: ======'bumper_left_default_hit'====== Args={'profile': 'default', 'state': 'lit', 'advancing': False}
2026-04-16 13:42:53,496 : INFO : EventManager : Event: ======'bumper_left_default_lit_hit'====== Args={'profile': 'default', 'state': 'lit', 'advancing': False}
2026-04-16 13:42:53,496 : INFO : EventManager : Event: ======'bumper_left_lit_hit'====== Args={'profile': 'default', 'state': 'lit', 'advancing': False}
2026-04-16 13:42:53,496 : INFO : EventManager : Event: ======'bumpers_hit'====== Args={'shot': 'bumper_left'}
2026-04-16 13:42:53,496 : INFO : EventManager : Event: ======'bumpers_lit_hit'====== Args={'shot': 'bumper_left'}
2026-04-16 13:42:53,496 : INFO : EventManager : Event: ======'player_score'====== Args={'value': 11000, 'prev_value': 10000, 'change': 1000, 'player_num': 1, 'source': 'bumpers'}
2026-04-16 13:42:53,611 : INFO : SwitchController : <<<<<<< 's_bumper_left' inactive >>>>>>>
2026-04-16 13:42:53,695 : INFO : SwitchController : <<<<<<< 's_bumper_right' active >>>>>>>
2026-04-16 13:42:53,695 : INFO : EventManager : Event: ======'playfield_active'====== Args={'source': 'bumper_right'}
2026-04-16 13:42:53,696 : INFO : EventManager : Event: ======'unexpected_ball_on_playfield'====== Args={}
2026-04-16 13:42:53,696 : INFO : EventManager : Event: ======'s_bumper_right_active'====== Args={}
2026-04-16 13:42:53,696 : INFO : EventManager : Event: ======'machine_var_audits_switches_s_bumper_right'====== Args={'value': 126, 'prev_value': 125, 'change': 1}
2026-04-16 13:42:53,696 : INFO : EventManager : Event: ======'machine_var_audits_shots_bumper_right'====== Args={'value': 126, 'prev_value': 125, 'change': 1}
2026-04-16 13:42:53,696 : INFO : EventManager : Event: ======'bumper_right_hit'====== Args={'profile': 'default', 'state': 'lit', 'advancing': False}
2026-04-16 13:42:53,696 : INFO : EventManager : Event: ======'bumper_right_default_hit'====== Args={'profile': 'default', 'state': 'lit', 'advancing': False}
2026-04-16 13:42:53,696 : INFO : EventManager : Event: ======'bumper_right_default_lit_hit'====== Args={'profile': 'default', 'state': 'lit', 'advancing': False}
2026-04-16 13:42:53,697 : INFO : EventManager : Event: ======'bumper_right_lit_hit'====== Args={'profile': 'default', 'state': 'lit', 'advancing': False}
2026-04-16 13:42:53,697 : INFO : EventManager : Event: ======'bumpers_hit'====== Args={'shot': 'bumper_right'}
2026-04-16 13:42:53,697 : INFO : EventManager : Event: ======'bumpers_lit_hit'====== Args={'shot': 'bumper_right'}
2026-04-16 13:42:53,697 : INFO : EventManager : Event: ======'player_score'====== Args={'value': 12000, 'prev_value': 11000, 'change': 1000, 'player_num': 1, 'source': 'bumpers'}
2026-04-16 13:42:53,828 : INFO : SwitchController : <<<<<<< 's_bumper_right' inactive >>>>>>>
2026-04-16 13:42:54,595 : INFO : SwitchController : <<<<<<< 's_left_lane' active >>>>>>>
2026-04-16 13:42:54,595 : INFO : EventManager : Event: ======'playfield_active'====== Args={'source': 'left_lane'}
2026-04-16 13:42:54,595 : INFO : EventManager : Event: ======'unexpected_ball_on_playfield'====== Args={}
2026-04-16 13:42:54,595 : INFO : EventManager : Event: ======'playfield_active'====== Args={'source': 'hurryup'}
2026-04-16 13:42:54,595 : INFO : EventManager : Event: ======'unexpected_ball_on_playfield'====== Args={}
2026-04-16 13:42:54,595 : INFO : EventManager : Event: ======'s_left_lane_active'====== Args={}
2026-04-16 13:42:54,595 : INFO : EventManager : Event: ======'machine_var_audits_switches_s_left_lane'====== Args={'value': 17, 'prev_value': 16, 'change': 1}
2026-04-16 13:42:54,596 : INFO : EventManager : Event: ======'player_shot_left_lane'====== Args={'value': 1, 'prev_value': 0, 'change': 1, 'player_num': 1}
2026-04-16 13:42:54,596 : INFO : EventManager : Event: ======'machine_var_audits_shots_left_lane'====== Args={'value': 17, 'prev_value': 16, 'change': 1}
2026-04-16 13:42:54,597 : INFO : EventManager : Event: ======'left_lane_hit'====== Args={'profile': 'default', 'state': 'unlit', 'advancing': True}
2026-04-16 13:42:54,597 : INFO : EventManager : Event: ======'left_lane_default_hit'====== Args={'profile': 'default', 'state': 'unlit', 'advancing': True}
2026-04-16 13:42:54,597 : INFO : EventManager : Event: ======'left_lane_default_unlit_hit'====== Args={'profile': 'default', 'state': 'unlit', 'advancing': True}
2026-04-16 13:42:54,597 : INFO : EventManager : Event: ======'left_lane_unlit_hit'====== Args={'profile': 'default', 'state': 'unlit', 'advancing': True}
2026-04-16 13:42:54,597 : INFO : EventManager : Event: ======'start_mode_rhythm'====== Args={'priority': 0}
2026-04-16 13:42:54,597 : INFO : EventManager : Event: ======'mode_rhythm_will_start'====== Args={'priority': 0}
2026-04-16 13:42:54,600 : INFO : EventManager : Event: ======'mode_rhythm_starting'====== Args={'priority': 0}
2026-04-16 13:42:54,600 : INFO : Mode.rhythm : Started. Priority: 1200
2026-04-16 13:42:54,600 : INFO : EventManager : Event: ======'modes_active_modes_changed'====== Args={}
2026-04-16 13:42:54,600 : INFO : EventManager : Event: ======'mode_rhythm_started'====== Args={'priority': 0}
2026-04-16 13:42:54,601 : INFO : EventManager : Event: ======'player_rhythm_mode_score'====== Args={'value': 0, 'prev_value': 0, 'change': 0, 'player_num': 1}
2026-04-16 13:42:54,601 : INFO : EventManager : Event: ======'player_rhythm_combo'====== Args={'value': 0, 'prev_value': 0, 'change': 0, 'player_num': 1}
2026-04-16 13:42:54,601 : INFO : EventManager : Event: ======'player_rhythm_best_combo'====== Args={'value': 0, 'prev_value': 0, 'change': 0, 'player_num': 1}
2026-04-16 13:42:54,601 : INFO : EventManager : Event: ======'player_rhythm_hits'====== Args={'value': 0, 'prev_value': 0, 'change': 0, 'player_num': 1}
2026-04-16 13:42:54,601 : INFO : EventManager : Event: ======'player_rhythm_misses'====== Args={'value': 0, 'prev_value': 0, 'change': 0, 'player_num': 1}
2026-04-16 13:42:54,602 : INFO : EventManager : Event: ======'player_rhythm_notes_total'====== Args={'value': 38, 'prev_value': 0, 'change': 38, 'player_num': 1}
2026-04-16 13:42:54,602 : INFO : EventManager : Event: ======'player_rhythm_accuracy'====== Args={'value': 0, 'prev_value': 0, 'change': 0, 'player_num': 1}
2026-04-16 13:42:54,602 : INFO : EventManager : Event: ======'player_rhythm_multiplier'====== Args={'value': 1, 'prev_value': 0, 'change': 1, 'player_num': 1}
2026-04-16 13:42:54,653 : INFO : EventManager : Event: ======'rhythm_chart_started'====== Args={'total_notes': 38, 'travel_ms': 1600, 'perfect_window_ms': 90, 'good_window_ms': 170, 'lead_in_ms': 1800, 'song_key': '16_school_of_rock__teachers_pet', 'song_bus': 'music', 'audio_offset_ms': 0}
2026-04-16 13:42:54,673 : INFO : EventManager : Event: ======'slide_rhythm_created'====== Args={'_from_bcp': True}
2026-04-16 13:42:54,673 : INFO : EventManager : Event: ======'slide_base_slide_inactive'====== Args={'is_removing': False, '_from_bcp': True}
2026-04-16 13:42:54,674 : INFO : EventManager : Event: ======'slide_rhythm_active'====== Args={'original_context': 'rhythm', 'original_calling_context': 'mode_rhythm_started', 'priority': 1200.0, 'cmd': 'slides_play', '_from_bcp': True}
2026-04-16 13:42:54,711 : INFO : SwitchController : <<<<<<< 's_left_lane' inactive >>>>>>>
2026-04-16 13:42:55,403 : INFO : EventManager : Event: ======'rhythm_note_spawned'====== Args={'note_id': 0, 'lane': 'left', 'travel_ms': 1600, 'hit_time_ms': 2400}
2026-04-16 13:42:55,803 : INFO : EventManager : Event: ======'rhythm_note_spawned'====== Args={'note_id': 1, 'lane': 'center', 'travel_ms': 1600, 'hit_time_ms': 2800}
2026-04-16 13:42:56,203 : INFO : EventManager : Event: ======'rhythm_note_spawned'====== Args={'note_id': 2, 'lane': 'right', 'travel_ms': 1600, 'hit_time_ms': 3200}
2026-04-16 13:42:56,602 : INFO : EventManager : Event: ======'rhythm_note_spawned'====== Args={'note_id': 3, 'lane': 'left', 'travel_ms': 1600, 'hit_time_ms': 3600}
2026-04-16 13:42:57,003 : INFO : EventManager : Event: ======'rhythm_note_spawned'====== Args={'note_id': 4, 'lane': 'center', 'travel_ms': 1600, 'hit_time_ms': 4000}
2026-04-16 13:42:57,004 : INFO : EventManager : Event: ======'rhythm_note_spawned'====== Args={'note_id': 5, 'lane': 'right', 'travel_ms': 1600, 'hit_time_ms': 4000}
2026-04-16 13:42:57,174 : INFO : EventManager : Event: ======'player_rhythm_misses'====== Args={'value': 1, 'prev_value': 0, 'change': 1, 'player_num': 1}
2026-04-16 13:42:57,175 : INFO : EventManager : Event: ======'rhythm_note_missed'====== Args={'note_id': 0, 'lane': 'left', 'total_misses': 1}
2026-04-16 13:42:57,503 : INFO : EventManager : Event: ======'rhythm_note_spawned'====== Args={'note_id': 6, 'lane': 'left', 'travel_ms': 1600, 'hit_time_ms': 4500}
2026-04-16 13:42:57,574 : INFO : EventManager : Event: ======'player_rhythm_misses'====== Args={'value': 2, 'prev_value': 1, 'change': 1, 'player_num': 1}
2026-04-16 13:42:57,574 : INFO : EventManager : Event: ======'rhythm_note_missed'====== Args={'note_id': 1, 'lane': 'center', 'total_misses': 2}
2026-04-16 13:42:57,903 : INFO : EventManager : Event: ======'rhythm_note_spawned'====== Args={'note_id': 7, 'lane': 'center', 'travel_ms': 1600, 'hit_time_ms': 4900}
2026-04-16 13:42:57,974 : INFO : EventManager : Event: ======'player_rhythm_misses'====== Args={'value': 3, 'prev_value': 2, 'change': 1, 'player_num': 1}
2026-04-16 13:42:57,975 : INFO : EventManager : Event: ======'rhythm_note_missed'====== Args={'note_id': 2, 'lane': 'right', 'total_misses': 3}
2026-04-16 13:42:58,303 : INFO : EventManager : Event: ======'rhythm_note_spawned'====== Args={'note_id': 8, 'lane': 'right', 'travel_ms': 1600, 'hit_time_ms': 5300}
2026-04-16 13:42:58,373 : INFO : EventManager : Event: ======'player_rhythm_misses'====== Args={'value': 4, 'prev_value': 3, 'change': 1, 'player_num': 1}
2026-04-16 13:42:58,374 : INFO : EventManager : Event: ======'rhythm_note_missed'====== Args={'note_id': 3, 'lane': 'left', 'total_misses': 4}
2026-04-16 13:42:58,703 : INFO : EventManager : Event: ======'rhythm_note_spawned'====== Args={'note_id': 9, 'lane': 'left', 'travel_ms': 1600, 'hit_time_ms': 5700}
2026-04-16 13:42:58,774 : INFO : EventManager : Event: ======'player_rhythm_misses'====== Args={'value': 5, 'prev_value': 4, 'change': 1, 'player_num': 1}
2026-04-16 13:42:58,775 : INFO : EventManager : Event: ======'rhythm_note_missed'====== Args={'note_id': 4, 'lane': 'center', 'total_misses': 5}
2026-04-16 13:42:58,775 : INFO : EventManager : Event: ======'player_rhythm_misses'====== Args={'value': 6, 'prev_value': 5, 'change': 1, 'player_num': 1}
2026-04-16 13:42:58,775 : INFO : EventManager : Event: ======'rhythm_note_missed'====== Args={'note_id': 5, 'lane': 'right', 'total_misses': 6}
2026-04-16 13:42:58,828 : INFO : SwitchController : <<<<<<< 's_flipper_left' active >>>>>>>
2026-04-16 13:42:58,828 : INFO : EventManager : Event: ======'rhythm_lane_pressed'====== Args={'lane': 'left'}
2026-04-16 13:42:58,829 : INFO : EventManager : Event: ======'machine_var_audits_switches_s_flipper_left'====== Args={'value': 88, 'prev_value': 87, 'change': 1}
2026-04-16 13:42:58,961 : INFO : SwitchController : <<<<<<< 's_flipper_left' inactive >>>>>>>
2026-04-16 13:42:59,103 : INFO : EventManager : Event: ======'rhythm_note_spawned'====== Args={'note_id': 10, 'lane': 'center', 'travel_ms': 1600, 'hit_time_ms': 6100}
2026-04-16 13:42:59,274 : INFO : EventManager : Event: ======'player_rhythm_misses'====== Args={'value': 7, 'prev_value': 6, 'change': 1, 'player_num': 1}
2026-04-16 13:42:59,275 : INFO : EventManager : Event: ======'rhythm_note_missed'====== Args={'note_id': 6, 'lane': 'left', 'total_misses': 7}
2026-04-16 13:42:59,345 : INFO : SwitchController : <<<<<<< 's_action_button' active >>>>>>>
2026-04-16 13:42:59,345 : INFO : EventManager : Event: ======'rhythm_lane_pressed'====== Args={'lane': 'center'}
2026-04-16 13:42:59,346 : INFO : EventManager : Event: ======'player_rhythm_combo'====== Args={'value': 1, 'prev_value': 0, 'change': 1, 'player_num': 1}
2026-04-16 13:42:59,346 : INFO : EventManager : Event: ======'player_rhythm_best_combo'====== Args={'value': 1, 'prev_value': 0, 'change': 1, 'player_num': 1}
2026-04-16 13:42:59,346 : INFO : EventManager : Event: ======'player_rhythm_hits'====== Args={'value': 1, 'prev_value': 0, 'change': 1, 'player_num': 1}
2026-04-16 13:42:59,346 : INFO : EventManager : Event: ======'player_rhythm_mode_score'====== Args={'value': 10000, 'prev_value': 0, 'change': 10000, 'player_num': 1}
2026-04-16 13:42:59,347 : INFO : EventManager : Event: ======'player_score'====== Args={'value': 22000, 'prev_value': 12000, 'change': 10000, 'player_num': 1}
2026-04-16 13:42:59,347 : INFO : EventManager : Event: ======'rhythm_note_hit'====== Args={'note_id': 7, 'lane': 'center', 'judgment': 'good', 'combo': 1, 'multiplier': 1, 'award': 10000, 'delta_ms': 155, 'total_score': 10000}
2026-04-16 13:42:59,347 : INFO : EventManager : Event: ======'machine_var_audits_switches_s_action_button'====== Args={'value': 21, 'prev_value': 20, 'change': 1}
2026-04-16 13:42:59,462 : INFO : SwitchController : <<<<<<< 's_action_button' inactive >>>>>>>
2026-04-16 13:42:59,503 : INFO : EventManager : Event: ======'rhythm_note_spawned'====== Args={'note_id': 11, 'lane': 'right', 'travel_ms': 1600, 'hit_time_ms': 6500}
2026-04-16 13:42:59,628 : INFO : SwitchController : <<<<<<< 's_flipper_right' active >>>>>>>
2026-04-16 13:42:59,628 : INFO : EventManager : Event: ======'rhythm_lane_pressed'====== Args={'lane': 'right'}
2026-04-16 13:42:59,629 : INFO : EventManager : Event: ======'machine_var_audits_switches_s_flipper_right'====== Args={'value': 81, 'prev_value': 80, 'change': 1}
2026-04-16 13:42:59,794 : INFO : SwitchController : <<<<<<< 's_flipper_right' inactive >>>>>>>
2026-04-16 13:42:59,903 : INFO : EventManager : Event: ======'rhythm_note_spawned'====== Args={'note_id': 12, 'lane': 'center', 'travel_ms': 1600, 'hit_time_ms': 6900}
2026-04-16 13:42:59,911 : INFO : SwitchController : <<<<<<< 's_flipper_left' active >>>>>>>
2026-04-16 13:42:59,911 : INFO : EventManager : Event: ======'rhythm_lane_pressed'====== Args={'lane': 'left'}
2026-04-16 13:42:59,911 : INFO : EventManager : Event: ======'machine_var_audits_switches_s_flipper_left'====== Args={'value': 89, 'prev_value': 88, 'change': 1}
2026-04-16 13:43:00,061 : INFO : SwitchController : <<<<<<< 's_flipper_left' inactive >>>>>>>
2026-04-16 13:43:00,074 : INFO : EventManager : Event: ======'player_rhythm_combo'====== Args={'value': 0, 'prev_value': 1, 'change': -1, 'player_num': 1}
2026-04-16 13:43:00,075 : INFO : EventManager : Event: ======'player_rhythm_misses'====== Args={'value': 8, 'prev_value': 7, 'change': 1, 'player_num': 1}
2026-04-16 13:43:00,075 : INFO : EventManager : Event: ======'rhythm_note_missed'====== Args={'note_id': 8, 'lane': 'right', 'total_misses': 8}
2026-04-16 13:43:00,228 : INFO : SwitchController : <<<<<<< 's_action_button' active >>>>>>>
2026-04-16 13:43:00,228 : INFO : EventManager : Event: ======'rhythm_lane_pressed'====== Args={'lane': 'center'}
2026-04-16 13:43:00,228 : INFO : EventManager : Event: ======'machine_var_audits_switches_s_action_button'====== Args={'value': 22, 'prev_value': 21, 'change': 1}
2026-04-16 13:43:00,244 : INFO : SwitchController : <<<<<<< 's_flipper_right' active >>>>>>>
2026-04-16 13:43:00,245 : INFO : EventManager : Event: ======'rhythm_lane_pressed'====== Args={'lane': 'right'}
2026-04-16 13:43:00,245 : INFO : EventManager : Event: ======'machine_var_audits_switches_s_flipper_right'====== Args={'value': 82, 'prev_value': 81, 'change': 1}
2026-04-16 13:43:00,295 : INFO : SwitchController : <<<<<<< 's_flipper_right' inactive >>>>>>>
2026-04-16 13:43:00,303 : INFO : EventManager : Event: ======'rhythm_note_spawned'====== Args={'note_id': 13, 'lane': 'right', 'travel_ms': 1600, 'hit_time_ms': 7300}
2026-04-16 13:43:00,474 : INFO : EventManager : Event: ======'player_rhythm_misses'====== Args={'value': 9, 'prev_value': 8, 'change': 1, 'player_num': 1}
2026-04-16 13:43:00,475 : INFO : EventManager : Event: ======'rhythm_note_missed'====== Args={'note_id': 9, 'lane': 'left', 'total_misses': 9}
2026-04-16 13:43:00,478 : INFO : SwitchController : <<<<<<< 's_action_button' inactive >>>>>>>
2026-04-16 13:43:00,703 : INFO : EventManager : Event: ======'rhythm_note_spawned'====== Args={'note_id': 14, 'lane': 'left', 'travel_ms': 1600, 'hit_time_ms': 7700}
2026-04-16 13:43:00,704 : INFO : EventManager : Event: ======'rhythm_note_spawned'====== Args={'note_id': 15, 'lane': 'center', 'travel_ms': 1600, 'hit_time_ms': 7700}
2026-04-16 13:43:00,745 : INFO : SwitchController : <<<<<<< 's_flipper_left' active >>>>>>>
2026-04-16 13:43:00,745 : INFO : EventManager : Event: ======'rhythm_lane_pressed'====== Args={'lane': 'left'}
2026-04-16 13:43:00,745 : INFO : EventManager : Event: ======'machine_var_audits_switches_s_flipper_left'====== Args={'value': 90, 'prev_value': 89, 'change': 1}
2026-04-16 13:43:00,828 : INFO : SwitchController : <<<<<<< 's_flipper_left' inactive >>>>>>>
2026-04-16 13:43:00,864 : INFO : EventManager : Event: ======'balldevice_bd_trough_ball_eject_failed'====== Args={'target': <ball_device.bd_plunger>, 'balls': 1, 'retry': True, 'num_attempts': 1}
2026-04-16 13:43:00,865 : INFO : ball_device.bd_trough : State: waiting_for_target_ready
2026-04-16 13:43:00,865 : INFO : EventManager : Event: ======'balldevice_bd_trough_ball_eject_attempt'====== Args={'balls': 1, 'target': <ball_device.bd_plunger>, 'source': <ball_device.bd_trough>, 'mechanical_eject': False, 'num_attempts': 1}
2026-04-16 13:43:00,865 : INFO : ball_device.bd_trough : State: ejecting
2026-04-16 13:43:00,865 : INFO : ball_device.bd_trough : Ejecting ball to <ball_device.bd_plunger>
2026-04-16 13:43:00,865 : INFO : EventManager : Event: ======'balldevice_bd_trough_ejecting_ball'====== Args={'balls': 1, 'target': <ball_device.bd_plunger>, 'source': <ball_device.bd_trough>, 'mechanical_eject': False, 'num_attempts': 1}
2026-04-16 13:43:00,866 : INFO : ball_device.bd_trough : Wait for ball to leave device
2026-04-16 13:43:00,866 : INFO : coil.c_trough_eject : Pulsing Driver for 10ms (1.0 pulse_power)
2026-04-16 13:43:00,873 : INFO : EventManager : Event: ======'player_rhythm_misses'====== Args={'value': 10, 'prev_value': 9, 'change': 1, 'player_num': 1}
2026-04-16 13:43:00,874 : INFO : EventManager : Event: ======'rhythm_note_missed'====== Args={'note_id': 10, 'lane': 'center', 'total_misses': 10}
2026-04-16 13:43:01,274 : INFO : EventManager : Event: ======'player_rhythm_misses'====== Args={'value': 11, 'prev_value': 10, 'change': 1, 'player_num': 1}
2026-04-16 13:43:01,275 : INFO : EventManager : Event: ======'rhythm_note_missed'====== Args={'note_id': 11, 'lane': 'right', 'total_misses': 11}
2026-04-16 13:43:01,302 : INFO : EventManager : Event: ======'rhythm_note_spawned'====== Args={'note_id': 16, 'lane': 'left', 'travel_ms': 1600, 'hit_time_ms': 8300}
2026-04-16 13:43:01,561 : INFO : SwitchController : <<<<<<< 's_action_button' active >>>>>>>
2026-04-16 13:43:01,561 : INFO : EventManager : Event: ======'rhythm_lane_pressed'====== Args={'lane': 'center'}
2026-04-16 13:43:01,561 : INFO : EventManager : Event: ======'player_rhythm_combo'====== Args={'value': 1, 'prev_value': 0, 'change': 1, 'player_num': 1}
2026-04-16 13:43:01,562 : INFO : EventManager : Event: ======'player_rhythm_hits'====== Args={'value': 2, 'prev_value': 1, 'change': 1, 'player_num': 1}
2026-04-16 13:43:01,562 : INFO : EventManager : Event: ======'player_rhythm_mode_score'====== Args={'value': 30000, 'prev_value': 10000, 'change': 20000, 'player_num': 1}
2026-04-16 13:43:01,562 : INFO : EventManager : Event: ======'player_score'====== Args={'value': 42000, 'prev_value': 22000, 'change': 20000, 'player_num': 1}
2026-04-16 13:43:01,562 : INFO : EventManager : Event: ======'rhythm_note_hit'====== Args={'note_id': 12, 'lane': 'center', 'judgment': 'perfect', 'combo': 1, 'multiplier': 1, 'award': 20000, 'delta_ms': 61, 'total_score': 30000}
2026-04-16 13:43:01,562 : INFO : EventManager : Event: ======'machine_var_audits_switches_s_action_button'====== Args={'value': 23, 'prev_value': 22, 'change': 1}
2026-04-16 13:43:01,695 : INFO : SwitchController : <<<<<<< 's_action_button' inactive >>>>>>>
2026-04-16 13:43:01,703 : INFO : EventManager : Event: ======'rhythm_note_spawned'====== Args={'note_id': 17, 'lane': 'center', 'travel_ms': 1600, 'hit_time_ms': 8700}
2026-04-16 13:43:02,074 : INFO : EventManager : Event: ======'player_rhythm_combo'====== Args={'value': 0, 'prev_value': 1, 'change': -1, 'player_num': 1}
2026-04-16 13:43:02,075 : INFO : EventManager : Event: ======'player_rhythm_misses'====== Args={'value': 12, 'prev_value': 11, 'change': 1, 'player_num': 1}
2026-04-16 13:43:02,075 : INFO : EventManager : Event: ======'rhythm_note_missed'====== Args={'note_id': 13, 'lane': 'right', 'total_misses': 12}
2026-04-16 13:43:02,103 : INFO : EventManager : Event: ======'rhythm_note_spawned'====== Args={'note_id': 18, 'lane': 'right', 'travel_ms': 1600, 'hit_time_ms': 9100}
2026-04-16 13:43:02,474 : INFO : EventManager : Event: ======'player_rhythm_misses'====== Args={'value': 13, 'prev_value': 12, 'change': 1, 'player_num': 1}
2026-04-16 13:43:02,475 : INFO : EventManager : Event: ======'rhythm_note_missed'====== Args={'note_id': 14, 'lane': 'left', 'total_misses': 13}
2026-04-16 13:43:02,475 : INFO : EventManager : Event: ======'player_rhythm_misses'====== Args={'value': 14, 'prev_value': 13, 'change': 1, 'player_num': 1}
2026-04-16 13:43:02,475 : INFO : EventManager : Event: ======'rhythm_note_missed'====== Args={'note_id': 15, 'lane': 'center', 'total_misses': 14}
2026-04-16 13:43:02,503 : INFO : EventManager : Event: ======'rhythm_note_spawned'====== Args={'note_id': 19, 'lane': 'center', 'travel_ms': 1600, 'hit_time_ms': 9500}
2026-04-16 13:43:02,903 : INFO : EventManager : Event: ======'rhythm_note_spawned'====== Args={'note_id': 20, 'lane': 'right', 'travel_ms': 1600, 'hit_time_ms': 9900}
2026-04-16 13:43:03,074 : INFO : EventManager : Event: ======'player_rhythm_misses'====== Args={'value': 15, 'prev_value': 14, 'change': 1, 'player_num': 1}
2026-04-16 13:43:03,074 : INFO : EventManager : Event: ======'rhythm_note_missed'====== Args={'note_id': 16, 'lane': 'left', 'total_misses': 15}
2026-04-16 13:43:03,303 : INFO : EventManager : Event: ======'rhythm_note_spawned'====== Args={'note_id': 21, 'lane': 'left', 'travel_ms': 1600, 'hit_time_ms': 10300}
2026-04-16 13:43:03,474 : INFO : EventManager : Event: ======'player_rhythm_misses'====== Args={'value': 16, 'prev_value': 15, 'change': 1, 'player_num': 1}
2026-04-16 13:43:03,475 : INFO : EventManager : Event: ======'rhythm_note_missed'====== Args={'note_id': 17, 'lane': 'center', 'total_misses': 16}
2026-04-16 13:43:03,703 : INFO : EventManager : Event: ======'rhythm_note_spawned'====== Args={'note_id': 22, 'lane': 'center', 'travel_ms': 1600, 'hit_time_ms': 10700}
2026-04-16 13:43:03,704 : INFO : EventManager : Event: ======'rhythm_note_spawned'====== Args={'note_id': 23, 'lane': 'right', 'travel_ms': 1600, 'hit_time_ms': 10700}
2026-04-16 13:43:03,874 : INFO : EventManager : Event: ======'player_rhythm_misses'====== Args={'value': 17, 'prev_value': 16, 'change': 1, 'player_num': 1}
2026-04-16 13:43:03,874 : INFO : EventManager : Event: ======'rhythm_note_missed'====== Args={'note_id': 18, 'lane': 'right', 'total_misses': 17}
2026-04-16 13:43:04,274 : INFO : EventManager : Event: ======'player_rhythm_misses'====== Args={'value': 18, 'prev_value': 17, 'change': 1, 'player_num': 1}
2026-04-16 13:43:04,275 : INFO : EventManager : Event: ======'rhythm_note_missed'====== Args={'note_id': 19, 'lane': 'center', 'total_misses': 18}
2026-04-16 13:43:04,303 : INFO : EventManager : Event: ======'rhythm_note_spawned'====== Args={'note_id': 24, 'lane': 'left', 'travel_ms': 1600, 'hit_time_ms': 11300}
2026-04-16 13:43:04,674 : INFO : EventManager : Event: ======'player_rhythm_misses'====== Args={'value': 19, 'prev_value': 18, 'change': 1, 'player_num': 1}
2026-04-16 13:43:04,675 : INFO : EventManager : Event: ======'rhythm_note_missed'====== Args={'note_id': 20, 'lane': 'right', 'total_misses': 19}
2026-04-16 13:43:04,703 : INFO : EventManager : Event: ======'rhythm_note_spawned'====== Args={'note_id': 25, 'lane': 'center', 'travel_ms': 1600, 'hit_time_ms': 11700}
2026-04-16 13:43:05,073 : INFO : EventManager : Event: ======'player_rhythm_misses'====== Args={'value': 20, 'prev_value': 19, 'change': 1, 'player_num': 1}
2026-04-16 13:43:05,074 : INFO : EventManager : Event: ======'rhythm_note_missed'====== Args={'note_id': 21, 'lane': 'left', 'total_misses': 20}
2026-04-16 13:43:05,102 : INFO : EventManager : Event: ======'rhythm_note_spawned'====== Args={'note_id': 26, 'lane': 'left', 'travel_ms': 1600, 'hit_time_ms': 12100}
2026-04-16 13:43:05,474 : INFO : EventManager : Event: ======'player_rhythm_misses'====== Args={'value': 21, 'prev_value': 20, 'change': 1, 'player_num': 1}
2026-04-16 13:43:05,475 : INFO : EventManager : Event: ======'rhythm_note_missed'====== Args={'note_id': 22, 'lane': 'center', 'total_misses': 21}
2026-04-16 13:43:05,475 : INFO : EventManager : Event: ======'player_rhythm_misses'====== Args={'value': 22, 'prev_value': 21, 'change': 1, 'player_num': 1}
2026-04-16 13:43:05,476 : INFO : EventManager : Event: ======'rhythm_note_missed'====== Args={'note_id': 23, 'lane': 'right', 'total_misses': 22}
2026-04-16 13:43:05,503 : INFO : EventManager : Event: ======'rhythm_note_spawned'====== Args={'note_id': 27, 'lane': 'right', 'travel_ms': 1600, 'hit_time_ms': 12500}
2026-04-16 13:43:05,903 : INFO : EventManager : Event: ======'rhythm_note_spawned'====== Args={'note_id': 28, 'lane': 'center', 'travel_ms': 1600, 'hit_time_ms': 12900}
2026-04-16 13:43:06,074 : INFO : EventManager : Event: ======'player_rhythm_misses'====== Args={'value': 23, 'prev_value': 22, 'change': 1, 'player_num': 1}
2026-04-16 13:43:06,075 : INFO : EventManager : Event: ======'rhythm_note_missed'====== Args={'note_id': 24, 'lane': 'left', 'total_misses': 23}
2026-04-16 13:43:06,303 : INFO : EventManager : Event: ======'rhythm_note_spawned'====== Args={'note_id': 29, 'lane': 'right', 'travel_ms': 1600, 'hit_time_ms': 13300}
2026-04-16 13:43:06,474 : INFO : EventManager : Event: ======'player_rhythm_misses'====== Args={'value': 24, 'prev_value': 23, 'change': 1, 'player_num': 1}
2026-04-16 13:43:06,475 : INFO : EventManager : Event: ======'rhythm_note_missed'====== Args={'note_id': 25, 'lane': 'center', 'total_misses': 24}
2026-04-16 13:43:06,703 : INFO : EventManager : Event: ======'rhythm_note_spawned'====== Args={'note_id': 30, 'lane': 'left', 'travel_ms': 1600, 'hit_time_ms': 13700}
2026-04-16 13:43:06,703 : INFO : EventManager : Event: ======'rhythm_note_spawned'====== Args={'note_id': 31, 'lane': 'center', 'travel_ms': 1600, 'hit_time_ms': 13700}
2026-04-16 13:43:06,873 : INFO : EventManager : Event: ======'player_rhythm_misses'====== Args={'value': 25, 'prev_value': 24, 'change': 1, 'player_num': 1}
2026-04-16 13:43:06,874 : INFO : EventManager : Event: ======'rhythm_note_missed'====== Args={'note_id': 26, 'lane': 'left', 'total_misses': 25}
2026-04-16 13:43:07,274 : INFO : EventManager : Event: ======'player_rhythm_misses'====== Args={'value': 26, 'prev_value': 25, 'change': 1, 'player_num': 1}
2026-04-16 13:43:07,275 : INFO : EventManager : Event: ======'rhythm_note_missed'====== Args={'note_id': 27, 'lane': 'right', 'total_misses': 26}
2026-04-16 13:43:07,302 : INFO : EventManager : Event: ======'rhythm_note_spawned'====== Args={'note_id': 32, 'lane': 'center', 'travel_ms': 1600, 'hit_time_ms': 14300}
2026-04-16 13:43:07,674 : INFO : EventManager : Event: ======'player_rhythm_misses'====== Args={'value': 27, 'prev_value': 26, 'change': 1, 'player_num': 1}
2026-04-16 13:43:07,675 : INFO : EventManager : Event: ======'rhythm_note_missed'====== Args={'note_id': 28, 'lane': 'center', 'total_misses': 27}
2026-04-16 13:43:07,703 : INFO : EventManager : Event: ======'rhythm_note_spawned'====== Args={'note_id': 33, 'lane': 'right', 'travel_ms': 1600, 'hit_time_ms': 14700}
2026-04-16 13:43:08,074 : INFO : EventManager : Event: ======'player_rhythm_misses'====== Args={'value': 28, 'prev_value': 27, 'change': 1, 'player_num': 1}
2026-04-16 13:43:08,075 : INFO : EventManager : Event: ======'rhythm_note_missed'====== Args={'note_id': 29, 'lane': 'right', 'total_misses': 28}
2026-04-16 13:43:08,102 : INFO : EventManager : Event: ======'rhythm_note_spawned'====== Args={'note_id': 34, 'lane': 'left', 'travel_ms': 1600, 'hit_time_ms': 15100}
2026-04-16 13:43:08,474 : INFO : EventManager : Event: ======'player_rhythm_misses'====== Args={'value': 29, 'prev_value': 28, 'change': 1, 'player_num': 1}
2026-04-16 13:43:08,474 : INFO : EventManager : Event: ======'rhythm_note_missed'====== Args={'note_id': 30, 'lane': 'left', 'total_misses': 29}
2026-04-16 13:43:08,475 : INFO : EventManager : Event: ======'player_rhythm_misses'====== Args={'value': 30, 'prev_value': 29, 'change': 1, 'player_num': 1}
2026-04-16 13:43:08,475 : INFO : EventManager : Event: ======'rhythm_note_missed'====== Args={'note_id': 31, 'lane': 'center', 'total_misses': 30}
2026-04-16 13:43:08,503 : INFO : EventManager : Event: ======'rhythm_note_spawned'====== Args={'note_id': 35, 'lane': 'center', 'travel_ms': 1600, 'hit_time_ms': 15500}
2026-04-16 13:43:09,074 : INFO : EventManager : Event: ======'player_rhythm_misses'====== Args={'value': 31, 'prev_value': 30, 'change': 1, 'player_num': 1}
2026-04-16 13:43:09,074 : INFO : EventManager : Event: ======'rhythm_note_missed'====== Args={'note_id': 32, 'lane': 'center', 'total_misses': 31}
2026-04-16 13:43:09,103 : INFO : EventManager : Event: ======'rhythm_note_spawned'====== Args={'note_id': 36, 'lane': 'left', 'travel_ms': 1600, 'hit_time_ms': 16100}
2026-04-16 13:43:09,104 : INFO : EventManager : Event: ======'rhythm_note_spawned'====== Args={'note_id': 37, 'lane': 'right', 'travel_ms': 1600, 'hit_time_ms': 16100}
2026-04-16 13:43:09,474 : INFO : EventManager : Event: ======'player_rhythm_misses'====== Args={'value': 32, 'prev_value': 31, 'change': 1, 'player_num': 1}
2026-04-16 13:43:09,474 : INFO : EventManager : Event: ======'rhythm_note_missed'====== Args={'note_id': 33, 'lane': 'right', 'total_misses': 32}
2026-04-16 13:43:09,873 : INFO : EventManager : Event: ======'player_rhythm_misses'====== Args={'value': 33, 'prev_value': 32, 'change': 1, 'player_num': 1}
2026-04-16 13:43:09,874 : INFO : EventManager : Event: ======'rhythm_note_missed'====== Args={'note_id': 34, 'lane': 'left', 'total_misses': 33}
2026-04-16 13:43:10,274 : INFO : EventManager : Event: ======'player_rhythm_misses'====== Args={'value': 34, 'prev_value': 33, 'change': 1, 'player_num': 1}
2026-04-16 13:43:10,275 : INFO : EventManager : Event: ======'rhythm_note_missed'====== Args={'note_id': 35, 'lane': 'center', 'total_misses': 34}
2026-04-16 13:43:10,867 : INFO : EventManager : Event: ======'balldevice_bd_trough_ball_eject_failed'====== Args={'target': <ball_device.bd_plunger>, 'balls': 1, 'retry': True, 'num_attempts': 2}
2026-04-16 13:43:10,868 : INFO : ball_device.bd_trough : State: waiting_for_target_ready
2026-04-16 13:43:10,868 : INFO : EventManager : Event: ======'balldevice_bd_trough_ball_eject_attempt'====== Args={'balls': 1, 'target': <ball_device.bd_plunger>, 'source': <ball_device.bd_trough>, 'mechanical_eject': False, 'num_attempts': 2}
2026-04-16 13:43:10,869 : INFO : ball_device.bd_trough : State: ejecting
2026-04-16 13:43:10,869 : INFO : ball_device.bd_trough : Ejecting ball to <ball_device.bd_plunger>
2026-04-16 13:43:10,869 : INFO : EventManager : Event: ======'balldevice_bd_trough_ejecting_ball'====== Args={'balls': 1, 'target': <ball_device.bd_plunger>, 'source': <ball_device.bd_trough>, 'mechanical_eject': False, 'num_attempts': 2}
2026-04-16 13:43:10,869 : INFO : ball_device.bd_trough : Wait for ball to leave device
2026-04-16 13:43:10,870 : INFO : coil.c_trough_eject : Pulsing Driver for 10ms (1.0 pulse_power)
2026-04-16 13:43:10,873 : INFO : EventManager : Event: ======'player_rhythm_misses'====== Args={'value': 35, 'prev_value': 34, 'change': 1, 'player_num': 1}
2026-04-16 13:43:10,874 : INFO : EventManager : Event: ======'rhythm_note_missed'====== Args={'note_id': 36, 'lane': 'left', 'total_misses': 35}
2026-04-16 13:43:10,874 : INFO : EventManager : Event: ======'player_rhythm_misses'====== Args={'value': 36, 'prev_value': 35, 'change': 1, 'player_num': 1}
2026-04-16 13:43:10,874 : INFO : EventManager : Event: ======'rhythm_note_missed'====== Args={'note_id': 37, 'lane': 'right', 'total_misses': 36}
2026-04-16 13:43:11,123 : INFO : EventManager : Event: ======'player_rhythm_accuracy'====== Args={'value': 5, 'prev_value': 0, 'change': 5, 'player_num': 1}
2026-04-16 13:43:11,123 : INFO : EventManager : Event: ======'rhythm_mode_finished'====== Args={'total_notes': 38, 'hits': 2, 'misses': 36, 'best_combo': 1, 'accuracy': 5, 'total_score': 30000}
2026-04-16 13:43:12,724 : INFO : EventManager : Event: ======'mode_rhythm_will_stop'====== Args={}
2026-04-16 13:43:12,725 : INFO : EventManager : Event: ======'mode_rhythm_stopping'====== Args={}
2026-04-16 13:43:12,725 : INFO : Mode.rhythm : Stopped.
2026-04-16 13:43:12,725 : INFO : EventManager : Event: ======'modes_active_modes_changed'====== Args={}
2026-04-16 13:43:12,726 : INFO : EventManager : Event: ======'mode_rhythm_stopped'====== Args={}
2026-04-16 13:43:12,726 : INFO : EventManager : Event: ======'clear'====== Args={'key': 'rhythm'}
2026-04-16 13:43:12,745 : INFO : EventManager : Event: ======'slide_rhythm_inactive'====== Args={'is_removing': True, '_from_bcp': True}
2026-04-16 13:43:12,745 : INFO : EventManager : Event: ======'slide_base_slide_active'====== Args={'_from_bcp': True}
2026-04-16 13:43:12,746 : INFO : EventManager : Event: ======'slide_rhythm_removed'====== Args={'_from_bcp': True}
2026-04-16 13:43:15,712 : INFO : Machine : Shutting down...
2026-04-16 13:43:15,713 : INFO : EventManager : Event: ======'shutdown'====== Args={}
2026-04-16 13:43:15,714 : INFO : EventManager : Event: ======'mode_game_will_stop'====== Args={}
2026-04-16 13:43:15,714 : INFO : EventManager : Event: ======'mode_game_stopping'====== Args={}
2026-04-16 13:43:15,714 : INFO : EventManager : Event: ======'mode_bumpers_will_stop'====== Args={}
2026-04-16 13:43:15,714 : INFO : EventManager : Event: ======'mode_bumpers_stopping'====== Args={}
2026-04-16 13:43:15,714 : INFO : EventManager : Event: ======'mode_base_will_stop'====== Args={}
2026-04-16 13:43:15,714 : INFO : EventManager : Event: ======'mode_base_stopping'====== Args={}
2026-04-16 13:43:15,715 : INFO : EventManager : Event: ======'stop_mode_bumpers'====== Args={'priority': 0}
2026-04-16 13:43:15,715 : INFO : Mode.base : Stopped.
2026-04-16 13:43:15,715 : INFO : EventManager : Event: ======'modes_active_modes_changed'====== Args={}
2026-04-16 13:43:15,715 : INFO : EventManager : Event: ======'mode_base_stopped'====== Args={}
2026-04-16 13:43:15,715 : INFO : EventManager : Event: ======'clear'====== Args={'key': 'base'}
2026-04-16 13:43:15,715 : INFO : Mode.bumpers : Stopped.
2026-04-16 13:43:15,715 : INFO : EventManager : Event: ======'modes_active_modes_changed'====== Args={}
2026-04-16 13:43:15,715 : INFO : EventManager : Event: ======'mode_bumpers_stopped'====== Args={}
2026-04-16 13:43:15,715 : INFO : EventManager : Event: ======'clear'====== Args={'key': 'bumpers'}
2026-04-16 13:43:15,716 : INFO : Mode.game : Stopped.
2026-04-16 13:43:15,716 : INFO : EventManager : Event: ======'modes_active_modes_changed'====== Args={}
2026-04-16 13:43:15,716 : INFO : EventManager : Event: ======'mode_game_stopped'====== Args={}
2026-04-16 13:43:15,716 : INFO : EventManager : Event: ======'clear'====== Args={'key': 'game'}
2026-04-16 13:43:15,717 : INFO : root : MPF run loop ended.
