2026-04-16 14:21:53,124 : INFO : root : Loading config.
2026-04-16 14:21:53,171 : INFO : ConfigProcessor : Config spec file cache created: /var/folders/nw/6blj94p12ldcym3fj104vzlm0000gn/T/config_spec.mpf_cache
2026-04-16 14:21:53,171 : INFO : YamlMultifileConfigLoader : Machine config file #1: config.yaml
2026-04-16 14:21:53,171 : INFO : ConfigProcessor : Loading config from cache: /var/folders/nw/6blj94p12ldcym3fj104vzlm0000gn/T/b334f8a4e2121184f8a617378a4d1625.mpf_cache
2026-04-16 14:21:53,194 : INFO : ConfigProcessor : Loading config from cache: /var/folders/nw/6blj94p12ldcym3fj104vzlm0000gn/T/63da12c4cec82227b4c3859bbf3c7cd4.mpf_cache
2026-04-16 14:21:53,195 : INFO : ConfigProcessor : Loading config from cache: /var/folders/nw/6blj94p12ldcym3fj104vzlm0000gn/T/b8625db2ee8ad38c42d4f1c72235edc8.mpf_cache
2026-04-16 14:21:53,195 : INFO : ConfigProcessor : Loading config from cache: /var/folders/nw/6blj94p12ldcym3fj104vzlm0000gn/T/63da12c4cec82227b4c3859bbf3c7cd4.mpf_cache
2026-04-16 14:21:53,195 : INFO : ConfigProcessor : Loading config from cache: /var/folders/nw/6blj94p12ldcym3fj104vzlm0000gn/T/104947b35f87d581877cdaf02599b463.mpf_cache
2026-04-16 14:21:53,195 : INFO : ConfigProcessor : Loading config from cache: /var/folders/nw/6blj94p12ldcym3fj104vzlm0000gn/T/bc830d47d6fbb336561cc63e74edf2c9.mpf_cache
2026-04-16 14:21:53,195 : INFO : ConfigProcessor : Loading config from cache: /var/folders/nw/6blj94p12ldcym3fj104vzlm0000gn/T/4273c698423283a7843ff5c77ef69dc9.mpf_cache
2026-04-16 14:21:53,195 : INFO : ConfigProcessor : Loading config from cache: /var/folders/nw/6blj94p12ldcym3fj104vzlm0000gn/T/7424f2cce7b15e0b37e570d3514590c8.mpf_cache
2026-04-16 14:21:53,196 : INFO : Machine : Mission Pinball Framework Core Engine v0.80.0.dev13
2026-04-16 14:21:53,196 : INFO : Machine : Command line arguments: {'no_load_cache': False, 'create_config_cache': True, 'bcp': True, 'configfile': ['config.yaml'], 'force_assets_load': False, 'platform_integration_test': False, 'jsonlogging': False, 'logfile': 'logs/2026-04-16-14-21-53-mpf-Wills-MacBook-Pro-M5.local.log', 'pause': False, 'production': False, 'text_ui': False, 'loglevel': 15, 'consoleloglevel': 20, 'force_platform': 'virtual', 'syslog_address': None, 'full_logfile_path': '/Users/willrante/Documents/GitHub/pinball/logs/2026-04-16-14-21-53-mpf-Wills-MacBook-Pro-M5.local.log'}
2026-04-16 14:21:53,196 : INFO : Machine : MPF path: /Users/willrante/mpf-env/lib/python3.14/site-packages/mpf
2026-04-16 14:21:53,196 : INFO : Machine : Machine path: /Users/willrante/Documents/GitHub/pinball
2026-04-16 14:21:53,196 : INFO : Machine : Platform: darwin
2026-04-16 14:21:53,196 : INFO : Machine : Python executable location: /Users/willrante/mpf-env/bin/python3.14
2026-04-16 14:21:53,196 : INFO : Machine : Python version: 3.14.3 (64-bit)
2026-04-16 14:21:53,196 : INFO : Machine : Initializing MPF...
2026-04-16 14:21:53,218 : INFO : EventManager : Event: ======'machine_var_credits_string'====== Args={'value': 'FREE PLAY', 'prev_value': None, 'change': True}
2026-04-16 14:21:53,223 : INFO : EventManager : Event: ======'machine_var_master_volume'====== Args={'value': 0.5, 'prev_value': None, 'change': True}
2026-04-16 14:21:53,223 : INFO : EventManager : Event: ======'machine_var_mpf_version'====== Args={'value': 'Mission Pinball Framework v0.80.0.dev13', 'prev_value': None, 'change': True}
2026-04-16 14:21:53,223 : INFO : EventManager : Event: ======'machine_var_mpf_extended_version'====== Args={'value': 'Mission Pinball Framework v0.80.0.dev13, Config version:6, Show version: 6, BCP version:1.1', 'prev_value': None, 'change': True}
2026-04-16 14:21:53,223 : INFO : EventManager : Event: ======'machine_var_python_version'====== Args={'value': '3.14.3', 'prev_value': None, 'change': True}
2026-04-16 14:21:53,229 : INFO : EventManager : Event: ======'machine_var_platform'====== Args={'value': 'macOS-26.4.1-arm64-arm-64bit-Mach-O', 'prev_value': None, 'change': True}
2026-04-16 14:21:53,229 : INFO : EventManager : Event: ======'machine_var_platform_system'====== Args={'value': 'Darwin', 'prev_value': None, 'change': True}
2026-04-16 14:21:53,229 : INFO : EventManager : Event: ======'machine_var_platform_release'====== Args={'value': '25.4.0', 'prev_value': None, 'change': True}
2026-04-16 14:21:53,229 : INFO : EventManager : Event: ======'machine_var_platform_version'====== Args={'value': 'Darwin Kernel Version 25.4.0: Thu Mar 19 19:33:50 PDT 2026; root:xnu-12377.101.15~1/RELEASE_ARM64_T6050', 'prev_value': None, 'change': True}
2026-04-16 14:21:53,229 : INFO : EventManager : Event: ======'machine_var_platform_machine'====== Args={'value': 'arm64', 'prev_value': None, 'change': True}
2026-04-16 14:21:53,229 : INFO : EventManager : Event: ======'machine_var_log_file_path'====== Args={'value': '/Users/willrante/Documents/GitHub/pinball/logs/2026-04-16-14-21-53-mpf-Wills-MacBook-Pro-M5.local.log', 'prev_value': None, 'change': True}
2026-04-16 14:21:53,229 : INFO : EventManager : Event: ======'init_phase_1'====== Args={}
2026-04-16 14:21:53,235 : INFO : EventManager : Event: ======'init_phase_2'====== Args={}
2026-04-16 14:21:53,235 : INFO : SwitchController : Found active switch: (1007, <Platform.Virtual>) <switch.s_trough_1>
2026-04-16 14:21:53,235 : INFO : SwitchController : Found active switch: (1008, <Platform.Virtual>) <switch.s_trough_2>
2026-04-16 14:21:53,235 : INFO : SwitchController : Found active switch: (1009, <Platform.Virtual>) <switch.s_trough_3>
2026-04-16 14:21:53,235 : INFO : EventManager : Event: ======'bcp_connection_attempt'====== Args={'name': 'local_display', 'host': 'localhost', 'port': 5050}
2026-04-16 14:21:53,236 : INFO : BCPClientSocket : Connecting BCP to 'local_display' at localhost:5050...
2026-04-16 14:21:53,239 : INFO : BCPClientSocket : Connected BCP to 'local_display' localhost:5050
2026-04-16 14:21:53,239 : INFO : EventManager : Event: ======'bcp_clients_connected'====== Args={}
2026-04-16 14:21:53,239 : INFO : ball_device.bd_plunger : BCH: Initial count: 0
2026-04-16 14:21:53,239 : INFO : ball_device.bd_plunger : State: idle
2026-04-16 14:21:53,239 : INFO : ball_device.bd_trough : BCH: Initial count: 3
2026-04-16 14:21:53,239 : INFO : ball_device.bd_trough : State: idle
2026-04-16 14:21:53,242 : INFO : EventManager : Event: ======'init_phase_3'====== Args={}
2026-04-16 14:21:53,243 : INFO : EventManager : Event: ======'init_phase_4'====== Args={}
2026-04-16 14:21:53,243 : INFO : BallController : Initial balls found: 3
2026-04-16 14:21:53,244 : INFO : EventManager : Event: ======'machine_var_audits_events_game_ended'====== Args={'value': 0, 'prev_value': None, 'change': True}
2026-04-16 14:21:53,244 : INFO : EventManager : Event: ======'machine_var_audits_events_game_started'====== Args={'value': 17, 'prev_value': None, 'change': True}
2026-04-16 14:21:53,244 : INFO : EventManager : Event: ======'machine_var_audits_missing_switches_s_action_button'====== Args={'value': 1, 'prev_value': None, 'change': True}
2026-04-16 14:21:53,244 : INFO : EventManager : Event: ======'machine_var_audits_missing_switches_s_bumper_left'====== Args={'value': 6, 'prev_value': None, 'change': True}
2026-04-16 14:21:53,244 : INFO : EventManager : Event: ======'machine_var_audits_missing_switches_s_bumper_right'====== Args={'value': 6, 'prev_value': None, 'change': True}
2026-04-16 14:21:53,244 : INFO : EventManager : Event: ======'machine_var_audits_missing_switches_s_flipper_left'====== Args={'value': 1, 'prev_value': None, 'change': True}
2026-04-16 14:21:53,244 : INFO : EventManager : Event: ======'machine_var_audits_missing_switches_s_flipper_right'====== Args={'value': 1, 'prev_value': None, 'change': True}
2026-04-16 14:21:53,244 : INFO : EventManager : Event: ======'machine_var_audits_missing_switches_s_plunger_lane'====== Args={'value': 17, 'prev_value': None, 'change': True}
2026-04-16 14:21:53,244 : INFO : EventManager : Event: ======'machine_var_audits_missing_switches_s_start'====== Args={'value': 13, 'prev_value': None, 'change': True}
2026-04-16 14:21:53,244 : INFO : EventManager : Event: ======'machine_var_audits_missing_switches_s_trough_1'====== Args={'value': 17, 'prev_value': None, 'change': True}
2026-04-16 14:21:53,244 : INFO : EventManager : Event: ======'machine_var_audits_missing_switches_s_trough_2'====== Args={'value': 17, 'prev_value': None, 'change': True}
2026-04-16 14:21:53,244 : INFO : EventManager : Event: ======'machine_var_audits_missing_switches_s_trough_3'====== Args={'value': 17, 'prev_value': None, 'change': True}
2026-04-16 14:21:53,244 : INFO : EventManager : Event: ======'machine_var_audits_player_score'====== Args={'value': {'average': 0, 'top': [], 'total': 0}, 'prev_value': None, 'change': True}
2026-04-16 14:21:53,244 : INFO : EventManager : Event: ======'machine_var_audits_shots_bumper_left'====== Args={'value': 145, 'prev_value': None, 'change': True}
2026-04-16 14:21:53,244 : INFO : EventManager : Event: ======'machine_var_audits_shots_bumper_right'====== Args={'value': 144, 'prev_value': None, 'change': True}
2026-04-16 14:21:53,244 : INFO : EventManager : Event: ======'machine_var_audits_shots_hurryup'====== Args={'value': 3, 'prev_value': None, 'change': True}
2026-04-16 14:21:53,244 : INFO : EventManager : Event: ======'machine_var_audits_shots_left_lane'====== Args={'value': 24, 'prev_value': None, 'change': True}
2026-04-16 14:21:53,244 : INFO : EventManager : Event: ======'machine_var_audits_switches_s_action_button'====== Args={'value': 110, 'prev_value': None, 'change': True}
2026-04-16 14:21:53,244 : INFO : EventManager : Event: ======'machine_var_audits_switches_s_bumper_left'====== Args={'value': 145, 'prev_value': None, 'change': True}
2026-04-16 14:21:53,244 : INFO : EventManager : Event: ======'machine_var_audits_switches_s_bumper_right'====== Args={'value': 144, 'prev_value': None, 'change': True}
2026-04-16 14:21:53,244 : INFO : EventManager : Event: ======'machine_var_audits_switches_s_flipper_left'====== Args={'value': 168, 'prev_value': None, 'change': True}
2026-04-16 14:21:53,244 : INFO : EventManager : Event: ======'machine_var_audits_switches_s_flipper_right'====== Args={'value': 158, 'prev_value': None, 'change': True}
2026-04-16 14:21:53,244 : INFO : EventManager : Event: ======'machine_var_audits_switches_s_left_lane'====== Args={'value': 24, 'prev_value': None, 'change': True}
2026-04-16 14:21:53,244 : INFO : EventManager : Event: ======'machine_var_audits_switches_s_plunger_lane'====== Args={'value': 0, 'prev_value': None, 'change': True}
2026-04-16 14:21:53,244 : INFO : EventManager : Event: ======'machine_var_audits_switches_s_start'====== Args={'value': 3, 'prev_value': None, 'change': True}
2026-04-16 14:21:53,244 : INFO : EventManager : Event: ======'machine_var_audits_switches_s_trough_1'====== Args={'value': 0, 'prev_value': None, 'change': True}
2026-04-16 14:21:53,244 : INFO : EventManager : Event: ======'machine_var_audits_switches_s_trough_2'====== Args={'value': 0, 'prev_value': None, 'change': True}
2026-04-16 14:21:53,244 : INFO : EventManager : Event: ======'machine_var_audits_switches_s_trough_3'====== Args={'value': 0, 'prev_value': None, 'change': True}
2026-04-16 14:21:53,244 : INFO : EventManager : Event: ======'init_phase_5'====== Args={}
2026-04-16 14:21:53,244 : INFO : EventManager : Event: ======'init_done'====== Args={}
2026-04-16 14:21:53,245 : INFO : EventManager : Event: ======'machine_reset_phase_1'====== Args={}
2026-04-16 14:21:53,254 : INFO : EventManager : Event: ======'machine_reset_phase_2'====== Args={}
2026-04-16 14:21:53,254 : INFO : EventManager : Event: ======'machine_reset_phase_3'====== Args={}
2026-04-16 14:21:53,255 : INFO : EventManager : Event: ======'reset_complete'====== Args={}
2026-04-16 14:21:53,255 : INFO : EventManager : Event: ======'mode_attract_will_start'====== Args={}
2026-04-16 14:21:53,255 : INFO : Timer.attract_carousel_timer : Starting Timer.
2026-04-16 14:21:53,255 : INFO : EventManager : Event: ======'timer_attract_carousel_timer_started'====== Args={'ticks': 0, 'ticks_remaining': 1}
2026-04-16 14:21:53,255 : INFO : EventManager : Event: ======'timer_attract_carousel_timer_tick'====== Args={'ticks': 0, 'ticks_remaining': 1}
2026-04-16 14:21:53,256 : INFO : EventManager : Event: ======'mode_attract_starting'====== Args={}
2026-04-16 14:21:53,256 : INFO : Mode.attract : Started. Priority: 10
2026-04-16 14:21:53,256 : INFO : EventManager : Event: ======'modes_active_modes_changed'====== Args={}
2026-04-16 14:21:53,256 : INFO : EventManager : Event: ======'mode_attract_started'====== Args={}
2026-04-16 14:21:53,256 : INFO : EventManager : Event: ======'collecting_balls_complete'====== Args={}
2026-04-16 14:21:53,256 : INFO : EventManager : Event: ======'carousel_item_highlighted'====== Args={'carousel': 'attract', 'direction': None, 'item': 'title'}
2026-04-16 14:21:53,256 : INFO : EventManager : Event: ======'timer_attract_carousel_timer_tick'====== Args={'ticks': 0, 'ticks_remaining': 1}
2026-04-16 14:21:53,256 : INFO : Machine : Starting the main run loop with active modes: [<Mode.attract>]
2026-04-16 14:21:53,318 : INFO : EventManager : Event: ======'slide_attract_created'====== Args={'_from_bcp': True}
2026-04-16 14:21:53,318 : INFO : EventManager : Event: ======'slide__removed'====== Args={'_from_bcp': True}
2026-04-16 14:21:53,318 : INFO : EventManager : Event: ======'slide_attract_active'====== Args={'original_context': 'attract', 'original_calling_context': 'mode_attract_started', 'priority': 10.0, 'cmd': 'slides_play', '_from_bcp': True}
2026-04-16 14:21:55,005 : INFO : SwitchController : <<<<<<< 's_start' active >>>>>>>
2026-04-16 14:21:55,071 : INFO : SwitchController : <<<<<<< 's_start' inactive >>>>>>>
2026-04-16 14:21:55,072 : INFO : EventManager : Event: ======'request_to_start_game'====== Args={}
2026-04-16 14:21:55,072 : INFO : EventManager : Event: ======'game_start'====== Args={'buttons': [], 'hold_time': 0.06611449999945762}
2026-04-16 14:21:55,072 : INFO : EventManager : Event: ======'mode_game_will_start'====== Args={'buttons': [], 'hold_time': 0.06611449999945762}
2026-04-16 14:21:55,073 : INFO : EventManager : Event: ======'mode_game_starting'====== Args={'buttons': [], 'hold_time': 0.06611449999945762}
2026-04-16 14:21:55,073 : INFO : EventManager : Event: ======'mode_attract_will_stop'====== Args={}
2026-04-16 14:21:55,073 : INFO : EventManager : Event: ======'mode_attract_stopping'====== Args={}
2026-04-16 14:21:55,073 : INFO : Mode.attract : Stopped.
2026-04-16 14:21:55,073 : INFO : EventManager : Event: ======'modes_active_modes_changed'====== Args={}
2026-04-16 14:21:55,073 : INFO : EventManager : Event: ======'mode_attract_stopped'====== Args={}
2026-04-16 14:21:55,073 : INFO : EventManager : Event: ======'clear'====== Args={'key': 'attract'}
2026-04-16 14:21:55,074 : INFO : Timer.attract_carousel_timer : Stopping Timer
2026-04-16 14:21:55,074 : INFO : EventManager : Event: ======'timer_attract_carousel_timer_stopped'====== Args={'ticks': 0, 'ticks_remaining': 1}
2026-04-16 14:21:55,074 : INFO : Mode.game : Started. Priority: 20
2026-04-16 14:21:55,074 : INFO : EventManager : Event: ======'modes_active_modes_changed'====== Args={}
2026-04-16 14:21:55,074 : INFO : EventManager : Event: ======'mode_game_started'====== Args={'buttons': [], 'hold_time': 0.06611449999945762}
2026-04-16 14:21:55,075 : INFO : EventManager : Event: ======'game_will_start'====== Args={}
2026-04-16 14:21:55,075 : INFO : EventManager : Event: ======'game_starting'====== Args={'game': <Mode.game>}
2026-04-16 14:21:55,076 : INFO : EventManager : Unordered handler for class <Auditor> on event game_ended with priority 1. Handlers: [RegisteredHandler(callback=<bound method Auditor.disable of <Auditor>>, priority=1, kwargs={}, key=UUID('21f81d51-a20c-49d3-817a-c7f4439805f0'), condition=None, blocking_facility=None), RegisteredHandler(callback=<bound method Auditor._save_audits of <Auditor>>, priority=1, kwargs={}, key=UUID('ee7945ab-955d-44d3-8798-062f81a7f9c4'), condition=None, blocking_facility=None)]. The order of those handlers is not defined and they will be executed in random order. This might lead to race conditions and potential bugs.
2026-04-16 14:21:55,076 : INFO : EventManager : Event: ======'player_add_request'====== Args={}
2026-04-16 14:21:55,076 : INFO : EventManager : Event: ======'player_will_add'====== Args={'number': 1}
2026-04-16 14:21:55,076 : INFO : EventManager : Event: ======'player_adding'====== Args={'player': <Player 1>, 'number': 1}
2026-04-16 14:21:55,076 : INFO : EventManager : Event: ======'player_added'====== Args={'player': <Player 1>, 'num': 1}
2026-04-16 14:21:55,076 : INFO : Mode.game : Player added successfully. Total players: 1
2026-04-16 14:21:55,076 : INFO : EventManager : Event: ======'player_index'====== Args={'value': 0, 'prev_value': 0, 'change': 0, 'player_num': 1}
2026-04-16 14:21:55,076 : INFO : EventManager : Event: ======'player_number'====== Args={'value': 1, 'prev_value': 1, 'change': 0, 'player_num': 1}
2026-04-16 14:21:55,077 : INFO : EventManager : Event: ======'player_score'====== Args={'value': 0, 'prev_value': 0, 'change': 0, 'player_num': 1}
2026-04-16 14:21:55,077 : INFO : EventManager : Event: ======'game_started'====== Args={}
2026-04-16 14:21:55,077 : INFO : EventManager : Event: ======'player_turn_will_start'====== Args={'player': <Player 1>, 'number': 1}
2026-04-16 14:21:55,077 : INFO : EventManager : Event: ======'player_turn_starting'====== Args={'player': <Player 1>, 'number': 1}
2026-04-16 14:21:55,077 : INFO : EventManager : Event: ======'player_ball'====== Args={'value': 1, 'prev_value': 0, 'change': 1, 'player_num': 1}
2026-04-16 14:21:55,081 : INFO : EventManager : Event: ======'player_turn_started'====== Args={'player': <Player 1>, 'number': 1}
2026-04-16 14:21:55,082 : INFO : EventManager : Event: ======'ball_will_start'====== Args={'player': 1, 'ball': 1, 'balls_remaining': 2, 'is_extra_ball': False}
2026-04-16 14:21:55,082 : INFO : EventManager : Event: ======'ball_starting'====== Args={'player': 1, 'ball': 1, 'balls_remaining': 2, 'is_extra_ball': False}
2026-04-16 14:21:55,082 : INFO : EventManager : Event: ======'mode_base_will_start'====== Args={'queue': <QueuedEvent>, 'player': 1, 'ball': 1, 'balls_remaining': 2, 'is_extra_ball': False}
2026-04-16 14:21:55,082 : INFO : EventManager : Event: ======'player_shot_left_lane_enabled'====== Args={'value': True, 'prev_value': 0, 'change': 1, 'player_num': 1}
2026-04-16 14:21:55,083 : INFO : EventManager : Event: ======'mode_base_starting'====== Args={'queue': <QueuedEvent>, 'player': 1, 'ball': 1, 'balls_remaining': 2, 'is_extra_ball': False}
2026-04-16 14:21:55,083 : INFO : Mode.base : Started. Priority: 100
2026-04-16 14:21:55,083 : INFO : EventManager : Event: ======'modes_active_modes_changed'====== Args={}
2026-04-16 14:21:55,083 : INFO : EventManager : Event: ======'mode_base_started'====== Args={'queue': <QueuedEvent>, 'player': 1, 'ball': 1, 'balls_remaining': 2, 'is_extra_ball': False}
2026-04-16 14:21:55,084 : INFO : EventManager : Event: ======'start_mode_bumpers'====== Args={'priority': 0}
2026-04-16 14:21:55,084 : INFO : EventManager : Event: ======'mode_bumpers_will_start'====== Args={'priority': 0}
2026-04-16 14:21:55,084 : INFO : EventManager : Event: ======'player_shot_bumper_left_enabled'====== Args={'value': True, 'prev_value': 0, 'change': 1, 'player_num': 1}
2026-04-16 14:21:55,084 : INFO : EventManager : Event: ======'player_shot_bumper_right_enabled'====== Args={'value': True, 'prev_value': 0, 'change': 1, 'player_num': 1}
2026-04-16 14:21:55,084 : INFO : EventManager : Event: ======'bumpers_complete'====== Args={'state': 'unlit'}
2026-04-16 14:21:55,085 : INFO : EventManager : Event: ======'bumpers_unlit_complete'====== Args={}
2026-04-16 14:21:55,085 : INFO : EventManager : Event: ======'mode_bumpers_starting'====== Args={'priority': 0}
2026-04-16 14:21:55,085 : INFO : Mode.bumpers : Started. Priority: 200
2026-04-16 14:21:55,085 : INFO : EventManager : Event: ======'modes_active_modes_changed'====== Args={}
2026-04-16 14:21:55,085 : INFO : EventManager : Event: ======'mode_bumpers_started'====== Args={'priority': 0}
2026-04-16 14:21:55,085 : INFO : EventManager : Event: ======'balls_in_play'====== Args={'balls': 1}
2026-04-16 14:21:55,085 : INFO : EventManager : Event: ======'ball_started'====== Args={'player': 1, 'ball': 1, 'balls_remaining': 2, 'is_extra_ball': False}
2026-04-16 14:21:55,086 : INFO : EventManager : Event: ======'single_player_ball_started'====== Args={}
2026-04-16 14:21:55,086 : INFO : EventManager : Event: ======'ball_start_target'====== Args={'target': 'playfield'}
2026-04-16 14:21:55,086 : INFO : ball_device.bd_trough : Setting up player-controlled eject. Balls: 1, Target: <playfield.playfield>, player_controlled_eject_event: None
2026-04-16 14:21:55,086 : INFO : ball_device.bd_trough : Adding 1 ball(s) to the eject_queue with target <playfield.playfield>.
2026-04-16 14:21:55,086 : INFO : EventManager : Event: ======'balldevice_balls_available'====== Args={}
2026-04-16 14:21:55,087 : INFO : ball_device.bd_trough : State: waiting_for_target_ready
2026-04-16 14:21:55,087 : INFO : EventManager : Event: ======'balldevice_bd_trough_ball_eject_attempt'====== Args={'balls': 1, 'target': <ball_device.bd_plunger>, 'source': <ball_device.bd_trough>, 'mechanical_eject': False, 'num_attempts': 0}
2026-04-16 14:21:55,087 : INFO : ball_device.bd_plunger : State: waiting_for_ball
2026-04-16 14:21:55,087 : INFO : ball_device.bd_trough : State: ejecting
2026-04-16 14:21:55,087 : INFO : ball_device.bd_trough : Ejecting ball to <ball_device.bd_plunger>
2026-04-16 14:21:55,087 : INFO : EventManager : Event: ======'balldevice_bd_trough_ejecting_ball'====== Args={'balls': 1, 'target': <ball_device.bd_plunger>, 'source': <ball_device.bd_trough>, 'mechanical_eject': False, 'num_attempts': 0}
2026-04-16 14:21:55,088 : INFO : ball_device.bd_trough : Wait for ball to leave device
2026-04-16 14:21:55,088 : INFO : coil.c_trough_eject : Pulsing Driver for 10ms (1.0 pulse_power)
2026-04-16 14:21:55,117 : INFO : EventManager : Event: ======'slide_base_slide_created'====== Args={'_from_bcp': True}
2026-04-16 14:21:55,117 : INFO : EventManager : Event: ======'slide_attract_inactive'====== Args={'is_removing': True, '_from_bcp': True}
2026-04-16 14:21:55,117 : INFO : EventManager : Event: ======'slide_base_slide_active'====== Args={'original_context': 'base', 'original_calling_context': 'mode_base_started', 'priority': 100.0, 'queue': '<QueuedEvent>', 'player': 1.0, 'ball': 1.0, 'balls_remaining': 2.0, 'is_extra_ball': False, 'cmd': 'slides_play', '_from_bcp': True}
2026-04-16 14:21:55,118 : INFO : EventManager : Event: ======'slide_attract_removed'====== Args={'_from_bcp': True}
2026-04-16 14:21:56,122 : INFO : SwitchController : <<<<<<< 's_left_lane' active >>>>>>>
2026-04-16 14:21:56,122 : INFO : EventManager : Event: ======'playfield_active'====== Args={'source': 'hurryup'}
2026-04-16 14:21:56,122 : INFO : EventManager : Event: ======'unexpected_ball_on_playfield'====== Args={}
2026-04-16 14:21:56,122 : INFO : EventManager : Event: ======'playfield_active'====== Args={'source': 'left_lane'}
2026-04-16 14:21:56,122 : INFO : EventManager : Event: ======'unexpected_ball_on_playfield'====== Args={}
2026-04-16 14:21:56,122 : INFO : EventManager : Event: ======'s_left_lane_active'====== Args={}
2026-04-16 14:21:56,122 : INFO : EventManager : Event: ======'machine_var_audits_switches_s_left_lane'====== Args={'value': 25, 'prev_value': 24, 'change': 1}
2026-04-16 14:21:56,123 : INFO : EventManager : Event: ======'player_shot_left_lane'====== Args={'value': 1, 'prev_value': 0, 'change': 1, 'player_num': 1}
2026-04-16 14:21:56,124 : INFO : EventManager : Event: ======'machine_var_audits_shots_left_lane'====== Args={'value': 25, 'prev_value': 24, 'change': 1}
2026-04-16 14:21:56,128 : INFO : EventManager : Event: ======'left_lane_hit'====== Args={'profile': 'default', 'state': 'unlit', 'advancing': True}
2026-04-16 14:21:56,128 : INFO : EventManager : Event: ======'left_lane_default_hit'====== Args={'profile': 'default', 'state': 'unlit', 'advancing': True}
2026-04-16 14:21:56,128 : INFO : EventManager : Event: ======'left_lane_default_unlit_hit'====== Args={'profile': 'default', 'state': 'unlit', 'advancing': True}
2026-04-16 14:21:56,128 : INFO : EventManager : Event: ======'left_lane_unlit_hit'====== Args={'profile': 'default', 'state': 'unlit', 'advancing': True}
2026-04-16 14:21:56,128 : INFO : EventManager : Event: ======'start_mode_rhythm'====== Args={'priority': 0}
2026-04-16 14:21:56,128 : INFO : EventManager : Event: ======'mode_rhythm_will_start'====== Args={'priority': 0}
2026-04-16 14:21:56,129 : INFO : EventManager : Event: ======'mode_rhythm_starting'====== Args={'priority': 0}
2026-04-16 14:21:56,129 : INFO : Mode.rhythm : Started. Priority: 1200
2026-04-16 14:21:56,129 : INFO : EventManager : Event: ======'modes_active_modes_changed'====== Args={}
2026-04-16 14:21:56,129 : INFO : EventManager : Event: ======'mode_rhythm_started'====== Args={'priority': 0}
2026-04-16 14:21:56,130 : INFO : EventManager : Event: ======'player_rhythm_mode_score'====== Args={'value': 0, 'prev_value': 0, 'change': 0, 'player_num': 1}
2026-04-16 14:21:56,130 : INFO : EventManager : Event: ======'player_rhythm_combo'====== Args={'value': 0, 'prev_value': 0, 'change': 0, 'player_num': 1}
2026-04-16 14:21:56,130 : INFO : EventManager : Event: ======'player_rhythm_best_combo'====== Args={'value': 0, 'prev_value': 0, 'change': 0, 'player_num': 1}
2026-04-16 14:21:56,131 : INFO : EventManager : Event: ======'player_rhythm_hits'====== Args={'value': 0, 'prev_value': 0, 'change': 0, 'player_num': 1}
2026-04-16 14:21:56,131 : INFO : EventManager : Event: ======'player_rhythm_misses'====== Args={'value': 0, 'prev_value': 0, 'change': 0, 'player_num': 1}
2026-04-16 14:21:56,131 : INFO : EventManager : Event: ======'player_rhythm_notes_total'====== Args={'value': 38, 'prev_value': 0, 'change': 38, 'player_num': 1}
2026-04-16 14:21:56,131 : INFO : EventManager : Event: ======'player_rhythm_accuracy'====== Args={'value': 0, 'prev_value': 0, 'change': 0, 'player_num': 1}
2026-04-16 14:21:56,131 : INFO : EventManager : Event: ======'player_rhythm_multiplier'====== Args={'value': 1, 'prev_value': 0, 'change': 1, 'player_num': 1}
2026-04-16 14:21:56,174 : INFO : EventManager : Event: ======'slide_rhythm_created'====== Args={'_from_bcp': True}
2026-04-16 14:21:56,175 : INFO : EventManager : Event: ======'slide_base_slide_inactive'====== Args={'is_removing': False, '_from_bcp': True}
2026-04-16 14:21:56,175 : INFO : EventManager : Event: ======'slide_rhythm_active'====== Args={'original_context': 'rhythm', 'original_calling_context': 'mode_rhythm_started', 'priority': 1200.0, 'cmd': 'slides_play', '_from_bcp': True}
2026-04-16 14:21:56,182 : INFO : EventManager : Event: ======'rhythm_chart_started'====== Args={'total_notes': 38, 'travel_ms': 1600, 'perfect_window_ms': 90, 'good_window_ms': 170, 'lead_in_ms': 1800, 'chart_started_delay_ms': 50, 'song_key': 'Deep Purple - Smoke On the Water (Official Music Video)', 'song_bus': 'music', 'audio_offset_ms': 0}
2026-04-16 14:21:56,933 : INFO : EventManager : Event: ======'rhythm_note_spawned'====== Args={'note_id': 0, 'lane': 'left', 'travel_ms': 1600, 'hit_time_ms': 2400}
2026-04-16 14:21:57,303 : INFO : SwitchController : <<<<<<< 's_left_lane' inactive >>>>>>>
2026-04-16 14:21:57,332 : INFO : EventManager : Event: ======'rhythm_note_spawned'====== Args={'note_id': 1, 'lane': 'center', 'travel_ms': 1600, 'hit_time_ms': 2800}
2026-04-16 14:21:57,733 : INFO : EventManager : Event: ======'rhythm_note_spawned'====== Args={'note_id': 2, 'lane': 'right', 'travel_ms': 1600, 'hit_time_ms': 3200}
2026-04-16 14:21:58,133 : INFO : EventManager : Event: ======'rhythm_note_spawned'====== Args={'note_id': 3, 'lane': 'left', 'travel_ms': 1600, 'hit_time_ms': 3600}
2026-04-16 14:21:58,533 : INFO : EventManager : Event: ======'rhythm_note_spawned'====== Args={'note_id': 4, 'lane': 'center', 'travel_ms': 1600, 'hit_time_ms': 4000}
2026-04-16 14:21:58,533 : INFO : EventManager : Event: ======'rhythm_note_spawned'====== Args={'note_id': 5, 'lane': 'right', 'travel_ms': 1600, 'hit_time_ms': 4000}
2026-04-16 14:21:58,704 : INFO : EventManager : Event: ======'player_rhythm_misses'====== Args={'value': 1, 'prev_value': 0, 'change': 1, 'player_num': 1}
2026-04-16 14:21:58,704 : INFO : EventManager : Event: ======'rhythm_note_missed'====== Args={'note_id': 0, 'lane': 'left', 'total_misses': 1}
2026-04-16 14:21:59,033 : INFO : EventManager : Event: ======'rhythm_note_spawned'====== Args={'note_id': 6, 'lane': 'left', 'travel_ms': 1600, 'hit_time_ms': 4500}
2026-04-16 14:21:59,103 : INFO : EventManager : Event: ======'player_rhythm_misses'====== Args={'value': 2, 'prev_value': 1, 'change': 1, 'player_num': 1}
2026-04-16 14:21:59,104 : INFO : EventManager : Event: ======'rhythm_note_missed'====== Args={'note_id': 1, 'lane': 'center', 'total_misses': 2}
2026-04-16 14:21:59,432 : INFO : EventManager : Event: ======'rhythm_note_spawned'====== Args={'note_id': 7, 'lane': 'center', 'travel_ms': 1600, 'hit_time_ms': 4900}
2026-04-16 14:21:59,504 : INFO : EventManager : Event: ======'player_rhythm_misses'====== Args={'value': 3, 'prev_value': 2, 'change': 1, 'player_num': 1}
2026-04-16 14:21:59,504 : INFO : EventManager : Event: ======'rhythm_note_missed'====== Args={'note_id': 2, 'lane': 'right', 'total_misses': 3}
2026-04-16 14:21:59,832 : INFO : EventManager : Event: ======'rhythm_note_spawned'====== Args={'note_id': 8, 'lane': 'right', 'travel_ms': 1600, 'hit_time_ms': 5300}
2026-04-16 14:21:59,904 : INFO : EventManager : Event: ======'player_rhythm_misses'====== Args={'value': 4, 'prev_value': 3, 'change': 1, 'player_num': 1}
2026-04-16 14:21:59,904 : INFO : EventManager : Event: ======'rhythm_note_missed'====== Args={'note_id': 3, 'lane': 'left', 'total_misses': 4}
2026-04-16 14:22:00,233 : INFO : EventManager : Event: ======'rhythm_note_spawned'====== Args={'note_id': 9, 'lane': 'left', 'travel_ms': 1600, 'hit_time_ms': 5700}
2026-04-16 14:22:00,304 : INFO : EventManager : Event: ======'player_rhythm_misses'====== Args={'value': 5, 'prev_value': 4, 'change': 1, 'player_num': 1}
2026-04-16 14:22:00,304 : INFO : EventManager : Event: ======'rhythm_note_missed'====== Args={'note_id': 4, 'lane': 'center', 'total_misses': 5}
2026-04-16 14:22:00,305 : INFO : EventManager : Event: ======'player_rhythm_misses'====== Args={'value': 6, 'prev_value': 5, 'change': 1, 'player_num': 1}
2026-04-16 14:22:00,305 : INFO : EventManager : Event: ======'rhythm_note_missed'====== Args={'note_id': 5, 'lane': 'right', 'total_misses': 6}
2026-04-16 14:22:00,633 : INFO : EventManager : Event: ======'rhythm_note_spawned'====== Args={'note_id': 10, 'lane': 'center', 'travel_ms': 1600, 'hit_time_ms': 6100}
2026-04-16 14:22:00,671 : INFO : SwitchController : <<<<<<< 's_flipper_left' active >>>>>>>
2026-04-16 14:22:00,672 : INFO : EventManager : Event: ======'rhythm_lane_pressed'====== Args={'lane': 'left'}
2026-04-16 14:22:00,672 : INFO : EventManager : Event: ======'player_rhythm_combo'====== Args={'value': 1, 'prev_value': 0, 'change': 1, 'player_num': 1}
2026-04-16 14:22:00,672 : INFO : EventManager : Event: ======'player_rhythm_best_combo'====== Args={'value': 1, 'prev_value': 0, 'change': 1, 'player_num': 1}
2026-04-16 14:22:00,672 : INFO : EventManager : Event: ======'player_rhythm_hits'====== Args={'value': 1, 'prev_value': 0, 'change': 1, 'player_num': 1}
2026-04-16 14:22:00,672 : INFO : EventManager : Event: ======'player_rhythm_mode_score'====== Args={'value': 20000, 'prev_value': 0, 'change': 20000, 'player_num': 1}
2026-04-16 14:22:00,672 : INFO : EventManager : Event: ======'player_score'====== Args={'value': 20000, 'prev_value': 0, 'change': 20000, 'player_num': 1}
2026-04-16 14:22:00,672 : INFO : EventManager : Event: ======'rhythm_note_hit'====== Args={'note_id': 6, 'lane': 'left', 'judgment': 'perfect', 'combo': 1, 'multiplier': 1, 'award': 20000, 'delta_ms': 42, 'total_score': 20000}
2026-04-16 14:22:00,672 : INFO : EventManager : Event: ======'machine_var_audits_switches_s_flipper_left'====== Args={'value': 169, 'prev_value': 168, 'change': 1}
2026-04-16 14:22:00,788 : INFO : SwitchController : <<<<<<< 's_flipper_left' inactive >>>>>>>
2026-04-16 14:22:01,022 : INFO : SwitchController : <<<<<<< 's_action_button' active >>>>>>>
2026-04-16 14:22:01,022 : INFO : EventManager : Event: ======'rhythm_lane_pressed'====== Args={'lane': 'center'}
2026-04-16 14:22:01,022 : INFO : EventManager : Event: ======'player_rhythm_combo'====== Args={'value': 2, 'prev_value': 1, 'change': 1, 'player_num': 1}
2026-04-16 14:22:01,022 : INFO : EventManager : Event: ======'player_rhythm_best_combo'====== Args={'value': 2, 'prev_value': 1, 'change': 1, 'player_num': 1}
2026-04-16 14:22:01,023 : INFO : EventManager : Event: ======'player_rhythm_hits'====== Args={'value': 2, 'prev_value': 1, 'change': 1, 'player_num': 1}
2026-04-16 14:22:01,023 : INFO : EventManager : Event: ======'player_rhythm_mode_score'====== Args={'value': 40000, 'prev_value': 20000, 'change': 20000, 'player_num': 1}
2026-04-16 14:22:01,023 : INFO : EventManager : Event: ======'player_score'====== Args={'value': 40000, 'prev_value': 20000, 'change': 20000, 'player_num': 1}
2026-04-16 14:22:01,024 : INFO : EventManager : Event: ======'rhythm_note_hit'====== Args={'note_id': 7, 'lane': 'center', 'judgment': 'perfect', 'combo': 2, 'multiplier': 1, 'award': 20000, 'delta_ms': 8, 'total_score': 40000}
2026-04-16 14:22:01,024 : INFO : EventManager : Event: ======'machine_var_audits_switches_s_action_button'====== Args={'value': 111, 'prev_value': 110, 'change': 1}
2026-04-16 14:22:01,033 : INFO : EventManager : Event: ======'rhythm_note_spawned'====== Args={'note_id': 11, 'lane': 'right', 'travel_ms': 1600, 'hit_time_ms': 6500}
2026-04-16 14:22:01,172 : INFO : SwitchController : <<<<<<< 's_action_button' inactive >>>>>>>
2026-04-16 14:22:01,255 : INFO : SwitchController : <<<<<<< 's_flipper_right' active >>>>>>>
2026-04-16 14:22:01,255 : INFO : EventManager : Event: ======'rhythm_lane_pressed'====== Args={'lane': 'right'}
2026-04-16 14:22:01,255 : INFO : EventManager : Event: ======'machine_var_audits_switches_s_flipper_right'====== Args={'value': 159, 'prev_value': 158, 'change': 1}
2026-04-16 14:22:01,433 : INFO : EventManager : Event: ======'rhythm_note_spawned'====== Args={'note_id': 12, 'lane': 'center', 'travel_ms': 1600, 'hit_time_ms': 6900}
2026-04-16 14:22:01,438 : INFO : SwitchController : <<<<<<< 's_flipper_right' inactive >>>>>>>
2026-04-16 14:22:01,603 : INFO : EventManager : Event: ======'player_rhythm_combo'====== Args={'value': 0, 'prev_value': 2, 'change': -2, 'player_num': 1}
2026-04-16 14:22:01,603 : INFO : EventManager : Event: ======'player_rhythm_misses'====== Args={'value': 7, 'prev_value': 6, 'change': 1, 'player_num': 1}
2026-04-16 14:22:01,604 : INFO : EventManager : Event: ======'rhythm_note_missed'====== Args={'note_id': 8, 'lane': 'right', 'total_misses': 7}
2026-04-16 14:22:01,655 : INFO : SwitchController : <<<<<<< 's_flipper_left' active >>>>>>>
2026-04-16 14:22:01,655 : INFO : EventManager : Event: ======'rhythm_lane_pressed'====== Args={'lane': 'left'}
2026-04-16 14:22:01,655 : INFO : EventManager : Event: ======'machine_var_audits_switches_s_flipper_left'====== Args={'value': 170, 'prev_value': 169, 'change': 1}
2026-04-16 14:22:01,805 : INFO : SwitchController : <<<<<<< 's_flipper_left' inactive >>>>>>>
2026-04-16 14:22:01,833 : INFO : EventManager : Event: ======'rhythm_note_spawned'====== Args={'note_id': 13, 'lane': 'right', 'travel_ms': 1600, 'hit_time_ms': 7300}
2026-04-16 14:22:01,907 : INFO : SwitchController : <<<<<<< 's_action_button' active >>>>>>>
2026-04-16 14:22:01,907 : INFO : EventManager : Event: ======'rhythm_lane_pressed'====== Args={'lane': 'center'}
2026-04-16 14:22:01,907 : INFO : EventManager : Event: ======'machine_var_audits_switches_s_action_button'====== Args={'value': 112, 'prev_value': 111, 'change': 1}
2026-04-16 14:22:02,004 : INFO : EventManager : Event: ======'player_rhythm_misses'====== Args={'value': 8, 'prev_value': 7, 'change': 1, 'player_num': 1}
2026-04-16 14:22:02,004 : INFO : EventManager : Event: ======'rhythm_note_missed'====== Args={'note_id': 9, 'lane': 'left', 'total_misses': 8}
2026-04-16 14:22:02,055 : INFO : SwitchController : <<<<<<< 's_action_button' inactive >>>>>>>
2026-04-16 14:22:02,233 : INFO : EventManager : Event: ======'rhythm_note_spawned'====== Args={'note_id': 14, 'lane': 'left', 'travel_ms': 1600, 'hit_time_ms': 7700}
2026-04-16 14:22:02,233 : INFO : EventManager : Event: ======'rhythm_note_spawned'====== Args={'note_id': 15, 'lane': 'center', 'travel_ms': 1600, 'hit_time_ms': 7700}
2026-04-16 14:22:02,272 : INFO : SwitchController : <<<<<<< 's_flipper_right' active >>>>>>>
2026-04-16 14:22:02,272 : INFO : EventManager : Event: ======'rhythm_lane_pressed'====== Args={'lane': 'right'}
2026-04-16 14:22:02,272 : INFO : EventManager : Event: ======'machine_var_audits_switches_s_flipper_right'====== Args={'value': 160, 'prev_value': 159, 'change': 1}
2026-04-16 14:22:02,388 : INFO : SwitchController : <<<<<<< 's_flipper_right' inactive >>>>>>>
2026-04-16 14:22:02,404 : INFO : EventManager : Event: ======'player_rhythm_misses'====== Args={'value': 9, 'prev_value': 8, 'change': 1, 'player_num': 1}
2026-04-16 14:22:02,404 : INFO : EventManager : Event: ======'rhythm_note_missed'====== Args={'note_id': 10, 'lane': 'center', 'total_misses': 9}
2026-04-16 14:22:02,505 : INFO : SwitchController : <<<<<<< 's_action_button' active >>>>>>>
2026-04-16 14:22:02,505 : INFO : EventManager : Event: ======'rhythm_lane_pressed'====== Args={'lane': 'center'}
2026-04-16 14:22:02,505 : INFO : EventManager : Event: ======'machine_var_audits_switches_s_action_button'====== Args={'value': 113, 'prev_value': 112, 'change': 1}
2026-04-16 14:22:02,588 : INFO : SwitchController : <<<<<<< 's_action_button' inactive >>>>>>>
2026-04-16 14:22:02,804 : INFO : EventManager : Event: ======'player_rhythm_misses'====== Args={'value': 10, 'prev_value': 9, 'change': 1, 'player_num': 1}
2026-04-16 14:22:02,804 : INFO : EventManager : Event: ======'rhythm_note_missed'====== Args={'note_id': 11, 'lane': 'right', 'total_misses': 10}
2026-04-16 14:22:02,833 : INFO : EventManager : Event: ======'rhythm_note_spawned'====== Args={'note_id': 16, 'lane': 'left', 'travel_ms': 1600, 'hit_time_ms': 8300}
2026-04-16 14:22:03,204 : INFO : EventManager : Event: ======'player_rhythm_misses'====== Args={'value': 11, 'prev_value': 10, 'change': 1, 'player_num': 1}
2026-04-16 14:22:03,205 : INFO : EventManager : Event: ======'rhythm_note_missed'====== Args={'note_id': 12, 'lane': 'center', 'total_misses': 11}
2026-04-16 14:22:03,233 : INFO : EventManager : Event: ======'rhythm_note_spawned'====== Args={'note_id': 17, 'lane': 'center', 'travel_ms': 1600, 'hit_time_ms': 8700}
2026-04-16 14:22:03,488 : INFO : SwitchController : <<<<<<< 's_flipper_left' active >>>>>>>
2026-04-16 14:22:03,489 : INFO : EventManager : Event: ======'rhythm_lane_pressed'====== Args={'lane': 'left'}
2026-04-16 14:22:03,489 : INFO : EventManager : Event: ======'machine_var_audits_switches_s_flipper_left'====== Args={'value': 171, 'prev_value': 170, 'change': 1}
2026-04-16 14:22:03,588 : INFO : SwitchController : <<<<<<< 's_flipper_left' inactive >>>>>>>
2026-04-16 14:22:03,603 : INFO : EventManager : Event: ======'player_rhythm_misses'====== Args={'value': 12, 'prev_value': 11, 'change': 1, 'player_num': 1}
2026-04-16 14:22:03,604 : INFO : EventManager : Event: ======'rhythm_note_missed'====== Args={'note_id': 13, 'lane': 'right', 'total_misses': 12}
2026-04-16 14:22:03,633 : INFO : EventManager : Event: ======'rhythm_note_spawned'====== Args={'note_id': 18, 'lane': 'right', 'travel_ms': 1600, 'hit_time_ms': 9100}
2026-04-16 14:22:04,004 : INFO : EventManager : Event: ======'player_rhythm_misses'====== Args={'value': 13, 'prev_value': 12, 'change': 1, 'player_num': 1}
2026-04-16 14:22:04,005 : INFO : EventManager : Event: ======'rhythm_note_missed'====== Args={'note_id': 14, 'lane': 'left', 'total_misses': 13}
2026-04-16 14:22:04,005 : INFO : EventManager : Event: ======'player_rhythm_misses'====== Args={'value': 14, 'prev_value': 13, 'change': 1, 'player_num': 1}
2026-04-16 14:22:04,005 : INFO : EventManager : Event: ======'rhythm_note_missed'====== Args={'note_id': 15, 'lane': 'center', 'total_misses': 14}
2026-04-16 14:22:04,033 : INFO : EventManager : Event: ======'rhythm_note_spawned'====== Args={'note_id': 19, 'lane': 'center', 'travel_ms': 1600, 'hit_time_ms': 9500}
2026-04-16 14:22:04,433 : INFO : EventManager : Event: ======'rhythm_note_spawned'====== Args={'note_id': 20, 'lane': 'right', 'travel_ms': 1600, 'hit_time_ms': 9900}
2026-04-16 14:22:04,604 : INFO : EventManager : Event: ======'player_rhythm_misses'====== Args={'value': 15, 'prev_value': 14, 'change': 1, 'player_num': 1}
2026-04-16 14:22:04,604 : INFO : EventManager : Event: ======'rhythm_note_missed'====== Args={'note_id': 16, 'lane': 'left', 'total_misses': 15}
2026-04-16 14:22:04,833 : INFO : EventManager : Event: ======'rhythm_note_spawned'====== Args={'note_id': 21, 'lane': 'left', 'travel_ms': 1600, 'hit_time_ms': 10300}
2026-04-16 14:22:05,004 : INFO : EventManager : Event: ======'player_rhythm_misses'====== Args={'value': 16, 'prev_value': 15, 'change': 1, 'player_num': 1}
2026-04-16 14:22:05,004 : INFO : EventManager : Event: ======'rhythm_note_missed'====== Args={'note_id': 17, 'lane': 'center', 'total_misses': 16}
2026-04-16 14:22:05,089 : INFO : EventManager : Event: ======'balldevice_bd_trough_ball_eject_failed'====== Args={'target': <ball_device.bd_plunger>, 'balls': 1, 'retry': True, 'num_attempts': 1}
2026-04-16 14:22:05,089 : INFO : ball_device.bd_trough : State: waiting_for_target_ready
2026-04-16 14:22:05,090 : INFO : EventManager : Event: ======'balldevice_bd_trough_ball_eject_attempt'====== Args={'balls': 1, 'target': <ball_device.bd_plunger>, 'source': <ball_device.bd_trough>, 'mechanical_eject': False, 'num_attempts': 1}
2026-04-16 14:22:05,090 : INFO : ball_device.bd_trough : State: ejecting
2026-04-16 14:22:05,090 : INFO : ball_device.bd_trough : Ejecting ball to <ball_device.bd_plunger>
2026-04-16 14:22:05,090 : INFO : EventManager : Event: ======'balldevice_bd_trough_ejecting_ball'====== Args={'balls': 1, 'target': <ball_device.bd_plunger>, 'source': <ball_device.bd_trough>, 'mechanical_eject': False, 'num_attempts': 1}
2026-04-16 14:22:05,090 : INFO : ball_device.bd_trough : Wait for ball to leave device
2026-04-16 14:22:05,090 : INFO : coil.c_trough_eject : Pulsing Driver for 10ms (1.0 pulse_power)
2026-04-16 14:22:05,233 : INFO : EventManager : Event: ======'rhythm_note_spawned'====== Args={'note_id': 22, 'lane': 'center', 'travel_ms': 1600, 'hit_time_ms': 10700}
2026-04-16 14:22:05,233 : INFO : EventManager : Event: ======'rhythm_note_spawned'====== Args={'note_id': 23, 'lane': 'right', 'travel_ms': 1600, 'hit_time_ms': 10700}
2026-04-16 14:22:05,404 : INFO : EventManager : Event: ======'player_rhythm_misses'====== Args={'value': 17, 'prev_value': 16, 'change': 1, 'player_num': 1}
2026-04-16 14:22:05,404 : INFO : EventManager : Event: ======'rhythm_note_missed'====== Args={'note_id': 18, 'lane': 'right', 'total_misses': 17}
2026-04-16 14:22:05,804 : INFO : EventManager : Event: ======'player_rhythm_misses'====== Args={'value': 18, 'prev_value': 17, 'change': 1, 'player_num': 1}
2026-04-16 14:22:05,805 : INFO : EventManager : Event: ======'rhythm_note_missed'====== Args={'note_id': 19, 'lane': 'center', 'total_misses': 18}
2026-04-16 14:22:05,833 : INFO : EventManager : Event: ======'rhythm_note_spawned'====== Args={'note_id': 24, 'lane': 'left', 'travel_ms': 1600, 'hit_time_ms': 11300}
2026-04-16 14:22:06,204 : INFO : EventManager : Event: ======'player_rhythm_misses'====== Args={'value': 19, 'prev_value': 18, 'change': 1, 'player_num': 1}
2026-04-16 14:22:06,205 : INFO : EventManager : Event: ======'rhythm_note_missed'====== Args={'note_id': 20, 'lane': 'right', 'total_misses': 19}
2026-04-16 14:22:06,233 : INFO : EventManager : Event: ======'rhythm_note_spawned'====== Args={'note_id': 25, 'lane': 'center', 'travel_ms': 1600, 'hit_time_ms': 11700}
2026-04-16 14:22:06,604 : INFO : EventManager : Event: ======'player_rhythm_misses'====== Args={'value': 20, 'prev_value': 19, 'change': 1, 'player_num': 1}
2026-04-16 14:22:06,605 : INFO : EventManager : Event: ======'rhythm_note_missed'====== Args={'note_id': 21, 'lane': 'left', 'total_misses': 20}
2026-04-16 14:22:06,633 : INFO : EventManager : Event: ======'rhythm_note_spawned'====== Args={'note_id': 26, 'lane': 'left', 'travel_ms': 1600, 'hit_time_ms': 12100}
2026-04-16 14:22:07,004 : INFO : EventManager : Event: ======'player_rhythm_misses'====== Args={'value': 21, 'prev_value': 20, 'change': 1, 'player_num': 1}
2026-04-16 14:22:07,005 : INFO : EventManager : Event: ======'rhythm_note_missed'====== Args={'note_id': 22, 'lane': 'center', 'total_misses': 21}
2026-04-16 14:22:07,005 : INFO : EventManager : Event: ======'player_rhythm_misses'====== Args={'value': 22, 'prev_value': 21, 'change': 1, 'player_num': 1}
2026-04-16 14:22:07,006 : INFO : EventManager : Event: ======'rhythm_note_missed'====== Args={'note_id': 23, 'lane': 'right', 'total_misses': 22}
2026-04-16 14:22:07,033 : INFO : EventManager : Event: ======'rhythm_note_spawned'====== Args={'note_id': 27, 'lane': 'right', 'travel_ms': 1600, 'hit_time_ms': 12500}
2026-04-16 14:22:07,433 : INFO : EventManager : Event: ======'rhythm_note_spawned'====== Args={'note_id': 28, 'lane': 'center', 'travel_ms': 1600, 'hit_time_ms': 12900}
2026-04-16 14:22:07,604 : INFO : EventManager : Event: ======'player_rhythm_misses'====== Args={'value': 23, 'prev_value': 22, 'change': 1, 'player_num': 1}
2026-04-16 14:22:07,605 : INFO : EventManager : Event: ======'rhythm_note_missed'====== Args={'note_id': 24, 'lane': 'left', 'total_misses': 23}
2026-04-16 14:22:07,833 : INFO : EventManager : Event: ======'rhythm_note_spawned'====== Args={'note_id': 29, 'lane': 'right', 'travel_ms': 1600, 'hit_time_ms': 13300}
2026-04-16 14:22:08,004 : INFO : EventManager : Event: ======'player_rhythm_misses'====== Args={'value': 24, 'prev_value': 23, 'change': 1, 'player_num': 1}
2026-04-16 14:22:08,005 : INFO : EventManager : Event: ======'rhythm_note_missed'====== Args={'note_id': 25, 'lane': 'center', 'total_misses': 24}
2026-04-16 14:22:08,233 : INFO : EventManager : Event: ======'rhythm_note_spawned'====== Args={'note_id': 30, 'lane': 'left', 'travel_ms': 1600, 'hit_time_ms': 13700}
2026-04-16 14:22:08,233 : INFO : EventManager : Event: ======'rhythm_note_spawned'====== Args={'note_id': 31, 'lane': 'center', 'travel_ms': 1600, 'hit_time_ms': 13700}
2026-04-16 14:22:08,404 : INFO : EventManager : Event: ======'player_rhythm_misses'====== Args={'value': 25, 'prev_value': 24, 'change': 1, 'player_num': 1}
2026-04-16 14:22:08,405 : INFO : EventManager : Event: ======'rhythm_note_missed'====== Args={'note_id': 26, 'lane': 'left', 'total_misses': 25}
2026-04-16 14:22:08,804 : INFO : EventManager : Event: ======'player_rhythm_misses'====== Args={'value': 26, 'prev_value': 25, 'change': 1, 'player_num': 1}
2026-04-16 14:22:08,805 : INFO : EventManager : Event: ======'rhythm_note_missed'====== Args={'note_id': 27, 'lane': 'right', 'total_misses': 26}
2026-04-16 14:22:08,833 : INFO : EventManager : Event: ======'rhythm_note_spawned'====== Args={'note_id': 32, 'lane': 'center', 'travel_ms': 1600, 'hit_time_ms': 14300}
2026-04-16 14:22:09,204 : INFO : EventManager : Event: ======'player_rhythm_misses'====== Args={'value': 27, 'prev_value': 26, 'change': 1, 'player_num': 1}
2026-04-16 14:22:09,205 : INFO : EventManager : Event: ======'rhythm_note_missed'====== Args={'note_id': 28, 'lane': 'center', 'total_misses': 27}
2026-04-16 14:22:09,233 : INFO : EventManager : Event: ======'rhythm_note_spawned'====== Args={'note_id': 33, 'lane': 'right', 'travel_ms': 1600, 'hit_time_ms': 14700}
2026-04-16 14:22:09,604 : INFO : EventManager : Event: ======'player_rhythm_misses'====== Args={'value': 28, 'prev_value': 27, 'change': 1, 'player_num': 1}
2026-04-16 14:22:09,605 : INFO : EventManager : Event: ======'rhythm_note_missed'====== Args={'note_id': 29, 'lane': 'right', 'total_misses': 28}
2026-04-16 14:22:09,632 : INFO : EventManager : Event: ======'rhythm_note_spawned'====== Args={'note_id': 34, 'lane': 'left', 'travel_ms': 1600, 'hit_time_ms': 15100}
2026-04-16 14:22:10,003 : INFO : EventManager : Event: ======'player_rhythm_misses'====== Args={'value': 29, 'prev_value': 28, 'change': 1, 'player_num': 1}
2026-04-16 14:22:10,004 : INFO : EventManager : Event: ======'rhythm_note_missed'====== Args={'note_id': 30, 'lane': 'left', 'total_misses': 29}
2026-04-16 14:22:10,005 : INFO : EventManager : Event: ======'player_rhythm_misses'====== Args={'value': 30, 'prev_value': 29, 'change': 1, 'player_num': 1}
2026-04-16 14:22:10,005 : INFO : EventManager : Event: ======'rhythm_note_missed'====== Args={'note_id': 31, 'lane': 'center', 'total_misses': 30}
2026-04-16 14:22:10,033 : INFO : EventManager : Event: ======'rhythm_note_spawned'====== Args={'note_id': 35, 'lane': 'center', 'travel_ms': 1600, 'hit_time_ms': 15500}
2026-04-16 14:22:10,603 : INFO : EventManager : Event: ======'player_rhythm_misses'====== Args={'value': 31, 'prev_value': 30, 'change': 1, 'player_num': 1}
2026-04-16 14:22:10,604 : INFO : EventManager : Event: ======'rhythm_note_missed'====== Args={'note_id': 32, 'lane': 'center', 'total_misses': 31}
2026-04-16 14:22:10,633 : INFO : EventManager : Event: ======'rhythm_note_spawned'====== Args={'note_id': 36, 'lane': 'left', 'travel_ms': 1600, 'hit_time_ms': 16100}
2026-04-16 14:22:10,633 : INFO : EventManager : Event: ======'rhythm_note_spawned'====== Args={'note_id': 37, 'lane': 'right', 'travel_ms': 1600, 'hit_time_ms': 16100}
2026-04-16 14:22:11,004 : INFO : EventManager : Event: ======'player_rhythm_misses'====== Args={'value': 32, 'prev_value': 31, 'change': 1, 'player_num': 1}
2026-04-16 14:22:11,004 : INFO : EventManager : Event: ======'rhythm_note_missed'====== Args={'note_id': 33, 'lane': 'right', 'total_misses': 32}
2026-04-16 14:22:11,403 : INFO : EventManager : Event: ======'player_rhythm_misses'====== Args={'value': 33, 'prev_value': 32, 'change': 1, 'player_num': 1}
2026-04-16 14:22:11,404 : INFO : EventManager : Event: ======'rhythm_note_missed'====== Args={'note_id': 34, 'lane': 'left', 'total_misses': 33}
2026-04-16 14:22:11,804 : INFO : EventManager : Event: ======'player_rhythm_misses'====== Args={'value': 34, 'prev_value': 33, 'change': 1, 'player_num': 1}
2026-04-16 14:22:11,804 : INFO : EventManager : Event: ======'rhythm_note_missed'====== Args={'note_id': 35, 'lane': 'center', 'total_misses': 34}
2026-04-16 14:22:12,404 : INFO : EventManager : Event: ======'player_rhythm_misses'====== Args={'value': 35, 'prev_value': 34, 'change': 1, 'player_num': 1}
2026-04-16 14:22:12,405 : INFO : EventManager : Event: ======'rhythm_note_missed'====== Args={'note_id': 36, 'lane': 'left', 'total_misses': 35}
2026-04-16 14:22:12,405 : INFO : EventManager : Event: ======'player_rhythm_misses'====== Args={'value': 36, 'prev_value': 35, 'change': 1, 'player_num': 1}
2026-04-16 14:22:12,406 : INFO : EventManager : Event: ======'rhythm_note_missed'====== Args={'note_id': 37, 'lane': 'right', 'total_misses': 36}
2026-04-16 14:22:12,652 : INFO : EventManager : Event: ======'player_rhythm_accuracy'====== Args={'value': 5, 'prev_value': 0, 'change': 5, 'player_num': 1}
2026-04-16 14:22:12,653 : INFO : EventManager : Event: ======'rhythm_mode_finished'====== Args={'total_notes': 38, 'hits': 2, 'misses': 36, 'best_combo': 2, 'accuracy': 5, 'total_score': 40000}
2026-04-16 14:22:14,254 : INFO : EventManager : Event: ======'mode_rhythm_will_stop'====== Args={}
2026-04-16 14:22:14,254 : INFO : EventManager : Event: ======'mode_rhythm_stopping'====== Args={}
2026-04-16 14:22:14,255 : INFO : Mode.rhythm : Stopped.
2026-04-16 14:22:14,256 : INFO : EventManager : Event: ======'modes_active_modes_changed'====== Args={}
2026-04-16 14:22:14,256 : INFO : EventManager : Event: ======'mode_rhythm_stopped'====== Args={}
2026-04-16 14:22:14,256 : INFO : EventManager : Event: ======'clear'====== Args={'key': 'rhythm'}
2026-04-16 14:22:14,288 : INFO : EventManager : Event: ======'slide_rhythm_inactive'====== Args={'is_removing': True, '_from_bcp': True}
2026-04-16 14:22:14,289 : INFO : EventManager : Event: ======'slide_base_slide_active'====== Args={'_from_bcp': True}
2026-04-16 14:22:14,290 : INFO : EventManager : Event: ======'slide_rhythm_removed'====== Args={'_from_bcp': True}
2026-04-16 14:22:15,092 : INFO : EventManager : Event: ======'balldevice_bd_trough_ball_eject_failed'====== Args={'target': <ball_device.bd_plunger>, 'balls': 1, 'retry': True, 'num_attempts': 2}
2026-04-16 14:22:15,093 : INFO : ball_device.bd_trough : State: waiting_for_target_ready
2026-04-16 14:22:15,093 : INFO : EventManager : Event: ======'balldevice_bd_trough_ball_eject_attempt'====== Args={'balls': 1, 'target': <ball_device.bd_plunger>, 'source': <ball_device.bd_trough>, 'mechanical_eject': False, 'num_attempts': 2}
2026-04-16 14:22:15,093 : INFO : ball_device.bd_trough : State: ejecting
2026-04-16 14:22:15,093 : INFO : ball_device.bd_trough : Ejecting ball to <ball_device.bd_plunger>
2026-04-16 14:22:15,093 : INFO : EventManager : Event: ======'balldevice_bd_trough_ejecting_ball'====== Args={'balls': 1, 'target': <ball_device.bd_plunger>, 'source': <ball_device.bd_trough>, 'mechanical_eject': False, 'num_attempts': 2}
2026-04-16 14:22:15,094 : INFO : ball_device.bd_trough : Wait for ball to leave device
2026-04-16 14:22:15,094 : INFO : coil.c_trough_eject : Pulsing Driver for 10ms (1.0 pulse_power)
2026-04-16 14:22:25,096 : INFO : EventManager : Event: ======'balldevice_bd_trough_ball_eject_failed'====== Args={'target': <ball_device.bd_plunger>, 'balls': 1, 'retry': True, 'num_attempts': 3}
2026-04-16 14:22:25,096 : INFO : ball_device.bd_trough : State: waiting_for_target_ready
2026-04-16 14:22:25,096 : INFO : EventManager : Event: ======'balldevice_bd_trough_ball_eject_attempt'====== Args={'balls': 1, 'target': <ball_device.bd_plunger>, 'source': <ball_device.bd_trough>, 'mechanical_eject': False, 'num_attempts': 3}
2026-04-16 14:22:25,096 : INFO : ball_device.bd_trough : State: ejecting
2026-04-16 14:22:25,097 : INFO : ball_device.bd_trough : Ejecting ball to <ball_device.bd_plunger>
2026-04-16 14:22:25,097 : INFO : EventManager : Event: ======'balldevice_bd_trough_ejecting_ball'====== Args={'balls': 1, 'target': <ball_device.bd_plunger>, 'source': <ball_device.bd_trough>, 'mechanical_eject': False, 'num_attempts': 3}
2026-04-16 14:22:25,097 : INFO : ball_device.bd_trough : Wait for ball to leave device
2026-04-16 14:22:25,097 : INFO : coil.c_trough_eject : Pulsing Driver for 10ms (1.0 pulse_power)
2026-04-16 14:22:35,098 : INFO : EventManager : Event: ======'balldevice_bd_trough_ball_eject_failed'====== Args={'target': <ball_device.bd_plunger>, 'balls': 1, 'retry': True, 'num_attempts': 4}
2026-04-16 14:22:35,099 : INFO : ball_device.bd_trough : State: waiting_for_target_ready
2026-04-16 14:22:35,099 : INFO : EventManager : Event: ======'balldevice_bd_trough_ball_eject_attempt'====== Args={'balls': 1, 'target': <ball_device.bd_plunger>, 'source': <ball_device.bd_trough>, 'mechanical_eject': False, 'num_attempts': 4}
2026-04-16 14:22:35,100 : INFO : ball_device.bd_trough : State: ejecting
2026-04-16 14:22:35,100 : INFO : ball_device.bd_trough : Ejecting ball to <ball_device.bd_plunger>
2026-04-16 14:22:35,100 : INFO : EventManager : Event: ======'balldevice_bd_trough_ejecting_ball'====== Args={'balls': 1, 'target': <ball_device.bd_plunger>, 'source': <ball_device.bd_trough>, 'mechanical_eject': False, 'num_attempts': 4}
2026-04-16 14:22:35,101 : INFO : ball_device.bd_trough : Wait for ball to leave device
2026-04-16 14:22:35,101 : INFO : coil.c_trough_eject : Pulsing Driver for 10ms (1.0 pulse_power)
2026-04-16 14:22:45,102 : INFO : EventManager : Event: ======'balldevice_bd_trough_ball_eject_failed'====== Args={'target': <ball_device.bd_plunger>, 'balls': 1, 'retry': True, 'num_attempts': 5}
2026-04-16 14:22:45,103 : INFO : ball_device.bd_trough : State: waiting_for_target_ready
2026-04-16 14:22:45,103 : INFO : EventManager : Event: ======'balldevice_bd_trough_ball_eject_attempt'====== Args={'balls': 1, 'target': <ball_device.bd_plunger>, 'source': <ball_device.bd_trough>, 'mechanical_eject': False, 'num_attempts': 5}
2026-04-16 14:22:45,104 : INFO : ball_device.bd_trough : State: ejecting
2026-04-16 14:22:45,104 : INFO : ball_device.bd_trough : Ejecting ball to <ball_device.bd_plunger>
2026-04-16 14:22:45,104 : INFO : EventManager : Event: ======'balldevice_bd_trough_ejecting_ball'====== Args={'balls': 1, 'target': <ball_device.bd_plunger>, 'source': <ball_device.bd_trough>, 'mechanical_eject': False, 'num_attempts': 5}
2026-04-16 14:22:45,104 : INFO : ball_device.bd_trough : Wait for ball to leave device
2026-04-16 14:22:45,104 : INFO : coil.c_trough_eject : Pulsing Driver for 10ms (1.0 pulse_power)
2026-04-16 14:22:55,106 : INFO : EventManager : Event: ======'balldevice_bd_trough_ball_eject_failed'====== Args={'target': <ball_device.bd_plunger>, 'balls': 1, 'retry': True, 'num_attempts': 6}
2026-04-16 14:22:55,106 : INFO : ball_device.bd_trough : State: waiting_for_target_ready
2026-04-16 14:22:55,106 : INFO : EventManager : Event: ======'balldevice_bd_trough_ball_eject_attempt'====== Args={'balls': 1, 'target': <ball_device.bd_plunger>, 'source': <ball_device.bd_trough>, 'mechanical_eject': False, 'num_attempts': 6}
2026-04-16 14:22:55,107 : INFO : ball_device.bd_trough : State: ejecting
2026-04-16 14:22:55,107 : INFO : ball_device.bd_trough : Ejecting ball to <ball_device.bd_plunger>
2026-04-16 14:22:55,107 : INFO : EventManager : Event: ======'balldevice_bd_trough_ejecting_ball'====== Args={'balls': 1, 'target': <ball_device.bd_plunger>, 'source': <ball_device.bd_trough>, 'mechanical_eject': False, 'num_attempts': 6}
2026-04-16 14:22:55,107 : INFO : ball_device.bd_trough : Wait for ball to leave device
2026-04-16 14:22:55,108 : INFO : coil.c_trough_eject : Pulsing Driver for 10ms (1.0 pulse_power)
2026-04-16 14:23:05,109 : INFO : EventManager : Event: ======'balldevice_bd_trough_ball_eject_failed'====== Args={'target': <ball_device.bd_plunger>, 'balls': 1, 'retry': True, 'num_attempts': 7}
2026-04-16 14:23:05,110 : INFO : ball_device.bd_trough : State: waiting_for_target_ready
2026-04-16 14:23:05,110 : INFO : EventManager : Event: ======'balldevice_bd_trough_ball_eject_attempt'====== Args={'balls': 1, 'target': <ball_device.bd_plunger>, 'source': <ball_device.bd_trough>, 'mechanical_eject': False, 'num_attempts': 7}
2026-04-16 14:23:05,110 : INFO : ball_device.bd_trough : State: ejecting
2026-04-16 14:23:05,110 : INFO : ball_device.bd_trough : Ejecting ball to <ball_device.bd_plunger>
2026-04-16 14:23:05,110 : INFO : EventManager : Event: ======'balldevice_bd_trough_ejecting_ball'====== Args={'balls': 1, 'target': <ball_device.bd_plunger>, 'source': <ball_device.bd_trough>, 'mechanical_eject': False, 'num_attempts': 7}
2026-04-16 14:23:05,110 : INFO : ball_device.bd_trough : Wait for ball to leave device
2026-04-16 14:23:05,111 : INFO : coil.c_trough_eject : Pulsing Driver for 10ms (1.0 pulse_power)
2026-04-16 14:23:14,056 : INFO : Machine : Shutting down...
2026-04-16 14:23:14,056 : INFO : EventManager : Event: ======'shutdown'====== Args={}
2026-04-16 14:23:14,057 : INFO : EventManager : Event: ======'mode_game_will_stop'====== Args={}
2026-04-16 14:23:14,057 : INFO : EventManager : Event: ======'mode_game_stopping'====== Args={}
2026-04-16 14:23:14,057 : INFO : EventManager : Event: ======'mode_bumpers_will_stop'====== Args={}
2026-04-16 14:23:14,058 : INFO : EventManager : Event: ======'mode_bumpers_stopping'====== Args={}
2026-04-16 14:23:14,058 : INFO : EventManager : Event: ======'mode_base_will_stop'====== Args={}
2026-04-16 14:23:14,058 : INFO : EventManager : Event: ======'mode_base_stopping'====== Args={}
2026-04-16 14:23:14,058 : INFO : EventManager : Event: ======'stop_mode_bumpers'====== Args={'priority': 0}
2026-04-16 14:23:14,058 : INFO : Mode.base : Stopped.
2026-04-16 14:23:14,058 : INFO : EventManager : Event: ======'modes_active_modes_changed'====== Args={}
2026-04-16 14:23:14,058 : INFO : EventManager : Event: ======'mode_base_stopped'====== Args={}
2026-04-16 14:23:14,058 : INFO : EventManager : Event: ======'clear'====== Args={'key': 'base'}
2026-04-16 14:23:14,058 : INFO : Mode.bumpers : Stopped.
2026-04-16 14:23:14,058 : INFO : EventManager : Event: ======'modes_active_modes_changed'====== Args={}
2026-04-16 14:23:14,058 : INFO : EventManager : Event: ======'mode_bumpers_stopped'====== Args={}
2026-04-16 14:23:14,058 : INFO : EventManager : Event: ======'clear'====== Args={'key': 'bumpers'}
2026-04-16 14:23:14,059 : INFO : Mode.game : Stopped.
2026-04-16 14:23:14,059 : INFO : EventManager : Event: ======'modes_active_modes_changed'====== Args={}
2026-04-16 14:23:14,059 : INFO : EventManager : Event: ======'mode_game_stopped'====== Args={}
2026-04-16 14:23:14,059 : INFO : EventManager : Event: ======'clear'====== Args={'key': 'game'}
2026-04-16 14:23:14,063 : INFO : root : MPF run loop ended.
