2026-04-15 20:26:10,293 : INFO : root : Loading config.
2026-04-15 20:26:10,343 : INFO : ConfigProcessor : Config spec file cache created: /var/folders/nw/6blj94p12ldcym3fj104vzlm0000gn/T/config_spec.mpf_cache
2026-04-15 20:26:10,343 : INFO : YamlMultifileConfigLoader : Machine config file #1: config.yaml
2026-04-15 20:26:10,343 : INFO : ConfigProcessor : Loading config from cache: /var/folders/nw/6blj94p12ldcym3fj104vzlm0000gn/T/b334f8a4e2121184f8a617378a4d1625.mpf_cache
2026-04-15 20:26:10,370 : INFO : ConfigProcessor : Loading config from cache: /var/folders/nw/6blj94p12ldcym3fj104vzlm0000gn/T/63da12c4cec82227b4c3859bbf3c7cd4.mpf_cache
2026-04-15 20:26:10,370 : INFO : ConfigProcessor : Loading config from cache: /var/folders/nw/6blj94p12ldcym3fj104vzlm0000gn/T/b8625db2ee8ad38c42d4f1c72235edc8.mpf_cache
2026-04-15 20:26:10,370 : INFO : ConfigProcessor : Loading config from cache: /var/folders/nw/6blj94p12ldcym3fj104vzlm0000gn/T/63da12c4cec82227b4c3859bbf3c7cd4.mpf_cache
2026-04-15 20:26:10,370 : INFO : ConfigProcessor : Loading config from cache: /var/folders/nw/6blj94p12ldcym3fj104vzlm0000gn/T/104947b35f87d581877cdaf02599b463.mpf_cache
2026-04-15 20:26:10,370 : INFO : ConfigProcessor : Loading config from cache: /var/folders/nw/6blj94p12ldcym3fj104vzlm0000gn/T/bc830d47d6fbb336561cc63e74edf2c9.mpf_cache
2026-04-15 20:26:10,370 : INFO : ConfigProcessor : Loading config from cache: /var/folders/nw/6blj94p12ldcym3fj104vzlm0000gn/T/4273c698423283a7843ff5c77ef69dc9.mpf_cache
2026-04-15 20:26:10,370 : INFO : ConfigProcessor : Loading config from cache: /var/folders/nw/6blj94p12ldcym3fj104vzlm0000gn/T/7424f2cce7b15e0b37e570d3514590c8.mpf_cache
2026-04-15 20:26:10,371 : INFO : Machine : Mission Pinball Framework Core Engine v0.80.0.dev13
2026-04-15 20:26:10,371 : INFO : Machine : Command line arguments: {'no_load_cache': False, 'create_config_cache': True, 'bcp': True, 'configfile': ['config.yaml'], 'force_assets_load': False, 'platform_integration_test': False, 'jsonlogging': False, 'logfile': 'logs/2026-04-15-20-26-10-mpf-Wills-MacBook-Pro-M5.local.log', 'pause': False, 'production': False, 'text_ui': True, 'loglevel': 15, 'consoleloglevel': 20, 'force_platform': 'virtual', 'syslog_address': None, 'full_logfile_path': '/Users/willrante/Documents/GitHub/pinball/logs/2026-04-15-20-26-10-mpf-Wills-MacBook-Pro-M5.local.log'}
2026-04-15 20:26:10,371 : INFO : Machine : MPF path: /Users/willrante/mpf-env/lib/python3.14/site-packages/mpf
2026-04-15 20:26:10,371 : INFO : Machine : Machine path: /Users/willrante/Documents/GitHub/pinball
2026-04-15 20:26:10,371 : INFO : Machine : Platform: darwin
2026-04-15 20:26:10,371 : INFO : Machine : Python executable location: /Users/willrante/mpf-env/bin/python3.14
2026-04-15 20:26:10,371 : INFO : Machine : Python version: 3.14.3 (64-bit)
2026-04-15 20:26:10,371 : INFO : Machine : Initializing MPF...
2026-04-15 20:26:10,399 : INFO : EventManager : Event: ======'machine_var_credits_string'====== Args={'value': 'FREE PLAY', 'prev_value': None, 'change': True}
2026-04-15 20:26:10,404 : INFO : EventManager : Event: ======'machine_var_master_volume'====== Args={'value': 0.5, 'prev_value': None, 'change': True}
2026-04-15 20:26:10,404 : INFO : EventManager : Event: ======'machine_var_mpf_version'====== Args={'value': 'Mission Pinball Framework v0.80.0.dev13', 'prev_value': None, 'change': True}
2026-04-15 20:26:10,404 : INFO : EventManager : Event: ======'machine_var_mpf_extended_version'====== Args={'value': 'Mission Pinball Framework v0.80.0.dev13, Config version:6, Show version: 6, BCP version:1.1', 'prev_value': None, 'change': True}
2026-04-15 20:26:10,404 : INFO : EventManager : Event: ======'machine_var_python_version'====== Args={'value': '3.14.3', 'prev_value': None, 'change': True}
2026-04-15 20:26:10,414 : INFO : EventManager : Event: ======'machine_var_platform'====== Args={'value': 'macOS-26.3.1-arm64-arm-64bit-Mach-O', 'prev_value': None, 'change': True}
2026-04-15 20:26:10,414 : INFO : EventManager : Event: ======'machine_var_platform_system'====== Args={'value': 'Darwin', 'prev_value': None, 'change': True}
2026-04-15 20:26:10,414 : INFO : EventManager : Event: ======'machine_var_platform_release'====== Args={'value': '25.3.0', 'prev_value': None, 'change': True}
2026-04-15 20:26:10,414 : INFO : EventManager : Event: ======'machine_var_platform_version'====== Args={'value': 'Darwin Kernel Version 25.3.0: Wed Jan 28 20:54:38 PST 2026; root:xnu-12377.91.3~2/RELEASE_ARM64_T6050', 'prev_value': None, 'change': True}
2026-04-15 20:26:10,414 : INFO : EventManager : Event: ======'machine_var_platform_machine'====== Args={'value': 'arm64', 'prev_value': None, 'change': True}
2026-04-15 20:26:10,414 : INFO : EventManager : Event: ======'machine_var_log_file_path'====== Args={'value': '/Users/willrante/Documents/GitHub/pinball/logs/2026-04-15-20-26-10-mpf-Wills-MacBook-Pro-M5.local.log', 'prev_value': None, 'change': True}
2026-04-15 20:26:10,414 : INFO : EventManager : Event: ======'init_phase_1'====== Args={}
2026-04-15 20:26:10,420 : INFO : EventManager : Event: ======'init_phase_2'====== Args={}
2026-04-15 20:26:10,420 : INFO : SwitchController : Found active switch: (1006, <Platform.Virtual>) <switch.s_trough_1>
2026-04-15 20:26:10,420 : INFO : SwitchController : Found active switch: (1007, <Platform.Virtual>) <switch.s_trough_2>
2026-04-15 20:26:10,420 : INFO : SwitchController : Found active switch: (1008, <Platform.Virtual>) <switch.s_trough_3>
2026-04-15 20:26:10,421 : INFO : EventManager : Event: ======'bcp_connection_attempt'====== Args={'name': 'local_display', 'host': 'localhost', 'port': 5050}
2026-04-15 20:26:10,422 : INFO : BCPClientSocket : Connecting BCP to 'local_display' at localhost:5050...
2026-04-15 20:26:19,372 : INFO : BCPClientSocket : Connected BCP to 'local_display' localhost:5050
2026-04-15 20:26:19,372 : INFO : EventManager : Event: ======'bcp_clients_connected'====== Args={}
2026-04-15 20:26:19,373 : INFO : ball_device.bd_plunger : BCH: Initial count: 0
2026-04-15 20:26:19,374 : INFO : ball_device.bd_plunger : State: idle
2026-04-15 20:26:19,374 : INFO : ball_device.bd_trough : BCH: Initial count: 3
2026-04-15 20:26:19,374 : INFO : ball_device.bd_trough : State: idle
2026-04-15 20:26:19,385 : INFO : EventManager : Event: ======'init_phase_3'====== Args={}
2026-04-15 20:26:19,391 : INFO : EventManager : Event: ======'init_phase_4'====== Args={}
2026-04-15 20:26:19,392 : INFO : BallController : Initial balls found: 3
2026-04-15 20:26:19,392 : INFO : EventManager : Event: ======'machine_var_audits_events_game_ended'====== Args={'value': 0, 'prev_value': None, 'change': True}
2026-04-15 20:26:19,393 : INFO : EventManager : Event: ======'machine_var_audits_events_game_started'====== Args={'value': 4, 'prev_value': None, 'change': True}
2026-04-15 20:26:19,393 : INFO : EventManager : Event: ======'machine_var_audits_missing_switches_s_flipper_left'====== Args={'value': 2, 'prev_value': None, 'change': True}
2026-04-15 20:26:19,393 : INFO : EventManager : Event: ======'machine_var_audits_missing_switches_s_flipper_right'====== Args={'value': 2, 'prev_value': None, 'change': True}
2026-04-15 20:26:19,393 : INFO : EventManager : Event: ======'machine_var_audits_missing_switches_s_plunger_lane'====== Args={'value': 4, 'prev_value': None, 'change': True}
2026-04-15 20:26:19,393 : INFO : EventManager : Event: ======'machine_var_audits_missing_switches_s_trough_1'====== Args={'value': 4, 'prev_value': None, 'change': True}
2026-04-15 20:26:19,393 : INFO : EventManager : Event: ======'machine_var_audits_missing_switches_s_trough_2'====== Args={'value': 4, 'prev_value': None, 'change': True}
2026-04-15 20:26:19,393 : INFO : EventManager : Event: ======'machine_var_audits_missing_switches_s_trough_3'====== Args={'value': 4, 'prev_value': None, 'change': True}
2026-04-15 20:26:19,393 : INFO : EventManager : Event: ======'machine_var_audits_player_score'====== Args={'value': {'average': 0, 'top': [], 'total': 0}, 'prev_value': None, 'change': True}
2026-04-15 20:26:19,393 : INFO : EventManager : Event: ======'machine_var_audits_shots_bumper_left'====== Args={'value': 88, 'prev_value': None, 'change': True}
2026-04-15 20:26:19,393 : INFO : EventManager : Event: ======'machine_var_audits_shots_bumper_right'====== Args={'value': 104, 'prev_value': None, 'change': True}
2026-04-15 20:26:19,393 : INFO : EventManager : Event: ======'machine_var_audits_shots_hurryup'====== Args={'value': 3, 'prev_value': None, 'change': True}
2026-04-15 20:26:19,393 : INFO : EventManager : Event: ======'machine_var_audits_shots_left_lane'====== Args={'value': 9, 'prev_value': None, 'change': True}
2026-04-15 20:26:19,393 : INFO : EventManager : Event: ======'machine_var_audits_switches_s_bumper_left'====== Args={'value': 88, 'prev_value': None, 'change': True}
2026-04-15 20:26:19,393 : INFO : EventManager : Event: ======'machine_var_audits_switches_s_bumper_right'====== Args={'value': 104, 'prev_value': None, 'change': True}
2026-04-15 20:26:19,393 : INFO : EventManager : Event: ======'machine_var_audits_switches_s_flipper_left'====== Args={'value': 5, 'prev_value': None, 'change': True}
2026-04-15 20:26:19,393 : INFO : EventManager : Event: ======'machine_var_audits_switches_s_flipper_right'====== Args={'value': 5, 'prev_value': None, 'change': True}
2026-04-15 20:26:19,393 : INFO : EventManager : Event: ======'machine_var_audits_switches_s_left_lane'====== Args={'value': 9, 'prev_value': None, 'change': True}
2026-04-15 20:26:19,393 : INFO : EventManager : Event: ======'machine_var_audits_switches_s_plunger_lane'====== Args={'value': 0, 'prev_value': None, 'change': True}
2026-04-15 20:26:19,393 : INFO : EventManager : Event: ======'machine_var_audits_switches_s_start'====== Args={'value': 3, 'prev_value': None, 'change': True}
2026-04-15 20:26:19,393 : INFO : EventManager : Event: ======'machine_var_audits_switches_s_trough_1'====== Args={'value': 0, 'prev_value': None, 'change': True}
2026-04-15 20:26:19,393 : INFO : EventManager : Event: ======'machine_var_audits_switches_s_trough_2'====== Args={'value': 0, 'prev_value': None, 'change': True}
2026-04-15 20:26:19,393 : INFO : EventManager : Event: ======'machine_var_audits_switches_s_trough_3'====== Args={'value': 0, 'prev_value': None, 'change': True}
2026-04-15 20:26:19,393 : INFO : EventManager : Event: ======'init_phase_5'====== Args={}
2026-04-15 20:26:19,393 : INFO : EventManager : Event: ======'init_done'====== Args={}
2026-04-15 20:26:19,393 : INFO : EventManager : Event: ======'machine_reset_phase_1'====== Args={}
2026-04-15 20:26:19,406 : INFO : EventManager : Event: ======'machine_reset_phase_2'====== Args={}
2026-04-15 20:26:19,406 : INFO : EventManager : Event: ======'machine_reset_phase_3'====== Args={}
2026-04-15 20:26:19,406 : INFO : EventManager : Event: ======'reset_complete'====== Args={}
2026-04-15 20:26:19,406 : INFO : EventManager : Event: ======'mode_attract_will_start'====== Args={}
2026-04-15 20:26:19,406 : INFO : Timer.attract_carousel_timer : Starting Timer.
2026-04-15 20:26:19,407 : INFO : EventManager : Event: ======'timer_attract_carousel_timer_started'====== Args={'ticks': 0, 'ticks_remaining': 1}
2026-04-15 20:26:19,407 : INFO : EventManager : Event: ======'timer_attract_carousel_timer_tick'====== Args={'ticks': 0, 'ticks_remaining': 1}
2026-04-15 20:26:19,407 : INFO : EventManager : Event: ======'mode_attract_starting'====== Args={}
2026-04-15 20:26:19,407 : INFO : Mode.attract : Started. Priority: 10
2026-04-15 20:26:19,407 : INFO : EventManager : Event: ======'modes_active_modes_changed'====== Args={}
2026-04-15 20:26:19,407 : INFO : EventManager : Event: ======'mode_attract_started'====== Args={}
2026-04-15 20:26:19,408 : INFO : EventManager : Event: ======'collecting_balls_complete'====== Args={}
2026-04-15 20:26:19,408 : INFO : EventManager : Event: ======'carousel_item_highlighted'====== Args={'carousel': 'attract', 'direction': None, 'item': 'title'}
2026-04-15 20:26:19,408 : INFO : EventManager : Event: ======'timer_attract_carousel_timer_tick'====== Args={'ticks': 0, 'ticks_remaining': 1}
2026-04-15 20:26:19,408 : INFO : Machine : Starting the main run loop with active modes: [<Mode.attract>]
2026-04-15 20:26:19,437 : INFO : EventManager : Event: ======'slide_attract_created'====== Args={'_from_bcp': True}
2026-04-15 20:26:19,437 : INFO : EventManager : Event: ======'slide__removed'====== Args={'_from_bcp': True}
2026-04-15 20:26:19,437 : INFO : EventManager : Event: ======'slide_attract_active'====== Args={'original_context': 'attract', 'original_calling_context': 'mode_attract_started', 'priority': 10.0, 'cmd': 'slides_play', '_from_bcp': True}
2026-04-15 20:26:24,408 : INFO : Timer.attract_carousel_timer : Timer Complete
2026-04-15 20:26:24,408 : INFO : Timer.attract_carousel_timer : Stopping Timer
2026-04-15 20:26:24,408 : INFO : EventManager : Event: ======'timer_attract_carousel_timer_stopped'====== Args={'ticks': 1, 'ticks_remaining': 1}
2026-04-15 20:26:24,408 : INFO : EventManager : Event: ======'timer_attract_carousel_timer_complete'====== Args={'ticks': 1, 'ticks_remaining': 1}
2026-04-15 20:26:24,409 : INFO : EventManager : Event: ======'carousel_item_highlighted'====== Args={'carousel': 'attract', 'direction': 'forwards', 'item': 'credits'}
2026-04-15 20:26:24,409 : INFO : Timer.attract_carousel_timer : Starting Timer.
2026-04-15 20:26:24,409 : INFO : EventManager : Event: ======'timer_attract_carousel_timer_started'====== Args={'ticks': 0, 'ticks_remaining': 1}
2026-04-15 20:26:24,409 : INFO : EventManager : Event: ======'timer_attract_carousel_timer_tick'====== Args={'ticks': 0, 'ticks_remaining': 1}
2026-04-15 20:26:26,217 : INFO : SwitchController : <<<<<<< 's_start' active >>>>>>>
2026-04-15 20:26:26,334 : INFO : SwitchController : <<<<<<< 's_start' inactive >>>>>>>
2026-04-15 20:26:26,334 : INFO : EventManager : Event: ======'request_to_start_game'====== Args={}
2026-04-15 20:26:26,334 : INFO : EventManager : Event: ======'game_start'====== Args={'buttons': [], 'hold_time': 0.115996666951105}
2026-04-15 20:26:26,334 : INFO : EventManager : Event: ======'mode_game_will_start'====== Args={'buttons': [], 'hold_time': 0.115996666951105}
2026-04-15 20:26:26,334 : INFO : EventManager : Event: ======'mode_game_starting'====== Args={'buttons': [], 'hold_time': 0.115996666951105}
2026-04-15 20:26:26,334 : INFO : EventManager : Event: ======'mode_attract_will_stop'====== Args={}
2026-04-15 20:26:26,334 : INFO : EventManager : Event: ======'mode_attract_stopping'====== Args={}
2026-04-15 20:26:26,334 : INFO : Mode.attract : Stopped.
2026-04-15 20:26:26,334 : INFO : EventManager : Event: ======'modes_active_modes_changed'====== Args={}
2026-04-15 20:26:26,334 : INFO : EventManager : Event: ======'mode_attract_stopped'====== Args={}
2026-04-15 20:26:26,335 : INFO : EventManager : Event: ======'clear'====== Args={'key': 'attract'}
2026-04-15 20:26:26,335 : INFO : Timer.attract_carousel_timer : Stopping Timer
2026-04-15 20:26:26,335 : INFO : EventManager : Event: ======'timer_attract_carousel_timer_stopped'====== Args={'ticks': 0, 'ticks_remaining': 1}
2026-04-15 20:26:26,335 : INFO : Mode.game : Started. Priority: 20
2026-04-15 20:26:26,335 : INFO : EventManager : Event: ======'modes_active_modes_changed'====== Args={}
2026-04-15 20:26:26,335 : INFO : EventManager : Event: ======'mode_game_started'====== Args={'buttons': [], 'hold_time': 0.115996666951105}
2026-04-15 20:26:26,335 : INFO : EventManager : Event: ======'game_will_start'====== Args={}
2026-04-15 20:26:26,335 : INFO : EventManager : Event: ======'game_starting'====== Args={'game': <Mode.game>}
2026-04-15 20:26:26,335 : INFO : EventManager : Unordered handler for class <Auditor> on event game_ended with priority 1. Handlers: [RegisteredHandler(callback=<bound method Auditor.disable of <Auditor>>, priority=1, kwargs={}, key=UUID('e9deedf1-1813-4102-820f-870d2de3be90'), condition=None, blocking_facility=None), RegisteredHandler(callback=<bound method Auditor._save_audits of <Auditor>>, priority=1, kwargs={}, key=UUID('a5676191-cb9a-481c-b6aa-4ea66b58d3b1'), condition=None, blocking_facility=None)]. The order of those handlers is not defined and they will be executed in random order. This might lead to race conditions and potential bugs.
2026-04-15 20:26:26,335 : INFO : EventManager : Event: ======'player_add_request'====== Args={}
2026-04-15 20:26:26,335 : INFO : EventManager : Event: ======'player_will_add'====== Args={'number': 1}
2026-04-15 20:26:26,335 : INFO : EventManager : Event: ======'player_adding'====== Args={'player': <Player 1>, 'number': 1}
2026-04-15 20:26:26,335 : INFO : EventManager : Event: ======'player_added'====== Args={'player': <Player 1>, 'num': 1}
2026-04-15 20:26:26,335 : INFO : Mode.game : Player added successfully. Total players: 1
2026-04-15 20:26:26,336 : INFO : EventManager : Event: ======'player_index'====== Args={'value': 0, 'prev_value': 0, 'change': 0, 'player_num': 1}
2026-04-15 20:26:26,336 : INFO : EventManager : Event: ======'player_number'====== Args={'value': 1, 'prev_value': 1, 'change': 0, 'player_num': 1}
2026-04-15 20:26:26,336 : INFO : EventManager : Event: ======'player_score'====== Args={'value': 0, 'prev_value': 0, 'change': 0, 'player_num': 1}
2026-04-15 20:26:26,336 : INFO : EventManager : Event: ======'game_started'====== Args={}
2026-04-15 20:26:26,336 : INFO : EventManager : Event: ======'player_turn_will_start'====== Args={'player': <Player 1>, 'number': 1}
2026-04-15 20:26:26,336 : INFO : EventManager : Event: ======'player_turn_starting'====== Args={'player': <Player 1>, 'number': 1}
2026-04-15 20:26:26,336 : INFO : EventManager : Event: ======'player_ball'====== Args={'value': 1, 'prev_value': 0, 'change': 1, 'player_num': 1}
2026-04-15 20:26:26,336 : INFO : EventManager : Event: ======'player_turn_started'====== Args={'player': <Player 1>, 'number': 1}
2026-04-15 20:26:26,338 : INFO : EventManager : Event: ======'ball_will_start'====== Args={'player': 1, 'ball': 1, 'balls_remaining': 2, 'is_extra_ball': False}
2026-04-15 20:26:26,338 : INFO : EventManager : Event: ======'ball_starting'====== Args={'player': 1, 'ball': 1, 'balls_remaining': 2, 'is_extra_ball': False}
2026-04-15 20:26:26,338 : INFO : EventManager : Event: ======'mode_base_will_start'====== Args={'queue': <QueuedEvent>, 'player': 1, 'ball': 1, 'balls_remaining': 2, 'is_extra_ball': False}
2026-04-15 20:26:26,338 : INFO : EventManager : Event: ======'player_shot_left_lane_enabled'====== Args={'value': True, 'prev_value': 0, 'change': 1, 'player_num': 1}
2026-04-15 20:26:26,338 : INFO : EventManager : Event: ======'mode_base_starting'====== Args={'queue': <QueuedEvent>, 'player': 1, 'ball': 1, 'balls_remaining': 2, 'is_extra_ball': False}
2026-04-15 20:26:26,338 : INFO : Mode.base : Started. Priority: 100
2026-04-15 20:26:26,338 : INFO : EventManager : Event: ======'modes_active_modes_changed'====== Args={}
2026-04-15 20:26:26,338 : INFO : EventManager : Event: ======'mode_base_started'====== Args={'queue': <QueuedEvent>, 'player': 1, 'ball': 1, 'balls_remaining': 2, 'is_extra_ball': False}
2026-04-15 20:26:26,339 : INFO : EventManager : Event: ======'start_mode_bumpers'====== Args={'priority': 0}
2026-04-15 20:26:26,339 : INFO : EventManager : Event: ======'mode_bumpers_will_start'====== Args={'priority': 0}
2026-04-15 20:26:26,339 : INFO : EventManager : Event: ======'player_shot_bumper_left_enabled'====== Args={'value': True, 'prev_value': 0, 'change': 1, 'player_num': 1}
2026-04-15 20:26:26,339 : INFO : EventManager : Event: ======'player_shot_bumper_right_enabled'====== Args={'value': True, 'prev_value': 0, 'change': 1, 'player_num': 1}
2026-04-15 20:26:26,339 : INFO : EventManager : Event: ======'bumpers_complete'====== Args={'state': 'unlit'}
2026-04-15 20:26:26,339 : INFO : EventManager : Event: ======'bumpers_unlit_complete'====== Args={}
2026-04-15 20:26:26,339 : INFO : EventManager : Event: ======'mode_bumpers_starting'====== Args={'priority': 0}
2026-04-15 20:26:26,339 : INFO : Mode.bumpers : Started. Priority: 200
2026-04-15 20:26:26,339 : INFO : EventManager : Event: ======'modes_active_modes_changed'====== Args={}
2026-04-15 20:26:26,339 : INFO : EventManager : Event: ======'mode_bumpers_started'====== Args={'priority': 0}
2026-04-15 20:26:26,339 : INFO : EventManager : Event: ======'balls_in_play'====== Args={'balls': 1}
2026-04-15 20:26:26,339 : INFO : EventManager : Event: ======'ball_started'====== Args={'player': 1, 'ball': 1, 'balls_remaining': 2, 'is_extra_ball': False}
2026-04-15 20:26:26,340 : INFO : EventManager : Event: ======'single_player_ball_started'====== Args={}
2026-04-15 20:26:26,340 : INFO : EventManager : Event: ======'ball_start_target'====== Args={'target': 'playfield'}
2026-04-15 20:26:26,340 : INFO : ball_device.bd_trough : Setting up player-controlled eject. Balls: 1, Target: <playfield.playfield>, player_controlled_eject_event: None
2026-04-15 20:26:26,340 : INFO : ball_device.bd_trough : Adding 1 ball(s) to the eject_queue with target <playfield.playfield>.
2026-04-15 20:26:26,340 : INFO : EventManager : Event: ======'balldevice_balls_available'====== Args={}
2026-04-15 20:26:26,340 : INFO : ball_device.bd_trough : State: waiting_for_target_ready
2026-04-15 20:26:26,340 : INFO : EventManager : Event: ======'balldevice_bd_trough_ball_eject_attempt'====== Args={'balls': 1, 'target': <ball_device.bd_plunger>, 'source': <ball_device.bd_trough>, 'mechanical_eject': False, 'num_attempts': 0}
2026-04-15 20:26:26,340 : INFO : ball_device.bd_plunger : State: waiting_for_ball
2026-04-15 20:26:26,340 : INFO : ball_device.bd_trough : State: ejecting
2026-04-15 20:26:26,340 : INFO : ball_device.bd_trough : Ejecting ball to <ball_device.bd_plunger>
2026-04-15 20:26:26,340 : INFO : EventManager : Event: ======'balldevice_bd_trough_ejecting_ball'====== Args={'balls': 1, 'target': <ball_device.bd_plunger>, 'source': <ball_device.bd_trough>, 'mechanical_eject': False, 'num_attempts': 0}
2026-04-15 20:26:26,340 : INFO : ball_device.bd_trough : Wait for ball to leave device
2026-04-15 20:26:26,341 : INFO : coil.c_trough_eject : Pulsing Driver for 10ms (1.0 pulse_power)
2026-04-15 20:26:26,375 : INFO : EventManager : Event: ======'slide_base_slide_created'====== Args={'_from_bcp': True}
2026-04-15 20:26:26,376 : INFO : EventManager : Event: ======'slide_attract_inactive'====== Args={'is_removing': True, '_from_bcp': True}
2026-04-15 20:26:26,376 : INFO : EventManager : Event: ======'slide_base_slide_active'====== Args={'original_context': 'base', 'original_calling_context': 'mode_base_started', 'priority': 100.0, 'queue': '<QueuedEvent>', 'player': 1.0, 'ball': 1.0, 'balls_remaining': 2.0, 'is_extra_ball': False, 'cmd': 'slides_play', '_from_bcp': True}
2026-04-15 20:26:26,376 : INFO : EventManager : Event: ======'slide_attract_removed'====== Args={'_from_bcp': True}
2026-04-15 20:26:33,284 : INFO : SwitchController : <<<<<<< 's_left_lane' active >>>>>>>
2026-04-15 20:26:33,284 : INFO : EventManager : Event: ======'playfield_active'====== Args={'source': 'hurryup'}
2026-04-15 20:26:33,284 : INFO : EventManager : Event: ======'unexpected_ball_on_playfield'====== Args={}
2026-04-15 20:26:33,284 : INFO : EventManager : Event: ======'playfield_active'====== Args={'source': 'left_lane'}
2026-04-15 20:26:33,284 : INFO : EventManager : Event: ======'unexpected_ball_on_playfield'====== Args={}
2026-04-15 20:26:33,284 : INFO : EventManager : Event: ======'s_left_lane_active'====== Args={}
2026-04-15 20:26:33,284 : INFO : EventManager : Event: ======'machine_var_audits_switches_s_left_lane'====== Args={'value': 10, 'prev_value': 9, 'change': 1}
2026-04-15 20:26:33,284 : INFO : EventManager : Event: ======'player_shot_left_lane'====== Args={'value': 1, 'prev_value': 0, 'change': 1, 'player_num': 1}
2026-04-15 20:26:33,285 : INFO : EventManager : Event: ======'machine_var_audits_shots_left_lane'====== Args={'value': 10, 'prev_value': 9, 'change': 1}
2026-04-15 20:26:33,285 : INFO : EventManager : Event: ======'left_lane_hit'====== Args={'profile': 'default', 'state': 'unlit', 'advancing': True}
2026-04-15 20:26:33,285 : INFO : EventManager : Event: ======'left_lane_default_hit'====== Args={'profile': 'default', 'state': 'unlit', 'advancing': True}
2026-04-15 20:26:33,285 : INFO : EventManager : Event: ======'left_lane_default_unlit_hit'====== Args={'profile': 'default', 'state': 'unlit', 'advancing': True}
2026-04-15 20:26:33,285 : INFO : EventManager : Event: ======'left_lane_unlit_hit'====== Args={'profile': 'default', 'state': 'unlit', 'advancing': True}
2026-04-15 20:26:33,285 : INFO : EventManager : Event: ======'start_mode_rhythm'====== Args={'priority': 0}
2026-04-15 20:26:33,285 : INFO : EventManager : Event: ======'mode_rhythm_will_start'====== Args={'priority': 0}
2026-04-15 20:26:33,286 : INFO : EventManager : Event: ======'mode_rhythm_starting'====== Args={'priority': 0}
2026-04-15 20:26:33,286 : INFO : Mode.rhythm : Started. Priority: 1200
2026-04-15 20:26:33,286 : INFO : EventManager : Event: ======'modes_active_modes_changed'====== Args={}
2026-04-15 20:26:33,286 : INFO : EventManager : Event: ======'mode_rhythm_started'====== Args={'priority': 0}
2026-04-15 20:26:33,287 : INFO : EventManager : Event: ======'player_rhythm_mode_score'====== Args={'value': 0, 'prev_value': 0, 'change': 0, 'player_num': 1}
2026-04-15 20:26:33,287 : INFO : EventManager : Event: ======'player_rhythm_combo'====== Args={'value': 0, 'prev_value': 0, 'change': 0, 'player_num': 1}
2026-04-15 20:26:33,287 : INFO : EventManager : Event: ======'player_rhythm_best_combo'====== Args={'value': 0, 'prev_value': 0, 'change': 0, 'player_num': 1}
2026-04-15 20:26:33,287 : INFO : EventManager : Event: ======'player_rhythm_hits'====== Args={'value': 0, 'prev_value': 0, 'change': 0, 'player_num': 1}
2026-04-15 20:26:33,287 : INFO : EventManager : Event: ======'player_rhythm_misses'====== Args={'value': 0, 'prev_value': 0, 'change': 0, 'player_num': 1}
2026-04-15 20:26:33,287 : INFO : EventManager : Event: ======'player_rhythm_notes_total'====== Args={'value': 38, 'prev_value': 0, 'change': 38, 'player_num': 1}
2026-04-15 20:26:33,287 : INFO : EventManager : Event: ======'player_rhythm_accuracy'====== Args={'value': 0, 'prev_value': 0, 'change': 0, 'player_num': 1}
2026-04-15 20:26:33,287 : INFO : EventManager : Event: ======'player_rhythm_multiplier'====== Args={'value': 1, 'prev_value': 0, 'change': 1, 'player_num': 1}
2026-04-15 20:26:33,338 : INFO : EventManager : Event: ======'rhythm_chart_started'====== Args={'total_notes': 38, 'travel_ms': 1600, 'perfect_window_ms': 90, 'good_window_ms': 170, 'lead_in_ms': 1800}
2026-04-15 20:26:34,088 : INFO : EventManager : Event: ======'rhythm_note_spawned'====== Args={'note_id': 0, 'lane': 'left', 'travel_ms': 1600, 'hit_time_ms': 2400}
2026-04-15 20:26:34,487 : INFO : EventManager : Event: ======'rhythm_note_spawned'====== Args={'note_id': 1, 'lane': 'right', 'travel_ms': 1600, 'hit_time_ms': 2800}
2026-04-15 20:26:34,888 : INFO : EventManager : Event: ======'rhythm_note_spawned'====== Args={'note_id': 2, 'lane': 'left', 'travel_ms': 1600, 'hit_time_ms': 3200}
2026-04-15 20:26:35,288 : INFO : EventManager : Event: ======'rhythm_note_spawned'====== Args={'note_id': 3, 'lane': 'right', 'travel_ms': 1600, 'hit_time_ms': 3600}
2026-04-15 20:26:35,688 : INFO : EventManager : Event: ======'rhythm_note_spawned'====== Args={'note_id': 4, 'lane': 'left', 'travel_ms': 1600, 'hit_time_ms': 4000}
2026-04-15 20:26:35,688 : INFO : EventManager : Event: ======'rhythm_note_spawned'====== Args={'note_id': 5, 'lane': 'right', 'travel_ms': 1600, 'hit_time_ms': 4000}
2026-04-15 20:26:35,859 : INFO : EventManager : Event: ======'player_rhythm_misses'====== Args={'value': 1, 'prev_value': 0, 'change': 1, 'player_num': 1}
2026-04-15 20:26:35,859 : INFO : EventManager : Event: ======'rhythm_note_missed'====== Args={'note_id': 0, 'lane': 'left', 'total_misses': 1}
2026-04-15 20:26:36,188 : INFO : EventManager : Event: ======'rhythm_note_spawned'====== Args={'note_id': 6, 'lane': 'left', 'travel_ms': 1600, 'hit_time_ms': 4500}
2026-04-15 20:26:36,259 : INFO : EventManager : Event: ======'player_rhythm_misses'====== Args={'value': 2, 'prev_value': 1, 'change': 1, 'player_num': 1}
2026-04-15 20:26:36,259 : INFO : EventManager : Event: ======'rhythm_note_missed'====== Args={'note_id': 1, 'lane': 'right', 'total_misses': 2}
2026-04-15 20:26:36,342 : INFO : EventManager : Event: ======'balldevice_bd_trough_ball_eject_failed'====== Args={'target': <ball_device.bd_plunger>, 'balls': 1, 'retry': True, 'num_attempts': 1}
2026-04-15 20:26:36,343 : INFO : ball_device.bd_trough : State: waiting_for_target_ready
2026-04-15 20:26:36,343 : INFO : EventManager : Event: ======'balldevice_bd_trough_ball_eject_attempt'====== Args={'balls': 1, 'target': <ball_device.bd_plunger>, 'source': <ball_device.bd_trough>, 'mechanical_eject': False, 'num_attempts': 1}
2026-04-15 20:26:36,343 : INFO : ball_device.bd_trough : State: ejecting
2026-04-15 20:26:36,343 : INFO : ball_device.bd_trough : Ejecting ball to <ball_device.bd_plunger>
2026-04-15 20:26:36,343 : INFO : EventManager : Event: ======'balldevice_bd_trough_ejecting_ball'====== Args={'balls': 1, 'target': <ball_device.bd_plunger>, 'source': <ball_device.bd_trough>, 'mechanical_eject': False, 'num_attempts': 1}
2026-04-15 20:26:36,344 : INFO : ball_device.bd_trough : Wait for ball to leave device
2026-04-15 20:26:36,344 : INFO : coil.c_trough_eject : Pulsing Driver for 10ms (1.0 pulse_power)
2026-04-15 20:26:36,588 : INFO : EventManager : Event: ======'rhythm_note_spawned'====== Args={'note_id': 7, 'lane': 'left', 'travel_ms': 1600, 'hit_time_ms': 4900}
2026-04-15 20:26:36,659 : INFO : EventManager : Event: ======'player_rhythm_misses'====== Args={'value': 3, 'prev_value': 2, 'change': 1, 'player_num': 1}
2026-04-15 20:26:36,659 : INFO : EventManager : Event: ======'rhythm_note_missed'====== Args={'note_id': 2, 'lane': 'left', 'total_misses': 3}
2026-04-15 20:26:36,988 : INFO : EventManager : Event: ======'rhythm_note_spawned'====== Args={'note_id': 8, 'lane': 'right', 'travel_ms': 1600, 'hit_time_ms': 5300}
2026-04-15 20:26:37,059 : INFO : EventManager : Event: ======'player_rhythm_misses'====== Args={'value': 4, 'prev_value': 3, 'change': 1, 'player_num': 1}
2026-04-15 20:26:37,059 : INFO : EventManager : Event: ======'rhythm_note_missed'====== Args={'note_id': 3, 'lane': 'right', 'total_misses': 4}
2026-04-15 20:26:37,388 : INFO : EventManager : Event: ======'rhythm_note_spawned'====== Args={'note_id': 9, 'lane': 'left', 'travel_ms': 1600, 'hit_time_ms': 5700}
2026-04-15 20:26:37,459 : INFO : EventManager : Event: ======'player_rhythm_misses'====== Args={'value': 5, 'prev_value': 4, 'change': 1, 'player_num': 1}
2026-04-15 20:26:37,459 : INFO : EventManager : Event: ======'rhythm_note_missed'====== Args={'note_id': 4, 'lane': 'left', 'total_misses': 5}
2026-04-15 20:26:37,459 : INFO : EventManager : Event: ======'player_rhythm_misses'====== Args={'value': 6, 'prev_value': 5, 'change': 1, 'player_num': 1}
2026-04-15 20:26:37,459 : INFO : EventManager : Event: ======'rhythm_note_missed'====== Args={'note_id': 5, 'lane': 'right', 'total_misses': 6}
2026-04-15 20:26:37,788 : INFO : EventManager : Event: ======'rhythm_note_spawned'====== Args={'note_id': 10, 'lane': 'right', 'travel_ms': 1600, 'hit_time_ms': 6100}
2026-04-15 20:26:37,959 : INFO : EventManager : Event: ======'player_rhythm_misses'====== Args={'value': 7, 'prev_value': 6, 'change': 1, 'player_num': 1}
2026-04-15 20:26:37,959 : INFO : EventManager : Event: ======'rhythm_note_missed'====== Args={'note_id': 6, 'lane': 'left', 'total_misses': 7}
2026-04-15 20:26:38,188 : INFO : EventManager : Event: ======'rhythm_note_spawned'====== Args={'note_id': 11, 'lane': 'right', 'travel_ms': 1600, 'hit_time_ms': 6500}
2026-04-15 20:26:38,359 : INFO : EventManager : Event: ======'player_rhythm_misses'====== Args={'value': 8, 'prev_value': 7, 'change': 1, 'player_num': 1}
2026-04-15 20:26:38,359 : INFO : EventManager : Event: ======'rhythm_note_missed'====== Args={'note_id': 7, 'lane': 'left', 'total_misses': 8}
2026-04-15 20:26:38,588 : INFO : EventManager : Event: ======'rhythm_note_spawned'====== Args={'note_id': 12, 'lane': 'left', 'travel_ms': 1600, 'hit_time_ms': 6900}
2026-04-15 20:26:38,759 : INFO : EventManager : Event: ======'player_rhythm_misses'====== Args={'value': 9, 'prev_value': 8, 'change': 1, 'player_num': 1}
2026-04-15 20:26:38,759 : INFO : EventManager : Event: ======'rhythm_note_missed'====== Args={'note_id': 8, 'lane': 'right', 'total_misses': 9}
2026-04-15 20:26:38,987 : INFO : EventManager : Event: ======'rhythm_note_spawned'====== Args={'note_id': 13, 'lane': 'right', 'travel_ms': 1600, 'hit_time_ms': 7300}
2026-04-15 20:26:39,159 : INFO : EventManager : Event: ======'player_rhythm_misses'====== Args={'value': 10, 'prev_value': 9, 'change': 1, 'player_num': 1}
2026-04-15 20:26:39,159 : INFO : EventManager : Event: ======'rhythm_note_missed'====== Args={'note_id': 9, 'lane': 'left', 'total_misses': 10}
2026-04-15 20:26:39,388 : INFO : EventManager : Event: ======'rhythm_note_spawned'====== Args={'note_id': 14, 'lane': 'left', 'travel_ms': 1600, 'hit_time_ms': 7700}
2026-04-15 20:26:39,388 : INFO : EventManager : Event: ======'rhythm_note_spawned'====== Args={'note_id': 15, 'lane': 'right', 'travel_ms': 1600, 'hit_time_ms': 7700}
2026-04-15 20:26:39,559 : INFO : EventManager : Event: ======'player_rhythm_misses'====== Args={'value': 11, 'prev_value': 10, 'change': 1, 'player_num': 1}
2026-04-15 20:26:39,559 : INFO : EventManager : Event: ======'rhythm_note_missed'====== Args={'note_id': 10, 'lane': 'right', 'total_misses': 11}
2026-04-15 20:26:39,959 : INFO : EventManager : Event: ======'player_rhythm_misses'====== Args={'value': 12, 'prev_value': 11, 'change': 1, 'player_num': 1}
2026-04-15 20:26:39,959 : INFO : EventManager : Event: ======'rhythm_note_missed'====== Args={'note_id': 11, 'lane': 'right', 'total_misses': 12}
2026-04-15 20:26:39,988 : INFO : EventManager : Event: ======'rhythm_note_spawned'====== Args={'note_id': 16, 'lane': 'left', 'travel_ms': 1600, 'hit_time_ms': 8300}
2026-04-15 20:26:40,359 : INFO : EventManager : Event: ======'player_rhythm_misses'====== Args={'value': 13, 'prev_value': 12, 'change': 1, 'player_num': 1}
2026-04-15 20:26:40,359 : INFO : EventManager : Event: ======'rhythm_note_missed'====== Args={'note_id': 12, 'lane': 'left', 'total_misses': 13}
2026-04-15 20:26:40,388 : INFO : EventManager : Event: ======'rhythm_note_spawned'====== Args={'note_id': 17, 'lane': 'right', 'travel_ms': 1600, 'hit_time_ms': 8700}
2026-04-15 20:26:40,758 : INFO : EventManager : Event: ======'player_rhythm_misses'====== Args={'value': 14, 'prev_value': 13, 'change': 1, 'player_num': 1}
2026-04-15 20:26:40,759 : INFO : EventManager : Event: ======'rhythm_note_missed'====== Args={'note_id': 13, 'lane': 'right', 'total_misses': 14}
2026-04-15 20:26:40,787 : INFO : EventManager : Event: ======'rhythm_note_spawned'====== Args={'note_id': 18, 'lane': 'right', 'travel_ms': 1600, 'hit_time_ms': 9100}
2026-04-15 20:26:41,159 : INFO : EventManager : Event: ======'player_rhythm_misses'====== Args={'value': 15, 'prev_value': 14, 'change': 1, 'player_num': 1}
2026-04-15 20:26:41,159 : INFO : EventManager : Event: ======'rhythm_note_missed'====== Args={'note_id': 14, 'lane': 'left', 'total_misses': 15}
2026-04-15 20:26:41,159 : INFO : EventManager : Event: ======'player_rhythm_misses'====== Args={'value': 16, 'prev_value': 15, 'change': 1, 'player_num': 1}
2026-04-15 20:26:41,159 : INFO : EventManager : Event: ======'rhythm_note_missed'====== Args={'note_id': 15, 'lane': 'right', 'total_misses': 16}
2026-04-15 20:26:41,188 : INFO : EventManager : Event: ======'rhythm_note_spawned'====== Args={'note_id': 19, 'lane': 'left', 'travel_ms': 1600, 'hit_time_ms': 9500}
2026-04-15 20:26:41,588 : INFO : EventManager : Event: ======'rhythm_note_spawned'====== Args={'note_id': 20, 'lane': 'right', 'travel_ms': 1600, 'hit_time_ms': 9900}
2026-04-15 20:26:41,758 : INFO : EventManager : Event: ======'player_rhythm_misses'====== Args={'value': 17, 'prev_value': 16, 'change': 1, 'player_num': 1}
2026-04-15 20:26:41,759 : INFO : EventManager : Event: ======'rhythm_note_missed'====== Args={'note_id': 16, 'lane': 'left', 'total_misses': 17}
2026-04-15 20:26:41,987 : INFO : EventManager : Event: ======'rhythm_note_spawned'====== Args={'note_id': 21, 'lane': 'left', 'travel_ms': 1600, 'hit_time_ms': 10300}
2026-04-15 20:26:42,159 : INFO : EventManager : Event: ======'player_rhythm_misses'====== Args={'value': 18, 'prev_value': 17, 'change': 1, 'player_num': 1}
2026-04-15 20:26:42,159 : INFO : EventManager : Event: ======'rhythm_note_missed'====== Args={'note_id': 17, 'lane': 'right', 'total_misses': 18}
2026-04-15 20:26:42,388 : INFO : EventManager : Event: ======'rhythm_note_spawned'====== Args={'note_id': 22, 'lane': 'left', 'travel_ms': 1600, 'hit_time_ms': 10700}
2026-04-15 20:26:42,388 : INFO : EventManager : Event: ======'rhythm_note_spawned'====== Args={'note_id': 23, 'lane': 'right', 'travel_ms': 1600, 'hit_time_ms': 10700}
2026-04-15 20:26:42,558 : INFO : EventManager : Event: ======'player_rhythm_misses'====== Args={'value': 19, 'prev_value': 18, 'change': 1, 'player_num': 1}
2026-04-15 20:26:42,559 : INFO : EventManager : Event: ======'rhythm_note_missed'====== Args={'note_id': 18, 'lane': 'right', 'total_misses': 19}
2026-04-15 20:26:42,959 : INFO : EventManager : Event: ======'player_rhythm_misses'====== Args={'value': 20, 'prev_value': 19, 'change': 1, 'player_num': 1}
2026-04-15 20:26:42,959 : INFO : EventManager : Event: ======'rhythm_note_missed'====== Args={'note_id': 19, 'lane': 'left', 'total_misses': 20}
2026-04-15 20:26:42,988 : INFO : EventManager : Event: ======'rhythm_note_spawned'====== Args={'note_id': 24, 'lane': 'left', 'travel_ms': 1600, 'hit_time_ms': 11300}
2026-04-15 20:26:43,358 : INFO : EventManager : Event: ======'player_rhythm_misses'====== Args={'value': 21, 'prev_value': 20, 'change': 1, 'player_num': 1}
2026-04-15 20:26:43,358 : INFO : EventManager : Event: ======'rhythm_note_missed'====== Args={'note_id': 20, 'lane': 'right', 'total_misses': 21}
2026-04-15 20:26:43,387 : INFO : EventManager : Event: ======'rhythm_note_spawned'====== Args={'note_id': 25, 'lane': 'right', 'travel_ms': 1600, 'hit_time_ms': 11700}
2026-04-15 20:26:43,758 : INFO : EventManager : Event: ======'player_rhythm_misses'====== Args={'value': 22, 'prev_value': 21, 'change': 1, 'player_num': 1}
2026-04-15 20:26:43,759 : INFO : EventManager : Event: ======'rhythm_note_missed'====== Args={'note_id': 21, 'lane': 'left', 'total_misses': 22}
2026-04-15 20:26:43,788 : INFO : EventManager : Event: ======'rhythm_note_spawned'====== Args={'note_id': 26, 'lane': 'left', 'travel_ms': 1600, 'hit_time_ms': 12100}
2026-04-15 20:26:44,159 : INFO : EventManager : Event: ======'player_rhythm_misses'====== Args={'value': 23, 'prev_value': 22, 'change': 1, 'player_num': 1}
2026-04-15 20:26:44,159 : INFO : EventManager : Event: ======'rhythm_note_missed'====== Args={'note_id': 22, 'lane': 'left', 'total_misses': 23}
2026-04-15 20:26:44,159 : INFO : EventManager : Event: ======'player_rhythm_misses'====== Args={'value': 24, 'prev_value': 23, 'change': 1, 'player_num': 1}
2026-04-15 20:26:44,159 : INFO : EventManager : Event: ======'rhythm_note_missed'====== Args={'note_id': 23, 'lane': 'right', 'total_misses': 24}
2026-04-15 20:26:44,188 : INFO : EventManager : Event: ======'rhythm_note_spawned'====== Args={'note_id': 27, 'lane': 'right', 'travel_ms': 1600, 'hit_time_ms': 12500}
2026-04-15 20:26:44,588 : INFO : EventManager : Event: ======'rhythm_note_spawned'====== Args={'note_id': 28, 'lane': 'left', 'travel_ms': 1600, 'hit_time_ms': 12900}
2026-04-15 20:26:44,759 : INFO : EventManager : Event: ======'player_rhythm_misses'====== Args={'value': 25, 'prev_value': 24, 'change': 1, 'player_num': 1}
2026-04-15 20:26:44,760 : INFO : EventManager : Event: ======'rhythm_note_missed'====== Args={'note_id': 24, 'lane': 'left', 'total_misses': 25}
2026-04-15 20:26:44,988 : INFO : EventManager : Event: ======'rhythm_note_spawned'====== Args={'note_id': 29, 'lane': 'right', 'travel_ms': 1600, 'hit_time_ms': 13300}
2026-04-15 20:26:45,158 : INFO : EventManager : Event: ======'player_rhythm_misses'====== Args={'value': 26, 'prev_value': 25, 'change': 1, 'player_num': 1}
2026-04-15 20:26:45,159 : INFO : EventManager : Event: ======'rhythm_note_missed'====== Args={'note_id': 25, 'lane': 'right', 'total_misses': 26}
2026-04-15 20:26:45,388 : INFO : EventManager : Event: ======'rhythm_note_spawned'====== Args={'note_id': 30, 'lane': 'left', 'travel_ms': 1600, 'hit_time_ms': 13700}
2026-04-15 20:26:45,388 : INFO : EventManager : Event: ======'rhythm_note_spawned'====== Args={'note_id': 31, 'lane': 'right', 'travel_ms': 1600, 'hit_time_ms': 13700}
2026-04-15 20:26:45,559 : INFO : EventManager : Event: ======'player_rhythm_misses'====== Args={'value': 27, 'prev_value': 26, 'change': 1, 'player_num': 1}
2026-04-15 20:26:45,559 : INFO : EventManager : Event: ======'rhythm_note_missed'====== Args={'note_id': 26, 'lane': 'left', 'total_misses': 27}
2026-04-15 20:26:45,959 : INFO : EventManager : Event: ======'player_rhythm_misses'====== Args={'value': 28, 'prev_value': 27, 'change': 1, 'player_num': 1}
2026-04-15 20:26:45,959 : INFO : EventManager : Event: ======'rhythm_note_missed'====== Args={'note_id': 27, 'lane': 'right', 'total_misses': 28}
2026-04-15 20:26:45,988 : INFO : EventManager : Event: ======'rhythm_note_spawned'====== Args={'note_id': 32, 'lane': 'left', 'travel_ms': 1600, 'hit_time_ms': 14300}
2026-04-15 20:26:46,345 : INFO : EventManager : Event: ======'balldevice_bd_trough_ball_eject_failed'====== Args={'target': <ball_device.bd_plunger>, 'balls': 1, 'retry': True, 'num_attempts': 2}
2026-04-15 20:26:46,346 : INFO : ball_device.bd_trough : State: waiting_for_target_ready
2026-04-15 20:26:46,346 : INFO : EventManager : Event: ======'balldevice_bd_trough_ball_eject_attempt'====== Args={'balls': 1, 'target': <ball_device.bd_plunger>, 'source': <ball_device.bd_trough>, 'mechanical_eject': False, 'num_attempts': 2}
2026-04-15 20:26:46,346 : INFO : ball_device.bd_trough : State: ejecting
2026-04-15 20:26:46,346 : INFO : ball_device.bd_trough : Ejecting ball to <ball_device.bd_plunger>
2026-04-15 20:26:46,346 : INFO : EventManager : Event: ======'balldevice_bd_trough_ejecting_ball'====== Args={'balls': 1, 'target': <ball_device.bd_plunger>, 'source': <ball_device.bd_trough>, 'mechanical_eject': False, 'num_attempts': 2}
2026-04-15 20:26:46,346 : INFO : ball_device.bd_trough : Wait for ball to leave device
2026-04-15 20:26:46,347 : INFO : coil.c_trough_eject : Pulsing Driver for 10ms (1.0 pulse_power)
2026-04-15 20:26:46,359 : INFO : EventManager : Event: ======'player_rhythm_misses'====== Args={'value': 29, 'prev_value': 28, 'change': 1, 'player_num': 1}
2026-04-15 20:26:46,359 : INFO : EventManager : Event: ======'rhythm_note_missed'====== Args={'note_id': 28, 'lane': 'left', 'total_misses': 29}
2026-04-15 20:26:46,388 : INFO : EventManager : Event: ======'rhythm_note_spawned'====== Args={'note_id': 33, 'lane': 'right', 'travel_ms': 1600, 'hit_time_ms': 14700}
2026-04-15 20:26:46,759 : INFO : EventManager : Event: ======'player_rhythm_misses'====== Args={'value': 30, 'prev_value': 29, 'change': 1, 'player_num': 1}
2026-04-15 20:26:46,759 : INFO : EventManager : Event: ======'rhythm_note_missed'====== Args={'note_id': 29, 'lane': 'right', 'total_misses': 30}
2026-04-15 20:26:46,788 : INFO : EventManager : Event: ======'rhythm_note_spawned'====== Args={'note_id': 34, 'lane': 'left', 'travel_ms': 1600, 'hit_time_ms': 15100}
2026-04-15 20:26:47,159 : INFO : EventManager : Event: ======'player_rhythm_misses'====== Args={'value': 31, 'prev_value': 30, 'change': 1, 'player_num': 1}
2026-04-15 20:26:47,159 : INFO : EventManager : Event: ======'rhythm_note_missed'====== Args={'note_id': 30, 'lane': 'left', 'total_misses': 31}
2026-04-15 20:26:47,159 : INFO : EventManager : Event: ======'player_rhythm_misses'====== Args={'value': 32, 'prev_value': 31, 'change': 1, 'player_num': 1}
2026-04-15 20:26:47,160 : INFO : EventManager : Event: ======'rhythm_note_missed'====== Args={'note_id': 31, 'lane': 'right', 'total_misses': 32}
2026-04-15 20:26:47,188 : INFO : EventManager : Event: ======'rhythm_note_spawned'====== Args={'note_id': 35, 'lane': 'right', 'travel_ms': 1600, 'hit_time_ms': 15500}
2026-04-15 20:26:47,759 : INFO : EventManager : Event: ======'player_rhythm_misses'====== Args={'value': 33, 'prev_value': 32, 'change': 1, 'player_num': 1}
2026-04-15 20:26:47,759 : INFO : EventManager : Event: ======'rhythm_note_missed'====== Args={'note_id': 32, 'lane': 'left', 'total_misses': 33}
2026-04-15 20:26:47,788 : INFO : EventManager : Event: ======'rhythm_note_spawned'====== Args={'note_id': 36, 'lane': 'left', 'travel_ms': 1600, 'hit_time_ms': 16100}
2026-04-15 20:26:47,788 : INFO : EventManager : Event: ======'rhythm_note_spawned'====== Args={'note_id': 37, 'lane': 'right', 'travel_ms': 1600, 'hit_time_ms': 16100}
2026-04-15 20:26:48,158 : INFO : EventManager : Event: ======'player_rhythm_misses'====== Args={'value': 34, 'prev_value': 33, 'change': 1, 'player_num': 1}
2026-04-15 20:26:48,159 : INFO : EventManager : Event: ======'rhythm_note_missed'====== Args={'note_id': 33, 'lane': 'right', 'total_misses': 34}
2026-04-15 20:26:48,559 : INFO : EventManager : Event: ======'player_rhythm_misses'====== Args={'value': 35, 'prev_value': 34, 'change': 1, 'player_num': 1}
2026-04-15 20:26:48,560 : INFO : EventManager : Event: ======'rhythm_note_missed'====== Args={'note_id': 34, 'lane': 'left', 'total_misses': 35}
2026-04-15 20:26:48,959 : INFO : EventManager : Event: ======'player_rhythm_misses'====== Args={'value': 36, 'prev_value': 35, 'change': 1, 'player_num': 1}
2026-04-15 20:26:48,960 : INFO : EventManager : Event: ======'rhythm_note_missed'====== Args={'note_id': 35, 'lane': 'right', 'total_misses': 36}
2026-04-15 20:26:49,559 : INFO : EventManager : Event: ======'player_rhythm_misses'====== Args={'value': 37, 'prev_value': 36, 'change': 1, 'player_num': 1}
2026-04-15 20:26:49,560 : INFO : EventManager : Event: ======'rhythm_note_missed'====== Args={'note_id': 36, 'lane': 'left', 'total_misses': 37}
2026-04-15 20:26:49,560 : INFO : EventManager : Event: ======'player_rhythm_misses'====== Args={'value': 38, 'prev_value': 37, 'change': 1, 'player_num': 1}
2026-04-15 20:26:49,560 : INFO : EventManager : Event: ======'rhythm_note_missed'====== Args={'note_id': 37, 'lane': 'right', 'total_misses': 38}
2026-04-15 20:26:49,808 : INFO : EventManager : Event: ======'rhythm_mode_finished'====== Args={'total_notes': 38, 'hits': 0, 'misses': 38, 'best_combo': 0, 'accuracy': 0, 'total_score': 0}
2026-04-15 20:26:51,409 : INFO : EventManager : Event: ======'mode_rhythm_will_stop'====== Args={}
2026-04-15 20:26:51,409 : INFO : EventManager : Event: ======'mode_rhythm_stopping'====== Args={}
2026-04-15 20:26:51,409 : INFO : Mode.rhythm : Stopped.
2026-04-15 20:26:51,409 : INFO : EventManager : Event: ======'modes_active_modes_changed'====== Args={}
2026-04-15 20:26:51,409 : INFO : EventManager : Event: ======'mode_rhythm_stopped'====== Args={}
2026-04-15 20:26:51,409 : INFO : EventManager : Event: ======'clear'====== Args={'key': 'rhythm'}
2026-04-15 20:26:52,904 : WARNING : SwitchController : Received duplicate switch state 1 for switch s_left_lane from the platform interface. Log Code: Log-SwitchController-1 (https://missionpinball.org/latest/logs)
2026-04-15 20:26:52,904 : INFO : SwitchController : <<<<<<< 's_left_lane' inactive >>>>>>>
2026-04-15 20:26:52,904 : INFO : SwitchController : <<<<<<< 's_left_lane' active >>>>>>>
2026-04-15 20:26:52,904 : INFO : EventManager : Event: ======'playfield_active'====== Args={'source': 'hurryup'}
2026-04-15 20:26:52,904 : INFO : EventManager : Event: ======'unexpected_ball_on_playfield'====== Args={}
2026-04-15 20:26:52,904 : INFO : EventManager : Event: ======'playfield_active'====== Args={'source': 'left_lane'}
2026-04-15 20:26:52,904 : INFO : EventManager : Event: ======'unexpected_ball_on_playfield'====== Args={}
2026-04-15 20:26:52,904 : INFO : EventManager : Event: ======'s_left_lane_active'====== Args={}
2026-04-15 20:26:52,905 : INFO : EventManager : Event: ======'machine_var_audits_switches_s_left_lane'====== Args={'value': 11, 'prev_value': 10, 'change': 1}
2026-04-15 20:26:52,905 : INFO : SwitchController : <<<<<<< 's_left_lane' inactive >>>>>>>
2026-04-15 20:26:52,905 : INFO : EventManager : Event: ======'machine_var_audits_shots_left_lane'====== Args={'value': 11, 'prev_value': 10, 'change': 1}
2026-04-15 20:26:52,905 : INFO : EventManager : Event: ======'left_lane_hit'====== Args={'profile': 'default', 'state': 'lit', 'advancing': False}
2026-04-15 20:26:52,905 : INFO : EventManager : Event: ======'left_lane_default_hit'====== Args={'profile': 'default', 'state': 'lit', 'advancing': False}
2026-04-15 20:26:52,905 : INFO : EventManager : Event: ======'left_lane_default_lit_hit'====== Args={'profile': 'default', 'state': 'lit', 'advancing': False}
2026-04-15 20:26:52,905 : INFO : EventManager : Event: ======'left_lane_lit_hit'====== Args={'profile': 'default', 'state': 'lit', 'advancing': False}
2026-04-15 20:26:52,905 : INFO : EventManager : Event: ======'start_mode_rhythm'====== Args={'priority': 0}
2026-04-15 20:26:52,905 : INFO : EventManager : Event: ======'mode_rhythm_will_start'====== Args={'priority': 0}
2026-04-15 20:26:52,907 : INFO : EventManager : Event: ======'mode_rhythm_starting'====== Args={'priority': 0}
2026-04-15 20:26:52,907 : INFO : Mode.rhythm : Started. Priority: 1200
2026-04-15 20:26:52,907 : INFO : EventManager : Event: ======'modes_active_modes_changed'====== Args={}
2026-04-15 20:26:52,907 : INFO : EventManager : Event: ======'mode_rhythm_started'====== Args={'priority': 0}
2026-04-15 20:26:52,908 : INFO : EventManager : Event: ======'player_rhythm_misses'====== Args={'value': 0, 'prev_value': 38, 'change': -38, 'player_num': 1}
2026-04-15 20:26:52,908 : INFO : SwitchController : <<<<<<< 's_bumper_left' active >>>>>>>
2026-04-15 20:26:52,908 : INFO : EventManager : Event: ======'playfield_active'====== Args={'source': 'bumper_left'}
2026-04-15 20:26:52,908 : INFO : EventManager : Event: ======'unexpected_ball_on_playfield'====== Args={}
2026-04-15 20:26:52,908 : INFO : EventManager : Event: ======'s_bumper_left_active'====== Args={}
2026-04-15 20:26:52,908 : INFO : EventManager : Event: ======'machine_var_audits_switches_s_bumper_left'====== Args={'value': 89, 'prev_value': 88, 'change': 1}
2026-04-15 20:26:52,908 : INFO : SwitchController : <<<<<<< 's_bumper_left' inactive >>>>>>>
2026-04-15 20:26:52,908 : INFO : SwitchController : <<<<<<< 's_bumper_left' active >>>>>>>
2026-04-15 20:26:52,908 : INFO : EventManager : Event: ======'playfield_active'====== Args={'source': 'bumper_left'}
2026-04-15 20:26:52,908 : INFO : EventManager : Event: ======'unexpected_ball_on_playfield'====== Args={}
2026-04-15 20:26:52,908 : INFO : EventManager : Event: ======'s_bumper_left_active'====== Args={}
2026-04-15 20:26:52,908 : INFO : EventManager : Event: ======'machine_var_audits_switches_s_bumper_left'====== Args={'value': 90, 'prev_value': 89, 'change': 1}
2026-04-15 20:26:52,908 : INFO : SwitchController : <<<<<<< 's_bumper_left' inactive >>>>>>>
2026-04-15 20:26:52,908 : INFO : SwitchController : <<<<<<< 's_bumper_left' active >>>>>>>
2026-04-15 20:26:52,908 : INFO : EventManager : Event: ======'playfield_active'====== Args={'source': 'bumper_left'}
2026-04-15 20:26:52,909 : INFO : EventManager : Event: ======'unexpected_ball_on_playfield'====== Args={}
2026-04-15 20:26:52,909 : INFO : EventManager : Event: ======'s_bumper_left_active'====== Args={}
2026-04-15 20:26:52,909 : INFO : EventManager : Event: ======'machine_var_audits_switches_s_bumper_left'====== Args={'value': 91, 'prev_value': 90, 'change': 1}
2026-04-15 20:26:52,909 : INFO : SwitchController : <<<<<<< 's_bumper_left' inactive >>>>>>>
2026-04-15 20:26:52,909 : INFO : SwitchController : <<<<<<< 's_bumper_right' active >>>>>>>
2026-04-15 20:26:52,909 : INFO : EventManager : Event: ======'playfield_active'====== Args={'source': 'bumper_right'}
2026-04-15 20:26:52,909 : INFO : EventManager : Event: ======'unexpected_ball_on_playfield'====== Args={}
2026-04-15 20:26:52,909 : INFO : EventManager : Event: ======'s_bumper_right_active'====== Args={}
2026-04-15 20:26:52,909 : INFO : EventManager : Event: ======'machine_var_audits_switches_s_bumper_right'====== Args={'value': 105, 'prev_value': 104, 'change': 1}
2026-04-15 20:26:52,909 : INFO : SwitchController : <<<<<<< 's_bumper_right' inactive >>>>>>>
2026-04-15 20:26:52,909 : INFO : SwitchController : <<<<<<< 's_bumper_right' active >>>>>>>
2026-04-15 20:26:52,909 : INFO : EventManager : Event: ======'playfield_active'====== Args={'source': 'bumper_right'}
2026-04-15 20:26:52,909 : INFO : EventManager : Event: ======'unexpected_ball_on_playfield'====== Args={}
2026-04-15 20:26:52,909 : INFO : EventManager : Event: ======'s_bumper_right_active'====== Args={}
2026-04-15 20:26:52,909 : INFO : EventManager : Event: ======'machine_var_audits_switches_s_bumper_right'====== Args={'value': 106, 'prev_value': 105, 'change': 1}
2026-04-15 20:26:52,910 : INFO : SwitchController : <<<<<<< 's_bumper_right' inactive >>>>>>>
2026-04-15 20:26:52,910 : INFO : SwitchController : <<<<<<< 's_bumper_right' active >>>>>>>
2026-04-15 20:26:52,910 : INFO : EventManager : Event: ======'playfield_active'====== Args={'source': 'bumper_right'}
2026-04-15 20:26:52,910 : INFO : EventManager : Event: ======'unexpected_ball_on_playfield'====== Args={}
2026-04-15 20:26:52,910 : INFO : EventManager : Event: ======'s_bumper_right_active'====== Args={}
2026-04-15 20:26:52,910 : INFO : EventManager : Event: ======'machine_var_audits_switches_s_bumper_right'====== Args={'value': 107, 'prev_value': 106, 'change': 1}
2026-04-15 20:26:52,910 : INFO : SwitchController : <<<<<<< 's_bumper_left' active >>>>>>>
2026-04-15 20:26:52,910 : INFO : EventManager : Event: ======'playfield_active'====== Args={'source': 'bumper_left'}
2026-04-15 20:26:52,910 : INFO : EventManager : Event: ======'unexpected_ball_on_playfield'====== Args={}
2026-04-15 20:26:52,910 : INFO : EventManager : Event: ======'s_bumper_left_active'====== Args={}
2026-04-15 20:26:52,910 : INFO : EventManager : Event: ======'machine_var_audits_switches_s_bumper_left'====== Args={'value': 92, 'prev_value': 91, 'change': 1}
2026-04-15 20:26:52,910 : INFO : SwitchController : <<<<<<< 's_bumper_right' inactive >>>>>>>
2026-04-15 20:26:52,910 : INFO : SwitchController : <<<<<<< 's_bumper_left' inactive >>>>>>>
2026-04-15 20:26:52,910 : INFO : EventManager : Event: ======'player_shot_bumper_left'====== Args={'value': 1, 'prev_value': 0, 'change': 1, 'player_num': 1}
2026-04-15 20:26:52,911 : INFO : EventManager : Event: ======'machine_var_audits_shots_bumper_left'====== Args={'value': 89, 'prev_value': 88, 'change': 1}
2026-04-15 20:26:52,911 : INFO : EventManager : Event: ======'bumper_left_hit'====== Args={'profile': 'default', 'state': 'unlit', 'advancing': True}
2026-04-15 20:26:52,911 : INFO : EventManager : Event: ======'bumper_left_default_hit'====== Args={'profile': 'default', 'state': 'unlit', 'advancing': True}
2026-04-15 20:26:52,911 : INFO : EventManager : Event: ======'bumper_left_default_unlit_hit'====== Args={'profile': 'default', 'state': 'unlit', 'advancing': True}
2026-04-15 20:26:52,911 : INFO : EventManager : Event: ======'bumper_left_unlit_hit'====== Args={'profile': 'default', 'state': 'unlit', 'advancing': True}
2026-04-15 20:26:52,911 : INFO : EventManager : Event: ======'bumpers_hit'====== Args={'shot': 'bumper_left'}
2026-04-15 20:26:52,911 : INFO : EventManager : Event: ======'bumpers_unlit_hit'====== Args={'shot': 'bumper_left'}
2026-04-15 20:26:52,911 : INFO : EventManager : Event: ======'player_score'====== Args={'value': 1000, 'prev_value': 0, 'change': 1000, 'player_num': 1, 'source': 'bumpers'}
2026-04-15 20:26:52,912 : INFO : EventManager : Event: ======'machine_var_audits_shots_bumper_left'====== Args={'value': 90, 'prev_value': 89, 'change': 1}
2026-04-15 20:26:52,912 : INFO : EventManager : Event: ======'bumper_left_hit'====== Args={'profile': 'default', 'state': 'lit', 'advancing': False}
2026-04-15 20:26:52,912 : INFO : EventManager : Event: ======'bumper_left_default_hit'====== Args={'profile': 'default', 'state': 'lit', 'advancing': False}
2026-04-15 20:26:52,912 : INFO : EventManager : Event: ======'bumper_left_default_lit_hit'====== Args={'profile': 'default', 'state': 'lit', 'advancing': False}
2026-04-15 20:26:52,912 : INFO : EventManager : Event: ======'bumper_left_lit_hit'====== Args={'profile': 'default', 'state': 'lit', 'advancing': False}
2026-04-15 20:26:52,912 : INFO : EventManager : Event: ======'bumpers_hit'====== Args={'shot': 'bumper_left'}
2026-04-15 20:26:52,912 : INFO : EventManager : Event: ======'bumpers_lit_hit'====== Args={'shot': 'bumper_left'}
2026-04-15 20:26:52,912 : INFO : EventManager : Event: ======'player_score'====== Args={'value': 2000, 'prev_value': 1000, 'change': 1000, 'player_num': 1, 'source': 'bumpers'}
2026-04-15 20:26:52,913 : INFO : EventManager : Event: ======'machine_var_audits_shots_bumper_left'====== Args={'value': 91, 'prev_value': 90, 'change': 1}
2026-04-15 20:26:52,913 : INFO : EventManager : Event: ======'bumper_left_hit'====== Args={'profile': 'default', 'state': 'lit', 'advancing': False}
2026-04-15 20:26:52,913 : INFO : EventManager : Event: ======'bumper_left_default_hit'====== Args={'profile': 'default', 'state': 'lit', 'advancing': False}
2026-04-15 20:26:52,913 : INFO : EventManager : Event: ======'bumper_left_default_lit_hit'====== Args={'profile': 'default', 'state': 'lit', 'advancing': False}
2026-04-15 20:26:52,913 : INFO : EventManager : Event: ======'bumper_left_lit_hit'====== Args={'profile': 'default', 'state': 'lit', 'advancing': False}
2026-04-15 20:26:52,913 : INFO : EventManager : Event: ======'bumpers_hit'====== Args={'shot': 'bumper_left'}
2026-04-15 20:26:52,913 : INFO : EventManager : Event: ======'bumpers_lit_hit'====== Args={'shot': 'bumper_left'}
2026-04-15 20:26:52,913 : INFO : EventManager : Event: ======'player_score'====== Args={'value': 3000, 'prev_value': 2000, 'change': 1000, 'player_num': 1, 'source': 'bumpers'}
2026-04-15 20:26:52,913 : INFO : EventManager : Event: ======'player_shot_bumper_right'====== Args={'value': 1, 'prev_value': 0, 'change': 1, 'player_num': 1}
2026-04-15 20:26:52,914 : INFO : EventManager : Event: ======'machine_var_audits_shots_bumper_right'====== Args={'value': 105, 'prev_value': 104, 'change': 1}
2026-04-15 20:26:52,914 : INFO : EventManager : Event: ======'bumper_right_hit'====== Args={'profile': 'default', 'state': 'unlit', 'advancing': True}
2026-04-15 20:26:52,914 : INFO : EventManager : Event: ======'bumper_right_default_hit'====== Args={'profile': 'default', 'state': 'unlit', 'advancing': True}
2026-04-15 20:26:52,914 : INFO : EventManager : Event: ======'bumper_right_default_unlit_hit'====== Args={'profile': 'default', 'state': 'unlit', 'advancing': True}
2026-04-15 20:26:52,914 : INFO : EventManager : Event: ======'bumper_right_unlit_hit'====== Args={'profile': 'default', 'state': 'unlit', 'advancing': True}
2026-04-15 20:26:52,914 : INFO : EventManager : Event: ======'bumpers_complete'====== Args={'state': 'lit'}
2026-04-15 20:26:52,914 : INFO : EventManager : Event: ======'bumpers_lit_complete'====== Args={}
2026-04-15 20:26:52,914 : INFO : EventManager : Event: ======'bumpers_hit'====== Args={'shot': 'bumper_right'}
2026-04-15 20:26:52,914 : INFO : EventManager : Event: ======'bumpers_unlit_hit'====== Args={'shot': 'bumper_right'}
2026-04-15 20:26:52,914 : INFO : EventManager : Event: ======'player_score'====== Args={'value': 4000, 'prev_value': 3000, 'change': 1000, 'player_num': 1, 'source': 'bumpers'}
2026-04-15 20:26:52,915 : INFO : EventManager : Event: ======'machine_var_audits_shots_bumper_right'====== Args={'value': 106, 'prev_value': 105, 'change': 1}
2026-04-15 20:26:52,915 : INFO : EventManager : Event: ======'bumper_right_hit'====== Args={'profile': 'default', 'state': 'lit', 'advancing': False}
2026-04-15 20:26:52,915 : INFO : EventManager : Event: ======'bumper_right_default_hit'====== Args={'profile': 'default', 'state': 'lit', 'advancing': False}
2026-04-15 20:26:52,915 : INFO : EventManager : Event: ======'bumper_right_default_lit_hit'====== Args={'profile': 'default', 'state': 'lit', 'advancing': False}
2026-04-15 20:26:52,915 : INFO : EventManager : Event: ======'bumper_right_lit_hit'====== Args={'profile': 'default', 'state': 'lit', 'advancing': False}
2026-04-15 20:26:52,915 : INFO : EventManager : Event: ======'bumpers_hit'====== Args={'shot': 'bumper_right'}
2026-04-15 20:26:52,915 : INFO : EventManager : Event: ======'bumpers_lit_hit'====== Args={'shot': 'bumper_right'}
2026-04-15 20:26:52,915 : INFO : EventManager : Event: ======'player_score'====== Args={'value': 5000, 'prev_value': 4000, 'change': 1000, 'player_num': 1, 'source': 'bumpers'}
2026-04-15 20:26:52,916 : INFO : EventManager : Event: ======'machine_var_audits_shots_bumper_right'====== Args={'value': 107, 'prev_value': 106, 'change': 1}
2026-04-15 20:26:52,916 : INFO : EventManager : Event: ======'bumper_right_hit'====== Args={'profile': 'default', 'state': 'lit', 'advancing': False}
2026-04-15 20:26:52,916 : INFO : EventManager : Event: ======'bumper_right_default_hit'====== Args={'profile': 'default', 'state': 'lit', 'advancing': False}
2026-04-15 20:26:52,916 : INFO : EventManager : Event: ======'bumper_right_default_lit_hit'====== Args={'profile': 'default', 'state': 'lit', 'advancing': False}
2026-04-15 20:26:52,916 : INFO : EventManager : Event: ======'bumper_right_lit_hit'====== Args={'profile': 'default', 'state': 'lit', 'advancing': False}
2026-04-15 20:26:52,916 : INFO : EventManager : Event: ======'bumpers_hit'====== Args={'shot': 'bumper_right'}
2026-04-15 20:26:52,916 : INFO : EventManager : Event: ======'bumpers_lit_hit'====== Args={'shot': 'bumper_right'}
2026-04-15 20:26:52,916 : INFO : EventManager : Event: ======'player_score'====== Args={'value': 6000, 'prev_value': 5000, 'change': 1000, 'player_num': 1, 'source': 'bumpers'}
2026-04-15 20:26:52,917 : INFO : EventManager : Event: ======'machine_var_audits_shots_bumper_left'====== Args={'value': 92, 'prev_value': 91, 'change': 1}
2026-04-15 20:26:52,917 : INFO : EventManager : Event: ======'bumper_left_hit'====== Args={'profile': 'default', 'state': 'lit', 'advancing': False}
2026-04-15 20:26:52,917 : INFO : EventManager : Event: ======'bumper_left_default_hit'====== Args={'profile': 'default', 'state': 'lit', 'advancing': False}
2026-04-15 20:26:52,917 : INFO : EventManager : Event: ======'bumper_left_default_lit_hit'====== Args={'profile': 'default', 'state': 'lit', 'advancing': False}
2026-04-15 20:26:52,917 : INFO : EventManager : Event: ======'bumper_left_lit_hit'====== Args={'profile': 'default', 'state': 'lit', 'advancing': False}
2026-04-15 20:26:52,917 : INFO : EventManager : Event: ======'bumpers_hit'====== Args={'shot': 'bumper_left'}
2026-04-15 20:26:52,917 : INFO : EventManager : Event: ======'bumpers_lit_hit'====== Args={'shot': 'bumper_left'}
2026-04-15 20:26:52,917 : INFO : EventManager : Event: ======'player_score'====== Args={'value': 7000, 'prev_value': 6000, 'change': 1000, 'player_num': 1, 'source': 'bumpers'}
2026-04-15 20:26:52,958 : INFO : EventManager : Event: ======'rhythm_chart_started'====== Args={'total_notes': 38, 'travel_ms': 1600, 'perfect_window_ms': 90, 'good_window_ms': 170, 'lead_in_ms': 1800}
2026-04-15 20:26:53,709 : INFO : EventManager : Event: ======'rhythm_note_spawned'====== Args={'note_id': 0, 'lane': 'left', 'travel_ms': 1600, 'hit_time_ms': 2400}
2026-04-15 20:26:54,108 : INFO : EventManager : Event: ======'rhythm_note_spawned'====== Args={'note_id': 1, 'lane': 'right', 'travel_ms': 1600, 'hit_time_ms': 2800}
2026-04-15 20:26:54,509 : INFO : EventManager : Event: ======'rhythm_note_spawned'====== Args={'note_id': 2, 'lane': 'left', 'travel_ms': 1600, 'hit_time_ms': 3200}
2026-04-15 20:26:54,909 : INFO : EventManager : Event: ======'rhythm_note_spawned'====== Args={'note_id': 3, 'lane': 'right', 'travel_ms': 1600, 'hit_time_ms': 3600}
2026-04-15 20:26:55,308 : INFO : EventManager : Event: ======'rhythm_note_spawned'====== Args={'note_id': 4, 'lane': 'left', 'travel_ms': 1600, 'hit_time_ms': 4000}
2026-04-15 20:26:55,309 : INFO : EventManager : Event: ======'rhythm_note_spawned'====== Args={'note_id': 5, 'lane': 'right', 'travel_ms': 1600, 'hit_time_ms': 4000}
2026-04-15 20:26:55,480 : INFO : EventManager : Event: ======'player_rhythm_misses'====== Args={'value': 1, 'prev_value': 0, 'change': 1, 'player_num': 1}
2026-04-15 20:26:55,480 : INFO : EventManager : Event: ======'rhythm_note_missed'====== Args={'note_id': 0, 'lane': 'left', 'total_misses': 1}
2026-04-15 20:26:55,809 : INFO : EventManager : Event: ======'rhythm_note_spawned'====== Args={'note_id': 6, 'lane': 'left', 'travel_ms': 1600, 'hit_time_ms': 4500}
2026-04-15 20:26:55,879 : INFO : EventManager : Event: ======'player_rhythm_misses'====== Args={'value': 2, 'prev_value': 1, 'change': 1, 'player_num': 1}
2026-04-15 20:26:55,879 : INFO : EventManager : Event: ======'rhythm_note_missed'====== Args={'note_id': 1, 'lane': 'right', 'total_misses': 2}
2026-04-15 20:26:56,208 : INFO : EventManager : Event: ======'rhythm_note_spawned'====== Args={'note_id': 7, 'lane': 'left', 'travel_ms': 1600, 'hit_time_ms': 4900}
2026-04-15 20:26:56,279 : INFO : EventManager : Event: ======'player_rhythm_misses'====== Args={'value': 3, 'prev_value': 2, 'change': 1, 'player_num': 1}
2026-04-15 20:26:56,279 : INFO : EventManager : Event: ======'rhythm_note_missed'====== Args={'note_id': 2, 'lane': 'left', 'total_misses': 3}
2026-04-15 20:26:56,347 : INFO : EventManager : Event: ======'balldevice_bd_trough_ball_eject_failed'====== Args={'target': <ball_device.bd_plunger>, 'balls': 1, 'retry': True, 'num_attempts': 3}
2026-04-15 20:26:56,347 : INFO : ball_device.bd_trough : State: waiting_for_target_ready
2026-04-15 20:26:56,348 : INFO : EventManager : Event: ======'balldevice_bd_trough_ball_eject_attempt'====== Args={'balls': 1, 'target': <ball_device.bd_plunger>, 'source': <ball_device.bd_trough>, 'mechanical_eject': False, 'num_attempts': 3}
2026-04-15 20:26:56,348 : INFO : ball_device.bd_trough : State: ejecting
2026-04-15 20:26:56,348 : INFO : ball_device.bd_trough : Ejecting ball to <ball_device.bd_plunger>
2026-04-15 20:26:56,348 : INFO : EventManager : Event: ======'balldevice_bd_trough_ejecting_ball'====== Args={'balls': 1, 'target': <ball_device.bd_plunger>, 'source': <ball_device.bd_trough>, 'mechanical_eject': False, 'num_attempts': 3}
2026-04-15 20:26:56,348 : INFO : ball_device.bd_trough : Wait for ball to leave device
2026-04-15 20:26:56,348 : INFO : coil.c_trough_eject : Pulsing Driver for 10ms (1.0 pulse_power)
2026-04-15 20:26:56,608 : INFO : EventManager : Event: ======'rhythm_note_spawned'====== Args={'note_id': 8, 'lane': 'right', 'travel_ms': 1600, 'hit_time_ms': 5300}
2026-04-15 20:26:56,680 : INFO : EventManager : Event: ======'player_rhythm_misses'====== Args={'value': 4, 'prev_value': 3, 'change': 1, 'player_num': 1}
2026-04-15 20:26:56,680 : INFO : EventManager : Event: ======'rhythm_note_missed'====== Args={'note_id': 3, 'lane': 'right', 'total_misses': 4}
2026-04-15 20:26:56,704 : INFO : Machine : Shutting down...
2026-04-15 20:26:56,704 : INFO : EventManager : Event: ======'shutdown'====== Args={}
2026-04-15 20:26:56,704 : INFO : EventManager : Event: ======'mode_game_will_stop'====== Args={}
2026-04-15 20:26:56,704 : INFO : EventManager : Event: ======'mode_game_stopping'====== Args={}
2026-04-15 20:26:56,704 : INFO : EventManager : Event: ======'mode_bumpers_will_stop'====== Args={}
2026-04-15 20:26:56,704 : INFO : EventManager : Event: ======'mode_bumpers_stopping'====== Args={}
2026-04-15 20:26:56,704 : INFO : EventManager : Event: ======'mode_rhythm_will_stop'====== Args={}
2026-04-15 20:26:56,705 : INFO : EventManager : Event: ======'mode_rhythm_stopping'====== Args={}
2026-04-15 20:26:56,705 : INFO : EventManager : Event: ======'mode_base_will_stop'====== Args={}
2026-04-15 20:26:56,705 : INFO : EventManager : Event: ======'mode_base_stopping'====== Args={}
2026-04-15 20:26:56,705 : INFO : EventManager : Event: ======'stop_mode_bumpers'====== Args={'priority': 0}
2026-04-15 20:26:56,705 : INFO : Mode.base : Stopped.
2026-04-15 20:26:56,705 : INFO : EventManager : Event: ======'modes_active_modes_changed'====== Args={}
2026-04-15 20:26:56,705 : INFO : EventManager : Event: ======'mode_base_stopped'====== Args={}
2026-04-15 20:26:56,705 : INFO : EventManager : Event: ======'clear'====== Args={'key': 'base'}
2026-04-15 20:26:56,705 : INFO : Mode.rhythm : Stopped.
2026-04-15 20:26:56,705 : INFO : EventManager : Event: ======'modes_active_modes_changed'====== Args={}
2026-04-15 20:26:56,705 : INFO : EventManager : Event: ======'mode_rhythm_stopped'====== Args={}
2026-04-15 20:26:56,705 : INFO : EventManager : Event: ======'clear'====== Args={'key': 'rhythm'}
2026-04-15 20:26:56,705 : INFO : Mode.bumpers : Stopped.
2026-04-15 20:26:56,705 : INFO : EventManager : Event: ======'modes_active_modes_changed'====== Args={}
2026-04-15 20:26:56,705 : INFO : EventManager : Event: ======'mode_bumpers_stopped'====== Args={}
2026-04-15 20:26:56,705 : INFO : EventManager : Event: ======'clear'====== Args={'key': 'bumpers'}
2026-04-15 20:26:56,705 : INFO : Mode.game : Stopped.
2026-04-15 20:26:56,705 : INFO : EventManager : Event: ======'modes_active_modes_changed'====== Args={}
2026-04-15 20:26:56,705 : INFO : EventManager : Event: ======'mode_game_stopped'====== Args={}
2026-04-15 20:26:56,705 : INFO : EventManager : Event: ======'clear'====== Args={'key': 'game'}
2026-04-15 20:26:56,706 : INFO : root : MPF run loop ended.
