2026-03-25 19:15:25,664 : INFO : root : Loading config.
2026-03-25 19:15:25,711 : INFO : ConfigProcessor : Config spec file cache created: /var/folders/nw/6blj94p12ldcym3fj104vzlm0000gn/T/config_spec.mpf_cache
2026-03-25 19:15:25,711 : INFO : YamlMultifileConfigLoader : Machine config file #1: config.yaml
2026-03-25 19:15:25,711 : INFO : ConfigProcessor : Loading config from cache: /var/folders/nw/6blj94p12ldcym3fj104vzlm0000gn/T/b334f8a4e2121184f8a617378a4d1625.mpf_cache
2026-03-25 19:15:25,739 : WARNING : ConfigProcessor : Config file in cache changed: /Users/willrante/Documents/GitHub/pinball/modes/attract/config/attract.yaml
2026-03-25 19:15:25,739 : INFO : ConfigProcessor : Loading config from file /Users/willrante/mpf-env/lib/python3.14/site-packages/mpf/modes/attract/config/attract.yaml.
2026-03-25 19:15:25,740 : INFO : ConfigProcessor : Loading config: /Users/willrante/mpf-env/lib/python3.14/site-packages/mpf/modes/attract/config/attract.yaml
2026-03-25 19:15:25,740 : INFO : ConfigProcessor : Loading config from file /Users/willrante/Documents/GitHub/pinball/modes/attract/config/attract.yaml.
2026-03-25 19:15:25,740 : INFO : ConfigProcessor : Loading config: /Users/willrante/Documents/GitHub/pinball/modes/attract/config/attract.yaml
2026-03-25 19:15:25,741 : INFO : ConfigProcessor : Config file cache created: /var/folders/nw/6blj94p12ldcym3fj104vzlm0000gn/T/63da12c4cec82227b4c3859bbf3c7cd4.mpf_cache
2026-03-25 19:15:25,741 : INFO : ConfigProcessor : Loading config from cache: /var/folders/nw/6blj94p12ldcym3fj104vzlm0000gn/T/b8625db2ee8ad38c42d4f1c72235edc8.mpf_cache
2026-03-25 19:15:25,741 : INFO : ConfigProcessor : Loading config from cache: /var/folders/nw/6blj94p12ldcym3fj104vzlm0000gn/T/63da12c4cec82227b4c3859bbf3c7cd4.mpf_cache
2026-03-25 19:15:25,741 : INFO : ConfigProcessor : Loading config from cache: /var/folders/nw/6blj94p12ldcym3fj104vzlm0000gn/T/104947b35f87d581877cdaf02599b463.mpf_cache
2026-03-25 19:15:25,742 : INFO : Machine : Mission Pinball Framework Core Engine v0.80.0.dev13
2026-03-25 19:15:25,742 : INFO : Machine : Command line arguments: {'no_load_cache': False, 'create_config_cache': True, 'bcp': True, 'configfile': ['config.yaml'], 'force_assets_load': False, 'platform_integration_test': False, 'jsonlogging': False, 'logfile': 'logs/2026-03-25-19-15-25-mpf-Wills-MacBook-Pro-M5.local.log', 'pause': False, 'production': False, 'text_ui': False, 'loglevel': 15, 'consoleloglevel': 20, 'force_platform': 'virtual', 'syslog_address': None, 'full_logfile_path': '/Users/willrante/Documents/GitHub/pinball/logs/2026-03-25-19-15-25-mpf-Wills-MacBook-Pro-M5.local.log'}
2026-03-25 19:15:25,742 : INFO : Machine : MPF path: /Users/willrante/mpf-env/lib/python3.14/site-packages/mpf
2026-03-25 19:15:25,742 : INFO : Machine : Machine path: /Users/willrante/Documents/GitHub/pinball
2026-03-25 19:15:25,742 : INFO : Machine : Platform: darwin
2026-03-25 19:15:25,742 : INFO : Machine : Python executable location: /Users/willrante/mpf-env/bin/python3.14
2026-03-25 19:15:25,742 : INFO : Machine : Python version: 3.14.3 (64-bit)
2026-03-25 19:15:25,742 : INFO : Machine : Initializing MPF...
2026-03-25 19:15:25,766 : INFO : EventManager : Event: ======'machine_var_credits_string'====== Args={'value': 'FREE PLAY', 'prev_value': None, 'change': True}
2026-03-25 19:15:25,772 : INFO : EventManager : Event: ======'machine_var_master_volume'====== Args={'value': 0.5, 'prev_value': None, 'change': True}
2026-03-25 19:15:25,772 : INFO : EventManager : Event: ======'machine_var_mpf_version'====== Args={'value': 'Mission Pinball Framework v0.80.0.dev13', 'prev_value': None, 'change': True}
2026-03-25 19:15:25,772 : INFO : EventManager : Event: ======'machine_var_mpf_extended_version'====== Args={'value': 'Mission Pinball Framework v0.80.0.dev13, Config version:6, Show version: 6, BCP version:1.1', 'prev_value': None, 'change': True}
2026-03-25 19:15:25,772 : INFO : EventManager : Event: ======'machine_var_python_version'====== Args={'value': '3.14.3', 'prev_value': None, 'change': True}
2026-03-25 19:15:25,779 : INFO : EventManager : Event: ======'machine_var_platform'====== Args={'value': 'macOS-26.3.1-arm64-arm-64bit-Mach-O', 'prev_value': None, 'change': True}
2026-03-25 19:15:25,779 : INFO : EventManager : Event: ======'machine_var_platform_system'====== Args={'value': 'Darwin', 'prev_value': None, 'change': True}
2026-03-25 19:15:25,779 : INFO : EventManager : Event: ======'machine_var_platform_release'====== Args={'value': '25.3.0', 'prev_value': None, 'change': True}
2026-03-25 19:15:25,779 : INFO : EventManager : Event: ======'machine_var_platform_version'====== Args={'value': 'Darwin Kernel Version 25.3.0: Wed Jan 28 20:54:38 PST 2026; root:xnu-12377.91.3~2/RELEASE_ARM64_T6050', 'prev_value': None, 'change': True}
2026-03-25 19:15:25,779 : INFO : EventManager : Event: ======'machine_var_platform_machine'====== Args={'value': 'arm64', 'prev_value': None, 'change': True}
2026-03-25 19:15:25,779 : INFO : EventManager : Event: ======'machine_var_log_file_path'====== Args={'value': '/Users/willrante/Documents/GitHub/pinball/logs/2026-03-25-19-15-25-mpf-Wills-MacBook-Pro-M5.local.log', 'prev_value': None, 'change': True}
2026-03-25 19:15:25,779 : INFO : EventManager : Event: ======'init_phase_1'====== Args={}
2026-03-25 19:15:25,785 : INFO : EventManager : Event: ======'init_phase_2'====== Args={}
2026-03-25 19:15:25,785 : INFO : EventManager : Event: ======'bcp_connection_attempt'====== Args={'name': 'local_display', 'host': 'localhost', 'port': 5050}
2026-03-25 19:15:25,785 : INFO : BCPClientSocket : Connecting BCP to 'local_display' at localhost:5050...
2026-03-25 19:15:25,789 : INFO : BCPClientSocket : Connected BCP to 'local_display' localhost:5050
2026-03-25 19:15:25,789 : INFO : EventManager : Event: ======'bcp_clients_connected'====== Args={}
2026-03-25 19:15:25,789 : INFO : ball_device.bd_plunger : BCH: Initial count: 0
2026-03-25 19:15:25,789 : INFO : ball_device.bd_plunger : State: idle
2026-03-25 19:15:25,790 : INFO : ball_device.bd_trough : BCH: Initial count: 0
2026-03-25 19:15:25,790 : INFO : ball_device.bd_trough : State: idle
2026-03-25 19:15:25,791 : INFO : EventManager : Event: ======'init_phase_3'====== Args={}
2026-03-25 19:15:25,792 : INFO : EventManager : Event: ======'init_phase_4'====== Args={}
2026-03-25 19:15:25,792 : INFO : BallController : Initial balls found: 0
2026-03-25 19:15:25,792 : INFO : EventManager : Event: ======'machine_var_audits_switches_s_plunger_lane'====== Args={'value': 0, 'prev_value': None, 'change': True}
2026-03-25 19:15:25,792 : INFO : EventManager : Event: ======'machine_var_audits_switches_s_flipper_right'====== Args={'value': 0, 'prev_value': None, 'change': True}
2026-03-25 19:15:25,792 : INFO : EventManager : Event: ======'machine_var_audits_switches_s_trough_1'====== Args={'value': 0, 'prev_value': None, 'change': True}
2026-03-25 19:15:25,792 : INFO : EventManager : Event: ======'machine_var_audits_switches_s_trough_3'====== Args={'value': 0, 'prev_value': None, 'change': True}
2026-03-25 19:15:25,792 : INFO : EventManager : Event: ======'machine_var_audits_switches_s_trough_2'====== Args={'value': 0, 'prev_value': None, 'change': True}
2026-03-25 19:15:25,792 : INFO : EventManager : Event: ======'machine_var_audits_switches_s_flipper_left'====== Args={'value': 0, 'prev_value': None, 'change': True}
2026-03-25 19:15:25,792 : INFO : EventManager : Event: ======'machine_var_audits_events_game_started'====== Args={'value': 0, 'prev_value': None, 'change': True}
2026-03-25 19:15:25,792 : INFO : EventManager : Event: ======'machine_var_audits_events_game_ended'====== Args={'value': 0, 'prev_value': None, 'change': True}
2026-03-25 19:15:25,792 : INFO : EventManager : Event: ======'machine_var_audits_player_score'====== Args={'value': {'top': [], 'average': 0, 'total': 0}, 'prev_value': None, 'change': True}
2026-03-25 19:15:25,792 : INFO : EventManager : Event: ======'init_phase_5'====== Args={}
2026-03-25 19:15:25,792 : INFO : EventManager : Event: ======'init_done'====== Args={}
2026-03-25 19:15:25,792 : INFO : EventManager : Event: ======'machine_reset_phase_1'====== Args={}
2026-03-25 19:15:25,796 : INFO : EventManager : Event: ======'machine_reset_phase_2'====== Args={}
2026-03-25 19:15:25,796 : INFO : EventManager : Event: ======'machine_reset_phase_3'====== Args={}
2026-03-25 19:15:25,796 : INFO : EventManager : Event: ======'reset_complete'====== Args={}
2026-03-25 19:15:25,796 : INFO : EventManager : Event: ======'mode_attract_will_start'====== Args={}
2026-03-25 19:15:25,796 : INFO : EventManager : Event: ======'mode_attract_starting'====== Args={}
2026-03-25 19:15:25,796 : INFO : Mode.attract : Started. Priority: 10
2026-03-25 19:15:25,796 : INFO : EventManager : Event: ======'modes_active_modes_changed'====== Args={}
2026-03-25 19:15:25,796 : INFO : EventManager : Event: ======'mode_attract_started'====== Args={}
2026-03-25 19:15:25,796 : INFO : EventManager : Event: ======'collecting_balls_complete'====== Args={}
2026-03-25 19:15:25,796 : INFO : EventManager : Event: ======'carousel_item_highlighted'====== Args={'carousel': 'attract', 'direction': None, 'item': 'title'}
2026-03-25 19:15:25,797 : INFO : Machine : Starting the main run loop with active modes: [<Mode.attract>]
2026-03-25 19:15:25,838 : INFO : EventManager : Event: ======'slide_attract_created'====== Args={'_from_bcp': True}
2026-03-25 19:15:25,838 : INFO : EventManager : Event: ======'slide__removed'====== Args={'_from_bcp': True}
2026-03-25 19:15:25,839 : INFO : EventManager : Event: ======'slide_attract_active'====== Args={'original_context': 'attract', 'original_calling_context': 'mode_attract_started', 'priority': 10.0, 'cmd': 'slides_play', '_from_bcp': True}
2026-03-25 19:15:41,913 : INFO : SwitchController : <<<<<<< 's_flipper_right' active >>>>>>>
2026-03-25 19:15:41,913 : INFO : EventManager : Event: ======'s_flipper_right_active'====== Args={}
2026-03-25 19:15:41,914 : INFO : EventManager : Event: ======'carousel_item_highlighted'====== Args={'carousel': 'attract', 'direction': 'forwards', 'item': 'credits'}
2026-03-25 19:15:42,029 : INFO : SwitchController : <<<<<<< 's_flipper_right' inactive >>>>>>>
2026-03-25 19:15:42,446 : INFO : SwitchController : <<<<<<< 's_flipper_right' active >>>>>>>
2026-03-25 19:15:42,446 : INFO : EventManager : Event: ======'s_flipper_right_active'====== Args={}
2026-03-25 19:15:42,446 : INFO : EventManager : Event: ======'carousel_item_highlighted'====== Args={'carousel': 'attract', 'direction': 'forwards', 'item': 'mpf_logo'}
2026-03-25 19:15:42,579 : INFO : SwitchController : <<<<<<< 's_flipper_right' inactive >>>>>>>
2026-03-25 19:15:43,046 : INFO : SwitchController : <<<<<<< 's_flipper_right' active >>>>>>>
2026-03-25 19:15:43,046 : INFO : EventManager : Event: ======'s_flipper_right_active'====== Args={}
2026-03-25 19:15:43,046 : INFO : EventManager : Event: ======'carousel_item_highlighted'====== Args={'carousel': 'attract', 'direction': 'forwards', 'item': 'title'}
2026-03-25 19:15:43,179 : INFO : SwitchController : <<<<<<< 's_flipper_right' inactive >>>>>>>
2026-03-25 19:15:43,612 : INFO : SwitchController : <<<<<<< 's_flipper_right' active >>>>>>>
2026-03-25 19:15:43,613 : INFO : EventManager : Event: ======'s_flipper_right_active'====== Args={}
2026-03-25 19:15:43,613 : INFO : EventManager : Event: ======'carousel_item_highlighted'====== Args={'carousel': 'attract', 'direction': 'forwards', 'item': 'credits'}
2026-03-25 19:15:43,712 : INFO : SwitchController : <<<<<<< 's_flipper_right' inactive >>>>>>>
2026-03-25 19:15:43,912 : INFO : SwitchController : <<<<<<< 's_flipper_right' active >>>>>>>
2026-03-25 19:15:43,912 : INFO : EventManager : Event: ======'s_flipper_right_active'====== Args={}
2026-03-25 19:15:43,913 : INFO : EventManager : Event: ======'carousel_item_highlighted'====== Args={'carousel': 'attract', 'direction': 'forwards', 'item': 'mpf_logo'}
2026-03-25 19:15:43,979 : INFO : SwitchController : <<<<<<< 's_flipper_right' inactive >>>>>>>
2026-03-25 19:15:44,112 : INFO : SwitchController : <<<<<<< 's_flipper_right' active >>>>>>>
2026-03-25 19:15:44,113 : INFO : EventManager : Event: ======'s_flipper_right_active'====== Args={}
2026-03-25 19:15:44,113 : INFO : EventManager : Event: ======'carousel_item_highlighted'====== Args={'carousel': 'attract', 'direction': 'forwards', 'item': 'title'}
2026-03-25 19:15:44,179 : INFO : SwitchController : <<<<<<< 's_flipper_right' inactive >>>>>>>
2026-03-25 19:15:44,279 : INFO : SwitchController : <<<<<<< 's_flipper_right' active >>>>>>>
2026-03-25 19:15:44,279 : INFO : EventManager : Event: ======'s_flipper_right_active'====== Args={}
2026-03-25 19:15:44,280 : INFO : EventManager : Event: ======'carousel_item_highlighted'====== Args={'carousel': 'attract', 'direction': 'forwards', 'item': 'credits'}
2026-03-25 19:15:44,362 : INFO : SwitchController : <<<<<<< 's_flipper_right' inactive >>>>>>>
2026-03-25 19:15:44,479 : INFO : SwitchController : <<<<<<< 's_flipper_right' active >>>>>>>
2026-03-25 19:15:44,479 : INFO : EventManager : Event: ======'s_flipper_right_active'====== Args={}
2026-03-25 19:15:44,480 : INFO : EventManager : Event: ======'carousel_item_highlighted'====== Args={'carousel': 'attract', 'direction': 'forwards', 'item': 'mpf_logo'}
2026-03-25 19:15:44,546 : INFO : SwitchController : <<<<<<< 's_flipper_right' inactive >>>>>>>
2026-03-25 19:15:44,646 : INFO : SwitchController : <<<<<<< 's_flipper_right' active >>>>>>>
2026-03-25 19:15:44,646 : INFO : EventManager : Event: ======'s_flipper_right_active'====== Args={}
2026-03-25 19:15:44,646 : INFO : EventManager : Event: ======'carousel_item_highlighted'====== Args={'carousel': 'attract', 'direction': 'forwards', 'item': 'title'}
2026-03-25 19:15:44,679 : INFO : SwitchController : <<<<<<< 's_flipper_right' inactive >>>>>>>
2026-03-25 19:15:45,162 : INFO : SwitchController : <<<<<<< 's_flipper_right' active >>>>>>>
2026-03-25 19:15:45,162 : INFO : EventManager : Event: ======'s_flipper_right_active'====== Args={}
2026-03-25 19:15:45,163 : INFO : EventManager : Event: ======'carousel_item_highlighted'====== Args={'carousel': 'attract', 'direction': 'forwards', 'item': 'credits'}
2026-03-25 19:15:45,229 : INFO : SwitchController : <<<<<<< 's_flipper_right' inactive >>>>>>>
2026-03-25 19:15:45,679 : INFO : SwitchController : <<<<<<< 's_flipper_right' active >>>>>>>
2026-03-25 19:15:45,679 : INFO : EventManager : Event: ======'s_flipper_right_active'====== Args={}
2026-03-25 19:15:45,680 : INFO : EventManager : Event: ======'carousel_item_highlighted'====== Args={'carousel': 'attract', 'direction': 'forwards', 'item': 'mpf_logo'}
2026-03-25 19:15:45,762 : INFO : SwitchController : <<<<<<< 's_flipper_right' inactive >>>>>>>
2026-03-25 19:15:45,862 : INFO : SwitchController : <<<<<<< 's_flipper_right' active >>>>>>>
2026-03-25 19:15:45,863 : INFO : EventManager : Event: ======'s_flipper_right_active'====== Args={}
2026-03-25 19:15:45,863 : INFO : EventManager : Event: ======'carousel_item_highlighted'====== Args={'carousel': 'attract', 'direction': 'forwards', 'item': 'title'}
2026-03-25 19:15:45,946 : INFO : SwitchController : <<<<<<< 's_flipper_right' inactive >>>>>>>
2026-03-25 19:15:46,079 : INFO : SwitchController : <<<<<<< 's_flipper_right' active >>>>>>>
2026-03-25 19:15:46,079 : INFO : EventManager : Event: ======'s_flipper_right_active'====== Args={}
2026-03-25 19:15:46,080 : INFO : EventManager : Event: ======'carousel_item_highlighted'====== Args={'carousel': 'attract', 'direction': 'forwards', 'item': 'credits'}
2026-03-25 19:15:46,179 : INFO : SwitchController : <<<<<<< 's_flipper_right' inactive >>>>>>>
2026-03-25 19:16:04,130 : INFO : SwitchController : <<<<<<< 's_flipper_right' active >>>>>>>
2026-03-25 19:16:04,130 : INFO : EventManager : Event: ======'s_flipper_right_active'====== Args={}
2026-03-25 19:16:04,131 : INFO : EventManager : Event: ======'carousel_item_highlighted'====== Args={'carousel': 'attract', 'direction': 'forwards', 'item': 'mpf_logo'}
2026-03-25 19:16:04,247 : INFO : SwitchController : <<<<<<< 's_flipper_right' inactive >>>>>>>
2026-03-25 19:16:04,697 : INFO : SwitchController : <<<<<<< 's_flipper_right' active >>>>>>>
2026-03-25 19:16:04,697 : INFO : EventManager : Event: ======'s_flipper_right_active'====== Args={}
2026-03-25 19:16:04,697 : INFO : EventManager : Event: ======'carousel_item_highlighted'====== Args={'carousel': 'attract', 'direction': 'forwards', 'item': 'title'}
2026-03-25 19:16:04,813 : INFO : SwitchController : <<<<<<< 's_flipper_right' inactive >>>>>>>
2026-03-25 19:16:05,014 : INFO : SwitchController : <<<<<<< 's_flipper_right' active >>>>>>>
2026-03-25 19:16:05,014 : INFO : EventManager : Event: ======'s_flipper_right_active'====== Args={}
2026-03-25 19:16:05,014 : INFO : EventManager : Event: ======'carousel_item_highlighted'====== Args={'carousel': 'attract', 'direction': 'forwards', 'item': 'credits'}
2026-03-25 19:16:05,163 : INFO : SwitchController : <<<<<<< 's_flipper_right' inactive >>>>>>>
2026-03-25 19:16:05,430 : INFO : SwitchController : <<<<<<< 's_flipper_right' active >>>>>>>
2026-03-25 19:16:05,430 : INFO : EventManager : Event: ======'s_flipper_right_active'====== Args={}
2026-03-25 19:16:05,431 : INFO : EventManager : Event: ======'carousel_item_highlighted'====== Args={'carousel': 'attract', 'direction': 'forwards', 'item': 'mpf_logo'}
2026-03-25 19:16:05,530 : INFO : SwitchController : <<<<<<< 's_flipper_right' inactive >>>>>>>
2026-03-25 19:16:05,780 : INFO : SwitchController : <<<<<<< 's_flipper_right' active >>>>>>>
2026-03-25 19:16:05,780 : INFO : EventManager : Event: ======'s_flipper_right_active'====== Args={}
2026-03-25 19:16:05,781 : INFO : EventManager : Event: ======'carousel_item_highlighted'====== Args={'carousel': 'attract', 'direction': 'forwards', 'item': 'title'}
2026-03-25 19:16:05,913 : INFO : SwitchController : <<<<<<< 's_flipper_right' inactive >>>>>>>
2026-03-25 19:16:06,064 : INFO : SwitchController : <<<<<<< 's_flipper_right' active >>>>>>>
2026-03-25 19:16:06,064 : INFO : EventManager : Event: ======'s_flipper_right_active'====== Args={}
2026-03-25 19:16:06,064 : INFO : EventManager : Event: ======'carousel_item_highlighted'====== Args={'carousel': 'attract', 'direction': 'forwards', 'item': 'credits'}
2026-03-25 19:16:06,180 : INFO : SwitchController : <<<<<<< 's_flipper_right' inactive >>>>>>>
2026-03-25 19:16:06,280 : INFO : SwitchController : <<<<<<< 's_flipper_right' active >>>>>>>
2026-03-25 19:16:06,280 : INFO : EventManager : Event: ======'s_flipper_right_active'====== Args={}
2026-03-25 19:16:06,281 : INFO : EventManager : Event: ======'carousel_item_highlighted'====== Args={'carousel': 'attract', 'direction': 'forwards', 'item': 'mpf_logo'}
2026-03-25 19:16:06,397 : INFO : SwitchController : <<<<<<< 's_flipper_right' inactive >>>>>>>
2026-03-25 19:16:06,464 : INFO : SwitchController : <<<<<<< 's_flipper_right' active >>>>>>>
2026-03-25 19:16:06,464 : INFO : EventManager : Event: ======'s_flipper_right_active'====== Args={}
2026-03-25 19:16:06,464 : INFO : EventManager : Event: ======'carousel_item_highlighted'====== Args={'carousel': 'attract', 'direction': 'forwards', 'item': 'title'}
2026-03-25 19:16:06,563 : INFO : SwitchController : <<<<<<< 's_flipper_right' inactive >>>>>>>
2026-03-25 19:16:06,647 : INFO : SwitchController : <<<<<<< 's_flipper_right' active >>>>>>>
2026-03-25 19:16:06,647 : INFO : EventManager : Event: ======'s_flipper_right_active'====== Args={}
2026-03-25 19:16:06,647 : INFO : EventManager : Event: ======'carousel_item_highlighted'====== Args={'carousel': 'attract', 'direction': 'forwards', 'item': 'credits'}
2026-03-25 19:16:06,780 : INFO : SwitchController : <<<<<<< 's_flipper_right' inactive >>>>>>>
2026-03-25 19:16:06,897 : INFO : SwitchController : <<<<<<< 's_flipper_right' active >>>>>>>
2026-03-25 19:16:06,897 : INFO : EventManager : Event: ======'s_flipper_right_active'====== Args={}
2026-03-25 19:16:06,897 : INFO : EventManager : Event: ======'carousel_item_highlighted'====== Args={'carousel': 'attract', 'direction': 'forwards', 'item': 'mpf_logo'}
2026-03-25 19:16:07,013 : INFO : SwitchController : <<<<<<< 's_flipper_right' inactive >>>>>>>
2026-03-25 19:16:07,064 : INFO : SwitchController : <<<<<<< 's_flipper_right' active >>>>>>>
2026-03-25 19:16:07,064 : INFO : EventManager : Event: ======'s_flipper_right_active'====== Args={}
2026-03-25 19:16:07,064 : INFO : EventManager : Event: ======'carousel_item_highlighted'====== Args={'carousel': 'attract', 'direction': 'forwards', 'item': 'title'}
2026-03-25 19:16:07,180 : INFO : SwitchController : <<<<<<< 's_flipper_right' inactive >>>>>>>
2026-03-25 19:16:07,330 : INFO : SwitchController : <<<<<<< 's_flipper_right' active >>>>>>>
2026-03-25 19:16:07,330 : INFO : EventManager : Event: ======'s_flipper_right_active'====== Args={}
2026-03-25 19:16:07,331 : INFO : EventManager : Event: ======'carousel_item_highlighted'====== Args={'carousel': 'attract', 'direction': 'forwards', 'item': 'credits'}
2026-03-25 19:16:07,414 : INFO : SwitchController : <<<<<<< 's_flipper_right' inactive >>>>>>>
2026-03-25 19:16:07,563 : INFO : SwitchController : <<<<<<< 's_flipper_right' active >>>>>>>
2026-03-25 19:16:07,564 : INFO : EventManager : Event: ======'s_flipper_right_active'====== Args={}
2026-03-25 19:16:07,564 : INFO : EventManager : Event: ======'carousel_item_highlighted'====== Args={'carousel': 'attract', 'direction': 'forwards', 'item': 'mpf_logo'}
2026-03-25 19:16:07,630 : INFO : SwitchController : <<<<<<< 's_flipper_right' inactive >>>>>>>
2026-03-25 19:16:07,780 : INFO : SwitchController : <<<<<<< 's_flipper_right' active >>>>>>>
2026-03-25 19:16:07,780 : INFO : EventManager : Event: ======'s_flipper_right_active'====== Args={}
2026-03-25 19:16:07,781 : INFO : EventManager : Event: ======'carousel_item_highlighted'====== Args={'carousel': 'attract', 'direction': 'forwards', 'item': 'title'}
2026-03-25 19:16:07,864 : INFO : SwitchController : <<<<<<< 's_flipper_right' inactive >>>>>>>
2026-03-25 19:16:08,030 : INFO : SwitchController : <<<<<<< 's_flipper_right' active >>>>>>>
2026-03-25 19:16:08,031 : INFO : EventManager : Event: ======'s_flipper_right_active'====== Args={}
2026-03-25 19:16:08,031 : INFO : EventManager : Event: ======'carousel_item_highlighted'====== Args={'carousel': 'attract', 'direction': 'forwards', 'item': 'credits'}
2026-03-25 19:16:08,130 : INFO : SwitchController : <<<<<<< 's_flipper_right' inactive >>>>>>>
2026-03-25 19:16:08,664 : INFO : SwitchController : <<<<<<< 's_flipper_left' active >>>>>>>
2026-03-25 19:16:08,664 : INFO : EventManager : Event: ======'s_flipper_left_active'====== Args={}
2026-03-25 19:16:08,664 : INFO : EventManager : Event: ======'carousel_item_highlighted'====== Args={'carousel': 'attract', 'direction': 'backwards', 'item': 'title'}
2026-03-25 19:16:08,747 : INFO : SwitchController : <<<<<<< 's_flipper_left' inactive >>>>>>>
2026-03-25 19:16:08,830 : INFO : SwitchController : <<<<<<< 's_flipper_left' active >>>>>>>
2026-03-25 19:16:08,830 : INFO : EventManager : Event: ======'s_flipper_left_active'====== Args={}
2026-03-25 19:16:08,831 : INFO : EventManager : Event: ======'carousel_item_highlighted'====== Args={'carousel': 'attract', 'direction': 'backwards', 'item': 'mpf_logo'}
2026-03-25 19:16:08,914 : INFO : SwitchController : <<<<<<< 's_flipper_left' inactive >>>>>>>
2026-03-25 19:16:08,997 : INFO : SwitchController : <<<<<<< 's_flipper_left' active >>>>>>>
2026-03-25 19:16:08,997 : INFO : EventManager : Event: ======'s_flipper_left_active'====== Args={}
2026-03-25 19:16:08,998 : INFO : EventManager : Event: ======'carousel_item_highlighted'====== Args={'carousel': 'attract', 'direction': 'backwards', 'item': 'credits'}
2026-03-25 19:16:09,080 : INFO : SwitchController : <<<<<<< 's_flipper_left' inactive >>>>>>>
2026-03-25 19:16:09,180 : INFO : SwitchController : <<<<<<< 's_flipper_left' active >>>>>>>
2026-03-25 19:16:09,181 : INFO : EventManager : Event: ======'s_flipper_left_active'====== Args={}
2026-03-25 19:16:09,181 : INFO : EventManager : Event: ======'carousel_item_highlighted'====== Args={'carousel': 'attract', 'direction': 'backwards', 'item': 'title'}
2026-03-25 19:16:09,247 : INFO : SwitchController : <<<<<<< 's_flipper_left' inactive >>>>>>>
2026-03-25 19:16:09,347 : INFO : SwitchController : <<<<<<< 's_flipper_left' active >>>>>>>
2026-03-25 19:16:09,347 : INFO : EventManager : Event: ======'s_flipper_left_active'====== Args={}
2026-03-25 19:16:09,347 : INFO : EventManager : Event: ======'carousel_item_highlighted'====== Args={'carousel': 'attract', 'direction': 'backwards', 'item': 'mpf_logo'}
2026-03-25 19:16:09,397 : INFO : SwitchController : <<<<<<< 's_flipper_left' inactive >>>>>>>
2026-03-25 19:16:09,497 : INFO : SwitchController : <<<<<<< 's_flipper_left' active >>>>>>>
2026-03-25 19:16:09,497 : INFO : EventManager : Event: ======'s_flipper_left_active'====== Args={}
2026-03-25 19:16:09,498 : INFO : EventManager : Event: ======'carousel_item_highlighted'====== Args={'carousel': 'attract', 'direction': 'backwards', 'item': 'credits'}
2026-03-25 19:16:09,580 : INFO : SwitchController : <<<<<<< 's_flipper_left' inactive >>>>>>>
2026-03-25 19:16:09,997 : INFO : SwitchController : <<<<<<< 's_flipper_right' active >>>>>>>
2026-03-25 19:16:09,997 : INFO : EventManager : Event: ======'s_flipper_right_active'====== Args={}
2026-03-25 19:16:09,998 : INFO : EventManager : Event: ======'carousel_item_highlighted'====== Args={'carousel': 'attract', 'direction': 'forwards', 'item': 'mpf_logo'}
2026-03-25 19:16:10,147 : INFO : SwitchController : <<<<<<< 's_flipper_right' inactive >>>>>>>
2026-03-25 19:16:10,497 : INFO : SwitchController : <<<<<<< 's_flipper_right' active >>>>>>>
2026-03-25 19:16:10,497 : INFO : EventManager : Event: ======'s_flipper_right_active'====== Args={}
2026-03-25 19:16:10,497 : INFO : EventManager : Event: ======'carousel_item_highlighted'====== Args={'carousel': 'attract', 'direction': 'forwards', 'item': 'title'}
2026-03-25 19:16:10,597 : INFO : SwitchController : <<<<<<< 's_flipper_right' inactive >>>>>>>
2026-03-25 19:16:10,897 : INFO : SwitchController : <<<<<<< 's_flipper_right' active >>>>>>>
2026-03-25 19:16:10,897 : INFO : EventManager : Event: ======'s_flipper_right_active'====== Args={}
2026-03-25 19:16:10,898 : INFO : EventManager : Event: ======'carousel_item_highlighted'====== Args={'carousel': 'attract', 'direction': 'forwards', 'item': 'credits'}
2026-03-25 19:16:11,014 : INFO : SwitchController : <<<<<<< 's_flipper_right' inactive >>>>>>>
2026-03-25 19:16:11,347 : INFO : SwitchController : <<<<<<< 's_flipper_right' active >>>>>>>
2026-03-25 19:16:11,347 : INFO : EventManager : Event: ======'s_flipper_right_active'====== Args={}
2026-03-25 19:16:11,348 : INFO : EventManager : Event: ======'carousel_item_highlighted'====== Args={'carousel': 'attract', 'direction': 'forwards', 'item': 'mpf_logo'}
2026-03-25 19:16:11,464 : INFO : SwitchController : <<<<<<< 's_flipper_right' inactive >>>>>>>
2026-03-25 19:16:11,780 : INFO : SwitchController : <<<<<<< 's_flipper_right' active >>>>>>>
2026-03-25 19:16:11,781 : INFO : EventManager : Event: ======'s_flipper_right_active'====== Args={}
2026-03-25 19:16:11,781 : INFO : EventManager : Event: ======'carousel_item_highlighted'====== Args={'carousel': 'attract', 'direction': 'forwards', 'item': 'title'}
2026-03-25 19:16:11,864 : INFO : SwitchController : <<<<<<< 's_flipper_right' inactive >>>>>>>
2026-03-25 19:17:32,168 : INFO : SwitchController : <<<<<<< 's_flipper_right' active >>>>>>>
2026-03-25 19:17:32,168 : INFO : EventManager : Event: ======'s_flipper_right_active'====== Args={}
2026-03-25 19:17:32,169 : INFO : EventManager : Event: ======'carousel_item_highlighted'====== Args={'carousel': 'attract', 'direction': 'forwards', 'item': 'credits'}
2026-03-25 19:17:32,285 : INFO : SwitchController : <<<<<<< 's_flipper_right' inactive >>>>>>>
2026-03-25 19:17:34,518 : INFO : SwitchController : <<<<<<< 's_flipper_right' active >>>>>>>
2026-03-25 19:17:34,519 : INFO : EventManager : Event: ======'s_flipper_right_active'====== Args={}
2026-03-25 19:17:34,519 : INFO : EventManager : Event: ======'carousel_item_highlighted'====== Args={'carousel': 'attract', 'direction': 'forwards', 'item': 'mpf_logo'}
2026-03-25 19:17:34,668 : INFO : SwitchController : <<<<<<< 's_flipper_right' inactive >>>>>>>
2026-03-25 19:17:35,168 : INFO : SwitchController : <<<<<<< 's_flipper_right' active >>>>>>>
2026-03-25 19:17:35,169 : INFO : EventManager : Event: ======'s_flipper_right_active'====== Args={}
2026-03-25 19:17:35,169 : INFO : EventManager : Event: ======'carousel_item_highlighted'====== Args={'carousel': 'attract', 'direction': 'forwards', 'item': 'title'}
2026-03-25 19:17:35,285 : INFO : SwitchController : <<<<<<< 's_flipper_right' inactive >>>>>>>
2026-03-25 19:17:35,668 : INFO : SwitchController : <<<<<<< 's_flipper_right' active >>>>>>>
2026-03-25 19:17:35,668 : INFO : EventManager : Event: ======'s_flipper_right_active'====== Args={}
2026-03-25 19:17:35,669 : INFO : EventManager : Event: ======'carousel_item_highlighted'====== Args={'carousel': 'attract', 'direction': 'forwards', 'item': 'credits'}
2026-03-25 19:17:35,802 : INFO : SwitchController : <<<<<<< 's_flipper_right' inactive >>>>>>>
2026-03-25 19:17:36,102 : INFO : SwitchController : <<<<<<< 's_flipper_right' active >>>>>>>
2026-03-25 19:17:36,102 : INFO : EventManager : Event: ======'s_flipper_right_active'====== Args={}
2026-03-25 19:17:36,102 : INFO : EventManager : Event: ======'carousel_item_highlighted'====== Args={'carousel': 'attract', 'direction': 'forwards', 'item': 'mpf_logo'}
2026-03-25 19:17:36,218 : INFO : SwitchController : <<<<<<< 's_flipper_right' inactive >>>>>>>
2026-03-25 19:19:02,057 : INFO : Machine : Shutting down...
2026-03-25 19:19:02,057 : INFO : EventManager : Event: ======'shutdown'====== Args={}
2026-03-25 19:19:02,058 : INFO : root : MPF run loop ended.
