2026-04-07 16:38:35,093 : INFO : root : Loading config.
2026-04-07 16:38:35,140 : INFO : ConfigProcessor : Config spec file cache created: /var/folders/nw/6blj94p12ldcym3fj104vzlm0000gn/T/config_spec.mpf_cache
2026-04-07 16:38:35,140 : INFO : YamlMultifileConfigLoader : Machine config file #1: config.yaml
2026-04-07 16:38:35,140 : INFO : ConfigProcessor : Loading config from cache: /var/folders/nw/6blj94p12ldcym3fj104vzlm0000gn/T/b334f8a4e2121184f8a617378a4d1625.mpf_cache
2026-04-07 16:38:35,164 : INFO : ConfigProcessor : Loading config from cache: /var/folders/nw/6blj94p12ldcym3fj104vzlm0000gn/T/63da12c4cec82227b4c3859bbf3c7cd4.mpf_cache
2026-04-07 16:38:35,164 : INFO : ConfigProcessor : Loading config from cache: /var/folders/nw/6blj94p12ldcym3fj104vzlm0000gn/T/b8625db2ee8ad38c42d4f1c72235edc8.mpf_cache
2026-04-07 16:38:35,164 : INFO : ConfigProcessor : Loading config from cache: /var/folders/nw/6blj94p12ldcym3fj104vzlm0000gn/T/63da12c4cec82227b4c3859bbf3c7cd4.mpf_cache
2026-04-07 16:38:35,164 : INFO : ConfigProcessor : Loading config from cache: /var/folders/nw/6blj94p12ldcym3fj104vzlm0000gn/T/104947b35f87d581877cdaf02599b463.mpf_cache
2026-04-07 16:38:35,165 : INFO : ConfigProcessor : Loading config from cache: /var/folders/nw/6blj94p12ldcym3fj104vzlm0000gn/T/bc830d47d6fbb336561cc63e74edf2c9.mpf_cache
2026-04-07 16:38:35,165 : INFO : ConfigProcessor : Loading config from cache: /var/folders/nw/6blj94p12ldcym3fj104vzlm0000gn/T/7424f2cce7b15e0b37e570d3514590c8.mpf_cache
2026-04-07 16:38:35,165 : INFO : Machine : Mission Pinball Framework Core Engine v0.80.0.dev13
2026-04-07 16:38:35,165 : INFO : Machine : Command line arguments: {'no_load_cache': False, 'create_config_cache': True, 'bcp': False, 'configfile': ['config.yaml'], 'force_assets_load': False, 'platform_integration_test': False, 'jsonlogging': False, 'logfile': 'logs/2026-04-07-16-38-35-mpf-Wills-MacBook-Pro-M5.local.log', 'pause': False, 'production': False, 'text_ui': True, 'loglevel': 15, 'consoleloglevel': 20, 'force_platform': None, 'syslog_address': None, 'full_logfile_path': '/Users/willrante/Documents/GitHub/pinball/logs/2026-04-07-16-38-35-mpf-Wills-MacBook-Pro-M5.local.log'}
2026-04-07 16:38:35,165 : INFO : Machine : MPF path: /Users/willrante/mpf-env/lib/python3.14/site-packages/mpf
2026-04-07 16:38:35,165 : INFO : Machine : Machine path: /Users/willrante/Documents/GitHub/pinball
2026-04-07 16:38:35,165 : INFO : Machine : Platform: darwin
2026-04-07 16:38:35,165 : INFO : Machine : Python executable location: /Users/willrante/mpf-env/bin/python3.14
2026-04-07 16:38:35,165 : INFO : Machine : Python version: 3.14.3 (64-bit)
2026-04-07 16:38:35,165 : INFO : Machine : Initializing MPF...
2026-04-07 16:38:35,197 : INFO : EventManager : Event: ======'machine_var_credits_string'====== Args={'value': 'FREE PLAY', 'prev_value': None, 'change': True}
2026-04-07 16:38:35,201 : INFO : EventManager : Event: ======'machine_var_master_volume'====== Args={'value': 0.5, 'prev_value': None, 'change': True}
2026-04-07 16:38:35,201 : INFO : EventManager : Event: ======'machine_var_mpf_version'====== Args={'value': 'Mission Pinball Framework v0.80.0.dev13', 'prev_value': None, 'change': True}
2026-04-07 16:38:35,201 : INFO : EventManager : Event: ======'machine_var_mpf_extended_version'====== Args={'value': 'Mission Pinball Framework v0.80.0.dev13, Config version:6, Show version: 6, BCP version:1.1', 'prev_value': None, 'change': True}
2026-04-07 16:38:35,202 : INFO : EventManager : Event: ======'machine_var_python_version'====== Args={'value': '3.14.3', 'prev_value': None, 'change': True}
2026-04-07 16:38:35,210 : INFO : EventManager : Event: ======'machine_var_platform'====== Args={'value': 'macOS-26.3.1-arm64-arm-64bit-Mach-O', 'prev_value': None, 'change': True}
2026-04-07 16:38:35,210 : INFO : EventManager : Event: ======'machine_var_platform_system'====== Args={'value': 'Darwin', 'prev_value': None, 'change': True}
2026-04-07 16:38:35,210 : INFO : EventManager : Event: ======'machine_var_platform_release'====== Args={'value': '25.3.0', 'prev_value': None, 'change': True}
2026-04-07 16:38:35,210 : INFO : EventManager : Event: ======'machine_var_platform_version'====== Args={'value': 'Darwin Kernel Version 25.3.0: Wed Jan 28 20:54:38 PST 2026; root:xnu-12377.91.3~2/RELEASE_ARM64_T6050', 'prev_value': None, 'change': True}
2026-04-07 16:38:35,210 : INFO : EventManager : Event: ======'machine_var_platform_machine'====== Args={'value': 'arm64', 'prev_value': None, 'change': True}
2026-04-07 16:38:35,210 : INFO : EventManager : Event: ======'machine_var_log_file_path'====== Args={'value': '/Users/willrante/Documents/GitHub/pinball/logs/2026-04-07-16-38-35-mpf-Wills-MacBook-Pro-M5.local.log', 'prev_value': None, 'change': True}
2026-04-07 16:38:35,210 : INFO : EventManager : Event: ======'init_phase_1'====== Args={}
2026-04-07 16:38:35,215 : INFO : EventManager : Event: ======'init_phase_2'====== Args={}
2026-04-07 16:38:35,215 : INFO : SwitchController : Found active switch: (1006, <Platform.SmartVirtual>) <switch.s_trough_1>
2026-04-07 16:38:35,215 : INFO : SwitchController : Found active switch: (1007, <Platform.SmartVirtual>) <switch.s_trough_2>
2026-04-07 16:38:35,215 : INFO : SwitchController : Found active switch: (1008, <Platform.SmartVirtual>) <switch.s_trough_3>
2026-04-07 16:38:35,216 : INFO : ball_device.bd_plunger : BCH: Initial count: 0
2026-04-07 16:38:35,216 : INFO : ball_device.bd_plunger : State: idle
2026-04-07 16:38:35,216 : INFO : ball_device.bd_trough : BCH: Initial count: 3
2026-04-07 16:38:35,216 : INFO : ball_device.bd_trough : State: idle
2026-04-07 16:38:35,219 : INFO : EventManager : Event: ======'init_phase_3'====== Args={}
2026-04-07 16:38:35,219 : INFO : EventManager : Event: ======'init_phase_4'====== Args={}
2026-04-07 16:38:35,219 : INFO : BallController : Initial balls found: 3
2026-04-07 16:38:35,220 : INFO : EventManager : Event: ======'machine_var_audits_events_game_ended'====== Args={'value': 0, 'prev_value': None, 'change': True}
2026-04-07 16:38:35,220 : INFO : EventManager : Event: ======'machine_var_audits_events_game_started'====== Args={'value': 4, 'prev_value': None, 'change': True}
2026-04-07 16:38:35,220 : INFO : EventManager : Event: ======'machine_var_audits_missing_switches_s_flipper_left'====== Args={'value': 2, 'prev_value': None, 'change': True}
2026-04-07 16:38:35,220 : INFO : EventManager : Event: ======'machine_var_audits_missing_switches_s_flipper_right'====== Args={'value': 2, 'prev_value': None, 'change': True}
2026-04-07 16:38:35,220 : INFO : EventManager : Event: ======'machine_var_audits_missing_switches_s_plunger_lane'====== Args={'value': 4, 'prev_value': None, 'change': True}
2026-04-07 16:38:35,220 : INFO : EventManager : Event: ======'machine_var_audits_missing_switches_s_trough_1'====== Args={'value': 4, 'prev_value': None, 'change': True}
2026-04-07 16:38:35,220 : INFO : EventManager : Event: ======'machine_var_audits_missing_switches_s_trough_2'====== Args={'value': 4, 'prev_value': None, 'change': True}
2026-04-07 16:38:35,220 : INFO : EventManager : Event: ======'machine_var_audits_missing_switches_s_trough_3'====== Args={'value': 4, 'prev_value': None, 'change': True}
2026-04-07 16:38:35,220 : INFO : EventManager : Event: ======'machine_var_audits_player_score'====== Args={'value': {'average': 0, 'top': [], 'total': 0}, 'prev_value': None, 'change': True}
2026-04-07 16:38:35,220 : INFO : EventManager : Event: ======'machine_var_audits_shots_bumper_left'====== Args={'value': 88, 'prev_value': None, 'change': True}
2026-04-07 16:38:35,220 : INFO : EventManager : Event: ======'machine_var_audits_shots_bumper_right'====== Args={'value': 104, 'prev_value': None, 'change': True}
2026-04-07 16:38:35,220 : INFO : EventManager : Event: ======'machine_var_audits_shots_hurryup'====== Args={'value': 3, 'prev_value': None, 'change': True}
2026-04-07 16:38:35,220 : INFO : EventManager : Event: ======'machine_var_audits_shots_left_lane'====== Args={'value': 9, 'prev_value': None, 'change': True}
2026-04-07 16:38:35,220 : INFO : EventManager : Event: ======'machine_var_audits_switches_s_bumper_left'====== Args={'value': 88, 'prev_value': None, 'change': True}
2026-04-07 16:38:35,220 : INFO : EventManager : Event: ======'machine_var_audits_switches_s_bumper_right'====== Args={'value': 104, 'prev_value': None, 'change': True}
2026-04-07 16:38:35,220 : INFO : EventManager : Event: ======'machine_var_audits_switches_s_flipper_left'====== Args={'value': 5, 'prev_value': None, 'change': True}
2026-04-07 16:38:35,220 : INFO : EventManager : Event: ======'machine_var_audits_switches_s_flipper_right'====== Args={'value': 5, 'prev_value': None, 'change': True}
2026-04-07 16:38:35,220 : INFO : EventManager : Event: ======'machine_var_audits_switches_s_left_lane'====== Args={'value': 9, 'prev_value': None, 'change': True}
2026-04-07 16:38:35,220 : INFO : EventManager : Event: ======'machine_var_audits_switches_s_plunger_lane'====== Args={'value': 0, 'prev_value': None, 'change': True}
2026-04-07 16:38:35,220 : INFO : EventManager : Event: ======'machine_var_audits_switches_s_start'====== Args={'value': 3, 'prev_value': None, 'change': True}
2026-04-07 16:38:35,220 : INFO : EventManager : Event: ======'machine_var_audits_switches_s_trough_1'====== Args={'value': 0, 'prev_value': None, 'change': True}
2026-04-07 16:38:35,220 : INFO : EventManager : Event: ======'machine_var_audits_switches_s_trough_2'====== Args={'value': 0, 'prev_value': None, 'change': True}
2026-04-07 16:38:35,220 : INFO : EventManager : Event: ======'machine_var_audits_switches_s_trough_3'====== Args={'value': 0, 'prev_value': None, 'change': True}
2026-04-07 16:38:35,220 : INFO : EventManager : Event: ======'init_phase_5'====== Args={}
2026-04-07 16:38:35,220 : INFO : EventManager : Event: ======'init_done'====== Args={}
2026-04-07 16:38:35,220 : INFO : EventManager : Event: ======'machine_reset_phase_1'====== Args={}
2026-04-07 16:38:35,220 : INFO : EventManager : Event: ======'machine_reset_phase_2'====== Args={}
2026-04-07 16:38:35,220 : INFO : EventManager : Event: ======'machine_reset_phase_3'====== Args={}
2026-04-07 16:38:35,220 : INFO : EventManager : Event: ======'reset_complete'====== Args={}
2026-04-07 16:38:35,221 : INFO : EventManager : Event: ======'mode_attract_will_start'====== Args={}
2026-04-07 16:38:35,221 : INFO : Timer.attract_carousel_timer : Starting Timer.
2026-04-07 16:38:35,221 : INFO : EventManager : Event: ======'timer_attract_carousel_timer_started'====== Args={'ticks': 0, 'ticks_remaining': 1}
2026-04-07 16:38:35,221 : INFO : EventManager : Event: ======'timer_attract_carousel_timer_tick'====== Args={'ticks': 0, 'ticks_remaining': 1}
2026-04-07 16:38:35,221 : INFO : EventManager : Event: ======'mode_attract_starting'====== Args={}
2026-04-07 16:38:35,221 : INFO : Mode.attract : Started. Priority: 10
2026-04-07 16:38:35,221 : INFO : EventManager : Event: ======'modes_active_modes_changed'====== Args={}
2026-04-07 16:38:35,221 : INFO : EventManager : Event: ======'mode_attract_started'====== Args={}
2026-04-07 16:38:35,221 : INFO : EventManager : Event: ======'collecting_balls_complete'====== Args={}
2026-04-07 16:38:35,221 : INFO : EventManager : Event: ======'carousel_item_highlighted'====== Args={'carousel': 'attract', 'direction': None, 'item': 'title'}
2026-04-07 16:38:35,221 : INFO : EventManager : Event: ======'timer_attract_carousel_timer_tick'====== Args={'ticks': 0, 'ticks_remaining': 1}
2026-04-07 16:38:35,221 : INFO : Machine : Starting the main run loop with active modes: [<Mode.attract>]
2026-04-07 16:38:40,222 : INFO : Timer.attract_carousel_timer : Timer Complete
2026-04-07 16:38:40,222 : INFO : Timer.attract_carousel_timer : Stopping Timer
2026-04-07 16:38:40,222 : INFO : EventManager : Event: ======'timer_attract_carousel_timer_stopped'====== Args={'ticks': 1, 'ticks_remaining': 1}
2026-04-07 16:38:40,222 : INFO : EventManager : Event: ======'timer_attract_carousel_timer_complete'====== Args={'ticks': 1, 'ticks_remaining': 1}
2026-04-07 16:38:40,223 : INFO : EventManager : Event: ======'carousel_item_highlighted'====== Args={'carousel': 'attract', 'direction': 'forwards', 'item': 'credits'}
2026-04-07 16:38:40,223 : INFO : Timer.attract_carousel_timer : Starting Timer.
2026-04-07 16:38:40,223 : INFO : EventManager : Event: ======'timer_attract_carousel_timer_started'====== Args={'ticks': 0, 'ticks_remaining': 1}
2026-04-07 16:38:40,223 : INFO : EventManager : Event: ======'timer_attract_carousel_timer_tick'====== Args={'ticks': 0, 'ticks_remaining': 1}
2026-04-07 16:38:45,224 : INFO : Timer.attract_carousel_timer : Timer Complete
2026-04-07 16:38:45,224 : INFO : Timer.attract_carousel_timer : Stopping Timer
2026-04-07 16:38:45,224 : INFO : EventManager : Event: ======'timer_attract_carousel_timer_stopped'====== Args={'ticks': 1, 'ticks_remaining': 1}
2026-04-07 16:38:45,225 : INFO : EventManager : Event: ======'timer_attract_carousel_timer_complete'====== Args={'ticks': 1, 'ticks_remaining': 1}
2026-04-07 16:38:45,225 : INFO : EventManager : Event: ======'carousel_item_highlighted'====== Args={'carousel': 'attract', 'direction': 'forwards', 'item': 'mpf_logo'}
2026-04-07 16:38:45,225 : INFO : Timer.attract_carousel_timer : Starting Timer.
2026-04-07 16:38:45,225 : INFO : EventManager : Event: ======'timer_attract_carousel_timer_started'====== Args={'ticks': 0, 'ticks_remaining': 1}
2026-04-07 16:38:45,225 : INFO : EventManager : Event: ======'timer_attract_carousel_timer_tick'====== Args={'ticks': 0, 'ticks_remaining': 1}
2026-04-07 16:38:50,226 : INFO : Timer.attract_carousel_timer : Timer Complete
2026-04-07 16:38:50,226 : INFO : Timer.attract_carousel_timer : Stopping Timer
2026-04-07 16:38:50,226 : INFO : EventManager : Event: ======'timer_attract_carousel_timer_stopped'====== Args={'ticks': 1, 'ticks_remaining': 1}
2026-04-07 16:38:50,226 : INFO : EventManager : Event: ======'timer_attract_carousel_timer_complete'====== Args={'ticks': 1, 'ticks_remaining': 1}
2026-04-07 16:38:50,227 : INFO : EventManager : Event: ======'carousel_item_highlighted'====== Args={'carousel': 'attract', 'direction': 'forwards', 'item': 'title'}
2026-04-07 16:38:50,227 : INFO : Timer.attract_carousel_timer : Starting Timer.
2026-04-07 16:38:50,227 : INFO : EventManager : Event: ======'timer_attract_carousel_timer_started'====== Args={'ticks': 0, 'ticks_remaining': 1}
2026-04-07 16:38:50,227 : INFO : EventManager : Event: ======'timer_attract_carousel_timer_tick'====== Args={'ticks': 0, 'ticks_remaining': 1}
2026-04-07 16:38:55,228 : INFO : Timer.attract_carousel_timer : Timer Complete
2026-04-07 16:38:55,228 : INFO : Timer.attract_carousel_timer : Stopping Timer
2026-04-07 16:38:55,228 : INFO : EventManager : Event: ======'timer_attract_carousel_timer_stopped'====== Args={'ticks': 1, 'ticks_remaining': 1}
2026-04-07 16:38:55,228 : INFO : EventManager : Event: ======'timer_attract_carousel_timer_complete'====== Args={'ticks': 1, 'ticks_remaining': 1}
2026-04-07 16:38:55,229 : INFO : EventManager : Event: ======'carousel_item_highlighted'====== Args={'carousel': 'attract', 'direction': 'forwards', 'item': 'credits'}
2026-04-07 16:38:55,229 : INFO : Timer.attract_carousel_timer : Starting Timer.
2026-04-07 16:38:55,229 : INFO : EventManager : Event: ======'timer_attract_carousel_timer_started'====== Args={'ticks': 0, 'ticks_remaining': 1}
2026-04-07 16:38:55,229 : INFO : EventManager : Event: ======'timer_attract_carousel_timer_tick'====== Args={'ticks': 0, 'ticks_remaining': 1}
2026-04-07 16:39:00,230 : INFO : Timer.attract_carousel_timer : Timer Complete
2026-04-07 16:39:00,230 : INFO : Timer.attract_carousel_timer : Stopping Timer
2026-04-07 16:39:00,230 : INFO : EventManager : Event: ======'timer_attract_carousel_timer_stopped'====== Args={'ticks': 1, 'ticks_remaining': 1}
2026-04-07 16:39:00,230 : INFO : EventManager : Event: ======'timer_attract_carousel_timer_complete'====== Args={'ticks': 1, 'ticks_remaining': 1}
2026-04-07 16:39:00,230 : INFO : EventManager : Event: ======'carousel_item_highlighted'====== Args={'carousel': 'attract', 'direction': 'forwards', 'item': 'mpf_logo'}
2026-04-07 16:39:00,231 : INFO : Timer.attract_carousel_timer : Starting Timer.
2026-04-07 16:39:00,231 : INFO : EventManager : Event: ======'timer_attract_carousel_timer_started'====== Args={'ticks': 0, 'ticks_remaining': 1}
2026-04-07 16:39:00,231 : INFO : EventManager : Event: ======'timer_attract_carousel_timer_tick'====== Args={'ticks': 0, 'ticks_remaining': 1}
2026-04-07 16:39:05,232 : INFO : Timer.attract_carousel_timer : Timer Complete
2026-04-07 16:39:05,232 : INFO : Timer.attract_carousel_timer : Stopping Timer
2026-04-07 16:39:05,232 : INFO : EventManager : Event: ======'timer_attract_carousel_timer_stopped'====== Args={'ticks': 1, 'ticks_remaining': 1}
2026-04-07 16:39:05,232 : INFO : EventManager : Event: ======'timer_attract_carousel_timer_complete'====== Args={'ticks': 1, 'ticks_remaining': 1}
2026-04-07 16:39:05,232 : INFO : EventManager : Event: ======'carousel_item_highlighted'====== Args={'carousel': 'attract', 'direction': 'forwards', 'item': 'title'}
2026-04-07 16:39:05,232 : INFO : Timer.attract_carousel_timer : Starting Timer.
2026-04-07 16:39:05,232 : INFO : EventManager : Event: ======'timer_attract_carousel_timer_started'====== Args={'ticks': 0, 'ticks_remaining': 1}
2026-04-07 16:39:05,232 : INFO : EventManager : Event: ======'timer_attract_carousel_timer_tick'====== Args={'ticks': 0, 'ticks_remaining': 1}
2026-04-07 16:39:07,886 : INFO : Machine : Shutting down...
2026-04-07 16:39:07,887 : INFO : EventManager : Event: ======'shutdown'====== Args={}
2026-04-07 16:39:07,889 : INFO : root : MPF run loop ended.
