2026-03-19 18:13:56,939 : INFO : root : Loading config.
2026-03-19 18:13:56,988 : INFO : ConfigProcessor : Config spec file cache created: /var/folders/nw/6blj94p12ldcym3fj104vzlm0000gn/T/config_spec.mpf_cache
2026-03-19 18:13:56,988 : INFO : YamlMultifileConfigLoader : Machine config file #1: config.yaml
2026-03-19 18:13:56,988 : INFO : ConfigProcessor : Loading config from file /Users/willrante/mpf-env/lib/python3.14/site-packages/mpf/mpfconfig.yaml.
2026-03-19 18:13:56,998 : INFO : ConfigProcessor : Loading config: /Users/willrante/mpf-env/lib/python3.14/site-packages/mpf/mpfconfig.yaml
2026-03-19 18:13:56,998 : INFO : ConfigProcessor : Loading config from file /Users/willrante/Documents/GitHub/pinball/config/config.yaml.
2026-03-19 18:13:56,999 : INFO : ConfigProcessor : Loading config: /Users/willrante/Documents/GitHub/pinball/config/config.yaml
2026-03-19 18:13:56,999 : INFO : ConfigProcessor : Config file cache created: /var/folders/nw/6blj94p12ldcym3fj104vzlm0000gn/T/b334f8a4e2121184f8a617378a4d1625.mpf_cache
2026-03-19 18:13:57,023 : INFO : ConfigProcessor : Loading config from file /Users/willrante/mpf-env/lib/python3.14/site-packages/mpf/modes/attract/config/attract.yaml.
2026-03-19 18:13:57,023 : INFO : ConfigProcessor : Loading config: /Users/willrante/mpf-env/lib/python3.14/site-packages/mpf/modes/attract/config/attract.yaml
2026-03-19 18:13:57,023 : INFO : ConfigProcessor : Loading config from file /Users/willrante/Documents/GitHub/pinball/modes/attract/config/attract.yaml.
2026-03-19 18:13:57,023 : INFO : ConfigProcessor : Loading config: /Users/willrante/Documents/GitHub/pinball/modes/attract/config/attract.yaml
2026-03-19 18:13:57,023 : INFO : ConfigProcessor : Config file cache created: /var/folders/nw/6blj94p12ldcym3fj104vzlm0000gn/T/63da12c4cec82227b4c3859bbf3c7cd4.mpf_cache
2026-03-19 18:13:57,024 : INFO : ConfigProcessor : Loading config from file /Users/willrante/mpf-env/lib/python3.14/site-packages/mpf/modes/game/config/game.yaml.
2026-03-19 18:13:57,024 : INFO : ConfigProcessor : Loading config: /Users/willrante/mpf-env/lib/python3.14/site-packages/mpf/modes/game/config/game.yaml
2026-03-19 18:13:57,024 : INFO : ConfigProcessor : Config file cache created: /var/folders/nw/6blj94p12ldcym3fj104vzlm0000gn/T/b8625db2ee8ad38c42d4f1c72235edc8.mpf_cache
2026-03-19 18:13:57,024 : INFO : ConfigProcessor : Loading config from cache: /var/folders/nw/6blj94p12ldcym3fj104vzlm0000gn/T/63da12c4cec82227b4c3859bbf3c7cd4.mpf_cache
2026-03-19 18:13:57,024 : INFO : ConfigProcessor : Loading config from file /Users/willrante/Documents/GitHub/pinball/modes/base/config/base.yaml.
2026-03-19 18:13:57,025 : INFO : ConfigProcessor : Loading config: /Users/willrante/Documents/GitHub/pinball/modes/base/config/base.yaml
2026-03-19 18:13:57,025 : INFO : ConfigProcessor : Config file cache created: /var/folders/nw/6blj94p12ldcym3fj104vzlm0000gn/T/104947b35f87d581877cdaf02599b463.mpf_cache
2026-03-19 18:13:57,025 : INFO : Machine : Mission Pinball Framework Core Engine v0.80.0.dev13
2026-03-19 18:13:57,025 : INFO : Machine : Command line arguments: {'no_load_cache': False, 'create_config_cache': True, 'bcp': False, 'configfile': ['config.yaml'], 'force_assets_load': False, 'platform_integration_test': False, 'jsonlogging': False, 'logfile': 'logs/2026-03-19-18-13-56-mpf-Wills-MBP-M5.lan.log', 'pause': False, 'production': False, 'text_ui': False, 'loglevel': 15, 'consoleloglevel': 20, 'force_platform': 'virtual', 'syslog_address': None, 'full_logfile_path': '/Users/willrante/Documents/GitHub/pinball/logs/2026-03-19-18-13-56-mpf-Wills-MBP-M5.lan.log'}
2026-03-19 18:13:57,025 : INFO : Machine : MPF path: /Users/willrante/mpf-env/lib/python3.14/site-packages/mpf
2026-03-19 18:13:57,025 : INFO : Machine : Machine path: /Users/willrante/Documents/GitHub/pinball
2026-03-19 18:13:57,025 : INFO : Machine : Platform: darwin
2026-03-19 18:13:57,025 : INFO : Machine : Python executable location: /Users/willrante/mpf-env/bin/python3.14
2026-03-19 18:13:57,025 : INFO : Machine : Python version: 3.14.3 (64-bit)
2026-03-19 18:13:57,025 : INFO : Machine : Initializing MPF...
2026-03-19 18:13:57,395 : INFO : EventManager : Event: ======'machine_var_credits_string'====== Args={'value': 'FREE PLAY', 'prev_value': None, 'change': True}
2026-03-19 18:13:57,399 : INFO : EventManager : Event: ======'machine_var_master_volume'====== Args={'value': 0.5, 'prev_value': None, 'change': True}
2026-03-19 18:13:57,399 : INFO : EventManager : Event: ======'machine_var_mpf_version'====== Args={'value': 'Mission Pinball Framework v0.80.0.dev13', 'prev_value': None, 'change': True}
2026-03-19 18:13:57,399 : INFO : EventManager : Event: ======'machine_var_mpf_extended_version'====== Args={'value': 'Mission Pinball Framework v0.80.0.dev13, Config version:6, Show version: 6, BCP version:1.1', 'prev_value': None, 'change': True}
2026-03-19 18:13:57,402 : INFO : EventManager : Event: ======'machine_var_python_version'====== Args={'value': '3.14.3', 'prev_value': None, 'change': True}
2026-03-19 18:13:57,412 : INFO : EventManager : Event: ======'machine_var_platform'====== Args={'value': 'macOS-26.3.1-arm64-arm-64bit-Mach-O', 'prev_value': None, 'change': True}
2026-03-19 18:13:57,412 : INFO : EventManager : Event: ======'machine_var_platform_system'====== Args={'value': 'Darwin', 'prev_value': None, 'change': True}
2026-03-19 18:13:57,412 : INFO : EventManager : Event: ======'machine_var_platform_release'====== Args={'value': '25.3.0', 'prev_value': None, 'change': True}
2026-03-19 18:13:57,412 : INFO : EventManager : Event: ======'machine_var_platform_version'====== Args={'value': 'Darwin Kernel Version 25.3.0: Wed Jan 28 20:54:38 PST 2026; root:xnu-12377.91.3~2/RELEASE_ARM64_T6050', 'prev_value': None, 'change': True}
2026-03-19 18:13:57,412 : INFO : EventManager : Event: ======'machine_var_platform_machine'====== Args={'value': 'arm64', 'prev_value': None, 'change': True}
2026-03-19 18:13:57,412 : INFO : EventManager : Event: ======'machine_var_log_file_path'====== Args={'value': '/Users/willrante/Documents/GitHub/pinball/logs/2026-03-19-18-13-56-mpf-Wills-MBP-M5.lan.log', 'prev_value': None, 'change': True}
2026-03-19 18:13:57,412 : INFO : EventManager : Event: ======'init_phase_1'====== Args={}
2026-03-19 18:13:57,416 : INFO : EventManager : Event: ======'init_phase_2'====== Args={}
2026-03-19 18:13:57,418 : INFO : EventManager : Event: ======'init_phase_3'====== Args={}
2026-03-19 18:13:57,419 : INFO : EventManager : Event: ======'init_phase_4'====== Args={}
2026-03-19 18:13:57,419 : INFO : EventManager : Event: ======'machine_var_audits_events_game_started'====== Args={'value': 0, 'prev_value': None, 'change': True}
2026-03-19 18:13:57,419 : INFO : EventManager : Event: ======'machine_var_audits_events_game_ended'====== Args={'value': 0, 'prev_value': None, 'change': True}
2026-03-19 18:13:57,419 : INFO : EventManager : Event: ======'machine_var_audits_player_score'====== Args={'value': {'top': [], 'average': 0, 'total': 0}, 'prev_value': None, 'change': True}
2026-03-19 18:13:57,419 : INFO : EventManager : Event: ======'init_phase_5'====== Args={}
2026-03-19 18:13:57,419 : INFO : EventManager : Event: ======'init_done'====== Args={}
2026-03-19 18:13:57,419 : INFO : EventManager : Event: ======'machine_reset_phase_1'====== Args={}
2026-03-19 18:13:57,419 : INFO : EventManager : Event: ======'machine_reset_phase_2'====== Args={}
2026-03-19 18:13:57,420 : INFO : EventManager : Event: ======'machine_reset_phase_3'====== Args={}
2026-03-19 18:13:57,420 : INFO : EventManager : Event: ======'reset_complete'====== Args={}
2026-03-19 18:13:57,420 : INFO : EventManager : Event: ======'mode_attract_will_start'====== Args={}
2026-03-19 18:13:57,420 : INFO : EventManager : Event: ======'mode_attract_starting'====== Args={}
2026-03-19 18:13:57,420 : INFO : Mode.attract : Started. Priority: 10
2026-03-19 18:13:57,420 : INFO : EventManager : Event: ======'modes_active_modes_changed'====== Args={}
2026-03-19 18:13:57,420 : INFO : EventManager : Event: ======'mode_attract_started'====== Args={}
2026-03-19 18:13:57,420 : INFO : EventManager : Event: ======'collecting_balls_complete'====== Args={}
2026-03-19 18:13:57,420 : INFO : Machine : Starting the main run loop with active modes: [<Mode.attract>]
2026-03-19 18:14:32,359 : INFO : Machine : Shutting down...
2026-03-19 18:14:32,359 : INFO : EventManager : Event: ======'shutdown'====== Args={}
2026-03-19 18:14:32,361 : INFO : root : MPF run loop ended.
