2026-04-15 20:21:28,344 : INFO : root : Loading config.
2026-04-15 20:21:28,403 : INFO : ConfigProcessor : Config spec file cache created: /var/folders/nw/6blj94p12ldcym3fj104vzlm0000gn/T/config_spec.mpf_cache
2026-04-15 20:21:28,404 : INFO : YamlMultifileConfigLoader : Machine config file #1: config.yaml
2026-04-15 20:21:28,405 : INFO : ConfigProcessor : Loading config from cache: /var/folders/nw/6blj94p12ldcym3fj104vzlm0000gn/T/b334f8a4e2121184f8a617378a4d1625.mpf_cache
2026-04-15 20:21:28,437 : INFO : ConfigProcessor : Loading config from cache: /var/folders/nw/6blj94p12ldcym3fj104vzlm0000gn/T/63da12c4cec82227b4c3859bbf3c7cd4.mpf_cache
2026-04-15 20:21:28,437 : INFO : ConfigProcessor : Loading config from cache: /var/folders/nw/6blj94p12ldcym3fj104vzlm0000gn/T/b8625db2ee8ad38c42d4f1c72235edc8.mpf_cache
2026-04-15 20:21:28,438 : INFO : ConfigProcessor : Loading config from cache: /var/folders/nw/6blj94p12ldcym3fj104vzlm0000gn/T/63da12c4cec82227b4c3859bbf3c7cd4.mpf_cache
2026-04-15 20:21:28,438 : INFO : ConfigProcessor : Loading config from cache: /var/folders/nw/6blj94p12ldcym3fj104vzlm0000gn/T/104947b35f87d581877cdaf02599b463.mpf_cache
2026-04-15 20:21:28,439 : INFO : ConfigProcessor : Loading config from cache: /var/folders/nw/6blj94p12ldcym3fj104vzlm0000gn/T/bc830d47d6fbb336561cc63e74edf2c9.mpf_cache
2026-04-15 20:21:28,439 : INFO : ConfigProcessor : Loading config from cache: /var/folders/nw/6blj94p12ldcym3fj104vzlm0000gn/T/4273c698423283a7843ff5c77ef69dc9.mpf_cache
2026-04-15 20:21:28,440 : INFO : ConfigProcessor : Loading config from cache: /var/folders/nw/6blj94p12ldcym3fj104vzlm0000gn/T/7424f2cce7b15e0b37e570d3514590c8.mpf_cache
2026-04-15 20:21:28,440 : INFO : Machine : Mission Pinball Framework Core Engine v0.80.0.dev13
2026-04-15 20:21:28,440 : INFO : Machine : Command line arguments: {'no_load_cache': False, 'create_config_cache': True, 'bcp': False, 'configfile': ['config.yaml'], 'force_assets_load': False, 'platform_integration_test': False, 'jsonlogging': False, 'logfile': 'logs/2026-04-15-20-21-28-mpf-Wills-MacBook-Pro-M5.local.log', 'pause': False, 'production': False, 'text_ui': False, 'loglevel': 15, 'consoleloglevel': 20, 'force_platform': 'smart_virtual', 'syslog_address': None, 'full_logfile_path': '/Users/willrante/Documents/GitHub/pinball/logs/2026-04-15-20-21-28-mpf-Wills-MacBook-Pro-M5.local.log'}
2026-04-15 20:21:28,441 : INFO : Machine : MPF path: /Users/willrante/mpf-env/lib/python3.14/site-packages/mpf
2026-04-15 20:21:28,441 : INFO : Machine : Machine path: /Users/willrante/Documents/GitHub/pinball
2026-04-15 20:21:28,441 : INFO : Machine : Platform: darwin
2026-04-15 20:21:28,441 : INFO : Machine : Python executable location: /Users/willrante/mpf-env/bin/python3.14
2026-04-15 20:21:28,441 : INFO : Machine : Python version: 3.14.3 (64-bit)
2026-04-15 20:21:28,443 : INFO : Machine : Initializing MPF...
2026-04-15 20:21:28,479 : INFO : EventManager : Event: ======'machine_var_credits_string'====== Args={'value': 'FREE PLAY', 'prev_value': None, 'change': True}
2026-04-15 20:21:28,484 : INFO : EventManager : Event: ======'machine_var_master_volume'====== Args={'value': 0.5, 'prev_value': None, 'change': True}
2026-04-15 20:21:28,484 : INFO : EventManager : Event: ======'machine_var_mpf_version'====== Args={'value': 'Mission Pinball Framework v0.80.0.dev13', 'prev_value': None, 'change': True}
2026-04-15 20:21:28,484 : INFO : EventManager : Event: ======'machine_var_mpf_extended_version'====== Args={'value': 'Mission Pinball Framework v0.80.0.dev13, Config version:6, Show version: 6, BCP version:1.1', 'prev_value': None, 'change': True}
2026-04-15 20:21:28,485 : INFO : EventManager : Event: ======'machine_var_python_version'====== Args={'value': '3.14.3', 'prev_value': None, 'change': True}
2026-04-15 20:21:28,495 : INFO : EventManager : Event: ======'machine_var_platform'====== Args={'value': 'macOS-26.3.1-arm64-arm-64bit-Mach-O', 'prev_value': None, 'change': True}
2026-04-15 20:21:28,495 : INFO : EventManager : Event: ======'machine_var_platform_system'====== Args={'value': 'Darwin', 'prev_value': None, 'change': True}
2026-04-15 20:21:28,495 : INFO : EventManager : Event: ======'machine_var_platform_release'====== Args={'value': '25.3.0', 'prev_value': None, 'change': True}
2026-04-15 20:21:28,495 : INFO : EventManager : Event: ======'machine_var_platform_version'====== Args={'value': 'Darwin Kernel Version 25.3.0: Wed Jan 28 20:54:38 PST 2026; root:xnu-12377.91.3~2/RELEASE_ARM64_T6050', 'prev_value': None, 'change': True}
2026-04-15 20:21:28,495 : INFO : EventManager : Event: ======'machine_var_platform_machine'====== Args={'value': 'arm64', 'prev_value': None, 'change': True}
2026-04-15 20:21:28,495 : INFO : EventManager : Event: ======'machine_var_log_file_path'====== Args={'value': '/Users/willrante/Documents/GitHub/pinball/logs/2026-04-15-20-21-28-mpf-Wills-MacBook-Pro-M5.local.log', 'prev_value': None, 'change': True}
2026-04-15 20:21:28,496 : INFO : EventManager : Event: ======'init_phase_1'====== Args={}
2026-04-15 20:21:28,504 : INFO : EventManager : Event: ======'init_phase_2'====== Args={}
2026-04-15 20:21:28,505 : INFO : SwitchController : Found active switch: (1006, <Platform.SmartVirtual>) <switch.s_trough_1>
2026-04-15 20:21:28,505 : INFO : SwitchController : Found active switch: (1007, <Platform.SmartVirtual>) <switch.s_trough_2>
2026-04-15 20:21:28,505 : INFO : SwitchController : Found active switch: (1008, <Platform.SmartVirtual>) <switch.s_trough_3>
2026-04-15 20:21:28,506 : INFO : ball_device.bd_plunger : BCH: Initial count: 0
2026-04-15 20:21:28,507 : INFO : ball_device.bd_plunger : State: idle
2026-04-15 20:21:28,508 : INFO : ball_device.bd_trough : BCH: Initial count: 3
2026-04-15 20:21:28,508 : INFO : ball_device.bd_trough : State: idle
2026-04-15 20:21:28,513 : INFO : EventManager : Event: ======'init_phase_3'====== Args={}
2026-04-15 20:21:28,513 : INFO : EventManager : Event: ======'init_phase_4'====== Args={}
2026-04-15 20:21:28,514 : INFO : BallController : Initial balls found: 3
2026-04-15 20:21:28,514 : ERROR : asyncio : Task exception was never retrieved
future: <Task finished name='Task-52' coro=<BcpServer.start() done, defined at /Users/willrante/mpf-env/lib/python3.14/site-packages/mpf/core/bcp/bcp_server.py:23> exception=MpfRuntimeError('Failed to bind BCP Socket to 127.0.0.1 on port 5051. Is there another application running on that port?')>
Traceback (most recent call last):
  File "/Users/willrante/mpf-env/lib/python3.14/site-packages/mpf/core/bcp/bcp_server.py", line 26, in start
    self._server = await self.machine.clock.start_server(
                   ^^^^^^^^^^^^^^^^^^^^^^^^^^^^^^^^^^^^^^
        self._accept_client, self._ip, self._port)
        ^^^^^^^^^^^^^^^^^^^^^^^^^^^^^^^^^^^^^^^^^^
  File "/Library/Frameworks/Python.framework/Versions/3.14/lib/python3.14/asyncio/streams.py", line 84, in start_server
    return await loop.create_server(factory, host, port, **kwds)
           ^^^^^^^^^^^^^^^^^^^^^^^^^^^^^^^^^^^^^^^^^^^^^^^^^^^^^
  File "/Library/Frameworks/Python.framework/Versions/3.14/lib/python3.14/asyncio/base_events.py", line 1627, in create_server
    raise OSError(err.errno, msg) from None
PermissionError: [Errno 1] error while attempting to bind on address ('127.0.0.1', 5051): [errno 1] operation not permitted

The above exception was the direct cause of the following exception:

Traceback (most recent call last):
  File "/Users/willrante/mpf-env/lib/python3.14/site-packages/mpf/core/bcp/bcp_server.py", line 29, in start
    raise MpfRuntimeError("Failed to bind BCP Socket to {} on port {}. "
                          "Is there another application running on that port?".format(self._ip, self._port), 1,
                          "MPF BCP Server") from e
mpf.exceptions.runtime_error.MpfRuntimeError: Runtime Error in MPF BCP Server: Failed to bind BCP Socket to 127.0.0.1 on port 5051. Is there another application running on that port? Error Code: RE-MPF_BCP_Server-1 (https://missionpinball.org/latest/logs)
2026-04-15 20:21:28,516 : INFO : EventManager : Event: ======'machine_var_audits_events_game_ended'====== Args={'value': 0, 'prev_value': None, 'change': True}
2026-04-15 20:21:28,516 : INFO : EventManager : Event: ======'machine_var_audits_events_game_started'====== Args={'value': 4, 'prev_value': None, 'change': True}
2026-04-15 20:21:28,516 : INFO : EventManager : Event: ======'machine_var_audits_missing_switches_s_flipper_left'====== Args={'value': 2, 'prev_value': None, 'change': True}
2026-04-15 20:21:28,516 : INFO : EventManager : Event: ======'machine_var_audits_missing_switches_s_flipper_right'====== Args={'value': 2, 'prev_value': None, 'change': True}
2026-04-15 20:21:28,516 : INFO : EventManager : Event: ======'machine_var_audits_missing_switches_s_plunger_lane'====== Args={'value': 4, 'prev_value': None, 'change': True}
2026-04-15 20:21:28,516 : INFO : EventManager : Event: ======'machine_var_audits_missing_switches_s_trough_1'====== Args={'value': 4, 'prev_value': None, 'change': True}
2026-04-15 20:21:28,516 : INFO : EventManager : Event: ======'machine_var_audits_missing_switches_s_trough_2'====== Args={'value': 4, 'prev_value': None, 'change': True}
2026-04-15 20:21:28,516 : INFO : EventManager : Event: ======'machine_var_audits_missing_switches_s_trough_3'====== Args={'value': 4, 'prev_value': None, 'change': True}
2026-04-15 20:21:28,516 : INFO : EventManager : Event: ======'machine_var_audits_player_score'====== Args={'value': {'average': 0, 'top': [], 'total': 0}, 'prev_value': None, 'change': True}
2026-04-15 20:21:28,516 : INFO : EventManager : Event: ======'machine_var_audits_shots_bumper_left'====== Args={'value': 88, 'prev_value': None, 'change': True}
2026-04-15 20:21:28,516 : INFO : EventManager : Event: ======'machine_var_audits_shots_bumper_right'====== Args={'value': 104, 'prev_value': None, 'change': True}
2026-04-15 20:21:28,516 : INFO : EventManager : Event: ======'machine_var_audits_shots_hurryup'====== Args={'value': 3, 'prev_value': None, 'change': True}
2026-04-15 20:21:28,516 : INFO : EventManager : Event: ======'machine_var_audits_shots_left_lane'====== Args={'value': 9, 'prev_value': None, 'change': True}
2026-04-15 20:21:28,516 : INFO : EventManager : Event: ======'machine_var_audits_switches_s_bumper_left'====== Args={'value': 88, 'prev_value': None, 'change': True}
2026-04-15 20:21:28,516 : INFO : EventManager : Event: ======'machine_var_audits_switches_s_bumper_right'====== Args={'value': 104, 'prev_value': None, 'change': True}
2026-04-15 20:21:28,516 : INFO : EventManager : Event: ======'machine_var_audits_switches_s_flipper_left'====== Args={'value': 5, 'prev_value': None, 'change': True}
2026-04-15 20:21:28,516 : INFO : EventManager : Event: ======'machine_var_audits_switches_s_flipper_right'====== Args={'value': 5, 'prev_value': None, 'change': True}
2026-04-15 20:21:28,516 : INFO : EventManager : Event: ======'machine_var_audits_switches_s_left_lane'====== Args={'value': 9, 'prev_value': None, 'change': True}
2026-04-15 20:21:28,516 : INFO : EventManager : Event: ======'machine_var_audits_switches_s_plunger_lane'====== Args={'value': 0, 'prev_value': None, 'change': True}
2026-04-15 20:21:28,516 : INFO : EventManager : Event: ======'machine_var_audits_switches_s_start'====== Args={'value': 3, 'prev_value': None, 'change': True}
2026-04-15 20:21:28,516 : INFO : EventManager : Event: ======'machine_var_audits_switches_s_trough_1'====== Args={'value': 0, 'prev_value': None, 'change': True}
2026-04-15 20:21:28,516 : INFO : EventManager : Event: ======'machine_var_audits_switches_s_trough_2'====== Args={'value': 0, 'prev_value': None, 'change': True}
2026-04-15 20:21:28,516 : INFO : EventManager : Event: ======'machine_var_audits_switches_s_trough_3'====== Args={'value': 0, 'prev_value': None, 'change': True}
2026-04-15 20:21:28,517 : INFO : EventManager : Event: ======'init_phase_5'====== Args={}
2026-04-15 20:21:28,521 : INFO : EventManager : Event: ======'init_done'====== Args={}
2026-04-15 20:21:28,521 : INFO : Machine : Starting the main run loop with active modes: []
2026-04-15 20:21:28,521 : WARNING : Machine : Attract mode is not active, game will not be playable. Please check your attract mode configuration.
2026-04-15 20:21:28,522 : INFO : Machine : Shutting down...
2026-04-15 20:21:28,522 : INFO : EventManager : Event: ======'shutdown'====== Args={}
2026-04-15 20:21:28,522 : INFO : EventManager : Event: ======'machine_reset_phase_1'====== Args={}
2026-04-15 20:21:28,524 : INFO : EventManager : Event: ======'machine_reset_phase_2'====== Args={}
2026-04-15 20:21:28,525 : INFO : EventManager : Event: ======'machine_reset_phase_3'====== Args={}
2026-04-15 20:21:28,526 : INFO : EventManager : Event: ======'reset_complete'====== Args={}
2026-04-15 20:21:28,526 : INFO : EventManager : Event: ======'mode_attract_will_start'====== Args={}
2026-04-15 20:21:28,528 : INFO : Timer.attract_carousel_timer : Starting Timer.
2026-04-15 20:21:28,528 : INFO : EventManager : Event: ======'timer_attract_carousel_timer_started'====== Args={'ticks': 0, 'ticks_remaining': 1}
2026-04-15 20:21:28,528 : INFO : EventManager : Event: ======'timer_attract_carousel_timer_tick'====== Args={'ticks': 0, 'ticks_remaining': 1}
2026-04-15 20:21:28,528 : INFO : EventManager : Event: ======'mode_attract_starting'====== Args={}
2026-04-15 20:21:28,528 : INFO : Mode.attract : Will not start because machine is shutting down.
2026-04-15 20:21:28,530 : ERROR : Machine : Runtime Exception
Traceback (most recent call last):
  File "/Users/willrante/mpf-env/lib/python3.14/site-packages/mpf/core/bcp/bcp_server.py", line 26, in start
    self._server = await self.machine.clock.start_server(
                   ^^^^^^^^^^^^^^^^^^^^^^^^^^^^^^^^^^^^^^
        self._accept_client, self._ip, self._port)
        ^^^^^^^^^^^^^^^^^^^^^^^^^^^^^^^^^^^^^^^^^^
  File "/Library/Frameworks/Python.framework/Versions/3.14/lib/python3.14/asyncio/streams.py", line 84, in start_server
    return await loop.create_server(factory, host, port, **kwds)
           ^^^^^^^^^^^^^^^^^^^^^^^^^^^^^^^^^^^^^^^^^^^^^^^^^^^^^
  File "/Library/Frameworks/Python.framework/Versions/3.14/lib/python3.14/asyncio/base_events.py", line 1627, in create_server
    raise OSError(err.errno, msg) from None
PermissionError: [Errno 1] error while attempting to bind on address ('127.0.0.1', 5051): [errno 1] operation not permitted

The above exception was the direct cause of the following exception:

Traceback (most recent call last):
  File "/Users/willrante/mpf-env/lib/python3.14/site-packages/mpf/core/machine.py", line 810, in _run_loop
    raise self._exception['exception']
  File "/Users/willrante/mpf-env/lib/python3.14/site-packages/mpf/core/bcp/bcp_server.py", line 29, in start
    raise MpfRuntimeError("Failed to bind BCP Socket to {} on port {}. "
                          "Is there another application running on that port?".format(self._ip, self._port), 1,
                          "MPF BCP Server") from e
mpf.exceptions.runtime_error.MpfRuntimeError: Runtime Error in MPF BCP Server: Failed to bind BCP Socket to 127.0.0.1 on port 5051. Is there another application running on that port? Error Code: RE-MPF_BCP_Server-1 (https://missionpinball.org/latest/logs)
2026-04-15 20:21:28,532 : INFO : root : MPF run loop ended.
