2026-04-16 15:12:15,173 : INFO : root : Loading config.
2026-04-16 15:12:15,220 : INFO : ConfigProcessor : Config spec file cache created: /var/folders/nw/6blj94p12ldcym3fj104vzlm0000gn/T/config_spec.mpf_cache
2026-04-16 15:12:15,221 : INFO : YamlMultifileConfigLoader : Machine config file #1: config.yaml
2026-04-16 15:12:15,221 : INFO : ConfigProcessor : Loading config from cache: /var/folders/nw/6blj94p12ldcym3fj104vzlm0000gn/T/b334f8a4e2121184f8a617378a4d1625.mpf_cache
2026-04-16 15:12:15,232 : INFO : ConfigProcessor : Loading config from cache: /var/folders/nw/6blj94p12ldcym3fj104vzlm0000gn/T/63da12c4cec82227b4c3859bbf3c7cd4.mpf_cache
2026-04-16 15:12:15,232 : INFO : ConfigProcessor : Loading config from cache: /var/folders/nw/6blj94p12ldcym3fj104vzlm0000gn/T/b8625db2ee8ad38c42d4f1c72235edc8.mpf_cache
2026-04-16 15:12:15,233 : INFO : ConfigProcessor : Loading config from cache: /var/folders/nw/6blj94p12ldcym3fj104vzlm0000gn/T/63da12c4cec82227b4c3859bbf3c7cd4.mpf_cache
2026-04-16 15:12:15,233 : INFO : ConfigProcessor : Loading config from cache: /var/folders/nw/6blj94p12ldcym3fj104vzlm0000gn/T/104947b35f87d581877cdaf02599b463.mpf_cache
2026-04-16 15:12:15,233 : INFO : ConfigProcessor : Loading config from cache: /var/folders/nw/6blj94p12ldcym3fj104vzlm0000gn/T/bc830d47d6fbb336561cc63e74edf2c9.mpf_cache
2026-04-16 15:12:15,233 : INFO : ConfigProcessor : Loading config from cache: /var/folders/nw/6blj94p12ldcym3fj104vzlm0000gn/T/4273c698423283a7843ff5c77ef69dc9.mpf_cache
2026-04-16 15:12:15,233 : INFO : ConfigProcessor : Loading config from cache: /var/folders/nw/6blj94p12ldcym3fj104vzlm0000gn/T/7424f2cce7b15e0b37e570d3514590c8.mpf_cache
2026-04-16 15:12:15,233 : INFO : Machine : Mission Pinball Framework Core Engine v0.80.0.dev13
2026-04-16 15:12:15,233 : INFO : Machine : Command line arguments: {'no_load_cache': False, 'create_config_cache': True, 'bcp': True, 'configfile': ['config.yaml'], 'force_assets_load': False, 'platform_integration_test': False, 'jsonlogging': False, 'logfile': 'logs/2026-04-16-15-12-15-mpf-Wills-MacBook-Pro-M5.local.log', 'pause': False, 'production': False, 'text_ui': False, 'loglevel': 15, 'consoleloglevel': 20, 'force_platform': 'virtual', 'syslog_address': None, 'full_logfile_path': '/Users/willrante/Documents/GitHub/pinball/logs/2026-04-16-15-12-15-mpf-Wills-MacBook-Pro-M5.local.log'}
2026-04-16 15:12:15,233 : INFO : Machine : MPF path: /Users/willrante/mpf-env/lib/python3.14/site-packages/mpf
2026-04-16 15:12:15,233 : INFO : Machine : Machine path: /Users/willrante/Documents/GitHub/pinball
2026-04-16 15:12:15,233 : INFO : Machine : Platform: darwin
2026-04-16 15:12:15,233 : INFO : Machine : Python executable location: /Users/willrante/mpf-env/bin/python3.14
2026-04-16 15:12:15,233 : INFO : Machine : Python version: 3.14.3 (64-bit)
2026-04-16 15:12:15,233 : INFO : Machine : Initializing MPF...
2026-04-16 15:12:15,246 : INFO : EventManager : Event: ======'machine_var_credits_string'====== Args={'value': 'FREE PLAY', 'prev_value': None, 'change': True}
2026-04-16 15:12:15,249 : INFO : EventManager : Event: ======'machine_var_master_volume'====== Args={'value': 0.5, 'prev_value': None, 'change': True}
2026-04-16 15:12:15,249 : INFO : EventManager : Event: ======'machine_var_mpf_version'====== Args={'value': 'Mission Pinball Framework v0.80.0.dev13', 'prev_value': None, 'change': True}
2026-04-16 15:12:15,249 : INFO : EventManager : Event: ======'machine_var_mpf_extended_version'====== Args={'value': 'Mission Pinball Framework v0.80.0.dev13, Config version:6, Show version: 6, BCP version:1.1', 'prev_value': None, 'change': True}
2026-04-16 15:12:15,249 : INFO : EventManager : Event: ======'machine_var_python_version'====== Args={'value': '3.14.3', 'prev_value': None, 'change': True}
2026-04-16 15:12:15,254 : INFO : EventManager : Event: ======'machine_var_platform'====== Args={'value': 'macOS-26.4.1-arm64-arm-64bit-Mach-O', 'prev_value': None, 'change': True}
2026-04-16 15:12:15,254 : INFO : EventManager : Event: ======'machine_var_platform_system'====== Args={'value': 'Darwin', 'prev_value': None, 'change': True}
2026-04-16 15:12:15,255 : INFO : EventManager : Event: ======'machine_var_platform_release'====== Args={'value': '25.4.0', 'prev_value': None, 'change': True}
2026-04-16 15:12:15,255 : INFO : EventManager : Event: ======'machine_var_platform_version'====== Args={'value': 'Darwin Kernel Version 25.4.0: Thu Mar 19 19:33:50 PDT 2026; root:xnu-12377.101.15~1/RELEASE_ARM64_T6050', 'prev_value': None, 'change': True}
2026-04-16 15:12:15,255 : INFO : EventManager : Event: ======'machine_var_platform_machine'====== Args={'value': 'arm64', 'prev_value': None, 'change': True}
2026-04-16 15:12:15,255 : INFO : EventManager : Event: ======'machine_var_log_file_path'====== Args={'value': '/Users/willrante/Documents/GitHub/pinball/logs/2026-04-16-15-12-15-mpf-Wills-MacBook-Pro-M5.local.log', 'prev_value': None, 'change': True}
2026-04-16 15:12:15,255 : INFO : EventManager : Event: ======'init_phase_1'====== Args={}
2026-04-16 15:12:15,259 : INFO : EventManager : Event: ======'init_phase_2'====== Args={}
2026-04-16 15:12:15,259 : INFO : SwitchController : Found active switch: (1007, <Platform.Virtual>) <switch.s_trough_1>
2026-04-16 15:12:15,259 : INFO : SwitchController : Found active switch: (1008, <Platform.Virtual>) <switch.s_trough_2>
2026-04-16 15:12:15,259 : INFO : SwitchController : Found active switch: (1009, <Platform.Virtual>) <switch.s_trough_3>
2026-04-16 15:12:15,260 : INFO : EventManager : Event: ======'bcp_connection_attempt'====== Args={'name': 'local_display', 'host': 'localhost', 'port': 5050}
2026-04-16 15:12:15,260 : INFO : BCPClientSocket : Connecting BCP to 'local_display' at localhost:5050...
2026-04-16 15:12:15,262 : INFO : BCPClientSocket : Connected BCP to 'local_display' localhost:5050
2026-04-16 15:12:15,262 : INFO : EventManager : Event: ======'bcp_clients_connected'====== Args={}
2026-04-16 15:12:15,263 : INFO : ball_device.bd_plunger : BCH: Initial count: 0
2026-04-16 15:12:15,263 : INFO : ball_device.bd_plunger : State: idle
2026-04-16 15:12:15,263 : INFO : ball_device.bd_trough : BCH: Initial count: 3
2026-04-16 15:12:15,263 : INFO : ball_device.bd_trough : State: idle
2026-04-16 15:12:15,265 : INFO : EventManager : Event: ======'init_phase_3'====== Args={}
2026-04-16 15:12:15,265 : INFO : EventManager : Event: ======'init_phase_4'====== Args={}
2026-04-16 15:12:15,266 : INFO : BallController : Initial balls found: 3
2026-04-16 15:12:15,266 : INFO : EventManager : Event: ======'machine_var_audits_events_game_ended'====== Args={'value': 0, 'prev_value': None, 'change': True}
2026-04-16 15:12:15,266 : INFO : EventManager : Event: ======'machine_var_audits_events_game_started'====== Args={'value': 26, 'prev_value': None, 'change': True}
2026-04-16 15:12:15,266 : INFO : EventManager : Event: ======'machine_var_audits_missing_switches_s_bumper_left'====== Args={'value': 15, 'prev_value': None, 'change': True}
2026-04-16 15:12:15,266 : INFO : EventManager : Event: ======'machine_var_audits_missing_switches_s_bumper_right'====== Args={'value': 15, 'prev_value': None, 'change': True}
2026-04-16 15:12:15,266 : INFO : EventManager : Event: ======'machine_var_audits_missing_switches_s_plunger_lane'====== Args={'value': 26, 'prev_value': None, 'change': True}
2026-04-16 15:12:15,266 : INFO : EventManager : Event: ======'machine_var_audits_missing_switches_s_start'====== Args={'value': 22, 'prev_value': None, 'change': True}
2026-04-16 15:12:15,266 : INFO : EventManager : Event: ======'machine_var_audits_missing_switches_s_trough_1'====== Args={'value': 26, 'prev_value': None, 'change': True}
2026-04-16 15:12:15,266 : INFO : EventManager : Event: ======'machine_var_audits_missing_switches_s_trough_2'====== Args={'value': 26, 'prev_value': None, 'change': True}
2026-04-16 15:12:15,266 : INFO : EventManager : Event: ======'machine_var_audits_missing_switches_s_trough_3'====== Args={'value': 26, 'prev_value': None, 'change': True}
2026-04-16 15:12:15,266 : INFO : EventManager : Event: ======'machine_var_audits_player_score'====== Args={'value': {'average': 0, 'top': [], 'total': 0}, 'prev_value': None, 'change': True}
2026-04-16 15:12:15,267 : INFO : EventManager : Event: ======'machine_var_audits_shots_bumper_left'====== Args={'value': 145, 'prev_value': None, 'change': True}
2026-04-16 15:12:15,267 : INFO : EventManager : Event: ======'machine_var_audits_shots_bumper_right'====== Args={'value': 144, 'prev_value': None, 'change': True}
2026-04-16 15:12:15,267 : INFO : EventManager : Event: ======'machine_var_audits_shots_hurryup'====== Args={'value': 3, 'prev_value': None, 'change': True}
2026-04-16 15:12:15,267 : INFO : EventManager : Event: ======'machine_var_audits_shots_left_lane'====== Args={'value': 34, 'prev_value': None, 'change': True}
2026-04-16 15:12:15,267 : INFO : EventManager : Event: ======'machine_var_audits_switches_s_action_button'====== Args={'value': 225, 'prev_value': None, 'change': True}
2026-04-16 15:12:15,267 : INFO : EventManager : Event: ======'machine_var_audits_switches_s_bumper_left'====== Args={'value': 145, 'prev_value': None, 'change': True}
2026-04-16 15:12:15,267 : INFO : EventManager : Event: ======'machine_var_audits_switches_s_bumper_right'====== Args={'value': 144, 'prev_value': None, 'change': True}
2026-04-16 15:12:15,267 : INFO : EventManager : Event: ======'machine_var_audits_switches_s_flipper_left'====== Args={'value': 257, 'prev_value': None, 'change': True}
2026-04-16 15:12:15,267 : INFO : EventManager : Event: ======'machine_var_audits_switches_s_flipper_right'====== Args={'value': 246, 'prev_value': None, 'change': True}
2026-04-16 15:12:15,267 : INFO : EventManager : Event: ======'machine_var_audits_switches_s_left_lane'====== Args={'value': 34, 'prev_value': None, 'change': True}
2026-04-16 15:12:15,267 : INFO : EventManager : Event: ======'machine_var_audits_switches_s_plunger_lane'====== Args={'value': 0, 'prev_value': None, 'change': True}
2026-04-16 15:12:15,267 : INFO : EventManager : Event: ======'machine_var_audits_switches_s_start'====== Args={'value': 3, 'prev_value': None, 'change': True}
2026-04-16 15:12:15,267 : INFO : EventManager : Event: ======'machine_var_audits_switches_s_trough_1'====== Args={'value': 0, 'prev_value': None, 'change': True}
2026-04-16 15:12:15,267 : INFO : EventManager : Event: ======'machine_var_audits_switches_s_trough_2'====== Args={'value': 0, 'prev_value': None, 'change': True}
2026-04-16 15:12:15,267 : INFO : EventManager : Event: ======'machine_var_audits_switches_s_trough_3'====== Args={'value': 0, 'prev_value': None, 'change': True}
2026-04-16 15:12:15,267 : INFO : EventManager : Event: ======'init_phase_5'====== Args={}
2026-04-16 15:12:15,267 : INFO : EventManager : Event: ======'init_done'====== Args={}
2026-04-16 15:12:15,267 : INFO : EventManager : Event: ======'machine_reset_phase_1'====== Args={}
2026-04-16 15:12:15,275 : INFO : EventManager : Event: ======'machine_reset_phase_2'====== Args={}
2026-04-16 15:12:15,276 : INFO : EventManager : Event: ======'machine_reset_phase_3'====== Args={}
2026-04-16 15:12:15,276 : INFO : EventManager : Event: ======'reset_complete'====== Args={}
2026-04-16 15:12:15,276 : INFO : EventManager : Event: ======'mode_attract_will_start'====== Args={}
2026-04-16 15:12:15,276 : INFO : Timer.attract_carousel_timer : Starting Timer.
2026-04-16 15:12:15,276 : INFO : EventManager : Event: ======'timer_attract_carousel_timer_started'====== Args={'ticks': 0, 'ticks_remaining': 1}
2026-04-16 15:12:15,276 : INFO : EventManager : Event: ======'timer_attract_carousel_timer_tick'====== Args={'ticks': 0, 'ticks_remaining': 1}
2026-04-16 15:12:15,276 : INFO : EventManager : Event: ======'mode_attract_starting'====== Args={}
2026-04-16 15:12:15,276 : INFO : Mode.attract : Started. Priority: 10
2026-04-16 15:12:15,276 : INFO : EventManager : Event: ======'modes_active_modes_changed'====== Args={}
2026-04-16 15:12:15,276 : INFO : EventManager : Event: ======'mode_attract_started'====== Args={}
2026-04-16 15:12:15,276 : INFO : EventManager : Event: ======'collecting_balls_complete'====== Args={}
2026-04-16 15:12:15,276 : INFO : EventManager : Event: ======'carousel_item_highlighted'====== Args={'carousel': 'attract', 'direction': None, 'item': 'title'}
2026-04-16 15:12:15,276 : INFO : EventManager : Event: ======'timer_attract_carousel_timer_tick'====== Args={'ticks': 0, 'ticks_remaining': 1}
2026-04-16 15:12:15,277 : INFO : Machine : Starting the main run loop with active modes: [<Mode.attract>]
2026-04-16 15:12:15,318 : INFO : EventManager : Event: ======'slide_attract_created'====== Args={'_from_bcp': True}
2026-04-16 15:12:15,318 : INFO : EventManager : Event: ======'slide__removed'====== Args={'_from_bcp': True}
2026-04-16 15:12:15,318 : INFO : EventManager : Event: ======'slide_attract_active'====== Args={'original_context': 'attract', 'original_calling_context': 'mode_attract_started', 'priority': 10.0, 'cmd': 'slides_play', '_from_bcp': True}
2026-04-16 15:12:17,209 : INFO : SwitchController : <<<<<<< 's_start' active >>>>>>>
2026-04-16 15:12:17,325 : INFO : SwitchController : <<<<<<< 's_start' inactive >>>>>>>
2026-04-16 15:12:17,325 : INFO : EventManager : Event: ======'request_to_start_game'====== Args={}
2026-04-16 15:12:17,326 : INFO : EventManager : Event: ======'game_start'====== Args={'buttons': [], 'hold_time': 0.11595108399887977}
2026-04-16 15:12:17,326 : INFO : EventManager : Event: ======'mode_game_will_start'====== Args={'buttons': [], 'hold_time': 0.11595108399887977}
2026-04-16 15:12:17,327 : INFO : EventManager : Event: ======'mode_game_starting'====== Args={'buttons': [], 'hold_time': 0.11595108399887977}
2026-04-16 15:12:17,327 : INFO : EventManager : Event: ======'mode_attract_will_stop'====== Args={}
2026-04-16 15:12:17,327 : INFO : EventManager : Event: ======'mode_attract_stopping'====== Args={}
2026-04-16 15:12:17,327 : INFO : Mode.attract : Stopped.
2026-04-16 15:12:17,327 : INFO : EventManager : Event: ======'modes_active_modes_changed'====== Args={}
2026-04-16 15:12:17,328 : INFO : EventManager : Event: ======'mode_attract_stopped'====== Args={}
2026-04-16 15:12:17,328 : INFO : EventManager : Event: ======'clear'====== Args={'key': 'attract'}
2026-04-16 15:12:17,328 : INFO : Timer.attract_carousel_timer : Stopping Timer
2026-04-16 15:12:17,328 : INFO : EventManager : Event: ======'timer_attract_carousel_timer_stopped'====== Args={'ticks': 0, 'ticks_remaining': 1}
2026-04-16 15:12:17,329 : INFO : Mode.game : Started. Priority: 20
2026-04-16 15:12:17,329 : INFO : EventManager : Event: ======'modes_active_modes_changed'====== Args={}
2026-04-16 15:12:17,329 : INFO : EventManager : Event: ======'mode_game_started'====== Args={'buttons': [], 'hold_time': 0.11595108399887977}
2026-04-16 15:12:17,329 : INFO : EventManager : Event: ======'game_will_start'====== Args={}
2026-04-16 15:12:17,330 : INFO : EventManager : Event: ======'game_starting'====== Args={'game': <Mode.game>}
2026-04-16 15:12:17,331 : INFO : EventManager : Unordered handler for class <Auditor> on event game_ended with priority 1. Handlers: [RegisteredHandler(callback=<bound method Auditor.disable of <Auditor>>, priority=1, kwargs={}, key=UUID('702f0f06-05e3-44e0-ac81-8832ce7f0dc0'), condition=None, blocking_facility=None), RegisteredHandler(callback=<bound method Auditor._save_audits of <Auditor>>, priority=1, kwargs={}, key=UUID('32656486-3041-48d9-9b55-abb19e2f6844'), condition=None, blocking_facility=None)]. The order of those handlers is not defined and they will be executed in random order. This might lead to race conditions and potential bugs.
2026-04-16 15:12:17,331 : INFO : EventManager : Event: ======'player_add_request'====== Args={}
2026-04-16 15:12:17,331 : INFO : EventManager : Event: ======'player_will_add'====== Args={'number': 1}
2026-04-16 15:12:17,331 : INFO : EventManager : Event: ======'player_adding'====== Args={'player': <Player 1>, 'number': 1}
2026-04-16 15:12:17,331 : INFO : EventManager : Event: ======'player_added'====== Args={'player': <Player 1>, 'num': 1}
2026-04-16 15:12:17,331 : INFO : Mode.game : Player added successfully. Total players: 1
2026-04-16 15:12:17,331 : INFO : EventManager : Event: ======'player_index'====== Args={'value': 0, 'prev_value': 0, 'change': 0, 'player_num': 1}
2026-04-16 15:12:17,332 : INFO : EventManager : Event: ======'player_number'====== Args={'value': 1, 'prev_value': 1, 'change': 0, 'player_num': 1}
2026-04-16 15:12:17,332 : INFO : EventManager : Event: ======'player_score'====== Args={'value': 0, 'prev_value': 0, 'change': 0, 'player_num': 1}
2026-04-16 15:12:17,332 : INFO : EventManager : Event: ======'game_started'====== Args={}
2026-04-16 15:12:17,333 : INFO : EventManager : Event: ======'player_turn_will_start'====== Args={'player': <Player 1>, 'number': 1}
2026-04-16 15:12:17,333 : INFO : EventManager : Event: ======'player_turn_starting'====== Args={'player': <Player 1>, 'number': 1}
2026-04-16 15:12:17,337 : INFO : EventManager : Event: ======'player_ball'====== Args={'value': 1, 'prev_value': 0, 'change': 1, 'player_num': 1}
2026-04-16 15:12:17,337 : INFO : EventManager : Event: ======'player_turn_started'====== Args={'player': <Player 1>, 'number': 1}
2026-04-16 15:12:17,338 : INFO : EventManager : Event: ======'ball_will_start'====== Args={'player': 1, 'ball': 1, 'balls_remaining': 2, 'is_extra_ball': False}
2026-04-16 15:12:17,338 : INFO : EventManager : Event: ======'ball_starting'====== Args={'player': 1, 'ball': 1, 'balls_remaining': 2, 'is_extra_ball': False}
2026-04-16 15:12:17,338 : INFO : EventManager : Event: ======'mode_base_will_start'====== Args={'queue': <QueuedEvent>, 'player': 1, 'ball': 1, 'balls_remaining': 2, 'is_extra_ball': False}
2026-04-16 15:12:17,339 : INFO : EventManager : Event: ======'player_shot_left_lane_enabled'====== Args={'value': True, 'prev_value': 0, 'change': 1, 'player_num': 1}
2026-04-16 15:12:17,339 : INFO : EventManager : Event: ======'mode_base_starting'====== Args={'queue': <QueuedEvent>, 'player': 1, 'ball': 1, 'balls_remaining': 2, 'is_extra_ball': False}
2026-04-16 15:12:17,339 : INFO : Mode.base : Started. Priority: 100
2026-04-16 15:12:17,340 : INFO : EventManager : Event: ======'modes_active_modes_changed'====== Args={}
2026-04-16 15:12:17,340 : INFO : EventManager : Event: ======'mode_base_started'====== Args={'queue': <QueuedEvent>, 'player': 1, 'ball': 1, 'balls_remaining': 2, 'is_extra_ball': False}
2026-04-16 15:12:17,340 : INFO : EventManager : Event: ======'start_mode_bumpers'====== Args={'priority': 0}
2026-04-16 15:12:17,340 : INFO : EventManager : Event: ======'mode_bumpers_will_start'====== Args={'priority': 0}
2026-04-16 15:12:17,340 : INFO : EventManager : Event: ======'player_shot_bumper_left_enabled'====== Args={'value': True, 'prev_value': 0, 'change': 1, 'player_num': 1}
2026-04-16 15:12:17,340 : INFO : EventManager : Event: ======'player_shot_bumper_right_enabled'====== Args={'value': True, 'prev_value': 0, 'change': 1, 'player_num': 1}
2026-04-16 15:12:17,341 : INFO : EventManager : Event: ======'bumpers_complete'====== Args={'state': 'unlit'}
2026-04-16 15:12:17,341 : INFO : EventManager : Event: ======'bumpers_unlit_complete'====== Args={}
2026-04-16 15:12:17,341 : INFO : EventManager : Event: ======'mode_bumpers_starting'====== Args={'priority': 0}
2026-04-16 15:12:17,341 : INFO : Mode.bumpers : Started. Priority: 200
2026-04-16 15:12:17,341 : INFO : EventManager : Event: ======'modes_active_modes_changed'====== Args={}
2026-04-16 15:12:17,341 : INFO : EventManager : Event: ======'mode_bumpers_started'====== Args={'priority': 0}
2026-04-16 15:12:17,342 : INFO : EventManager : Event: ======'balls_in_play'====== Args={'balls': 1}
2026-04-16 15:12:17,342 : INFO : EventManager : Event: ======'ball_started'====== Args={'player': 1, 'ball': 1, 'balls_remaining': 2, 'is_extra_ball': False}
2026-04-16 15:12:17,342 : INFO : EventManager : Event: ======'single_player_ball_started'====== Args={}
2026-04-16 15:12:17,343 : INFO : EventManager : Event: ======'ball_start_target'====== Args={'target': 'playfield'}
2026-04-16 15:12:17,343 : INFO : ball_device.bd_trough : Setting up player-controlled eject. Balls: 1, Target: <playfield.playfield>, player_controlled_eject_event: None
2026-04-16 15:12:17,343 : INFO : ball_device.bd_trough : Adding 1 ball(s) to the eject_queue with target <playfield.playfield>.
2026-04-16 15:12:17,343 : INFO : EventManager : Event: ======'balldevice_balls_available'====== Args={}
2026-04-16 15:12:17,343 : INFO : ball_device.bd_trough : State: waiting_for_target_ready
2026-04-16 15:12:17,343 : INFO : EventManager : Event: ======'balldevice_bd_trough_ball_eject_attempt'====== Args={'balls': 1, 'target': <ball_device.bd_plunger>, 'source': <ball_device.bd_trough>, 'mechanical_eject': False, 'num_attempts': 0}
2026-04-16 15:12:17,344 : INFO : ball_device.bd_plunger : State: waiting_for_ball
2026-04-16 15:12:17,344 : INFO : ball_device.bd_trough : State: ejecting
2026-04-16 15:12:17,344 : INFO : ball_device.bd_trough : Ejecting ball to <ball_device.bd_plunger>
2026-04-16 15:12:17,344 : INFO : EventManager : Event: ======'balldevice_bd_trough_ejecting_ball'====== Args={'balls': 1, 'target': <ball_device.bd_plunger>, 'source': <ball_device.bd_trough>, 'mechanical_eject': False, 'num_attempts': 0}
2026-04-16 15:12:17,345 : INFO : ball_device.bd_trough : Wait for ball to leave device
2026-04-16 15:12:17,345 : INFO : coil.c_trough_eject : Pulsing Driver for 10ms (1.0 pulse_power)
2026-04-16 15:12:17,352 : INFO : EventManager : Event: ======'slide_base_slide_created'====== Args={'_from_bcp': True}
2026-04-16 15:12:17,352 : INFO : EventManager : Event: ======'slide_attract_inactive'====== Args={'is_removing': True, '_from_bcp': True}
2026-04-16 15:12:17,352 : INFO : EventManager : Event: ======'slide_base_slide_active'====== Args={'original_context': 'base', 'original_calling_context': 'mode_base_started', 'priority': 100.0, 'queue': '<QueuedEvent>', 'player': 1.0, 'ball': 1.0, 'balls_remaining': 2.0, 'is_extra_ball': False, 'cmd': 'slides_play', '_from_bcp': True}
2026-04-16 15:12:17,352 : INFO : EventManager : Event: ======'slide_attract_removed'====== Args={'_from_bcp': True}
2026-04-16 15:12:18,291 : INFO : SwitchController : <<<<<<< 's_left_lane' active >>>>>>>
2026-04-16 15:12:18,292 : INFO : EventManager : Event: ======'playfield_active'====== Args={'source': 'hurryup'}
2026-04-16 15:12:18,292 : INFO : EventManager : Event: ======'unexpected_ball_on_playfield'====== Args={}
2026-04-16 15:12:18,292 : INFO : EventManager : Event: ======'playfield_active'====== Args={'source': 'left_lane'}
2026-04-16 15:12:18,292 : INFO : EventManager : Event: ======'unexpected_ball_on_playfield'====== Args={}
2026-04-16 15:12:18,292 : INFO : EventManager : Event: ======'s_left_lane_active'====== Args={}
2026-04-16 15:12:18,292 : INFO : EventManager : Event: ======'machine_var_audits_switches_s_left_lane'====== Args={'value': 35, 'prev_value': 34, 'change': 1}
2026-04-16 15:12:18,293 : INFO : EventManager : Event: ======'player_shot_left_lane'====== Args={'value': 1, 'prev_value': 0, 'change': 1, 'player_num': 1}
2026-04-16 15:12:18,293 : INFO : EventManager : Event: ======'machine_var_audits_shots_left_lane'====== Args={'value': 35, 'prev_value': 34, 'change': 1}
2026-04-16 15:12:18,294 : INFO : EventManager : Event: ======'left_lane_hit'====== Args={'profile': 'default', 'state': 'unlit', 'advancing': True}
2026-04-16 15:12:18,294 : INFO : EventManager : Event: ======'left_lane_default_hit'====== Args={'profile': 'default', 'state': 'unlit', 'advancing': True}
2026-04-16 15:12:18,294 : INFO : EventManager : Event: ======'left_lane_default_unlit_hit'====== Args={'profile': 'default', 'state': 'unlit', 'advancing': True}
2026-04-16 15:12:18,294 : INFO : EventManager : Event: ======'left_lane_unlit_hit'====== Args={'profile': 'default', 'state': 'unlit', 'advancing': True}
2026-04-16 15:12:18,294 : INFO : EventManager : Event: ======'start_mode_rhythm'====== Args={'priority': 0}
2026-04-16 15:12:18,294 : INFO : EventManager : Event: ======'mode_rhythm_will_start'====== Args={'priority': 0}
2026-04-16 15:12:18,295 : INFO : EventManager : Event: ======'mode_rhythm_starting'====== Args={'priority': 0}
2026-04-16 15:12:18,295 : INFO : Mode.rhythm : Started. Priority: 1200
2026-04-16 15:12:18,295 : INFO : EventManager : Event: ======'modes_active_modes_changed'====== Args={}
2026-04-16 15:12:18,295 : INFO : EventManager : Event: ======'mode_rhythm_started'====== Args={'priority': 0}
2026-04-16 15:12:18,296 : INFO : EventManager : Event: ======'player_rhythm_mode_score'====== Args={'value': 0, 'prev_value': 0, 'change': 0, 'player_num': 1}
2026-04-16 15:12:18,296 : INFO : EventManager : Event: ======'player_rhythm_combo'====== Args={'value': 0, 'prev_value': 0, 'change': 0, 'player_num': 1}
2026-04-16 15:12:18,296 : INFO : EventManager : Event: ======'player_rhythm_best_combo'====== Args={'value': 0, 'prev_value': 0, 'change': 0, 'player_num': 1}
2026-04-16 15:12:18,297 : INFO : EventManager : Event: ======'player_rhythm_hits'====== Args={'value': 0, 'prev_value': 0, 'change': 0, 'player_num': 1}
2026-04-16 15:12:18,297 : INFO : EventManager : Event: ======'player_rhythm_misses'====== Args={'value': 0, 'prev_value': 0, 'change': 0, 'player_num': 1}
2026-04-16 15:12:18,297 : INFO : EventManager : Event: ======'player_rhythm_notes_total'====== Args={'value': 38, 'prev_value': 0, 'change': 38, 'player_num': 1}
2026-04-16 15:12:18,297 : INFO : EventManager : Event: ======'player_rhythm_accuracy'====== Args={'value': 0, 'prev_value': 0, 'change': 0, 'player_num': 1}
2026-04-16 15:12:18,297 : INFO : EventManager : Event: ======'player_rhythm_multiplier'====== Args={'value': 1, 'prev_value': 0, 'change': 1, 'player_num': 1}
2026-04-16 15:12:18,349 : INFO : EventManager : Event: ======'rhythm_chart_started'====== Args={'total_notes': 38, 'travel_ms': 1600, 'perfect_window_ms': 90, 'good_window_ms': 170, 'lead_in_ms': 1800, 'chart_started_delay_ms': 50, 'song_key': 'Deep Purple - Smoke On the Water (Official Music Video)', 'song_bus': 'music', 'audio_offset_ms': 0}
2026-04-16 15:12:18,384 : INFO : EventManager : Event: ======'slide_rhythm_created'====== Args={'_from_bcp': True}
2026-04-16 15:12:18,385 : INFO : EventManager : Event: ======'slide_base_slide_inactive'====== Args={'is_removing': False, '_from_bcp': True}
2026-04-16 15:12:18,385 : INFO : EventManager : Event: ======'slide_rhythm_active'====== Args={'original_context': 'rhythm', 'original_calling_context': 'mode_rhythm_started', 'priority': 1200.0, 'cmd': 'slides_play', '_from_bcp': True}
2026-04-16 15:12:18,425 : INFO : SwitchController : <<<<<<< 's_left_lane' inactive >>>>>>>
2026-04-16 15:12:19,098 : INFO : EventManager : Event: ======'rhythm_note_spawned'====== Args={'note_id': 0, 'lane': 'left', 'travel_ms': 1600, 'hit_time_ms': 2400}
2026-04-16 15:12:19,498 : INFO : EventManager : Event: ======'rhythm_note_spawned'====== Args={'note_id': 1, 'lane': 'center', 'travel_ms': 1600, 'hit_time_ms': 2800}
2026-04-16 15:12:19,899 : INFO : EventManager : Event: ======'rhythm_note_spawned'====== Args={'note_id': 2, 'lane': 'right', 'travel_ms': 1600, 'hit_time_ms': 3200}
2026-04-16 15:12:20,299 : INFO : EventManager : Event: ======'rhythm_note_spawned'====== Args={'note_id': 3, 'lane': 'left', 'travel_ms': 1600, 'hit_time_ms': 3600}
2026-04-16 15:12:20,699 : INFO : EventManager : Event: ======'rhythm_note_spawned'====== Args={'note_id': 4, 'lane': 'center', 'travel_ms': 1600, 'hit_time_ms': 4000}
2026-04-16 15:12:20,699 : INFO : EventManager : Event: ======'rhythm_note_spawned'====== Args={'note_id': 5, 'lane': 'right', 'travel_ms': 1600, 'hit_time_ms': 4000}
2026-04-16 15:12:20,742 : INFO : SwitchController : <<<<<<< 's_flipper_left' active >>>>>>>
2026-04-16 15:12:20,742 : INFO : EventManager : Event: ======'rhythm_lane_pressed'====== Args={'lane': 'left'}
2026-04-16 15:12:20,742 : INFO : EventManager : Event: ======'player_rhythm_combo'====== Args={'value': 1, 'prev_value': 0, 'change': 1, 'player_num': 1}
2026-04-16 15:12:20,742 : INFO : EventManager : Event: ======'player_rhythm_best_combo'====== Args={'value': 1, 'prev_value': 0, 'change': 1, 'player_num': 1}
2026-04-16 15:12:20,742 : INFO : EventManager : Event: ======'player_rhythm_hits'====== Args={'value': 1, 'prev_value': 0, 'change': 1, 'player_num': 1}
2026-04-16 15:12:20,743 : INFO : EventManager : Event: ======'player_rhythm_mode_score'====== Args={'value': 20000, 'prev_value': 0, 'change': 20000, 'player_num': 1}
2026-04-16 15:12:20,743 : INFO : EventManager : Event: ======'player_score'====== Args={'value': 20000, 'prev_value': 0, 'change': 20000, 'player_num': 1}
2026-04-16 15:12:20,743 : INFO : EventManager : Event: ======'rhythm_note_hit'====== Args={'note_id': 0, 'lane': 'left', 'judgment': 'perfect', 'combo': 1, 'multiplier': 1, 'award': 20000, 'delta_ms': 46, 'total_score': 20000}
2026-04-16 15:12:20,743 : INFO : EventManager : Event: ======'machine_var_audits_switches_s_flipper_left'====== Args={'value': 258, 'prev_value': 257, 'change': 1}
2026-04-16 15:12:20,875 : INFO : SwitchController : <<<<<<< 's_flipper_left' inactive >>>>>>>
2026-04-16 15:12:21,109 : INFO : SwitchController : <<<<<<< 's_action_button' active >>>>>>>
2026-04-16 15:12:21,110 : INFO : EventManager : Event: ======'rhythm_lane_pressed'====== Args={'lane': 'center'}
2026-04-16 15:12:21,110 : INFO : EventManager : Event: ======'player_rhythm_combo'====== Args={'value': 2, 'prev_value': 1, 'change': 1, 'player_num': 1}
2026-04-16 15:12:21,110 : INFO : EventManager : Event: ======'player_rhythm_best_combo'====== Args={'value': 2, 'prev_value': 1, 'change': 1, 'player_num': 1}
2026-04-16 15:12:21,110 : INFO : EventManager : Event: ======'player_rhythm_hits'====== Args={'value': 2, 'prev_value': 1, 'change': 1, 'player_num': 1}
2026-04-16 15:12:21,110 : INFO : EventManager : Event: ======'player_rhythm_mode_score'====== Args={'value': 40000, 'prev_value': 20000, 'change': 20000, 'player_num': 1}
2026-04-16 15:12:21,110 : INFO : EventManager : Event: ======'player_score'====== Args={'value': 40000, 'prev_value': 20000, 'change': 20000, 'player_num': 1}
2026-04-16 15:12:21,110 : INFO : EventManager : Event: ======'rhythm_note_hit'====== Args={'note_id': 1, 'lane': 'center', 'judgment': 'perfect', 'combo': 2, 'multiplier': 1, 'award': 20000, 'delta_ms': 14, 'total_score': 40000}
2026-04-16 15:12:21,110 : INFO : EventManager : Event: ======'machine_var_audits_switches_s_action_button'====== Args={'value': 226, 'prev_value': 225, 'change': 1}
2026-04-16 15:12:21,198 : INFO : EventManager : Event: ======'rhythm_note_spawned'====== Args={'note_id': 6, 'lane': 'left', 'travel_ms': 1600, 'hit_time_ms': 4500}
2026-04-16 15:12:21,258 : INFO : SwitchController : <<<<<<< 's_action_button' inactive >>>>>>>
2026-04-16 15:12:21,392 : INFO : SwitchController : <<<<<<< 's_flipper_right' active >>>>>>>
2026-04-16 15:12:21,392 : INFO : EventManager : Event: ======'rhythm_lane_pressed'====== Args={'lane': 'right'}
2026-04-16 15:12:21,393 : INFO : EventManager : Event: ======'player_rhythm_combo'====== Args={'value': 3, 'prev_value': 2, 'change': 1, 'player_num': 1}
2026-04-16 15:12:21,393 : INFO : EventManager : Event: ======'player_rhythm_best_combo'====== Args={'value': 3, 'prev_value': 2, 'change': 1, 'player_num': 1}
2026-04-16 15:12:21,393 : INFO : EventManager : Event: ======'player_rhythm_hits'====== Args={'value': 3, 'prev_value': 2, 'change': 1, 'player_num': 1}
2026-04-16 15:12:21,393 : INFO : EventManager : Event: ======'player_rhythm_mode_score'====== Args={'value': 50000, 'prev_value': 40000, 'change': 10000, 'player_num': 1}
2026-04-16 15:12:21,393 : INFO : EventManager : Event: ======'player_score'====== Args={'value': 50000, 'prev_value': 40000, 'change': 10000, 'player_num': 1}
2026-04-16 15:12:21,394 : INFO : EventManager : Event: ======'rhythm_note_hit'====== Args={'note_id': 2, 'lane': 'right', 'judgment': 'good', 'combo': 3, 'multiplier': 1, 'award': 10000, 'delta_ms': 103, 'total_score': 50000}
2026-04-16 15:12:21,394 : INFO : EventManager : Event: ======'machine_var_audits_switches_s_flipper_right'====== Args={'value': 247, 'prev_value': 246, 'change': 1}
2026-04-16 15:12:21,558 : INFO : SwitchController : <<<<<<< 's_flipper_right' inactive >>>>>>>
2026-04-16 15:12:21,599 : INFO : EventManager : Event: ======'rhythm_note_spawned'====== Args={'note_id': 7, 'lane': 'center', 'travel_ms': 1600, 'hit_time_ms': 4900}
2026-04-16 15:12:21,875 : INFO : SwitchController : <<<<<<< 's_flipper_left' active >>>>>>>
2026-04-16 15:12:21,876 : INFO : EventManager : Event: ======'rhythm_lane_pressed'====== Args={'lane': 'left'}
2026-04-16 15:12:21,876 : INFO : EventManager : Event: ======'player_rhythm_combo'====== Args={'value': 4, 'prev_value': 3, 'change': 1, 'player_num': 1}
2026-04-16 15:12:21,876 : INFO : EventManager : Event: ======'player_rhythm_best_combo'====== Args={'value': 4, 'prev_value': 3, 'change': 1, 'player_num': 1}
2026-04-16 15:12:21,876 : INFO : EventManager : Event: ======'player_rhythm_hits'====== Args={'value': 4, 'prev_value': 3, 'change': 1, 'player_num': 1}
2026-04-16 15:12:21,877 : INFO : EventManager : Event: ======'player_rhythm_mode_score'====== Args={'value': 70000, 'prev_value': 50000, 'change': 20000, 'player_num': 1}
2026-04-16 15:12:21,877 : INFO : EventManager : Event: ======'player_score'====== Args={'value': 70000, 'prev_value': 50000, 'change': 20000, 'player_num': 1}
2026-04-16 15:12:21,877 : INFO : EventManager : Event: ======'rhythm_note_hit'====== Args={'note_id': 3, 'lane': 'left', 'judgment': 'perfect', 'combo': 4, 'multiplier': 1, 'award': 20000, 'delta_ms': 20, 'total_score': 70000}
2026-04-16 15:12:21,877 : INFO : EventManager : Event: ======'machine_var_audits_switches_s_flipper_left'====== Args={'value': 259, 'prev_value': 258, 'change': 1}
2026-04-16 15:12:21,992 : INFO : SwitchController : <<<<<<< 's_flipper_left' inactive >>>>>>>
2026-04-16 15:12:21,998 : INFO : EventManager : Event: ======'rhythm_note_spawned'====== Args={'note_id': 8, 'lane': 'right', 'travel_ms': 1600, 'hit_time_ms': 5300}
2026-04-16 15:12:22,243 : INFO : SwitchController : <<<<<<< 's_action_button' active >>>>>>>
2026-04-16 15:12:22,243 : INFO : EventManager : Event: ======'rhythm_lane_pressed'====== Args={'lane': 'center'}
2026-04-16 15:12:22,243 : INFO : EventManager : Event: ======'player_rhythm_combo'====== Args={'value': 5, 'prev_value': 4, 'change': 1, 'player_num': 1}
2026-04-16 15:12:22,244 : INFO : EventManager : Event: ======'player_rhythm_best_combo'====== Args={'value': 5, 'prev_value': 4, 'change': 1, 'player_num': 1}
2026-04-16 15:12:22,244 : INFO : EventManager : Event: ======'player_rhythm_hits'====== Args={'value': 5, 'prev_value': 4, 'change': 1, 'player_num': 1}
2026-04-16 15:12:22,244 : INFO : EventManager : Event: ======'player_rhythm_mode_score'====== Args={'value': 90000, 'prev_value': 70000, 'change': 20000, 'player_num': 1}
2026-04-16 15:12:22,244 : INFO : EventManager : Event: ======'player_score'====== Args={'value': 90000, 'prev_value': 70000, 'change': 20000, 'player_num': 1}
2026-04-16 15:12:22,244 : INFO : EventManager : Event: ======'rhythm_note_hit'====== Args={'note_id': 4, 'lane': 'center', 'judgment': 'perfect', 'combo': 5, 'multiplier': 1, 'award': 20000, 'delta_ms': 52, 'total_score': 90000}
2026-04-16 15:12:22,244 : INFO : EventManager : Event: ======'machine_var_audits_switches_s_action_button'====== Args={'value': 227, 'prev_value': 226, 'change': 1}
2026-04-16 15:12:22,259 : INFO : SwitchController : <<<<<<< 's_flipper_right' active >>>>>>>
2026-04-16 15:12:22,259 : INFO : EventManager : Event: ======'rhythm_lane_pressed'====== Args={'lane': 'right'}
2026-04-16 15:12:22,259 : INFO : EventManager : Event: ======'player_rhythm_combo'====== Args={'value': 6, 'prev_value': 5, 'change': 1, 'player_num': 1}
2026-04-16 15:12:22,260 : INFO : EventManager : Event: ======'player_rhythm_best_combo'====== Args={'value': 6, 'prev_value': 5, 'change': 1, 'player_num': 1}
2026-04-16 15:12:22,260 : INFO : EventManager : Event: ======'player_rhythm_hits'====== Args={'value': 6, 'prev_value': 5, 'change': 1, 'player_num': 1}
2026-04-16 15:12:22,260 : INFO : EventManager : Event: ======'player_rhythm_mode_score'====== Args={'value': 110000, 'prev_value': 90000, 'change': 20000, 'player_num': 1}
2026-04-16 15:12:22,260 : INFO : EventManager : Event: ======'player_score'====== Args={'value': 110000, 'prev_value': 90000, 'change': 20000, 'player_num': 1}
2026-04-16 15:12:22,260 : INFO : EventManager : Event: ======'rhythm_note_hit'====== Args={'note_id': 5, 'lane': 'right', 'judgment': 'perfect', 'combo': 6, 'multiplier': 1, 'award': 20000, 'delta_ms': 37, 'total_score': 110000}
2026-04-16 15:12:22,260 : INFO : EventManager : Event: ======'machine_var_audits_switches_s_flipper_right'====== Args={'value': 248, 'prev_value': 247, 'change': 1}
2026-04-16 15:12:22,399 : INFO : EventManager : Event: ======'rhythm_note_spawned'====== Args={'note_id': 9, 'lane': 'left', 'travel_ms': 1600, 'hit_time_ms': 5700}
2026-04-16 15:12:22,426 : INFO : SwitchController : <<<<<<< 's_action_button' inactive >>>>>>>
2026-04-16 15:12:22,443 : INFO : SwitchController : <<<<<<< 's_flipper_right' inactive >>>>>>>
2026-04-16 15:12:22,742 : INFO : SwitchController : <<<<<<< 's_flipper_left' active >>>>>>>
2026-04-16 15:12:22,742 : INFO : EventManager : Event: ======'rhythm_lane_pressed'====== Args={'lane': 'left'}
2026-04-16 15:12:22,742 : INFO : EventManager : Event: ======'player_rhythm_combo'====== Args={'value': 7, 'prev_value': 6, 'change': 1, 'player_num': 1}
2026-04-16 15:12:22,743 : INFO : EventManager : Event: ======'player_rhythm_best_combo'====== Args={'value': 7, 'prev_value': 6, 'change': 1, 'player_num': 1}
2026-04-16 15:12:22,743 : INFO : EventManager : Event: ======'player_rhythm_hits'====== Args={'value': 7, 'prev_value': 6, 'change': 1, 'player_num': 1}
2026-04-16 15:12:22,743 : INFO : EventManager : Event: ======'player_rhythm_mode_score'====== Args={'value': 130000, 'prev_value': 110000, 'change': 20000, 'player_num': 1}
2026-04-16 15:12:22,743 : INFO : EventManager : Event: ======'player_score'====== Args={'value': 130000, 'prev_value': 110000, 'change': 20000, 'player_num': 1}
2026-04-16 15:12:22,743 : INFO : EventManager : Event: ======'rhythm_note_hit'====== Args={'note_id': 6, 'lane': 'left', 'judgment': 'perfect', 'combo': 7, 'multiplier': 1, 'award': 20000, 'delta_ms': 53, 'total_score': 130000}
2026-04-16 15:12:22,744 : INFO : EventManager : Event: ======'machine_var_audits_switches_s_flipper_left'====== Args={'value': 260, 'prev_value': 259, 'change': 1}
2026-04-16 15:12:22,798 : INFO : EventManager : Event: ======'rhythm_note_spawned'====== Args={'note_id': 10, 'lane': 'center', 'travel_ms': 1600, 'hit_time_ms': 6100}
2026-04-16 15:12:22,859 : INFO : SwitchController : <<<<<<< 's_flipper_left' inactive >>>>>>>
2026-04-16 15:12:23,192 : INFO : SwitchController : <<<<<<< 's_action_button' active >>>>>>>
2026-04-16 15:12:23,193 : INFO : EventManager : Event: ======'rhythm_lane_pressed'====== Args={'lane': 'center'}
2026-04-16 15:12:23,193 : INFO : EventManager : Event: ======'player_rhythm_combo'====== Args={'value': 8, 'prev_value': 7, 'change': 1, 'player_num': 1}
2026-04-16 15:12:23,193 : INFO : EventManager : Event: ======'player_rhythm_best_combo'====== Args={'value': 8, 'prev_value': 7, 'change': 1, 'player_num': 1}
2026-04-16 15:12:23,193 : INFO : EventManager : Event: ======'player_rhythm_hits'====== Args={'value': 8, 'prev_value': 7, 'change': 1, 'player_num': 1}
2026-04-16 15:12:23,193 : INFO : EventManager : Event: ======'player_rhythm_mode_score'====== Args={'value': 150000, 'prev_value': 130000, 'change': 20000, 'player_num': 1}
2026-04-16 15:12:23,194 : INFO : EventManager : Event: ======'player_score'====== Args={'value': 150000, 'prev_value': 130000, 'change': 20000, 'player_num': 1}
2026-04-16 15:12:23,194 : INFO : EventManager : Event: ======'rhythm_note_hit'====== Args={'note_id': 7, 'lane': 'center', 'judgment': 'perfect', 'combo': 8, 'multiplier': 1, 'award': 20000, 'delta_ms': 3, 'total_score': 150000}
2026-04-16 15:12:23,194 : INFO : EventManager : Event: ======'machine_var_audits_switches_s_action_button'====== Args={'value': 228, 'prev_value': 227, 'change': 1}
2026-04-16 15:12:23,198 : INFO : EventManager : Event: ======'rhythm_note_spawned'====== Args={'note_id': 11, 'lane': 'right', 'travel_ms': 1600, 'hit_time_ms': 6500}
2026-04-16 15:12:23,325 : INFO : SwitchController : <<<<<<< 's_action_button' inactive >>>>>>>
2026-04-16 15:12:23,575 : INFO : SwitchController : <<<<<<< 's_flipper_right' active >>>>>>>
2026-04-16 15:12:23,576 : INFO : EventManager : Event: ======'rhythm_lane_pressed'====== Args={'lane': 'right'}
2026-04-16 15:12:23,576 : INFO : EventManager : Event: ======'player_rhythm_combo'====== Args={'value': 9, 'prev_value': 8, 'change': 1, 'player_num': 1}
2026-04-16 15:12:23,576 : INFO : EventManager : Event: ======'player_rhythm_best_combo'====== Args={'value': 9, 'prev_value': 8, 'change': 1, 'player_num': 1}
2026-04-16 15:12:23,576 : INFO : EventManager : Event: ======'player_rhythm_hits'====== Args={'value': 9, 'prev_value': 8, 'change': 1, 'player_num': 1}
2026-04-16 15:12:23,577 : INFO : EventManager : Event: ======'player_rhythm_multiplier'====== Args={'value': 2, 'prev_value': 1, 'change': 1, 'player_num': 1}
2026-04-16 15:12:23,577 : INFO : EventManager : Event: ======'player_rhythm_mode_score'====== Args={'value': 190000, 'prev_value': 150000, 'change': 40000, 'player_num': 1}
2026-04-16 15:12:23,577 : INFO : EventManager : Event: ======'player_score'====== Args={'value': 190000, 'prev_value': 150000, 'change': 40000, 'player_num': 1}
2026-04-16 15:12:23,577 : INFO : EventManager : Event: ======'rhythm_note_hit'====== Args={'note_id': 8, 'lane': 'right', 'judgment': 'perfect', 'combo': 9, 'multiplier': 2, 'award': 40000, 'delta_ms': 20, 'total_score': 190000}
2026-04-16 15:12:23,577 : INFO : EventManager : Event: ======'machine_var_audits_switches_s_flipper_right'====== Args={'value': 249, 'prev_value': 248, 'change': 1}
2026-04-16 15:12:23,598 : INFO : EventManager : Event: ======'rhythm_note_spawned'====== Args={'note_id': 12, 'lane': 'center', 'travel_ms': 1600, 'hit_time_ms': 6900}
2026-04-16 15:12:23,725 : INFO : SwitchController : <<<<<<< 's_flipper_right' inactive >>>>>>>
2026-04-16 15:12:23,998 : INFO : EventManager : Event: ======'rhythm_note_spawned'====== Args={'note_id': 13, 'lane': 'right', 'travel_ms': 1600, 'hit_time_ms': 7300}
2026-04-16 15:12:24,042 : INFO : SwitchController : <<<<<<< 's_flipper_left' active >>>>>>>
2026-04-16 15:12:24,043 : INFO : EventManager : Event: ======'rhythm_lane_pressed'====== Args={'lane': 'left'}
2026-04-16 15:12:24,043 : INFO : EventManager : Event: ======'player_rhythm_combo'====== Args={'value': 10, 'prev_value': 9, 'change': 1, 'player_num': 1}
2026-04-16 15:12:24,043 : INFO : EventManager : Event: ======'player_rhythm_best_combo'====== Args={'value': 10, 'prev_value': 9, 'change': 1, 'player_num': 1}
2026-04-16 15:12:24,043 : INFO : EventManager : Event: ======'player_rhythm_hits'====== Args={'value': 10, 'prev_value': 9, 'change': 1, 'player_num': 1}
2026-04-16 15:12:24,043 : INFO : EventManager : Event: ======'player_rhythm_mode_score'====== Args={'value': 230000, 'prev_value': 190000, 'change': 40000, 'player_num': 1}
2026-04-16 15:12:24,043 : INFO : EventManager : Event: ======'player_score'====== Args={'value': 230000, 'prev_value': 190000, 'change': 40000, 'player_num': 1}
2026-04-16 15:12:24,044 : INFO : EventManager : Event: ======'rhythm_note_hit'====== Args={'note_id': 9, 'lane': 'left', 'judgment': 'perfect', 'combo': 10, 'multiplier': 2, 'award': 40000, 'delta_ms': 47, 'total_score': 230000}
2026-04-16 15:12:24,044 : INFO : EventManager : Event: ======'machine_var_audits_switches_s_flipper_left'====== Args={'value': 261, 'prev_value': 260, 'change': 1}
2026-04-16 15:12:24,142 : INFO : SwitchController : <<<<<<< 's_flipper_left' inactive >>>>>>>
2026-04-16 15:12:24,392 : INFO : SwitchController : <<<<<<< 's_action_button' active >>>>>>>
2026-04-16 15:12:24,392 : INFO : EventManager : Event: ======'rhythm_lane_pressed'====== Args={'lane': 'center'}
2026-04-16 15:12:24,393 : INFO : EventManager : Event: ======'player_rhythm_combo'====== Args={'value': 11, 'prev_value': 10, 'change': 1, 'player_num': 1}
2026-04-16 15:12:24,393 : INFO : EventManager : Event: ======'player_rhythm_best_combo'====== Args={'value': 11, 'prev_value': 10, 'change': 1, 'player_num': 1}
2026-04-16 15:12:24,393 : INFO : EventManager : Event: ======'player_rhythm_hits'====== Args={'value': 11, 'prev_value': 10, 'change': 1, 'player_num': 1}
2026-04-16 15:12:24,393 : INFO : EventManager : Event: ======'player_rhythm_mode_score'====== Args={'value': 270000, 'prev_value': 230000, 'change': 40000, 'player_num': 1}
2026-04-16 15:12:24,393 : INFO : EventManager : Event: ======'player_score'====== Args={'value': 270000, 'prev_value': 230000, 'change': 40000, 'player_num': 1}
2026-04-16 15:12:24,393 : INFO : EventManager : Event: ======'rhythm_note_hit'====== Args={'note_id': 10, 'lane': 'center', 'judgment': 'perfect', 'combo': 11, 'multiplier': 2, 'award': 40000, 'delta_ms': 3, 'total_score': 270000}
2026-04-16 15:12:24,393 : INFO : EventManager : Event: ======'machine_var_audits_switches_s_action_button'====== Args={'value': 229, 'prev_value': 228, 'change': 1}
2026-04-16 15:12:24,398 : INFO : EventManager : Event: ======'rhythm_note_spawned'====== Args={'note_id': 14, 'lane': 'left', 'travel_ms': 1600, 'hit_time_ms': 7700}
2026-04-16 15:12:24,399 : INFO : EventManager : Event: ======'rhythm_note_spawned'====== Args={'note_id': 15, 'lane': 'center', 'travel_ms': 1600, 'hit_time_ms': 7700}
2026-04-16 15:12:24,508 : INFO : SwitchController : <<<<<<< 's_action_button' inactive >>>>>>>
2026-04-16 15:12:24,759 : INFO : SwitchController : <<<<<<< 's_flipper_right' active >>>>>>>
2026-04-16 15:12:24,760 : INFO : EventManager : Event: ======'rhythm_lane_pressed'====== Args={'lane': 'right'}
2026-04-16 15:12:24,760 : INFO : EventManager : Event: ======'player_rhythm_combo'====== Args={'value': 12, 'prev_value': 11, 'change': 1, 'player_num': 1}
2026-04-16 15:12:24,760 : INFO : EventManager : Event: ======'player_rhythm_best_combo'====== Args={'value': 12, 'prev_value': 11, 'change': 1, 'player_num': 1}
2026-04-16 15:12:24,760 : INFO : EventManager : Event: ======'player_rhythm_hits'====== Args={'value': 12, 'prev_value': 11, 'change': 1, 'player_num': 1}
2026-04-16 15:12:24,760 : INFO : EventManager : Event: ======'player_rhythm_mode_score'====== Args={'value': 310000, 'prev_value': 270000, 'change': 40000, 'player_num': 1}
2026-04-16 15:12:24,760 : INFO : EventManager : Event: ======'player_score'====== Args={'value': 310000, 'prev_value': 270000, 'change': 40000, 'player_num': 1}
2026-04-16 15:12:24,761 : INFO : EventManager : Event: ======'rhythm_note_hit'====== Args={'note_id': 11, 'lane': 'right', 'judgment': 'perfect', 'combo': 12, 'multiplier': 2, 'award': 40000, 'delta_ms': 36, 'total_score': 310000}
2026-04-16 15:12:24,761 : INFO : EventManager : Event: ======'machine_var_audits_switches_s_flipper_right'====== Args={'value': 250, 'prev_value': 249, 'change': 1}
2026-04-16 15:12:24,908 : INFO : SwitchController : <<<<<<< 's_flipper_right' inactive >>>>>>>
2026-04-16 15:12:24,998 : INFO : EventManager : Event: ======'rhythm_note_spawned'====== Args={'note_id': 16, 'lane': 'left', 'travel_ms': 1600, 'hit_time_ms': 8300}
2026-04-16 15:12:25,109 : INFO : SwitchController : <<<<<<< 's_action_button' active >>>>>>>
2026-04-16 15:12:25,109 : INFO : EventManager : Event: ======'rhythm_lane_pressed'====== Args={'lane': 'center'}
2026-04-16 15:12:25,109 : INFO : EventManager : Event: ======'player_rhythm_combo'====== Args={'value': 13, 'prev_value': 12, 'change': 1, 'player_num': 1}
2026-04-16 15:12:25,110 : INFO : EventManager : Event: ======'player_rhythm_best_combo'====== Args={'value': 13, 'prev_value': 12, 'change': 1, 'player_num': 1}
2026-04-16 15:12:25,110 : INFO : EventManager : Event: ======'player_rhythm_hits'====== Args={'value': 13, 'prev_value': 12, 'change': 1, 'player_num': 1}
2026-04-16 15:12:25,110 : INFO : EventManager : Event: ======'player_rhythm_mode_score'====== Args={'value': 350000, 'prev_value': 310000, 'change': 40000, 'player_num': 1}
2026-04-16 15:12:25,110 : INFO : EventManager : Event: ======'player_score'====== Args={'value': 350000, 'prev_value': 310000, 'change': 40000, 'player_num': 1}
2026-04-16 15:12:25,111 : INFO : EventManager : Event: ======'rhythm_note_hit'====== Args={'note_id': 12, 'lane': 'center', 'judgment': 'perfect', 'combo': 13, 'multiplier': 2, 'award': 40000, 'delta_ms': 86, 'total_score': 350000}
2026-04-16 15:12:25,111 : INFO : EventManager : Event: ======'machine_var_audits_switches_s_action_button'====== Args={'value': 230, 'prev_value': 229, 'change': 1}
2026-04-16 15:12:25,259 : INFO : SwitchController : <<<<<<< 's_action_button' inactive >>>>>>>
2026-04-16 15:12:25,399 : INFO : EventManager : Event: ======'rhythm_note_spawned'====== Args={'note_id': 17, 'lane': 'center', 'travel_ms': 1600, 'hit_time_ms': 8700}
2026-04-16 15:12:25,576 : INFO : SwitchController : <<<<<<< 's_flipper_right' active >>>>>>>
2026-04-16 15:12:25,576 : INFO : EventManager : Event: ======'rhythm_lane_pressed'====== Args={'lane': 'right'}
2026-04-16 15:12:25,576 : INFO : EventManager : Event: ======'player_rhythm_combo'====== Args={'value': 14, 'prev_value': 13, 'change': 1, 'player_num': 1}
2026-04-16 15:12:25,576 : INFO : EventManager : Event: ======'player_rhythm_best_combo'====== Args={'value': 14, 'prev_value': 13, 'change': 1, 'player_num': 1}
2026-04-16 15:12:25,576 : INFO : EventManager : Event: ======'player_rhythm_hits'====== Args={'value': 14, 'prev_value': 13, 'change': 1, 'player_num': 1}
2026-04-16 15:12:25,577 : INFO : EventManager : Event: ======'player_rhythm_mode_score'====== Args={'value': 390000, 'prev_value': 350000, 'change': 40000, 'player_num': 1}
2026-04-16 15:12:25,577 : INFO : EventManager : Event: ======'player_score'====== Args={'value': 390000, 'prev_value': 350000, 'change': 40000, 'player_num': 1}
2026-04-16 15:12:25,577 : INFO : EventManager : Event: ======'rhythm_note_hit'====== Args={'note_id': 13, 'lane': 'right', 'judgment': 'perfect', 'combo': 14, 'multiplier': 2, 'award': 40000, 'delta_ms': 20, 'total_score': 390000}
2026-04-16 15:12:25,577 : INFO : EventManager : Event: ======'machine_var_audits_switches_s_flipper_right'====== Args={'value': 251, 'prev_value': 250, 'change': 1}
2026-04-16 15:12:25,692 : INFO : SwitchController : <<<<<<< 's_flipper_right' inactive >>>>>>>
2026-04-16 15:12:25,799 : INFO : EventManager : Event: ======'rhythm_note_spawned'====== Args={'note_id': 18, 'lane': 'right', 'travel_ms': 1600, 'hit_time_ms': 9100}
2026-04-16 15:12:26,042 : INFO : SwitchController : <<<<<<< 's_action_button' active >>>>>>>
2026-04-16 15:12:26,043 : INFO : EventManager : Event: ======'rhythm_lane_pressed'====== Args={'lane': 'center'}
2026-04-16 15:12:26,043 : INFO : EventManager : Event: ======'player_rhythm_combo'====== Args={'value': 15, 'prev_value': 14, 'change': 1, 'player_num': 1}
2026-04-16 15:12:26,043 : INFO : EventManager : Event: ======'player_rhythm_best_combo'====== Args={'value': 15, 'prev_value': 14, 'change': 1, 'player_num': 1}
2026-04-16 15:12:26,044 : INFO : EventManager : Event: ======'player_rhythm_hits'====== Args={'value': 15, 'prev_value': 14, 'change': 1, 'player_num': 1}
2026-04-16 15:12:26,044 : INFO : EventManager : Event: ======'player_rhythm_mode_score'====== Args={'value': 430000, 'prev_value': 390000, 'change': 40000, 'player_num': 1}
2026-04-16 15:12:26,044 : INFO : EventManager : Event: ======'player_score'====== Args={'value': 430000, 'prev_value': 390000, 'change': 40000, 'player_num': 1}
2026-04-16 15:12:26,044 : INFO : EventManager : Event: ======'rhythm_note_hit'====== Args={'note_id': 15, 'lane': 'center', 'judgment': 'perfect', 'combo': 15, 'multiplier': 2, 'award': 40000, 'delta_ms': 47, 'total_score': 430000}
2026-04-16 15:12:26,045 : INFO : EventManager : Event: ======'machine_var_audits_switches_s_action_button'====== Args={'value': 231, 'prev_value': 230, 'change': 1}
2026-04-16 15:12:26,045 : INFO : SwitchController : <<<<<<< 's_flipper_left' active >>>>>>>
2026-04-16 15:12:26,045 : INFO : EventManager : Event: ======'rhythm_lane_pressed'====== Args={'lane': 'left'}
2026-04-16 15:12:26,045 : INFO : EventManager : Event: ======'player_rhythm_combo'====== Args={'value': 16, 'prev_value': 15, 'change': 1, 'player_num': 1}
2026-04-16 15:12:26,045 : INFO : EventManager : Event: ======'player_rhythm_best_combo'====== Args={'value': 16, 'prev_value': 15, 'change': 1, 'player_num': 1}
2026-04-16 15:12:26,046 : INFO : EventManager : Event: ======'player_rhythm_hits'====== Args={'value': 16, 'prev_value': 15, 'change': 1, 'player_num': 1}
2026-04-16 15:12:26,046 : INFO : EventManager : Event: ======'player_rhythm_mode_score'====== Args={'value': 470000, 'prev_value': 430000, 'change': 40000, 'player_num': 1}
2026-04-16 15:12:26,046 : INFO : EventManager : Event: ======'player_score'====== Args={'value': 470000, 'prev_value': 430000, 'change': 40000, 'player_num': 1}
2026-04-16 15:12:26,046 : INFO : EventManager : Event: ======'rhythm_note_hit'====== Args={'note_id': 14, 'lane': 'left', 'judgment': 'perfect', 'combo': 16, 'multiplier': 2, 'award': 40000, 'delta_ms': 49, 'total_score': 470000}
2026-04-16 15:12:26,046 : INFO : EventManager : Event: ======'machine_var_audits_switches_s_flipper_left'====== Args={'value': 262, 'prev_value': 261, 'change': 1}
2026-04-16 15:12:26,176 : INFO : SwitchController : <<<<<<< 's_flipper_left' inactive >>>>>>>
2026-04-16 15:12:26,176 : INFO : SwitchController : <<<<<<< 's_action_button' inactive >>>>>>>
2026-04-16 15:12:26,199 : INFO : EventManager : Event: ======'rhythm_note_spawned'====== Args={'note_id': 19, 'lane': 'center', 'travel_ms': 1600, 'hit_time_ms': 9500}
2026-04-16 15:12:26,559 : INFO : SwitchController : <<<<<<< 's_flipper_left' active >>>>>>>
2026-04-16 15:12:26,559 : INFO : EventManager : Event: ======'rhythm_lane_pressed'====== Args={'lane': 'left'}
2026-04-16 15:12:26,559 : INFO : EventManager : Event: ======'player_rhythm_combo'====== Args={'value': 17, 'prev_value': 16, 'change': 1, 'player_num': 1}
2026-04-16 15:12:26,560 : INFO : EventManager : Event: ======'player_rhythm_best_combo'====== Args={'value': 17, 'prev_value': 16, 'change': 1, 'player_num': 1}
2026-04-16 15:12:26,560 : INFO : EventManager : Event: ======'player_rhythm_hits'====== Args={'value': 17, 'prev_value': 16, 'change': 1, 'player_num': 1}
2026-04-16 15:12:26,560 : INFO : EventManager : Event: ======'player_rhythm_multiplier'====== Args={'value': 3, 'prev_value': 2, 'change': 1, 'player_num': 1}
2026-04-16 15:12:26,560 : INFO : EventManager : Event: ======'player_rhythm_mode_score'====== Args={'value': 530000, 'prev_value': 470000, 'change': 60000, 'player_num': 1}
2026-04-16 15:12:26,561 : INFO : EventManager : Event: ======'player_score'====== Args={'value': 530000, 'prev_value': 470000, 'change': 60000, 'player_num': 1}
2026-04-16 15:12:26,561 : INFO : EventManager : Event: ======'rhythm_note_hit'====== Args={'note_id': 16, 'lane': 'left', 'judgment': 'perfect', 'combo': 17, 'multiplier': 3, 'award': 60000, 'delta_ms': 37, 'total_score': 530000}
2026-04-16 15:12:26,561 : INFO : EventManager : Event: ======'machine_var_audits_switches_s_flipper_left'====== Args={'value': 263, 'prev_value': 262, 'change': 1}
2026-04-16 15:12:26,598 : INFO : EventManager : Event: ======'rhythm_note_spawned'====== Args={'note_id': 20, 'lane': 'right', 'travel_ms': 1600, 'hit_time_ms': 9900}
2026-04-16 15:12:26,675 : INFO : SwitchController : <<<<<<< 's_flipper_left' inactive >>>>>>>
2026-04-16 15:12:26,999 : INFO : EventManager : Event: ======'rhythm_note_spawned'====== Args={'note_id': 21, 'lane': 'left', 'travel_ms': 1600, 'hit_time_ms': 10300}
2026-04-16 15:12:27,025 : INFO : SwitchController : <<<<<<< 's_action_button' active >>>>>>>
2026-04-16 15:12:27,026 : INFO : EventManager : Event: ======'rhythm_lane_pressed'====== Args={'lane': 'center'}
2026-04-16 15:12:27,026 : INFO : EventManager : Event: ======'player_rhythm_combo'====== Args={'value': 18, 'prev_value': 17, 'change': 1, 'player_num': 1}
2026-04-16 15:12:27,026 : INFO : EventManager : Event: ======'player_rhythm_best_combo'====== Args={'value': 18, 'prev_value': 17, 'change': 1, 'player_num': 1}
2026-04-16 15:12:27,027 : INFO : EventManager : Event: ======'player_rhythm_hits'====== Args={'value': 18, 'prev_value': 17, 'change': 1, 'player_num': 1}
2026-04-16 15:12:27,027 : INFO : EventManager : Event: ======'player_rhythm_mode_score'====== Args={'value': 590000, 'prev_value': 530000, 'change': 60000, 'player_num': 1}
2026-04-16 15:12:27,027 : INFO : EventManager : Event: ======'player_score'====== Args={'value': 590000, 'prev_value': 530000, 'change': 60000, 'player_num': 1}
2026-04-16 15:12:27,027 : INFO : EventManager : Event: ======'rhythm_note_hit'====== Args={'note_id': 17, 'lane': 'center', 'judgment': 'perfect', 'combo': 18, 'multiplier': 3, 'award': 60000, 'delta_ms': 30, 'total_score': 590000}
2026-04-16 15:12:27,027 : INFO : EventManager : Event: ======'machine_var_audits_switches_s_action_button'====== Args={'value': 232, 'prev_value': 231, 'change': 1}
2026-04-16 15:12:27,159 : INFO : SwitchController : <<<<<<< 's_action_button' inactive >>>>>>>
2026-04-16 15:12:27,346 : INFO : EventManager : Event: ======'balldevice_bd_trough_ball_eject_failed'====== Args={'target': <ball_device.bd_plunger>, 'balls': 1, 'retry': True, 'num_attempts': 1}
2026-04-16 15:12:27,347 : INFO : ball_device.bd_trough : State: waiting_for_target_ready
2026-04-16 15:12:27,347 : INFO : EventManager : Event: ======'balldevice_bd_trough_ball_eject_attempt'====== Args={'balls': 1, 'target': <ball_device.bd_plunger>, 'source': <ball_device.bd_trough>, 'mechanical_eject': False, 'num_attempts': 1}
2026-04-16 15:12:27,348 : INFO : ball_device.bd_trough : State: ejecting
2026-04-16 15:12:27,348 : INFO : ball_device.bd_trough : Ejecting ball to <ball_device.bd_plunger>
2026-04-16 15:12:27,348 : INFO : EventManager : Event: ======'balldevice_bd_trough_ejecting_ball'====== Args={'balls': 1, 'target': <ball_device.bd_plunger>, 'source': <ball_device.bd_trough>, 'mechanical_eject': False, 'num_attempts': 1}
2026-04-16 15:12:27,349 : INFO : ball_device.bd_trough : Wait for ball to leave device
2026-04-16 15:12:27,349 : INFO : coil.c_trough_eject : Pulsing Driver for 10ms (1.0 pulse_power)
2026-04-16 15:12:27,391 : INFO : SwitchController : <<<<<<< 's_flipper_right' active >>>>>>>
2026-04-16 15:12:27,392 : INFO : EventManager : Event: ======'rhythm_lane_pressed'====== Args={'lane': 'right'}
2026-04-16 15:12:27,392 : INFO : EventManager : Event: ======'player_rhythm_combo'====== Args={'value': 19, 'prev_value': 18, 'change': 1, 'player_num': 1}
2026-04-16 15:12:27,392 : INFO : EventManager : Event: ======'player_rhythm_best_combo'====== Args={'value': 19, 'prev_value': 18, 'change': 1, 'player_num': 1}
2026-04-16 15:12:27,392 : INFO : EventManager : Event: ======'player_rhythm_hits'====== Args={'value': 19, 'prev_value': 18, 'change': 1, 'player_num': 1}
2026-04-16 15:12:27,392 : INFO : EventManager : Event: ======'player_rhythm_mode_score'====== Args={'value': 650000, 'prev_value': 590000, 'change': 60000, 'player_num': 1}
2026-04-16 15:12:27,392 : INFO : EventManager : Event: ======'player_score'====== Args={'value': 650000, 'prev_value': 590000, 'change': 60000, 'player_num': 1}
2026-04-16 15:12:27,393 : INFO : EventManager : Event: ======'rhythm_note_hit'====== Args={'note_id': 18, 'lane': 'right', 'judgment': 'perfect', 'combo': 19, 'multiplier': 3, 'award': 60000, 'delta_ms': 4, 'total_score': 650000}
2026-04-16 15:12:27,393 : INFO : EventManager : Event: ======'machine_var_audits_switches_s_flipper_right'====== Args={'value': 252, 'prev_value': 251, 'change': 1}
2026-04-16 15:12:27,398 : INFO : EventManager : Event: ======'rhythm_note_spawned'====== Args={'note_id': 22, 'lane': 'center', 'travel_ms': 1600, 'hit_time_ms': 10700}
2026-04-16 15:12:27,398 : INFO : EventManager : Event: ======'rhythm_note_spawned'====== Args={'note_id': 23, 'lane': 'right', 'travel_ms': 1600, 'hit_time_ms': 10700}
2026-04-16 15:12:27,542 : INFO : SwitchController : <<<<<<< 's_flipper_right' inactive >>>>>>>
2026-04-16 15:12:27,826 : INFO : SwitchController : <<<<<<< 's_action_button' active >>>>>>>
2026-04-16 15:12:27,826 : INFO : EventManager : Event: ======'rhythm_lane_pressed'====== Args={'lane': 'center'}
2026-04-16 15:12:27,826 : INFO : EventManager : Event: ======'player_rhythm_combo'====== Args={'value': 20, 'prev_value': 19, 'change': 1, 'player_num': 1}
2026-04-16 15:12:27,827 : INFO : EventManager : Event: ======'player_rhythm_best_combo'====== Args={'value': 20, 'prev_value': 19, 'change': 1, 'player_num': 1}
2026-04-16 15:12:27,827 : INFO : EventManager : Event: ======'player_rhythm_hits'====== Args={'value': 20, 'prev_value': 19, 'change': 1, 'player_num': 1}
2026-04-16 15:12:27,827 : INFO : EventManager : Event: ======'player_rhythm_mode_score'====== Args={'value': 710000, 'prev_value': 650000, 'change': 60000, 'player_num': 1}
2026-04-16 15:12:27,827 : INFO : EventManager : Event: ======'player_score'====== Args={'value': 710000, 'prev_value': 650000, 'change': 60000, 'player_num': 1}
2026-04-16 15:12:27,827 : INFO : EventManager : Event: ======'rhythm_note_hit'====== Args={'note_id': 19, 'lane': 'center', 'judgment': 'perfect', 'combo': 20, 'multiplier': 3, 'award': 60000, 'delta_ms': 30, 'total_score': 710000}
2026-04-16 15:12:27,827 : INFO : EventManager : Event: ======'machine_var_audits_switches_s_action_button'====== Args={'value': 233, 'prev_value': 232, 'change': 1}
2026-04-16 15:12:27,943 : INFO : SwitchController : <<<<<<< 's_action_button' inactive >>>>>>>
2026-04-16 15:12:27,998 : INFO : EventManager : Event: ======'rhythm_note_spawned'====== Args={'note_id': 24, 'lane': 'left', 'travel_ms': 1600, 'hit_time_ms': 11300}
2026-04-16 15:12:28,226 : INFO : SwitchController : <<<<<<< 's_flipper_right' active >>>>>>>
2026-04-16 15:12:28,226 : INFO : EventManager : Event: ======'rhythm_lane_pressed'====== Args={'lane': 'right'}
2026-04-16 15:12:28,227 : INFO : EventManager : Event: ======'player_rhythm_combo'====== Args={'value': 21, 'prev_value': 20, 'change': 1, 'player_num': 1}
2026-04-16 15:12:28,227 : INFO : EventManager : Event: ======'player_rhythm_best_combo'====== Args={'value': 21, 'prev_value': 20, 'change': 1, 'player_num': 1}
2026-04-16 15:12:28,227 : INFO : EventManager : Event: ======'player_rhythm_hits'====== Args={'value': 21, 'prev_value': 20, 'change': 1, 'player_num': 1}
2026-04-16 15:12:28,227 : INFO : EventManager : Event: ======'player_rhythm_mode_score'====== Args={'value': 770000, 'prev_value': 710000, 'change': 60000, 'player_num': 1}
2026-04-16 15:12:28,228 : INFO : EventManager : Event: ======'player_score'====== Args={'value': 770000, 'prev_value': 710000, 'change': 60000, 'player_num': 1}
2026-04-16 15:12:28,228 : INFO : EventManager : Event: ======'rhythm_note_hit'====== Args={'note_id': 20, 'lane': 'right', 'judgment': 'perfect', 'combo': 21, 'multiplier': 3, 'award': 60000, 'delta_ms': 31, 'total_score': 770000}
2026-04-16 15:12:28,228 : INFO : EventManager : Event: ======'machine_var_audits_switches_s_flipper_right'====== Args={'value': 253, 'prev_value': 252, 'change': 1}
2026-04-16 15:12:28,375 : INFO : SwitchController : <<<<<<< 's_flipper_right' inactive >>>>>>>
2026-04-16 15:12:28,399 : INFO : EventManager : Event: ======'rhythm_note_spawned'====== Args={'note_id': 25, 'lane': 'center', 'travel_ms': 1600, 'hit_time_ms': 11700}
2026-04-16 15:12:28,642 : INFO : SwitchController : <<<<<<< 's_flipper_left' active >>>>>>>
2026-04-16 15:12:28,642 : INFO : EventManager : Event: ======'rhythm_lane_pressed'====== Args={'lane': 'left'}
2026-04-16 15:12:28,643 : INFO : EventManager : Event: ======'player_rhythm_combo'====== Args={'value': 22, 'prev_value': 21, 'change': 1, 'player_num': 1}
2026-04-16 15:12:28,643 : INFO : EventManager : Event: ======'player_rhythm_best_combo'====== Args={'value': 22, 'prev_value': 21, 'change': 1, 'player_num': 1}
2026-04-16 15:12:28,643 : INFO : EventManager : Event: ======'player_rhythm_hits'====== Args={'value': 22, 'prev_value': 21, 'change': 1, 'player_num': 1}
2026-04-16 15:12:28,643 : INFO : EventManager : Event: ======'player_rhythm_mode_score'====== Args={'value': 830000, 'prev_value': 770000, 'change': 60000, 'player_num': 1}
2026-04-16 15:12:28,644 : INFO : EventManager : Event: ======'player_score'====== Args={'value': 830000, 'prev_value': 770000, 'change': 60000, 'player_num': 1}
2026-04-16 15:12:28,644 : INFO : EventManager : Event: ======'rhythm_note_hit'====== Args={'note_id': 21, 'lane': 'left', 'judgment': 'perfect', 'combo': 22, 'multiplier': 3, 'award': 60000, 'delta_ms': 47, 'total_score': 830000}
2026-04-16 15:12:28,644 : INFO : EventManager : Event: ======'machine_var_audits_switches_s_flipper_left'====== Args={'value': 264, 'prev_value': 263, 'change': 1}
2026-04-16 15:12:28,759 : INFO : SwitchController : <<<<<<< 's_flipper_left' inactive >>>>>>>
2026-04-16 15:12:28,799 : INFO : EventManager : Event: ======'rhythm_note_spawned'====== Args={'note_id': 26, 'lane': 'left', 'travel_ms': 1600, 'hit_time_ms': 12100}
2026-04-16 15:12:29,076 : INFO : SwitchController : <<<<<<< 's_action_button' active >>>>>>>
2026-04-16 15:12:29,076 : INFO : EventManager : Event: ======'rhythm_lane_pressed'====== Args={'lane': 'center'}
2026-04-16 15:12:29,076 : INFO : EventManager : Event: ======'player_rhythm_combo'====== Args={'value': 23, 'prev_value': 22, 'change': 1, 'player_num': 1}
2026-04-16 15:12:29,077 : INFO : EventManager : Event: ======'player_rhythm_best_combo'====== Args={'value': 23, 'prev_value': 22, 'change': 1, 'player_num': 1}
2026-04-16 15:12:29,077 : INFO : EventManager : Event: ======'player_rhythm_hits'====== Args={'value': 23, 'prev_value': 22, 'change': 1, 'player_num': 1}
2026-04-16 15:12:29,077 : INFO : EventManager : Event: ======'player_rhythm_mode_score'====== Args={'value': 890000, 'prev_value': 830000, 'change': 60000, 'player_num': 1}
2026-04-16 15:12:29,078 : INFO : EventManager : Event: ======'player_score'====== Args={'value': 890000, 'prev_value': 830000, 'change': 60000, 'player_num': 1}
2026-04-16 15:12:29,078 : INFO : EventManager : Event: ======'rhythm_note_hit'====== Args={'note_id': 22, 'lane': 'center', 'judgment': 'perfect', 'combo': 23, 'multiplier': 3, 'award': 60000, 'delta_ms': 81, 'total_score': 890000}
2026-04-16 15:12:29,078 : INFO : EventManager : Event: ======'machine_var_audits_switches_s_action_button'====== Args={'value': 234, 'prev_value': 233, 'change': 1}
2026-04-16 15:12:29,093 : INFO : SwitchController : <<<<<<< 's_flipper_right' active >>>>>>>
2026-04-16 15:12:29,093 : INFO : EventManager : Event: ======'rhythm_lane_pressed'====== Args={'lane': 'right'}
2026-04-16 15:12:29,093 : INFO : EventManager : Event: ======'player_rhythm_combo'====== Args={'value': 24, 'prev_value': 23, 'change': 1, 'player_num': 1}
2026-04-16 15:12:29,093 : INFO : EventManager : Event: ======'player_rhythm_best_combo'====== Args={'value': 24, 'prev_value': 23, 'change': 1, 'player_num': 1}
2026-04-16 15:12:29,093 : INFO : EventManager : Event: ======'player_rhythm_hits'====== Args={'value': 24, 'prev_value': 23, 'change': 1, 'player_num': 1}
2026-04-16 15:12:29,094 : INFO : EventManager : Event: ======'player_rhythm_mode_score'====== Args={'value': 920000, 'prev_value': 890000, 'change': 30000, 'player_num': 1}
2026-04-16 15:12:29,094 : INFO : EventManager : Event: ======'player_score'====== Args={'value': 920000, 'prev_value': 890000, 'change': 30000, 'player_num': 1}
2026-04-16 15:12:29,094 : INFO : EventManager : Event: ======'rhythm_note_hit'====== Args={'note_id': 23, 'lane': 'right', 'judgment': 'good', 'combo': 24, 'multiplier': 3, 'award': 30000, 'delta_ms': 97, 'total_score': 920000}
2026-04-16 15:12:29,094 : INFO : EventManager : Event: ======'machine_var_audits_switches_s_flipper_right'====== Args={'value': 254, 'prev_value': 253, 'change': 1}
2026-04-16 15:12:29,199 : INFO : EventManager : Event: ======'rhythm_note_spawned'====== Args={'note_id': 27, 'lane': 'right', 'travel_ms': 1600, 'hit_time_ms': 12500}
2026-04-16 15:12:29,209 : INFO : SwitchController : <<<<<<< 's_action_button' inactive >>>>>>>
2026-04-16 15:12:29,242 : INFO : SwitchController : <<<<<<< 's_flipper_right' inactive >>>>>>>
2026-04-16 15:12:29,542 : INFO : SwitchController : <<<<<<< 's_flipper_left' active >>>>>>>
2026-04-16 15:12:29,543 : INFO : EventManager : Event: ======'rhythm_lane_pressed'====== Args={'lane': 'left'}
2026-04-16 15:12:29,543 : INFO : EventManager : Event: ======'player_rhythm_combo'====== Args={'value': 25, 'prev_value': 24, 'change': 1, 'player_num': 1}
2026-04-16 15:12:29,543 : INFO : EventManager : Event: ======'player_rhythm_best_combo'====== Args={'value': 25, 'prev_value': 24, 'change': 1, 'player_num': 1}
2026-04-16 15:12:29,544 : INFO : EventManager : Event: ======'player_rhythm_hits'====== Args={'value': 25, 'prev_value': 24, 'change': 1, 'player_num': 1}
2026-04-16 15:12:29,544 : INFO : EventManager : Event: ======'player_rhythm_multiplier'====== Args={'value': 4, 'prev_value': 3, 'change': 1, 'player_num': 1}
2026-04-16 15:12:29,544 : INFO : EventManager : Event: ======'player_rhythm_mode_score'====== Args={'value': 1000000, 'prev_value': 920000, 'change': 80000, 'player_num': 1}
2026-04-16 15:12:29,544 : INFO : EventManager : Event: ======'player_score'====== Args={'value': 1000000, 'prev_value': 920000, 'change': 80000, 'player_num': 1}
2026-04-16 15:12:29,544 : INFO : EventManager : Event: ======'rhythm_note_hit'====== Args={'note_id': 24, 'lane': 'left', 'judgment': 'perfect', 'combo': 25, 'multiplier': 4, 'award': 80000, 'delta_ms': 53, 'total_score': 1000000}
2026-04-16 15:12:29,544 : INFO : EventManager : Event: ======'machine_var_audits_switches_s_flipper_left'====== Args={'value': 265, 'prev_value': 264, 'change': 1}
2026-04-16 15:12:29,599 : INFO : EventManager : Event: ======'rhythm_note_spawned'====== Args={'note_id': 28, 'lane': 'center', 'travel_ms': 1600, 'hit_time_ms': 12900}
2026-04-16 15:12:29,642 : INFO : SwitchController : <<<<<<< 's_flipper_left' inactive >>>>>>>
2026-04-16 15:12:29,998 : INFO : EventManager : Event: ======'rhythm_note_spawned'====== Args={'note_id': 29, 'lane': 'right', 'travel_ms': 1600, 'hit_time_ms': 13300}
2026-04-16 15:12:30,009 : INFO : SwitchController : <<<<<<< 's_action_button' active >>>>>>>
2026-04-16 15:12:30,009 : INFO : EventManager : Event: ======'rhythm_lane_pressed'====== Args={'lane': 'center'}
2026-04-16 15:12:30,009 : INFO : EventManager : Event: ======'player_rhythm_combo'====== Args={'value': 26, 'prev_value': 25, 'change': 1, 'player_num': 1}
2026-04-16 15:12:30,009 : INFO : EventManager : Event: ======'player_rhythm_best_combo'====== Args={'value': 26, 'prev_value': 25, 'change': 1, 'player_num': 1}
2026-04-16 15:12:30,010 : INFO : EventManager : Event: ======'player_rhythm_hits'====== Args={'value': 26, 'prev_value': 25, 'change': 1, 'player_num': 1}
2026-04-16 15:12:30,010 : INFO : EventManager : Event: ======'player_rhythm_mode_score'====== Args={'value': 1080000, 'prev_value': 1000000, 'change': 80000, 'player_num': 1}
2026-04-16 15:12:30,010 : INFO : EventManager : Event: ======'player_score'====== Args={'value': 1080000, 'prev_value': 1000000, 'change': 80000, 'player_num': 1}
2026-04-16 15:12:30,010 : INFO : EventManager : Event: ======'rhythm_note_hit'====== Args={'note_id': 25, 'lane': 'center', 'judgment': 'perfect', 'combo': 26, 'multiplier': 4, 'award': 80000, 'delta_ms': 13, 'total_score': 1080000}
2026-04-16 15:12:30,010 : INFO : EventManager : Event: ======'machine_var_audits_switches_s_action_button'====== Args={'value': 235, 'prev_value': 234, 'change': 1}
2026-04-16 15:12:30,125 : INFO : SwitchController : <<<<<<< 's_action_button' inactive >>>>>>>
2026-04-16 15:12:30,399 : INFO : EventManager : Event: ======'rhythm_note_spawned'====== Args={'note_id': 30, 'lane': 'left', 'travel_ms': 1600, 'hit_time_ms': 13700}
2026-04-16 15:12:30,399 : INFO : EventManager : Event: ======'rhythm_note_spawned'====== Args={'note_id': 31, 'lane': 'center', 'travel_ms': 1600, 'hit_time_ms': 13700}
2026-04-16 15:12:30,425 : INFO : SwitchController : <<<<<<< 's_flipper_left' active >>>>>>>
2026-04-16 15:12:30,426 : INFO : EventManager : Event: ======'rhythm_lane_pressed'====== Args={'lane': 'left'}
2026-04-16 15:12:30,426 : INFO : EventManager : Event: ======'player_rhythm_combo'====== Args={'value': 27, 'prev_value': 26, 'change': 1, 'player_num': 1}
2026-04-16 15:12:30,426 : INFO : EventManager : Event: ======'player_rhythm_best_combo'====== Args={'value': 27, 'prev_value': 26, 'change': 1, 'player_num': 1}
2026-04-16 15:12:30,426 : INFO : EventManager : Event: ======'player_rhythm_hits'====== Args={'value': 27, 'prev_value': 26, 'change': 1, 'player_num': 1}
2026-04-16 15:12:30,426 : INFO : EventManager : Event: ======'player_rhythm_mode_score'====== Args={'value': 1160000, 'prev_value': 1080000, 'change': 80000, 'player_num': 1}
2026-04-16 15:12:30,426 : INFO : EventManager : Event: ======'player_score'====== Args={'value': 1160000, 'prev_value': 1080000, 'change': 80000, 'player_num': 1}
2026-04-16 15:12:30,426 : INFO : EventManager : Event: ======'rhythm_note_hit'====== Args={'note_id': 26, 'lane': 'left', 'judgment': 'perfect', 'combo': 27, 'multiplier': 4, 'award': 80000, 'delta_ms': 30, 'total_score': 1160000}
2026-04-16 15:12:30,426 : INFO : EventManager : Event: ======'machine_var_audits_switches_s_flipper_left'====== Args={'value': 266, 'prev_value': 265, 'change': 1}
2026-04-16 15:12:30,525 : INFO : SwitchController : <<<<<<< 's_flipper_left' inactive >>>>>>>
2026-04-16 15:12:30,859 : INFO : SwitchController : <<<<<<< 's_flipper_right' active >>>>>>>
2026-04-16 15:12:30,859 : INFO : EventManager : Event: ======'rhythm_lane_pressed'====== Args={'lane': 'right'}
2026-04-16 15:12:30,859 : INFO : EventManager : Event: ======'player_rhythm_combo'====== Args={'value': 28, 'prev_value': 27, 'change': 1, 'player_num': 1}
2026-04-16 15:12:30,859 : INFO : EventManager : Event: ======'player_rhythm_best_combo'====== Args={'value': 28, 'prev_value': 27, 'change': 1, 'player_num': 1}
2026-04-16 15:12:30,860 : INFO : EventManager : Event: ======'player_rhythm_hits'====== Args={'value': 28, 'prev_value': 27, 'change': 1, 'player_num': 1}
2026-04-16 15:12:30,860 : INFO : EventManager : Event: ======'player_rhythm_mode_score'====== Args={'value': 1240000, 'prev_value': 1160000, 'change': 80000, 'player_num': 1}
2026-04-16 15:12:30,860 : INFO : EventManager : Event: ======'player_score'====== Args={'value': 1240000, 'prev_value': 1160000, 'change': 80000, 'player_num': 1}
2026-04-16 15:12:30,860 : INFO : EventManager : Event: ======'rhythm_note_hit'====== Args={'note_id': 27, 'lane': 'right', 'judgment': 'perfect', 'combo': 28, 'multiplier': 4, 'award': 80000, 'delta_ms': 63, 'total_score': 1240000}
2026-04-16 15:12:30,860 : INFO : EventManager : Event: ======'machine_var_audits_switches_s_flipper_right'====== Args={'value': 255, 'prev_value': 254, 'change': 1}
2026-04-16 15:12:30,975 : INFO : SwitchController : <<<<<<< 's_flipper_right' inactive >>>>>>>
2026-04-16 15:12:30,999 : INFO : EventManager : Event: ======'rhythm_note_spawned'====== Args={'note_id': 32, 'lane': 'center', 'travel_ms': 1600, 'hit_time_ms': 14300}
2026-04-16 15:12:31,192 : INFO : SwitchController : <<<<<<< 's_action_button' active >>>>>>>
2026-04-16 15:12:31,192 : INFO : EventManager : Event: ======'rhythm_lane_pressed'====== Args={'lane': 'center'}
2026-04-16 15:12:31,192 : INFO : EventManager : Event: ======'player_rhythm_combo'====== Args={'value': 29, 'prev_value': 28, 'change': 1, 'player_num': 1}
2026-04-16 15:12:31,193 : INFO : EventManager : Event: ======'player_rhythm_best_combo'====== Args={'value': 29, 'prev_value': 28, 'change': 1, 'player_num': 1}
2026-04-16 15:12:31,193 : INFO : EventManager : Event: ======'player_rhythm_hits'====== Args={'value': 29, 'prev_value': 28, 'change': 1, 'player_num': 1}
2026-04-16 15:12:31,193 : INFO : EventManager : Event: ======'player_rhythm_mode_score'====== Args={'value': 1320000, 'prev_value': 1240000, 'change': 80000, 'player_num': 1}
2026-04-16 15:12:31,193 : INFO : EventManager : Event: ======'player_score'====== Args={'value': 1320000, 'prev_value': 1240000, 'change': 80000, 'player_num': 1}
2026-04-16 15:12:31,193 : INFO : EventManager : Event: ======'rhythm_note_hit'====== Args={'note_id': 28, 'lane': 'center', 'judgment': 'perfect', 'combo': 29, 'multiplier': 4, 'award': 80000, 'delta_ms': 4, 'total_score': 1320000}
2026-04-16 15:12:31,193 : INFO : EventManager : Event: ======'machine_var_audits_switches_s_action_button'====== Args={'value': 236, 'prev_value': 235, 'change': 1}
2026-04-16 15:12:31,325 : INFO : SwitchController : <<<<<<< 's_action_button' inactive >>>>>>>
2026-04-16 15:12:31,399 : INFO : EventManager : Event: ======'rhythm_note_spawned'====== Args={'note_id': 33, 'lane': 'right', 'travel_ms': 1600, 'hit_time_ms': 14700}
2026-04-16 15:12:31,643 : INFO : SwitchController : <<<<<<< 's_flipper_right' active >>>>>>>
2026-04-16 15:12:31,643 : INFO : EventManager : Event: ======'rhythm_lane_pressed'====== Args={'lane': 'right'}
2026-04-16 15:12:31,643 : INFO : EventManager : Event: ======'player_rhythm_combo'====== Args={'value': 30, 'prev_value': 29, 'change': 1, 'player_num': 1}
2026-04-16 15:12:31,643 : INFO : EventManager : Event: ======'player_rhythm_best_combo'====== Args={'value': 30, 'prev_value': 29, 'change': 1, 'player_num': 1}
2026-04-16 15:12:31,644 : INFO : EventManager : Event: ======'player_rhythm_hits'====== Args={'value': 30, 'prev_value': 29, 'change': 1, 'player_num': 1}
2026-04-16 15:12:31,644 : INFO : EventManager : Event: ======'player_rhythm_mode_score'====== Args={'value': 1400000, 'prev_value': 1320000, 'change': 80000, 'player_num': 1}
2026-04-16 15:12:31,644 : INFO : EventManager : Event: ======'player_score'====== Args={'value': 1400000, 'prev_value': 1320000, 'change': 80000, 'player_num': 1}
2026-04-16 15:12:31,644 : INFO : EventManager : Event: ======'rhythm_note_hit'====== Args={'note_id': 29, 'lane': 'right', 'judgment': 'perfect', 'combo': 30, 'multiplier': 4, 'award': 80000, 'delta_ms': 47, 'total_score': 1400000}
2026-04-16 15:12:31,644 : INFO : EventManager : Event: ======'machine_var_audits_switches_s_flipper_right'====== Args={'value': 256, 'prev_value': 255, 'change': 1}
2026-04-16 15:12:31,792 : INFO : SwitchController : <<<<<<< 's_flipper_right' inactive >>>>>>>
2026-04-16 15:12:31,798 : INFO : EventManager : Event: ======'rhythm_note_spawned'====== Args={'note_id': 34, 'lane': 'left', 'travel_ms': 1600, 'hit_time_ms': 15100}
2026-04-16 15:12:32,009 : INFO : SwitchController : <<<<<<< 's_action_button' active >>>>>>>
2026-04-16 15:12:32,009 : INFO : EventManager : Event: ======'rhythm_lane_pressed'====== Args={'lane': 'center'}
2026-04-16 15:12:32,009 : INFO : EventManager : Event: ======'player_rhythm_combo'====== Args={'value': 31, 'prev_value': 30, 'change': 1, 'player_num': 1}
2026-04-16 15:12:32,009 : INFO : EventManager : Event: ======'player_rhythm_best_combo'====== Args={'value': 31, 'prev_value': 30, 'change': 1, 'player_num': 1}
2026-04-16 15:12:32,009 : INFO : EventManager : Event: ======'player_rhythm_hits'====== Args={'value': 31, 'prev_value': 30, 'change': 1, 'player_num': 1}
2026-04-16 15:12:32,009 : INFO : EventManager : Event: ======'player_rhythm_mode_score'====== Args={'value': 1480000, 'prev_value': 1400000, 'change': 80000, 'player_num': 1}
2026-04-16 15:12:32,010 : INFO : EventManager : Event: ======'player_score'====== Args={'value': 1480000, 'prev_value': 1400000, 'change': 80000, 'player_num': 1}
2026-04-16 15:12:32,010 : INFO : EventManager : Event: ======'rhythm_note_hit'====== Args={'note_id': 31, 'lane': 'center', 'judgment': 'perfect', 'combo': 31, 'multiplier': 4, 'award': 80000, 'delta_ms': 13, 'total_score': 1480000}
2026-04-16 15:12:32,010 : INFO : EventManager : Event: ======'machine_var_audits_switches_s_action_button'====== Args={'value': 237, 'prev_value': 236, 'change': 1}
2026-04-16 15:12:32,170 : INFO : EventManager : Event: ======'player_rhythm_combo'====== Args={'value': 0, 'prev_value': 31, 'change': -31, 'player_num': 1}
2026-04-16 15:12:32,171 : INFO : EventManager : Event: ======'player_rhythm_misses'====== Args={'value': 1, 'prev_value': 0, 'change': 1, 'player_num': 1}
2026-04-16 15:12:32,171 : INFO : EventManager : Event: ======'player_rhythm_multiplier'====== Args={'value': 1, 'prev_value': 4, 'change': -3, 'player_num': 1}
2026-04-16 15:12:32,171 : INFO : EventManager : Event: ======'rhythm_note_missed'====== Args={'note_id': 30, 'lane': 'left', 'total_misses': 1}
2026-04-16 15:12:32,176 : INFO : SwitchController : <<<<<<< 's_action_button' inactive >>>>>>>
2026-04-16 15:12:32,198 : INFO : EventManager : Event: ======'rhythm_note_spawned'====== Args={'note_id': 35, 'lane': 'center', 'travel_ms': 1600, 'hit_time_ms': 15500}
2026-04-16 15:12:32,525 : INFO : SwitchController : <<<<<<< 's_action_button' active >>>>>>>
2026-04-16 15:12:32,526 : INFO : EventManager : Event: ======'rhythm_lane_pressed'====== Args={'lane': 'center'}
2026-04-16 15:12:32,526 : INFO : EventManager : Event: ======'player_rhythm_combo'====== Args={'value': 1, 'prev_value': 0, 'change': 1, 'player_num': 1}
2026-04-16 15:12:32,526 : INFO : EventManager : Event: ======'player_rhythm_hits'====== Args={'value': 32, 'prev_value': 31, 'change': 1, 'player_num': 1}
2026-04-16 15:12:32,526 : INFO : EventManager : Event: ======'player_rhythm_mode_score'====== Args={'value': 1500000, 'prev_value': 1480000, 'change': 20000, 'player_num': 1}
2026-04-16 15:12:32,527 : INFO : EventManager : Event: ======'player_score'====== Args={'value': 1500000, 'prev_value': 1480000, 'change': 20000, 'player_num': 1}
2026-04-16 15:12:32,527 : INFO : EventManager : Event: ======'rhythm_note_hit'====== Args={'note_id': 32, 'lane': 'center', 'judgment': 'perfect', 'combo': 1, 'multiplier': 1, 'award': 20000, 'delta_ms': 70, 'total_score': 1500000}
2026-04-16 15:12:32,527 : INFO : EventManager : Event: ======'machine_var_audits_switches_s_action_button'====== Args={'value': 238, 'prev_value': 237, 'change': 1}
2026-04-16 15:12:32,642 : INFO : SwitchController : <<<<<<< 's_action_button' inactive >>>>>>>
2026-04-16 15:12:32,799 : INFO : EventManager : Event: ======'rhythm_note_spawned'====== Args={'note_id': 36, 'lane': 'left', 'travel_ms': 1600, 'hit_time_ms': 16100}
2026-04-16 15:12:32,800 : INFO : EventManager : Event: ======'rhythm_note_spawned'====== Args={'note_id': 37, 'lane': 'right', 'travel_ms': 1600, 'hit_time_ms': 16100}
2026-04-16 15:12:33,170 : INFO : EventManager : Event: ======'player_rhythm_combo'====== Args={'value': 0, 'prev_value': 1, 'change': -1, 'player_num': 1}
2026-04-16 15:12:33,170 : INFO : EventManager : Event: ======'player_rhythm_misses'====== Args={'value': 2, 'prev_value': 1, 'change': 1, 'player_num': 1}
2026-04-16 15:12:33,171 : INFO : EventManager : Event: ======'rhythm_note_missed'====== Args={'note_id': 33, 'lane': 'right', 'total_misses': 2}
2026-04-16 15:12:33,569 : INFO : EventManager : Event: ======'player_rhythm_misses'====== Args={'value': 3, 'prev_value': 2, 'change': 1, 'player_num': 1}
2026-04-16 15:12:33,570 : INFO : EventManager : Event: ======'rhythm_note_missed'====== Args={'note_id': 34, 'lane': 'left', 'total_misses': 3}
2026-04-16 15:12:33,859 : INFO : SwitchController : <<<<<<< 's_action_button' active >>>>>>>
2026-04-16 15:12:33,859 : INFO : EventManager : Event: ======'rhythm_lane_pressed'====== Args={'lane': 'center'}
2026-04-16 15:12:33,859 : INFO : EventManager : Event: ======'player_rhythm_combo'====== Args={'value': 1, 'prev_value': 0, 'change': 1, 'player_num': 1}
2026-04-16 15:12:33,859 : INFO : EventManager : Event: ======'player_rhythm_hits'====== Args={'value': 33, 'prev_value': 32, 'change': 1, 'player_num': 1}
2026-04-16 15:12:33,860 : INFO : EventManager : Event: ======'player_rhythm_mode_score'====== Args={'value': 1520000, 'prev_value': 1500000, 'change': 20000, 'player_num': 1}
2026-04-16 15:12:33,860 : INFO : EventManager : Event: ======'player_score'====== Args={'value': 1520000, 'prev_value': 1500000, 'change': 20000, 'player_num': 1}
2026-04-16 15:12:33,860 : INFO : EventManager : Event: ======'rhythm_note_hit'====== Args={'note_id': 35, 'lane': 'center', 'judgment': 'perfect', 'combo': 1, 'multiplier': 1, 'award': 20000, 'delta_ms': 63, 'total_score': 1520000}
2026-04-16 15:12:33,860 : INFO : EventManager : Event: ======'machine_var_audits_switches_s_action_button'====== Args={'value': 239, 'prev_value': 238, 'change': 1}
2026-04-16 15:12:33,975 : INFO : SwitchController : <<<<<<< 's_action_button' inactive >>>>>>>
2026-04-16 15:12:34,570 : INFO : EventManager : Event: ======'player_rhythm_combo'====== Args={'value': 0, 'prev_value': 1, 'change': -1, 'player_num': 1}
2026-04-16 15:12:34,571 : INFO : EventManager : Event: ======'player_rhythm_misses'====== Args={'value': 4, 'prev_value': 3, 'change': 1, 'player_num': 1}
2026-04-16 15:12:34,571 : INFO : EventManager : Event: ======'rhythm_note_missed'====== Args={'note_id': 36, 'lane': 'left', 'total_misses': 4}
2026-04-16 15:12:34,571 : INFO : EventManager : Event: ======'player_rhythm_misses'====== Args={'value': 5, 'prev_value': 4, 'change': 1, 'player_num': 1}
2026-04-16 15:12:34,571 : INFO : EventManager : Event: ======'rhythm_note_missed'====== Args={'note_id': 37, 'lane': 'right', 'total_misses': 5}
2026-04-16 15:12:34,818 : INFO : EventManager : Event: ======'player_rhythm_accuracy'====== Args={'value': 87, 'prev_value': 0, 'change': 87, 'player_num': 1}
2026-04-16 15:12:34,819 : INFO : EventManager : Event: ======'rhythm_mode_finished'====== Args={'total_notes': 38, 'hits': 33, 'misses': 5, 'best_combo': 31, 'accuracy': 87, 'total_score': 1520000}
2026-04-16 15:12:36,420 : INFO : EventManager : Event: ======'mode_rhythm_will_stop'====== Args={}
2026-04-16 15:12:36,420 : INFO : EventManager : Event: ======'mode_rhythm_stopping'====== Args={}
2026-04-16 15:12:36,421 : INFO : Mode.rhythm : Stopped.
2026-04-16 15:12:36,421 : INFO : EventManager : Event: ======'modes_active_modes_changed'====== Args={}
2026-04-16 15:12:36,421 : INFO : EventManager : Event: ======'mode_rhythm_stopped'====== Args={}
2026-04-16 15:12:36,421 : INFO : EventManager : Event: ======'clear'====== Args={'key': 'rhythm'}
2026-04-16 15:12:36,426 : INFO : EventManager : Event: ======'slide_rhythm_inactive'====== Args={'is_removing': True, '_from_bcp': True}
2026-04-16 15:12:36,426 : INFO : EventManager : Event: ======'slide_base_slide_active'====== Args={'_from_bcp': True}
2026-04-16 15:12:36,427 : INFO : EventManager : Event: ======'slide_rhythm_removed'====== Args={'_from_bcp': True}
2026-04-16 15:12:37,350 : INFO : EventManager : Event: ======'balldevice_bd_trough_ball_eject_failed'====== Args={'target': <ball_device.bd_plunger>, 'balls': 1, 'retry': True, 'num_attempts': 2}
2026-04-16 15:12:37,351 : INFO : ball_device.bd_trough : State: waiting_for_target_ready
2026-04-16 15:12:37,351 : INFO : EventManager : Event: ======'balldevice_bd_trough_ball_eject_attempt'====== Args={'balls': 1, 'target': <ball_device.bd_plunger>, 'source': <ball_device.bd_trough>, 'mechanical_eject': False, 'num_attempts': 2}
2026-04-16 15:12:37,352 : INFO : ball_device.bd_trough : State: ejecting
2026-04-16 15:12:37,352 : INFO : ball_device.bd_trough : Ejecting ball to <ball_device.bd_plunger>
2026-04-16 15:12:37,352 : INFO : EventManager : Event: ======'balldevice_bd_trough_ejecting_ball'====== Args={'balls': 1, 'target': <ball_device.bd_plunger>, 'source': <ball_device.bd_trough>, 'mechanical_eject': False, 'num_attempts': 2}
2026-04-16 15:12:37,352 : INFO : ball_device.bd_trough : Wait for ball to leave device
2026-04-16 15:12:37,352 : INFO : coil.c_trough_eject : Pulsing Driver for 10ms (1.0 pulse_power)
2026-04-16 15:12:46,443 : INFO : Machine : Shutting down...
2026-04-16 15:12:46,443 : INFO : EventManager : Event: ======'shutdown'====== Args={}
2026-04-16 15:12:46,443 : INFO : EventManager : Event: ======'mode_game_will_stop'====== Args={}
2026-04-16 15:12:46,443 : INFO : EventManager : Event: ======'mode_game_stopping'====== Args={}
2026-04-16 15:12:46,444 : INFO : EventManager : Event: ======'mode_base_will_stop'====== Args={}
2026-04-16 15:12:46,444 : INFO : EventManager : Event: ======'mode_base_stopping'====== Args={}
2026-04-16 15:12:46,444 : INFO : EventManager : Event: ======'mode_bumpers_will_stop'====== Args={}
2026-04-16 15:12:46,444 : INFO : EventManager : Event: ======'mode_bumpers_stopping'====== Args={}
2026-04-16 15:12:46,444 : INFO : EventManager : Event: ======'stop_mode_bumpers'====== Args={'priority': 0}
2026-04-16 15:12:46,444 : INFO : Mode.bumpers : Stopped.
2026-04-16 15:12:46,444 : INFO : EventManager : Event: ======'modes_active_modes_changed'====== Args={}
2026-04-16 15:12:46,444 : INFO : EventManager : Event: ======'mode_bumpers_stopped'====== Args={}
2026-04-16 15:12:46,444 : INFO : EventManager : Event: ======'clear'====== Args={'key': 'bumpers'}
2026-04-16 15:12:46,444 : INFO : Mode.base : Stopped.
2026-04-16 15:12:46,444 : INFO : EventManager : Event: ======'modes_active_modes_changed'====== Args={}
2026-04-16 15:12:46,445 : INFO : EventManager : Event: ======'mode_base_stopped'====== Args={}
2026-04-16 15:12:46,445 : INFO : EventManager : Event: ======'clear'====== Args={'key': 'base'}
2026-04-16 15:12:46,445 : INFO : Mode.game : Stopped.
2026-04-16 15:12:46,445 : INFO : EventManager : Event: ======'modes_active_modes_changed'====== Args={}
2026-04-16 15:12:46,445 : INFO : EventManager : Event: ======'mode_game_stopped'====== Args={}
2026-04-16 15:12:46,445 : INFO : EventManager : Event: ======'clear'====== Args={'key': 'game'}
2026-04-16 15:12:46,446 : INFO : root : MPF run loop ended.
