2026-04-16 14:15:20,950 : INFO : root : Loading config.
2026-04-16 14:15:20,997 : INFO : ConfigProcessor : Config spec file cache created: /var/folders/nw/6blj94p12ldcym3fj104vzlm0000gn/T/config_spec.mpf_cache
2026-04-16 14:15:20,997 : INFO : YamlMultifileConfigLoader : Machine config file #1: config.yaml
2026-04-16 14:15:20,997 : INFO : ConfigProcessor : Loading config from cache: /var/folders/nw/6blj94p12ldcym3fj104vzlm0000gn/T/b334f8a4e2121184f8a617378a4d1625.mpf_cache
2026-04-16 14:15:21,009 : INFO : ConfigProcessor : Loading config from cache: /var/folders/nw/6blj94p12ldcym3fj104vzlm0000gn/T/63da12c4cec82227b4c3859bbf3c7cd4.mpf_cache
2026-04-16 14:15:21,009 : INFO : ConfigProcessor : Loading config from cache: /var/folders/nw/6blj94p12ldcym3fj104vzlm0000gn/T/b8625db2ee8ad38c42d4f1c72235edc8.mpf_cache
2026-04-16 14:15:21,009 : INFO : ConfigProcessor : Loading config from cache: /var/folders/nw/6blj94p12ldcym3fj104vzlm0000gn/T/63da12c4cec82227b4c3859bbf3c7cd4.mpf_cache
2026-04-16 14:15:21,009 : INFO : ConfigProcessor : Loading config from cache: /var/folders/nw/6blj94p12ldcym3fj104vzlm0000gn/T/104947b35f87d581877cdaf02599b463.mpf_cache
2026-04-16 14:15:21,009 : INFO : ConfigProcessor : Loading config from cache: /var/folders/nw/6blj94p12ldcym3fj104vzlm0000gn/T/bc830d47d6fbb336561cc63e74edf2c9.mpf_cache
2026-04-16 14:15:21,009 : INFO : ConfigProcessor : Loading config from cache: /var/folders/nw/6blj94p12ldcym3fj104vzlm0000gn/T/4273c698423283a7843ff5c77ef69dc9.mpf_cache
2026-04-16 14:15:21,009 : INFO : ConfigProcessor : Loading config from cache: /var/folders/nw/6blj94p12ldcym3fj104vzlm0000gn/T/7424f2cce7b15e0b37e570d3514590c8.mpf_cache
2026-04-16 14:15:21,009 : INFO : Machine : Mission Pinball Framework Core Engine v0.80.0.dev13
2026-04-16 14:15:21,009 : INFO : Machine : Command line arguments: {'no_load_cache': False, 'create_config_cache': True, 'bcp': True, 'configfile': ['config.yaml'], 'force_assets_load': False, 'platform_integration_test': False, 'jsonlogging': False, 'logfile': 'logs/2026-04-16-14-15-20-mpf-Wills-MacBook-Pro-M5.local.log', 'pause': False, 'production': False, 'text_ui': False, 'loglevel': 15, 'consoleloglevel': 20, 'force_platform': 'virtual', 'syslog_address': None, 'full_logfile_path': '/Users/willrante/Documents/GitHub/pinball/logs/2026-04-16-14-15-20-mpf-Wills-MacBook-Pro-M5.local.log'}
2026-04-16 14:15:21,009 : INFO : Machine : MPF path: /Users/willrante/mpf-env/lib/python3.14/site-packages/mpf
2026-04-16 14:15:21,009 : INFO : Machine : Machine path: /Users/willrante/Documents/GitHub/pinball
2026-04-16 14:15:21,009 : INFO : Machine : Platform: darwin
2026-04-16 14:15:21,009 : INFO : Machine : Python executable location: /Users/willrante/mpf-env/bin/python3.14
2026-04-16 14:15:21,009 : INFO : Machine : Python version: 3.14.3 (64-bit)
2026-04-16 14:15:21,010 : INFO : Machine : Initializing MPF...
2026-04-16 14:15:21,023 : INFO : EventManager : Event: ======'machine_var_credits_string'====== Args={'value': 'FREE PLAY', 'prev_value': None, 'change': True}
2026-04-16 14:15:21,025 : INFO : EventManager : Event: ======'machine_var_master_volume'====== Args={'value': 0.5, 'prev_value': None, 'change': True}
2026-04-16 14:15:21,025 : INFO : EventManager : Event: ======'machine_var_mpf_version'====== Args={'value': 'Mission Pinball Framework v0.80.0.dev13', 'prev_value': None, 'change': True}
2026-04-16 14:15:21,026 : INFO : EventManager : Event: ======'machine_var_mpf_extended_version'====== Args={'value': 'Mission Pinball Framework v0.80.0.dev13, Config version:6, Show version: 6, BCP version:1.1', 'prev_value': None, 'change': True}
2026-04-16 14:15:21,026 : INFO : EventManager : Event: ======'machine_var_python_version'====== Args={'value': '3.14.3', 'prev_value': None, 'change': True}
2026-04-16 14:15:21,031 : INFO : EventManager : Event: ======'machine_var_platform'====== Args={'value': 'macOS-26.4.1-arm64-arm-64bit-Mach-O', 'prev_value': None, 'change': True}
2026-04-16 14:15:21,031 : INFO : EventManager : Event: ======'machine_var_platform_system'====== Args={'value': 'Darwin', 'prev_value': None, 'change': True}
2026-04-16 14:15:21,031 : INFO : EventManager : Event: ======'machine_var_platform_release'====== Args={'value': '25.4.0', 'prev_value': None, 'change': True}
2026-04-16 14:15:21,031 : INFO : EventManager : Event: ======'machine_var_platform_version'====== Args={'value': 'Darwin Kernel Version 25.4.0: Thu Mar 19 19:33:50 PDT 2026; root:xnu-12377.101.15~1/RELEASE_ARM64_T6050', 'prev_value': None, 'change': True}
2026-04-16 14:15:21,031 : INFO : EventManager : Event: ======'machine_var_platform_machine'====== Args={'value': 'arm64', 'prev_value': None, 'change': True}
2026-04-16 14:15:21,031 : INFO : EventManager : Event: ======'machine_var_log_file_path'====== Args={'value': '/Users/willrante/Documents/GitHub/pinball/logs/2026-04-16-14-15-20-mpf-Wills-MacBook-Pro-M5.local.log', 'prev_value': None, 'change': True}
2026-04-16 14:15:21,031 : INFO : EventManager : Event: ======'init_phase_1'====== Args={}
2026-04-16 14:15:21,036 : INFO : EventManager : Event: ======'init_phase_2'====== Args={}
2026-04-16 14:15:21,036 : INFO : SwitchController : Found active switch: (1007, <Platform.Virtual>) <switch.s_trough_1>
2026-04-16 14:15:21,036 : INFO : SwitchController : Found active switch: (1008, <Platform.Virtual>) <switch.s_trough_2>
2026-04-16 14:15:21,036 : INFO : SwitchController : Found active switch: (1009, <Platform.Virtual>) <switch.s_trough_3>
2026-04-16 14:15:21,036 : INFO : EventManager : Event: ======'bcp_connection_attempt'====== Args={'name': 'local_display', 'host': 'localhost', 'port': 5050}
2026-04-16 14:15:21,037 : INFO : BCPClientSocket : Connecting BCP to 'local_display' at localhost:5050...
2026-04-16 14:15:21,039 : INFO : BCPClientSocket : Connected BCP to 'local_display' localhost:5050
2026-04-16 14:15:21,039 : INFO : EventManager : Event: ======'bcp_clients_connected'====== Args={}
2026-04-16 14:15:21,039 : INFO : ball_device.bd_plunger : BCH: Initial count: 0
2026-04-16 14:15:21,039 : INFO : ball_device.bd_plunger : State: idle
2026-04-16 14:15:21,040 : INFO : ball_device.bd_trough : BCH: Initial count: 3
2026-04-16 14:15:21,040 : INFO : ball_device.bd_trough : State: idle
2026-04-16 14:15:21,042 : INFO : EventManager : Event: ======'init_phase_3'====== Args={}
2026-04-16 14:15:21,042 : INFO : EventManager : Event: ======'init_phase_4'====== Args={}
2026-04-16 14:15:21,042 : INFO : BallController : Initial balls found: 3
2026-04-16 14:15:21,043 : INFO : EventManager : Event: ======'machine_var_audits_events_game_ended'====== Args={'value': 0, 'prev_value': None, 'change': True}
2026-04-16 14:15:21,043 : INFO : EventManager : Event: ======'machine_var_audits_events_game_started'====== Args={'value': 15, 'prev_value': None, 'change': True}
2026-04-16 14:15:21,043 : INFO : EventManager : Event: ======'machine_var_audits_missing_switches_s_bumper_left'====== Args={'value': 4, 'prev_value': None, 'change': True}
2026-04-16 14:15:21,043 : INFO : EventManager : Event: ======'machine_var_audits_missing_switches_s_bumper_right'====== Args={'value': 4, 'prev_value': None, 'change': True}
2026-04-16 14:15:21,043 : INFO : EventManager : Event: ======'machine_var_audits_missing_switches_s_plunger_lane'====== Args={'value': 15, 'prev_value': None, 'change': True}
2026-04-16 14:15:21,043 : INFO : EventManager : Event: ======'machine_var_audits_missing_switches_s_start'====== Args={'value': 11, 'prev_value': None, 'change': True}
2026-04-16 14:15:21,043 : INFO : EventManager : Event: ======'machine_var_audits_missing_switches_s_trough_1'====== Args={'value': 15, 'prev_value': None, 'change': True}
2026-04-16 14:15:21,043 : INFO : EventManager : Event: ======'machine_var_audits_missing_switches_s_trough_2'====== Args={'value': 15, 'prev_value': None, 'change': True}
2026-04-16 14:15:21,043 : INFO : EventManager : Event: ======'machine_var_audits_missing_switches_s_trough_3'====== Args={'value': 15, 'prev_value': None, 'change': True}
2026-04-16 14:15:21,043 : INFO : EventManager : Event: ======'machine_var_audits_player_score'====== Args={'value': {'average': 0, 'top': [], 'total': 0}, 'prev_value': None, 'change': True}
2026-04-16 14:15:21,043 : INFO : EventManager : Event: ======'machine_var_audits_shots_bumper_left'====== Args={'value': 145, 'prev_value': None, 'change': True}
2026-04-16 14:15:21,043 : INFO : EventManager : Event: ======'machine_var_audits_shots_bumper_right'====== Args={'value': 144, 'prev_value': None, 'change': True}
2026-04-16 14:15:21,043 : INFO : EventManager : Event: ======'machine_var_audits_shots_hurryup'====== Args={'value': 3, 'prev_value': None, 'change': True}
2026-04-16 14:15:21,043 : INFO : EventManager : Event: ======'machine_var_audits_shots_left_lane'====== Args={'value': 22, 'prev_value': None, 'change': True}
2026-04-16 14:15:21,043 : INFO : EventManager : Event: ======'machine_var_audits_switches_s_action_button'====== Args={'value': 96, 'prev_value': None, 'change': True}
2026-04-16 14:15:21,043 : INFO : EventManager : Event: ======'machine_var_audits_switches_s_bumper_left'====== Args={'value': 145, 'prev_value': None, 'change': True}
2026-04-16 14:15:21,043 : INFO : EventManager : Event: ======'machine_var_audits_switches_s_bumper_right'====== Args={'value': 144, 'prev_value': None, 'change': True}
2026-04-16 14:15:21,043 : INFO : EventManager : Event: ======'machine_var_audits_switches_s_flipper_left'====== Args={'value': 156, 'prev_value': None, 'change': True}
2026-04-16 14:15:21,043 : INFO : EventManager : Event: ======'machine_var_audits_switches_s_flipper_right'====== Args={'value': 146, 'prev_value': None, 'change': True}
2026-04-16 14:15:21,043 : INFO : EventManager : Event: ======'machine_var_audits_switches_s_left_lane'====== Args={'value': 22, 'prev_value': None, 'change': True}
2026-04-16 14:15:21,043 : INFO : EventManager : Event: ======'machine_var_audits_switches_s_plunger_lane'====== Args={'value': 0, 'prev_value': None, 'change': True}
2026-04-16 14:15:21,043 : INFO : EventManager : Event: ======'machine_var_audits_switches_s_start'====== Args={'value': 3, 'prev_value': None, 'change': True}
2026-04-16 14:15:21,043 : INFO : EventManager : Event: ======'machine_var_audits_switches_s_trough_1'====== Args={'value': 0, 'prev_value': None, 'change': True}
2026-04-16 14:15:21,043 : INFO : EventManager : Event: ======'machine_var_audits_switches_s_trough_2'====== Args={'value': 0, 'prev_value': None, 'change': True}
2026-04-16 14:15:21,043 : INFO : EventManager : Event: ======'machine_var_audits_switches_s_trough_3'====== Args={'value': 0, 'prev_value': None, 'change': True}
2026-04-16 14:15:21,044 : INFO : EventManager : Event: ======'init_phase_5'====== Args={}
2026-04-16 14:15:21,044 : INFO : EventManager : Event: ======'init_done'====== Args={}
2026-04-16 14:15:21,044 : INFO : EventManager : Event: ======'machine_reset_phase_1'====== Args={}
2026-04-16 14:15:21,053 : INFO : EventManager : Event: ======'machine_reset_phase_2'====== Args={}
2026-04-16 14:15:21,053 : INFO : EventManager : Event: ======'machine_reset_phase_3'====== Args={}
2026-04-16 14:15:21,053 : INFO : EventManager : Event: ======'reset_complete'====== Args={}
2026-04-16 14:15:21,053 : INFO : EventManager : Event: ======'mode_attract_will_start'====== Args={}
2026-04-16 14:15:21,053 : INFO : Timer.attract_carousel_timer : Starting Timer.
2026-04-16 14:15:21,053 : INFO : EventManager : Event: ======'timer_attract_carousel_timer_started'====== Args={'ticks': 0, 'ticks_remaining': 1}
2026-04-16 14:15:21,053 : INFO : EventManager : Event: ======'timer_attract_carousel_timer_tick'====== Args={'ticks': 0, 'ticks_remaining': 1}
2026-04-16 14:15:21,053 : INFO : EventManager : Event: ======'mode_attract_starting'====== Args={}
2026-04-16 14:15:21,053 : INFO : Mode.attract : Started. Priority: 10
2026-04-16 14:15:21,053 : INFO : EventManager : Event: ======'modes_active_modes_changed'====== Args={}
2026-04-16 14:15:21,053 : INFO : EventManager : Event: ======'mode_attract_started'====== Args={}
2026-04-16 14:15:21,053 : INFO : EventManager : Event: ======'collecting_balls_complete'====== Args={}
2026-04-16 14:15:21,053 : INFO : EventManager : Event: ======'carousel_item_highlighted'====== Args={'carousel': 'attract', 'direction': None, 'item': 'title'}
2026-04-16 14:15:21,054 : INFO : EventManager : Event: ======'timer_attract_carousel_timer_tick'====== Args={'ticks': 0, 'ticks_remaining': 1}
2026-04-16 14:15:21,054 : INFO : Machine : Starting the main run loop with active modes: [<Mode.attract>]
2026-04-16 14:15:21,096 : INFO : EventManager : Event: ======'slide_attract_created'====== Args={'_from_bcp': True}
2026-04-16 14:15:21,096 : INFO : EventManager : Event: ======'slide__removed'====== Args={'_from_bcp': True}
2026-04-16 14:15:21,096 : INFO : EventManager : Event: ======'slide_attract_active'====== Args={'original_context': 'attract', 'original_calling_context': 'mode_attract_started', 'priority': 10.0, 'cmd': 'slides_play', '_from_bcp': True}
2026-04-16 14:15:24,402 : INFO : SwitchController : <<<<<<< 's_start' active >>>>>>>
2026-04-16 14:15:24,518 : INFO : SwitchController : <<<<<<< 's_start' inactive >>>>>>>
2026-04-16 14:15:24,519 : INFO : EventManager : Event: ======'request_to_start_game'====== Args={}
2026-04-16 14:15:24,519 : INFO : EventManager : Event: ======'game_start'====== Args={'buttons': [], 'hold_time': 0.11606079100056377}
2026-04-16 14:15:24,519 : INFO : EventManager : Event: ======'mode_game_will_start'====== Args={'buttons': [], 'hold_time': 0.11606079100056377}
2026-04-16 14:15:24,520 : INFO : EventManager : Event: ======'mode_game_starting'====== Args={'buttons': [], 'hold_time': 0.11606079100056377}
2026-04-16 14:15:24,520 : INFO : EventManager : Event: ======'mode_attract_will_stop'====== Args={}
2026-04-16 14:15:24,521 : INFO : EventManager : Event: ======'mode_attract_stopping'====== Args={}
2026-04-16 14:15:24,521 : INFO : Mode.attract : Stopped.
2026-04-16 14:15:24,521 : INFO : EventManager : Event: ======'modes_active_modes_changed'====== Args={}
2026-04-16 14:15:24,521 : INFO : EventManager : Event: ======'mode_attract_stopped'====== Args={}
2026-04-16 14:15:24,521 : INFO : EventManager : Event: ======'clear'====== Args={'key': 'attract'}
2026-04-16 14:15:24,522 : INFO : Timer.attract_carousel_timer : Stopping Timer
2026-04-16 14:15:24,522 : INFO : EventManager : Event: ======'timer_attract_carousel_timer_stopped'====== Args={'ticks': 0, 'ticks_remaining': 1}
2026-04-16 14:15:24,522 : INFO : Mode.game : Started. Priority: 20
2026-04-16 14:15:24,522 : INFO : EventManager : Event: ======'modes_active_modes_changed'====== Args={}
2026-04-16 14:15:24,522 : INFO : EventManager : Event: ======'mode_game_started'====== Args={'buttons': [], 'hold_time': 0.11606079100056377}
2026-04-16 14:15:24,523 : INFO : EventManager : Event: ======'game_will_start'====== Args={}
2026-04-16 14:15:24,523 : INFO : EventManager : Event: ======'game_starting'====== Args={'game': <Mode.game>}
2026-04-16 14:15:24,524 : INFO : EventManager : Unordered handler for class <Auditor> on event game_ended with priority 1. Handlers: [RegisteredHandler(callback=<bound method Auditor.disable of <Auditor>>, priority=1, kwargs={}, key=UUID('5adf728b-05ba-4d3d-ad67-6436f59802a8'), condition=None, blocking_facility=None), RegisteredHandler(callback=<bound method Auditor._save_audits of <Auditor>>, priority=1, kwargs={}, key=UUID('cb8e4983-0ef5-4744-970d-faeed5bccd31'), condition=None, blocking_facility=None)]. The order of those handlers is not defined and they will be executed in random order. This might lead to race conditions and potential bugs.
2026-04-16 14:15:24,524 : INFO : EventManager : Event: ======'player_add_request'====== Args={}
2026-04-16 14:15:24,524 : INFO : EventManager : Event: ======'player_will_add'====== Args={'number': 1}
2026-04-16 14:15:24,525 : INFO : EventManager : Event: ======'player_adding'====== Args={'player': <Player 1>, 'number': 1}
2026-04-16 14:15:24,525 : INFO : EventManager : Event: ======'player_added'====== Args={'player': <Player 1>, 'num': 1}
2026-04-16 14:15:24,525 : INFO : Mode.game : Player added successfully. Total players: 1
2026-04-16 14:15:24,525 : INFO : EventManager : Event: ======'player_index'====== Args={'value': 0, 'prev_value': 0, 'change': 0, 'player_num': 1}
2026-04-16 14:15:24,525 : INFO : EventManager : Event: ======'player_number'====== Args={'value': 1, 'prev_value': 1, 'change': 0, 'player_num': 1}
2026-04-16 14:15:24,525 : INFO : EventManager : Event: ======'player_score'====== Args={'value': 0, 'prev_value': 0, 'change': 0, 'player_num': 1}
2026-04-16 14:15:24,526 : INFO : EventManager : Event: ======'game_started'====== Args={}
2026-04-16 14:15:24,526 : INFO : EventManager : Event: ======'player_turn_will_start'====== Args={'player': <Player 1>, 'number': 1}
2026-04-16 14:15:24,526 : INFO : EventManager : Event: ======'player_turn_starting'====== Args={'player': <Player 1>, 'number': 1}
2026-04-16 14:15:24,530 : INFO : EventManager : Event: ======'player_ball'====== Args={'value': 1, 'prev_value': 0, 'change': 1, 'player_num': 1}
2026-04-16 14:15:24,530 : INFO : EventManager : Event: ======'player_turn_started'====== Args={'player': <Player 1>, 'number': 1}
2026-04-16 14:15:24,531 : INFO : EventManager : Event: ======'ball_will_start'====== Args={'player': 1, 'ball': 1, 'balls_remaining': 2, 'is_extra_ball': False}
2026-04-16 14:15:24,531 : INFO : EventManager : Event: ======'ball_starting'====== Args={'player': 1, 'ball': 1, 'balls_remaining': 2, 'is_extra_ball': False}
2026-04-16 14:15:24,531 : INFO : EventManager : Event: ======'mode_base_will_start'====== Args={'queue': <QueuedEvent>, 'player': 1, 'ball': 1, 'balls_remaining': 2, 'is_extra_ball': False}
2026-04-16 14:15:24,531 : INFO : EventManager : Event: ======'player_shot_left_lane_enabled'====== Args={'value': True, 'prev_value': 0, 'change': 1, 'player_num': 1}
2026-04-16 14:15:24,532 : INFO : EventManager : Event: ======'mode_base_starting'====== Args={'queue': <QueuedEvent>, 'player': 1, 'ball': 1, 'balls_remaining': 2, 'is_extra_ball': False}
2026-04-16 14:15:24,532 : INFO : Mode.base : Started. Priority: 100
2026-04-16 14:15:24,532 : INFO : EventManager : Event: ======'modes_active_modes_changed'====== Args={}
2026-04-16 14:15:24,532 : INFO : EventManager : Event: ======'mode_base_started'====== Args={'queue': <QueuedEvent>, 'player': 1, 'ball': 1, 'balls_remaining': 2, 'is_extra_ball': False}
2026-04-16 14:15:24,533 : INFO : EventManager : Event: ======'start_mode_bumpers'====== Args={'priority': 0}
2026-04-16 14:15:24,533 : INFO : EventManager : Event: ======'mode_bumpers_will_start'====== Args={'priority': 0}
2026-04-16 14:15:24,533 : INFO : EventManager : Event: ======'player_shot_bumper_left_enabled'====== Args={'value': True, 'prev_value': 0, 'change': 1, 'player_num': 1}
2026-04-16 14:15:24,533 : INFO : EventManager : Event: ======'player_shot_bumper_right_enabled'====== Args={'value': True, 'prev_value': 0, 'change': 1, 'player_num': 1}
2026-04-16 14:15:24,533 : INFO : EventManager : Event: ======'bumpers_complete'====== Args={'state': 'unlit'}
2026-04-16 14:15:24,533 : INFO : EventManager : Event: ======'bumpers_unlit_complete'====== Args={}
2026-04-16 14:15:24,534 : INFO : EventManager : Event: ======'mode_bumpers_starting'====== Args={'priority': 0}
2026-04-16 14:15:24,534 : INFO : Mode.bumpers : Started. Priority: 200
2026-04-16 14:15:24,534 : INFO : EventManager : Event: ======'modes_active_modes_changed'====== Args={}
2026-04-16 14:15:24,534 : INFO : EventManager : Event: ======'mode_bumpers_started'====== Args={'priority': 0}
2026-04-16 14:15:24,534 : INFO : EventManager : Event: ======'balls_in_play'====== Args={'balls': 1}
2026-04-16 14:15:24,534 : INFO : EventManager : Event: ======'ball_started'====== Args={'player': 1, 'ball': 1, 'balls_remaining': 2, 'is_extra_ball': False}
2026-04-16 14:15:24,535 : INFO : EventManager : Event: ======'single_player_ball_started'====== Args={}
2026-04-16 14:15:24,535 : INFO : EventManager : Event: ======'ball_start_target'====== Args={'target': 'playfield'}
2026-04-16 14:15:24,535 : INFO : ball_device.bd_trough : Setting up player-controlled eject. Balls: 1, Target: <playfield.playfield>, player_controlled_eject_event: None
2026-04-16 14:15:24,535 : INFO : ball_device.bd_trough : Adding 1 ball(s) to the eject_queue with target <playfield.playfield>.
2026-04-16 14:15:24,535 : INFO : EventManager : Event: ======'balldevice_balls_available'====== Args={}
2026-04-16 14:15:24,536 : INFO : ball_device.bd_trough : State: waiting_for_target_ready
2026-04-16 14:15:24,536 : INFO : EventManager : Event: ======'balldevice_bd_trough_ball_eject_attempt'====== Args={'balls': 1, 'target': <ball_device.bd_plunger>, 'source': <ball_device.bd_trough>, 'mechanical_eject': False, 'num_attempts': 0}
2026-04-16 14:15:24,536 : INFO : ball_device.bd_plunger : State: waiting_for_ball
2026-04-16 14:15:24,536 : INFO : ball_device.bd_trough : State: ejecting
2026-04-16 14:15:24,536 : INFO : ball_device.bd_trough : Ejecting ball to <ball_device.bd_plunger>
2026-04-16 14:15:24,536 : INFO : EventManager : Event: ======'balldevice_bd_trough_ejecting_ball'====== Args={'balls': 1, 'target': <ball_device.bd_plunger>, 'source': <ball_device.bd_trough>, 'mechanical_eject': False, 'num_attempts': 0}
2026-04-16 14:15:24,537 : INFO : ball_device.bd_trough : Wait for ball to leave device
2026-04-16 14:15:24,537 : INFO : coil.c_trough_eject : Pulsing Driver for 10ms (1.0 pulse_power)
2026-04-16 14:15:24,563 : INFO : EventManager : Event: ======'slide_base_slide_created'====== Args={'_from_bcp': True}
2026-04-16 14:15:24,563 : INFO : EventManager : Event: ======'slide_attract_inactive'====== Args={'is_removing': True, '_from_bcp': True}
2026-04-16 14:15:24,563 : INFO : EventManager : Event: ======'slide_base_slide_active'====== Args={'original_context': 'base', 'original_calling_context': 'mode_base_started', 'priority': 100.0, 'queue': '<QueuedEvent>', 'player': 1.0, 'ball': 1.0, 'balls_remaining': 2.0, 'is_extra_ball': False, 'cmd': 'slides_play', '_from_bcp': True}
2026-04-16 14:15:24,563 : INFO : EventManager : Event: ======'slide_attract_removed'====== Args={'_from_bcp': True}
2026-04-16 14:15:25,852 : INFO : SwitchController : <<<<<<< 's_left_lane' active >>>>>>>
2026-04-16 14:15:25,852 : INFO : EventManager : Event: ======'playfield_active'====== Args={'source': 'hurryup'}
2026-04-16 14:15:25,852 : INFO : EventManager : Event: ======'unexpected_ball_on_playfield'====== Args={}
2026-04-16 14:15:25,852 : INFO : EventManager : Event: ======'playfield_active'====== Args={'source': 'left_lane'}
2026-04-16 14:15:25,852 : INFO : EventManager : Event: ======'unexpected_ball_on_playfield'====== Args={}
2026-04-16 14:15:25,852 : INFO : EventManager : Event: ======'s_left_lane_active'====== Args={}
2026-04-16 14:15:25,852 : INFO : EventManager : Event: ======'machine_var_audits_switches_s_left_lane'====== Args={'value': 23, 'prev_value': 22, 'change': 1}
2026-04-16 14:15:25,853 : INFO : EventManager : Event: ======'player_shot_left_lane'====== Args={'value': 1, 'prev_value': 0, 'change': 1, 'player_num': 1}
2026-04-16 14:15:25,854 : INFO : EventManager : Event: ======'machine_var_audits_shots_left_lane'====== Args={'value': 23, 'prev_value': 22, 'change': 1}
2026-04-16 14:15:25,857 : INFO : EventManager : Event: ======'left_lane_hit'====== Args={'profile': 'default', 'state': 'unlit', 'advancing': True}
2026-04-16 14:15:25,858 : INFO : EventManager : Event: ======'left_lane_default_hit'====== Args={'profile': 'default', 'state': 'unlit', 'advancing': True}
2026-04-16 14:15:25,858 : INFO : EventManager : Event: ======'left_lane_default_unlit_hit'====== Args={'profile': 'default', 'state': 'unlit', 'advancing': True}
2026-04-16 14:15:25,858 : INFO : EventManager : Event: ======'left_lane_unlit_hit'====== Args={'profile': 'default', 'state': 'unlit', 'advancing': True}
2026-04-16 14:15:25,858 : INFO : EventManager : Event: ======'start_mode_rhythm'====== Args={'priority': 0}
2026-04-16 14:15:25,858 : INFO : EventManager : Event: ======'mode_rhythm_will_start'====== Args={'priority': 0}
2026-04-16 14:15:25,859 : INFO : EventManager : Event: ======'mode_rhythm_starting'====== Args={'priority': 0}
2026-04-16 14:15:25,859 : INFO : Mode.rhythm : Started. Priority: 1200
2026-04-16 14:15:25,859 : INFO : EventManager : Event: ======'modes_active_modes_changed'====== Args={}
2026-04-16 14:15:25,859 : INFO : EventManager : Event: ======'mode_rhythm_started'====== Args={'priority': 0}
2026-04-16 14:15:25,860 : INFO : EventManager : Event: ======'player_rhythm_mode_score'====== Args={'value': 0, 'prev_value': 0, 'change': 0, 'player_num': 1}
2026-04-16 14:15:25,860 : INFO : EventManager : Event: ======'player_rhythm_combo'====== Args={'value': 0, 'prev_value': 0, 'change': 0, 'player_num': 1}
2026-04-16 14:15:25,860 : INFO : EventManager : Event: ======'player_rhythm_best_combo'====== Args={'value': 0, 'prev_value': 0, 'change': 0, 'player_num': 1}
2026-04-16 14:15:25,860 : INFO : EventManager : Event: ======'player_rhythm_hits'====== Args={'value': 0, 'prev_value': 0, 'change': 0, 'player_num': 1}
2026-04-16 14:15:25,860 : INFO : EventManager : Event: ======'player_rhythm_misses'====== Args={'value': 0, 'prev_value': 0, 'change': 0, 'player_num': 1}
2026-04-16 14:15:25,861 : INFO : EventManager : Event: ======'player_rhythm_notes_total'====== Args={'value': 38, 'prev_value': 0, 'change': 38, 'player_num': 1}
2026-04-16 14:15:25,861 : INFO : EventManager : Event: ======'player_rhythm_accuracy'====== Args={'value': 0, 'prev_value': 0, 'change': 0, 'player_num': 1}
2026-04-16 14:15:25,861 : INFO : EventManager : Event: ======'player_rhythm_multiplier'====== Args={'value': 1, 'prev_value': 0, 'change': 1, 'player_num': 1}
2026-04-16 14:15:25,900 : INFO : EventManager : Event: ======'slide_rhythm_created'====== Args={'_from_bcp': True}
2026-04-16 14:15:25,900 : INFO : EventManager : Event: ======'slide_base_slide_inactive'====== Args={'is_removing': False, '_from_bcp': True}
2026-04-16 14:15:25,900 : INFO : EventManager : Event: ======'slide_rhythm_active'====== Args={'original_context': 'rhythm', 'original_calling_context': 'mode_rhythm_started', 'priority': 1200.0, 'cmd': 'slides_play', '_from_bcp': True}
2026-04-16 14:15:25,912 : INFO : EventManager : Event: ======'rhythm_chart_started'====== Args={'total_notes': 38, 'travel_ms': 1600, 'perfect_window_ms': 90, 'good_window_ms': 170, 'lead_in_ms': 1800, 'chart_started_delay_ms': 50, 'song_key': 'Deep Purple - Smoke On the Water (Official Music Video)', 'song_bus': 'music', 'audio_offset_ms': 0}
2026-04-16 14:15:25,969 : INFO : SwitchController : <<<<<<< 's_left_lane' inactive >>>>>>>
2026-04-16 14:15:26,662 : INFO : EventManager : Event: ======'rhythm_note_spawned'====== Args={'note_id': 0, 'lane': 'left', 'travel_ms': 1600, 'hit_time_ms': 2400}
2026-04-16 14:15:27,062 : INFO : EventManager : Event: ======'rhythm_note_spawned'====== Args={'note_id': 1, 'lane': 'center', 'travel_ms': 1600, 'hit_time_ms': 2800}
2026-04-16 14:15:27,462 : INFO : EventManager : Event: ======'rhythm_note_spawned'====== Args={'note_id': 2, 'lane': 'right', 'travel_ms': 1600, 'hit_time_ms': 3200}
2026-04-16 14:15:27,863 : INFO : EventManager : Event: ======'rhythm_note_spawned'====== Args={'note_id': 3, 'lane': 'left', 'travel_ms': 1600, 'hit_time_ms': 3600}
2026-04-16 14:15:28,185 : INFO : SwitchController : <<<<<<< 's_flipper_left' active >>>>>>>
2026-04-16 14:15:28,186 : INFO : EventManager : Event: ======'rhythm_lane_pressed'====== Args={'lane': 'left'}
2026-04-16 14:15:28,186 : INFO : EventManager : Event: ======'player_rhythm_combo'====== Args={'value': 1, 'prev_value': 0, 'change': 1, 'player_num': 1}
2026-04-16 14:15:28,186 : INFO : EventManager : Event: ======'player_rhythm_best_combo'====== Args={'value': 1, 'prev_value': 0, 'change': 1, 'player_num': 1}
2026-04-16 14:15:28,186 : INFO : EventManager : Event: ======'player_rhythm_hits'====== Args={'value': 1, 'prev_value': 0, 'change': 1, 'player_num': 1}
2026-04-16 14:15:28,187 : INFO : EventManager : Event: ======'player_rhythm_mode_score'====== Args={'value': 20000, 'prev_value': 0, 'change': 20000, 'player_num': 1}
2026-04-16 14:15:28,187 : INFO : EventManager : Event: ======'player_score'====== Args={'value': 20000, 'prev_value': 0, 'change': 20000, 'player_num': 1}
2026-04-16 14:15:28,187 : INFO : EventManager : Event: ======'rhythm_note_hit'====== Args={'note_id': 0, 'lane': 'left', 'judgment': 'perfect', 'combo': 1, 'multiplier': 1, 'award': 20000, 'delta_ms': 74, 'total_score': 20000}
2026-04-16 14:15:28,187 : INFO : EventManager : Event: ======'machine_var_audits_switches_s_flipper_left'====== Args={'value': 157, 'prev_value': 156, 'change': 1}
2026-04-16 14:15:28,262 : INFO : EventManager : Event: ======'rhythm_note_spawned'====== Args={'note_id': 4, 'lane': 'center', 'travel_ms': 1600, 'hit_time_ms': 4000}
2026-04-16 14:15:28,263 : INFO : EventManager : Event: ======'rhythm_note_spawned'====== Args={'note_id': 5, 'lane': 'right', 'travel_ms': 1600, 'hit_time_ms': 4000}
2026-04-16 14:15:28,352 : INFO : SwitchController : <<<<<<< 's_flipper_left' inactive >>>>>>>
2026-04-16 14:15:28,619 : INFO : SwitchController : <<<<<<< 's_action_button' active >>>>>>>
2026-04-16 14:15:28,619 : INFO : EventManager : Event: ======'rhythm_lane_pressed'====== Args={'lane': 'center'}
2026-04-16 14:15:28,619 : INFO : EventManager : Event: ======'player_rhythm_combo'====== Args={'value': 2, 'prev_value': 1, 'change': 1, 'player_num': 1}
2026-04-16 14:15:28,619 : INFO : EventManager : Event: ======'player_rhythm_best_combo'====== Args={'value': 2, 'prev_value': 1, 'change': 1, 'player_num': 1}
2026-04-16 14:15:28,620 : INFO : EventManager : Event: ======'player_rhythm_hits'====== Args={'value': 2, 'prev_value': 1, 'change': 1, 'player_num': 1}
2026-04-16 14:15:28,620 : INFO : EventManager : Event: ======'player_rhythm_mode_score'====== Args={'value': 40000, 'prev_value': 20000, 'change': 20000, 'player_num': 1}
2026-04-16 14:15:28,620 : INFO : EventManager : Event: ======'player_score'====== Args={'value': 40000, 'prev_value': 20000, 'change': 20000, 'player_num': 1}
2026-04-16 14:15:28,620 : INFO : EventManager : Event: ======'rhythm_note_hit'====== Args={'note_id': 1, 'lane': 'center', 'judgment': 'perfect', 'combo': 2, 'multiplier': 1, 'award': 20000, 'delta_ms': 41, 'total_score': 40000}
2026-04-16 14:15:28,621 : INFO : EventManager : Event: ======'machine_var_audits_switches_s_action_button'====== Args={'value': 97, 'prev_value': 96, 'change': 1}
2026-04-16 14:15:28,762 : INFO : EventManager : Event: ======'rhythm_note_spawned'====== Args={'note_id': 6, 'lane': 'left', 'travel_ms': 1600, 'hit_time_ms': 4500}
2026-04-16 14:15:28,786 : INFO : SwitchController : <<<<<<< 's_action_button' inactive >>>>>>>
2026-04-16 14:15:28,902 : INFO : SwitchController : <<<<<<< 's_flipper_right' active >>>>>>>
2026-04-16 14:15:28,902 : INFO : EventManager : Event: ======'rhythm_lane_pressed'====== Args={'lane': 'right'}
2026-04-16 14:15:28,902 : INFO : EventManager : Event: ======'player_rhythm_combo'====== Args={'value': 3, 'prev_value': 2, 'change': 1, 'player_num': 1}
2026-04-16 14:15:28,902 : INFO : EventManager : Event: ======'player_rhythm_best_combo'====== Args={'value': 3, 'prev_value': 2, 'change': 1, 'player_num': 1}
2026-04-16 14:15:28,903 : INFO : EventManager : Event: ======'player_rhythm_hits'====== Args={'value': 3, 'prev_value': 2, 'change': 1, 'player_num': 1}
2026-04-16 14:15:28,903 : INFO : EventManager : Event: ======'player_rhythm_mode_score'====== Args={'value': 50000, 'prev_value': 40000, 'change': 10000, 'player_num': 1}
2026-04-16 14:15:28,903 : INFO : EventManager : Event: ======'player_score'====== Args={'value': 50000, 'prev_value': 40000, 'change': 10000, 'player_num': 1}
2026-04-16 14:15:28,903 : INFO : EventManager : Event: ======'rhythm_note_hit'====== Args={'note_id': 2, 'lane': 'right', 'judgment': 'good', 'combo': 3, 'multiplier': 1, 'award': 10000, 'delta_ms': 158, 'total_score': 50000}
2026-04-16 14:15:28,903 : INFO : EventManager : Event: ======'machine_var_audits_switches_s_flipper_right'====== Args={'value': 147, 'prev_value': 146, 'change': 1}
2026-04-16 14:15:29,069 : INFO : SwitchController : <<<<<<< 's_flipper_right' inactive >>>>>>>
2026-04-16 14:15:29,162 : INFO : EventManager : Event: ======'rhythm_note_spawned'====== Args={'note_id': 7, 'lane': 'center', 'travel_ms': 1600, 'hit_time_ms': 4900}
2026-04-16 14:15:29,401 : INFO : SwitchController : <<<<<<< 's_flipper_left' active >>>>>>>
2026-04-16 14:15:29,402 : INFO : EventManager : Event: ======'rhythm_lane_pressed'====== Args={'lane': 'left'}
2026-04-16 14:15:29,402 : INFO : EventManager : Event: ======'player_rhythm_combo'====== Args={'value': 4, 'prev_value': 3, 'change': 1, 'player_num': 1}
2026-04-16 14:15:29,402 : INFO : EventManager : Event: ======'player_rhythm_best_combo'====== Args={'value': 4, 'prev_value': 3, 'change': 1, 'player_num': 1}
2026-04-16 14:15:29,402 : INFO : EventManager : Event: ======'player_rhythm_hits'====== Args={'value': 4, 'prev_value': 3, 'change': 1, 'player_num': 1}
2026-04-16 14:15:29,402 : INFO : EventManager : Event: ======'player_rhythm_mode_score'====== Args={'value': 70000, 'prev_value': 50000, 'change': 20000, 'player_num': 1}
2026-04-16 14:15:29,403 : INFO : EventManager : Event: ======'player_score'====== Args={'value': 70000, 'prev_value': 50000, 'change': 20000, 'player_num': 1}
2026-04-16 14:15:29,403 : INFO : EventManager : Event: ======'rhythm_note_hit'====== Args={'note_id': 3, 'lane': 'left', 'judgment': 'perfect', 'combo': 4, 'multiplier': 1, 'award': 20000, 'delta_ms': 58, 'total_score': 70000}
2026-04-16 14:15:29,403 : INFO : EventManager : Event: ======'machine_var_audits_switches_s_flipper_left'====== Args={'value': 158, 'prev_value': 157, 'change': 1}
2026-04-16 14:15:29,552 : INFO : SwitchController : <<<<<<< 's_flipper_left' inactive >>>>>>>
2026-04-16 14:15:29,562 : INFO : EventManager : Event: ======'rhythm_note_spawned'====== Args={'note_id': 8, 'lane': 'right', 'travel_ms': 1600, 'hit_time_ms': 5300}
2026-04-16 14:15:29,835 : INFO : SwitchController : <<<<<<< 's_action_button' active >>>>>>>
2026-04-16 14:15:29,836 : INFO : EventManager : Event: ======'rhythm_lane_pressed'====== Args={'lane': 'center'}
2026-04-16 14:15:29,836 : INFO : EventManager : Event: ======'player_rhythm_combo'====== Args={'value': 5, 'prev_value': 4, 'change': 1, 'player_num': 1}
2026-04-16 14:15:29,836 : INFO : EventManager : Event: ======'player_rhythm_best_combo'====== Args={'value': 5, 'prev_value': 4, 'change': 1, 'player_num': 1}
2026-04-16 14:15:29,837 : INFO : EventManager : Event: ======'player_rhythm_hits'====== Args={'value': 5, 'prev_value': 4, 'change': 1, 'player_num': 1}
2026-04-16 14:15:29,837 : INFO : EventManager : Event: ======'player_rhythm_mode_score'====== Args={'value': 90000, 'prev_value': 70000, 'change': 20000, 'player_num': 1}
2026-04-16 14:15:29,837 : INFO : EventManager : Event: ======'player_score'====== Args={'value': 90000, 'prev_value': 70000, 'change': 20000, 'player_num': 1}
2026-04-16 14:15:29,837 : INFO : EventManager : Event: ======'rhythm_note_hit'====== Args={'note_id': 4, 'lane': 'center', 'judgment': 'perfect', 'combo': 5, 'multiplier': 1, 'award': 20000, 'delta_ms': 24, 'total_score': 90000}
2026-04-16 14:15:29,837 : INFO : EventManager : Event: ======'machine_var_audits_switches_s_action_button'====== Args={'value': 98, 'prev_value': 97, 'change': 1}
2026-04-16 14:15:29,871 : INFO : SwitchController : <<<<<<< 's_flipper_right' active >>>>>>>
2026-04-16 14:15:29,871 : INFO : EventManager : Event: ======'rhythm_lane_pressed'====== Args={'lane': 'right'}
2026-04-16 14:15:29,871 : INFO : EventManager : Event: ======'player_rhythm_combo'====== Args={'value': 6, 'prev_value': 5, 'change': 1, 'player_num': 1}
2026-04-16 14:15:29,871 : INFO : EventManager : Event: ======'player_rhythm_best_combo'====== Args={'value': 6, 'prev_value': 5, 'change': 1, 'player_num': 1}
2026-04-16 14:15:29,871 : INFO : EventManager : Event: ======'player_rhythm_hits'====== Args={'value': 6, 'prev_value': 5, 'change': 1, 'player_num': 1}
2026-04-16 14:15:29,872 : INFO : EventManager : Event: ======'player_rhythm_mode_score'====== Args={'value': 110000, 'prev_value': 90000, 'change': 20000, 'player_num': 1}
2026-04-16 14:15:29,872 : INFO : EventManager : Event: ======'player_score'====== Args={'value': 110000, 'prev_value': 90000, 'change': 20000, 'player_num': 1}
2026-04-16 14:15:29,872 : INFO : EventManager : Event: ======'rhythm_note_hit'====== Args={'note_id': 5, 'lane': 'right', 'judgment': 'perfect', 'combo': 6, 'multiplier': 1, 'award': 20000, 'delta_ms': 11, 'total_score': 110000}
2026-04-16 14:15:29,872 : INFO : EventManager : Event: ======'machine_var_audits_switches_s_flipper_right'====== Args={'value': 148, 'prev_value': 147, 'change': 1}
2026-04-16 14:15:29,962 : INFO : EventManager : Event: ======'rhythm_note_spawned'====== Args={'note_id': 9, 'lane': 'left', 'travel_ms': 1600, 'hit_time_ms': 5700}
2026-04-16 14:15:30,019 : INFO : SwitchController : <<<<<<< 's_flipper_right' inactive >>>>>>>
2026-04-16 14:15:30,035 : INFO : SwitchController : <<<<<<< 's_action_button' inactive >>>>>>>
2026-04-16 14:15:30,319 : INFO : SwitchController : <<<<<<< 's_flipper_left' active >>>>>>>
2026-04-16 14:15:30,319 : INFO : EventManager : Event: ======'rhythm_lane_pressed'====== Args={'lane': 'left'}
2026-04-16 14:15:30,319 : INFO : EventManager : Event: ======'player_rhythm_combo'====== Args={'value': 7, 'prev_value': 6, 'change': 1, 'player_num': 1}
2026-04-16 14:15:30,320 : INFO : EventManager : Event: ======'player_rhythm_best_combo'====== Args={'value': 7, 'prev_value': 6, 'change': 1, 'player_num': 1}
2026-04-16 14:15:30,320 : INFO : EventManager : Event: ======'player_rhythm_hits'====== Args={'value': 7, 'prev_value': 6, 'change': 1, 'player_num': 1}
2026-04-16 14:15:30,320 : INFO : EventManager : Event: ======'player_rhythm_mode_score'====== Args={'value': 130000, 'prev_value': 110000, 'change': 20000, 'player_num': 1}
2026-04-16 14:15:30,321 : INFO : EventManager : Event: ======'player_score'====== Args={'value': 130000, 'prev_value': 110000, 'change': 20000, 'player_num': 1}
2026-04-16 14:15:30,321 : INFO : EventManager : Event: ======'rhythm_note_hit'====== Args={'note_id': 6, 'lane': 'left', 'judgment': 'perfect', 'combo': 7, 'multiplier': 1, 'award': 20000, 'delta_ms': 40, 'total_score': 130000}
2026-04-16 14:15:30,321 : INFO : EventManager : Event: ======'machine_var_audits_switches_s_flipper_left'====== Args={'value': 159, 'prev_value': 158, 'change': 1}
2026-04-16 14:15:30,362 : INFO : EventManager : Event: ======'rhythm_note_spawned'====== Args={'note_id': 10, 'lane': 'center', 'travel_ms': 1600, 'hit_time_ms': 6100}
2026-04-16 14:15:30,469 : INFO : SwitchController : <<<<<<< 's_flipper_left' inactive >>>>>>>
2026-04-16 14:15:30,719 : INFO : SwitchController : <<<<<<< 's_action_button' active >>>>>>>
2026-04-16 14:15:30,719 : INFO : EventManager : Event: ======'rhythm_lane_pressed'====== Args={'lane': 'center'}
2026-04-16 14:15:30,719 : INFO : EventManager : Event: ======'player_rhythm_combo'====== Args={'value': 8, 'prev_value': 7, 'change': 1, 'player_num': 1}
2026-04-16 14:15:30,719 : INFO : EventManager : Event: ======'player_rhythm_best_combo'====== Args={'value': 8, 'prev_value': 7, 'change': 1, 'player_num': 1}
2026-04-16 14:15:30,719 : INFO : EventManager : Event: ======'player_rhythm_hits'====== Args={'value': 8, 'prev_value': 7, 'change': 1, 'player_num': 1}
2026-04-16 14:15:30,720 : INFO : EventManager : Event: ======'player_rhythm_mode_score'====== Args={'value': 150000, 'prev_value': 130000, 'change': 20000, 'player_num': 1}
2026-04-16 14:15:30,720 : INFO : EventManager : Event: ======'player_score'====== Args={'value': 150000, 'prev_value': 130000, 'change': 20000, 'player_num': 1}
2026-04-16 14:15:30,720 : INFO : EventManager : Event: ======'rhythm_note_hit'====== Args={'note_id': 7, 'lane': 'center', 'judgment': 'perfect', 'combo': 8, 'multiplier': 1, 'award': 20000, 'delta_ms': 41, 'total_score': 150000}
2026-04-16 14:15:30,720 : INFO : EventManager : Event: ======'machine_var_audits_switches_s_action_button'====== Args={'value': 99, 'prev_value': 98, 'change': 1}
2026-04-16 14:15:30,763 : INFO : EventManager : Event: ======'rhythm_note_spawned'====== Args={'note_id': 11, 'lane': 'right', 'travel_ms': 1600, 'hit_time_ms': 6500}
2026-04-16 14:15:30,852 : INFO : SwitchController : <<<<<<< 's_action_button' inactive >>>>>>>
2026-04-16 14:15:31,136 : INFO : SwitchController : <<<<<<< 's_flipper_right' active >>>>>>>
2026-04-16 14:15:31,136 : INFO : EventManager : Event: ======'rhythm_lane_pressed'====== Args={'lane': 'right'}
2026-04-16 14:15:31,136 : INFO : EventManager : Event: ======'player_rhythm_combo'====== Args={'value': 9, 'prev_value': 8, 'change': 1, 'player_num': 1}
2026-04-16 14:15:31,136 : INFO : EventManager : Event: ======'player_rhythm_best_combo'====== Args={'value': 9, 'prev_value': 8, 'change': 1, 'player_num': 1}
2026-04-16 14:15:31,137 : INFO : EventManager : Event: ======'player_rhythm_hits'====== Args={'value': 9, 'prev_value': 8, 'change': 1, 'player_num': 1}
2026-04-16 14:15:31,137 : INFO : EventManager : Event: ======'player_rhythm_multiplier'====== Args={'value': 2, 'prev_value': 1, 'change': 1, 'player_num': 1}
2026-04-16 14:15:31,137 : INFO : EventManager : Event: ======'player_rhythm_mode_score'====== Args={'value': 190000, 'prev_value': 150000, 'change': 40000, 'player_num': 1}
2026-04-16 14:15:31,138 : INFO : EventManager : Event: ======'player_score'====== Args={'value': 190000, 'prev_value': 150000, 'change': 40000, 'player_num': 1}
2026-04-16 14:15:31,138 : INFO : EventManager : Event: ======'rhythm_note_hit'====== Args={'note_id': 8, 'lane': 'right', 'judgment': 'perfect', 'combo': 9, 'multiplier': 2, 'award': 40000, 'delta_ms': 24, 'total_score': 190000}
2026-04-16 14:15:31,138 : INFO : EventManager : Event: ======'machine_var_audits_switches_s_flipper_right'====== Args={'value': 149, 'prev_value': 148, 'change': 1}
2026-04-16 14:15:31,163 : INFO : EventManager : Event: ======'rhythm_note_spawned'====== Args={'note_id': 12, 'lane': 'center', 'travel_ms': 1600, 'hit_time_ms': 6900}
2026-04-16 14:15:31,286 : INFO : SwitchController : <<<<<<< 's_flipper_right' inactive >>>>>>>
2026-04-16 14:15:31,469 : INFO : SwitchController : <<<<<<< 's_flipper_left' active >>>>>>>
2026-04-16 14:15:31,469 : INFO : EventManager : Event: ======'rhythm_lane_pressed'====== Args={'lane': 'left'}
2026-04-16 14:15:31,469 : INFO : EventManager : Event: ======'player_rhythm_combo'====== Args={'value': 10, 'prev_value': 9, 'change': 1, 'player_num': 1}
2026-04-16 14:15:31,470 : INFO : EventManager : Event: ======'player_rhythm_best_combo'====== Args={'value': 10, 'prev_value': 9, 'change': 1, 'player_num': 1}
2026-04-16 14:15:31,470 : INFO : EventManager : Event: ======'player_rhythm_hits'====== Args={'value': 10, 'prev_value': 9, 'change': 1, 'player_num': 1}
2026-04-16 14:15:31,470 : INFO : EventManager : Event: ======'player_rhythm_mode_score'====== Args={'value': 230000, 'prev_value': 190000, 'change': 40000, 'player_num': 1}
2026-04-16 14:15:31,470 : INFO : EventManager : Event: ======'player_score'====== Args={'value': 230000, 'prev_value': 190000, 'change': 40000, 'player_num': 1}
2026-04-16 14:15:31,471 : INFO : EventManager : Event: ======'rhythm_note_hit'====== Args={'note_id': 9, 'lane': 'left', 'judgment': 'perfect', 'combo': 10, 'multiplier': 2, 'award': 40000, 'delta_ms': 90, 'total_score': 230000}
2026-04-16 14:15:31,471 : INFO : EventManager : Event: ======'machine_var_audits_switches_s_flipper_left'====== Args={'value': 160, 'prev_value': 159, 'change': 1}
2026-04-16 14:15:31,563 : INFO : EventManager : Event: ======'rhythm_note_spawned'====== Args={'note_id': 13, 'lane': 'right', 'travel_ms': 1600, 'hit_time_ms': 7300}
2026-04-16 14:15:31,635 : INFO : SwitchController : <<<<<<< 's_flipper_left' inactive >>>>>>>
2026-04-16 14:15:31,885 : INFO : SwitchController : <<<<<<< 's_action_button' active >>>>>>>
2026-04-16 14:15:31,885 : INFO : EventManager : Event: ======'rhythm_lane_pressed'====== Args={'lane': 'center'}
2026-04-16 14:15:31,885 : INFO : EventManager : Event: ======'player_rhythm_combo'====== Args={'value': 11, 'prev_value': 10, 'change': 1, 'player_num': 1}
2026-04-16 14:15:31,886 : INFO : EventManager : Event: ======'player_rhythm_best_combo'====== Args={'value': 11, 'prev_value': 10, 'change': 1, 'player_num': 1}
2026-04-16 14:15:31,886 : INFO : EventManager : Event: ======'player_rhythm_hits'====== Args={'value': 11, 'prev_value': 10, 'change': 1, 'player_num': 1}
2026-04-16 14:15:31,886 : INFO : EventManager : Event: ======'player_rhythm_mode_score'====== Args={'value': 270000, 'prev_value': 230000, 'change': 40000, 'player_num': 1}
2026-04-16 14:15:31,887 : INFO : EventManager : Event: ======'player_score'====== Args={'value': 270000, 'prev_value': 230000, 'change': 40000, 'player_num': 1}
2026-04-16 14:15:31,887 : INFO : EventManager : Event: ======'rhythm_note_hit'====== Args={'note_id': 10, 'lane': 'center', 'judgment': 'perfect', 'combo': 11, 'multiplier': 2, 'award': 40000, 'delta_ms': 74, 'total_score': 270000}
2026-04-16 14:15:31,887 : INFO : EventManager : Event: ======'machine_var_audits_switches_s_action_button'====== Args={'value': 100, 'prev_value': 99, 'change': 1}
2026-04-16 14:15:31,963 : INFO : EventManager : Event: ======'rhythm_note_spawned'====== Args={'note_id': 14, 'lane': 'left', 'travel_ms': 1600, 'hit_time_ms': 7700}
2026-04-16 14:15:31,963 : INFO : EventManager : Event: ======'rhythm_note_spawned'====== Args={'note_id': 15, 'lane': 'center', 'travel_ms': 1600, 'hit_time_ms': 7700}
2026-04-16 14:15:32,035 : INFO : SwitchController : <<<<<<< 's_action_button' inactive >>>>>>>
2026-04-16 14:15:32,285 : INFO : SwitchController : <<<<<<< 's_flipper_right' active >>>>>>>
2026-04-16 14:15:32,286 : INFO : EventManager : Event: ======'rhythm_lane_pressed'====== Args={'lane': 'right'}
2026-04-16 14:15:32,286 : INFO : EventManager : Event: ======'player_rhythm_combo'====== Args={'value': 12, 'prev_value': 11, 'change': 1, 'player_num': 1}
2026-04-16 14:15:32,286 : INFO : EventManager : Event: ======'player_rhythm_best_combo'====== Args={'value': 12, 'prev_value': 11, 'change': 1, 'player_num': 1}
2026-04-16 14:15:32,286 : INFO : EventManager : Event: ======'player_rhythm_hits'====== Args={'value': 12, 'prev_value': 11, 'change': 1, 'player_num': 1}
2026-04-16 14:15:32,287 : INFO : EventManager : Event: ======'player_rhythm_mode_score'====== Args={'value': 310000, 'prev_value': 270000, 'change': 40000, 'player_num': 1}
2026-04-16 14:15:32,287 : INFO : EventManager : Event: ======'player_score'====== Args={'value': 310000, 'prev_value': 270000, 'change': 40000, 'player_num': 1}
2026-04-16 14:15:32,287 : INFO : EventManager : Event: ======'rhythm_note_hit'====== Args={'note_id': 11, 'lane': 'right', 'judgment': 'perfect', 'combo': 12, 'multiplier': 2, 'award': 40000, 'delta_ms': 74, 'total_score': 310000}
2026-04-16 14:15:32,287 : INFO : EventManager : Event: ======'machine_var_audits_switches_s_flipper_right'====== Args={'value': 150, 'prev_value': 149, 'change': 1}
2026-04-16 14:15:32,435 : INFO : SwitchController : <<<<<<< 's_flipper_right' inactive >>>>>>>
2026-04-16 14:15:32,563 : INFO : EventManager : Event: ======'rhythm_note_spawned'====== Args={'note_id': 16, 'lane': 'left', 'travel_ms': 1600, 'hit_time_ms': 8300}
2026-04-16 14:15:32,719 : INFO : SwitchController : <<<<<<< 's_action_button' active >>>>>>>
2026-04-16 14:15:32,719 : INFO : EventManager : Event: ======'rhythm_lane_pressed'====== Args={'lane': 'center'}
2026-04-16 14:15:32,720 : INFO : EventManager : Event: ======'player_rhythm_combo'====== Args={'value': 13, 'prev_value': 12, 'change': 1, 'player_num': 1}
2026-04-16 14:15:32,720 : INFO : EventManager : Event: ======'player_rhythm_best_combo'====== Args={'value': 13, 'prev_value': 12, 'change': 1, 'player_num': 1}
2026-04-16 14:15:32,721 : INFO : EventManager : Event: ======'player_rhythm_hits'====== Args={'value': 13, 'prev_value': 12, 'change': 1, 'player_num': 1}
2026-04-16 14:15:32,721 : INFO : EventManager : Event: ======'player_rhythm_mode_score'====== Args={'value': 350000, 'prev_value': 310000, 'change': 40000, 'player_num': 1}
2026-04-16 14:15:32,721 : INFO : EventManager : Event: ======'player_score'====== Args={'value': 350000, 'prev_value': 310000, 'change': 40000, 'player_num': 1}
2026-04-16 14:15:32,721 : INFO : EventManager : Event: ======'rhythm_note_hit'====== Args={'note_id': 12, 'lane': 'center', 'judgment': 'perfect', 'combo': 13, 'multiplier': 2, 'award': 40000, 'delta_ms': 40, 'total_score': 350000}
2026-04-16 14:15:32,721 : INFO : EventManager : Event: ======'machine_var_audits_switches_s_action_button'====== Args={'value': 101, 'prev_value': 100, 'change': 1}
2026-04-16 14:15:32,885 : INFO : SwitchController : <<<<<<< 's_action_button' inactive >>>>>>>
2026-04-16 14:15:32,963 : INFO : EventManager : Event: ======'rhythm_note_spawned'====== Args={'note_id': 17, 'lane': 'center', 'travel_ms': 1600, 'hit_time_ms': 8700}
2026-04-16 14:15:33,051 : INFO : SwitchController : <<<<<<< 's_flipper_right' active >>>>>>>
2026-04-16 14:15:33,052 : INFO : EventManager : Event: ======'rhythm_lane_pressed'====== Args={'lane': 'right'}
2026-04-16 14:15:33,052 : INFO : EventManager : Event: ======'player_rhythm_combo'====== Args={'value': 14, 'prev_value': 13, 'change': 1, 'player_num': 1}
2026-04-16 14:15:33,052 : INFO : EventManager : Event: ======'player_rhythm_best_combo'====== Args={'value': 14, 'prev_value': 13, 'change': 1, 'player_num': 1}
2026-04-16 14:15:33,052 : INFO : EventManager : Event: ======'player_rhythm_hits'====== Args={'value': 14, 'prev_value': 13, 'change': 1, 'player_num': 1}
2026-04-16 14:15:33,053 : INFO : EventManager : Event: ======'player_rhythm_mode_score'====== Args={'value': 370000, 'prev_value': 350000, 'change': 20000, 'player_num': 1}
2026-04-16 14:15:33,053 : INFO : EventManager : Event: ======'player_score'====== Args={'value': 370000, 'prev_value': 350000, 'change': 20000, 'player_num': 1}
2026-04-16 14:15:33,053 : INFO : EventManager : Event: ======'rhythm_note_hit'====== Args={'note_id': 13, 'lane': 'right', 'judgment': 'good', 'combo': 14, 'multiplier': 2, 'award': 20000, 'delta_ms': 108, 'total_score': 370000}
2026-04-16 14:15:33,053 : INFO : EventManager : Event: ======'machine_var_audits_switches_s_flipper_right'====== Args={'value': 151, 'prev_value': 150, 'change': 1}
2026-04-16 14:15:33,235 : INFO : SwitchController : <<<<<<< 's_flipper_right' inactive >>>>>>>
2026-04-16 14:15:33,363 : INFO : EventManager : Event: ======'rhythm_note_spawned'====== Args={'note_id': 18, 'lane': 'right', 'travel_ms': 1600, 'hit_time_ms': 9100}
2026-04-16 14:15:33,519 : INFO : SwitchController : <<<<<<< 's_action_button' active >>>>>>>
2026-04-16 14:15:33,519 : INFO : EventManager : Event: ======'rhythm_lane_pressed'====== Args={'lane': 'center'}
2026-04-16 14:15:33,519 : INFO : EventManager : Event: ======'player_rhythm_combo'====== Args={'value': 15, 'prev_value': 14, 'change': 1, 'player_num': 1}
2026-04-16 14:15:33,520 : INFO : EventManager : Event: ======'player_rhythm_best_combo'====== Args={'value': 15, 'prev_value': 14, 'change': 1, 'player_num': 1}
2026-04-16 14:15:33,520 : INFO : EventManager : Event: ======'player_rhythm_hits'====== Args={'value': 15, 'prev_value': 14, 'change': 1, 'player_num': 1}
2026-04-16 14:15:33,520 : INFO : EventManager : Event: ======'player_rhythm_mode_score'====== Args={'value': 410000, 'prev_value': 370000, 'change': 40000, 'player_num': 1}
2026-04-16 14:15:33,520 : INFO : EventManager : Event: ======'player_score'====== Args={'value': 410000, 'prev_value': 370000, 'change': 40000, 'player_num': 1}
2026-04-16 14:15:33,521 : INFO : EventManager : Event: ======'rhythm_note_hit'====== Args={'note_id': 15, 'lane': 'center', 'judgment': 'perfect', 'combo': 15, 'multiplier': 2, 'award': 40000, 'delta_ms': 41, 'total_score': 410000}
2026-04-16 14:15:33,521 : INFO : EventManager : Event: ======'machine_var_audits_switches_s_action_button'====== Args={'value': 102, 'prev_value': 101, 'change': 1}
2026-04-16 14:15:33,602 : INFO : SwitchController : <<<<<<< 's_flipper_left' active >>>>>>>
2026-04-16 14:15:33,602 : INFO : EventManager : Event: ======'rhythm_lane_pressed'====== Args={'lane': 'left'}
2026-04-16 14:15:33,602 : INFO : EventManager : Event: ======'player_rhythm_combo'====== Args={'value': 16, 'prev_value': 15, 'change': 1, 'player_num': 1}
2026-04-16 14:15:33,603 : INFO : EventManager : Event: ======'player_rhythm_best_combo'====== Args={'value': 16, 'prev_value': 15, 'change': 1, 'player_num': 1}
2026-04-16 14:15:33,603 : INFO : EventManager : Event: ======'player_rhythm_hits'====== Args={'value': 16, 'prev_value': 15, 'change': 1, 'player_num': 1}
2026-04-16 14:15:33,603 : INFO : EventManager : Event: ======'player_rhythm_mode_score'====== Args={'value': 450000, 'prev_value': 410000, 'change': 40000, 'player_num': 1}
2026-04-16 14:15:33,604 : INFO : EventManager : Event: ======'player_score'====== Args={'value': 450000, 'prev_value': 410000, 'change': 40000, 'player_num': 1}
2026-04-16 14:15:33,604 : INFO : EventManager : Event: ======'rhythm_note_hit'====== Args={'note_id': 14, 'lane': 'left', 'judgment': 'perfect', 'combo': 16, 'multiplier': 2, 'award': 40000, 'delta_ms': 43, 'total_score': 450000}
2026-04-16 14:15:33,604 : INFO : EventManager : Event: ======'machine_var_audits_switches_s_flipper_left'====== Args={'value': 161, 'prev_value': 160, 'change': 1}
2026-04-16 14:15:33,752 : INFO : SwitchController : <<<<<<< 's_flipper_left' inactive >>>>>>>
2026-04-16 14:15:33,763 : INFO : EventManager : Event: ======'rhythm_note_spawned'====== Args={'note_id': 19, 'lane': 'center', 'travel_ms': 1600, 'hit_time_ms': 9500}
2026-04-16 14:15:33,768 : INFO : SwitchController : <<<<<<< 's_action_button' inactive >>>>>>>
2026-04-16 14:15:33,985 : INFO : SwitchController : <<<<<<< 's_flipper_left' active >>>>>>>
2026-04-16 14:15:33,986 : INFO : EventManager : Event: ======'rhythm_lane_pressed'====== Args={'lane': 'left'}
2026-04-16 14:15:33,986 : INFO : EventManager : Event: ======'machine_var_audits_switches_s_flipper_left'====== Args={'value': 162, 'prev_value': 161, 'change': 1}
2026-04-16 14:15:34,152 : INFO : SwitchController : <<<<<<< 's_flipper_left' inactive >>>>>>>
2026-04-16 14:15:34,163 : INFO : EventManager : Event: ======'rhythm_note_spawned'====== Args={'note_id': 20, 'lane': 'right', 'travel_ms': 1600, 'hit_time_ms': 9900}
2026-04-16 14:15:34,334 : INFO : EventManager : Event: ======'player_rhythm_combo'====== Args={'value': 0, 'prev_value': 16, 'change': -16, 'player_num': 1}
2026-04-16 14:15:34,335 : INFO : EventManager : Event: ======'player_rhythm_misses'====== Args={'value': 1, 'prev_value': 0, 'change': 1, 'player_num': 1}
2026-04-16 14:15:34,335 : INFO : EventManager : Event: ======'player_rhythm_multiplier'====== Args={'value': 1, 'prev_value': 2, 'change': -1, 'player_num': 1}
2026-04-16 14:15:34,335 : INFO : EventManager : Event: ======'rhythm_note_missed'====== Args={'note_id': 16, 'lane': 'left', 'total_misses': 1}
2026-04-16 14:15:34,486 : INFO : SwitchController : <<<<<<< 's_action_button' active >>>>>>>
2026-04-16 14:15:34,486 : INFO : EventManager : Event: ======'rhythm_lane_pressed'====== Args={'lane': 'center'}
2026-04-16 14:15:34,486 : INFO : EventManager : Event: ======'player_rhythm_combo'====== Args={'value': 1, 'prev_value': 0, 'change': 1, 'player_num': 1}
2026-04-16 14:15:34,486 : INFO : EventManager : Event: ======'player_rhythm_hits'====== Args={'value': 17, 'prev_value': 16, 'change': 1, 'player_num': 1}
2026-04-16 14:15:34,487 : INFO : EventManager : Event: ======'player_rhythm_mode_score'====== Args={'value': 470000, 'prev_value': 450000, 'change': 20000, 'player_num': 1}
2026-04-16 14:15:34,487 : INFO : EventManager : Event: ======'player_score'====== Args={'value': 470000, 'prev_value': 450000, 'change': 20000, 'player_num': 1}
2026-04-16 14:15:34,487 : INFO : EventManager : Event: ======'rhythm_note_hit'====== Args={'note_id': 17, 'lane': 'center', 'judgment': 'perfect', 'combo': 1, 'multiplier': 1, 'award': 20000, 'delta_ms': 74, 'total_score': 470000}
2026-04-16 14:15:34,487 : INFO : EventManager : Event: ======'machine_var_audits_switches_s_action_button'====== Args={'value': 103, 'prev_value': 102, 'change': 1}
2026-04-16 14:15:34,538 : INFO : EventManager : Event: ======'balldevice_bd_trough_ball_eject_failed'====== Args={'target': <ball_device.bd_plunger>, 'balls': 1, 'retry': True, 'num_attempts': 1}
2026-04-16 14:15:34,539 : INFO : ball_device.bd_trough : State: waiting_for_target_ready
2026-04-16 14:15:34,539 : INFO : EventManager : Event: ======'balldevice_bd_trough_ball_eject_attempt'====== Args={'balls': 1, 'target': <ball_device.bd_plunger>, 'source': <ball_device.bd_trough>, 'mechanical_eject': False, 'num_attempts': 1}
2026-04-16 14:15:34,540 : INFO : ball_device.bd_trough : State: ejecting
2026-04-16 14:15:34,540 : INFO : ball_device.bd_trough : Ejecting ball to <ball_device.bd_plunger>
2026-04-16 14:15:34,540 : INFO : EventManager : Event: ======'balldevice_bd_trough_ejecting_ball'====== Args={'balls': 1, 'target': <ball_device.bd_plunger>, 'source': <ball_device.bd_trough>, 'mechanical_eject': False, 'num_attempts': 1}
2026-04-16 14:15:34,540 : INFO : ball_device.bd_trough : Wait for ball to leave device
2026-04-16 14:15:34,541 : INFO : coil.c_trough_eject : Pulsing Driver for 10ms (1.0 pulse_power)
2026-04-16 14:15:34,563 : INFO : EventManager : Event: ======'rhythm_note_spawned'====== Args={'note_id': 21, 'lane': 'left', 'travel_ms': 1600, 'hit_time_ms': 10300}
2026-04-16 14:15:34,635 : INFO : SwitchController : <<<<<<< 's_action_button' inactive >>>>>>>
2026-04-16 14:15:34,835 : INFO : SwitchController : <<<<<<< 's_flipper_right' active >>>>>>>
2026-04-16 14:15:34,835 : INFO : EventManager : Event: ======'rhythm_lane_pressed'====== Args={'lane': 'right'}
2026-04-16 14:15:34,836 : INFO : EventManager : Event: ======'player_rhythm_combo'====== Args={'value': 2, 'prev_value': 1, 'change': 1, 'player_num': 1}
2026-04-16 14:15:34,836 : INFO : EventManager : Event: ======'player_rhythm_hits'====== Args={'value': 18, 'prev_value': 17, 'change': 1, 'player_num': 1}
2026-04-16 14:15:34,836 : INFO : EventManager : Event: ======'player_rhythm_mode_score'====== Args={'value': 480000, 'prev_value': 470000, 'change': 10000, 'player_num': 1}
2026-04-16 14:15:34,836 : INFO : EventManager : Event: ======'player_score'====== Args={'value': 480000, 'prev_value': 470000, 'change': 10000, 'player_num': 1}
2026-04-16 14:15:34,836 : INFO : EventManager : Event: ======'rhythm_note_hit'====== Args={'note_id': 18, 'lane': 'right', 'judgment': 'good', 'combo': 2, 'multiplier': 1, 'award': 10000, 'delta_ms': 124, 'total_score': 480000}
2026-04-16 14:15:34,836 : INFO : EventManager : Event: ======'machine_var_audits_switches_s_flipper_right'====== Args={'value': 152, 'prev_value': 151, 'change': 1}
2026-04-16 14:15:34,962 : INFO : EventManager : Event: ======'rhythm_note_spawned'====== Args={'note_id': 22, 'lane': 'center', 'travel_ms': 1600, 'hit_time_ms': 10700}
2026-04-16 14:15:34,963 : INFO : EventManager : Event: ======'rhythm_note_spawned'====== Args={'note_id': 23, 'lane': 'right', 'travel_ms': 1600, 'hit_time_ms': 10700}
2026-04-16 14:15:34,985 : INFO : SwitchController : <<<<<<< 's_flipper_right' inactive >>>>>>>
2026-04-16 14:15:35,319 : INFO : SwitchController : <<<<<<< 's_action_button' active >>>>>>>
2026-04-16 14:15:35,319 : INFO : EventManager : Event: ======'rhythm_lane_pressed'====== Args={'lane': 'center'}
2026-04-16 14:15:35,319 : INFO : EventManager : Event: ======'player_rhythm_combo'====== Args={'value': 3, 'prev_value': 2, 'change': 1, 'player_num': 1}
2026-04-16 14:15:35,320 : INFO : EventManager : Event: ======'player_rhythm_hits'====== Args={'value': 19, 'prev_value': 18, 'change': 1, 'player_num': 1}
2026-04-16 14:15:35,320 : INFO : EventManager : Event: ======'player_rhythm_mode_score'====== Args={'value': 500000, 'prev_value': 480000, 'change': 20000, 'player_num': 1}
2026-04-16 14:15:35,320 : INFO : EventManager : Event: ======'player_score'====== Args={'value': 500000, 'prev_value': 480000, 'change': 20000, 'player_num': 1}
2026-04-16 14:15:35,321 : INFO : EventManager : Event: ======'rhythm_note_hit'====== Args={'note_id': 19, 'lane': 'center', 'judgment': 'perfect', 'combo': 3, 'multiplier': 1, 'award': 20000, 'delta_ms': 41, 'total_score': 500000}
2026-04-16 14:15:35,321 : INFO : EventManager : Event: ======'machine_var_audits_switches_s_action_button'====== Args={'value': 104, 'prev_value': 103, 'change': 1}
2026-04-16 14:15:35,469 : INFO : SwitchController : <<<<<<< 's_action_button' inactive >>>>>>>
2026-04-16 14:15:35,563 : INFO : EventManager : Event: ======'rhythm_note_spawned'====== Args={'note_id': 24, 'lane': 'left', 'travel_ms': 1600, 'hit_time_ms': 11300}
2026-04-16 14:15:35,768 : INFO : SwitchController : <<<<<<< 's_flipper_right' active >>>>>>>
2026-04-16 14:15:35,769 : INFO : EventManager : Event: ======'rhythm_lane_pressed'====== Args={'lane': 'right'}
2026-04-16 14:15:35,769 : INFO : EventManager : Event: ======'player_rhythm_combo'====== Args={'value': 4, 'prev_value': 3, 'change': 1, 'player_num': 1}
2026-04-16 14:15:35,769 : INFO : EventManager : Event: ======'player_rhythm_hits'====== Args={'value': 20, 'prev_value': 19, 'change': 1, 'player_num': 1}
2026-04-16 14:15:35,770 : INFO : EventManager : Event: ======'player_rhythm_mode_score'====== Args={'value': 520000, 'prev_value': 500000, 'change': 20000, 'player_num': 1}
2026-04-16 14:15:35,770 : INFO : EventManager : Event: ======'player_score'====== Args={'value': 520000, 'prev_value': 500000, 'change': 20000, 'player_num': 1}
2026-04-16 14:15:35,770 : INFO : EventManager : Event: ======'rhythm_note_hit'====== Args={'note_id': 20, 'lane': 'right', 'judgment': 'perfect', 'combo': 4, 'multiplier': 1, 'award': 20000, 'delta_ms': 9, 'total_score': 520000}
2026-04-16 14:15:35,770 : INFO : EventManager : Event: ======'machine_var_audits_switches_s_flipper_right'====== Args={'value': 153, 'prev_value': 152, 'change': 1}
2026-04-16 14:15:35,952 : INFO : SwitchController : <<<<<<< 's_flipper_right' inactive >>>>>>>
2026-04-16 14:15:35,963 : INFO : EventManager : Event: ======'rhythm_note_spawned'====== Args={'note_id': 25, 'lane': 'center', 'travel_ms': 1600, 'hit_time_ms': 11700}
2026-04-16 14:15:36,119 : INFO : SwitchController : <<<<<<< 's_flipper_left' active >>>>>>>
2026-04-16 14:15:36,119 : INFO : EventManager : Event: ======'rhythm_lane_pressed'====== Args={'lane': 'left'}
2026-04-16 14:15:36,119 : INFO : EventManager : Event: ======'player_rhythm_combo'====== Args={'value': 5, 'prev_value': 4, 'change': 1, 'player_num': 1}
2026-04-16 14:15:36,119 : INFO : EventManager : Event: ======'player_rhythm_hits'====== Args={'value': 21, 'prev_value': 20, 'change': 1, 'player_num': 1}
2026-04-16 14:15:36,120 : INFO : EventManager : Event: ======'player_rhythm_mode_score'====== Args={'value': 540000, 'prev_value': 520000, 'change': 20000, 'player_num': 1}
2026-04-16 14:15:36,120 : INFO : EventManager : Event: ======'player_score'====== Args={'value': 540000, 'prev_value': 520000, 'change': 20000, 'player_num': 1}
2026-04-16 14:15:36,120 : INFO : EventManager : Event: ======'rhythm_note_hit'====== Args={'note_id': 21, 'lane': 'left', 'judgment': 'perfect', 'combo': 5, 'multiplier': 1, 'award': 20000, 'delta_ms': 41, 'total_score': 540000}
2026-04-16 14:15:36,120 : INFO : EventManager : Event: ======'machine_var_audits_switches_s_flipper_left'====== Args={'value': 163, 'prev_value': 162, 'change': 1}
2026-04-16 14:15:36,252 : INFO : SwitchController : <<<<<<< 's_flipper_left' inactive >>>>>>>
2026-04-16 14:15:36,363 : INFO : EventManager : Event: ======'rhythm_note_spawned'====== Args={'note_id': 26, 'lane': 'left', 'travel_ms': 1600, 'hit_time_ms': 12100}
2026-04-16 14:15:36,619 : INFO : SwitchController : <<<<<<< 's_action_button' active >>>>>>>
2026-04-16 14:15:36,619 : INFO : EventManager : Event: ======'rhythm_lane_pressed'====== Args={'lane': 'center'}
2026-04-16 14:15:36,619 : INFO : EventManager : Event: ======'player_rhythm_combo'====== Args={'value': 6, 'prev_value': 5, 'change': 1, 'player_num': 1}
2026-04-16 14:15:36,619 : INFO : EventManager : Event: ======'player_rhythm_hits'====== Args={'value': 22, 'prev_value': 21, 'change': 1, 'player_num': 1}
2026-04-16 14:15:36,620 : INFO : EventManager : Event: ======'player_rhythm_mode_score'====== Args={'value': 560000, 'prev_value': 540000, 'change': 20000, 'player_num': 1}
2026-04-16 14:15:36,620 : INFO : EventManager : Event: ======'player_score'====== Args={'value': 560000, 'prev_value': 540000, 'change': 20000, 'player_num': 1}
2026-04-16 14:15:36,620 : INFO : EventManager : Event: ======'rhythm_note_hit'====== Args={'note_id': 22, 'lane': 'center', 'judgment': 'perfect', 'combo': 6, 'multiplier': 1, 'award': 20000, 'delta_ms': 59, 'total_score': 560000}
2026-04-16 14:15:36,620 : INFO : EventManager : Event: ======'machine_var_audits_switches_s_action_button'====== Args={'value': 105, 'prev_value': 104, 'change': 1}
2026-04-16 14:15:36,621 : INFO : SwitchController : <<<<<<< 's_flipper_right' active >>>>>>>
2026-04-16 14:15:36,621 : INFO : EventManager : Event: ======'rhythm_lane_pressed'====== Args={'lane': 'right'}
2026-04-16 14:15:36,621 : INFO : EventManager : Event: ======'player_rhythm_combo'====== Args={'value': 7, 'prev_value': 6, 'change': 1, 'player_num': 1}
2026-04-16 14:15:36,621 : INFO : EventManager : Event: ======'player_rhythm_hits'====== Args={'value': 23, 'prev_value': 22, 'change': 1, 'player_num': 1}
2026-04-16 14:15:36,622 : INFO : EventManager : Event: ======'player_rhythm_mode_score'====== Args={'value': 580000, 'prev_value': 560000, 'change': 20000, 'player_num': 1}
2026-04-16 14:15:36,622 : INFO : EventManager : Event: ======'player_score'====== Args={'value': 580000, 'prev_value': 560000, 'change': 20000, 'player_num': 1}
2026-04-16 14:15:36,622 : INFO : EventManager : Event: ======'rhythm_note_hit'====== Args={'note_id': 23, 'lane': 'right', 'judgment': 'perfect', 'combo': 7, 'multiplier': 1, 'award': 20000, 'delta_ms': 62, 'total_score': 580000}
2026-04-16 14:15:36,622 : INFO : EventManager : Event: ======'machine_var_audits_switches_s_flipper_right'====== Args={'value': 154, 'prev_value': 153, 'change': 1}
2026-04-16 14:15:36,763 : INFO : EventManager : Event: ======'rhythm_note_spawned'====== Args={'note_id': 27, 'lane': 'right', 'travel_ms': 1600, 'hit_time_ms': 12500}
2026-04-16 14:15:36,785 : INFO : SwitchController : <<<<<<< 's_flipper_right' inactive >>>>>>>
2026-04-16 14:15:36,802 : INFO : SwitchController : <<<<<<< 's_action_button' inactive >>>>>>>
2026-04-16 14:15:37,102 : INFO : SwitchController : <<<<<<< 's_flipper_left' active >>>>>>>
2026-04-16 14:15:37,102 : INFO : EventManager : Event: ======'rhythm_lane_pressed'====== Args={'lane': 'left'}
2026-04-16 14:15:37,102 : INFO : EventManager : Event: ======'player_rhythm_combo'====== Args={'value': 8, 'prev_value': 7, 'change': 1, 'player_num': 1}
2026-04-16 14:15:37,103 : INFO : EventManager : Event: ======'player_rhythm_hits'====== Args={'value': 24, 'prev_value': 23, 'change': 1, 'player_num': 1}
2026-04-16 14:15:37,103 : INFO : EventManager : Event: ======'player_rhythm_mode_score'====== Args={'value': 600000, 'prev_value': 580000, 'change': 20000, 'player_num': 1}
2026-04-16 14:15:37,103 : INFO : EventManager : Event: ======'player_score'====== Args={'value': 600000, 'prev_value': 580000, 'change': 20000, 'player_num': 1}
2026-04-16 14:15:37,103 : INFO : EventManager : Event: ======'rhythm_note_hit'====== Args={'note_id': 24, 'lane': 'left', 'judgment': 'perfect', 'combo': 8, 'multiplier': 1, 'award': 20000, 'delta_ms': 57, 'total_score': 600000}
2026-04-16 14:15:37,103 : INFO : EventManager : Event: ======'machine_var_audits_switches_s_flipper_left'====== Args={'value': 164, 'prev_value': 163, 'change': 1}
2026-04-16 14:15:37,163 : INFO : EventManager : Event: ======'rhythm_note_spawned'====== Args={'note_id': 28, 'lane': 'center', 'travel_ms': 1600, 'hit_time_ms': 12900}
2026-04-16 14:15:37,235 : INFO : SwitchController : <<<<<<< 's_flipper_left' inactive >>>>>>>
2026-04-16 14:15:37,552 : INFO : SwitchController : <<<<<<< 's_action_button' active >>>>>>>
2026-04-16 14:15:37,552 : INFO : EventManager : Event: ======'rhythm_lane_pressed'====== Args={'lane': 'center'}
2026-04-16 14:15:37,552 : INFO : EventManager : Event: ======'player_rhythm_combo'====== Args={'value': 9, 'prev_value': 8, 'change': 1, 'player_num': 1}
2026-04-16 14:15:37,553 : INFO : EventManager : Event: ======'player_rhythm_hits'====== Args={'value': 25, 'prev_value': 24, 'change': 1, 'player_num': 1}
2026-04-16 14:15:37,553 : INFO : EventManager : Event: ======'player_rhythm_multiplier'====== Args={'value': 2, 'prev_value': 1, 'change': 1, 'player_num': 1}
2026-04-16 14:15:37,553 : INFO : EventManager : Event: ======'player_rhythm_mode_score'====== Args={'value': 640000, 'prev_value': 600000, 'change': 40000, 'player_num': 1}
2026-04-16 14:15:37,553 : INFO : EventManager : Event: ======'player_score'====== Args={'value': 640000, 'prev_value': 600000, 'change': 40000, 'player_num': 1}
2026-04-16 14:15:37,553 : INFO : EventManager : Event: ======'rhythm_note_hit'====== Args={'note_id': 25, 'lane': 'center', 'judgment': 'perfect', 'combo': 9, 'multiplier': 2, 'award': 40000, 'delta_ms': 8, 'total_score': 640000}
2026-04-16 14:15:37,553 : INFO : EventManager : Event: ======'machine_var_audits_switches_s_action_button'====== Args={'value': 106, 'prev_value': 105, 'change': 1}
2026-04-16 14:15:37,562 : INFO : EventManager : Event: ======'rhythm_note_spawned'====== Args={'note_id': 29, 'lane': 'right', 'travel_ms': 1600, 'hit_time_ms': 13300}
2026-04-16 14:15:37,685 : INFO : SwitchController : <<<<<<< 's_action_button' inactive >>>>>>>
2026-04-16 14:15:37,963 : INFO : EventManager : Event: ======'rhythm_note_spawned'====== Args={'note_id': 30, 'lane': 'left', 'travel_ms': 1600, 'hit_time_ms': 13700}
2026-04-16 14:15:37,963 : INFO : EventManager : Event: ======'rhythm_note_spawned'====== Args={'note_id': 31, 'lane': 'center', 'travel_ms': 1600, 'hit_time_ms': 13700}
2026-04-16 14:15:37,968 : INFO : SwitchController : <<<<<<< 's_flipper_left' active >>>>>>>
2026-04-16 14:15:37,969 : INFO : EventManager : Event: ======'rhythm_lane_pressed'====== Args={'lane': 'left'}
2026-04-16 14:15:37,969 : INFO : EventManager : Event: ======'player_rhythm_combo'====== Args={'value': 10, 'prev_value': 9, 'change': 1, 'player_num': 1}
2026-04-16 14:15:37,969 : INFO : EventManager : Event: ======'player_rhythm_hits'====== Args={'value': 26, 'prev_value': 25, 'change': 1, 'player_num': 1}
2026-04-16 14:15:37,970 : INFO : EventManager : Event: ======'player_rhythm_mode_score'====== Args={'value': 680000, 'prev_value': 640000, 'change': 40000, 'player_num': 1}
2026-04-16 14:15:37,970 : INFO : EventManager : Event: ======'player_score'====== Args={'value': 680000, 'prev_value': 640000, 'change': 40000, 'player_num': 1}
2026-04-16 14:15:37,970 : INFO : EventManager : Event: ======'rhythm_note_hit'====== Args={'note_id': 26, 'lane': 'left', 'judgment': 'perfect', 'combo': 10, 'multiplier': 2, 'award': 40000, 'delta_ms': 9, 'total_score': 680000}
2026-04-16 14:15:37,970 : INFO : EventManager : Event: ======'machine_var_audits_switches_s_flipper_left'====== Args={'value': 165, 'prev_value': 164, 'change': 1}
2026-04-16 14:15:38,069 : INFO : SwitchController : <<<<<<< 's_flipper_left' inactive >>>>>>>
2026-04-16 14:15:38,419 : INFO : SwitchController : <<<<<<< 's_flipper_right' active >>>>>>>
2026-04-16 14:15:38,419 : INFO : EventManager : Event: ======'rhythm_lane_pressed'====== Args={'lane': 'right'}
2026-04-16 14:15:38,419 : INFO : EventManager : Event: ======'player_rhythm_combo'====== Args={'value': 11, 'prev_value': 10, 'change': 1, 'player_num': 1}
2026-04-16 14:15:38,419 : INFO : EventManager : Event: ======'player_rhythm_hits'====== Args={'value': 27, 'prev_value': 26, 'change': 1, 'player_num': 1}
2026-04-16 14:15:38,420 : INFO : EventManager : Event: ======'player_rhythm_mode_score'====== Args={'value': 720000, 'prev_value': 680000, 'change': 40000, 'player_num': 1}
2026-04-16 14:15:38,420 : INFO : EventManager : Event: ======'player_score'====== Args={'value': 720000, 'prev_value': 680000, 'change': 40000, 'player_num': 1}
2026-04-16 14:15:38,420 : INFO : EventManager : Event: ======'rhythm_note_hit'====== Args={'note_id': 27, 'lane': 'right', 'judgment': 'perfect', 'combo': 11, 'multiplier': 2, 'award': 40000, 'delta_ms': 59, 'total_score': 720000}
2026-04-16 14:15:38,420 : INFO : EventManager : Event: ======'machine_var_audits_switches_s_flipper_right'====== Args={'value': 155, 'prev_value': 154, 'change': 1}
2026-04-16 14:15:38,563 : INFO : EventManager : Event: ======'rhythm_note_spawned'====== Args={'note_id': 32, 'lane': 'center', 'travel_ms': 1600, 'hit_time_ms': 14300}
2026-04-16 14:15:38,568 : INFO : SwitchController : <<<<<<< 's_flipper_right' inactive >>>>>>>
2026-04-16 14:15:38,752 : INFO : SwitchController : <<<<<<< 's_action_button' active >>>>>>>
2026-04-16 14:15:38,752 : INFO : EventManager : Event: ======'rhythm_lane_pressed'====== Args={'lane': 'center'}
2026-04-16 14:15:38,752 : INFO : EventManager : Event: ======'player_rhythm_combo'====== Args={'value': 12, 'prev_value': 11, 'change': 1, 'player_num': 1}
2026-04-16 14:15:38,753 : INFO : EventManager : Event: ======'player_rhythm_hits'====== Args={'value': 28, 'prev_value': 27, 'change': 1, 'player_num': 1}
2026-04-16 14:15:38,753 : INFO : EventManager : Event: ======'player_rhythm_mode_score'====== Args={'value': 760000, 'prev_value': 720000, 'change': 40000, 'player_num': 1}
2026-04-16 14:15:38,753 : INFO : EventManager : Event: ======'player_score'====== Args={'value': 760000, 'prev_value': 720000, 'change': 40000, 'player_num': 1}
2026-04-16 14:15:38,753 : INFO : EventManager : Event: ======'rhythm_note_hit'====== Args={'note_id': 28, 'lane': 'center', 'judgment': 'perfect', 'combo': 12, 'multiplier': 2, 'award': 40000, 'delta_ms': 7, 'total_score': 760000}
2026-04-16 14:15:38,753 : INFO : EventManager : Event: ======'machine_var_audits_switches_s_action_button'====== Args={'value': 107, 'prev_value': 106, 'change': 1}
2026-04-16 14:15:38,869 : INFO : SwitchController : <<<<<<< 's_action_button' inactive >>>>>>>
2026-04-16 14:15:38,963 : INFO : EventManager : Event: ======'rhythm_note_spawned'====== Args={'note_id': 33, 'lane': 'right', 'travel_ms': 1600, 'hit_time_ms': 14700}
2026-04-16 14:15:39,168 : INFO : SwitchController : <<<<<<< 's_flipper_right' active >>>>>>>
2026-04-16 14:15:39,169 : INFO : EventManager : Event: ======'rhythm_lane_pressed'====== Args={'lane': 'right'}
2026-04-16 14:15:39,169 : INFO : EventManager : Event: ======'player_rhythm_combo'====== Args={'value': 13, 'prev_value': 12, 'change': 1, 'player_num': 1}
2026-04-16 14:15:39,169 : INFO : EventManager : Event: ======'player_rhythm_hits'====== Args={'value': 29, 'prev_value': 28, 'change': 1, 'player_num': 1}
2026-04-16 14:15:39,170 : INFO : EventManager : Event: ======'player_rhythm_mode_score'====== Args={'value': 800000, 'prev_value': 760000, 'change': 40000, 'player_num': 1}
2026-04-16 14:15:39,170 : INFO : EventManager : Event: ======'player_score'====== Args={'value': 800000, 'prev_value': 760000, 'change': 40000, 'player_num': 1}
2026-04-16 14:15:39,170 : INFO : EventManager : Event: ======'rhythm_note_hit'====== Args={'note_id': 29, 'lane': 'right', 'judgment': 'perfect', 'combo': 13, 'multiplier': 2, 'award': 40000, 'delta_ms': 9, 'total_score': 800000}
2026-04-16 14:15:39,170 : INFO : EventManager : Event: ======'machine_var_audits_switches_s_flipper_right'====== Args={'value': 156, 'prev_value': 155, 'change': 1}
2026-04-16 14:15:39,286 : INFO : SwitchController : <<<<<<< 's_flipper_right' inactive >>>>>>>
2026-04-16 14:15:39,362 : INFO : EventManager : Event: ======'rhythm_note_spawned'====== Args={'note_id': 34, 'lane': 'left', 'travel_ms': 1600, 'hit_time_ms': 15100}
2026-04-16 14:15:39,535 : INFO : SwitchController : <<<<<<< 's_flipper_left' active >>>>>>>
2026-04-16 14:15:39,536 : INFO : EventManager : Event: ======'rhythm_lane_pressed'====== Args={'lane': 'left'}
2026-04-16 14:15:39,536 : INFO : EventManager : Event: ======'player_rhythm_combo'====== Args={'value': 14, 'prev_value': 13, 'change': 1, 'player_num': 1}
2026-04-16 14:15:39,536 : INFO : EventManager : Event: ======'player_rhythm_hits'====== Args={'value': 30, 'prev_value': 29, 'change': 1, 'player_num': 1}
2026-04-16 14:15:39,536 : INFO : EventManager : Event: ======'player_rhythm_mode_score'====== Args={'value': 840000, 'prev_value': 800000, 'change': 40000, 'player_num': 1}
2026-04-16 14:15:39,537 : INFO : EventManager : Event: ======'player_score'====== Args={'value': 840000, 'prev_value': 800000, 'change': 40000, 'player_num': 1}
2026-04-16 14:15:39,537 : INFO : EventManager : Event: ======'rhythm_note_hit'====== Args={'note_id': 30, 'lane': 'left', 'judgment': 'perfect', 'combo': 14, 'multiplier': 2, 'award': 40000, 'delta_ms': 24, 'total_score': 840000}
2026-04-16 14:15:39,537 : INFO : EventManager : Event: ======'machine_var_audits_switches_s_flipper_left'====== Args={'value': 166, 'prev_value': 165, 'change': 1}
2026-04-16 14:15:39,552 : INFO : SwitchController : <<<<<<< 's_action_button' active >>>>>>>
2026-04-16 14:15:39,552 : INFO : EventManager : Event: ======'rhythm_lane_pressed'====== Args={'lane': 'center'}
2026-04-16 14:15:39,552 : INFO : EventManager : Event: ======'player_rhythm_combo'====== Args={'value': 15, 'prev_value': 14, 'change': 1, 'player_num': 1}
2026-04-16 14:15:39,552 : INFO : EventManager : Event: ======'player_rhythm_hits'====== Args={'value': 31, 'prev_value': 30, 'change': 1, 'player_num': 1}
2026-04-16 14:15:39,553 : INFO : EventManager : Event: ======'player_rhythm_mode_score'====== Args={'value': 880000, 'prev_value': 840000, 'change': 40000, 'player_num': 1}
2026-04-16 14:15:39,553 : INFO : EventManager : Event: ======'player_score'====== Args={'value': 880000, 'prev_value': 840000, 'change': 40000, 'player_num': 1}
2026-04-16 14:15:39,553 : INFO : EventManager : Event: ======'rhythm_note_hit'====== Args={'note_id': 31, 'lane': 'center', 'judgment': 'perfect', 'combo': 15, 'multiplier': 2, 'award': 40000, 'delta_ms': 8, 'total_score': 880000}
2026-04-16 14:15:39,553 : INFO : EventManager : Event: ======'machine_var_audits_switches_s_action_button'====== Args={'value': 108, 'prev_value': 107, 'change': 1}
2026-04-16 14:15:39,685 : INFO : SwitchController : <<<<<<< 's_flipper_left' inactive >>>>>>>
2026-04-16 14:15:39,686 : INFO : SwitchController : <<<<<<< 's_action_button' inactive >>>>>>>
2026-04-16 14:15:39,763 : INFO : EventManager : Event: ======'rhythm_note_spawned'====== Args={'note_id': 35, 'lane': 'center', 'travel_ms': 1600, 'hit_time_ms': 15500}
2026-04-16 14:15:40,169 : INFO : SwitchController : <<<<<<< 's_action_button' active >>>>>>>
2026-04-16 14:15:40,169 : INFO : EventManager : Event: ======'rhythm_lane_pressed'====== Args={'lane': 'center'}
2026-04-16 14:15:40,169 : INFO : EventManager : Event: ======'player_rhythm_combo'====== Args={'value': 16, 'prev_value': 15, 'change': 1, 'player_num': 1}
2026-04-16 14:15:40,169 : INFO : EventManager : Event: ======'player_rhythm_hits'====== Args={'value': 32, 'prev_value': 31, 'change': 1, 'player_num': 1}
2026-04-16 14:15:40,170 : INFO : EventManager : Event: ======'player_rhythm_mode_score'====== Args={'value': 920000, 'prev_value': 880000, 'change': 40000, 'player_num': 1}
2026-04-16 14:15:40,170 : INFO : EventManager : Event: ======'player_score'====== Args={'value': 920000, 'prev_value': 880000, 'change': 40000, 'player_num': 1}
2026-04-16 14:15:40,170 : INFO : EventManager : Event: ======'rhythm_note_hit'====== Args={'note_id': 32, 'lane': 'center', 'judgment': 'perfect', 'combo': 16, 'multiplier': 2, 'award': 40000, 'delta_ms': 9, 'total_score': 920000}
2026-04-16 14:15:40,170 : INFO : EventManager : Event: ======'machine_var_audits_switches_s_action_button'====== Args={'value': 109, 'prev_value': 108, 'change': 1}
2026-04-16 14:15:40,269 : INFO : SwitchController : <<<<<<< 's_action_button' inactive >>>>>>>
2026-04-16 14:15:40,363 : INFO : EventManager : Event: ======'rhythm_note_spawned'====== Args={'note_id': 36, 'lane': 'left', 'travel_ms': 1600, 'hit_time_ms': 16100}
2026-04-16 14:15:40,363 : INFO : EventManager : Event: ======'rhythm_note_spawned'====== Args={'note_id': 37, 'lane': 'right', 'travel_ms': 1600, 'hit_time_ms': 16100}
2026-04-16 14:15:40,636 : INFO : SwitchController : <<<<<<< 's_flipper_right' active >>>>>>>
2026-04-16 14:15:40,636 : INFO : EventManager : Event: ======'rhythm_lane_pressed'====== Args={'lane': 'right'}
2026-04-16 14:15:40,636 : INFO : EventManager : Event: ======'player_rhythm_combo'====== Args={'value': 17, 'prev_value': 16, 'change': 1, 'player_num': 1}
2026-04-16 14:15:40,636 : INFO : EventManager : Event: ======'player_rhythm_best_combo'====== Args={'value': 17, 'prev_value': 16, 'change': 1, 'player_num': 1}
2026-04-16 14:15:40,637 : INFO : EventManager : Event: ======'player_rhythm_hits'====== Args={'value': 33, 'prev_value': 32, 'change': 1, 'player_num': 1}
2026-04-16 14:15:40,637 : INFO : EventManager : Event: ======'player_rhythm_multiplier'====== Args={'value': 3, 'prev_value': 2, 'change': 1, 'player_num': 1}
2026-04-16 14:15:40,637 : INFO : EventManager : Event: ======'player_rhythm_mode_score'====== Args={'value': 980000, 'prev_value': 920000, 'change': 60000, 'player_num': 1}
2026-04-16 14:15:40,637 : INFO : EventManager : Event: ======'player_score'====== Args={'value': 980000, 'prev_value': 920000, 'change': 60000, 'player_num': 1}
2026-04-16 14:15:40,638 : INFO : EventManager : Event: ======'rhythm_note_hit'====== Args={'note_id': 33, 'lane': 'right', 'judgment': 'perfect', 'combo': 17, 'multiplier': 3, 'award': 60000, 'delta_ms': 76, 'total_score': 980000}
2026-04-16 14:15:40,638 : INFO : EventManager : Event: ======'machine_var_audits_switches_s_flipper_right'====== Args={'value': 157, 'prev_value': 156, 'change': 1}
2026-04-16 14:15:40,785 : INFO : SwitchController : <<<<<<< 's_flipper_right' inactive >>>>>>>
2026-04-16 14:15:41,002 : INFO : SwitchController : <<<<<<< 's_flipper_left' active >>>>>>>
2026-04-16 14:15:41,002 : INFO : EventManager : Event: ======'rhythm_lane_pressed'====== Args={'lane': 'left'}
2026-04-16 14:15:41,002 : INFO : EventManager : Event: ======'player_rhythm_combo'====== Args={'value': 18, 'prev_value': 17, 'change': 1, 'player_num': 1}
2026-04-16 14:15:41,003 : INFO : EventManager : Event: ======'player_rhythm_best_combo'====== Args={'value': 18, 'prev_value': 17, 'change': 1, 'player_num': 1}
2026-04-16 14:15:41,003 : INFO : EventManager : Event: ======'player_rhythm_hits'====== Args={'value': 34, 'prev_value': 33, 'change': 1, 'player_num': 1}
2026-04-16 14:15:41,003 : INFO : EventManager : Event: ======'player_rhythm_mode_score'====== Args={'value': 1040000, 'prev_value': 980000, 'change': 60000, 'player_num': 1}
2026-04-16 14:15:41,003 : INFO : EventManager : Event: ======'player_score'====== Args={'value': 1040000, 'prev_value': 980000, 'change': 60000, 'player_num': 1}
2026-04-16 14:15:41,004 : INFO : EventManager : Event: ======'rhythm_note_hit'====== Args={'note_id': 34, 'lane': 'left', 'judgment': 'perfect', 'combo': 18, 'multiplier': 3, 'award': 60000, 'delta_ms': 42, 'total_score': 1040000}
2026-04-16 14:15:41,004 : INFO : EventManager : Event: ======'machine_var_audits_switches_s_flipper_left'====== Args={'value': 167, 'prev_value': 166, 'change': 1}
2026-04-16 14:15:41,135 : INFO : SwitchController : <<<<<<< 's_flipper_left' inactive >>>>>>>
2026-04-16 14:15:41,385 : INFO : SwitchController : <<<<<<< 's_action_button' active >>>>>>>
2026-04-16 14:15:41,386 : INFO : EventManager : Event: ======'rhythm_lane_pressed'====== Args={'lane': 'center'}
2026-04-16 14:15:41,386 : INFO : EventManager : Event: ======'player_rhythm_combo'====== Args={'value': 19, 'prev_value': 18, 'change': 1, 'player_num': 1}
2026-04-16 14:15:41,386 : INFO : EventManager : Event: ======'player_rhythm_best_combo'====== Args={'value': 19, 'prev_value': 18, 'change': 1, 'player_num': 1}
2026-04-16 14:15:41,387 : INFO : EventManager : Event: ======'player_rhythm_hits'====== Args={'value': 35, 'prev_value': 34, 'change': 1, 'player_num': 1}
2026-04-16 14:15:41,387 : INFO : EventManager : Event: ======'player_rhythm_mode_score'====== Args={'value': 1100000, 'prev_value': 1040000, 'change': 60000, 'player_num': 1}
2026-04-16 14:15:41,387 : INFO : EventManager : Event: ======'player_score'====== Args={'value': 1100000, 'prev_value': 1040000, 'change': 60000, 'player_num': 1}
2026-04-16 14:15:41,387 : INFO : EventManager : Event: ======'rhythm_note_hit'====== Args={'note_id': 35, 'lane': 'center', 'judgment': 'perfect', 'combo': 19, 'multiplier': 3, 'award': 60000, 'delta_ms': 26, 'total_score': 1100000}
2026-04-16 14:15:41,387 : INFO : EventManager : Event: ======'machine_var_audits_switches_s_action_button'====== Args={'value': 110, 'prev_value': 109, 'change': 1}
2026-04-16 14:15:41,502 : INFO : SwitchController : <<<<<<< 's_action_button' inactive >>>>>>>
2026-04-16 14:15:42,068 : INFO : SwitchController : <<<<<<< 's_flipper_right' active >>>>>>>
2026-04-16 14:15:42,069 : INFO : EventManager : Event: ======'rhythm_lane_pressed'====== Args={'lane': 'right'}
2026-04-16 14:15:42,069 : INFO : EventManager : Event: ======'player_rhythm_combo'====== Args={'value': 20, 'prev_value': 19, 'change': 1, 'player_num': 1}
2026-04-16 14:15:42,069 : INFO : EventManager : Event: ======'player_rhythm_best_combo'====== Args={'value': 20, 'prev_value': 19, 'change': 1, 'player_num': 1}
2026-04-16 14:15:42,070 : INFO : EventManager : Event: ======'player_rhythm_hits'====== Args={'value': 36, 'prev_value': 35, 'change': 1, 'player_num': 1}
2026-04-16 14:15:42,070 : INFO : EventManager : Event: ======'player_rhythm_mode_score'====== Args={'value': 1130000, 'prev_value': 1100000, 'change': 30000, 'player_num': 1}
2026-04-16 14:15:42,070 : INFO : EventManager : Event: ======'player_score'====== Args={'value': 1130000, 'prev_value': 1100000, 'change': 30000, 'player_num': 1}
2026-04-16 14:15:42,070 : INFO : EventManager : Event: ======'rhythm_note_hit'====== Args={'note_id': 37, 'lane': 'right', 'judgment': 'good', 'combo': 20, 'multiplier': 3, 'award': 30000, 'delta_ms': 109, 'total_score': 1130000}
2026-04-16 14:15:42,071 : INFO : EventManager : Event: ======'machine_var_audits_switches_s_flipper_right'====== Args={'value': 158, 'prev_value': 157, 'change': 1}
2026-04-16 14:15:42,085 : INFO : SwitchController : <<<<<<< 's_flipper_left' active >>>>>>>
2026-04-16 14:15:42,085 : INFO : EventManager : Event: ======'flipper_cancel'====== Args={'triggering_group': 1, 'triggering_switch': 's_flipper_left'}
2026-04-16 14:15:42,085 : INFO : EventManager : Event: ======'rhythm_lane_pressed'====== Args={'lane': 'left'}
2026-04-16 14:15:42,085 : INFO : EventManager : Event: ======'player_rhythm_combo'====== Args={'value': 21, 'prev_value': 20, 'change': 1, 'player_num': 1}
2026-04-16 14:15:42,086 : INFO : EventManager : Event: ======'player_rhythm_best_combo'====== Args={'value': 21, 'prev_value': 20, 'change': 1, 'player_num': 1}
2026-04-16 14:15:42,086 : INFO : EventManager : Event: ======'player_rhythm_hits'====== Args={'value': 37, 'prev_value': 36, 'change': 1, 'player_num': 1}
2026-04-16 14:15:42,086 : INFO : EventManager : Event: ======'player_rhythm_mode_score'====== Args={'value': 1160000, 'prev_value': 1130000, 'change': 30000, 'player_num': 1}
2026-04-16 14:15:42,086 : INFO : EventManager : Event: ======'player_score'====== Args={'value': 1160000, 'prev_value': 1130000, 'change': 30000, 'player_num': 1}
2026-04-16 14:15:42,086 : INFO : EventManager : Event: ======'rhythm_note_hit'====== Args={'note_id': 36, 'lane': 'left', 'judgment': 'good', 'combo': 21, 'multiplier': 3, 'award': 30000, 'delta_ms': 126, 'total_score': 1160000}
2026-04-16 14:15:42,086 : INFO : EventManager : Event: ======'machine_var_audits_switches_s_flipper_left'====== Args={'value': 168, 'prev_value': 167, 'change': 1}
2026-04-16 14:15:42,219 : INFO : SwitchController : <<<<<<< 's_flipper_left' inactive >>>>>>>
2026-04-16 14:15:42,219 : INFO : EventManager : Event: ======'both_flippers_one'====== Args={'triggering_group': 1, 'triggering_switch': 's_flipper_left'}
2026-04-16 14:15:42,252 : INFO : SwitchController : <<<<<<< 's_flipper_right' inactive >>>>>>>
2026-04-16 14:15:42,252 : INFO : EventManager : Event: ======'both_flippers_inactive'====== Args={'triggering_group': 2, 'triggering_switch': 's_flipper_right'}
2026-04-16 14:15:42,383 : INFO : EventManager : Event: ======'player_rhythm_accuracy'====== Args={'value': 97, 'prev_value': 0, 'change': 97, 'player_num': 1}
2026-04-16 14:15:42,383 : INFO : EventManager : Event: ======'player_rhythm_multiplier'====== Args={'value': 1, 'prev_value': 3, 'change': -2, 'player_num': 1}
2026-04-16 14:15:42,384 : INFO : EventManager : Event: ======'rhythm_mode_finished'====== Args={'total_notes': 38, 'hits': 37, 'misses': 1, 'best_combo': 21, 'accuracy': 97, 'total_score': 1160000}
2026-04-16 14:15:43,985 : INFO : EventManager : Event: ======'mode_rhythm_will_stop'====== Args={}
2026-04-16 14:15:43,985 : INFO : EventManager : Event: ======'mode_rhythm_stopping'====== Args={}
2026-04-16 14:15:43,986 : INFO : Mode.rhythm : Stopped.
2026-04-16 14:15:43,986 : INFO : EventManager : Event: ======'modes_active_modes_changed'====== Args={}
2026-04-16 14:15:43,987 : INFO : EventManager : Event: ======'mode_rhythm_stopped'====== Args={}
2026-04-16 14:15:43,987 : INFO : EventManager : Event: ======'clear'====== Args={'key': 'rhythm'}
2026-04-16 14:15:44,003 : INFO : EventManager : Event: ======'slide_rhythm_inactive'====== Args={'is_removing': True, '_from_bcp': True}
2026-04-16 14:15:44,003 : INFO : EventManager : Event: ======'slide_base_slide_active'====== Args={'_from_bcp': True}
2026-04-16 14:15:44,004 : INFO : EventManager : Event: ======'slide_rhythm_removed'====== Args={'_from_bcp': True}
2026-04-16 14:15:44,542 : INFO : EventManager : Event: ======'balldevice_bd_trough_ball_eject_failed'====== Args={'target': <ball_device.bd_plunger>, 'balls': 1, 'retry': True, 'num_attempts': 2}
2026-04-16 14:15:44,543 : INFO : ball_device.bd_trough : State: waiting_for_target_ready
2026-04-16 14:15:44,543 : INFO : EventManager : Event: ======'balldevice_bd_trough_ball_eject_attempt'====== Args={'balls': 1, 'target': <ball_device.bd_plunger>, 'source': <ball_device.bd_trough>, 'mechanical_eject': False, 'num_attempts': 2}
2026-04-16 14:15:44,543 : INFO : ball_device.bd_trough : State: ejecting
2026-04-16 14:15:44,543 : INFO : ball_device.bd_trough : Ejecting ball to <ball_device.bd_plunger>
2026-04-16 14:15:44,544 : INFO : EventManager : Event: ======'balldevice_bd_trough_ejecting_ball'====== Args={'balls': 1, 'target': <ball_device.bd_plunger>, 'source': <ball_device.bd_trough>, 'mechanical_eject': False, 'num_attempts': 2}
2026-04-16 14:15:44,544 : INFO : ball_device.bd_trough : Wait for ball to leave device
2026-04-16 14:15:44,544 : INFO : coil.c_trough_eject : Pulsing Driver for 10ms (1.0 pulse_power)
2026-04-16 14:15:54,546 : INFO : EventManager : Event: ======'balldevice_bd_trough_ball_eject_failed'====== Args={'target': <ball_device.bd_plunger>, 'balls': 1, 'retry': True, 'num_attempts': 3}
2026-04-16 14:15:54,546 : INFO : ball_device.bd_trough : State: waiting_for_target_ready
2026-04-16 14:15:54,546 : INFO : EventManager : Event: ======'balldevice_bd_trough_ball_eject_attempt'====== Args={'balls': 1, 'target': <ball_device.bd_plunger>, 'source': <ball_device.bd_trough>, 'mechanical_eject': False, 'num_attempts': 3}
2026-04-16 14:15:54,547 : INFO : ball_device.bd_trough : State: ejecting
2026-04-16 14:15:54,547 : INFO : ball_device.bd_trough : Ejecting ball to <ball_device.bd_plunger>
2026-04-16 14:15:54,547 : INFO : EventManager : Event: ======'balldevice_bd_trough_ejecting_ball'====== Args={'balls': 1, 'target': <ball_device.bd_plunger>, 'source': <ball_device.bd_trough>, 'mechanical_eject': False, 'num_attempts': 3}
2026-04-16 14:15:54,547 : INFO : ball_device.bd_trough : Wait for ball to leave device
2026-04-16 14:15:54,547 : INFO : coil.c_trough_eject : Pulsing Driver for 10ms (1.0 pulse_power)
2026-04-16 14:16:04,549 : INFO : EventManager : Event: ======'balldevice_bd_trough_ball_eject_failed'====== Args={'target': <ball_device.bd_plunger>, 'balls': 1, 'retry': True, 'num_attempts': 4}
2026-04-16 14:16:04,550 : INFO : ball_device.bd_trough : State: waiting_for_target_ready
2026-04-16 14:16:04,550 : INFO : EventManager : Event: ======'balldevice_bd_trough_ball_eject_attempt'====== Args={'balls': 1, 'target': <ball_device.bd_plunger>, 'source': <ball_device.bd_trough>, 'mechanical_eject': False, 'num_attempts': 4}
2026-04-16 14:16:04,550 : INFO : ball_device.bd_trough : State: ejecting
2026-04-16 14:16:04,550 : INFO : ball_device.bd_trough : Ejecting ball to <ball_device.bd_plunger>
2026-04-16 14:16:04,550 : INFO : EventManager : Event: ======'balldevice_bd_trough_ejecting_ball'====== Args={'balls': 1, 'target': <ball_device.bd_plunger>, 'source': <ball_device.bd_trough>, 'mechanical_eject': False, 'num_attempts': 4}
2026-04-16 14:16:04,551 : INFO : ball_device.bd_trough : Wait for ball to leave device
2026-04-16 14:16:04,551 : INFO : coil.c_trough_eject : Pulsing Driver for 10ms (1.0 pulse_power)
2026-04-16 14:16:14,553 : INFO : EventManager : Event: ======'balldevice_bd_trough_ball_eject_failed'====== Args={'target': <ball_device.bd_plunger>, 'balls': 1, 'retry': True, 'num_attempts': 5}
2026-04-16 14:16:14,553 : INFO : ball_device.bd_trough : State: waiting_for_target_ready
2026-04-16 14:16:14,554 : INFO : EventManager : Event: ======'balldevice_bd_trough_ball_eject_attempt'====== Args={'balls': 1, 'target': <ball_device.bd_plunger>, 'source': <ball_device.bd_trough>, 'mechanical_eject': False, 'num_attempts': 5}
2026-04-16 14:16:14,554 : INFO : ball_device.bd_trough : State: ejecting
2026-04-16 14:16:14,554 : INFO : ball_device.bd_trough : Ejecting ball to <ball_device.bd_plunger>
2026-04-16 14:16:14,554 : INFO : EventManager : Event: ======'balldevice_bd_trough_ejecting_ball'====== Args={'balls': 1, 'target': <ball_device.bd_plunger>, 'source': <ball_device.bd_trough>, 'mechanical_eject': False, 'num_attempts': 5}
2026-04-16 14:16:14,555 : INFO : ball_device.bd_trough : Wait for ball to leave device
2026-04-16 14:16:14,555 : INFO : coil.c_trough_eject : Pulsing Driver for 10ms (1.0 pulse_power)
2026-04-16 14:16:16,553 : INFO : Machine : Shutting down...
2026-04-16 14:16:16,553 : INFO : EventManager : Event: ======'shutdown'====== Args={}
2026-04-16 14:16:16,554 : INFO : EventManager : Event: ======'mode_game_will_stop'====== Args={}
2026-04-16 14:16:16,554 : INFO : EventManager : Event: ======'mode_game_stopping'====== Args={}
2026-04-16 14:16:16,554 : INFO : EventManager : Event: ======'mode_bumpers_will_stop'====== Args={}
2026-04-16 14:16:16,554 : INFO : EventManager : Event: ======'mode_bumpers_stopping'====== Args={}
2026-04-16 14:16:16,554 : INFO : EventManager : Event: ======'mode_base_will_stop'====== Args={}
2026-04-16 14:16:16,554 : INFO : EventManager : Event: ======'mode_base_stopping'====== Args={}
2026-04-16 14:16:16,555 : INFO : EventManager : Event: ======'stop_mode_bumpers'====== Args={'priority': 0}
2026-04-16 14:16:16,555 : INFO : Mode.base : Stopped.
2026-04-16 14:16:16,555 : INFO : EventManager : Event: ======'modes_active_modes_changed'====== Args={}
2026-04-16 14:16:16,555 : INFO : EventManager : Event: ======'mode_base_stopped'====== Args={}
2026-04-16 14:16:16,555 : INFO : EventManager : Event: ======'clear'====== Args={'key': 'base'}
2026-04-16 14:16:16,555 : INFO : Mode.bumpers : Stopped.
2026-04-16 14:16:16,555 : INFO : EventManager : Event: ======'modes_active_modes_changed'====== Args={}
2026-04-16 14:16:16,555 : INFO : EventManager : Event: ======'mode_bumpers_stopped'====== Args={}
2026-04-16 14:16:16,555 : INFO : EventManager : Event: ======'clear'====== Args={'key': 'bumpers'}
2026-04-16 14:16:16,556 : INFO : Mode.game : Stopped.
2026-04-16 14:16:16,556 : INFO : EventManager : Event: ======'modes_active_modes_changed'====== Args={}
2026-04-16 14:16:16,556 : INFO : EventManager : Event: ======'mode_game_stopped'====== Args={}
2026-04-16 14:16:16,556 : INFO : EventManager : Event: ======'clear'====== Args={'key': 'game'}
2026-04-16 14:16:16,557 : INFO : root : MPF run loop ended.
