2026-04-16 13:48:46,611 : INFO : root : Loading config.
2026-04-16 13:48:46,657 : INFO : ConfigProcessor : Config spec file cache created: /var/folders/nw/6blj94p12ldcym3fj104vzlm0000gn/T/config_spec.mpf_cache
2026-04-16 13:48:46,658 : INFO : YamlMultifileConfigLoader : Machine config file #1: config.yaml
2026-04-16 13:48:46,658 : INFO : ConfigProcessor : Loading config from cache: /var/folders/nw/6blj94p12ldcym3fj104vzlm0000gn/T/b334f8a4e2121184f8a617378a4d1625.mpf_cache
2026-04-16 13:48:46,681 : INFO : ConfigProcessor : Loading config from cache: /var/folders/nw/6blj94p12ldcym3fj104vzlm0000gn/T/63da12c4cec82227b4c3859bbf3c7cd4.mpf_cache
2026-04-16 13:48:46,681 : INFO : ConfigProcessor : Loading config from cache: /var/folders/nw/6blj94p12ldcym3fj104vzlm0000gn/T/b8625db2ee8ad38c42d4f1c72235edc8.mpf_cache
2026-04-16 13:48:46,681 : INFO : ConfigProcessor : Loading config from cache: /var/folders/nw/6blj94p12ldcym3fj104vzlm0000gn/T/63da12c4cec82227b4c3859bbf3c7cd4.mpf_cache
2026-04-16 13:48:46,682 : INFO : ConfigProcessor : Loading config from cache: /var/folders/nw/6blj94p12ldcym3fj104vzlm0000gn/T/104947b35f87d581877cdaf02599b463.mpf_cache
2026-04-16 13:48:46,682 : INFO : ConfigProcessor : Loading config from cache: /var/folders/nw/6blj94p12ldcym3fj104vzlm0000gn/T/bc830d47d6fbb336561cc63e74edf2c9.mpf_cache
2026-04-16 13:48:46,682 : INFO : ConfigProcessor : Loading config from cache: /var/folders/nw/6blj94p12ldcym3fj104vzlm0000gn/T/4273c698423283a7843ff5c77ef69dc9.mpf_cache
2026-04-16 13:48:46,682 : INFO : ConfigProcessor : Loading config from cache: /var/folders/nw/6blj94p12ldcym3fj104vzlm0000gn/T/7424f2cce7b15e0b37e570d3514590c8.mpf_cache
2026-04-16 13:48:46,682 : INFO : Machine : Mission Pinball Framework Core Engine v0.80.0.dev13
2026-04-16 13:48:46,682 : INFO : Machine : Command line arguments: {'no_load_cache': False, 'create_config_cache': True, 'bcp': True, 'configfile': ['config.yaml'], 'force_assets_load': False, 'platform_integration_test': False, 'jsonlogging': False, 'logfile': 'logs/2026-04-16-13-48-46-mpf-Wills-MacBook-Pro-M5.local.log', 'pause': False, 'production': False, 'text_ui': False, 'loglevel': 15, 'consoleloglevel': 20, 'force_platform': 'virtual', 'syslog_address': None, 'full_logfile_path': '/Users/willrante/Documents/GitHub/pinball/logs/2026-04-16-13-48-46-mpf-Wills-MacBook-Pro-M5.local.log'}
2026-04-16 13:48:46,682 : INFO : Machine : MPF path: /Users/willrante/mpf-env/lib/python3.14/site-packages/mpf
2026-04-16 13:48:46,682 : INFO : Machine : Machine path: /Users/willrante/Documents/GitHub/pinball
2026-04-16 13:48:46,682 : INFO : Machine : Platform: darwin
2026-04-16 13:48:46,682 : INFO : Machine : Python executable location: /Users/willrante/mpf-env/bin/python3.14
2026-04-16 13:48:46,682 : INFO : Machine : Python version: 3.14.3 (64-bit)
2026-04-16 13:48:46,683 : INFO : Machine : Initializing MPF...
2026-04-16 13:48:46,705 : INFO : EventManager : Event: ======'machine_var_credits_string'====== Args={'value': 'FREE PLAY', 'prev_value': None, 'change': True}
2026-04-16 13:48:46,709 : INFO : EventManager : Event: ======'machine_var_master_volume'====== Args={'value': 0.5, 'prev_value': None, 'change': True}
2026-04-16 13:48:46,709 : INFO : EventManager : Event: ======'machine_var_mpf_version'====== Args={'value': 'Mission Pinball Framework v0.80.0.dev13', 'prev_value': None, 'change': True}
2026-04-16 13:48:46,709 : INFO : EventManager : Event: ======'machine_var_mpf_extended_version'====== Args={'value': 'Mission Pinball Framework v0.80.0.dev13, Config version:6, Show version: 6, BCP version:1.1', 'prev_value': None, 'change': True}
2026-04-16 13:48:46,709 : INFO : EventManager : Event: ======'machine_var_python_version'====== Args={'value': '3.14.3', 'prev_value': None, 'change': True}
2026-04-16 13:48:46,716 : INFO : EventManager : Event: ======'machine_var_platform'====== Args={'value': 'macOS-26.4.1-arm64-arm-64bit-Mach-O', 'prev_value': None, 'change': True}
2026-04-16 13:48:46,716 : INFO : EventManager : Event: ======'machine_var_platform_system'====== Args={'value': 'Darwin', 'prev_value': None, 'change': True}
2026-04-16 13:48:46,716 : INFO : EventManager : Event: ======'machine_var_platform_release'====== Args={'value': '25.4.0', 'prev_value': None, 'change': True}
2026-04-16 13:48:46,716 : INFO : EventManager : Event: ======'machine_var_platform_version'====== Args={'value': 'Darwin Kernel Version 25.4.0: Thu Mar 19 19:33:50 PDT 2026; root:xnu-12377.101.15~1/RELEASE_ARM64_T6050', 'prev_value': None, 'change': True}
2026-04-16 13:48:46,716 : INFO : EventManager : Event: ======'machine_var_platform_machine'====== Args={'value': 'arm64', 'prev_value': None, 'change': True}
2026-04-16 13:48:46,716 : INFO : EventManager : Event: ======'machine_var_log_file_path'====== Args={'value': '/Users/willrante/Documents/GitHub/pinball/logs/2026-04-16-13-48-46-mpf-Wills-MacBook-Pro-M5.local.log', 'prev_value': None, 'change': True}
2026-04-16 13:48:46,716 : INFO : EventManager : Event: ======'init_phase_1'====== Args={}
2026-04-16 13:48:46,722 : INFO : EventManager : Event: ======'init_phase_2'====== Args={}
2026-04-16 13:48:46,722 : INFO : SwitchController : Found active switch: (1007, <Platform.Virtual>) <switch.s_trough_1>
2026-04-16 13:48:46,722 : INFO : SwitchController : Found active switch: (1008, <Platform.Virtual>) <switch.s_trough_2>
2026-04-16 13:48:46,722 : INFO : SwitchController : Found active switch: (1009, <Platform.Virtual>) <switch.s_trough_3>
2026-04-16 13:48:46,722 : INFO : EventManager : Event: ======'bcp_connection_attempt'====== Args={'name': 'local_display', 'host': 'localhost', 'port': 5050}
2026-04-16 13:48:46,723 : INFO : BCPClientSocket : Connecting BCP to 'local_display' at localhost:5050...
2026-04-16 13:48:46,725 : INFO : BCPClientSocket : Connected BCP to 'local_display' localhost:5050
2026-04-16 13:48:46,726 : INFO : EventManager : Event: ======'bcp_clients_connected'====== Args={}
2026-04-16 13:48:46,726 : INFO : ball_device.bd_plunger : BCH: Initial count: 0
2026-04-16 13:48:46,726 : INFO : ball_device.bd_plunger : State: idle
2026-04-16 13:48:46,726 : INFO : ball_device.bd_trough : BCH: Initial count: 3
2026-04-16 13:48:46,726 : INFO : ball_device.bd_trough : State: idle
2026-04-16 13:48:46,729 : INFO : EventManager : Event: ======'init_phase_3'====== Args={}
2026-04-16 13:48:46,729 : INFO : EventManager : Event: ======'init_phase_4'====== Args={}
2026-04-16 13:48:46,730 : INFO : BallController : Initial balls found: 3
2026-04-16 13:48:46,730 : INFO : EventManager : Event: ======'machine_var_audits_events_game_ended'====== Args={'value': 0, 'prev_value': None, 'change': True}
2026-04-16 13:48:46,730 : INFO : EventManager : Event: ======'machine_var_audits_events_game_started'====== Args={'value': 11, 'prev_value': None, 'change': True}
2026-04-16 13:48:46,730 : INFO : EventManager : Event: ======'machine_var_audits_missing_switches_s_plunger_lane'====== Args={'value': 11, 'prev_value': None, 'change': True}
2026-04-16 13:48:46,730 : INFO : EventManager : Event: ======'machine_var_audits_missing_switches_s_start'====== Args={'value': 7, 'prev_value': None, 'change': True}
2026-04-16 13:48:46,730 : INFO : EventManager : Event: ======'machine_var_audits_missing_switches_s_trough_1'====== Args={'value': 11, 'prev_value': None, 'change': True}
2026-04-16 13:48:46,730 : INFO : EventManager : Event: ======'machine_var_audits_missing_switches_s_trough_2'====== Args={'value': 11, 'prev_value': None, 'change': True}
2026-04-16 13:48:46,730 : INFO : EventManager : Event: ======'machine_var_audits_missing_switches_s_trough_3'====== Args={'value': 11, 'prev_value': None, 'change': True}
2026-04-16 13:48:46,730 : INFO : EventManager : Event: ======'machine_var_audits_player_score'====== Args={'value': {'average': 0, 'top': [], 'total': 0}, 'prev_value': None, 'change': True}
2026-04-16 13:48:46,730 : INFO : EventManager : Event: ======'machine_var_audits_shots_bumper_left'====== Args={'value': 145, 'prev_value': None, 'change': True}
2026-04-16 13:48:46,731 : INFO : EventManager : Event: ======'machine_var_audits_shots_bumper_right'====== Args={'value': 144, 'prev_value': None, 'change': True}
2026-04-16 13:48:46,731 : INFO : EventManager : Event: ======'machine_var_audits_shots_hurryup'====== Args={'value': 3, 'prev_value': None, 'change': True}
2026-04-16 13:48:46,731 : INFO : EventManager : Event: ======'machine_var_audits_shots_left_lane'====== Args={'value': 18, 'prev_value': None, 'change': True}
2026-04-16 13:48:46,731 : INFO : EventManager : Event: ======'machine_var_audits_switches_s_action_button'====== Args={'value': 51, 'prev_value': None, 'change': True}
2026-04-16 13:48:46,731 : INFO : EventManager : Event: ======'machine_var_audits_switches_s_bumper_left'====== Args={'value': 145, 'prev_value': None, 'change': True}
2026-04-16 13:48:46,731 : INFO : EventManager : Event: ======'machine_var_audits_switches_s_bumper_right'====== Args={'value': 144, 'prev_value': None, 'change': True}
2026-04-16 13:48:46,731 : INFO : EventManager : Event: ======'machine_var_audits_switches_s_flipper_left'====== Args={'value': 118, 'prev_value': None, 'change': True}
2026-04-16 13:48:46,731 : INFO : EventManager : Event: ======'machine_var_audits_switches_s_flipper_right'====== Args={'value': 107, 'prev_value': None, 'change': True}
2026-04-16 13:48:46,731 : INFO : EventManager : Event: ======'machine_var_audits_switches_s_left_lane'====== Args={'value': 18, 'prev_value': None, 'change': True}
2026-04-16 13:48:46,731 : INFO : EventManager : Event: ======'machine_var_audits_switches_s_plunger_lane'====== Args={'value': 0, 'prev_value': None, 'change': True}
2026-04-16 13:48:46,731 : INFO : EventManager : Event: ======'machine_var_audits_switches_s_start'====== Args={'value': 3, 'prev_value': None, 'change': True}
2026-04-16 13:48:46,731 : INFO : EventManager : Event: ======'machine_var_audits_switches_s_trough_1'====== Args={'value': 0, 'prev_value': None, 'change': True}
2026-04-16 13:48:46,731 : INFO : EventManager : Event: ======'machine_var_audits_switches_s_trough_2'====== Args={'value': 0, 'prev_value': None, 'change': True}
2026-04-16 13:48:46,731 : INFO : EventManager : Event: ======'machine_var_audits_switches_s_trough_3'====== Args={'value': 0, 'prev_value': None, 'change': True}
2026-04-16 13:48:46,731 : INFO : EventManager : Event: ======'init_phase_5'====== Args={}
2026-04-16 13:48:46,731 : INFO : EventManager : Event: ======'init_done'====== Args={}
2026-04-16 13:48:46,731 : INFO : EventManager : Event: ======'machine_reset_phase_1'====== Args={}
2026-04-16 13:48:46,741 : INFO : EventManager : Event: ======'machine_reset_phase_2'====== Args={}
2026-04-16 13:48:46,741 : INFO : EventManager : Event: ======'machine_reset_phase_3'====== Args={}
2026-04-16 13:48:46,741 : INFO : EventManager : Event: ======'reset_complete'====== Args={}
2026-04-16 13:48:46,741 : INFO : EventManager : Event: ======'mode_attract_will_start'====== Args={}
2026-04-16 13:48:46,741 : INFO : Timer.attract_carousel_timer : Starting Timer.
2026-04-16 13:48:46,741 : INFO : EventManager : Event: ======'timer_attract_carousel_timer_started'====== Args={'ticks': 0, 'ticks_remaining': 1}
2026-04-16 13:48:46,741 : INFO : EventManager : Event: ======'timer_attract_carousel_timer_tick'====== Args={'ticks': 0, 'ticks_remaining': 1}
2026-04-16 13:48:46,742 : INFO : EventManager : Event: ======'mode_attract_starting'====== Args={}
2026-04-16 13:48:46,742 : INFO : Mode.attract : Started. Priority: 10
2026-04-16 13:48:46,742 : INFO : EventManager : Event: ======'modes_active_modes_changed'====== Args={}
2026-04-16 13:48:46,742 : INFO : EventManager : Event: ======'mode_attract_started'====== Args={}
2026-04-16 13:48:46,742 : INFO : EventManager : Event: ======'collecting_balls_complete'====== Args={}
2026-04-16 13:48:46,742 : INFO : EventManager : Event: ======'carousel_item_highlighted'====== Args={'carousel': 'attract', 'direction': None, 'item': 'title'}
2026-04-16 13:48:46,742 : INFO : EventManager : Event: ======'timer_attract_carousel_timer_tick'====== Args={'ticks': 0, 'ticks_remaining': 1}
2026-04-16 13:48:46,742 : INFO : Machine : Starting the main run loop with active modes: [<Mode.attract>]
2026-04-16 13:48:46,800 : INFO : EventManager : Event: ======'slide_attract_created'====== Args={'_from_bcp': True}
2026-04-16 13:48:46,800 : INFO : EventManager : Event: ======'slide__removed'====== Args={'_from_bcp': True}
2026-04-16 13:48:46,801 : INFO : EventManager : Event: ======'slide_attract_active'====== Args={'original_context': 'attract', 'original_calling_context': 'mode_attract_started', 'priority': 10.0, 'cmd': 'slides_play', '_from_bcp': True}
2026-04-16 13:48:48,674 : INFO : SwitchController : <<<<<<< 's_start' active >>>>>>>
2026-04-16 13:48:48,758 : INFO : SwitchController : <<<<<<< 's_start' inactive >>>>>>>
2026-04-16 13:48:48,758 : INFO : EventManager : Event: ======'request_to_start_game'====== Args={}
2026-04-16 13:48:48,759 : INFO : EventManager : Event: ======'game_start'====== Args={'buttons': [], 'hold_time': 0.08362162499997794}
2026-04-16 13:48:48,759 : INFO : EventManager : Event: ======'mode_game_will_start'====== Args={'buttons': [], 'hold_time': 0.08362162499997794}
2026-04-16 13:48:48,760 : INFO : EventManager : Event: ======'mode_game_starting'====== Args={'buttons': [], 'hold_time': 0.08362162499997794}
2026-04-16 13:48:48,760 : INFO : EventManager : Event: ======'mode_attract_will_stop'====== Args={}
2026-04-16 13:48:48,760 : INFO : EventManager : Event: ======'mode_attract_stopping'====== Args={}
2026-04-16 13:48:48,760 : INFO : Mode.attract : Stopped.
2026-04-16 13:48:48,760 : INFO : EventManager : Event: ======'modes_active_modes_changed'====== Args={}
2026-04-16 13:48:48,760 : INFO : EventManager : Event: ======'mode_attract_stopped'====== Args={}
2026-04-16 13:48:48,761 : INFO : EventManager : Event: ======'clear'====== Args={'key': 'attract'}
2026-04-16 13:48:48,761 : INFO : Timer.attract_carousel_timer : Stopping Timer
2026-04-16 13:48:48,761 : INFO : EventManager : Event: ======'timer_attract_carousel_timer_stopped'====== Args={'ticks': 0, 'ticks_remaining': 1}
2026-04-16 13:48:48,761 : INFO : Mode.game : Started. Priority: 20
2026-04-16 13:48:48,761 : INFO : EventManager : Event: ======'modes_active_modes_changed'====== Args={}
2026-04-16 13:48:48,761 : INFO : EventManager : Event: ======'mode_game_started'====== Args={'buttons': [], 'hold_time': 0.08362162499997794}
2026-04-16 13:48:48,762 : INFO : EventManager : Event: ======'game_will_start'====== Args={}
2026-04-16 13:48:48,762 : INFO : EventManager : Event: ======'game_starting'====== Args={'game': <Mode.game>}
2026-04-16 13:48:48,762 : INFO : EventManager : Unordered handler for class <Auditor> on event game_ended with priority 1. Handlers: [RegisteredHandler(callback=<bound method Auditor.disable of <Auditor>>, priority=1, kwargs={}, key=UUID('dfe047ae-abad-4770-b8b1-f3cceab1ae78'), condition=None, blocking_facility=None), RegisteredHandler(callback=<bound method Auditor._save_audits of <Auditor>>, priority=1, kwargs={}, key=UUID('3fe7128a-8db4-401a-a79c-a498dfc521e7'), condition=None, blocking_facility=None)]. The order of those handlers is not defined and they will be executed in random order. This might lead to race conditions and potential bugs.
2026-04-16 13:48:48,763 : INFO : EventManager : Event: ======'player_add_request'====== Args={}
2026-04-16 13:48:48,763 : INFO : EventManager : Event: ======'player_will_add'====== Args={'number': 1}
2026-04-16 13:48:48,763 : INFO : EventManager : Event: ======'player_adding'====== Args={'player': <Player 1>, 'number': 1}
2026-04-16 13:48:48,763 : INFO : EventManager : Event: ======'player_added'====== Args={'player': <Player 1>, 'num': 1}
2026-04-16 13:48:48,763 : INFO : Mode.game : Player added successfully. Total players: 1
2026-04-16 13:48:48,763 : INFO : EventManager : Event: ======'player_index'====== Args={'value': 0, 'prev_value': 0, 'change': 0, 'player_num': 1}
2026-04-16 13:48:48,763 : INFO : EventManager : Event: ======'player_number'====== Args={'value': 1, 'prev_value': 1, 'change': 0, 'player_num': 1}
2026-04-16 13:48:48,763 : INFO : EventManager : Event: ======'player_score'====== Args={'value': 0, 'prev_value': 0, 'change': 0, 'player_num': 1}
2026-04-16 13:48:48,763 : INFO : EventManager : Event: ======'game_started'====== Args={}
2026-04-16 13:48:48,764 : INFO : EventManager : Event: ======'player_turn_will_start'====== Args={'player': <Player 1>, 'number': 1}
2026-04-16 13:48:48,764 : INFO : EventManager : Event: ======'player_turn_starting'====== Args={'player': <Player 1>, 'number': 1}
2026-04-16 13:48:48,764 : INFO : EventManager : Event: ======'player_ball'====== Args={'value': 1, 'prev_value': 0, 'change': 1, 'player_num': 1}
2026-04-16 13:48:48,767 : INFO : EventManager : Event: ======'player_turn_started'====== Args={'player': <Player 1>, 'number': 1}
2026-04-16 13:48:48,767 : INFO : EventManager : Event: ======'ball_will_start'====== Args={'player': 1, 'ball': 1, 'balls_remaining': 2, 'is_extra_ball': False}
2026-04-16 13:48:48,768 : INFO : EventManager : Event: ======'ball_starting'====== Args={'player': 1, 'ball': 1, 'balls_remaining': 2, 'is_extra_ball': False}
2026-04-16 13:48:48,768 : INFO : EventManager : Event: ======'mode_base_will_start'====== Args={'queue': <QueuedEvent>, 'player': 1, 'ball': 1, 'balls_remaining': 2, 'is_extra_ball': False}
2026-04-16 13:48:48,768 : INFO : EventManager : Event: ======'player_shot_left_lane_enabled'====== Args={'value': True, 'prev_value': 0, 'change': 1, 'player_num': 1}
2026-04-16 13:48:48,769 : INFO : EventManager : Event: ======'mode_base_starting'====== Args={'queue': <QueuedEvent>, 'player': 1, 'ball': 1, 'balls_remaining': 2, 'is_extra_ball': False}
2026-04-16 13:48:48,769 : INFO : Mode.base : Started. Priority: 100
2026-04-16 13:48:48,769 : INFO : EventManager : Event: ======'modes_active_modes_changed'====== Args={}
2026-04-16 13:48:48,769 : INFO : EventManager : Event: ======'mode_base_started'====== Args={'queue': <QueuedEvent>, 'player': 1, 'ball': 1, 'balls_remaining': 2, 'is_extra_ball': False}
2026-04-16 13:48:48,769 : INFO : EventManager : Event: ======'start_mode_bumpers'====== Args={'priority': 0}
2026-04-16 13:48:48,769 : INFO : EventManager : Event: ======'mode_bumpers_will_start'====== Args={'priority': 0}
2026-04-16 13:48:48,769 : INFO : EventManager : Event: ======'player_shot_bumper_left_enabled'====== Args={'value': True, 'prev_value': 0, 'change': 1, 'player_num': 1}
2026-04-16 13:48:48,770 : INFO : EventManager : Event: ======'player_shot_bumper_right_enabled'====== Args={'value': True, 'prev_value': 0, 'change': 1, 'player_num': 1}
2026-04-16 13:48:48,770 : INFO : EventManager : Event: ======'bumpers_complete'====== Args={'state': 'unlit'}
2026-04-16 13:48:48,770 : INFO : EventManager : Event: ======'bumpers_unlit_complete'====== Args={}
2026-04-16 13:48:48,770 : INFO : EventManager : Event: ======'mode_bumpers_starting'====== Args={'priority': 0}
2026-04-16 13:48:48,771 : INFO : Mode.bumpers : Started. Priority: 200
2026-04-16 13:48:48,771 : INFO : EventManager : Event: ======'modes_active_modes_changed'====== Args={}
2026-04-16 13:48:48,771 : INFO : EventManager : Event: ======'mode_bumpers_started'====== Args={'priority': 0}
2026-04-16 13:48:48,771 : INFO : EventManager : Event: ======'balls_in_play'====== Args={'balls': 1}
2026-04-16 13:48:48,771 : INFO : EventManager : Event: ======'ball_started'====== Args={'player': 1, 'ball': 1, 'balls_remaining': 2, 'is_extra_ball': False}
2026-04-16 13:48:48,771 : INFO : EventManager : Event: ======'single_player_ball_started'====== Args={}
2026-04-16 13:48:48,771 : INFO : EventManager : Event: ======'ball_start_target'====== Args={'target': 'playfield'}
2026-04-16 13:48:48,772 : INFO : ball_device.bd_trough : Setting up player-controlled eject. Balls: 1, Target: <playfield.playfield>, player_controlled_eject_event: None
2026-04-16 13:48:48,772 : INFO : ball_device.bd_trough : Adding 1 ball(s) to the eject_queue with target <playfield.playfield>.
2026-04-16 13:48:48,772 : INFO : EventManager : Event: ======'balldevice_balls_available'====== Args={}
2026-04-16 13:48:48,772 : INFO : ball_device.bd_trough : State: waiting_for_target_ready
2026-04-16 13:48:48,772 : INFO : EventManager : Event: ======'balldevice_bd_trough_ball_eject_attempt'====== Args={'balls': 1, 'target': <ball_device.bd_plunger>, 'source': <ball_device.bd_trough>, 'mechanical_eject': False, 'num_attempts': 0}
2026-04-16 13:48:48,772 : INFO : ball_device.bd_plunger : State: waiting_for_ball
2026-04-16 13:48:48,773 : INFO : ball_device.bd_trough : State: ejecting
2026-04-16 13:48:48,773 : INFO : ball_device.bd_trough : Ejecting ball to <ball_device.bd_plunger>
2026-04-16 13:48:48,773 : INFO : EventManager : Event: ======'balldevice_bd_trough_ejecting_ball'====== Args={'balls': 1, 'target': <ball_device.bd_plunger>, 'source': <ball_device.bd_trough>, 'mechanical_eject': False, 'num_attempts': 0}
2026-04-16 13:48:48,773 : INFO : ball_device.bd_trough : Wait for ball to leave device
2026-04-16 13:48:48,773 : INFO : coil.c_trough_eject : Pulsing Driver for 10ms (1.0 pulse_power)
2026-04-16 13:48:48,800 : INFO : EventManager : Event: ======'slide_base_slide_created'====== Args={'_from_bcp': True}
2026-04-16 13:48:48,800 : INFO : EventManager : Event: ======'slide_attract_inactive'====== Args={'is_removing': True, '_from_bcp': True}
2026-04-16 13:48:48,801 : INFO : EventManager : Event: ======'slide_base_slide_active'====== Args={'original_context': 'base', 'original_calling_context': 'mode_base_started', 'priority': 100.0, 'queue': '<QueuedEvent>', 'player': 1.0, 'ball': 1.0, 'balls_remaining': 2.0, 'is_extra_ball': False, 'cmd': 'slides_play', '_from_bcp': True}
2026-04-16 13:48:48,801 : INFO : EventManager : Event: ======'slide_attract_removed'====== Args={'_from_bcp': True}
2026-04-16 13:48:49,941 : INFO : SwitchController : <<<<<<< 's_left_lane' active >>>>>>>
2026-04-16 13:48:49,941 : INFO : EventManager : Event: ======'playfield_active'====== Args={'source': 'hurryup'}
2026-04-16 13:48:49,941 : INFO : EventManager : Event: ======'unexpected_ball_on_playfield'====== Args={}
2026-04-16 13:48:49,941 : INFO : EventManager : Event: ======'playfield_active'====== Args={'source': 'left_lane'}
2026-04-16 13:48:49,941 : INFO : EventManager : Event: ======'unexpected_ball_on_playfield'====== Args={}
2026-04-16 13:48:49,941 : INFO : EventManager : Event: ======'s_left_lane_active'====== Args={}
2026-04-16 13:48:49,941 : INFO : EventManager : Event: ======'machine_var_audits_switches_s_left_lane'====== Args={'value': 19, 'prev_value': 18, 'change': 1}
2026-04-16 13:48:49,942 : INFO : EventManager : Event: ======'player_shot_left_lane'====== Args={'value': 1, 'prev_value': 0, 'change': 1, 'player_num': 1}
2026-04-16 13:48:49,942 : INFO : EventManager : Event: ======'machine_var_audits_shots_left_lane'====== Args={'value': 19, 'prev_value': 18, 'change': 1}
2026-04-16 13:48:49,943 : INFO : EventManager : Event: ======'left_lane_hit'====== Args={'profile': 'default', 'state': 'unlit', 'advancing': True}
2026-04-16 13:48:49,943 : INFO : EventManager : Event: ======'left_lane_default_hit'====== Args={'profile': 'default', 'state': 'unlit', 'advancing': True}
2026-04-16 13:48:49,943 : INFO : EventManager : Event: ======'left_lane_default_unlit_hit'====== Args={'profile': 'default', 'state': 'unlit', 'advancing': True}
2026-04-16 13:48:49,943 : INFO : EventManager : Event: ======'left_lane_unlit_hit'====== Args={'profile': 'default', 'state': 'unlit', 'advancing': True}
2026-04-16 13:48:49,943 : INFO : EventManager : Event: ======'start_mode_rhythm'====== Args={'priority': 0}
2026-04-16 13:48:49,943 : INFO : EventManager : Event: ======'mode_rhythm_will_start'====== Args={'priority': 0}
2026-04-16 13:48:49,943 : INFO : EventManager : Event: ======'mode_rhythm_starting'====== Args={'priority': 0}
2026-04-16 13:48:49,943 : INFO : Mode.rhythm : Started. Priority: 1200
2026-04-16 13:48:49,944 : INFO : EventManager : Event: ======'modes_active_modes_changed'====== Args={}
2026-04-16 13:48:49,944 : INFO : EventManager : Event: ======'mode_rhythm_started'====== Args={'priority': 0}
2026-04-16 13:48:49,947 : INFO : EventManager : Event: ======'player_rhythm_mode_score'====== Args={'value': 0, 'prev_value': 0, 'change': 0, 'player_num': 1}
2026-04-16 13:48:49,947 : INFO : EventManager : Event: ======'player_rhythm_combo'====== Args={'value': 0, 'prev_value': 0, 'change': 0, 'player_num': 1}
2026-04-16 13:48:49,947 : INFO : EventManager : Event: ======'player_rhythm_best_combo'====== Args={'value': 0, 'prev_value': 0, 'change': 0, 'player_num': 1}
2026-04-16 13:48:49,947 : INFO : EventManager : Event: ======'player_rhythm_hits'====== Args={'value': 0, 'prev_value': 0, 'change': 0, 'player_num': 1}
2026-04-16 13:48:49,948 : INFO : EventManager : Event: ======'player_rhythm_misses'====== Args={'value': 0, 'prev_value': 0, 'change': 0, 'player_num': 1}
2026-04-16 13:48:49,948 : INFO : EventManager : Event: ======'player_rhythm_notes_total'====== Args={'value': 38, 'prev_value': 0, 'change': 38, 'player_num': 1}
2026-04-16 13:48:49,948 : INFO : EventManager : Event: ======'player_rhythm_accuracy'====== Args={'value': 0, 'prev_value': 0, 'change': 0, 'player_num': 1}
2026-04-16 13:48:49,948 : INFO : EventManager : Event: ======'player_rhythm_multiplier'====== Args={'value': 1, 'prev_value': 0, 'change': 1, 'player_num': 1}
2026-04-16 13:48:50,000 : INFO : EventManager : Event: ======'rhythm_chart_started'====== Args={'total_notes': 38, 'travel_ms': 1600, 'perfect_window_ms': 90, 'good_window_ms': 170, 'lead_in_ms': 1800, 'chart_started_delay_ms': 50, 'song_key': '16_school_of_rock__teachers_pet', 'song_bus': 'music', 'audio_offset_ms': 0}
2026-04-16 13:48:50,018 : INFO : EventManager : Event: ======'slide_rhythm_created'====== Args={'_from_bcp': True}
2026-04-16 13:48:50,018 : INFO : EventManager : Event: ======'slide_base_slide_inactive'====== Args={'is_removing': False, '_from_bcp': True}
2026-04-16 13:48:50,019 : INFO : EventManager : Event: ======'slide_rhythm_active'====== Args={'original_context': 'rhythm', 'original_calling_context': 'mode_rhythm_started', 'priority': 1200.0, 'cmd': 'slides_play', '_from_bcp': True}
2026-04-16 13:48:50,074 : INFO : SwitchController : <<<<<<< 's_left_lane' inactive >>>>>>>
2026-04-16 13:48:50,750 : INFO : EventManager : Event: ======'rhythm_note_spawned'====== Args={'note_id': 0, 'lane': 'left', 'travel_ms': 1600, 'hit_time_ms': 2400}
2026-04-16 13:48:51,150 : INFO : EventManager : Event: ======'rhythm_note_spawned'====== Args={'note_id': 1, 'lane': 'center', 'travel_ms': 1600, 'hit_time_ms': 2800}
2026-04-16 13:48:51,550 : INFO : EventManager : Event: ======'rhythm_note_spawned'====== Args={'note_id': 2, 'lane': 'right', 'travel_ms': 1600, 'hit_time_ms': 3200}
2026-04-16 13:48:51,949 : INFO : EventManager : Event: ======'rhythm_note_spawned'====== Args={'note_id': 3, 'lane': 'left', 'travel_ms': 1600, 'hit_time_ms': 3600}
2026-04-16 13:48:52,350 : INFO : EventManager : Event: ======'rhythm_note_spawned'====== Args={'note_id': 4, 'lane': 'center', 'travel_ms': 1600, 'hit_time_ms': 4000}
2026-04-16 13:48:52,350 : INFO : EventManager : Event: ======'rhythm_note_spawned'====== Args={'note_id': 5, 'lane': 'right', 'travel_ms': 1600, 'hit_time_ms': 4000}
2026-04-16 13:48:52,521 : INFO : EventManager : Event: ======'player_rhythm_misses'====== Args={'value': 1, 'prev_value': 0, 'change': 1, 'player_num': 1}
2026-04-16 13:48:52,521 : INFO : EventManager : Event: ======'rhythm_note_missed'====== Args={'note_id': 0, 'lane': 'left', 'total_misses': 1}
2026-04-16 13:48:52,850 : INFO : EventManager : Event: ======'rhythm_note_spawned'====== Args={'note_id': 6, 'lane': 'left', 'travel_ms': 1600, 'hit_time_ms': 4500}
2026-04-16 13:48:52,920 : INFO : EventManager : Event: ======'player_rhythm_misses'====== Args={'value': 2, 'prev_value': 1, 'change': 1, 'player_num': 1}
2026-04-16 13:48:52,921 : INFO : EventManager : Event: ======'rhythm_note_missed'====== Args={'note_id': 1, 'lane': 'center', 'total_misses': 2}
2026-04-16 13:48:53,250 : INFO : EventManager : Event: ======'rhythm_note_spawned'====== Args={'note_id': 7, 'lane': 'center', 'travel_ms': 1600, 'hit_time_ms': 4900}
2026-04-16 13:48:53,257 : INFO : SwitchController : <<<<<<< 's_action_button' active >>>>>>>
2026-04-16 13:48:53,257 : INFO : EventManager : Event: ======'rhythm_lane_pressed'====== Args={'lane': 'center'}
2026-04-16 13:48:53,258 : INFO : EventManager : Event: ======'machine_var_audits_switches_s_action_button'====== Args={'value': 52, 'prev_value': 51, 'change': 1}
2026-04-16 13:48:53,320 : INFO : EventManager : Event: ======'player_rhythm_misses'====== Args={'value': 3, 'prev_value': 2, 'change': 1, 'player_num': 1}
2026-04-16 13:48:53,320 : INFO : EventManager : Event: ======'rhythm_note_missed'====== Args={'note_id': 2, 'lane': 'right', 'total_misses': 3}
2026-04-16 13:48:53,391 : INFO : SwitchController : <<<<<<< 's_action_button' inactive >>>>>>>
2026-04-16 13:48:53,574 : INFO : SwitchController : <<<<<<< 's_flipper_right' active >>>>>>>
2026-04-16 13:48:53,574 : INFO : EventManager : Event: ======'rhythm_lane_pressed'====== Args={'lane': 'right'}
2026-04-16 13:48:53,574 : INFO : EventManager : Event: ======'machine_var_audits_switches_s_flipper_right'====== Args={'value': 108, 'prev_value': 107, 'change': 1}
2026-04-16 13:48:53,650 : INFO : EventManager : Event: ======'rhythm_note_spawned'====== Args={'note_id': 8, 'lane': 'right', 'travel_ms': 1600, 'hit_time_ms': 5300}
2026-04-16 13:48:53,720 : INFO : EventManager : Event: ======'player_rhythm_misses'====== Args={'value': 4, 'prev_value': 3, 'change': 1, 'player_num': 1}
2026-04-16 13:48:53,720 : INFO : EventManager : Event: ======'rhythm_note_missed'====== Args={'note_id': 3, 'lane': 'left', 'total_misses': 4}
2026-04-16 13:48:53,741 : INFO : SwitchController : <<<<<<< 's_flipper_right' inactive >>>>>>>
2026-04-16 13:48:53,991 : INFO : SwitchController : <<<<<<< 's_flipper_left' active >>>>>>>
2026-04-16 13:48:53,991 : INFO : EventManager : Event: ======'rhythm_lane_pressed'====== Args={'lane': 'left'}
2026-04-16 13:48:53,991 : INFO : EventManager : Event: ======'machine_var_audits_switches_s_flipper_left'====== Args={'value': 119, 'prev_value': 118, 'change': 1}
2026-04-16 13:48:54,049 : INFO : EventManager : Event: ======'rhythm_note_spawned'====== Args={'note_id': 9, 'lane': 'left', 'travel_ms': 1600, 'hit_time_ms': 5700}
2026-04-16 13:48:54,121 : INFO : EventManager : Event: ======'player_rhythm_misses'====== Args={'value': 5, 'prev_value': 4, 'change': 1, 'player_num': 1}
2026-04-16 13:48:54,121 : INFO : EventManager : Event: ======'rhythm_note_missed'====== Args={'note_id': 4, 'lane': 'center', 'total_misses': 5}
2026-04-16 13:48:54,122 : INFO : EventManager : Event: ======'player_rhythm_misses'====== Args={'value': 6, 'prev_value': 5, 'change': 1, 'player_num': 1}
2026-04-16 13:48:54,122 : INFO : EventManager : Event: ======'rhythm_note_missed'====== Args={'note_id': 5, 'lane': 'right', 'total_misses': 6}
2026-04-16 13:48:54,141 : INFO : SwitchController : <<<<<<< 's_flipper_left' inactive >>>>>>>
2026-04-16 13:48:54,257 : INFO : SwitchController : <<<<<<< 's_action_button' active >>>>>>>
2026-04-16 13:48:54,258 : INFO : EventManager : Event: ======'rhythm_lane_pressed'====== Args={'lane': 'center'}
2026-04-16 13:48:54,258 : INFO : EventManager : Event: ======'machine_var_audits_switches_s_action_button'====== Args={'value': 53, 'prev_value': 52, 'change': 1}
2026-04-16 13:48:54,391 : INFO : SwitchController : <<<<<<< 's_action_button' inactive >>>>>>>
2026-04-16 13:48:54,450 : INFO : EventManager : Event: ======'rhythm_note_spawned'====== Args={'note_id': 10, 'lane': 'center', 'travel_ms': 1600, 'hit_time_ms': 6100}
2026-04-16 13:48:54,474 : INFO : SwitchController : <<<<<<< 's_flipper_right' active >>>>>>>
2026-04-16 13:48:54,474 : INFO : EventManager : Event: ======'rhythm_lane_pressed'====== Args={'lane': 'right'}
2026-04-16 13:48:54,474 : INFO : EventManager : Event: ======'machine_var_audits_switches_s_flipper_right'====== Args={'value': 109, 'prev_value': 108, 'change': 1}
2026-04-16 13:48:54,620 : INFO : EventManager : Event: ======'player_rhythm_misses'====== Args={'value': 7, 'prev_value': 6, 'change': 1, 'player_num': 1}
2026-04-16 13:48:54,621 : INFO : EventManager : Event: ======'rhythm_note_missed'====== Args={'note_id': 6, 'lane': 'left', 'total_misses': 7}
2026-04-16 13:48:54,624 : INFO : SwitchController : <<<<<<< 's_flipper_right' inactive >>>>>>>
2026-04-16 13:48:54,691 : INFO : SwitchController : <<<<<<< 's_flipper_left' active >>>>>>>
2026-04-16 13:48:54,691 : INFO : EventManager : Event: ======'rhythm_lane_pressed'====== Args={'lane': 'left'}
2026-04-16 13:48:54,691 : INFO : EventManager : Event: ======'machine_var_audits_switches_s_flipper_left'====== Args={'value': 120, 'prev_value': 119, 'change': 1}
2026-04-16 13:48:54,841 : INFO : SwitchController : <<<<<<< 's_flipper_left' inactive >>>>>>>
2026-04-16 13:48:54,850 : INFO : EventManager : Event: ======'rhythm_note_spawned'====== Args={'note_id': 11, 'lane': 'right', 'travel_ms': 1600, 'hit_time_ms': 6500}
2026-04-16 13:48:54,891 : INFO : SwitchController : <<<<<<< 's_action_button' active >>>>>>>
2026-04-16 13:48:54,891 : INFO : EventManager : Event: ======'rhythm_lane_pressed'====== Args={'lane': 'center'}
2026-04-16 13:48:54,891 : INFO : EventManager : Event: ======'player_rhythm_combo'====== Args={'value': 1, 'prev_value': 0, 'change': 1, 'player_num': 1}
2026-04-16 13:48:54,892 : INFO : EventManager : Event: ======'player_rhythm_best_combo'====== Args={'value': 1, 'prev_value': 0, 'change': 1, 'player_num': 1}
2026-04-16 13:48:54,892 : INFO : EventManager : Event: ======'player_rhythm_hits'====== Args={'value': 1, 'prev_value': 0, 'change': 1, 'player_num': 1}
2026-04-16 13:48:54,892 : INFO : EventManager : Event: ======'player_rhythm_mode_score'====== Args={'value': 20000, 'prev_value': 0, 'change': 20000, 'player_num': 1}
2026-04-16 13:48:54,892 : INFO : EventManager : Event: ======'player_score'====== Args={'value': 20000, 'prev_value': 0, 'change': 20000, 'player_num': 1}
2026-04-16 13:48:54,892 : INFO : EventManager : Event: ======'rhythm_note_hit'====== Args={'note_id': 7, 'lane': 'center', 'judgment': 'perfect', 'combo': 1, 'multiplier': 1, 'award': 20000, 'delta_ms': 45, 'total_score': 20000}
2026-04-16 13:48:54,892 : INFO : EventManager : Event: ======'machine_var_audits_switches_s_action_button'====== Args={'value': 54, 'prev_value': 53, 'change': 1}
2026-04-16 13:48:55,074 : INFO : SwitchController : <<<<<<< 's_action_button' inactive >>>>>>>
2026-04-16 13:48:55,091 : INFO : SwitchController : <<<<<<< 's_flipper_right' active >>>>>>>
2026-04-16 13:48:55,091 : INFO : EventManager : Event: ======'rhythm_lane_pressed'====== Args={'lane': 'right'}
2026-04-16 13:48:55,091 : INFO : EventManager : Event: ======'player_rhythm_combo'====== Args={'value': 2, 'prev_value': 1, 'change': 1, 'player_num': 1}
2026-04-16 13:48:55,091 : INFO : EventManager : Event: ======'player_rhythm_best_combo'====== Args={'value': 2, 'prev_value': 1, 'change': 1, 'player_num': 1}
2026-04-16 13:48:55,091 : INFO : EventManager : Event: ======'player_rhythm_hits'====== Args={'value': 2, 'prev_value': 1, 'change': 1, 'player_num': 1}
2026-04-16 13:48:55,092 : INFO : EventManager : Event: ======'player_rhythm_mode_score'====== Args={'value': 30000, 'prev_value': 20000, 'change': 10000, 'player_num': 1}
2026-04-16 13:48:55,092 : INFO : EventManager : Event: ======'player_score'====== Args={'value': 30000, 'prev_value': 20000, 'change': 10000, 'player_num': 1}
2026-04-16 13:48:55,092 : INFO : EventManager : Event: ======'rhythm_note_hit'====== Args={'note_id': 8, 'lane': 'right', 'judgment': 'good', 'combo': 2, 'multiplier': 1, 'award': 10000, 'delta_ms': 156, 'total_score': 30000}
2026-04-16 13:48:55,092 : INFO : EventManager : Event: ======'machine_var_audits_switches_s_flipper_right'====== Args={'value': 110, 'prev_value': 109, 'change': 1}
2026-04-16 13:48:55,241 : INFO : SwitchController : <<<<<<< 's_flipper_right' inactive >>>>>>>
2026-04-16 13:48:55,250 : INFO : EventManager : Event: ======'rhythm_note_spawned'====== Args={'note_id': 12, 'lane': 'center', 'travel_ms': 1600, 'hit_time_ms': 6900}
2026-04-16 13:48:55,650 : INFO : EventManager : Event: ======'rhythm_note_spawned'====== Args={'note_id': 13, 'lane': 'right', 'travel_ms': 1600, 'hit_time_ms': 7300}
2026-04-16 13:48:55,820 : INFO : EventManager : Event: ======'player_rhythm_combo'====== Args={'value': 0, 'prev_value': 2, 'change': -2, 'player_num': 1}
2026-04-16 13:48:55,820 : INFO : EventManager : Event: ======'player_rhythm_misses'====== Args={'value': 8, 'prev_value': 7, 'change': 1, 'player_num': 1}
2026-04-16 13:48:55,821 : INFO : EventManager : Event: ======'rhythm_note_missed'====== Args={'note_id': 9, 'lane': 'left', 'total_misses': 8}
2026-04-16 13:48:56,050 : INFO : EventManager : Event: ======'rhythm_note_spawned'====== Args={'note_id': 14, 'lane': 'left', 'travel_ms': 1600, 'hit_time_ms': 7700}
2026-04-16 13:48:56,050 : INFO : EventManager : Event: ======'rhythm_note_spawned'====== Args={'note_id': 15, 'lane': 'center', 'travel_ms': 1600, 'hit_time_ms': 7700}
2026-04-16 13:48:56,221 : INFO : EventManager : Event: ======'player_rhythm_misses'====== Args={'value': 9, 'prev_value': 8, 'change': 1, 'player_num': 1}
2026-04-16 13:48:56,221 : INFO : EventManager : Event: ======'rhythm_note_missed'====== Args={'note_id': 10, 'lane': 'center', 'total_misses': 9}
2026-04-16 13:48:56,620 : INFO : EventManager : Event: ======'player_rhythm_misses'====== Args={'value': 10, 'prev_value': 9, 'change': 1, 'player_num': 1}
2026-04-16 13:48:56,620 : INFO : EventManager : Event: ======'rhythm_note_missed'====== Args={'note_id': 11, 'lane': 'right', 'total_misses': 10}
2026-04-16 13:48:56,650 : INFO : EventManager : Event: ======'rhythm_note_spawned'====== Args={'note_id': 16, 'lane': 'left', 'travel_ms': 1600, 'hit_time_ms': 8300}
2026-04-16 13:48:57,021 : INFO : EventManager : Event: ======'player_rhythm_misses'====== Args={'value': 11, 'prev_value': 10, 'change': 1, 'player_num': 1}
2026-04-16 13:48:57,021 : INFO : EventManager : Event: ======'rhythm_note_missed'====== Args={'note_id': 12, 'lane': 'center', 'total_misses': 11}
2026-04-16 13:48:57,050 : INFO : EventManager : Event: ======'rhythm_note_spawned'====== Args={'note_id': 17, 'lane': 'center', 'travel_ms': 1600, 'hit_time_ms': 8700}
2026-04-16 13:48:57,292 : INFO : Machine : Shutting down...
2026-04-16 13:48:57,292 : INFO : EventManager : Event: ======'shutdown'====== Args={}
2026-04-16 13:48:57,292 : INFO : EventManager : Event: ======'mode_game_will_stop'====== Args={}
2026-04-16 13:48:57,292 : INFO : EventManager : Event: ======'mode_game_stopping'====== Args={}
2026-04-16 13:48:57,293 : INFO : EventManager : Event: ======'mode_bumpers_will_stop'====== Args={}
2026-04-16 13:48:57,293 : INFO : EventManager : Event: ======'mode_bumpers_stopping'====== Args={}
2026-04-16 13:48:57,293 : INFO : EventManager : Event: ======'mode_base_will_stop'====== Args={}
2026-04-16 13:48:57,293 : INFO : EventManager : Event: ======'mode_base_stopping'====== Args={}
2026-04-16 13:48:57,293 : INFO : EventManager : Event: ======'mode_rhythm_will_stop'====== Args={}
2026-04-16 13:48:57,293 : INFO : EventManager : Event: ======'mode_rhythm_stopping'====== Args={}
2026-04-16 13:48:57,294 : INFO : EventManager : Event: ======'stop_mode_bumpers'====== Args={'priority': 0}
2026-04-16 13:48:57,294 : INFO : Mode.base : Stopped.
2026-04-16 13:48:57,294 : INFO : EventManager : Event: ======'modes_active_modes_changed'====== Args={}
2026-04-16 13:48:57,294 : INFO : EventManager : Event: ======'mode_base_stopped'====== Args={}
2026-04-16 13:48:57,294 : INFO : EventManager : Event: ======'clear'====== Args={'key': 'base'}
2026-04-16 13:48:57,294 : INFO : Mode.bumpers : Stopped.
2026-04-16 13:48:57,295 : INFO : EventManager : Event: ======'modes_active_modes_changed'====== Args={}
2026-04-16 13:48:57,295 : INFO : EventManager : Event: ======'mode_bumpers_stopped'====== Args={}
2026-04-16 13:48:57,295 : INFO : EventManager : Event: ======'clear'====== Args={'key': 'bumpers'}
2026-04-16 13:48:57,295 : INFO : Mode.rhythm : Stopped.
2026-04-16 13:48:57,295 : INFO : EventManager : Event: ======'modes_active_modes_changed'====== Args={}
2026-04-16 13:48:57,295 : INFO : EventManager : Event: ======'mode_rhythm_stopped'====== Args={}
2026-04-16 13:48:57,295 : INFO : EventManager : Event: ======'clear'====== Args={'key': 'rhythm'}
2026-04-16 13:48:57,296 : INFO : Mode.game : Stopped.
2026-04-16 13:48:57,296 : INFO : EventManager : Event: ======'modes_active_modes_changed'====== Args={}
2026-04-16 13:48:57,296 : INFO : EventManager : Event: ======'mode_game_stopped'====== Args={}
2026-04-16 13:48:57,296 : INFO : EventManager : Event: ======'clear'====== Args={'key': 'game'}
2026-04-16 13:48:57,298 : INFO : root : MPF run loop ended.
