2026-04-20 16:04:24,094 : INFO : root : Loading config.
2026-04-20 16:04:24,142 : INFO : ConfigProcessor : Config spec file cache created: /var/folders/nw/6blj94p12ldcym3fj104vzlm0000gn/T/config_spec.mpf_cache
2026-04-20 16:04:24,142 : INFO : YamlMultifileConfigLoader : Machine config file #1: config.yaml
2026-04-20 16:04:24,142 : INFO : ConfigProcessor : Loading config from cache: /var/folders/nw/6blj94p12ldcym3fj104vzlm0000gn/T/b334f8a4e2121184f8a617378a4d1625.mpf_cache
2026-04-20 16:04:24,166 : INFO : ConfigProcessor : Loading config from cache: /var/folders/nw/6blj94p12ldcym3fj104vzlm0000gn/T/63da12c4cec82227b4c3859bbf3c7cd4.mpf_cache
2026-04-20 16:04:24,166 : INFO : ConfigProcessor : Loading config from cache: /var/folders/nw/6blj94p12ldcym3fj104vzlm0000gn/T/b8625db2ee8ad38c42d4f1c72235edc8.mpf_cache
2026-04-20 16:04:24,166 : INFO : ConfigProcessor : Loading config from cache: /var/folders/nw/6blj94p12ldcym3fj104vzlm0000gn/T/63da12c4cec82227b4c3859bbf3c7cd4.mpf_cache
2026-04-20 16:04:24,166 : INFO : ConfigProcessor : Loading config from cache: /var/folders/nw/6blj94p12ldcym3fj104vzlm0000gn/T/cfdfcb64dba57a34ef9374db95e57645.mpf_cache
2026-04-20 16:04:24,167 : INFO : ConfigProcessor : Loading config from cache: /var/folders/nw/6blj94p12ldcym3fj104vzlm0000gn/T/104947b35f87d581877cdaf02599b463.mpf_cache
2026-04-20 16:04:24,167 : INFO : ConfigProcessor : Loading config from cache: /var/folders/nw/6blj94p12ldcym3fj104vzlm0000gn/T/bc830d47d6fbb336561cc63e74edf2c9.mpf_cache
2026-04-20 16:04:24,167 : INFO : ConfigProcessor : Loading config from cache: /var/folders/nw/6blj94p12ldcym3fj104vzlm0000gn/T/4273c698423283a7843ff5c77ef69dc9.mpf_cache
2026-04-20 16:04:24,167 : INFO : ConfigProcessor : Loading config from cache: /var/folders/nw/6blj94p12ldcym3fj104vzlm0000gn/T/7424f2cce7b15e0b37e570d3514590c8.mpf_cache
2026-04-20 16:04:24,167 : INFO : Machine : Mission Pinball Framework Core Engine v0.80.0.dev13
2026-04-20 16:04:24,167 : INFO : Machine : Command line arguments: {'no_load_cache': False, 'create_config_cache': True, 'bcp': True, 'configfile': ['config.yaml'], 'force_assets_load': False, 'platform_integration_test': False, 'jsonlogging': False, 'logfile': 'logs/2026-04-20-16-04-24-mpf-Wills-MacBook-Pro-M5.local.log', 'pause': False, 'production': False, 'text_ui': False, 'loglevel': 15, 'consoleloglevel': 20, 'force_platform': 'virtual', 'syslog_address': None, 'full_logfile_path': '/Users/willrante/Documents/GitHub/pinball/logs/2026-04-20-16-04-24-mpf-Wills-MacBook-Pro-M5.local.log'}
2026-04-20 16:04:24,167 : INFO : Machine : MPF path: /Users/willrante/mpf-env/lib/python3.14/site-packages/mpf
2026-04-20 16:04:24,167 : INFO : Machine : Machine path: /Users/willrante/Documents/GitHub/pinball
2026-04-20 16:04:24,167 : INFO : Machine : Platform: darwin
2026-04-20 16:04:24,167 : INFO : Machine : Python executable location: /Users/willrante/mpf-env/bin/python3.14
2026-04-20 16:04:24,167 : INFO : Machine : Python version: 3.14.3 (64-bit)
2026-04-20 16:04:24,168 : INFO : Machine : Initializing MPF...
2026-04-20 16:04:24,190 : INFO : EventManager : Event: ======'machine_var_credits_string'====== Args={'value': 'FREE PLAY', 'prev_value': None, 'change': True}
2026-04-20 16:04:24,195 : INFO : EventManager : Event: ======'machine_var_master_volume'====== Args={'value': 0.5, 'prev_value': None, 'change': True}
2026-04-20 16:04:24,195 : INFO : EventManager : Event: ======'machine_var_mpf_version'====== Args={'value': 'Mission Pinball Framework v0.80.0.dev13', 'prev_value': None, 'change': True}
2026-04-20 16:04:24,195 : INFO : EventManager : Event: ======'machine_var_mpf_extended_version'====== Args={'value': 'Mission Pinball Framework v0.80.0.dev13, Config version:6, Show version: 6, BCP version:1.1', 'prev_value': None, 'change': True}
2026-04-20 16:04:24,196 : INFO : EventManager : Event: ======'machine_var_python_version'====== Args={'value': '3.14.3', 'prev_value': None, 'change': True}
2026-04-20 16:04:24,202 : INFO : EventManager : Event: ======'machine_var_platform'====== Args={'value': 'macOS-26.4.1-arm64-arm-64bit-Mach-O', 'prev_value': None, 'change': True}
2026-04-20 16:04:24,203 : INFO : EventManager : Event: ======'machine_var_platform_system'====== Args={'value': 'Darwin', 'prev_value': None, 'change': True}
2026-04-20 16:04:24,203 : INFO : EventManager : Event: ======'machine_var_platform_release'====== Args={'value': '25.4.0', 'prev_value': None, 'change': True}
2026-04-20 16:04:24,203 : INFO : EventManager : Event: ======'machine_var_platform_version'====== Args={'value': 'Darwin Kernel Version 25.4.0: Thu Mar 19 19:33:50 PDT 2026; root:xnu-12377.101.15~1/RELEASE_ARM64_T6050', 'prev_value': None, 'change': True}
2026-04-20 16:04:24,203 : INFO : EventManager : Event: ======'machine_var_platform_machine'====== Args={'value': 'arm64', 'prev_value': None, 'change': True}
2026-04-20 16:04:24,203 : INFO : EventManager : Event: ======'machine_var_log_file_path'====== Args={'value': '/Users/willrante/Documents/GitHub/pinball/logs/2026-04-20-16-04-24-mpf-Wills-MacBook-Pro-M5.local.log', 'prev_value': None, 'change': True}
2026-04-20 16:04:24,203 : INFO : EventManager : Event: ======'init_phase_1'====== Args={}
2026-04-20 16:04:24,209 : INFO : EventManager : Event: ======'init_phase_2'====== Args={}
2026-04-20 16:04:24,209 : INFO : SwitchController : Found active switch: (1007, <Platform.Virtual>) <switch.s_trough_1>
2026-04-20 16:04:24,209 : INFO : SwitchController : Found active switch: (1008, <Platform.Virtual>) <switch.s_trough_2>
2026-04-20 16:04:24,209 : INFO : SwitchController : Found active switch: (1009, <Platform.Virtual>) <switch.s_trough_3>
2026-04-20 16:04:24,210 : INFO : EventManager : Event: ======'bcp_connection_attempt'====== Args={'name': 'local_display', 'host': 'localhost', 'port': 5050}
2026-04-20 16:04:24,210 : INFO : BCPClientSocket : Connecting BCP to 'local_display' at localhost:5050...
2026-04-20 16:04:24,213 : INFO : BCPClientSocket : Connected BCP to 'local_display' localhost:5050
2026-04-20 16:04:24,213 : INFO : EventManager : Event: ======'bcp_clients_connected'====== Args={}
2026-04-20 16:04:24,214 : INFO : ball_device.bd_plunger : BCH: Initial count: 0
2026-04-20 16:04:24,214 : INFO : ball_device.bd_plunger : State: idle
2026-04-20 16:04:24,214 : INFO : ball_device.bd_trough : BCH: Initial count: 3
2026-04-20 16:04:24,214 : INFO : ball_device.bd_trough : State: idle
2026-04-20 16:04:24,218 : INFO : EventManager : Event: ======'init_phase_3'====== Args={}
2026-04-20 16:04:24,218 : INFO : EventManager : Event: ======'init_phase_4'====== Args={}
2026-04-20 16:04:24,218 : INFO : BallController : Initial balls found: 3
2026-04-20 16:04:24,218 : INFO : EventManager : Event: ======'machine_var_audits_events_game_ended'====== Args={'value': 0, 'prev_value': None, 'change': True}
2026-04-20 16:04:24,218 : INFO : EventManager : Event: ======'machine_var_audits_events_game_started'====== Args={'value': 42, 'prev_value': None, 'change': True}
2026-04-20 16:04:24,218 : INFO : EventManager : Event: ======'machine_var_audits_missing_switches_s_action_button'====== Args={'value': 3, 'prev_value': None, 'change': True}
2026-04-20 16:04:24,218 : INFO : EventManager : Event: ======'machine_var_audits_missing_switches_s_bumper_left'====== Args={'value': 8, 'prev_value': None, 'change': True}
2026-04-20 16:04:24,218 : INFO : EventManager : Event: ======'machine_var_audits_missing_switches_s_bumper_right'====== Args={'value': 8, 'prev_value': None, 'change': True}
2026-04-20 16:04:24,218 : INFO : EventManager : Event: ======'machine_var_audits_missing_switches_s_flipper_left'====== Args={'value': 3, 'prev_value': None, 'change': True}
2026-04-20 16:04:24,218 : INFO : EventManager : Event: ======'machine_var_audits_missing_switches_s_left_lane'====== Args={'value': 4, 'prev_value': None, 'change': True}
2026-04-20 16:04:24,218 : INFO : EventManager : Event: ======'machine_var_audits_missing_switches_s_plunger_lane'====== Args={'value': 42, 'prev_value': None, 'change': True}
2026-04-20 16:04:24,218 : INFO : EventManager : Event: ======'machine_var_audits_missing_switches_s_start'====== Args={'value': 7, 'prev_value': None, 'change': True}
2026-04-20 16:04:24,218 : INFO : EventManager : Event: ======'machine_var_audits_missing_switches_s_trough_1'====== Args={'value': 42, 'prev_value': None, 'change': True}
2026-04-20 16:04:24,218 : INFO : EventManager : Event: ======'machine_var_audits_missing_switches_s_trough_2'====== Args={'value': 42, 'prev_value': None, 'change': True}
2026-04-20 16:04:24,218 : INFO : EventManager : Event: ======'machine_var_audits_missing_switches_s_trough_3'====== Args={'value': 42, 'prev_value': None, 'change': True}
2026-04-20 16:04:24,218 : INFO : EventManager : Event: ======'machine_var_audits_player_score'====== Args={'value': {'average': 0, 'top': [], 'total': 0}, 'prev_value': None, 'change': True}
2026-04-20 16:04:24,218 : INFO : EventManager : Event: ======'machine_var_audits_shots_bumper_left'====== Args={'value': 182, 'prev_value': None, 'change': True}
2026-04-20 16:04:24,218 : INFO : EventManager : Event: ======'machine_var_audits_shots_bumper_right'====== Args={'value': 184, 'prev_value': None, 'change': True}
2026-04-20 16:04:24,218 : INFO : EventManager : Event: ======'machine_var_audits_shots_hurryup'====== Args={'value': 3, 'prev_value': None, 'change': True}
2026-04-20 16:04:24,218 : INFO : EventManager : Event: ======'machine_var_audits_shots_left_lane'====== Args={'value': 49, 'prev_value': None, 'change': True}
2026-04-20 16:04:24,218 : INFO : EventManager : Event: ======'machine_var_audits_switches_s_action_button'====== Args={'value': 455, 'prev_value': None, 'change': True}
2026-04-20 16:04:24,219 : INFO : EventManager : Event: ======'machine_var_audits_switches_s_bumper_left'====== Args={'value': 182, 'prev_value': None, 'change': True}
2026-04-20 16:04:24,219 : INFO : EventManager : Event: ======'machine_var_audits_switches_s_bumper_right'====== Args={'value': 184, 'prev_value': None, 'change': True}
2026-04-20 16:04:24,219 : INFO : EventManager : Event: ======'machine_var_audits_switches_s_flipper_left'====== Args={'value': 510, 'prev_value': None, 'change': True}
2026-04-20 16:04:24,219 : INFO : EventManager : Event: ======'machine_var_audits_switches_s_flipper_right'====== Args={'value': 578, 'prev_value': None, 'change': True}
2026-04-20 16:04:24,219 : INFO : EventManager : Event: ======'machine_var_audits_switches_s_left_lane'====== Args={'value': 49, 'prev_value': None, 'change': True}
2026-04-20 16:04:24,219 : INFO : EventManager : Event: ======'machine_var_audits_switches_s_plunger_lane'====== Args={'value': 0, 'prev_value': None, 'change': True}
2026-04-20 16:04:24,219 : INFO : EventManager : Event: ======'machine_var_audits_switches_s_start'====== Args={'value': 8, 'prev_value': None, 'change': True}
2026-04-20 16:04:24,219 : INFO : EventManager : Event: ======'machine_var_audits_switches_s_trough_1'====== Args={'value': 0, 'prev_value': None, 'change': True}
2026-04-20 16:04:24,219 : INFO : EventManager : Event: ======'machine_var_audits_switches_s_trough_2'====== Args={'value': 0, 'prev_value': None, 'change': True}
2026-04-20 16:04:24,219 : INFO : EventManager : Event: ======'machine_var_audits_switches_s_trough_3'====== Args={'value': 0, 'prev_value': None, 'change': True}
2026-04-20 16:04:24,219 : INFO : EventManager : Event: ======'init_phase_5'====== Args={}
2026-04-20 16:04:24,219 : INFO : EventManager : Event: ======'init_done'====== Args={}
2026-04-20 16:04:24,219 : INFO : EventManager : Event: ======'machine_reset_phase_1'====== Args={}
2026-04-20 16:04:24,227 : INFO : EventManager : Event: ======'machine_reset_phase_2'====== Args={}
2026-04-20 16:04:24,227 : INFO : EventManager : Event: ======'machine_reset_phase_3'====== Args={}
2026-04-20 16:04:24,227 : INFO : EventManager : Event: ======'reset_complete'====== Args={}
2026-04-20 16:04:24,227 : INFO : EventManager : Event: ======'mode_attract_will_start'====== Args={}
2026-04-20 16:04:24,228 : INFO : Timer.attract_carousel_timer : Starting Timer.
2026-04-20 16:04:24,228 : INFO : EventManager : Event: ======'timer_attract_carousel_timer_started'====== Args={'ticks': 0, 'ticks_remaining': 1}
2026-04-20 16:04:24,228 : INFO : EventManager : Event: ======'timer_attract_carousel_timer_tick'====== Args={'ticks': 0, 'ticks_remaining': 1}
2026-04-20 16:04:24,228 : INFO : EventManager : Event: ======'mode_attract_starting'====== Args={}
2026-04-20 16:04:24,228 : INFO : Mode.attract : Started. Priority: 10
2026-04-20 16:04:24,228 : INFO : EventManager : Event: ======'modes_active_modes_changed'====== Args={}
2026-04-20 16:04:24,228 : INFO : EventManager : Event: ======'mode_attract_started'====== Args={}
2026-04-20 16:04:24,228 : INFO : EventManager : Event: ======'collecting_balls_complete'====== Args={}
2026-04-20 16:04:24,228 : INFO : EventManager : Event: ======'carousel_item_highlighted'====== Args={'carousel': 'attract', 'direction': None, 'item': 'title'}
2026-04-20 16:04:24,228 : INFO : EventManager : Event: ======'timer_attract_carousel_timer_tick'====== Args={'ticks': 0, 'ticks_remaining': 1}
2026-04-20 16:04:24,229 : INFO : Machine : Starting the main run loop with active modes: [<Mode.attract>]
2026-04-20 16:04:24,271 : INFO : EventManager : Event: ======'slide_attract_created'====== Args={'_from_bcp': True}
2026-04-20 16:04:24,271 : INFO : EventManager : Event: ======'slide__removed'====== Args={'_from_bcp': True}
2026-04-20 16:04:24,271 : INFO : EventManager : Event: ======'slide_attract_active'====== Args={'original_context': 'attract', 'original_calling_context': 'mode_attract_started', 'priority': 10.0, 'cmd': 'slides_play', '_from_bcp': True}
2026-04-20 16:04:26,361 : INFO : SwitchController : <<<<<<< 's_start' active >>>>>>>
2026-04-20 16:04:26,477 : INFO : SwitchController : <<<<<<< 's_start' inactive >>>>>>>
2026-04-20 16:04:26,477 : INFO : EventManager : Event: ======'request_to_start_game'====== Args={}
2026-04-20 16:04:26,478 : INFO : EventManager : Event: ======'game_start'====== Args={'buttons': [], 'hold_time': 0.11592824998660944}
2026-04-20 16:04:26,478 : INFO : EventManager : Event: ======'mode_game_will_start'====== Args={'buttons': [], 'hold_time': 0.11592824998660944}
2026-04-20 16:04:26,478 : INFO : EventManager : Event: ======'mode_game_starting'====== Args={'buttons': [], 'hold_time': 0.11592824998660944}
2026-04-20 16:04:26,479 : INFO : EventManager : Event: ======'mode_attract_will_stop'====== Args={}
2026-04-20 16:04:26,479 : INFO : EventManager : Event: ======'mode_attract_stopping'====== Args={}
2026-04-20 16:04:26,479 : INFO : Mode.attract : Stopped.
2026-04-20 16:04:26,479 : INFO : EventManager : Event: ======'modes_active_modes_changed'====== Args={}
2026-04-20 16:04:26,479 : INFO : EventManager : Event: ======'mode_attract_stopped'====== Args={}
2026-04-20 16:04:26,479 : INFO : EventManager : Event: ======'clear'====== Args={'key': 'attract'}
2026-04-20 16:04:26,480 : INFO : Timer.attract_carousel_timer : Stopping Timer
2026-04-20 16:04:26,480 : INFO : EventManager : Event: ======'timer_attract_carousel_timer_stopped'====== Args={'ticks': 0, 'ticks_remaining': 1}
2026-04-20 16:04:26,480 : INFO : Mode.game : Started. Priority: 20
2026-04-20 16:04:26,480 : INFO : EventManager : Event: ======'modes_active_modes_changed'====== Args={}
2026-04-20 16:04:26,480 : INFO : EventManager : Event: ======'mode_game_started'====== Args={'buttons': [], 'hold_time': 0.11592824998660944}
2026-04-20 16:04:26,481 : INFO : EventManager : Event: ======'game_will_start'====== Args={}
2026-04-20 16:04:26,481 : INFO : EventManager : Event: ======'game_starting'====== Args={'game': <Mode.game>}
2026-04-20 16:04:26,482 : INFO : EventManager : Unordered handler for class <Auditor> on event game_ended with priority 1. Handlers: [RegisteredHandler(callback=<bound method Auditor.disable of <Auditor>>, priority=1, kwargs={}, key=UUID('90f478eb-8229-4a55-8359-9e569b251011'), condition=None, blocking_facility=None), RegisteredHandler(callback=<bound method Auditor._save_audits of <Auditor>>, priority=1, kwargs={}, key=UUID('81e3082e-b037-4eb9-8f0d-c28d95d683af'), condition=None, blocking_facility=None)]. The order of those handlers is not defined and they will be executed in random order. This might lead to race conditions and potential bugs.
2026-04-20 16:04:26,482 : INFO : EventManager : Event: ======'player_add_request'====== Args={}
2026-04-20 16:04:26,482 : INFO : EventManager : Event: ======'player_will_add'====== Args={'number': 1}
2026-04-20 16:04:26,482 : INFO : EventManager : Event: ======'player_adding'====== Args={'player': <Player 1>, 'number': 1}
2026-04-20 16:04:26,483 : INFO : EventManager : Event: ======'player_added'====== Args={'player': <Player 1>, 'num': 1}
2026-04-20 16:04:26,483 : INFO : Mode.game : Player added successfully. Total players: 1
2026-04-20 16:04:26,483 : INFO : EventManager : Event: ======'player_index'====== Args={'value': 0, 'prev_value': 0, 'change': 0, 'player_num': 1}
2026-04-20 16:04:26,483 : INFO : EventManager : Event: ======'player_number'====== Args={'value': 1, 'prev_value': 1, 'change': 0, 'player_num': 1}
2026-04-20 16:04:26,483 : INFO : EventManager : Event: ======'player_score'====== Args={'value': 0, 'prev_value': 0, 'change': 0, 'player_num': 1}
2026-04-20 16:04:26,483 : INFO : EventManager : Event: ======'game_started'====== Args={}
2026-04-20 16:04:26,484 : INFO : EventManager : Event: ======'player_turn_will_start'====== Args={'player': <Player 1>, 'number': 1}
2026-04-20 16:04:26,484 : INFO : EventManager : Event: ======'player_turn_starting'====== Args={'player': <Player 1>, 'number': 1}
2026-04-20 16:04:26,484 : INFO : EventManager : Event: ======'player_ball'====== Args={'value': 1, 'prev_value': 0, 'change': 1, 'player_num': 1}
2026-04-20 16:04:26,484 : INFO : EventManager : Event: ======'player_turn_started'====== Args={'player': <Player 1>, 'number': 1}
2026-04-20 16:04:26,487 : INFO : EventManager : Event: ======'ball_will_start'====== Args={'player': 1, 'ball': 1, 'balls_remaining': 2, 'is_extra_ball': False}
2026-04-20 16:04:26,487 : INFO : EventManager : Event: ======'ball_starting'====== Args={'player': 1, 'ball': 1, 'balls_remaining': 2, 'is_extra_ball': False}
2026-04-20 16:04:26,488 : INFO : EventManager : Event: ======'mode_song_select_will_start'====== Args={'queue': <QueuedEvent>, 'player': 1, 'ball': 1, 'balls_remaining': 2, 'is_extra_ball': False}
2026-04-20 16:04:26,488 : INFO : EventManager : Event: ======'mode_song_select_starting'====== Args={'queue': <QueuedEvent>, 'player': 1, 'ball': 1, 'balls_remaining': 2, 'is_extra_ball': False}
2026-04-20 16:04:26,488 : INFO : EventManager : Event: ======'mode_base_will_start'====== Args={'queue': <QueuedEvent>, 'player': 1, 'ball': 1, 'balls_remaining': 2, 'is_extra_ball': False}
2026-04-20 16:04:26,488 : INFO : EventManager : Event: ======'player_shot_left_lane_enabled'====== Args={'value': True, 'prev_value': 0, 'change': 1, 'player_num': 1}
2026-04-20 16:04:26,489 : INFO : EventManager : Event: ======'mode_base_starting'====== Args={'queue': <QueuedEvent>, 'player': 1, 'ball': 1, 'balls_remaining': 2, 'is_extra_ball': False}
2026-04-20 16:04:26,489 : INFO : Mode.base : Started. Priority: 100
2026-04-20 16:04:26,489 : INFO : EventManager : Event: ======'modes_active_modes_changed'====== Args={}
2026-04-20 16:04:26,490 : INFO : EventManager : Event: ======'mode_base_started'====== Args={'queue': <QueuedEvent>, 'player': 1, 'ball': 1, 'balls_remaining': 2, 'is_extra_ball': False}
2026-04-20 16:04:26,490 : INFO : EventManager : Event: ======'start_mode_bumpers'====== Args={'priority': 0}
2026-04-20 16:04:26,490 : INFO : EventManager : Event: ======'mode_bumpers_will_start'====== Args={'priority': 0}
2026-04-20 16:04:26,490 : INFO : EventManager : Event: ======'player_shot_bumper_left_enabled'====== Args={'value': True, 'prev_value': 0, 'change': 1, 'player_num': 1}
2026-04-20 16:04:26,490 : INFO : EventManager : Event: ======'player_shot_bumper_right_enabled'====== Args={'value': True, 'prev_value': 0, 'change': 1, 'player_num': 1}
2026-04-20 16:04:26,491 : INFO : EventManager : Event: ======'bumpers_complete'====== Args={'state': 'unlit'}
2026-04-20 16:04:26,491 : INFO : EventManager : Event: ======'bumpers_unlit_complete'====== Args={}
2026-04-20 16:04:26,491 : INFO : EventManager : Event: ======'mode_bumpers_starting'====== Args={'priority': 0}
2026-04-20 16:04:26,491 : INFO : Mode.bumpers : Started. Priority: 200
2026-04-20 16:04:26,491 : INFO : EventManager : Event: ======'modes_active_modes_changed'====== Args={}
2026-04-20 16:04:26,491 : INFO : EventManager : Event: ======'mode_bumpers_started'====== Args={'priority': 0}
2026-04-20 16:04:26,491 : INFO : Mode.song_select : Started. Priority: 1500
2026-04-20 16:04:26,491 : INFO : EventManager : Event: ======'modes_active_modes_changed'====== Args={}
2026-04-20 16:04:26,491 : INFO : EventManager : Event: ======'mode_song_select_started'====== Args={'queue': <QueuedEvent>, 'player': 1, 'ball': 1, 'balls_remaining': 2, 'is_extra_ball': False}
2026-04-20 16:04:26,513 : INFO : EventManager : Event: ======'song_select_updated'====== Args={'stage': 'genre', 'genres': ['?', 'Alternative', 'Brit Invasion', 'Disco', 'Doo Wop', 'Folk', 'Folk Rock', 'Funk', 'Glitter:Glam', 'Grunge', 'Hard Rock', 'Heavy Metal', 'Hip Hop', 'New Wave', 'Pop Rock', 'Prog Rock', 'Psychedelic', 'Punk (70s)', 'Punk (80s)', 'R+B', 'Rap', 'Rock-a-Billy', 'Soul', 'Southern Rock'], 'genre': 'Pick a song!', 'song_title': '', 'genre_index': 1, 'genre_count': 25, 'selected_genre_index': -1, 'song_index': 0, 'song_count': 0, 'songs_text': '', 'has_audio': True, 'random_selected': True}
2026-04-20 16:04:26,513 : INFO : EventManager : Event: ======'balls_in_play'====== Args={'balls': 1}
2026-04-20 16:04:26,513 : INFO : EventManager : Event: ======'ball_started'====== Args={'player': 1, 'ball': 1, 'balls_remaining': 2, 'is_extra_ball': False}
2026-04-20 16:04:26,514 : INFO : EventManager : Event: ======'single_player_ball_started'====== Args={}
2026-04-20 16:04:26,514 : INFO : EventManager : Event: ======'ball_start_target'====== Args={'target': 'playfield'}
2026-04-20 16:04:26,514 : INFO : ball_device.bd_trough : Setting up player-controlled eject. Balls: 1, Target: <playfield.playfield>, player_controlled_eject_event: None
2026-04-20 16:04:26,514 : INFO : ball_device.bd_trough : Adding 1 ball(s) to the eject_queue with target <playfield.playfield>.
2026-04-20 16:04:26,514 : INFO : EventManager : Event: ======'balldevice_balls_available'====== Args={}
2026-04-20 16:04:26,515 : INFO : ball_device.bd_trough : State: waiting_for_target_ready
2026-04-20 16:04:26,515 : INFO : EventManager : Event: ======'balldevice_bd_trough_ball_eject_attempt'====== Args={'balls': 1, 'target': <ball_device.bd_plunger>, 'source': <ball_device.bd_trough>, 'mechanical_eject': False, 'num_attempts': 0}
2026-04-20 16:04:26,515 : INFO : ball_device.bd_plunger : State: waiting_for_ball
2026-04-20 16:04:26,515 : INFO : ball_device.bd_trough : State: ejecting
2026-04-20 16:04:26,515 : INFO : ball_device.bd_trough : Ejecting ball to <ball_device.bd_plunger>
2026-04-20 16:04:26,515 : INFO : EventManager : Event: ======'balldevice_bd_trough_ejecting_ball'====== Args={'balls': 1, 'target': <ball_device.bd_plunger>, 'source': <ball_device.bd_trough>, 'mechanical_eject': False, 'num_attempts': 0}
2026-04-20 16:04:26,515 : INFO : ball_device.bd_trough : Wait for ball to leave device
2026-04-20 16:04:26,515 : INFO : coil.c_trough_eject : Pulsing Driver for 10ms (1.0 pulse_power)
2026-04-20 16:04:26,542 : INFO : EventManager : Event: ======'slide_base_slide_created'====== Args={'_from_bcp': True}
2026-04-20 16:04:26,543 : INFO : EventManager : Event: ======'slide_attract_inactive'====== Args={'is_removing': True, '_from_bcp': True}
2026-04-20 16:04:26,543 : INFO : EventManager : Event: ======'slide_base_slide_active'====== Args={'original_context': 'base', 'original_calling_context': 'mode_base_started', 'priority': 100.0, 'queue': '<QueuedEvent>', 'player': 1.0, 'ball': 1.0, 'balls_remaining': 2.0, 'is_extra_ball': False, 'cmd': 'slides_play', '_from_bcp': True}
2026-04-20 16:04:26,543 : INFO : EventManager : Event: ======'slide_attract_removed'====== Args={'_from_bcp': True}
2026-04-20 16:04:26,553 : INFO : EventManager : Event: ======'slide_song_select_created'====== Args={'_from_bcp': True}
2026-04-20 16:04:26,553 : INFO : EventManager : Event: ======'slide_base_slide_inactive'====== Args={'is_removing': False, '_from_bcp': True}
2026-04-20 16:04:26,553 : INFO : EventManager : Event: ======'slide_song_select_active'====== Args={'original_context': 'song_select', 'original_calling_context': 'mode_song_select_started', 'priority': 1500.0, 'queue': '<QueuedEvent>', 'player': 1.0, 'ball': 1.0, 'balls_remaining': 2.0, 'is_extra_ball': False, 'cmd': 'slides_play', '_from_bcp': True}
2026-04-20 16:04:27,697 : INFO : SwitchController : <<<<<<< 's_flipper_right' active >>>>>>>
2026-04-20 16:04:27,698 : INFO : EventManager : Event: ======'song_select_updated'====== Args={'stage': 'genre', 'genres': ['?', 'Alternative', 'Brit Invasion', 'Disco', 'Doo Wop', 'Folk', 'Folk Rock', 'Funk', 'Glitter:Glam', 'Grunge', 'Hard Rock', 'Heavy Metal', 'Hip Hop', 'New Wave', 'Pop Rock', 'Prog Rock', 'Psychedelic', 'Punk (70s)', 'Punk (80s)', 'R+B', 'Rap', 'Rock-a-Billy', 'Soul', 'Southern Rock'], 'genre': '?', 'song_title': 'CAN - Vitamin C', 'genre_index': 2, 'genre_count': 25, 'selected_genre_index': 0, 'song_index': 1, 'song_count': 5, 'songs_text': '> CAN - Vitamin C\n  Captain Beefheart - Muffin Man\n  Captain Beefheart - Too Much Time\n  Frank Zappa - Willie the Pimp\n  Frank Zappa, Captain Beefheart, the Mothers - Her Eyes Are A Blue Million Miles', 'has_audio': True, 'random_selected': False}
2026-04-20 16:04:27,698 : INFO : EventManager : Event: ======'machine_var_audits_switches_s_flipper_right'====== Args={'value': 579, 'prev_value': 578, 'change': 1}
2026-04-20 16:04:27,860 : INFO : SwitchController : <<<<<<< 's_flipper_right' inactive >>>>>>>
2026-04-20 16:04:28,699 : INFO : SwitchController : <<<<<<< 's_flipper_right' active >>>>>>>
2026-04-20 16:04:28,699 : INFO : EventManager : Event: ======'song_select_updated'====== Args={'stage': 'genre', 'genres': ['?', 'Alternative', 'Brit Invasion', 'Disco', 'Doo Wop', 'Folk', 'Folk Rock', 'Funk', 'Glitter:Glam', 'Grunge', 'Hard Rock', 'Heavy Metal', 'Hip Hop', 'New Wave', 'Pop Rock', 'Prog Rock', 'Psychedelic', 'Punk (70s)', 'Punk (80s)', 'R+B', 'Rap', 'Rock-a-Billy', 'Soul', 'Southern Rock'], 'genre': 'Alternative', 'song_title': 'Green Day - Basket Case', 'genre_index': 3, 'genre_count': 25, 'selected_genre_index': 1, 'song_index': 1, 'song_count': 7, 'songs_text': '> Green Day - Basket Case\n  Radiohead - Creep\n  Red Hot Chili Peppers - Give It Away\n  The Black Keys - Set You Free\n  The Strokes - Last Nite\n  The Walkmen - The Rat\n  The White Stripes - Fell In Love With a Girl', 'has_audio': True, 'random_selected': False}
2026-04-20 16:04:28,699 : INFO : EventManager : Event: ======'machine_var_audits_switches_s_flipper_right'====== Args={'value': 580, 'prev_value': 579, 'change': 1}
2026-04-20 16:04:28,810 : INFO : SwitchController : <<<<<<< 's_flipper_right' inactive >>>>>>>
2026-04-20 16:04:29,043 : INFO : SwitchController : <<<<<<< 's_flipper_right' active >>>>>>>
2026-04-20 16:04:29,043 : INFO : EventManager : Event: ======'song_select_updated'====== Args={'stage': 'genre', 'genres': ['?', 'Alternative', 'Brit Invasion', 'Disco', 'Doo Wop', 'Folk', 'Folk Rock', 'Funk', 'Glitter:Glam', 'Grunge', 'Hard Rock', 'Heavy Metal', 'Hip Hop', 'New Wave', 'Pop Rock', 'Prog Rock', 'Psychedelic', 'Punk (70s)', 'Punk (80s)', 'R+B', 'Rap', 'Rock-a-Billy', 'Soul', 'Southern Rock'], 'genre': 'Brit Invasion', 'song_title': 'Cream - Sunshine Of Your Love', 'genre_index': 4, 'genre_count': 25, 'selected_genre_index': 2, 'song_index': 1, 'song_count': 6, 'songs_text': "> Cream - Sunshine Of Your Love\n  The Animals Don't Let Me Be Misunderstood\n  The Beatles - I Want To Hold Your Hand\n  The Kinks- You Really Got Me\n  The Rolling Stones - Start Me Up\n  The Yardbirds - For Your Love", 'has_audio': True, 'random_selected': False}
2026-04-20 16:04:29,043 : INFO : EventManager : Event: ======'machine_var_audits_switches_s_flipper_right'====== Args={'value': 581, 'prev_value': 580, 'change': 1}
2026-04-20 16:04:29,181 : INFO : SwitchController : <<<<<<< 's_flipper_right' inactive >>>>>>>
2026-04-20 16:04:29,282 : INFO : SwitchController : <<<<<<< 's_flipper_right' active >>>>>>>
2026-04-20 16:04:29,282 : INFO : EventManager : Event: ======'song_select_updated'====== Args={'stage': 'genre', 'genres': ['?', 'Alternative', 'Brit Invasion', 'Disco', 'Doo Wop', 'Folk', 'Folk Rock', 'Funk', 'Glitter:Glam', 'Grunge', 'Hard Rock', 'Heavy Metal', 'Hip Hop', 'New Wave', 'Pop Rock', 'Prog Rock', 'Psychedelic', 'Punk (70s)', 'Punk (80s)', 'R+B', 'Rap', 'Rock-a-Billy', 'Soul', 'Southern Rock'], 'genre': 'Disco', 'song_title': "Bee Gees - Stayin' Alive", 'genre_index': 5, 'genre_count': 25, 'selected_genre_index': 3, 'song_index': 1, 'song_count': 4, 'songs_text': "> Bee Gees - Stayin' Alive\n  Donna Summer - Bad Girls\n  KC and the Sunshine Band - That's the Way (I Like It)\n  Village People - Macho Man", 'has_audio': True, 'random_selected': False}
2026-04-20 16:04:29,283 : INFO : EventManager : Event: ======'machine_var_audits_switches_s_flipper_right'====== Args={'value': 582, 'prev_value': 581, 'change': 1}
2026-04-20 16:04:29,360 : INFO : SwitchController : <<<<<<< 's_flipper_right' inactive >>>>>>>
2026-04-20 16:04:29,494 : INFO : SwitchController : <<<<<<< 's_flipper_right' active >>>>>>>
2026-04-20 16:04:29,494 : INFO : EventManager : Event: ======'song_select_updated'====== Args={'stage': 'genre', 'genres': ['?', 'Alternative', 'Brit Invasion', 'Disco', 'Doo Wop', 'Folk', 'Folk Rock', 'Funk', 'Glitter:Glam', 'Grunge', 'Hard Rock', 'Heavy Metal', 'Hip Hop', 'New Wave', 'Pop Rock', 'Prog Rock', 'Psychedelic', 'Punk (70s)', 'Punk (80s)', 'R+B', 'Rap', 'Rock-a-Billy', 'Soul', 'Southern Rock'], 'genre': 'Doo Wop', 'song_title': 'The Coasters - Yakety Yak', 'genre_index': 6, 'genre_count': 25, 'selected_genre_index': 4, 'song_index': 1, 'song_count': 4, 'songs_text': '> The Coasters - Yakety Yak\n  The Drifters - Save the Last Dance for Me\n  The Platters - Only You\n  The Temptations - My Girl', 'has_audio': True, 'random_selected': False}
2026-04-20 16:04:29,494 : INFO : EventManager : Event: ======'machine_var_audits_switches_s_flipper_right'====== Args={'value': 583, 'prev_value': 582, 'change': 1}
2026-04-20 16:04:29,613 : INFO : SwitchController : <<<<<<< 's_flipper_right' inactive >>>>>>>
2026-04-20 16:04:29,731 : INFO : SwitchController : <<<<<<< 's_flipper_right' active >>>>>>>
2026-04-20 16:04:29,731 : INFO : EventManager : Event: ======'song_select_updated'====== Args={'stage': 'genre', 'genres': ['?', 'Alternative', 'Brit Invasion', 'Disco', 'Doo Wop', 'Folk', 'Folk Rock', 'Funk', 'Glitter:Glam', 'Grunge', 'Hard Rock', 'Heavy Metal', 'Hip Hop', 'New Wave', 'Pop Rock', 'Prog Rock', 'Psychedelic', 'Punk (70s)', 'Punk (80s)', 'R+B', 'Rap', 'Rock-a-Billy', 'Soul', 'Southern Rock'], 'genre': 'Folk', 'song_title': "Bob Dylan - The Times They Are A-Changin'", 'genre_index': 7, 'genre_count': 25, 'selected_genre_index': 5, 'song_index': 1, 'song_count': 4, 'songs_text': "> Bob Dylan - The Times They Are A-Changin'\n  Joan Baez - Silver Dagger\n  Peter, Paul and Mary - Puff, the Magic Dragon\n  The Kingston Trio - Where Have All the Flowers Gone", 'has_audio': True, 'random_selected': False}
2026-04-20 16:04:29,731 : INFO : EventManager : Event: ======'machine_var_audits_switches_s_flipper_right'====== Args={'value': 584, 'prev_value': 583, 'change': 1}
2026-04-20 16:04:29,897 : INFO : SwitchController : <<<<<<< 's_flipper_right' inactive >>>>>>>
2026-04-20 16:04:29,994 : INFO : SwitchController : <<<<<<< 's_flipper_right' active >>>>>>>
2026-04-20 16:04:29,994 : INFO : EventManager : Event: ======'song_select_updated'====== Args={'stage': 'genre', 'genres': ['?', 'Alternative', 'Brit Invasion', 'Disco', 'Doo Wop', 'Folk', 'Folk Rock', 'Funk', 'Glitter:Glam', 'Grunge', 'Hard Rock', 'Heavy Metal', 'Hip Hop', 'New Wave', 'Pop Rock', 'Prog Rock', 'Psychedelic', 'Punk (70s)', 'Punk (80s)', 'R+B', 'Rap', 'Rock-a-Billy', 'Soul', 'Southern Rock'], 'genre': 'Folk Rock', 'song_title': 'Bonnie Raitt - Something to Talk About', 'genre_index': 8, 'genre_count': 25, 'selected_genre_index': 6, 'song_index': 1, 'song_count': 10, 'songs_text': '> Bonnie Raitt - Something to Talk About\n  Creedence Clearwater Revival - Bad Moon Rising\n  Crosby, Stills & Nash - Suite Judy Blue Eyes\n  Dave Mason - Let It Go, Let It Flow\n  Jackson Browne - Doctor My Eyes\n  Neil Young - Heart of Gold\n  Simon & Garfunkel - Mrs. Robinson', 'has_audio': True, 'random_selected': False}
2026-04-20 16:04:29,994 : INFO : EventManager : Event: ======'machine_var_audits_switches_s_flipper_right'====== Args={'value': 585, 'prev_value': 584, 'change': 1}
2026-04-20 16:04:30,094 : INFO : SwitchController : <<<<<<< 's_flipper_right' inactive >>>>>>>
2026-04-20 16:04:30,181 : INFO : SwitchController : <<<<<<< 's_flipper_right' active >>>>>>>
2026-04-20 16:04:30,181 : INFO : EventManager : Event: ======'song_select_updated'====== Args={'stage': 'genre', 'genres': ['?', 'Alternative', 'Brit Invasion', 'Disco', 'Doo Wop', 'Folk', 'Folk Rock', 'Funk', 'Glitter:Glam', 'Grunge', 'Hard Rock', 'Heavy Metal', 'Hip Hop', 'New Wave', 'Pop Rock', 'Prog Rock', 'Psychedelic', 'Punk (70s)', 'Punk (80s)', 'R+B', 'Rap', 'Rock-a-Billy', 'Soul', 'Southern Rock'], 'genre': 'Funk', 'song_title': 'Con Funk Shun - Ffun', 'genre_index': 9, 'genre_count': 25, 'selected_genre_index': 7, 'song_index': 1, 'song_count': 6, 'songs_text': '> Con Funk Shun - Ffun\n  Funkadelic - Can You Get To That\n  Parliament - Give Up the Funk (Tear the Roof Off the Sucker)\n  Prince - Raspberry Beret\n  Rick James - Super Freak\n  The Isley Brothers - Between The Sheets', 'has_audio': True, 'random_selected': False}
2026-04-20 16:04:30,181 : INFO : EventManager : Event: ======'machine_var_audits_switches_s_flipper_right'====== Args={'value': 586, 'prev_value': 585, 'change': 1}
2026-04-20 16:04:30,293 : INFO : SwitchController : <<<<<<< 's_flipper_right' inactive >>>>>>>
2026-04-20 16:04:31,031 : INFO : SwitchController : <<<<<<< 's_flipper_left' active >>>>>>>
2026-04-20 16:04:31,032 : INFO : EventManager : Event: ======'song_select_updated'====== Args={'stage': 'genre', 'genres': ['?', 'Alternative', 'Brit Invasion', 'Disco', 'Doo Wop', 'Folk', 'Folk Rock', 'Funk', 'Glitter:Glam', 'Grunge', 'Hard Rock', 'Heavy Metal', 'Hip Hop', 'New Wave', 'Pop Rock', 'Prog Rock', 'Psychedelic', 'Punk (70s)', 'Punk (80s)', 'R+B', 'Rap', 'Rock-a-Billy', 'Soul', 'Southern Rock'], 'genre': 'Folk Rock', 'song_title': 'Bonnie Raitt - Something to Talk About', 'genre_index': 8, 'genre_count': 25, 'selected_genre_index': 6, 'song_index': 1, 'song_count': 10, 'songs_text': '> Bonnie Raitt - Something to Talk About\n  Creedence Clearwater Revival - Bad Moon Rising\n  Crosby, Stills & Nash - Suite Judy Blue Eyes\n  Dave Mason - Let It Go, Let It Flow\n  Jackson Browne - Doctor My Eyes\n  Neil Young - Heart of Gold\n  Simon & Garfunkel - Mrs. Robinson', 'has_audio': True, 'random_selected': False}
2026-04-20 16:04:31,032 : INFO : EventManager : Event: ======'machine_var_audits_switches_s_flipper_left'====== Args={'value': 511, 'prev_value': 510, 'change': 1}
2026-04-20 16:04:31,147 : INFO : SwitchController : <<<<<<< 's_flipper_left' inactive >>>>>>>
2026-04-20 16:04:31,531 : INFO : SwitchController : <<<<<<< 's_flipper_right' active >>>>>>>
2026-04-20 16:04:31,531 : INFO : EventManager : Event: ======'song_select_updated'====== Args={'stage': 'genre', 'genres': ['?', 'Alternative', 'Brit Invasion', 'Disco', 'Doo Wop', 'Folk', 'Folk Rock', 'Funk', 'Glitter:Glam', 'Grunge', 'Hard Rock', 'Heavy Metal', 'Hip Hop', 'New Wave', 'Pop Rock', 'Prog Rock', 'Psychedelic', 'Punk (70s)', 'Punk (80s)', 'R+B', 'Rap', 'Rock-a-Billy', 'Soul', 'Southern Rock'], 'genre': 'Funk', 'song_title': 'Con Funk Shun - Ffun', 'genre_index': 9, 'genre_count': 25, 'selected_genre_index': 7, 'song_index': 1, 'song_count': 6, 'songs_text': '> Con Funk Shun - Ffun\n  Funkadelic - Can You Get To That\n  Parliament - Give Up the Funk (Tear the Roof Off the Sucker)\n  Prince - Raspberry Beret\n  Rick James - Super Freak\n  The Isley Brothers - Between The Sheets', 'has_audio': True, 'random_selected': False}
2026-04-20 16:04:31,531 : INFO : EventManager : Event: ======'machine_var_audits_switches_s_flipper_right'====== Args={'value': 587, 'prev_value': 586, 'change': 1}
2026-04-20 16:04:31,698 : INFO : SwitchController : <<<<<<< 's_flipper_right' inactive >>>>>>>
2026-04-20 16:04:32,881 : INFO : SwitchController : <<<<<<< 's_flipper_right' active >>>>>>>
2026-04-20 16:04:32,881 : INFO : EventManager : Event: ======'song_select_updated'====== Args={'stage': 'genre', 'genres': ['?', 'Alternative', 'Brit Invasion', 'Disco', 'Doo Wop', 'Folk', 'Folk Rock', 'Funk', 'Glitter:Glam', 'Grunge', 'Hard Rock', 'Heavy Metal', 'Hip Hop', 'New Wave', 'Pop Rock', 'Prog Rock', 'Psychedelic', 'Punk (70s)', 'Punk (80s)', 'R+B', 'Rap', 'Rock-a-Billy', 'Soul', 'Southern Rock'], 'genre': 'Glitter:Glam', 'song_title': "Alice Cooper - School's Out", 'genre_index': 10, 'genre_count': 25, 'selected_genre_index': 8, 'song_index': 1, 'song_count': 5, 'songs_text': "> Alice Cooper - School's Out\n  David Bowie - Suffragette City\n  KISS - I Was Made For Loving You\n  Roxy Music - More Than This\n  T. Rex - Bang a Gong (Get It On)", 'has_audio': True, 'random_selected': False}
2026-04-20 16:04:32,881 : INFO : EventManager : Event: ======'machine_var_audits_switches_s_flipper_right'====== Args={'value': 588, 'prev_value': 587, 'change': 1}
2026-04-20 16:04:33,064 : INFO : SwitchController : <<<<<<< 's_flipper_right' inactive >>>>>>>
2026-04-20 16:04:36,517 : INFO : EventManager : Event: ======'balldevice_bd_trough_ball_eject_failed'====== Args={'target': <ball_device.bd_plunger>, 'balls': 1, 'retry': True, 'num_attempts': 1}
2026-04-20 16:04:36,517 : INFO : ball_device.bd_trough : State: waiting_for_target_ready
2026-04-20 16:04:36,517 : INFO : EventManager : Event: ======'balldevice_bd_trough_ball_eject_attempt'====== Args={'balls': 1, 'target': <ball_device.bd_plunger>, 'source': <ball_device.bd_trough>, 'mechanical_eject': False, 'num_attempts': 1}
2026-04-20 16:04:36,517 : INFO : ball_device.bd_trough : State: ejecting
2026-04-20 16:04:36,517 : INFO : ball_device.bd_trough : Ejecting ball to <ball_device.bd_plunger>
2026-04-20 16:04:36,517 : INFO : EventManager : Event: ======'balldevice_bd_trough_ejecting_ball'====== Args={'balls': 1, 'target': <ball_device.bd_plunger>, 'source': <ball_device.bd_trough>, 'mechanical_eject': False, 'num_attempts': 1}
2026-04-20 16:04:36,518 : INFO : ball_device.bd_trough : Wait for ball to leave device
2026-04-20 16:04:36,518 : INFO : coil.c_trough_eject : Pulsing Driver for 10ms (1.0 pulse_power)
2026-04-20 16:04:38,297 : INFO : SwitchController : <<<<<<< 's_flipper_right' active >>>>>>>
2026-04-20 16:04:38,297 : INFO : EventManager : Event: ======'song_select_updated'====== Args={'stage': 'genre', 'genres': ['?', 'Alternative', 'Brit Invasion', 'Disco', 'Doo Wop', 'Folk', 'Folk Rock', 'Funk', 'Glitter:Glam', 'Grunge', 'Hard Rock', 'Heavy Metal', 'Hip Hop', 'New Wave', 'Pop Rock', 'Prog Rock', 'Psychedelic', 'Punk (70s)', 'Punk (80s)', 'R+B', 'Rap', 'Rock-a-Billy', 'Soul', 'Southern Rock'], 'genre': 'Grunge', 'song_title': 'Alice in Chains - Man in the Box', 'genre_index': 11, 'genre_count': 25, 'selected_genre_index': 9, 'song_index': 1, 'song_count': 5, 'songs_text': '> Alice in Chains - Man in the Box\n  Mudhoney - Overblown\n  Nirvana - Smells Like Teen Spirit\n  Pearl Jam - Even Flow\n  Soundgarden - Spoonman', 'has_audio': True, 'random_selected': False}
2026-04-20 16:04:38,297 : INFO : EventManager : Event: ======'machine_var_audits_switches_s_flipper_right'====== Args={'value': 589, 'prev_value': 588, 'change': 1}
2026-04-20 16:04:38,447 : INFO : SwitchController : <<<<<<< 's_flipper_right' inactive >>>>>>>
2026-04-20 16:04:38,710 : INFO : SwitchController : <<<<<<< 's_flipper_right' active >>>>>>>
2026-04-20 16:04:38,711 : INFO : EventManager : Event: ======'song_select_updated'====== Args={'stage': 'genre', 'genres': ['?', 'Alternative', 'Brit Invasion', 'Disco', 'Doo Wop', 'Folk', 'Folk Rock', 'Funk', 'Glitter:Glam', 'Grunge', 'Hard Rock', 'Heavy Metal', 'Hip Hop', 'New Wave', 'Pop Rock', 'Prog Rock', 'Psychedelic', 'Punk (70s)', 'Punk (80s)', 'R+B', 'Rap', 'Rock-a-Billy', 'Soul', 'Southern Rock'], 'genre': 'Hard Rock', 'song_title': 'AC:DC - Back In Black', 'genre_index': 12, 'genre_count': 25, 'selected_genre_index': 10, 'song_index': 1, 'song_count': 9, 'songs_text': "> AC:DC - Back In Black\n  Aerosmith - Same Old Song and Dance\n  Deep Purple - Smoke On The Water\n  Grand Funk Railroad - We're An American Band\n  Heart - Barracuda\n  Led Zeppelin - Immigrant Song\n  Ted Nugent - Stranglehold", 'has_audio': True, 'random_selected': False}
2026-04-20 16:04:38,711 : INFO : EventManager : Event: ======'machine_var_audits_switches_s_flipper_right'====== Args={'value': 590, 'prev_value': 589, 'change': 1}
2026-04-20 16:04:38,827 : INFO : SwitchController : <<<<<<< 's_flipper_right' inactive >>>>>>>
2026-04-20 16:04:39,114 : INFO : SwitchController : <<<<<<< 's_flipper_right' active >>>>>>>
2026-04-20 16:04:39,115 : INFO : EventManager : Event: ======'song_select_updated'====== Args={'stage': 'genre', 'genres': ['?', 'Alternative', 'Brit Invasion', 'Disco', 'Doo Wop', 'Folk', 'Folk Rock', 'Funk', 'Glitter:Glam', 'Grunge', 'Hard Rock', 'Heavy Metal', 'Hip Hop', 'New Wave', 'Pop Rock', 'Prog Rock', 'Psychedelic', 'Punk (70s)', 'Punk (80s)', 'R+B', 'Rap', 'Rock-a-Billy', 'Soul', 'Southern Rock'], 'genre': 'Heavy Metal', 'song_title': 'Black Sabbath - Paranoid', 'genre_index': 13, 'genre_count': 25, 'selected_genre_index': 11, 'song_index': 1, 'song_count': 6, 'songs_text': '> Black Sabbath - Paranoid\n  Dio - Rainbow In the Dark\n  Iron Maiden - The Trooper\n  Judas Priest - Breaking The Law\n  Metallica - The Wait\n  Motorhead - Ace of Spades', 'has_audio': True, 'random_selected': False}
2026-04-20 16:04:39,115 : INFO : EventManager : Event: ======'machine_var_audits_switches_s_flipper_right'====== Args={'value': 591, 'prev_value': 590, 'change': 1}
2026-04-20 16:04:39,231 : INFO : SwitchController : <<<<<<< 's_flipper_right' inactive >>>>>>>
2026-04-20 16:04:39,360 : INFO : SwitchController : <<<<<<< 's_flipper_left' active >>>>>>>
2026-04-20 16:04:39,360 : INFO : EventManager : Event: ======'song_select_updated'====== Args={'stage': 'genre', 'genres': ['?', 'Alternative', 'Brit Invasion', 'Disco', 'Doo Wop', 'Folk', 'Folk Rock', 'Funk', 'Glitter:Glam', 'Grunge', 'Hard Rock', 'Heavy Metal', 'Hip Hop', 'New Wave', 'Pop Rock', 'Prog Rock', 'Psychedelic', 'Punk (70s)', 'Punk (80s)', 'R+B', 'Rap', 'Rock-a-Billy', 'Soul', 'Southern Rock'], 'genre': 'Hard Rock', 'song_title': 'AC:DC - Back In Black', 'genre_index': 12, 'genre_count': 25, 'selected_genre_index': 10, 'song_index': 1, 'song_count': 9, 'songs_text': "> AC:DC - Back In Black\n  Aerosmith - Same Old Song and Dance\n  Deep Purple - Smoke On The Water\n  Grand Funk Railroad - We're An American Band\n  Heart - Barracuda\n  Led Zeppelin - Immigrant Song\n  Ted Nugent - Stranglehold", 'has_audio': True, 'random_selected': False}
2026-04-20 16:04:39,361 : INFO : EventManager : Event: ======'machine_var_audits_switches_s_flipper_left'====== Args={'value': 512, 'prev_value': 511, 'change': 1}
2026-04-20 16:04:39,493 : INFO : SwitchController : <<<<<<< 's_flipper_left' inactive >>>>>>>
2026-04-20 16:04:39,610 : INFO : SwitchController : <<<<<<< 's_flipper_left' active >>>>>>>
2026-04-20 16:04:39,610 : INFO : EventManager : Event: ======'song_select_updated'====== Args={'stage': 'genre', 'genres': ['?', 'Alternative', 'Brit Invasion', 'Disco', 'Doo Wop', 'Folk', 'Folk Rock', 'Funk', 'Glitter:Glam', 'Grunge', 'Hard Rock', 'Heavy Metal', 'Hip Hop', 'New Wave', 'Pop Rock', 'Prog Rock', 'Psychedelic', 'Punk (70s)', 'Punk (80s)', 'R+B', 'Rap', 'Rock-a-Billy', 'Soul', 'Southern Rock'], 'genre': 'Grunge', 'song_title': 'Alice in Chains - Man in the Box', 'genre_index': 11, 'genre_count': 25, 'selected_genre_index': 9, 'song_index': 1, 'song_count': 5, 'songs_text': '> Alice in Chains - Man in the Box\n  Mudhoney - Overblown\n  Nirvana - Smells Like Teen Spirit\n  Pearl Jam - Even Flow\n  Soundgarden - Spoonman', 'has_audio': True, 'random_selected': False}
2026-04-20 16:04:39,610 : INFO : EventManager : Event: ======'machine_var_audits_switches_s_flipper_left'====== Args={'value': 513, 'prev_value': 512, 'change': 1}
2026-04-20 16:04:39,677 : INFO : SwitchController : <<<<<<< 's_flipper_left' inactive >>>>>>>
2026-04-20 16:04:39,731 : INFO : SwitchController : <<<<<<< 's_flipper_left' active >>>>>>>
2026-04-20 16:04:39,731 : INFO : EventManager : Event: ======'song_select_updated'====== Args={'stage': 'genre', 'genres': ['?', 'Alternative', 'Brit Invasion', 'Disco', 'Doo Wop', 'Folk', 'Folk Rock', 'Funk', 'Glitter:Glam', 'Grunge', 'Hard Rock', 'Heavy Metal', 'Hip Hop', 'New Wave', 'Pop Rock', 'Prog Rock', 'Psychedelic', 'Punk (70s)', 'Punk (80s)', 'R+B', 'Rap', 'Rock-a-Billy', 'Soul', 'Southern Rock'], 'genre': 'Glitter:Glam', 'song_title': "Alice Cooper - School's Out", 'genre_index': 10, 'genre_count': 25, 'selected_genre_index': 8, 'song_index': 1, 'song_count': 5, 'songs_text': "> Alice Cooper - School's Out\n  David Bowie - Suffragette City\n  KISS - I Was Made For Loving You\n  Roxy Music - More Than This\n  T. Rex - Bang a Gong (Get It On)", 'has_audio': True, 'random_selected': False}
2026-04-20 16:04:39,732 : INFO : EventManager : Event: ======'machine_var_audits_switches_s_flipper_left'====== Args={'value': 514, 'prev_value': 513, 'change': 1}
2026-04-20 16:04:39,844 : INFO : SwitchController : <<<<<<< 's_flipper_left' inactive >>>>>>>
2026-04-20 16:04:40,081 : INFO : SwitchController : <<<<<<< 's_flipper_left' active >>>>>>>
2026-04-20 16:04:40,081 : INFO : EventManager : Event: ======'song_select_updated'====== Args={'stage': 'genre', 'genres': ['?', 'Alternative', 'Brit Invasion', 'Disco', 'Doo Wop', 'Folk', 'Folk Rock', 'Funk', 'Glitter:Glam', 'Grunge', 'Hard Rock', 'Heavy Metal', 'Hip Hop', 'New Wave', 'Pop Rock', 'Prog Rock', 'Psychedelic', 'Punk (70s)', 'Punk (80s)', 'R+B', 'Rap', 'Rock-a-Billy', 'Soul', 'Southern Rock'], 'genre': 'Funk', 'song_title': 'Con Funk Shun - Ffun', 'genre_index': 9, 'genre_count': 25, 'selected_genre_index': 7, 'song_index': 1, 'song_count': 6, 'songs_text': '> Con Funk Shun - Ffun\n  Funkadelic - Can You Get To That\n  Parliament - Give Up the Funk (Tear the Roof Off the Sucker)\n  Prince - Raspberry Beret\n  Rick James - Super Freak\n  The Isley Brothers - Between The Sheets', 'has_audio': True, 'random_selected': False}
2026-04-20 16:04:40,081 : INFO : EventManager : Event: ======'machine_var_audits_switches_s_flipper_left'====== Args={'value': 515, 'prev_value': 514, 'change': 1}
2026-04-20 16:04:40,213 : INFO : SwitchController : <<<<<<< 's_flipper_left' inactive >>>>>>>
2026-04-20 16:04:40,327 : INFO : SwitchController : <<<<<<< 's_flipper_left' active >>>>>>>
2026-04-20 16:04:40,327 : INFO : EventManager : Event: ======'song_select_updated'====== Args={'stage': 'genre', 'genres': ['?', 'Alternative', 'Brit Invasion', 'Disco', 'Doo Wop', 'Folk', 'Folk Rock', 'Funk', 'Glitter:Glam', 'Grunge', 'Hard Rock', 'Heavy Metal', 'Hip Hop', 'New Wave', 'Pop Rock', 'Prog Rock', 'Psychedelic', 'Punk (70s)', 'Punk (80s)', 'R+B', 'Rap', 'Rock-a-Billy', 'Soul', 'Southern Rock'], 'genre': 'Folk Rock', 'song_title': 'Bonnie Raitt - Something to Talk About', 'genre_index': 8, 'genre_count': 25, 'selected_genre_index': 6, 'song_index': 1, 'song_count': 10, 'songs_text': '> Bonnie Raitt - Something to Talk About\n  Creedence Clearwater Revival - Bad Moon Rising\n  Crosby, Stills & Nash - Suite Judy Blue Eyes\n  Dave Mason - Let It Go, Let It Flow\n  Jackson Browne - Doctor My Eyes\n  Neil Young - Heart of Gold\n  Simon & Garfunkel - Mrs. Robinson', 'has_audio': True, 'random_selected': False}
2026-04-20 16:04:40,327 : INFO : EventManager : Event: ======'machine_var_audits_switches_s_flipper_left'====== Args={'value': 516, 'prev_value': 515, 'change': 1}
2026-04-20 16:04:40,410 : INFO : SwitchController : <<<<<<< 's_flipper_left' inactive >>>>>>>
2026-04-20 16:04:40,497 : INFO : SwitchController : <<<<<<< 's_flipper_left' active >>>>>>>
2026-04-20 16:04:40,497 : INFO : EventManager : Event: ======'song_select_updated'====== Args={'stage': 'genre', 'genres': ['?', 'Alternative', 'Brit Invasion', 'Disco', 'Doo Wop', 'Folk', 'Folk Rock', 'Funk', 'Glitter:Glam', 'Grunge', 'Hard Rock', 'Heavy Metal', 'Hip Hop', 'New Wave', 'Pop Rock', 'Prog Rock', 'Psychedelic', 'Punk (70s)', 'Punk (80s)', 'R+B', 'Rap', 'Rock-a-Billy', 'Soul', 'Southern Rock'], 'genre': 'Folk', 'song_title': "Bob Dylan - The Times They Are A-Changin'", 'genre_index': 7, 'genre_count': 25, 'selected_genre_index': 5, 'song_index': 1, 'song_count': 4, 'songs_text': "> Bob Dylan - The Times They Are A-Changin'\n  Joan Baez - Silver Dagger\n  Peter, Paul and Mary - Puff, the Magic Dragon\n  The Kingston Trio - Where Have All the Flowers Gone", 'has_audio': True, 'random_selected': False}
2026-04-20 16:04:40,497 : INFO : EventManager : Event: ======'machine_var_audits_switches_s_flipper_left'====== Args={'value': 517, 'prev_value': 516, 'change': 1}
2026-04-20 16:04:40,610 : INFO : SwitchController : <<<<<<< 's_flipper_left' inactive >>>>>>>
2026-04-20 16:04:40,814 : INFO : SwitchController : <<<<<<< 's_flipper_right' active >>>>>>>
2026-04-20 16:04:40,814 : INFO : EventManager : Event: ======'song_select_updated'====== Args={'stage': 'genre', 'genres': ['?', 'Alternative', 'Brit Invasion', 'Disco', 'Doo Wop', 'Folk', 'Folk Rock', 'Funk', 'Glitter:Glam', 'Grunge', 'Hard Rock', 'Heavy Metal', 'Hip Hop', 'New Wave', 'Pop Rock', 'Prog Rock', 'Psychedelic', 'Punk (70s)', 'Punk (80s)', 'R+B', 'Rap', 'Rock-a-Billy', 'Soul', 'Southern Rock'], 'genre': 'Folk Rock', 'song_title': 'Bonnie Raitt - Something to Talk About', 'genre_index': 8, 'genre_count': 25, 'selected_genre_index': 6, 'song_index': 1, 'song_count': 10, 'songs_text': '> Bonnie Raitt - Something to Talk About\n  Creedence Clearwater Revival - Bad Moon Rising\n  Crosby, Stills & Nash - Suite Judy Blue Eyes\n  Dave Mason - Let It Go, Let It Flow\n  Jackson Browne - Doctor My Eyes\n  Neil Young - Heart of Gold\n  Simon & Garfunkel - Mrs. Robinson', 'has_audio': True, 'random_selected': False}
2026-04-20 16:04:40,815 : INFO : EventManager : Event: ======'machine_var_audits_switches_s_flipper_right'====== Args={'value': 592, 'prev_value': 591, 'change': 1}
2026-04-20 16:04:40,960 : INFO : SwitchController : <<<<<<< 's_flipper_right' inactive >>>>>>>
2026-04-20 16:04:41,047 : INFO : SwitchController : <<<<<<< 's_flipper_right' active >>>>>>>
2026-04-20 16:04:41,047 : INFO : EventManager : Event: ======'song_select_updated'====== Args={'stage': 'genre', 'genres': ['?', 'Alternative', 'Brit Invasion', 'Disco', 'Doo Wop', 'Folk', 'Folk Rock', 'Funk', 'Glitter:Glam', 'Grunge', 'Hard Rock', 'Heavy Metal', 'Hip Hop', 'New Wave', 'Pop Rock', 'Prog Rock', 'Psychedelic', 'Punk (70s)', 'Punk (80s)', 'R+B', 'Rap', 'Rock-a-Billy', 'Soul', 'Southern Rock'], 'genre': 'Funk', 'song_title': 'Con Funk Shun - Ffun', 'genre_index': 9, 'genre_count': 25, 'selected_genre_index': 7, 'song_index': 1, 'song_count': 6, 'songs_text': '> Con Funk Shun - Ffun\n  Funkadelic - Can You Get To That\n  Parliament - Give Up the Funk (Tear the Roof Off the Sucker)\n  Prince - Raspberry Beret\n  Rick James - Super Freak\n  The Isley Brothers - Between The Sheets', 'has_audio': True, 'random_selected': False}
2026-04-20 16:04:41,047 : INFO : EventManager : Event: ======'machine_var_audits_switches_s_flipper_right'====== Args={'value': 593, 'prev_value': 592, 'change': 1}
2026-04-20 16:04:41,164 : INFO : SwitchController : <<<<<<< 's_flipper_right' inactive >>>>>>>
2026-04-20 16:04:41,260 : INFO : SwitchController : <<<<<<< 's_flipper_right' active >>>>>>>
2026-04-20 16:04:41,261 : INFO : EventManager : Event: ======'song_select_updated'====== Args={'stage': 'genre', 'genres': ['?', 'Alternative', 'Brit Invasion', 'Disco', 'Doo Wop', 'Folk', 'Folk Rock', 'Funk', 'Glitter:Glam', 'Grunge', 'Hard Rock', 'Heavy Metal', 'Hip Hop', 'New Wave', 'Pop Rock', 'Prog Rock', 'Psychedelic', 'Punk (70s)', 'Punk (80s)', 'R+B', 'Rap', 'Rock-a-Billy', 'Soul', 'Southern Rock'], 'genre': 'Glitter:Glam', 'song_title': "Alice Cooper - School's Out", 'genre_index': 10, 'genre_count': 25, 'selected_genre_index': 8, 'song_index': 1, 'song_count': 5, 'songs_text': "> Alice Cooper - School's Out\n  David Bowie - Suffragette City\n  KISS - I Was Made For Loving You\n  Roxy Music - More Than This\n  T. Rex - Bang a Gong (Get It On)", 'has_audio': True, 'random_selected': False}
2026-04-20 16:04:41,261 : INFO : EventManager : Event: ======'machine_var_audits_switches_s_flipper_right'====== Args={'value': 594, 'prev_value': 593, 'change': 1}
2026-04-20 16:04:41,398 : INFO : SwitchController : <<<<<<< 's_flipper_right' inactive >>>>>>>
2026-04-20 16:04:42,660 : INFO : SwitchController : <<<<<<< 's_flipper_right' active >>>>>>>
2026-04-20 16:04:42,660 : INFO : EventManager : Event: ======'song_select_updated'====== Args={'stage': 'genre', 'genres': ['?', 'Alternative', 'Brit Invasion', 'Disco', 'Doo Wop', 'Folk', 'Folk Rock', 'Funk', 'Glitter:Glam', 'Grunge', 'Hard Rock', 'Heavy Metal', 'Hip Hop', 'New Wave', 'Pop Rock', 'Prog Rock', 'Psychedelic', 'Punk (70s)', 'Punk (80s)', 'R+B', 'Rap', 'Rock-a-Billy', 'Soul', 'Southern Rock'], 'genre': 'Grunge', 'song_title': 'Alice in Chains - Man in the Box', 'genre_index': 11, 'genre_count': 25, 'selected_genre_index': 9, 'song_index': 1, 'song_count': 5, 'songs_text': '> Alice in Chains - Man in the Box\n  Mudhoney - Overblown\n  Nirvana - Smells Like Teen Spirit\n  Pearl Jam - Even Flow\n  Soundgarden - Spoonman', 'has_audio': True, 'random_selected': False}
2026-04-20 16:04:42,660 : INFO : EventManager : Event: ======'machine_var_audits_switches_s_flipper_right'====== Args={'value': 595, 'prev_value': 594, 'change': 1}
2026-04-20 16:04:42,831 : INFO : SwitchController : <<<<<<< 's_flipper_right' inactive >>>>>>>
2026-04-20 16:04:43,810 : INFO : SwitchController : <<<<<<< 's_flipper_left' active >>>>>>>
2026-04-20 16:04:43,811 : INFO : EventManager : Event: ======'song_select_updated'====== Args={'stage': 'genre', 'genres': ['?', 'Alternative', 'Brit Invasion', 'Disco', 'Doo Wop', 'Folk', 'Folk Rock', 'Funk', 'Glitter:Glam', 'Grunge', 'Hard Rock', 'Heavy Metal', 'Hip Hop', 'New Wave', 'Pop Rock', 'Prog Rock', 'Psychedelic', 'Punk (70s)', 'Punk (80s)', 'R+B', 'Rap', 'Rock-a-Billy', 'Soul', 'Southern Rock'], 'genre': 'Glitter:Glam', 'song_title': "Alice Cooper - School's Out", 'genre_index': 10, 'genre_count': 25, 'selected_genre_index': 8, 'song_index': 1, 'song_count': 5, 'songs_text': "> Alice Cooper - School's Out\n  David Bowie - Suffragette City\n  KISS - I Was Made For Loving You\n  Roxy Music - More Than This\n  T. Rex - Bang a Gong (Get It On)", 'has_audio': True, 'random_selected': False}
2026-04-20 16:04:43,811 : INFO : EventManager : Event: ======'machine_var_audits_switches_s_flipper_left'====== Args={'value': 518, 'prev_value': 517, 'change': 1}
2026-04-20 16:04:44,894 : INFO : SwitchController : <<<<<<< 's_flipper_left' inactive >>>>>>>
2026-04-20 16:04:44,998 : INFO : SwitchController : <<<<<<< 's_flipper_left' active >>>>>>>
2026-04-20 16:04:44,998 : INFO : EventManager : Event: ======'song_select_updated'====== Args={'stage': 'genre', 'genres': ['?', 'Alternative', 'Brit Invasion', 'Disco', 'Doo Wop', 'Folk', 'Folk Rock', 'Funk', 'Glitter:Glam', 'Grunge', 'Hard Rock', 'Heavy Metal', 'Hip Hop', 'New Wave', 'Pop Rock', 'Prog Rock', 'Psychedelic', 'Punk (70s)', 'Punk (80s)', 'R+B', 'Rap', 'Rock-a-Billy', 'Soul', 'Southern Rock'], 'genre': 'Funk', 'song_title': 'Con Funk Shun - Ffun', 'genre_index': 9, 'genre_count': 25, 'selected_genre_index': 7, 'song_index': 1, 'song_count': 6, 'songs_text': '> Con Funk Shun - Ffun\n  Funkadelic - Can You Get To That\n  Parliament - Give Up the Funk (Tear the Roof Off the Sucker)\n  Prince - Raspberry Beret\n  Rick James - Super Freak\n  The Isley Brothers - Between The Sheets', 'has_audio': True, 'random_selected': False}
2026-04-20 16:04:44,998 : INFO : EventManager : Event: ======'machine_var_audits_switches_s_flipper_left'====== Args={'value': 519, 'prev_value': 518, 'change': 1}
2026-04-20 16:04:45,065 : INFO : SwitchController : <<<<<<< 's_flipper_left' inactive >>>>>>>
2026-04-20 16:04:45,148 : INFO : SwitchController : <<<<<<< 's_flipper_left' active >>>>>>>
2026-04-20 16:04:45,148 : INFO : EventManager : Event: ======'song_select_updated'====== Args={'stage': 'genre', 'genres': ['?', 'Alternative', 'Brit Invasion', 'Disco', 'Doo Wop', 'Folk', 'Folk Rock', 'Funk', 'Glitter:Glam', 'Grunge', 'Hard Rock', 'Heavy Metal', 'Hip Hop', 'New Wave', 'Pop Rock', 'Prog Rock', 'Psychedelic', 'Punk (70s)', 'Punk (80s)', 'R+B', 'Rap', 'Rock-a-Billy', 'Soul', 'Southern Rock'], 'genre': 'Folk Rock', 'song_title': 'Bonnie Raitt - Something to Talk About', 'genre_index': 8, 'genre_count': 25, 'selected_genre_index': 6, 'song_index': 1, 'song_count': 10, 'songs_text': '> Bonnie Raitt - Something to Talk About\n  Creedence Clearwater Revival - Bad Moon Rising\n  Crosby, Stills & Nash - Suite Judy Blue Eyes\n  Dave Mason - Let It Go, Let It Flow\n  Jackson Browne - Doctor My Eyes\n  Neil Young - Heart of Gold\n  Simon & Garfunkel - Mrs. Robinson', 'has_audio': True, 'random_selected': False}
2026-04-20 16:04:45,149 : INFO : EventManager : Event: ======'machine_var_audits_switches_s_flipper_left'====== Args={'value': 520, 'prev_value': 519, 'change': 1}
2026-04-20 16:04:45,247 : INFO : SwitchController : <<<<<<< 's_flipper_left' inactive >>>>>>>
2026-04-20 16:04:45,314 : INFO : SwitchController : <<<<<<< 's_flipper_left' active >>>>>>>
2026-04-20 16:04:45,314 : INFO : EventManager : Event: ======'song_select_updated'====== Args={'stage': 'genre', 'genres': ['?', 'Alternative', 'Brit Invasion', 'Disco', 'Doo Wop', 'Folk', 'Folk Rock', 'Funk', 'Glitter:Glam', 'Grunge', 'Hard Rock', 'Heavy Metal', 'Hip Hop', 'New Wave', 'Pop Rock', 'Prog Rock', 'Psychedelic', 'Punk (70s)', 'Punk (80s)', 'R+B', 'Rap', 'Rock-a-Billy', 'Soul', 'Southern Rock'], 'genre': 'Folk', 'song_title': "Bob Dylan - The Times They Are A-Changin'", 'genre_index': 7, 'genre_count': 25, 'selected_genre_index': 5, 'song_index': 1, 'song_count': 4, 'songs_text': "> Bob Dylan - The Times They Are A-Changin'\n  Joan Baez - Silver Dagger\n  Peter, Paul and Mary - Puff, the Magic Dragon\n  The Kingston Trio - Where Have All the Flowers Gone", 'has_audio': True, 'random_selected': False}
2026-04-20 16:04:45,314 : INFO : EventManager : Event: ======'machine_var_audits_switches_s_flipper_left'====== Args={'value': 521, 'prev_value': 520, 'change': 1}
2026-04-20 16:04:45,381 : INFO : SwitchController : <<<<<<< 's_flipper_left' inactive >>>>>>>
2026-04-20 16:04:45,464 : INFO : SwitchController : <<<<<<< 's_flipper_left' active >>>>>>>
2026-04-20 16:04:45,464 : INFO : EventManager : Event: ======'song_select_updated'====== Args={'stage': 'genre', 'genres': ['?', 'Alternative', 'Brit Invasion', 'Disco', 'Doo Wop', 'Folk', 'Folk Rock', 'Funk', 'Glitter:Glam', 'Grunge', 'Hard Rock', 'Heavy Metal', 'Hip Hop', 'New Wave', 'Pop Rock', 'Prog Rock', 'Psychedelic', 'Punk (70s)', 'Punk (80s)', 'R+B', 'Rap', 'Rock-a-Billy', 'Soul', 'Southern Rock'], 'genre': 'Doo Wop', 'song_title': 'The Coasters - Yakety Yak', 'genre_index': 6, 'genre_count': 25, 'selected_genre_index': 4, 'song_index': 1, 'song_count': 4, 'songs_text': '> The Coasters - Yakety Yak\n  The Drifters - Save the Last Dance for Me\n  The Platters - Only You\n  The Temptations - My Girl', 'has_audio': True, 'random_selected': False}
2026-04-20 16:04:45,464 : INFO : EventManager : Event: ======'machine_var_audits_switches_s_flipper_left'====== Args={'value': 522, 'prev_value': 521, 'change': 1}
2026-04-20 16:04:45,531 : INFO : SwitchController : <<<<<<< 's_flipper_left' inactive >>>>>>>
2026-04-20 16:04:45,610 : INFO : SwitchController : <<<<<<< 's_flipper_left' active >>>>>>>
2026-04-20 16:04:45,610 : INFO : EventManager : Event: ======'song_select_updated'====== Args={'stage': 'genre', 'genres': ['?', 'Alternative', 'Brit Invasion', 'Disco', 'Doo Wop', 'Folk', 'Folk Rock', 'Funk', 'Glitter:Glam', 'Grunge', 'Hard Rock', 'Heavy Metal', 'Hip Hop', 'New Wave', 'Pop Rock', 'Prog Rock', 'Psychedelic', 'Punk (70s)', 'Punk (80s)', 'R+B', 'Rap', 'Rock-a-Billy', 'Soul', 'Southern Rock'], 'genre': 'Disco', 'song_title': "Bee Gees - Stayin' Alive", 'genre_index': 5, 'genre_count': 25, 'selected_genre_index': 3, 'song_index': 1, 'song_count': 4, 'songs_text': "> Bee Gees - Stayin' Alive\n  Donna Summer - Bad Girls\n  KC and the Sunshine Band - That's the Way (I Like It)\n  Village People - Macho Man", 'has_audio': True, 'random_selected': False}
2026-04-20 16:04:45,610 : INFO : EventManager : Event: ======'machine_var_audits_switches_s_flipper_left'====== Args={'value': 523, 'prev_value': 522, 'change': 1}
2026-04-20 16:04:45,698 : INFO : SwitchController : <<<<<<< 's_flipper_left' inactive >>>>>>>
2026-04-20 16:04:45,764 : INFO : SwitchController : <<<<<<< 's_flipper_left' active >>>>>>>
2026-04-20 16:04:45,764 : INFO : EventManager : Event: ======'song_select_updated'====== Args={'stage': 'genre', 'genres': ['?', 'Alternative', 'Brit Invasion', 'Disco', 'Doo Wop', 'Folk', 'Folk Rock', 'Funk', 'Glitter:Glam', 'Grunge', 'Hard Rock', 'Heavy Metal', 'Hip Hop', 'New Wave', 'Pop Rock', 'Prog Rock', 'Psychedelic', 'Punk (70s)', 'Punk (80s)', 'R+B', 'Rap', 'Rock-a-Billy', 'Soul', 'Southern Rock'], 'genre': 'Brit Invasion', 'song_title': 'Cream - Sunshine Of Your Love', 'genre_index': 4, 'genre_count': 25, 'selected_genre_index': 2, 'song_index': 1, 'song_count': 6, 'songs_text': "> Cream - Sunshine Of Your Love\n  The Animals Don't Let Me Be Misunderstood\n  The Beatles - I Want To Hold Your Hand\n  The Kinks- You Really Got Me\n  The Rolling Stones - Start Me Up\n  The Yardbirds - For Your Love", 'has_audio': True, 'random_selected': False}
2026-04-20 16:04:45,764 : INFO : EventManager : Event: ======'machine_var_audits_switches_s_flipper_left'====== Args={'value': 524, 'prev_value': 523, 'change': 1}
2026-04-20 16:04:45,881 : INFO : SwitchController : <<<<<<< 's_flipper_left' inactive >>>>>>>
2026-04-20 16:04:45,980 : INFO : SwitchController : <<<<<<< 's_flipper_left' active >>>>>>>
2026-04-20 16:04:45,981 : INFO : EventManager : Event: ======'song_select_updated'====== Args={'stage': 'genre', 'genres': ['?', 'Alternative', 'Brit Invasion', 'Disco', 'Doo Wop', 'Folk', 'Folk Rock', 'Funk', 'Glitter:Glam', 'Grunge', 'Hard Rock', 'Heavy Metal', 'Hip Hop', 'New Wave', 'Pop Rock', 'Prog Rock', 'Psychedelic', 'Punk (70s)', 'Punk (80s)', 'R+B', 'Rap', 'Rock-a-Billy', 'Soul', 'Southern Rock'], 'genre': 'Alternative', 'song_title': 'Green Day - Basket Case', 'genre_index': 3, 'genre_count': 25, 'selected_genre_index': 1, 'song_index': 1, 'song_count': 7, 'songs_text': '> Green Day - Basket Case\n  Radiohead - Creep\n  Red Hot Chili Peppers - Give It Away\n  The Black Keys - Set You Free\n  The Strokes - Last Nite\n  The Walkmen - The Rat\n  The White Stripes - Fell In Love With a Girl', 'has_audio': True, 'random_selected': False}
2026-04-20 16:04:45,981 : INFO : EventManager : Event: ======'machine_var_audits_switches_s_flipper_left'====== Args={'value': 525, 'prev_value': 524, 'change': 1}
2026-04-20 16:04:46,077 : INFO : SwitchController : <<<<<<< 's_flipper_left' inactive >>>>>>>
2026-04-20 16:04:46,310 : INFO : SwitchController : <<<<<<< 's_flipper_left' active >>>>>>>
2026-04-20 16:04:46,310 : INFO : EventManager : Event: ======'song_select_updated'====== Args={'stage': 'genre', 'genres': ['?', 'Alternative', 'Brit Invasion', 'Disco', 'Doo Wop', 'Folk', 'Folk Rock', 'Funk', 'Glitter:Glam', 'Grunge', 'Hard Rock', 'Heavy Metal', 'Hip Hop', 'New Wave', 'Pop Rock', 'Prog Rock', 'Psychedelic', 'Punk (70s)', 'Punk (80s)', 'R+B', 'Rap', 'Rock-a-Billy', 'Soul', 'Southern Rock'], 'genre': '?', 'song_title': 'CAN - Vitamin C', 'genre_index': 2, 'genre_count': 25, 'selected_genre_index': 0, 'song_index': 1, 'song_count': 5, 'songs_text': '> CAN - Vitamin C\n  Captain Beefheart - Muffin Man\n  Captain Beefheart - Too Much Time\n  Frank Zappa - Willie the Pimp\n  Frank Zappa, Captain Beefheart, the Mothers - Her Eyes Are A Blue Million Miles', 'has_audio': True, 'random_selected': False}
2026-04-20 16:04:46,311 : INFO : EventManager : Event: ======'machine_var_audits_switches_s_flipper_left'====== Args={'value': 526, 'prev_value': 525, 'change': 1}
2026-04-20 16:04:46,427 : INFO : SwitchController : <<<<<<< 's_flipper_left' inactive >>>>>>>
2026-04-20 16:04:46,519 : INFO : EventManager : Event: ======'balldevice_bd_trough_ball_eject_failed'====== Args={'target': <ball_device.bd_plunger>, 'balls': 1, 'retry': True, 'num_attempts': 2}
2026-04-20 16:04:46,520 : INFO : ball_device.bd_trough : State: waiting_for_target_ready
2026-04-20 16:04:46,520 : INFO : EventManager : Event: ======'balldevice_bd_trough_ball_eject_attempt'====== Args={'balls': 1, 'target': <ball_device.bd_plunger>, 'source': <ball_device.bd_trough>, 'mechanical_eject': False, 'num_attempts': 2}
2026-04-20 16:04:46,521 : INFO : ball_device.bd_trough : State: ejecting
2026-04-20 16:04:46,521 : INFO : ball_device.bd_trough : Ejecting ball to <ball_device.bd_plunger>
2026-04-20 16:04:46,521 : INFO : EventManager : Event: ======'balldevice_bd_trough_ejecting_ball'====== Args={'balls': 1, 'target': <ball_device.bd_plunger>, 'source': <ball_device.bd_trough>, 'mechanical_eject': False, 'num_attempts': 2}
2026-04-20 16:04:46,521 : INFO : ball_device.bd_trough : Wait for ball to leave device
2026-04-20 16:04:46,521 : INFO : coil.c_trough_eject : Pulsing Driver for 10ms (1.0 pulse_power)
2026-04-20 16:04:46,814 : INFO : SwitchController : <<<<<<< 's_action_button' active >>>>>>>
2026-04-20 16:04:46,814 : INFO : EventManager : Event: ======'song_select_updated'====== Args={'stage': 'song', 'genres': ['?', 'Alternative', 'Brit Invasion', 'Disco', 'Doo Wop', 'Folk', 'Folk Rock', 'Funk', 'Glitter:Glam', 'Grunge', 'Hard Rock', 'Heavy Metal', 'Hip Hop', 'New Wave', 'Pop Rock', 'Prog Rock', 'Psychedelic', 'Punk (70s)', 'Punk (80s)', 'R+B', 'Rap', 'Rock-a-Billy', 'Soul', 'Southern Rock'], 'genre': '?', 'song_title': 'CAN - Vitamin C', 'genre_index': 1, 'genre_count': 24, 'selected_genre_index': 0, 'song_index': 1, 'song_count': 5, 'songs_text': '> CAN - Vitamin C\n  Captain Beefheart - Muffin Man\n  Captain Beefheart - Too Much Time\n  Frank Zappa - Willie the Pimp\n  Frank Zappa, Captain Beefheart, the Mothers - Her Eyes Are A Blue Million Miles', 'has_audio': True, 'random_selected': False}
2026-04-20 16:04:46,814 : INFO : EventManager : Event: ======'machine_var_audits_switches_s_action_button'====== Args={'value': 456, 'prev_value': 455, 'change': 1}
2026-04-20 16:04:46,927 : INFO : SwitchController : <<<<<<< 's_action_button' inactive >>>>>>>
2026-04-20 16:04:47,814 : INFO : SwitchController : <<<<<<< 's_flipper_right' active >>>>>>>
2026-04-20 16:04:47,815 : INFO : EventManager : Event: ======'song_select_updated'====== Args={'stage': 'song', 'genres': ['?', 'Alternative', 'Brit Invasion', 'Disco', 'Doo Wop', 'Folk', 'Folk Rock', 'Funk', 'Glitter:Glam', 'Grunge', 'Hard Rock', 'Heavy Metal', 'Hip Hop', 'New Wave', 'Pop Rock', 'Prog Rock', 'Psychedelic', 'Punk (70s)', 'Punk (80s)', 'R+B', 'Rap', 'Rock-a-Billy', 'Soul', 'Southern Rock'], 'genre': '?', 'song_title': 'Captain Beefheart - Muffin Man', 'genre_index': 1, 'genre_count': 24, 'selected_genre_index': 0, 'song_index': 2, 'song_count': 5, 'songs_text': '  CAN - Vitamin C\n> Captain Beefheart - Muffin Man\n  Captain Beefheart - Too Much Time\n  Frank Zappa - Willie the Pimp\n  Frank Zappa, Captain Beefheart, the Mothers - Her Eyes Are A Blue Million Miles', 'has_audio': True, 'random_selected': False}
2026-04-20 16:04:47,815 : INFO : EventManager : Event: ======'machine_var_audits_switches_s_flipper_right'====== Args={'value': 596, 'prev_value': 595, 'change': 1}
2026-04-20 16:04:47,960 : INFO : SwitchController : <<<<<<< 's_flipper_right' inactive >>>>>>>
2026-04-20 16:04:48,631 : INFO : SwitchController : <<<<<<< 's_action_button' active >>>>>>>
2026-04-20 16:04:48,631 : INFO : EventManager : Event: ======'player_selected_song_genre'====== Args={'value': '?', 'prev_value': 0, 'change': True, 'player_num': 1}
2026-04-20 16:04:48,632 : INFO : EventManager : Event: ======'player_selected_song_title'====== Args={'value': 'Captain Beefheart - Muffin Man', 'prev_value': 0, 'change': True, 'player_num': 1}
2026-04-20 16:04:48,632 : INFO : EventManager : Event: ======'player_selected_song_key'====== Args={'value': 'Captain Beefheart - Muffin Man', 'prev_value': 0, 'change': True, 'player_num': 1}
2026-04-20 16:04:48,632 : INFO : EventManager : Event: ======'player_selected_song_path'====== Args={'value': 'res://sounds/music/Genres/?/Captain Beefheart - Muffin Man.mp3', 'prev_value': 0, 'change': True, 'player_num': 1}
2026-04-20 16:04:48,632 : INFO : EventManager : Event: ======'player_selected_song_bus'====== Args={'value': 'music', 'prev_value': 0, 'change': True, 'player_num': 1}
2026-04-20 16:04:48,632 : INFO : EventManager : Event: ======'player_selected_song_start_at'====== Args={'value': 0.0, 'prev_value': 0, 'change': 0.0, 'player_num': 1}
2026-04-20 16:04:48,632 : INFO : EventManager : Event: ======'player_selected_song_resume_at'====== Args={'value': 0.0, 'prev_value': 0, 'change': 0.0, 'player_num': 1}
2026-04-20 16:04:48,632 : INFO : EventManager : Event: ======'song_select_confirmed'====== Args={'genre': '?', 'song_title': 'Captain Beefheart - Muffin Man', 'sound_key': 'Captain Beefheart - Muffin Man', 'audio_path': 'res://sounds/music/Genres/?/Captain Beefheart - Muffin Man.mp3', 'has_audio': True, 'song_bus': 'music', 'song_start_at': 0.0}
2026-04-20 16:04:48,633 : INFO : EventManager : Event: ======'machine_var_audits_switches_s_action_button'====== Args={'value': 457, 'prev_value': 456, 'change': 1}
2026-04-20 16:04:48,743 : INFO : SwitchController : <<<<<<< 's_action_button' inactive >>>>>>>
2026-04-20 16:04:48,884 : INFO : EventManager : Event: ======'song_select_complete'====== Args={}
2026-04-20 16:04:48,884 : INFO : EventManager : Event: ======'mode_song_select_will_stop'====== Args={}
2026-04-20 16:04:48,884 : INFO : EventManager : Event: ======'mode_song_select_stopping'====== Args={}
2026-04-20 16:04:48,884 : INFO : Mode.song_select : Stopped.
2026-04-20 16:04:48,885 : INFO : EventManager : Event: ======'modes_active_modes_changed'====== Args={}
2026-04-20 16:04:48,885 : INFO : EventManager : Event: ======'mode_song_select_stopped'====== Args={}
2026-04-20 16:04:48,885 : INFO : EventManager : Event: ======'clear'====== Args={'key': 'song_select'}
2026-04-20 16:04:48,926 : INFO : EventManager : Event: ======'slide_song_select_inactive'====== Args={'is_removing': True, '_from_bcp': True}
2026-04-20 16:04:48,927 : INFO : EventManager : Event: ======'slide_base_slide_active'====== Args={'_from_bcp': True}
2026-04-20 16:04:48,928 : INFO : EventManager : Event: ======'slide_song_select_removed'====== Args={'_from_bcp': True}
2026-04-20 16:04:56,522 : INFO : EventManager : Event: ======'balldevice_bd_trough_ball_eject_failed'====== Args={'target': <ball_device.bd_plunger>, 'balls': 1, 'retry': True, 'num_attempts': 3}
2026-04-20 16:04:56,522 : INFO : ball_device.bd_trough : State: waiting_for_target_ready
2026-04-20 16:04:56,523 : INFO : EventManager : Event: ======'balldevice_bd_trough_ball_eject_attempt'====== Args={'balls': 1, 'target': <ball_device.bd_plunger>, 'source': <ball_device.bd_trough>, 'mechanical_eject': False, 'num_attempts': 3}
2026-04-20 16:04:56,523 : INFO : ball_device.bd_trough : State: ejecting
2026-04-20 16:04:56,523 : INFO : ball_device.bd_trough : Ejecting ball to <ball_device.bd_plunger>
2026-04-20 16:04:56,523 : INFO : EventManager : Event: ======'balldevice_bd_trough_ejecting_ball'====== Args={'balls': 1, 'target': <ball_device.bd_plunger>, 'source': <ball_device.bd_trough>, 'mechanical_eject': False, 'num_attempts': 3}
2026-04-20 16:04:56,523 : INFO : ball_device.bd_trough : Wait for ball to leave device
2026-04-20 16:04:56,523 : INFO : coil.c_trough_eject : Pulsing Driver for 10ms (1.0 pulse_power)
2026-04-20 16:05:06,525 : INFO : EventManager : Event: ======'balldevice_bd_trough_ball_eject_failed'====== Args={'target': <ball_device.bd_plunger>, 'balls': 1, 'retry': True, 'num_attempts': 4}
2026-04-20 16:05:06,525 : INFO : ball_device.bd_trough : State: waiting_for_target_ready
2026-04-20 16:05:06,526 : INFO : EventManager : Event: ======'balldevice_bd_trough_ball_eject_attempt'====== Args={'balls': 1, 'target': <ball_device.bd_plunger>, 'source': <ball_device.bd_trough>, 'mechanical_eject': False, 'num_attempts': 4}
2026-04-20 16:05:06,526 : INFO : ball_device.bd_trough : State: ejecting
2026-04-20 16:05:06,526 : INFO : ball_device.bd_trough : Ejecting ball to <ball_device.bd_plunger>
2026-04-20 16:05:06,526 : INFO : EventManager : Event: ======'balldevice_bd_trough_ejecting_ball'====== Args={'balls': 1, 'target': <ball_device.bd_plunger>, 'source': <ball_device.bd_trough>, 'mechanical_eject': False, 'num_attempts': 4}
2026-04-20 16:05:06,527 : INFO : ball_device.bd_trough : Wait for ball to leave device
2026-04-20 16:05:06,527 : INFO : coil.c_trough_eject : Pulsing Driver for 10ms (1.0 pulse_power)
2026-04-20 16:05:16,527 : INFO : EventManager : Event: ======'balldevice_bd_trough_ball_eject_failed'====== Args={'target': <ball_device.bd_plunger>, 'balls': 1, 'retry': True, 'num_attempts': 5}
2026-04-20 16:05:16,528 : INFO : ball_device.bd_trough : State: waiting_for_target_ready
2026-04-20 16:05:16,528 : INFO : EventManager : Event: ======'balldevice_bd_trough_ball_eject_attempt'====== Args={'balls': 1, 'target': <ball_device.bd_plunger>, 'source': <ball_device.bd_trough>, 'mechanical_eject': False, 'num_attempts': 5}
2026-04-20 16:05:16,529 : INFO : ball_device.bd_trough : State: ejecting
2026-04-20 16:05:16,529 : INFO : ball_device.bd_trough : Ejecting ball to <ball_device.bd_plunger>
2026-04-20 16:05:16,529 : INFO : EventManager : Event: ======'balldevice_bd_trough_ejecting_ball'====== Args={'balls': 1, 'target': <ball_device.bd_plunger>, 'source': <ball_device.bd_trough>, 'mechanical_eject': False, 'num_attempts': 5}
2026-04-20 16:05:16,529 : INFO : ball_device.bd_trough : Wait for ball to leave device
2026-04-20 16:05:16,530 : INFO : coil.c_trough_eject : Pulsing Driver for 10ms (1.0 pulse_power)
2026-04-20 16:05:26,530 : INFO : EventManager : Event: ======'balldevice_bd_trough_ball_eject_failed'====== Args={'target': <ball_device.bd_plunger>, 'balls': 1, 'retry': True, 'num_attempts': 6}
2026-04-20 16:05:26,531 : INFO : ball_device.bd_trough : State: waiting_for_target_ready
2026-04-20 16:05:26,531 : INFO : EventManager : Event: ======'balldevice_bd_trough_ball_eject_attempt'====== Args={'balls': 1, 'target': <ball_device.bd_plunger>, 'source': <ball_device.bd_trough>, 'mechanical_eject': False, 'num_attempts': 6}
2026-04-20 16:05:26,531 : INFO : ball_device.bd_trough : State: ejecting
2026-04-20 16:05:26,531 : INFO : ball_device.bd_trough : Ejecting ball to <ball_device.bd_plunger>
2026-04-20 16:05:26,531 : INFO : EventManager : Event: ======'balldevice_bd_trough_ejecting_ball'====== Args={'balls': 1, 'target': <ball_device.bd_plunger>, 'source': <ball_device.bd_trough>, 'mechanical_eject': False, 'num_attempts': 6}
2026-04-20 16:05:26,532 : INFO : ball_device.bd_trough : Wait for ball to leave device
2026-04-20 16:05:26,532 : INFO : coil.c_trough_eject : Pulsing Driver for 10ms (1.0 pulse_power)
2026-04-20 16:05:32,994 : INFO : Machine : Shutting down...
2026-04-20 16:05:32,995 : INFO : EventManager : Event: ======'shutdown'====== Args={}
2026-04-20 16:05:32,995 : INFO : EventManager : Event: ======'mode_game_will_stop'====== Args={}
2026-04-20 16:05:32,995 : INFO : EventManager : Event: ======'mode_game_stopping'====== Args={}
2026-04-20 16:05:32,996 : INFO : EventManager : Event: ======'mode_base_will_stop'====== Args={}
2026-04-20 16:05:32,996 : INFO : EventManager : Event: ======'mode_base_stopping'====== Args={}
2026-04-20 16:05:32,996 : INFO : EventManager : Event: ======'mode_bumpers_will_stop'====== Args={}
2026-04-20 16:05:32,996 : INFO : EventManager : Event: ======'mode_bumpers_stopping'====== Args={}
2026-04-20 16:05:32,996 : INFO : EventManager : Event: ======'stop_mode_bumpers'====== Args={'priority': 0}
2026-04-20 16:05:32,996 : INFO : Mode.bumpers : Stopped.
2026-04-20 16:05:32,996 : INFO : EventManager : Event: ======'modes_active_modes_changed'====== Args={}
2026-04-20 16:05:32,996 : INFO : EventManager : Event: ======'mode_bumpers_stopped'====== Args={}
2026-04-20 16:05:32,996 : INFO : EventManager : Event: ======'clear'====== Args={'key': 'bumpers'}
2026-04-20 16:05:32,997 : INFO : Mode.base : Stopped.
2026-04-20 16:05:32,997 : INFO : EventManager : Event: ======'modes_active_modes_changed'====== Args={}
2026-04-20 16:05:32,997 : INFO : EventManager : Event: ======'mode_base_stopped'====== Args={}
2026-04-20 16:05:32,997 : INFO : EventManager : Event: ======'clear'====== Args={'key': 'base'}
2026-04-20 16:05:32,997 : INFO : Mode.game : Stopped.
2026-04-20 16:05:32,997 : INFO : EventManager : Event: ======'modes_active_modes_changed'====== Args={}
2026-04-20 16:05:32,997 : INFO : EventManager : Event: ======'mode_game_stopped'====== Args={}
2026-04-20 16:05:32,997 : INFO : EventManager : Event: ======'clear'====== Args={'key': 'game'}
2026-04-20 16:05:32,999 : INFO : root : MPF run loop ended.
